2023-02-25 01:18:31 - Exp configurations:
algo: COMFO7
alpha: 5.0
batch_size: 256
env_name: halfcheetah-medium-replay-v2
eval_episodes: 10
eval_freq: 5000
expectile: 0.7
gamma: 0.99
hidden_dims: !!python/tuple
- 256
- 256
initializer: orthogonal
log_dir: 20230224_alphaQ0.0001
lr: 0.0003
max_timesteps: 1000000
mle_alpha: 0.0
model_dir: saved_models
num_random: 10
seed: 1
tau: 0.005
temperature: 3.0

2023-02-25 01:21:14 - 
[#Step 10000] eval_reward: -1.028, eval_time: 5.571, time: 2.726
	critic_loss: 1.833, max_critic_loss: 46.953, min_critic_loss: 0.002
	actor_loss: -23.341, max_actor_loss: 6.352, min_actor_loss: -40.303
	value_loss: 0.117, max_value_loss: 4.414, min_value_loss: 0.000
	weight: 0.475, max_weight: 0.700, min_weight: 0.300
	v: 22.577, max_v: 39.240, min_v: -6.977
	q1: 23.099, max_q1: 39.717, min_q1: -7.035
	q2: 23.060, max_q2: 40.405, min_q2: -6.656
	target_q: 22.893, max_target_q: 40.104, min_target_q: -6.800
	avg_conservative_loss:  0.001, conservative_weight:  1.000
	avg_smooth_loss:  0.871

2023-02-25 01:22:16 - 
[#Step 20000] eval_reward: 1.466, eval_time: 5.615, time: 3.755
	critic_loss: 4.841, max_critic_loss: 206.000, min_critic_loss: 0.001
	actor_loss: -38.868, max_actor_loss: 5.924, min_actor_loss: -63.536
	value_loss: 0.222, max_value_loss: 6.016, min_value_loss: 0.000
	weight: 0.473, max_weight: 0.700, min_weight: 0.300
	v: 38.522, max_v: 63.401, min_v: -5.758
	q1: 38.638, max_q1: 64.169, min_q1: -5.586
	q2: 38.646, max_q2: 64.260, min_q2: -5.534
	target_q: 39.043, max_target_q: 66.340, min_target_q: -4.705
	avg_conservative_loss: -0.001, conservative_weight:  1.000
	avg_smooth_loss:  1.856

2023-02-25 01:23:18 - 
[#Step 30000] eval_reward: 16.452, eval_time: 5.603, time: 4.782
	critic_loss: 3.630, max_critic_loss: 103.529, min_critic_loss: 0.003
	actor_loss: -44.672, max_actor_loss: 15.091, min_actor_loss: -71.498
	value_loss: 0.262, max_value_loss: 3.334, min_value_loss: 0.000
	weight: 0.492, max_weight: 0.700, min_weight: 0.300
	v: 44.631, max_v: 71.507, min_v: -15.156
	q1: 44.609, max_q1: 72.367, min_q1: -15.141
	q2: 44.540, max_q2: 72.029, min_q2: -15.028
	target_q: 44.732, max_target_q: 72.332, min_target_q: -14.631
	avg_conservative_loss:  0.000, conservative_weight:  1.000
	avg_smooth_loss:  2.266

2023-02-25 01:24:20 - 
[#Step 40000] eval_reward: 24.529, eval_time: 5.906, time: 5.815
	critic_loss: 3.535, max_critic_loss: 150.389, min_critic_loss: 0.001
	actor_loss: -52.440, max_actor_loss: 13.767, min_actor_loss: -81.287
	value_loss: 0.350, max_value_loss: 5.215, min_value_loss: 0.000
	weight: 0.459, max_weight: 0.700, min_weight: 0.300
	v: 51.957, max_v: 80.701, min_v: -14.603
	q1: 52.302, max_q1: 81.549, min_q1: -14.149
	q2: 52.212, max_q2: 81.275, min_q2: -13.473
	target_q: 52.068, max_target_q: 81.062, min_target_q: -15.010
	avg_conservative_loss: -0.008, conservative_weight:  1.000
	avg_smooth_loss:  2.725

2023-02-25 01:25:21 - 
[#Step 50000] eval_reward: 37.111, eval_time: 5.588, time: 6.842
	critic_loss: 4.132, max_critic_loss: 109.483, min_critic_loss: 0.014
	actor_loss: -57.631, max_actor_loss: 8.304, min_actor_loss: -84.341
	value_loss: 0.381, max_value_loss: 11.979, min_value_loss: 0.000
	weight: 0.447, max_weight: 0.700, min_weight: 0.300
	v: 57.583, max_v: 84.677, min_v: -9.153
	q1: 57.436, max_q1: 85.040, min_q1: -8.456
	q2: 57.415, max_q2: 85.414, min_q2: -9.014
	target_q: 57.483, max_target_q: 84.660, min_target_q: -10.336
	avg_conservative_loss: -0.002, conservative_weight:  1.000
	avg_smooth_loss:  3.391

2023-02-25 01:26:23 - 
[#Step 60000] eval_reward: 44.719, eval_time: 5.548, time: 7.874
	critic_loss: 4.212, max_critic_loss: 141.592, min_critic_loss: 0.010
	actor_loss: -56.704, max_actor_loss: 12.501, min_actor_loss: -85.624
	value_loss: 0.393, max_value_loss: 13.892, min_value_loss: 0.000
	weight: 0.428, max_weight: 0.700, min_weight: 0.300
	v: 56.921, max_v: 86.253, min_v: -10.757
	q1: 56.481, max_q1: 86.789, min_q1: -12.135
	q2: 56.539, max_q2: 86.052, min_q2: -11.847
	target_q: 56.880, max_target_q: 86.543, min_target_q: -11.257
	avg_conservative_loss: -0.001, conservative_weight:  1.000
	avg_smooth_loss:  3.267

2023-02-25 01:27:25 - 
[#Step 70000] eval_reward: 48.726, eval_time: 5.551, time: 8.902
	critic_loss: 5.433, max_critic_loss: 156.440, min_critic_loss: 0.003
	actor_loss: -60.461, max_actor_loss: 14.291, min_actor_loss: -86.331
	value_loss: 0.671, max_value_loss: 25.453, min_value_loss: 0.000
	weight: 0.406, max_weight: 0.700, min_weight: 0.300
	v: 60.989, max_v: 87.920, min_v: -13.284
	q1: 60.093, max_q1: 86.173, min_q1: -14.386
	q2: 60.100, max_q2: 86.742, min_q2: -14.559
	target_q: 60.886, max_target_q: 89.034, min_target_q: -14.411
	avg_conservative_loss: -0.013, conservative_weight:  1.000
	avg_smooth_loss:  3.631

2023-02-25 01:28:27 - 
[#Step 80000] eval_reward: 49.432, eval_time: 5.497, time: 9.932
	critic_loss: 4.123, max_critic_loss: 86.461, min_critic_loss: 0.001
	actor_loss: -62.136, max_actor_loss: 12.609, min_actor_loss: -85.910
	value_loss: 0.457, max_value_loss: 8.353, min_value_loss: 0.000
	weight: 0.427, max_weight: 0.700, min_weight: 0.300
	v: 61.948, max_v: 86.485, min_v: -10.329
	q1: 61.850, max_q1: 87.020, min_q1: -10.674
	q2: 61.838, max_q2: 87.045, min_q2: -12.190
	target_q: 61.676, max_target_q: 86.320, min_target_q: -11.222
	avg_conservative_loss: -0.007, conservative_weight:  1.000
	avg_smooth_loss:  3.605

2023-02-25 01:29:28 - 
[#Step 90000] eval_reward: 50.224, eval_time: 5.564, time: 10.958
	critic_loss: 2.868, max_critic_loss: 74.165, min_critic_loss: 0.006
	actor_loss: -56.618, max_actor_loss: 12.582, min_actor_loss: -87.436
	value_loss: 0.587, max_value_loss: 47.789, min_value_loss: 0.000
	weight: 0.481, max_weight: 0.700, min_weight: 0.300
	v: 56.155, max_v: 87.960, min_v: -12.814
	q1: 56.197, max_q1: 87.653, min_q1: -12.605
	q2: 56.152, max_q2: 87.318, min_q2: -12.508
	target_q: 56.214, max_target_q: 87.680, min_target_q: -12.808
	avg_conservative_loss: -0.002, conservative_weight:  1.000
	avg_smooth_loss:  3.226

2023-02-25 01:30:30 - 
[#Step 100000] eval_reward: 51.202, eval_time: 5.515, time: 11.986
	critic_loss: 3.801, max_critic_loss: 61.658, min_critic_loss: 0.001
	actor_loss: -63.096, max_actor_loss: 11.926, min_actor_loss: -86.633
	value_loss: 0.511, max_value_loss: 31.696, min_value_loss: 0.000
	weight: 0.477, max_weight: 0.700, min_weight: 0.300
	v: 62.636, max_v: 86.688, min_v: -9.236
	q1: 62.736, max_q1: 87.176, min_q1: -11.148
	q2: 62.763, max_q2: 86.763, min_q2: -11.725
	target_q: 62.830, max_target_q: 87.392, min_target_q: -9.509
	avg_conservative_loss: -0.004, conservative_weight:  1.000
	avg_smooth_loss:  3.740

2023-02-25 01:31:32 - 
[#Step 110000] eval_reward: 48.764, eval_time: 5.522, time: 13.012
	critic_loss: 2.672, max_critic_loss: 49.086, min_critic_loss: 0.003
	actor_loss: -61.140, max_actor_loss: 9.124, min_actor_loss: -86.544
	value_loss: 0.364, max_value_loss: 4.491, min_value_loss: 0.000
	weight: 0.422, max_weight: 0.700, min_weight: 0.300
	v: 60.912, max_v: 87.525, min_v: -8.484
	q1: 60.765, max_q1: 87.161, min_q1: -8.709
	q2: 60.796, max_q2: 87.053, min_q2: -8.976
	target_q: 60.858, max_target_q: 86.545, min_target_q: -8.738
	avg_conservative_loss: -0.005, conservative_weight:  1.000
	avg_smooth_loss:  3.375

2023-02-25 01:32:33 - 
[#Step 120000] eval_reward: 49.303, eval_time: 5.499, time: 14.040
	critic_loss: 3.844, max_critic_loss: 390.248, min_critic_loss: 0.017
	actor_loss: -64.289, max_actor_loss: 9.576, min_actor_loss: -87.519
	value_loss: 0.433, max_value_loss: 11.584, min_value_loss: 0.000
	weight: 0.477, max_weight: 0.700, min_weight: 0.300
	v: 63.753, max_v: 87.941, min_v: -10.752
	q1: 64.058, max_q1: 88.983, min_q1: -10.799
	q2: 64.127, max_q2: 88.385, min_q2: -11.434
	target_q: 63.686, max_target_q: 87.742, min_target_q: -9.067
	avg_conservative_loss: -0.010, conservative_weight:  1.000
	avg_smooth_loss:  3.548

2023-02-25 01:33:35 - 
[#Step 130000] eval_reward: 54.432, eval_time: 5.453, time: 15.065
	critic_loss: 3.790, max_critic_loss: 115.664, min_critic_loss: 0.006
	actor_loss: -60.745, max_actor_loss: 6.635, min_actor_loss: -88.136
	value_loss: 0.742, max_value_loss: 38.116, min_value_loss: 0.000
	weight: 0.427, max_weight: 0.700, min_weight: 0.300
	v: 60.484, max_v: 88.421, min_v: -6.759
	q1: 60.275, max_q1: 87.504, min_q1: -8.318
	q2: 60.089, max_q2: 87.551, min_q2: -7.823
	target_q: 60.318, max_target_q: 88.136, min_target_q: -7.152
	avg_conservative_loss: -0.007, conservative_weight:  1.000
	avg_smooth_loss:  3.798

2023-02-25 01:34:36 - 
[#Step 140000] eval_reward: 52.019, eval_time: 5.535, time: 16.094
	critic_loss: 3.209, max_critic_loss: 74.302, min_critic_loss: 0.002
	actor_loss: -63.956, max_actor_loss: 6.255, min_actor_loss: -86.599
	value_loss: 0.448, max_value_loss: 11.510, min_value_loss: 0.000
	weight: 0.512, max_weight: 0.700, min_weight: 0.300
	v: 63.161, max_v: 87.325, min_v: -8.536
	q1: 63.578, max_q1: 87.761, min_q1: -7.602
	q2: 63.413, max_q2: 87.608, min_q2: -7.822
	target_q: 63.034, max_target_q: 87.175, min_target_q: -8.419
	avg_conservative_loss: -0.006, conservative_weight:  1.000
	avg_smooth_loss:  3.920

2023-02-25 01:35:38 - 
[#Step 150000] eval_reward: 52.448, eval_time: 5.481, time: 17.118
	critic_loss: 2.572, max_critic_loss: 70.440, min_critic_loss: 0.002
	actor_loss: -60.157, max_actor_loss: 6.946, min_actor_loss: -86.204
	value_loss: 0.442, max_value_loss: 9.761, min_value_loss: 0.000
	weight: 0.406, max_weight: 0.700, min_weight: 0.300
	v: 59.934, max_v: 87.234, min_v: -6.795
	q1: 59.650, max_q1: 87.491, min_q1: -8.722
	q2: 59.618, max_q2: 87.135, min_q2: -7.887
	target_q: 60.128, max_target_q: 87.506, min_target_q: -7.196
	avg_conservative_loss: -0.005, conservative_weight:  1.000
	avg_smooth_loss:  3.878

2023-02-25 01:36:40 - 
[#Step 160000] eval_reward: 53.193, eval_time: 5.493, time: 18.145
	critic_loss: 2.552, max_critic_loss: 43.009, min_critic_loss: 0.001
	actor_loss: -61.988, max_actor_loss: 4.521, min_actor_loss: -87.387
	value_loss: 0.441, max_value_loss: 11.281, min_value_loss: 0.000
	weight: 0.431, max_weight: 0.700, min_weight: 0.300
	v: 61.778, max_v: 88.414, min_v: -4.515
	q1: 61.528, max_q1: 88.218, min_q1: -4.793
	q2: 61.695, max_q2: 89.263, min_q2: -4.780
	target_q: 61.798, max_target_q: 89.213, min_target_q: -5.459
	avg_conservative_loss: -0.010, conservative_weight:  1.000
	avg_smooth_loss:  3.753

2023-02-25 01:37:41 - 
[#Step 170000] eval_reward: 52.807, eval_time: 5.495, time: 19.173
	critic_loss: 2.732, max_critic_loss: 32.003, min_critic_loss: 0.007
	actor_loss: -64.441, max_actor_loss: 5.928, min_actor_loss: -87.147
	value_loss: 0.733, max_value_loss: 50.135, min_value_loss: 0.000
	weight: 0.508, max_weight: 0.700, min_weight: 0.300
	v: 63.920, max_v: 87.178, min_v: -8.703
	q1: 63.839, max_q1: 87.263, min_q1: -8.785
	q2: 63.750, max_q2: 86.909, min_q2: -8.028
	target_q: 64.021, max_target_q: 88.071, min_target_q: -9.504
	avg_conservative_loss:  0.002, conservative_weight:  1.000
	avg_smooth_loss:  3.799

2023-02-25 01:38:43 - 
[#Step 180000] eval_reward: 55.558, eval_time: 5.492, time: 20.198
	critic_loss: 2.307, max_critic_loss: 35.378, min_critic_loss: 0.000
	actor_loss: -60.724, max_actor_loss: 5.865, min_actor_loss: -86.326
	value_loss: 0.445, max_value_loss: 8.257, min_value_loss: 0.000
	weight: 0.441, max_weight: 0.700, min_weight: 0.300
	v: 60.274, max_v: 86.775, min_v: -6.855
	q1: 60.150, max_q1: 87.012, min_q1: -7.942
	q2: 60.136, max_q2: 86.945, min_q2: -7.743
	target_q: 60.223, max_target_q: 86.657, min_target_q: -8.549
	avg_conservative_loss: -0.006, conservative_weight:  1.000
	avg_smooth_loss:  3.522

2023-02-25 01:39:44 - 
[#Step 190000] eval_reward: 52.888, eval_time: 5.588, time: 21.225
	critic_loss: 1.719, max_critic_loss: 19.615, min_critic_loss: 0.008
	actor_loss: -65.451, max_actor_loss: 6.315, min_actor_loss: -86.887
	value_loss: 0.300, max_value_loss: 3.077, min_value_loss: 0.000
	weight: 0.434, max_weight: 0.700, min_weight: 0.300
	v: 65.125, max_v: 87.859, min_v: -7.862
	q1: 65.208, max_q1: 87.443, min_q1: -8.546
	q2: 65.127, max_q2: 87.298, min_q2: -6.850
	target_q: 65.156, max_target_q: 87.597, min_target_q: -7.721
	avg_conservative_loss: -0.009, conservative_weight:  1.000
	avg_smooth_loss:  3.663

2023-02-25 01:40:46 - 
[#Step 200000] eval_reward: 53.422, eval_time: 5.491, time: 22.254
	critic_loss: 2.123, max_critic_loss: 55.009, min_critic_loss: 0.000
	actor_loss: -58.273, max_actor_loss: 7.226, min_actor_loss: -87.659
	value_loss: 0.380, max_value_loss: 6.441, min_value_loss: 0.000
	weight: 0.414, max_weight: 0.700, min_weight: 0.300
	v: 57.858, max_v: 87.687, min_v: -6.393
	q1: 57.709, max_q1: 87.979, min_q1: -6.455
	q2: 57.637, max_q2: 88.415, min_q2: -7.023
	target_q: 57.761, max_target_q: 88.455, min_target_q: -6.576
	avg_conservative_loss: -0.009, conservative_weight:  1.000
	avg_smooth_loss:  3.789

2023-02-25 01:41:48 - 
[#Step 210000] eval_reward: 52.313, eval_time: 5.477, time: 23.282
	critic_loss: 3.796, max_critic_loss: 106.661, min_critic_loss: 0.001
	actor_loss: -62.482, max_actor_loss: 4.274, min_actor_loss: -86.550
	value_loss: 0.612, max_value_loss: 11.264, min_value_loss: 0.000
	weight: 0.533, max_weight: 0.700, min_weight: 0.300
	v: 61.524, max_v: 85.371, min_v: -6.271
	q1: 62.067, max_q1: 85.659, min_q1: -7.464
	q2: 62.095, max_q2: 86.053, min_q2: -5.373
	target_q: 61.854, max_target_q: 86.146, min_target_q: -6.820
	avg_conservative_loss: -0.008, conservative_weight:  1.000
	avg_smooth_loss:  3.693

2023-02-25 01:42:49 - 
[#Step 220000] eval_reward: 51.516, eval_time: 5.531, time: 24.308
	critic_loss: 2.229, max_critic_loss: 53.708, min_critic_loss: 0.005
	actor_loss: -64.288, max_actor_loss: 3.057, min_actor_loss: -86.596
	value_loss: 0.391, max_value_loss: 6.457, min_value_loss: 0.000
	weight: 0.495, max_weight: 0.700, min_weight: 0.300
	v: 63.433, max_v: 86.591, min_v: -6.284
	q1: 63.814, max_q1: 87.456, min_q1: -5.588
	q2: 63.770, max_q2: 87.054, min_q2: -5.515
	target_q: 63.432, max_target_q: 87.084, min_target_q: -5.998
	avg_conservative_loss: -0.018, conservative_weight:  1.000
	avg_smooth_loss:  3.457

2023-02-25 01:43:51 - 
[#Step 230000] eval_reward: 52.943, eval_time: 5.530, time: 25.335
	critic_loss: 3.958, max_critic_loss: 218.438, min_critic_loss: 0.005
	actor_loss: -62.182, max_actor_loss: 5.666, min_actor_loss: -88.001
	value_loss: 0.776, max_value_loss: 28.459, min_value_loss: 0.000
	weight: 0.434, max_weight: 0.700, min_weight: 0.300
	v: 61.388, max_v: 86.554, min_v: -7.780
	q1: 61.533, max_q1: 88.402, min_q1: -6.739
	q2: 61.427, max_q2: 88.564, min_q2: -8.486
	target_q: 61.270, max_target_q: 88.119, min_target_q: -7.441
	avg_conservative_loss: -0.006, conservative_weight:  1.000
	avg_smooth_loss:  3.947

2023-02-25 01:44:53 - 
[#Step 240000] eval_reward: 52.833, eval_time: 5.897, time: 26.371
	critic_loss: 3.510, max_critic_loss: 132.761, min_critic_loss: 0.000
	actor_loss: -61.179, max_actor_loss: 6.150, min_actor_loss: -86.980
	value_loss: 0.665, max_value_loss: 24.005, min_value_loss: 0.000
	weight: 0.494, max_weight: 0.700, min_weight: 0.300
	v: 60.099, max_v: 87.149, min_v: -10.225
	q1: 60.346, max_q1: 87.748, min_q1: -9.595
	q2: 60.353, max_q2: 87.383, min_q2: -8.170
	target_q: 60.021, max_target_q: 87.348, min_target_q: -7.481
	avg_conservative_loss: -0.015, conservative_weight:  1.000
	avg_smooth_loss:  4.031

2023-02-25 01:45:55 - 
[#Step 250000] eval_reward: 52.567, eval_time: 5.957, time: 27.406
	critic_loss: 2.941, max_critic_loss: 57.066, min_critic_loss: 0.001
	actor_loss: -62.775, max_actor_loss: 3.356, min_actor_loss: -86.962
	value_loss: 0.428, max_value_loss: 20.255, min_value_loss: 0.000
	weight: 0.483, max_weight: 0.700, min_weight: 0.300
	v: 62.072, max_v: 86.217, min_v: -4.702
	q1: 62.010, max_q1: 86.957, min_q1: -4.817
	q2: 62.082, max_q2: 86.530, min_q2: -4.916
	target_q: 62.110, max_target_q: 86.843, min_target_q: -4.944
	avg_conservative_loss: -0.019, conservative_weight:  1.000
	avg_smooth_loss:  3.678

2023-02-25 01:46:57 - 
[#Step 260000] eval_reward: 52.088, eval_time: 5.865, time: 28.433
	critic_loss: 2.250, max_critic_loss: 29.957, min_critic_loss: 0.000
	actor_loss: -62.441, max_actor_loss: 7.018, min_actor_loss: -85.144
	value_loss: 0.547, max_value_loss: 23.315, min_value_loss: 0.000
	weight: 0.462, max_weight: 0.700, min_weight: 0.300
	v: 62.062, max_v: 85.256, min_v: -8.810
	q1: 61.916, max_q1: 85.116, min_q1: -6.857
	q2: 61.865, max_q2: 85.791, min_q2: -6.560
	target_q: 61.956, max_target_q: 85.957, min_target_q: -9.635
	avg_conservative_loss: -0.009, conservative_weight:  1.000
	avg_smooth_loss:  3.951

2023-02-25 01:47:59 - 
[#Step 270000] eval_reward: 53.173, eval_time: 5.858, time: 29.462
	critic_loss: 2.783, max_critic_loss: 38.887, min_critic_loss: 0.004
	actor_loss: -61.732, max_actor_loss: 4.714, min_actor_loss: -87.333
	value_loss: 0.505, max_value_loss: 20.858, min_value_loss: 0.000
	weight: 0.414, max_weight: 0.700, min_weight: 0.300
	v: 61.626, max_v: 88.118, min_v: -6.931
	q1: 61.165, max_q1: 86.876, min_q1: -7.165
	q2: 61.340, max_q2: 87.829, min_q2: -6.483
	target_q: 61.646, max_target_q: 87.902, min_target_q: -6.981
	avg_conservative_loss:  0.000, conservative_weight:  1.000
	avg_smooth_loss:  3.432

2023-02-25 01:49:00 - 
[#Step 280000] eval_reward: 52.318, eval_time: 5.784, time: 30.493
	critic_loss: 2.329, max_critic_loss: 63.154, min_critic_loss: 0.004
	actor_loss: -63.555, max_actor_loss: 5.411, min_actor_loss: -85.066
	value_loss: 0.449, max_value_loss: 24.936, min_value_loss: 0.000
	weight: 0.420, max_weight: 0.700, min_weight: 0.300
	v: 63.181, max_v: 85.002, min_v: -6.051
	q1: 62.867, max_q1: 84.903, min_q1: -6.176
	q2: 62.906, max_q2: 84.819, min_q2: -5.743
	target_q: 62.934, max_target_q: 84.954, min_target_q: -7.273
	avg_conservative_loss: -0.018, conservative_weight:  1.000
	avg_smooth_loss:  3.862

2023-02-25 01:50:01 - 
[#Step 290000] eval_reward: 53.629, eval_time: 5.989, time: 31.510
	critic_loss: 2.841, max_critic_loss: 28.253, min_critic_loss: 0.004
	actor_loss: -60.995, max_actor_loss: 5.785, min_actor_loss: -87.291
	value_loss: 0.561, max_value_loss: 25.133, min_value_loss: 0.000
	weight: 0.453, max_weight: 0.700, min_weight: 0.300
	v: 60.278, max_v: 86.437, min_v: -6.218
	q1: 60.430, max_q1: 86.258, min_q1: -7.140
	q2: 60.359, max_q2: 87.410, min_q2: -7.025
	target_q: 60.290, max_target_q: 86.182, min_target_q: -6.051
	avg_conservative_loss: -0.012, conservative_weight:  1.000
	avg_smooth_loss:  3.765

2023-02-25 01:51:01 - 
[#Step 300000] eval_reward: 53.646, eval_time: 5.491, time: 32.509
	critic_loss: 2.567, max_critic_loss: 43.097, min_critic_loss: 0.005
	actor_loss: -60.562, max_actor_loss: 5.378, min_actor_loss: -85.513
	value_loss: 0.464, max_value_loss: 15.155, min_value_loss: 0.000
	weight: 0.447, max_weight: 0.700, min_weight: 0.300
	v: 60.464, max_v: 86.728, min_v: -13.873
	q1: 60.072, max_q1: 85.926, min_q1: -13.994
	q2: 60.061, max_q2: 85.759, min_q2: -14.591
	target_q: 60.558, max_target_q: 85.772, min_target_q: -11.175
	avg_conservative_loss: -0.013, conservative_weight:  1.000
	avg_smooth_loss:  3.605

2023-02-25 01:52:03 - 
[#Step 310000] eval_reward: 53.760, eval_time: 5.720, time: 33.536
	critic_loss: 2.321, max_critic_loss: 25.290, min_critic_loss: 0.006
	actor_loss: -61.820, max_actor_loss: 3.309, min_actor_loss: -85.133
	value_loss: 0.606, max_value_loss: 18.629, min_value_loss: 0.000
	weight: 0.494, max_weight: 0.700, min_weight: 0.300
	v: 60.898, max_v: 84.429, min_v: -7.286
	q1: 61.330, max_q1: 85.645, min_q1: -4.860
	q2: 61.101, max_q2: 85.128, min_q2: -4.628
	target_q: 61.040, max_target_q: 84.993, min_target_q: -7.115
	avg_conservative_loss: -0.007, conservative_weight:  1.000
	avg_smooth_loss:  3.865

2023-02-25 01:53:05 - 
[#Step 320000] eval_reward: 53.202, eval_time: 5.512, time: 34.562
	critic_loss: 2.338, max_critic_loss: 52.186, min_critic_loss: 0.001
	actor_loss: -61.218, max_actor_loss: 4.010, min_actor_loss: -86.745
	value_loss: 0.435, max_value_loss: 7.839, min_value_loss: 0.000
	weight: 0.452, max_weight: 0.700, min_weight: 0.300
	v: 60.572, max_v: 87.069, min_v: -5.299
	q1: 60.670, max_q1: 87.828, min_q1: -6.477
	q2: 60.609, max_q2: 87.230, min_q2: -6.234
	target_q: 60.492, max_target_q: 87.584, min_target_q: -7.246
	avg_conservative_loss: -0.012, conservative_weight:  1.000
	avg_smooth_loss:  4.004

2023-02-25 01:54:06 - 
[#Step 330000] eval_reward: 53.545, eval_time: 5.548, time: 35.590
	critic_loss: 2.514, max_critic_loss: 31.619, min_critic_loss: 0.001
	actor_loss: -60.743, max_actor_loss: 5.134, min_actor_loss: -86.496
	value_loss: 0.870, max_value_loss: 61.668, min_value_loss: 0.000
	weight: 0.520, max_weight: 0.700, min_weight: 0.300
	v: 60.162, max_v: 87.409, min_v: -6.571
	q1: 60.181, max_q1: 87.098, min_q1: -4.988
	q2: 60.233, max_q2: 86.810, min_q2: -4.646
	target_q: 60.065, max_target_q: 86.308, min_target_q: -6.721
	avg_conservative_loss: -0.006, conservative_weight:  1.000
	avg_smooth_loss:  4.174

2023-02-25 01:55:08 - 
[#Step 340000] eval_reward: 54.490, eval_time: 5.575, time: 36.612
	critic_loss: 1.905, max_critic_loss: 25.843, min_critic_loss: 0.002
	actor_loss: -58.995, max_actor_loss: 4.735, min_actor_loss: -85.922
	value_loss: 0.474, max_value_loss: 12.761, min_value_loss: 0.000
	weight: 0.442, max_weight: 0.700, min_weight: 0.300
	v: 58.408, max_v: 85.220, min_v: -5.304
	q1: 58.501, max_q1: 86.755, min_q1: -5.495
	q2: 58.503, max_q2: 87.011, min_q2: -5.344
	target_q: 58.320, max_target_q: 86.474, min_target_q: -5.496
	avg_conservative_loss: -0.002, conservative_weight:  1.000
	avg_smooth_loss:  3.389

2023-02-25 01:56:09 - 
[#Step 350000] eval_reward: 52.099, eval_time: 5.502, time: 37.642
	critic_loss: 2.703, max_critic_loss: 77.956, min_critic_loss: 0.007
	actor_loss: -60.106, max_actor_loss: 3.632, min_actor_loss: -85.873
	value_loss: 0.473, max_value_loss: 15.540, min_value_loss: 0.000
	weight: 0.433, max_weight: 0.700, min_weight: 0.300
	v: 59.322, max_v: 85.345, min_v: -4.332
	q1: 59.435, max_q1: 85.204, min_q1: -4.235
	q2: 59.443, max_q2: 85.590, min_q2: -5.102
	target_q: 59.033, max_target_q: 85.045, min_target_q: -5.005
	avg_conservative_loss: -0.006, conservative_weight:  1.000
	avg_smooth_loss:  4.018

2023-02-25 01:57:11 - 
[#Step 360000] eval_reward: 54.696, eval_time: 5.507, time: 38.670
	critic_loss: 3.844, max_critic_loss: 110.383, min_critic_loss: 0.007
	actor_loss: -60.336, max_actor_loss: 4.893, min_actor_loss: -84.095
	value_loss: 0.641, max_value_loss: 29.175, min_value_loss: 0.000
	weight: 0.444, max_weight: 0.700, min_weight: 0.300
	v: 60.284, max_v: 85.180, min_v: -6.197
	q1: 59.787, max_q1: 85.328, min_q1: -6.134
	q2: 59.605, max_q2: 85.011, min_q2: -5.455
	target_q: 60.382, max_target_q: 85.462, min_target_q: -5.098
	avg_conservative_loss: -0.005, conservative_weight:  1.000
	avg_smooth_loss:  4.220

2023-02-25 01:58:13 - 
[#Step 370000] eval_reward: 54.080, eval_time: 5.515, time: 39.699
	critic_loss: 3.252, max_critic_loss: 74.467, min_critic_loss: 0.001
	actor_loss: -63.525, max_actor_loss: 3.137, min_actor_loss: -85.012
	value_loss: 0.708, max_value_loss: 34.430, min_value_loss: 0.000
	weight: 0.472, max_weight: 0.700, min_weight: 0.300
	v: 63.009, max_v: 85.096, min_v: -5.568
	q1: 63.077, max_q1: 85.070, min_q1: -5.082
	q2: 62.971, max_q2: 85.020, min_q2: -6.902
	target_q: 62.706, max_target_q: 85.434, min_target_q: -6.032
	avg_conservative_loss: -0.010, conservative_weight:  1.000
	avg_smooth_loss:  4.514

2023-02-25 01:59:14 - 
[#Step 380000] eval_reward: 52.994, eval_time: 5.490, time: 40.723
	critic_loss: 2.684, max_critic_loss: 72.078, min_critic_loss: 0.000
	actor_loss: -61.861, max_actor_loss: 4.615, min_actor_loss: -85.899
	value_loss: 0.510, max_value_loss: 10.378, min_value_loss: 0.000
	weight: 0.481, max_weight: 0.700, min_weight: 0.300
	v: 61.314, max_v: 86.137, min_v: -6.155
	q1: 61.535, max_q1: 85.890, min_q1: -6.082
	q2: 61.418, max_q2: 86.385, min_q2: -5.349
	target_q: 61.044, max_target_q: 86.436, min_target_q: -7.287
	avg_conservative_loss: -0.013, conservative_weight:  1.000
	avg_smooth_loss:  3.976

2023-02-25 02:00:16 - 
[#Step 390000] eval_reward: 54.221, eval_time: 5.401, time: 41.750
	critic_loss: 2.712, max_critic_loss: 32.135, min_critic_loss: 0.003
	actor_loss: -61.114, max_actor_loss: 5.101, min_actor_loss: -84.745
	value_loss: 0.399, max_value_loss: 7.520, min_value_loss: 0.000
	weight: 0.444, max_weight: 0.700, min_weight: 0.300
	v: 60.938, max_v: 85.147, min_v: -6.176
	q1: 60.679, max_q1: 85.756, min_q1: -4.777
	q2: 60.656, max_q2: 84.446, min_q2: -5.408
	target_q: 60.860, max_target_q: 84.818, min_target_q: -4.925
	avg_conservative_loss: -0.012, conservative_weight:  1.000
	avg_smooth_loss:  3.731

2023-02-25 02:01:18 - 
[#Step 400000] eval_reward: 53.916, eval_time: 5.691, time: 42.780
	critic_loss: 3.196, max_critic_loss: 55.511, min_critic_loss: 0.021
	actor_loss: -62.847, max_actor_loss: 4.309, min_actor_loss: -86.281
	value_loss: 0.694, max_value_loss: 47.955, min_value_loss: 0.000
	weight: 0.455, max_weight: 0.700, min_weight: 0.300
	v: 62.654, max_v: 87.153, min_v: -6.159
	q1: 62.243, max_q1: 86.716, min_q1: -7.857
	q2: 62.385, max_q2: 86.671, min_q2: -6.176
	target_q: 62.778, max_target_q: 87.216, min_target_q: -5.567
	avg_conservative_loss: -0.007, conservative_weight:  1.000
	avg_smooth_loss:  4.293

2023-02-25 02:02:20 - 
[#Step 410000] eval_reward: 53.642, eval_time: 5.945, time: 43.814
	critic_loss: 2.102, max_critic_loss: 41.277, min_critic_loss: 0.002
	actor_loss: -59.534, max_actor_loss: 3.741, min_actor_loss: -85.930
	value_loss: 0.341, max_value_loss: 5.146, min_value_loss: 0.000
	weight: 0.505, max_weight: 0.700, min_weight: 0.300
	v: 59.055, max_v: 85.338, min_v: -3.705
	q1: 58.947, max_q1: 86.245, min_q1: -4.605
	q2: 58.973, max_q2: 86.279, min_q2: -4.264
	target_q: 59.154, max_target_q: 86.754, min_target_q: -3.930
	avg_conservative_loss: -0.013, conservative_weight:  1.000
	avg_smooth_loss:  3.786

2023-02-25 02:03:21 - 
[#Step 420000] eval_reward: 53.160, eval_time: 5.457, time: 44.838
	critic_loss: 2.477, max_critic_loss: 44.035, min_critic_loss: 0.006
	actor_loss: -59.977, max_actor_loss: 5.920, min_actor_loss: -85.444
	value_loss: 0.722, max_value_loss: 40.016, min_value_loss: 0.000
	weight: 0.436, max_weight: 0.700, min_weight: 0.300
	v: 59.668, max_v: 86.099, min_v: -6.606
	q1: 59.262, max_q1: 85.987, min_q1: -5.379
	q2: 59.327, max_q2: 85.740, min_q2: -6.722
	target_q: 59.550, max_target_q: 85.622, min_target_q: -5.780
	avg_conservative_loss: -0.001, conservative_weight:  1.000
	avg_smooth_loss:  4.273

2023-02-25 02:04:23 - 
[#Step 430000] eval_reward: 53.834, eval_time: 5.446, time: 45.864
	critic_loss: 3.248, max_critic_loss: 73.029, min_critic_loss: 0.000
	actor_loss: -61.825, max_actor_loss: 1.819, min_actor_loss: -85.523
	value_loss: 0.643, max_value_loss: 22.283, min_value_loss: 0.000
	weight: 0.444, max_weight: 0.700, min_weight: 0.300
	v: 61.131, max_v: 85.369, min_v: -5.820
	q1: 61.125, max_q1: 86.077, min_q1: -4.321
	q2: 61.169, max_q2: 85.667, min_q2: -4.193
	target_q: 60.913, max_target_q: 86.273, min_target_q: -5.567
	avg_conservative_loss: -0.014, conservative_weight:  1.000
	avg_smooth_loss:  4.493

2023-02-25 02:05:24 - 
[#Step 440000] eval_reward: 54.003, eval_time: 5.525, time: 46.891
	critic_loss: 2.326, max_critic_loss: 55.289, min_critic_loss: 0.002
	actor_loss: -62.269, max_actor_loss: 5.968, min_actor_loss: -86.629
	value_loss: 0.424, max_value_loss: 8.229, min_value_loss: 0.000
	weight: 0.458, max_weight: 0.700, min_weight: 0.300
	v: 61.679, max_v: 86.603, min_v: -6.038
	q1: 61.628, max_q1: 86.454, min_q1: -7.618
	q2: 61.660, max_q2: 86.726, min_q2: -6.116
	target_q: 61.584, max_target_q: 87.799, min_target_q: -7.257
	avg_conservative_loss: -0.002, conservative_weight:  1.000
	avg_smooth_loss:  3.940

2023-02-25 02:06:26 - 
[#Step 450000] eval_reward: 52.624, eval_time: 5.614, time: 47.918
	critic_loss: 4.154, max_critic_loss: 188.891, min_critic_loss: 0.002
	actor_loss: -62.744, max_actor_loss: -1.220, min_actor_loss: -84.833
	value_loss: 0.617, max_value_loss: 26.856, min_value_loss: 0.000
	weight: 0.467, max_weight: 0.700, min_weight: 0.300
	v: 62.132, max_v: 85.294, min_v: 2.146
	q1: 62.004, max_q1: 84.530, min_q1: 1.675
	q2: 61.934, max_q2: 84.869, min_q2: 1.432
	target_q: 62.059, max_target_q: 86.252, min_target_q: 1.179
	avg_conservative_loss: -0.010, conservative_weight:  1.000
	avg_smooth_loss:  4.960

2023-02-25 02:07:28 - 
[#Step 460000] eval_reward: 54.119, eval_time: 5.530, time: 48.947
	critic_loss: 3.016, max_critic_loss: 71.175, min_critic_loss: 0.010
	actor_loss: -63.231, max_actor_loss: 2.761, min_actor_loss: -87.209
	value_loss: 0.683, max_value_loss: 29.758, min_value_loss: 0.000
	weight: 0.470, max_weight: 0.700, min_weight: 0.300
	v: 62.460, max_v: 86.695, min_v: -6.009
	q1: 62.622, max_q1: 87.593, min_q1: -7.418
	q2: 62.482, max_q2: 86.668, min_q2: -6.535
	target_q: 62.191, max_target_q: 87.428, min_target_q: -10.268
	avg_conservative_loss: -0.004, conservative_weight:  1.000
	avg_smooth_loss:  3.983

2023-02-25 02:08:30 - 
[#Step 470000] eval_reward: 54.100, eval_time: 5.926, time: 49.983
	critic_loss: 2.683, max_critic_loss: 49.574, min_critic_loss: 0.001
	actor_loss: -58.529, max_actor_loss: 4.245, min_actor_loss: -86.225
	value_loss: 0.593, max_value_loss: 12.396, min_value_loss: 0.000
	weight: 0.477, max_weight: 0.700, min_weight: 0.300
	v: 57.527, max_v: 85.584, min_v: -5.200
	q1: 57.549, max_q1: 86.258, min_q1: -4.556
	q2: 57.636, max_q2: 86.961, min_q2: -3.965
	target_q: 57.616, max_target_q: 86.379, min_target_q: -5.267
	avg_conservative_loss: -0.010, conservative_weight:  1.000
	avg_smooth_loss:  4.096

2023-02-25 02:09:32 - 
[#Step 480000] eval_reward: 53.953, eval_time: 5.964, time: 51.017
	critic_loss: 2.256, max_critic_loss: 37.240, min_critic_loss: 0.002
	actor_loss: -63.005, max_actor_loss: 4.539, min_actor_loss: -87.506
	value_loss: 0.435, max_value_loss: 13.500, min_value_loss: 0.000
	weight: 0.486, max_weight: 0.700, min_weight: 0.300
	v: 62.259, max_v: 88.081, min_v: -5.653
	q1: 62.362, max_q1: 87.332, min_q1: -6.193
	q2: 62.483, max_q2: 86.081, min_q2: -6.219
	target_q: 62.521, max_target_q: 85.870, min_target_q: -4.070
	avg_conservative_loss: -0.022, conservative_weight:  1.000
	avg_smooth_loss:  4.100

2023-02-25 02:10:34 - 
[#Step 490000] eval_reward: 54.416, eval_time: 6.143, time: 52.049
	critic_loss: 2.505, max_critic_loss: 62.365, min_critic_loss: 0.000
	actor_loss: -62.358, max_actor_loss: 5.007, min_actor_loss: -86.503
	value_loss: 0.424, max_value_loss: 9.056, min_value_loss: 0.000
	weight: 0.483, max_weight: 0.700, min_weight: 0.300
	v: 61.449, max_v: 86.587, min_v: -6.643
	q1: 61.757, max_q1: 86.767, min_q1: -7.761
	q2: 61.653, max_q2: 86.054, min_q2: -7.282
	target_q: 61.425, max_target_q: 86.918, min_target_q: -13.101
	avg_conservative_loss: -0.003, conservative_weight:  1.000
	avg_smooth_loss:  4.291

2023-02-25 02:11:35 - 
[#Step 500000] eval_reward: 54.041, eval_time: 5.669, time: 53.074
	critic_loss: 2.662, max_critic_loss: 39.184, min_critic_loss: 0.018
	actor_loss: -60.206, max_actor_loss: 4.510, min_actor_loss: -85.481
	value_loss: 0.714, max_value_loss: 34.174, min_value_loss: 0.000
	weight: 0.498, max_weight: 0.700, min_weight: 0.300
	v: 59.382, max_v: 87.514, min_v: -2.505
	q1: 59.470, max_q1: 86.774, min_q1: -5.512
	q2: 59.521, max_q2: 86.275, min_q2: -4.958
	target_q: 59.422, max_target_q: 86.624, min_target_q: -2.539
	avg_conservative_loss: -0.011, conservative_weight:  1.000
	avg_smooth_loss:  3.947

2023-02-25 02:12:37 - 
[#Step 510000] eval_reward: 55.117, eval_time: 5.706, time: 54.104
	critic_loss: 2.792, max_critic_loss: 121.739, min_critic_loss: 0.005
	actor_loss: -64.888, max_actor_loss: 4.676, min_actor_loss: -85.754
	value_loss: 0.766, max_value_loss: 48.840, min_value_loss: 0.000
	weight: 0.412, max_weight: 0.700, min_weight: 0.300
	v: 64.509, max_v: 86.588, min_v: -3.595
	q1: 64.200, max_q1: 85.866, min_q1: -4.932
	q2: 64.207, max_q2: 85.605, min_q2: -4.445
	target_q: 64.199, max_target_q: 86.767, min_target_q: -3.869
	avg_conservative_loss: -0.009, conservative_weight:  1.000
	avg_smooth_loss:  4.397

2023-02-25 02:13:39 - 
[#Step 520000] eval_reward: 53.630, eval_time: 5.783, time: 55.136
	critic_loss: 3.066, max_critic_loss: 91.111, min_critic_loss: 0.002
	actor_loss: -61.840, max_actor_loss: 3.482, min_actor_loss: -86.486
	value_loss: 1.055, max_value_loss: 119.825, min_value_loss: 0.000
	weight: 0.433, max_weight: 0.700, min_weight: 0.300
	v: 61.260, max_v: 87.828, min_v: -2.786
	q1: 60.937, max_q1: 87.253, min_q1: -3.725
	q2: 61.000, max_q2: 86.940, min_q2: -4.004
	target_q: 60.879, max_target_q: 87.123, min_target_q: -4.468
	avg_conservative_loss: -0.016, conservative_weight:  1.000
	avg_smooth_loss:  3.931

2023-02-25 02:14:41 - 
[#Step 530000] eval_reward: 54.893, eval_time: 5.962, time: 56.168
	critic_loss: 2.485, max_critic_loss: 63.348, min_critic_loss: 0.000
	actor_loss: -60.529, max_actor_loss: 2.752, min_actor_loss: -85.528
	value_loss: 0.512, max_value_loss: 14.339, min_value_loss: 0.000
	weight: 0.441, max_weight: 0.700, min_weight: 0.300
	v: 59.546, max_v: 83.973, min_v: -6.846
	q1: 59.736, max_q1: 84.891, min_q1: -7.466
	q2: 59.825, max_q2: 85.325, min_q2: -5.384
	target_q: 59.300, max_target_q: 84.892, min_target_q: -11.956
	avg_conservative_loss: -0.010, conservative_weight:  1.000
	avg_smooth_loss:  4.237

2023-02-25 02:15:43 - 
[#Step 540000] eval_reward: 53.944, eval_time: 5.425, time: 57.196
	critic_loss: 2.877, max_critic_loss: 108.817, min_critic_loss: 0.007
	actor_loss: -60.845, max_actor_loss: 1.571, min_actor_loss: -85.997
	value_loss: 0.487, max_value_loss: 23.942, min_value_loss: 0.000
	weight: 0.478, max_weight: 0.700, min_weight: 0.300
	v: 60.182, max_v: 86.742, min_v: -3.328
	q1: 60.244, max_q1: 86.946, min_q1: -2.292
	q2: 60.233, max_q2: 86.966, min_q2: -3.200
	target_q: 60.035, max_target_q: 87.418, min_target_q: -3.257
	avg_conservative_loss: -0.006, conservative_weight:  1.000
	avg_smooth_loss:  3.935

2023-02-25 02:16:45 - 
[#Step 550000] eval_reward: 54.281, eval_time: 5.545, time: 58.230
	critic_loss: 2.589, max_critic_loss: 104.595, min_critic_loss: 0.001
	actor_loss: -61.419, max_actor_loss: 3.888, min_actor_loss: -86.195
	value_loss: 0.402, max_value_loss: 9.500, min_value_loss: 0.000
	weight: 0.519, max_weight: 0.700, min_weight: 0.300
	v: 60.670, max_v: 85.221, min_v: -3.684
	q1: 60.739, max_q1: 85.232, min_q1: -3.193
	q2: 60.825, max_q2: 85.355, min_q2: -2.889
	target_q: 60.718, max_target_q: 85.759, min_target_q: -5.126
	avg_conservative_loss: -0.014, conservative_weight:  1.000
	avg_smooth_loss:  4.131

2023-02-25 02:17:46 - 
[#Step 560000] eval_reward: 55.014, eval_time: 5.479, time: 59.259
	critic_loss: 2.331, max_critic_loss: 37.340, min_critic_loss: 0.000
	actor_loss: -61.045, max_actor_loss: 3.844, min_actor_loss: -85.251
	value_loss: 0.342, max_value_loss: 9.276, min_value_loss: 0.000
	weight: 0.422, max_weight: 0.700, min_weight: 0.300
	v: 60.352, max_v: 84.749, min_v: -4.887
	q1: 60.195, max_q1: 85.692, min_q1: -7.776
	q2: 60.346, max_q2: 85.482, min_q2: -5.797
	target_q: 60.443, max_target_q: 85.855, min_target_q: -6.161
	avg_conservative_loss: -0.020, conservative_weight:  1.000
	avg_smooth_loss:  3.947

2023-02-25 02:18:48 - 
[#Step 570000] eval_reward: 55.112, eval_time: 5.587, time: 60.285
	critic_loss: 3.306, max_critic_loss: 155.632, min_critic_loss: 0.002
	actor_loss: -59.660, max_actor_loss: 2.961, min_actor_loss: -85.381
	value_loss: 0.439, max_value_loss: 18.513, min_value_loss: 0.000
	weight: 0.434, max_weight: 0.700, min_weight: 0.300
	v: 58.684, max_v: 85.943, min_v: -3.423
	q1: 58.786, max_q1: 85.432, min_q1: -2.360
	q2: 58.737, max_q2: 85.240, min_q2: -3.703
	target_q: 58.431, max_target_q: 84.997, min_target_q: -3.945
	avg_conservative_loss: -0.013, conservative_weight:  1.000
	avg_smooth_loss:  3.981

2023-02-25 02:19:50 - 
[#Step 580000] eval_reward: 54.257, eval_time: 5.443, time: 61.312
	critic_loss: 3.626, max_critic_loss: 84.273, min_critic_loss: 0.006
	actor_loss: -62.367, max_actor_loss: 4.944, min_actor_loss: -84.904
	value_loss: 0.487, max_value_loss: 8.554, min_value_loss: 0.000
	weight: 0.472, max_weight: 0.700, min_weight: 0.300
	v: 62.112, max_v: 86.066, min_v: -3.496
	q1: 61.678, max_q1: 85.729, min_q1: -6.706
	q2: 61.588, max_q2: 85.248, min_q2: -4.654
	target_q: 62.271, max_target_q: 87.177, min_target_q: -4.223
	avg_conservative_loss: -0.019, conservative_weight:  1.000
	avg_smooth_loss:  4.625

2023-02-25 02:20:51 - 
[#Step 590000] eval_reward: 53.650, eval_time: 5.497, time: 62.341
	critic_loss: 2.293, max_critic_loss: 25.915, min_critic_loss: 0.000
	actor_loss: -62.210, max_actor_loss: 2.868, min_actor_loss: -84.570
	value_loss: 0.400, max_value_loss: 6.274, min_value_loss: 0.000
	weight: 0.466, max_weight: 0.700, min_weight: 0.300
	v: 61.564, max_v: 85.838, min_v: -4.066
	q1: 61.621, max_q1: 85.050, min_q1: -4.189
	q2: 61.645, max_q2: 85.254, min_q2: -5.013
	target_q: 61.789, max_target_q: 86.109, min_target_q: -4.004
	avg_conservative_loss: -0.018, conservative_weight:  1.000
	avg_smooth_loss:  4.098

2023-02-25 02:21:53 - 
[#Step 600000] eval_reward: 54.703, eval_time: 5.496, time: 63.374
	critic_loss: 2.144, max_critic_loss: 26.791, min_critic_loss: 0.006
	actor_loss: -60.426, max_actor_loss: 5.087, min_actor_loss: -84.582
	value_loss: 0.583, max_value_loss: 11.236, min_value_loss: 0.000
	weight: 0.408, max_weight: 0.700, min_weight: 0.300
	v: 60.249, max_v: 85.185, min_v: -3.743
	q1: 59.731, max_q1: 84.990, min_q1: -4.969
	q2: 59.586, max_q2: 84.596, min_q2: -4.446
	target_q: 60.001, max_target_q: 85.003, min_target_q: -4.538
	avg_conservative_loss: -0.008, conservative_weight:  1.000
	avg_smooth_loss:  3.673

2023-02-25 02:22:55 - 
[#Step 610000] eval_reward: 54.610, eval_time: 5.451, time: 64.403
	critic_loss: 2.204, max_critic_loss: 23.972, min_critic_loss: 0.002
	actor_loss: -62.200, max_actor_loss: 3.556, min_actor_loss: -83.786
	value_loss: 0.419, max_value_loss: 14.826, min_value_loss: 0.000
	weight: 0.420, max_weight: 0.700, min_weight: 0.300
	v: 61.936, max_v: 84.810, min_v: -1.674
	q1: 61.702, max_q1: 84.276, min_q1: -3.823
	q2: 61.626, max_q2: 84.692, min_q2: -4.121
	target_q: 62.023, max_target_q: 84.351, min_target_q: -1.908
	avg_conservative_loss: -0.011, conservative_weight:  1.000
	avg_smooth_loss:  4.120

2023-02-25 02:23:57 - 
[#Step 620000] eval_reward: 54.531, eval_time: 5.444, time: 65.430
	critic_loss: 3.803, max_critic_loss: 81.901, min_critic_loss: 0.000
	actor_loss: -61.391, max_actor_loss: 1.195, min_actor_loss: -85.401
	value_loss: 0.457, max_value_loss: 17.858, min_value_loss: 0.000
	weight: 0.448, max_weight: 0.700, min_weight: 0.300
	v: 60.546, max_v: 86.084, min_v: -3.768
	q1: 60.784, max_q1: 85.706, min_q1: -1.560
	q2: 60.701, max_q2: 85.920, min_q2: -1.876
	target_q: 60.243, max_target_q: 85.851, min_target_q: -4.494
	avg_conservative_loss: -0.002, conservative_weight:  1.000
	avg_smooth_loss:  3.781

2023-02-25 02:24:58 - 
[#Step 630000] eval_reward: 54.277, eval_time: 5.401, time: 66.460
	critic_loss: 2.417, max_critic_loss: 68.787, min_critic_loss: 0.003
	actor_loss: -61.466, max_actor_loss: 1.706, min_actor_loss: -87.174
	value_loss: 0.463, max_value_loss: 5.495, min_value_loss: 0.000
	weight: 0.528, max_weight: 0.700, min_weight: 0.300
	v: 60.461, max_v: 86.365, min_v: -5.744
	q1: 60.947, max_q1: 87.532, min_q1: -4.883
	q2: 60.923, max_q2: 87.313, min_q2: -3.478
	target_q: 60.587, max_target_q: 86.893, min_target_q: -5.138
	avg_conservative_loss: -0.017, conservative_weight:  1.000
	avg_smooth_loss:  3.571

2023-02-25 02:26:00 - 
[#Step 640000] eval_reward: 53.977, eval_time: 5.443, time: 67.490
	critic_loss: 1.840, max_critic_loss: 27.723, min_critic_loss: 0.002
	actor_loss: -58.583, max_actor_loss: 1.217, min_actor_loss: -85.254
	value_loss: 0.403, max_value_loss: 8.116, min_value_loss: 0.000
	weight: 0.459, max_weight: 0.700, min_weight: 0.300
	v: 57.725, max_v: 85.617, min_v: -1.556
	q1: 57.698, max_q1: 86.157, min_q1: -1.068
	q2: 57.681, max_q2: 85.481, min_q2: -2.362
	target_q: 57.610, max_target_q: 86.556, min_target_q: -2.671
	avg_conservative_loss: -0.015, conservative_weight:  1.000
	avg_smooth_loss:  3.828

2023-02-25 02:27:02 - 
[#Step 650000] eval_reward: 54.787, eval_time: 5.456, time: 68.518
	critic_loss: 2.199, max_critic_loss: 29.452, min_critic_loss: 0.002
	actor_loss: -64.180, max_actor_loss: 0.973, min_actor_loss: -84.879
	value_loss: 0.490, max_value_loss: 6.446, min_value_loss: 0.000
	weight: 0.519, max_weight: 0.700, min_weight: 0.300
	v: 63.061, max_v: 84.822, min_v: -2.622
	q1: 63.551, max_q1: 85.582, min_q1: -0.245
	q2: 63.561, max_q2: 85.656, min_q2: -0.807
	target_q: 63.046, max_target_q: 84.985, min_target_q: -1.878
	avg_conservative_loss: -0.018, conservative_weight:  1.000
	avg_smooth_loss:  4.153

2023-02-25 02:28:04 - 
[#Step 660000] eval_reward: 55.431, eval_time: 5.485, time: 69.544
	critic_loss: 2.327, max_critic_loss: 87.104, min_critic_loss: 0.001
	actor_loss: -62.166, max_actor_loss: 1.992, min_actor_loss: -84.269
	value_loss: 0.508, max_value_loss: 17.706, min_value_loss: 0.000
	weight: 0.458, max_weight: 0.700, min_weight: 0.300
	v: 61.493, max_v: 84.951, min_v: -3.044
	q1: 61.322, max_q1: 85.391, min_q1: -3.894
	q2: 61.294, max_q2: 84.604, min_q2: -4.500
	target_q: 61.317, max_target_q: 84.957, min_target_q: -3.564
	avg_conservative_loss: -0.012, conservative_weight:  1.000
	avg_smooth_loss:  4.699

2023-02-25 02:29:05 - 
[#Step 670000] eval_reward: 54.125, eval_time: 5.434, time: 70.567
	critic_loss: 2.541, max_critic_loss: 40.048, min_critic_loss: 0.009
	actor_loss: -64.408, max_actor_loss: 1.214, min_actor_loss: -84.701
	value_loss: 0.836, max_value_loss: 51.962, min_value_loss: 0.000
	weight: 0.503, max_weight: 0.700, min_weight: 0.300
	v: 63.878, max_v: 84.893, min_v: -1.864
	q1: 63.783, max_q1: 85.916, min_q1: -2.493
	q2: 63.772, max_q2: 84.943, min_q2: -2.005
	target_q: 64.043, max_target_q: 85.690, min_target_q: -1.591
	avg_conservative_loss: -0.008, conservative_weight:  1.000
	avg_smooth_loss:  3.919

2023-02-25 02:30:07 - 
[#Step 680000] eval_reward: 55.072, eval_time: 5.461, time: 71.599
	critic_loss: 2.437, max_critic_loss: 32.975, min_critic_loss: 0.002
	actor_loss: -60.761, max_actor_loss: 0.411, min_actor_loss: -85.121
	value_loss: 0.568, max_value_loss: 20.140, min_value_loss: 0.000
	weight: 0.519, max_weight: 0.700, min_weight: 0.300
	v: 60.050, max_v: 85.586, min_v: -3.375
	q1: 60.167, max_q1: 85.843, min_q1: -1.506
	q2: 60.058, max_q2: 85.359, min_q2: -1.259
	target_q: 60.286, max_target_q: 85.563, min_target_q: -2.961
	avg_conservative_loss: -0.006, conservative_weight:  1.000
	avg_smooth_loss:  4.351

2023-02-25 02:31:09 - 
[#Step 690000] eval_reward: 54.934, eval_time: 5.515, time: 72.629
	critic_loss: 3.395, max_critic_loss: 103.403, min_critic_loss: 0.002
	actor_loss: -64.461, max_actor_loss: -2.218, min_actor_loss: -85.276
	value_loss: 0.618, max_value_loss: 17.432, min_value_loss: 0.000
	weight: 0.447, max_weight: 0.700, min_weight: 0.300
	v: 63.575, max_v: 85.788, min_v: -3.557
	q1: 63.601, max_q1: 85.987, min_q1: -0.661
	q2: 63.594, max_q2: 85.633, min_q2: -0.899
	target_q: 63.350, max_target_q: 85.521, min_target_q: -5.181
	avg_conservative_loss: -0.011, conservative_weight:  1.000
	avg_smooth_loss:  4.202

2023-02-25 02:32:10 - 
[#Step 700000] eval_reward: 54.294, eval_time: 5.562, time: 73.660
	critic_loss: 2.807, max_critic_loss: 37.273, min_critic_loss: 0.000
	actor_loss: -62.272, max_actor_loss: 4.097, min_actor_loss: -85.576
	value_loss: 0.489, max_value_loss: 14.985, min_value_loss: 0.000
	weight: 0.442, max_weight: 0.700, min_weight: 0.300
	v: 62.004, max_v: 86.486, min_v: -3.466
	q1: 61.656, max_q1: 86.402, min_q1: -6.245
	q2: 61.679, max_q2: 86.184, min_q2: -4.677
	target_q: 61.903, max_target_q: 86.969, min_target_q: -3.392
	avg_conservative_loss: -0.008, conservative_weight:  1.000
	avg_smooth_loss:  3.780

2023-02-25 02:33:12 - 
[#Step 710000] eval_reward: 54.675, eval_time: 5.512, time: 74.691
	critic_loss: 2.544, max_critic_loss: 86.217, min_critic_loss: 0.000
	actor_loss: -64.856, max_actor_loss: 3.318, min_actor_loss: -84.952
	value_loss: 0.325, max_value_loss: 10.970, min_value_loss: 0.000
	weight: 0.466, max_weight: 0.700, min_weight: 0.300
	v: 64.233, max_v: 85.295, min_v: -3.051
	q1: 64.366, max_q1: 84.454, min_q1: -3.258
	q2: 64.470, max_q2: 85.409, min_q2: -2.818
	target_q: 64.163, max_target_q: 84.647, min_target_q: -1.332
	avg_conservative_loss: -0.008, conservative_weight:  1.000
	avg_smooth_loss:  4.458

2023-02-25 02:34:14 - 
[#Step 720000] eval_reward: 54.860, eval_time: 5.586, time: 75.717
	critic_loss: 2.350, max_critic_loss: 66.004, min_critic_loss: 0.002
	actor_loss: -62.186, max_actor_loss: 0.476, min_actor_loss: -84.390
	value_loss: 0.412, max_value_loss: 11.088, min_value_loss: 0.000
	weight: 0.447, max_weight: 0.700, min_weight: 0.300
	v: 61.421, max_v: 84.214, min_v: -1.978
	q1: 61.437, max_q1: 85.029, min_q1: -1.343
	q2: 61.486, max_q2: 84.776, min_q2: -1.876
	target_q: 61.403, max_target_q: 84.877, min_target_q: -2.148
	avg_conservative_loss: -0.011, conservative_weight:  1.000
	avg_smooth_loss:  3.825

2023-02-25 02:35:16 - 
[#Step 730000] eval_reward: 54.438, eval_time: 5.958, time: 76.748
	critic_loss: 2.874, max_critic_loss: 72.974, min_critic_loss: 0.003
	actor_loss: -61.822, max_actor_loss: 2.602, min_actor_loss: -84.560
	value_loss: 0.331, max_value_loss: 5.203, min_value_loss: 0.000
	weight: 0.477, max_weight: 0.700, min_weight: 0.300
	v: 61.128, max_v: 84.523, min_v: -3.369
	q1: 61.257, max_q1: 85.057, min_q1: -3.591
	q2: 61.129, max_q2: 84.588, min_q2: -4.026
	target_q: 60.963, max_target_q: 86.401, min_target_q: -4.079
	avg_conservative_loss: -0.017, conservative_weight:  1.000
	avg_smooth_loss:  3.907

2023-02-25 02:36:18 - 
[#Step 740000] eval_reward: 54.723, eval_time: 5.958, time: 77.783
	critic_loss: 2.350, max_critic_loss: 37.631, min_critic_loss: 0.000
	actor_loss: -62.654, max_actor_loss: 2.950, min_actor_loss: -84.885
	value_loss: 0.439, max_value_loss: 12.760, min_value_loss: 0.000
	weight: 0.480, max_weight: 0.700, min_weight: 0.300
	v: 62.028, max_v: 84.811, min_v: -2.779
	q1: 62.218, max_q1: 85.545, min_q1: -2.265
	q2: 62.050, max_q2: 85.494, min_q2: -3.241
	target_q: 61.907, max_target_q: 85.550, min_target_q: -3.395
	avg_conservative_loss: -0.016, conservative_weight:  1.000
	avg_smooth_loss:  3.990

2023-02-25 02:37:20 - 
[#Step 750000] eval_reward: 54.651, eval_time: 5.735, time: 78.813
	critic_loss: 2.832, max_critic_loss: 44.148, min_critic_loss: 0.015
	actor_loss: -64.367, max_actor_loss: 0.943, min_actor_loss: -85.889
	value_loss: 0.752, max_value_loss: 26.075, min_value_loss: 0.000
	weight: 0.405, max_weight: 0.700, min_weight: 0.300
	v: 63.685, max_v: 85.010, min_v: -2.466
	q1: 63.558, max_q1: 85.089, min_q1: -5.133
	q2: 63.326, max_q2: 85.056, min_q2: -5.723
	target_q: 63.177, max_target_q: 84.688, min_target_q: -6.244
	avg_conservative_loss: -0.015, conservative_weight:  1.000
	avg_smooth_loss:  5.048

2023-02-25 02:38:21 - 
[#Step 760000] eval_reward: 54.615, eval_time: 5.700, time: 79.844
	critic_loss: 2.686, max_critic_loss: 99.776, min_critic_loss: 0.001
	actor_loss: -58.587, max_actor_loss: 1.454, min_actor_loss: -85.071
	value_loss: 0.464, max_value_loss: 18.424, min_value_loss: 0.000
	weight: 0.423, max_weight: 0.700, min_weight: 0.300
	v: 58.184, max_v: 85.736, min_v: -2.051
	q1: 57.950, max_q1: 85.268, min_q1: -1.984
	q2: 58.109, max_q2: 85.226, min_q2: -1.892
	target_q: 58.189, max_target_q: 85.968, min_target_q: -3.194
	avg_conservative_loss: -0.007, conservative_weight:  1.000
	avg_smooth_loss:  3.914

2023-02-25 02:39:23 - 
[#Step 770000] eval_reward: 54.470, eval_time: 5.860, time: 80.874
	critic_loss: 2.723, max_critic_loss: 35.369, min_critic_loss: 0.003
	actor_loss: -61.132, max_actor_loss: 2.860, min_actor_loss: -84.438
	value_loss: 0.508, max_value_loss: 12.713, min_value_loss: 0.000
	weight: 0.417, max_weight: 0.700, min_weight: 0.300
	v: 60.692, max_v: 84.947, min_v: -3.633
	q1: 60.220, max_q1: 84.573, min_q1: -3.221
	q2: 60.375, max_q2: 84.748, min_q2: -4.045
	target_q: 60.799, max_target_q: 85.421, min_target_q: -3.782
	avg_conservative_loss: -0.010, conservative_weight:  1.000
	avg_smooth_loss:  4.219

2023-02-25 02:40:25 - 
[#Step 780000] eval_reward: 54.208, eval_time: 5.999, time: 81.907
	critic_loss: 2.431, max_critic_loss: 62.544, min_critic_loss: 0.000
	actor_loss: -63.154, max_actor_loss: 1.289, min_actor_loss: -85.699
	value_loss: 0.554, max_value_loss: 14.461, min_value_loss: 0.000
	weight: 0.423, max_weight: 0.700, min_weight: 0.300
	v: 62.305, max_v: 86.348, min_v: -1.597
	q1: 62.259, max_q1: 86.183, min_q1: -2.251
	q2: 62.455, max_q2: 86.535, min_q2: -1.526
	target_q: 62.071, max_target_q: 85.785, min_target_q: -2.722
	avg_conservative_loss: -0.011, conservative_weight:  1.000
	avg_smooth_loss:  4.572

2023-02-25 02:41:27 - 
[#Step 790000] eval_reward: 54.455, eval_time: 5.450, time: 82.934
	critic_loss: 1.902, max_critic_loss: 26.648, min_critic_loss: 0.000
	actor_loss: -64.135, max_actor_loss: 1.875, min_actor_loss: -84.441
	value_loss: 0.413, max_value_loss: 5.545, min_value_loss: 0.000
	weight: 0.481, max_weight: 0.700, min_weight: 0.300
	v: 63.420, max_v: 83.871, min_v: -4.080
	q1: 63.606, max_q1: 84.365, min_q1: -3.018
	q2: 63.686, max_q2: 83.891, min_q2: -1.956
	target_q: 63.639, max_target_q: 84.547, min_target_q: -3.063
	avg_conservative_loss: -0.009, conservative_weight:  1.000
	avg_smooth_loss:  4.161

2023-02-25 02:42:29 - 
[#Step 800000] eval_reward: 54.938, eval_time: 5.460, time: 83.961
	critic_loss: 2.856, max_critic_loss: 97.907, min_critic_loss: 0.001
	actor_loss: -60.656, max_actor_loss: 2.399, min_actor_loss: -85.368
	value_loss: 0.527, max_value_loss: 14.147, min_value_loss: 0.000
	weight: 0.464, max_weight: 0.700, min_weight: 0.300
	v: 59.695, max_v: 83.640, min_v: 0.083
	q1: 59.744, max_q1: 84.630, min_q1: -1.158
	q2: 59.836, max_q2: 84.556, min_q2: -2.446
	target_q: 59.580, max_target_q: 84.320, min_target_q: -0.421
	avg_conservative_loss: -0.008, conservative_weight:  1.000
	avg_smooth_loss:  3.945

2023-02-25 02:43:30 - 
[#Step 810000] eval_reward: 54.847, eval_time: 5.521, time: 84.988
	critic_loss: 2.999, max_critic_loss: 53.887, min_critic_loss: 0.001
	actor_loss: -61.339, max_actor_loss: 4.644, min_actor_loss: -84.959
	value_loss: 0.426, max_value_loss: 14.461, min_value_loss: 0.000
	weight: 0.398, max_weight: 0.700, min_weight: 0.300
	v: 61.242, max_v: 85.487, min_v: -1.581
	q1: 60.837, max_q1: 85.604, min_q1: -5.059
	q2: 60.844, max_q2: 85.539, min_q2: -5.243
	target_q: 61.163, max_target_q: 85.917, min_target_q: -3.665
	avg_conservative_loss: -0.014, conservative_weight:  1.000
	avg_smooth_loss:  3.931

2023-02-25 02:44:32 - 
[#Step 820000] eval_reward: 55.119, eval_time: 5.456, time: 86.017
	critic_loss: 2.242, max_critic_loss: 31.377, min_critic_loss: 0.004
	actor_loss: -62.769, max_actor_loss: 1.959, min_actor_loss: -87.487
	value_loss: 0.761, max_value_loss: 46.514, min_value_loss: 0.000
	weight: 0.488, max_weight: 0.700, min_weight: 0.300
	v: 61.382, max_v: 86.542, min_v: -4.937
	q1: 61.940, max_q1: 87.624, min_q1: -3.117
	q2: 62.043, max_q2: 87.988, min_q2: -2.992
	target_q: 61.487, max_target_q: 87.439, min_target_q: -3.182
	avg_conservative_loss: -0.013, conservative_weight:  1.000
	avg_smooth_loss:  4.002

2023-02-25 02:45:34 - 
[#Step 830000] eval_reward: 54.411, eval_time: 5.502, time: 87.047
	critic_loss: 1.898, max_critic_loss: 35.599, min_critic_loss: 0.002
	actor_loss: -64.228, max_actor_loss: -1.268, min_actor_loss: -84.438
	value_loss: 0.602, max_value_loss: 31.478, min_value_loss: 0.000
	weight: 0.409, max_weight: 0.700, min_weight: 0.300
	v: 63.634, max_v: 86.235, min_v: -1.209
	q1: 63.308, max_q1: 85.257, min_q1: -1.809
	q2: 63.276, max_q2: 85.051, min_q2: -0.428
	target_q: 63.291, max_target_q: 85.368, min_target_q: -1.008
	avg_conservative_loss: -0.011, conservative_weight:  1.000
	avg_smooth_loss:  4.237

2023-02-25 02:46:35 - 
[#Step 840000] eval_reward: 54.358, eval_time: 5.485, time: 88.076
	critic_loss: 2.517, max_critic_loss: 26.603, min_critic_loss: 0.009
	actor_loss: -58.028, max_actor_loss: 2.741, min_actor_loss: -87.569
	value_loss: 0.480, max_value_loss: 11.529, min_value_loss: 0.000
	weight: 0.433, max_weight: 0.700, min_weight: 0.300
	v: 57.231, max_v: 87.176, min_v: -3.307
	q1: 57.457, max_q1: 87.888, min_q1: -2.584
	q2: 57.353, max_q2: 87.869, min_q2: -2.893
	target_q: 57.114, max_target_q: 87.986, min_target_q: -3.626
	avg_conservative_loss: -0.009, conservative_weight:  1.000
	avg_smooth_loss:  4.144

2023-02-25 02:47:37 - 
[#Step 850000] eval_reward: 54.314, eval_time: 5.612, time: 89.104
	critic_loss: 2.602, max_critic_loss: 49.334, min_critic_loss: 0.008
	actor_loss: -64.197, max_actor_loss: 1.942, min_actor_loss: -84.992
	value_loss: 0.647, max_value_loss: 42.087, min_value_loss: 0.000
	weight: 0.417, max_weight: 0.700, min_weight: 0.300
	v: 63.485, max_v: 86.478, min_v: -1.800
	q1: 63.148, max_q1: 85.998, min_q1: -3.525
	q2: 63.075, max_q2: 85.352, min_q2: -6.021
	target_q: 63.159, max_target_q: 86.453, min_target_q: -2.683
	avg_conservative_loss: -0.012, conservative_weight:  1.000
	avg_smooth_loss:  4.959

2023-02-25 02:48:39 - 
[#Step 860000] eval_reward: 54.332, eval_time: 5.453, time: 90.135
	critic_loss: 2.724, max_critic_loss: 113.722, min_critic_loss: 0.003
	actor_loss: -62.405, max_actor_loss: 1.831, min_actor_loss: -85.879
	value_loss: 0.673, max_value_loss: 42.658, min_value_loss: 0.000
	weight: 0.494, max_weight: 0.700, min_weight: 0.300
	v: 61.515, max_v: 86.264, min_v: -1.717
	q1: 61.295, max_q1: 84.998, min_q1: -4.191
	q2: 61.641, max_q2: 85.423, min_q2: -2.254
	target_q: 61.450, max_target_q: 86.374, min_target_q: -1.425
	avg_conservative_loss: -0.006, conservative_weight:  1.000
	avg_smooth_loss:  4.508

2023-02-25 02:49:41 - 
[#Step 870000] eval_reward: 51.610, eval_time: 5.480, time: 91.167
	critic_loss: 2.922, max_critic_loss: 146.123, min_critic_loss: 0.005
	actor_loss: -64.514, max_actor_loss: 2.096, min_actor_loss: -83.928
	value_loss: 0.504, max_value_loss: 16.445, min_value_loss: 0.000
	weight: 0.486, max_weight: 0.700, min_weight: 0.300
	v: 63.706, max_v: 83.913, min_v: -2.975
	q1: 63.774, max_q1: 84.409, min_q1: -2.327
	q2: 63.841, max_q2: 84.324, min_q2: -3.510
	target_q: 63.864, max_target_q: 85.366, min_target_q: -2.406
	avg_conservative_loss: -0.013, conservative_weight:  1.000
	avg_smooth_loss:  4.794

2023-02-25 02:50:43 - 
[#Step 880000] eval_reward: 55.306, eval_time: 5.495, time: 92.195
	critic_loss: 2.261, max_critic_loss: 27.385, min_critic_loss: 0.005
	actor_loss: -63.116, max_actor_loss: 4.121, min_actor_loss: -86.319
	value_loss: 0.574, max_value_loss: 35.434, min_value_loss: 0.000
	weight: 0.488, max_weight: 0.700, min_weight: 0.300
	v: 62.699, max_v: 86.834, min_v: -1.789
	q1: 62.347, max_q1: 84.643, min_q1: -4.872
	q2: 62.535, max_q2: 85.237, min_q2: -3.929
	target_q: 62.664, max_target_q: 86.779, min_target_q: -2.194
	avg_conservative_loss: -0.004, conservative_weight:  1.000
	avg_smooth_loss:  4.657

2023-02-25 02:51:44 - 
[#Step 890000] eval_reward: 55.060, eval_time: 5.520, time: 93.227
	critic_loss: 2.159, max_critic_loss: 40.450, min_critic_loss: 0.005
	actor_loss: -59.270, max_actor_loss: 3.344, min_actor_loss: -83.852
	value_loss: 0.460, max_value_loss: 11.485, min_value_loss: 0.000
	weight: 0.459, max_weight: 0.700, min_weight: 0.300
	v: 58.655, max_v: 84.243, min_v: -1.134
	q1: 58.703, max_q1: 84.078, min_q1: -3.238
	q2: 58.561, max_q2: 84.219, min_q2: -3.599
	target_q: 58.610, max_target_q: 84.685, min_target_q: -2.691
	avg_conservative_loss: -0.009, conservative_weight:  1.000
	avg_smooth_loss:  4.241

2023-02-25 02:52:46 - 
[#Step 900000] eval_reward: 54.880, eval_time: 5.462, time: 94.261
	critic_loss: 1.660, max_critic_loss: 18.077, min_critic_loss: 0.002
	actor_loss: -60.884, max_actor_loss: 0.706, min_actor_loss: -85.834
	value_loss: 0.436, max_value_loss: 7.279, min_value_loss: 0.000
	weight: 0.398, max_weight: 0.700, min_weight: 0.300
	v: 60.429, max_v: 85.997, min_v: -1.007
	q1: 60.306, max_q1: 85.947, min_q1: -1.630
	q2: 60.303, max_q2: 86.466, min_q2: -1.745
	target_q: 60.203, max_target_q: 86.040, min_target_q: -2.564
	avg_conservative_loss: -0.005, conservative_weight:  1.000
	avg_smooth_loss:  3.755

2023-02-25 02:53:48 - 
[#Step 910000] eval_reward: 54.561, eval_time: 5.468, time: 95.293
	critic_loss: 3.225, max_critic_loss: 55.503, min_critic_loss: 0.002
	actor_loss: -63.389, max_actor_loss: 0.629, min_actor_loss: -84.822
	value_loss: 0.517, max_value_loss: 8.663, min_value_loss: 0.000
	weight: 0.448, max_weight: 0.700, min_weight: 0.300
	v: 62.473, max_v: 85.424, min_v: -1.220
	q1: 62.553, max_q1: 85.382, min_q1: -0.578
	q2: 62.604, max_q2: 86.140, min_q2: -1.017
	target_q: 62.656, max_target_q: 84.553, min_target_q: -1.752
	avg_conservative_loss: -0.011, conservative_weight:  1.000
	avg_smooth_loss:  4.428

2023-02-25 02:54:50 - 
[#Step 920000] eval_reward: 54.727, eval_time: 5.459, time: 96.319
	critic_loss: 3.272, max_critic_loss: 212.482, min_critic_loss: 0.001
	actor_loss: -62.760, max_actor_loss: 0.527, min_actor_loss: -83.774
	value_loss: 0.627, max_value_loss: 30.789, min_value_loss: 0.000
	weight: 0.462, max_weight: 0.700, min_weight: 0.300
	v: 62.106, max_v: 84.236, min_v: 0.683
	q1: 61.866, max_q1: 84.457, min_q1: -0.754
	q2: 62.027, max_q2: 84.206, min_q2: -0.211
	target_q: 62.261, max_target_q: 84.969, min_target_q: -0.099
	avg_conservative_loss: -0.019, conservative_weight:  1.000
	avg_smooth_loss:  5.201

2023-02-25 02:55:52 - 
[#Step 930000] eval_reward: 54.483, eval_time: 5.359, time: 97.346
	critic_loss: 2.402, max_critic_loss: 70.009, min_critic_loss: 0.008
	actor_loss: -62.204, max_actor_loss: 2.771, min_actor_loss: -84.305
	value_loss: 0.433, max_value_loss: 6.326, min_value_loss: 0.000
	weight: 0.470, max_weight: 0.700, min_weight: 0.300
	v: 61.384, max_v: 85.333, min_v: -1.974
	q1: 61.341, max_q1: 84.736, min_q1: -4.750
	q2: 61.413, max_q2: 84.548, min_q2: -3.552
	target_q: 61.441, max_target_q: 85.081, min_target_q: -3.183
	avg_conservative_loss: -0.012, conservative_weight:  1.000
	avg_smooth_loss:  3.728

2023-02-25 02:56:53 - 
[#Step 940000] eval_reward: 55.035, eval_time: 5.440, time: 98.370
	critic_loss: 3.455, max_critic_loss: 187.404, min_critic_loss: 0.000
	actor_loss: -62.798, max_actor_loss: -2.053, min_actor_loss: -85.260
	value_loss: 1.387, max_value_loss: 232.042, min_value_loss: 0.000
	weight: 0.455, max_weight: 0.700, min_weight: 0.300
	v: 61.631, max_v: 84.704, min_v: -2.328
	q1: 61.599, max_q1: 85.231, min_q1: -1.883
	q2: 61.711, max_q2: 84.841, min_q2: -0.801
	target_q: 61.506, max_target_q: 84.381, min_target_q: -2.766
	avg_conservative_loss: -0.006, conservative_weight:  1.000
	avg_smooth_loss:  4.941

2023-02-25 02:57:54 - 
[#Step 950000] eval_reward: 54.640, eval_time: 5.525, time: 99.394
	critic_loss: 2.203, max_critic_loss: 25.620, min_critic_loss: 0.010
	actor_loss: -58.399, max_actor_loss: 2.382, min_actor_loss: -85.059
	value_loss: 0.533, max_value_loss: 17.432, min_value_loss: 0.000
	weight: 0.442, max_weight: 0.700, min_weight: 0.300
	v: 57.765, max_v: 85.312, min_v: -4.315
	q1: 57.661, max_q1: 85.440, min_q1: -6.063
	q2: 57.548, max_q2: 85.057, min_q2: -5.621
	target_q: 57.558, max_target_q: 85.889, min_target_q: -3.890
	avg_conservative_loss: -0.010, conservative_weight:  1.000
	avg_smooth_loss:  3.949

2023-02-25 02:58:28 - 
[#Step 955000] eval_reward: 54.161, eval_time: 5.398, time: 99.950
	critic_loss: 2.773, max_critic_loss: 61.623, min_critic_loss: 0.000
	actor_loss: -63.330, max_actor_loss: 3.244, min_actor_loss: -85.430
	value_loss: 0.625, max_value_loss: 39.901, min_value_loss: 0.000
	weight: 0.466, max_weight: 0.700, min_weight: 0.300
	v: 62.309, max_v: 85.180, min_v: -2.276
	q1: 62.670, max_q1: 85.502, min_q1: -2.591
	q2: 62.627, max_q2: 85.533, min_q2: -2.392
	target_q: 62.397, max_target_q: 85.255, min_target_q: -4.358
	avg_conservative_loss: -0.024, conservative_weight:  1.000
	avg_smooth_loss:  4.281

2023-02-25 02:59:01 - 
[#Step 960000] eval_reward: 54.483, eval_time: 5.467, time: 100.506
	critic_loss: 2.621, max_critic_loss: 74.133, min_critic_loss: 0.003
	actor_loss: -62.829, max_actor_loss: 2.629, min_actor_loss: -85.218
	value_loss: 1.344, max_value_loss: 226.102, min_value_loss: 0.000
	weight: 0.483, max_weight: 0.700, min_weight: 0.300
	v: 62.108, max_v: 84.921, min_v: -1.469
	q1: 61.982, max_q1: 86.271, min_q1: -2.582
	q2: 62.059, max_q2: 85.957, min_q2: -3.322
	target_q: 61.875, max_target_q: 85.272, min_target_q: -4.619
	avg_conservative_loss:  0.004, conservative_weight:  1.000
	avg_smooth_loss:  4.404

2023-02-25 02:59:35 - 
[#Step 965000] eval_reward: 54.683, eval_time: 5.518, time: 101.066
	critic_loss: 2.095, max_critic_loss: 24.977, min_critic_loss: 0.003
	actor_loss: -63.696, max_actor_loss: 1.698, min_actor_loss: -84.519
	value_loss: 0.462, max_value_loss: 7.526, min_value_loss: 0.000
	weight: 0.442, max_weight: 0.700, min_weight: 0.300
	v: 62.973, max_v: 84.489, min_v: -3.925
	q1: 62.700, max_q1: 84.392, min_q1: -3.012
	q2: 62.898, max_q2: 84.447, min_q2: -1.812
	target_q: 62.957, max_target_q: 84.667, min_target_q: -2.792
	avg_conservative_loss: -0.022, conservative_weight:  1.000
	avg_smooth_loss:  4.217

2023-02-25 03:00:08 - 
[#Step 970000] eval_reward: 54.366, eval_time: 5.585, time: 101.626
	critic_loss: 2.233, max_critic_loss: 31.975, min_critic_loss: 0.001
	actor_loss: -62.744, max_actor_loss: 6.229, min_actor_loss: -85.059
	value_loss: 0.563, max_value_loss: 18.726, min_value_loss: 0.000
	weight: 0.517, max_weight: 0.700, min_weight: 0.300
	v: 61.952, max_v: 85.532, min_v: -3.063
	q1: 62.206, max_q1: 86.212, min_q1: -3.360
	q2: 62.146, max_q2: 85.942, min_q2: -3.203
	target_q: 62.156, max_target_q: 86.186, min_target_q: -2.927
	avg_conservative_loss: -0.018, conservative_weight:  1.000
	avg_smooth_loss:  4.299

2023-02-25 03:00:41 - 
[#Step 975000] eval_reward: 54.750, eval_time: 5.410, time: 102.172
	critic_loss: 2.094, max_critic_loss: 23.118, min_critic_loss: 0.003
	actor_loss: -61.799, max_actor_loss: 3.549, min_actor_loss: -83.945
	value_loss: 0.512, max_value_loss: 20.820, min_value_loss: 0.000
	weight: 0.450, max_weight: 0.700, min_weight: 0.300
	v: 61.616, max_v: 85.114, min_v: -2.630
	q1: 61.258, max_q1: 84.848, min_q1: -4.818
	q2: 61.223, max_q2: 84.431, min_q2: -3.571
	target_q: 61.579, max_target_q: 85.768, min_target_q: -3.311
	avg_conservative_loss: -0.012, conservative_weight:  1.000
	avg_smooth_loss:  3.751

2023-02-25 03:01:08 - Saving checkpoint at step: 196
2023-02-25 03:01:08 - Saved checkpoint at saved_models/halfcheetah-medium-replay-v2/COMFO7_s1_20230225_011831/actor_196
2023-02-25 03:01:08 - Saving checkpoint at step: 196
2023-02-25 03:01:08 - Saved checkpoint at saved_models/halfcheetah-medium-replay-v2/COMFO7_s1_20230225_011831/critic_196
2023-02-25 03:01:08 - Saving checkpoint at step: 196
2023-02-25 03:01:08 - Saved checkpoint at saved_models/halfcheetah-medium-replay-v2/COMFO7_s1_20230225_011831/value_196
2023-02-25 03:01:14 - 
[#Step 980000] eval_reward: 54.365, eval_time: 5.686, time: 102.721
	critic_loss: 2.432, max_critic_loss: 38.350, min_critic_loss: 0.005
	actor_loss: -62.615, max_actor_loss: 2.153, min_actor_loss: -83.462
	value_loss: 0.401, max_value_loss: 8.528, min_value_loss: 0.000
	weight: 0.463, max_weight: 0.700, min_weight: 0.300
	v: 61.669, max_v: 83.991, min_v: -1.606
	q1: 61.690, max_q1: 84.284, min_q1: -2.908
	q2: 61.712, max_q2: 84.125, min_q2: -1.509
	target_q: 61.515, max_target_q: 84.149, min_target_q: -0.998
	avg_conservative_loss: -0.003, conservative_weight:  1.000
	avg_smooth_loss:  4.445

2023-02-25 03:01:42 - Saving checkpoint at step: 197
2023-02-25 03:01:42 - Saved checkpoint at saved_models/halfcheetah-medium-replay-v2/COMFO7_s1_20230225_011831/actor_197
2023-02-25 03:01:42 - Saving checkpoint at step: 197
2023-02-25 03:01:42 - Saved checkpoint at saved_models/halfcheetah-medium-replay-v2/COMFO7_s1_20230225_011831/critic_197
2023-02-25 03:01:42 - Saving checkpoint at step: 197
2023-02-25 03:01:42 - Saved checkpoint at saved_models/halfcheetah-medium-replay-v2/COMFO7_s1_20230225_011831/value_197
2023-02-25 03:01:47 - 
[#Step 985000] eval_reward: 54.478, eval_time: 5.413, time: 103.272
	critic_loss: 2.650, max_critic_loss: 41.907, min_critic_loss: 0.024
	actor_loss: -62.196, max_actor_loss: 3.850, min_actor_loss: -85.595
	value_loss: 0.533, max_value_loss: 13.693, min_value_loss: 0.000
	weight: 0.481, max_weight: 0.700, min_weight: 0.300
	v: 61.451, max_v: 86.309, min_v: -3.516
	q1: 61.466, max_q1: 85.800, min_q1: -3.431
	q2: 61.604, max_q2: 85.951, min_q2: -4.182
	target_q: 61.468, max_target_q: 86.140, min_target_q: -5.891
	avg_conservative_loss: -0.015, conservative_weight:  1.000
	avg_smooth_loss:  4.438

2023-02-25 03:02:15 - Saving checkpoint at step: 198
2023-02-25 03:02:15 - Saved checkpoint at saved_models/halfcheetah-medium-replay-v2/COMFO7_s1_20230225_011831/actor_198
2023-02-25 03:02:15 - Saving checkpoint at step: 198
2023-02-25 03:02:15 - Saved checkpoint at saved_models/halfcheetah-medium-replay-v2/COMFO7_s1_20230225_011831/critic_198
2023-02-25 03:02:15 - Saving checkpoint at step: 198
2023-02-25 03:02:15 - Saved checkpoint at saved_models/halfcheetah-medium-replay-v2/COMFO7_s1_20230225_011831/value_198
2023-02-25 03:02:21 - 
[#Step 990000] eval_reward: 54.681, eval_time: 5.468, time: 103.832
	critic_loss: 2.625, max_critic_loss: 29.703, min_critic_loss: 0.000
	actor_loss: -63.888, max_actor_loss: -2.317, min_actor_loss: -85.377
	value_loss: 0.356, max_value_loss: 3.969, min_value_loss: 0.000
	weight: 0.478, max_weight: 0.700, min_weight: 0.300
	v: 62.798, max_v: 86.019, min_v: 2.459
	q1: 63.126, max_q1: 85.550, min_q1: 2.925
	q2: 63.081, max_q2: 85.968, min_q2: 2.395
	target_q: 62.681, max_target_q: 85.266, min_target_q: 2.978
	avg_conservative_loss: -0.015, conservative_weight:  1.000
	avg_smooth_loss:  3.913

2023-02-25 03:02:49 - Saving checkpoint at step: 199
2023-02-25 03:02:49 - Saved checkpoint at saved_models/halfcheetah-medium-replay-v2/COMFO7_s1_20230225_011831/actor_199
2023-02-25 03:02:49 - Saving checkpoint at step: 199
2023-02-25 03:02:49 - Saved checkpoint at saved_models/halfcheetah-medium-replay-v2/COMFO7_s1_20230225_011831/critic_199
2023-02-25 03:02:49 - Saving checkpoint at step: 199
2023-02-25 03:02:49 - Saved checkpoint at saved_models/halfcheetah-medium-replay-v2/COMFO7_s1_20230225_011831/value_199
2023-02-25 03:02:54 - 
[#Step 995000] eval_reward: 55.044, eval_time: 5.481, time: 104.393
	critic_loss: 1.937, max_critic_loss: 22.455, min_critic_loss: 0.001
	actor_loss: -61.950, max_actor_loss: -2.652, min_actor_loss: -84.574
	value_loss: 0.401, max_value_loss: 9.029, min_value_loss: 0.000
	weight: 0.466, max_weight: 0.700, min_weight: 0.300
	v: 61.132, max_v: 85.627, min_v: -1.498
	q1: 61.231, max_q1: 86.013, min_q1: 0.183
	q2: 61.266, max_q2: 85.418, min_q2: -0.284
	target_q: 61.146, max_target_q: 85.471, min_target_q: -1.290
	avg_conservative_loss: -0.017, conservative_weight:  1.000
	avg_smooth_loss:  3.826

2023-02-25 03:03:23 - Saving checkpoint at step: 200
2023-02-25 03:03:23 - Saved checkpoint at saved_models/halfcheetah-medium-replay-v2/COMFO7_s1_20230225_011831/actor_200
2023-02-25 03:03:23 - Saving checkpoint at step: 200
2023-02-25 03:03:23 - Saved checkpoint at saved_models/halfcheetah-medium-replay-v2/COMFO7_s1_20230225_011831/critic_200
2023-02-25 03:03:23 - Saving checkpoint at step: 200
2023-02-25 03:03:23 - Saved checkpoint at saved_models/halfcheetah-medium-replay-v2/COMFO7_s1_20230225_011831/value_200
2023-02-25 03:03:28 - 
[#Step 1000000] eval_reward: 54.396, eval_time: 5.464, time: 104.954
	critic_loss: 2.881, max_critic_loss: 33.814, min_critic_loss: 0.002
	actor_loss: -60.375, max_actor_loss: 3.184, min_actor_loss: -84.643
	value_loss: 0.546, max_value_loss: 18.976, min_value_loss: 0.000
	weight: 0.450, max_weight: 0.700, min_weight: 0.300
	v: 59.659, max_v: 84.187, min_v: -4.183
	q1: 59.611, max_q1: 84.168, min_q1: -1.477
	q2: 59.729, max_q2: 84.221, min_q2: -2.373
	target_q: 59.690, max_target_q: 84.197, min_target_q: -2.959
	avg_conservative_loss: -0.015, conservative_weight:  1.000
	avg_smooth_loss:  3.885

2023-02-25 03:03:28 - 
Avg eval reward = 54.54

