2023-02-25 18:55:43 - Exp configurations:
algo: COMFO6
alpha: 5.0
batch_size: 256
env_name: walker2d-medium-replay-v2
eval_episodes: 10
eval_freq: 5000
expectile: 0.7
gamma: 0.99
hidden_dims: !!python/tuple
- 256
- 256
initializer: orthogonal
log_dir: 20230225_mle0
lr: 0.0003
max_timesteps: 1000000
mle_alpha: 0.0
model_dir: saved_models
num_random: 10
seed: 1
tau: 0.005
temperature: 3.0

2023-02-25 18:57:33 - 
[#Step 10000] eval_reward: 0.391, eval_time: 0.746, time: 1.847
	critic_loss: 1.950, max_critic_loss: 68.060, min_critic_loss: 0.001
	actor_loss: -24.330, max_actor_loss: -2.014, min_actor_loss: -43.585
	value_loss: 0.106, max_value_loss: 2.808, min_value_loss: 0.000
	weight: 0.434, max_weight: 0.700, min_weight: 0.300
	v: 23.348, max_v: 43.043, min_v: 1.317
	q1: 23.930, max_q1: 43.710, min_q1: 1.872
	q2: 23.856, max_q2: 43.634, min_q2: 1.681
	target_q: 23.662, max_target_q: 43.235, min_target_q: -0.153

2023-02-25 18:58:09 - 
[#Step 20000] eval_reward: 0.185, eval_time: 0.294, time: 2.444
	critic_loss: 2.273, max_critic_loss: 28.499, min_critic_loss: 0.002
	actor_loss: -39.033, max_actor_loss: 2.481, min_actor_loss: -70.596
	value_loss: 0.213, max_value_loss: 3.488, min_value_loss: 0.000
	weight: 0.428, max_weight: 0.700, min_weight: 0.300
	v: 38.271, max_v: 70.145, min_v: -3.326
	q1: 38.098, max_q1: 69.594, min_q1: -2.947
	q2: 38.106, max_q2: 69.774, min_q2: -2.602
	target_q: 38.327, max_target_q: 69.883, min_target_q: -2.804

2023-02-25 18:58:45 - 
[#Step 30000] eval_reward: 0.557, eval_time: 0.489, time: 3.036
	critic_loss: 4.028, max_critic_loss: 238.866, min_critic_loss: 0.005
	actor_loss: -46.801, max_actor_loss: -1.783, min_actor_loss: -84.462
	value_loss: 0.309, max_value_loss: 6.657, min_value_loss: 0.000
	weight: 0.494, max_weight: 0.700, min_weight: 0.300
	v: 45.432, max_v: 83.902, min_v: -3.790
	q1: 45.577, max_q1: 84.221, min_q1: -2.719
	q2: 45.567, max_q2: 83.890, min_q2: -4.450
	target_q: 45.481, max_target_q: 84.534, min_target_q: -4.468

2023-02-25 18:59:21 - 
[#Step 40000] eval_reward: 3.547, eval_time: 1.139, time: 3.634
	critic_loss: 5.733, max_critic_loss: 253.203, min_critic_loss: 0.000
	actor_loss: -52.065, max_actor_loss: 4.870, min_actor_loss: -95.488
	value_loss: 0.301, max_value_loss: 4.077, min_value_loss: 0.000
	weight: 0.419, max_weight: 0.700, min_weight: 0.300
	v: 51.327, max_v: 96.081, min_v: -6.403
	q1: 50.854, max_q1: 95.676, min_q1: -6.735
	q2: 50.854, max_q2: 95.567, min_q2: -8.040
	target_q: 51.639, max_target_q: 95.950, min_target_q: -0.764

2023-02-25 18:59:58 - 
[#Step 50000] eval_reward: 13.616, eval_time: 2.375, time: 4.256
	critic_loss: 7.529, max_critic_loss: 622.601, min_critic_loss: 0.004
	actor_loss: -55.208, max_actor_loss: 15.838, min_actor_loss: -96.229
	value_loss: 0.459, max_value_loss: 14.835, min_value_loss: 0.000
	weight: 0.442, max_weight: 0.700, min_weight: 0.300
	v: 54.180, max_v: 97.289, min_v: -18.584
	q1: 53.914, max_q1: 96.133, min_q1: -18.545
	q2: 53.826, max_q2: 96.926, min_q2: -17.106
	target_q: 54.235, max_target_q: 98.001, min_target_q: -12.073

2023-02-25 19:00:35 - 
[#Step 60000] eval_reward: 16.023, eval_time: 2.197, time: 4.875
	critic_loss: 4.500, max_critic_loss: 123.434, min_critic_loss: 0.006
	actor_loss: -55.724, max_actor_loss: 12.413, min_actor_loss: -105.202
	value_loss: 0.443, max_value_loss: 11.188, min_value_loss: 0.000
	weight: 0.456, max_weight: 0.700, min_weight: 0.300
	v: 54.530, max_v: 105.612, min_v: -17.014
	q1: 54.426, max_q1: 105.239, min_q1: -16.587
	q2: 54.250, max_q2: 105.951, min_q2: -16.164
	target_q: 54.692, max_target_q: 105.112, min_target_q: -16.640

2023-02-25 19:01:10 - 
[#Step 70000] eval_reward: 0.349, eval_time: 0.293, time: 5.464
	critic_loss: 6.178, max_critic_loss: 107.675, min_critic_loss: 0.007
	actor_loss: -54.064, max_actor_loss: 6.966, min_actor_loss: -101.093
	value_loss: 0.621, max_value_loss: 11.527, min_value_loss: 0.000
	weight: 0.387, max_weight: 0.700, min_weight: 0.300
	v: 53.134, max_v: 102.012, min_v: -9.949
	q1: 52.527, max_q1: 101.599, min_q1: -8.793
	q2: 52.592, max_q2: 102.688, min_q2: -11.192
	target_q: 53.265, max_target_q: 102.432, min_target_q: -10.878

2023-02-25 19:01:48 - 
[#Step 80000] eval_reward: 23.849, eval_time: 2.930, time: 6.095
	critic_loss: 4.937, max_critic_loss: 109.056, min_critic_loss: 0.001
	actor_loss: -59.319, max_actor_loss: 10.204, min_actor_loss: -106.999
	value_loss: 0.644, max_value_loss: 17.979, min_value_loss: 0.000
	weight: 0.464, max_weight: 0.700, min_weight: 0.300
	v: 57.696, max_v: 105.642, min_v: -9.906
	q1: 58.028, max_q1: 105.249, min_q1: -11.359
	q2: 58.051, max_q2: 106.565, min_q2: -9.053
	target_q: 57.920, max_target_q: 104.951, min_target_q: -8.918

2023-02-25 19:02:27 - 
[#Step 90000] eval_reward: 29.841, eval_time: 3.160, time: 6.734
	critic_loss: 4.068, max_critic_loss: 51.312, min_critic_loss: 0.001
	actor_loss: -56.856, max_actor_loss: 6.678, min_actor_loss: -100.295
	value_loss: 0.407, max_value_loss: 21.372, min_value_loss: 0.000
	weight: 0.431, max_weight: 0.700, min_weight: 0.300
	v: 55.831, max_v: 100.211, min_v: -9.206
	q1: 55.605, max_q1: 99.008, min_q1: -5.049
	q2: 55.542, max_q2: 100.409, min_q2: -7.892
	target_q: 56.067, max_target_q: 100.794, min_target_q: -9.498

2023-02-25 19:03:02 - Saving checkpoint at step: 20
2023-02-25 19:03:02 - Saved checkpoint at saved_models/walker2d-medium-replay-v2/COMFO6_s1_20230225_185543/actor_20
2023-02-25 19:03:02 - Saving checkpoint at step: 20
2023-02-25 19:03:02 - Saved checkpoint at saved_models/walker2d-medium-replay-v2/COMFO6_s1_20230225_185543/critic_20
2023-02-25 19:03:02 - Saving checkpoint at step: 20
2023-02-25 19:03:02 - Saved checkpoint at saved_models/walker2d-medium-replay-v2/COMFO6_s1_20230225_185543/value_20
2023-02-25 19:03:05 - 
[#Step 100000] eval_reward: 28.680, eval_time: 3.239, time: 7.378
	critic_loss: 6.832, max_critic_loss: 328.206, min_critic_loss: 0.000
	actor_loss: -56.428, max_actor_loss: -1.718, min_actor_loss: -104.446
	value_loss: 0.484, max_value_loss: 13.102, min_value_loss: 0.000
	weight: 0.461, max_weight: 0.700, min_weight: 0.300
	v: 55.350, max_v: 105.129, min_v: -2.415
	q1: 55.141, max_q1: 104.981, min_q1: 0.370
	q2: 55.070, max_q2: 105.177, min_q2: -0.254
	target_q: 55.427, max_target_q: 105.535, min_target_q: -0.210

2023-02-25 19:03:43 - 
[#Step 110000] eval_reward: 22.560, eval_time: 2.554, time: 8.008
	critic_loss: 9.987, max_critic_loss: 1426.749, min_critic_loss: 0.008
	actor_loss: -59.279, max_actor_loss: 14.968, min_actor_loss: -104.168
	value_loss: 0.804, max_value_loss: 76.201, min_value_loss: 0.000
	weight: 0.458, max_weight: 0.700, min_weight: 0.300
	v: 57.741, max_v: 104.911, min_v: -13.791
	q1: 57.695, max_q1: 104.543, min_q1: -15.836
	q2: 57.939, max_q2: 105.389, min_q2: -12.038
	target_q: 57.426, max_target_q: 105.693, min_target_q: -13.733

2023-02-25 19:04:21 - 
[#Step 120000] eval_reward: 27.165, eval_time: 3.158, time: 8.644
	critic_loss: 4.023, max_critic_loss: 76.431, min_critic_loss: 0.005
	actor_loss: -61.760, max_actor_loss: 7.497, min_actor_loss: -101.365
	value_loss: 0.542, max_value_loss: 13.072, min_value_loss: 0.000
	weight: 0.459, max_weight: 0.700, min_weight: 0.300
	v: 60.741, max_v: 101.712, min_v: -5.918
	q1: 60.363, max_q1: 101.070, min_q1: -7.486
	q2: 60.387, max_q2: 101.125, min_q2: -8.200
	target_q: 60.761, max_target_q: 101.456, min_target_q: -7.982

2023-02-25 19:04:59 - 
[#Step 130000] eval_reward: 27.481, eval_time: 3.019, time: 9.276
	critic_loss: 5.336, max_critic_loss: 333.949, min_critic_loss: 0.000
	actor_loss: -56.170, max_actor_loss: 13.502, min_actor_loss: -104.315
	value_loss: 0.658, max_value_loss: 13.380, min_value_loss: 0.000
	weight: 0.508, max_weight: 0.700, min_weight: 0.300
	v: 54.421, max_v: 104.486, min_v: -14.750
	q1: 54.732, max_q1: 104.365, min_q1: -12.186
	q2: 54.851, max_q2: 105.301, min_q2: -13.812
	target_q: 54.624, max_target_q: 103.925, min_target_q: -14.265

2023-02-25 19:05:38 - 
[#Step 140000] eval_reward: 30.116, eval_time: 3.546, time: 9.919
	critic_loss: 6.056, max_critic_loss: 562.340, min_critic_loss: 0.001
	actor_loss: -58.846, max_actor_loss: 4.890, min_actor_loss: -105.175
	value_loss: 0.891, max_value_loss: 29.045, min_value_loss: 0.000
	weight: 0.448, max_weight: 0.700, min_weight: 0.300
	v: 57.537, max_v: 105.177, min_v: -9.539
	q1: 57.241, max_q1: 106.005, min_q1: -9.916
	q2: 57.399, max_q2: 105.825, min_q2: -9.639
	target_q: 57.275, max_target_q: 105.210, min_target_q: -11.253

2023-02-25 19:06:17 - 
[#Step 150000] eval_reward: 46.517, eval_time: 4.601, time: 10.577
	critic_loss: 4.614, max_critic_loss: 220.962, min_critic_loss: 0.001
	actor_loss: -54.848, max_actor_loss: 11.103, min_actor_loss: -107.323
	value_loss: 1.287, max_value_loss: 98.677, min_value_loss: 0.000
	weight: 0.442, max_weight: 0.700, min_weight: 0.300
	v: 53.115, max_v: 106.810, min_v: -11.070
	q1: 53.215, max_q1: 105.361, min_q1: -12.266
	q2: 53.113, max_q2: 105.264, min_q2: -12.953
	target_q: 53.024, max_target_q: 105.092, min_target_q: -11.251

2023-02-25 19:06:56 - 
[#Step 160000] eval_reward: 34.202, eval_time: 3.923, time: 11.223
	critic_loss: 4.062, max_critic_loss: 61.811, min_critic_loss: 0.000
	actor_loss: -56.994, max_actor_loss: 10.800, min_actor_loss: -106.510
	value_loss: 0.445, max_value_loss: 7.493, min_value_loss: 0.000
	weight: 0.439, max_weight: 0.700, min_weight: 0.300
	v: 55.543, max_v: 106.046, min_v: -13.820
	q1: 55.449, max_q1: 107.064, min_q1: -14.956
	q2: 55.291, max_q2: 107.785, min_q2: -13.392
	target_q: 55.299, max_target_q: 106.255, min_target_q: -12.256

2023-02-25 19:07:35 - 
[#Step 170000] eval_reward: 39.278, eval_time: 4.112, time: 11.874
	critic_loss: 3.937, max_critic_loss: 55.621, min_critic_loss: 0.006
	actor_loss: -57.397, max_actor_loss: 9.839, min_actor_loss: -108.020
	value_loss: 0.656, max_value_loss: 13.649, min_value_loss: 0.000
	weight: 0.453, max_weight: 0.700, min_weight: 0.300
	v: 55.843, max_v: 107.056, min_v: -10.069
	q1: 55.874, max_q1: 107.892, min_q1: -9.940
	q2: 55.936, max_q2: 107.838, min_q2: -12.372
	target_q: 56.029, max_target_q: 107.110, min_target_q: -8.571

2023-02-25 19:08:16 - 
[#Step 180000] eval_reward: 67.042, eval_time: 6.309, time: 12.562
	critic_loss: 5.212, max_critic_loss: 148.710, min_critic_loss: 0.002
	actor_loss: -59.109, max_actor_loss: 3.911, min_actor_loss: -112.289
	value_loss: 0.716, max_value_loss: 40.277, min_value_loss: 0.000
	weight: 0.447, max_weight: 0.700, min_weight: 0.300
	v: 57.501, max_v: 110.833, min_v: -8.126
	q1: 57.696, max_q1: 112.859, min_q1: -7.905
	q2: 57.615, max_q2: 111.483, min_q2: -8.647
	target_q: 57.503, max_target_q: 110.986, min_target_q: -8.102

2023-02-25 19:08:55 - 
[#Step 190000] eval_reward: 35.590, eval_time: 3.797, time: 13.207
	critic_loss: 4.216, max_critic_loss: 48.082, min_critic_loss: 0.010
	actor_loss: -57.316, max_actor_loss: 12.454, min_actor_loss: -102.530
	value_loss: 0.663, max_value_loss: 17.246, min_value_loss: 0.000
	weight: 0.438, max_weight: 0.700, min_weight: 0.300
	v: 55.967, max_v: 103.129, min_v: -11.511
	q1: 55.796, max_q1: 102.651, min_q1: -11.561
	q2: 55.855, max_q2: 101.882, min_q2: -11.603
	target_q: 56.073, max_target_q: 103.944, min_target_q: -10.841

2023-02-25 19:09:30 - Saving checkpoint at step: 40
2023-02-25 19:09:30 - Saved checkpoint at saved_models/walker2d-medium-replay-v2/COMFO6_s1_20230225_185543/actor_40
2023-02-25 19:09:30 - Saving checkpoint at step: 40
2023-02-25 19:09:30 - Saved checkpoint at saved_models/walker2d-medium-replay-v2/COMFO6_s1_20230225_185543/critic_40
2023-02-25 19:09:30 - Saving checkpoint at step: 40
2023-02-25 19:09:30 - Saved checkpoint at saved_models/walker2d-medium-replay-v2/COMFO6_s1_20230225_185543/value_40
2023-02-25 19:09:38 - 
[#Step 200000] eval_reward: 88.909, eval_time: 8.224, time: 13.930
	critic_loss: 5.127, max_critic_loss: 154.062, min_critic_loss: 0.004
	actor_loss: -57.458, max_actor_loss: 8.088, min_actor_loss: -106.013
	value_loss: 0.854, max_value_loss: 43.168, min_value_loss: 0.000
	weight: 0.484, max_weight: 0.700, min_weight: 0.300
	v: 55.708, max_v: 107.981, min_v: -12.323
	q1: 55.734, max_q1: 106.478, min_q1: -12.025
	q2: 55.755, max_q2: 107.278, min_q2: -11.873
	target_q: 55.738, max_target_q: 107.026, min_target_q: -14.357

2023-02-25 19:10:19 - 
[#Step 210000] eval_reward: 59.849, eval_time: 6.422, time: 14.615
	critic_loss: 7.957, max_critic_loss: 562.064, min_critic_loss: 0.002
	actor_loss: -57.227, max_actor_loss: -0.023, min_actor_loss: -106.258
	value_loss: 1.136, max_value_loss: 112.371, min_value_loss: 0.000
	weight: 0.467, max_weight: 0.700, min_weight: 0.300
	v: 55.559, max_v: 105.681, min_v: -6.933
	q1: 55.627, max_q1: 106.258, min_q1: -3.827
	q2: 55.538, max_q2: 106.730, min_q2: -4.512
	target_q: 55.775, max_target_q: 107.076, min_target_q: -5.401

2023-02-25 19:10:59 - 
[#Step 220000] eval_reward: 43.112, eval_time: 4.557, time: 15.274
	critic_loss: 4.295, max_critic_loss: 147.811, min_critic_loss: 0.000
	actor_loss: -55.362, max_actor_loss: 7.083, min_actor_loss: -103.686
	value_loss: 0.700, max_value_loss: 30.204, min_value_loss: 0.000
	weight: 0.462, max_weight: 0.700, min_weight: 0.300
	v: 53.811, max_v: 103.165, min_v: -7.509
	q1: 53.778, max_q1: 103.116, min_q1: -7.827
	q2: 53.654, max_q2: 103.075, min_q2: -7.753
	target_q: 53.643, max_target_q: 102.638, min_target_q: -9.678

2023-02-25 19:11:42 - 
[#Step 230000] eval_reward: 95.345, eval_time: 8.316, time: 15.998
	critic_loss: 6.093, max_critic_loss: 402.572, min_critic_loss: 0.011
	actor_loss: -58.709, max_actor_loss: 9.751, min_actor_loss: -101.153
	value_loss: 0.918, max_value_loss: 48.887, min_value_loss: 0.000
	weight: 0.438, max_weight: 0.700, min_weight: 0.300
	v: 57.225, max_v: 101.748, min_v: -9.814
	q1: 57.348, max_q1: 101.627, min_q1: -8.292
	q2: 57.233, max_q2: 101.763, min_q2: -11.072
	target_q: 57.156, max_target_q: 101.862, min_target_q: -12.032

2023-02-25 19:12:25 - 
[#Step 240000] eval_reward: 88.332, eval_time: 7.820, time: 16.712
	critic_loss: 4.969, max_critic_loss: 118.355, min_critic_loss: 0.003
	actor_loss: -57.537, max_actor_loss: 7.294, min_actor_loss: -102.837
	value_loss: 0.709, max_value_loss: 15.447, min_value_loss: 0.000
	weight: 0.419, max_weight: 0.700, min_weight: 0.300
	v: 55.821, max_v: 102.133, min_v: -9.684
	q1: 55.949, max_q1: 102.321, min_q1: -11.301
	q2: 55.841, max_q2: 102.127, min_q2: -11.080
	target_q: 55.775, max_target_q: 102.960, min_target_q: -11.244

2023-02-25 19:13:09 - 
[#Step 250000] eval_reward: 94.375, eval_time: 8.414, time: 17.438
	critic_loss: 5.124, max_critic_loss: 90.996, min_critic_loss: 0.004
	actor_loss: -57.609, max_actor_loss: 8.460, min_actor_loss: -106.852
	value_loss: 0.744, max_value_loss: 19.601, min_value_loss: 0.000
	weight: 0.452, max_weight: 0.700, min_weight: 0.300
	v: 56.020, max_v: 106.276, min_v: -11.900
	q1: 56.039, max_q1: 107.437, min_q1: -10.469
	q2: 56.093, max_q2: 106.330, min_q2: -11.290
	target_q: 56.011, max_target_q: 105.011, min_target_q: -12.420

2023-02-25 19:13:52 - 
[#Step 260000] eval_reward: 93.532, eval_time: 8.222, time: 18.159
	critic_loss: 4.144, max_critic_loss: 90.385, min_critic_loss: 0.001
	actor_loss: -59.985, max_actor_loss: 0.918, min_actor_loss: -100.619
	value_loss: 0.587, max_value_loss: 25.952, min_value_loss: 0.000
	weight: 0.461, max_weight: 0.700, min_weight: 0.300
	v: 58.528, max_v: 100.295, min_v: -1.093
	q1: 58.551, max_q1: 100.357, min_q1: -1.815
	q2: 58.544, max_q2: 101.101, min_q2: -0.693
	target_q: 58.703, max_target_q: 101.525, min_target_q: -0.211

2023-02-25 19:14:36 - 
[#Step 270000] eval_reward: 91.771, eval_time: 8.295, time: 18.882
	critic_loss: 5.189, max_critic_loss: 133.089, min_critic_loss: 0.010
	actor_loss: -57.275, max_actor_loss: 17.327, min_actor_loss: -104.142
	value_loss: 0.898, max_value_loss: 45.700, min_value_loss: 0.000
	weight: 0.477, max_weight: 0.700, min_weight: 0.300
	v: 54.871, max_v: 103.939, min_v: -14.575
	q1: 55.251, max_q1: 104.694, min_q1: -16.337
	q2: 55.379, max_q2: 105.227, min_q2: -13.305
	target_q: 54.720, max_target_q: 103.472, min_target_q: -16.437

2023-02-25 19:15:19 - 
[#Step 280000] eval_reward: 93.377, eval_time: 8.305, time: 19.606
	critic_loss: 5.833, max_critic_loss: 333.209, min_critic_loss: 0.000
	actor_loss: -55.997, max_actor_loss: 7.471, min_actor_loss: -105.117
	value_loss: 0.905, max_value_loss: 24.827, min_value_loss: 0.000
	weight: 0.447, max_weight: 0.700, min_weight: 0.300
	v: 54.604, max_v: 104.897, min_v: -12.438
	q1: 54.793, max_q1: 105.167, min_q1: -7.220
	q2: 54.722, max_q2: 106.117, min_q2: -9.036
	target_q: 54.516, max_target_q: 105.138, min_target_q: -6.347

2023-02-25 19:16:02 - 
[#Step 290000] eval_reward: 94.621, eval_time: 8.230, time: 20.328
	critic_loss: 4.201, max_critic_loss: 77.434, min_critic_loss: 0.003
	actor_loss: -59.542, max_actor_loss: 2.150, min_actor_loss: -104.488
	value_loss: 0.936, max_value_loss: 88.815, min_value_loss: 0.000
	weight: 0.461, max_weight: 0.700, min_weight: 0.300
	v: 58.050, max_v: 104.543, min_v: -4.895
	q1: 57.794, max_q1: 105.117, min_q1: -3.649
	q2: 57.876, max_q2: 104.969, min_q2: -1.722
	target_q: 57.951, max_target_q: 104.984, min_target_q: 0.833

2023-02-25 19:16:38 - Saving checkpoint at step: 60
2023-02-25 19:16:38 - Saved checkpoint at saved_models/walker2d-medium-replay-v2/COMFO6_s1_20230225_185543/actor_60
2023-02-25 19:16:38 - Saving checkpoint at step: 60
2023-02-25 19:16:38 - Saved checkpoint at saved_models/walker2d-medium-replay-v2/COMFO6_s1_20230225_185543/critic_60
2023-02-25 19:16:38 - Saving checkpoint at step: 60
2023-02-25 19:16:38 - Saved checkpoint at saved_models/walker2d-medium-replay-v2/COMFO6_s1_20230225_185543/value_60
2023-02-25 19:16:46 - 
[#Step 300000] eval_reward: 92.171, eval_time: 8.216, time: 21.053
	critic_loss: 4.778, max_critic_loss: 73.966, min_critic_loss: 0.005
	actor_loss: -58.757, max_actor_loss: 4.862, min_actor_loss: -102.660
	value_loss: 1.064, max_value_loss: 54.877, min_value_loss: 0.000
	weight: 0.428, max_weight: 0.700, min_weight: 0.300
	v: 57.066, max_v: 101.053, min_v: -7.938
	q1: 56.991, max_q1: 102.146, min_q1: -9.399
	q2: 57.211, max_q2: 101.145, min_q2: -7.292
	target_q: 57.319, max_target_q: 100.992, min_target_q: -8.370

2023-02-25 19:17:29 - 
[#Step 310000] eval_reward: 86.294, eval_time: 7.702, time: 21.769
	critic_loss: 4.796, max_critic_loss: 121.605, min_critic_loss: 0.000
	actor_loss: -57.711, max_actor_loss: 8.358, min_actor_loss: -102.866
	value_loss: 0.729, max_value_loss: 27.505, min_value_loss: 0.000
	weight: 0.478, max_weight: 0.700, min_weight: 0.300
	v: 56.254, max_v: 102.886, min_v: -10.283
	q1: 56.146, max_q1: 102.457, min_q1: -9.119
	q2: 56.099, max_q2: 102.784, min_q2: -9.031
	target_q: 56.019, max_target_q: 102.704, min_target_q: -8.593

2023-02-25 19:18:10 - 
[#Step 320000] eval_reward: 71.522, eval_time: 6.445, time: 22.464
	critic_loss: 5.703, max_critic_loss: 166.256, min_critic_loss: 0.011
	actor_loss: -57.303, max_actor_loss: 12.486, min_actor_loss: -101.596
	value_loss: 1.018, max_value_loss: 82.117, min_value_loss: 0.000
	weight: 0.489, max_weight: 0.700, min_weight: 0.300
	v: 55.174, max_v: 99.294, min_v: -14.131
	q1: 55.743, max_q1: 101.262, min_q1: -11.459
	q2: 55.685, max_q2: 100.636, min_q2: -12.038
	target_q: 54.986, max_target_q: 100.610, min_target_q: -10.381

2023-02-25 19:18:54 - 
[#Step 330000] eval_reward: 92.975, eval_time: 8.260, time: 23.187
	critic_loss: 5.954, max_critic_loss: 156.798, min_critic_loss: 0.003
	actor_loss: -57.942, max_actor_loss: 3.593, min_actor_loss: -106.034
	value_loss: 0.942, max_value_loss: 24.431, min_value_loss: 0.000
	weight: 0.455, max_weight: 0.700, min_weight: 0.300
	v: 56.121, max_v: 105.704, min_v: -8.501
	q1: 56.371, max_q1: 105.544, min_q1: -11.791
	q2: 56.416, max_q2: 106.575, min_q2: -12.372
	target_q: 56.105, max_target_q: 104.596, min_target_q: -11.193

2023-02-25 19:19:37 - 
[#Step 340000] eval_reward: 87.095, eval_time: 7.507, time: 23.904
	critic_loss: 5.257, max_critic_loss: 227.807, min_critic_loss: 0.002
	actor_loss: -57.111, max_actor_loss: 6.166, min_actor_loss: -101.783
	value_loss: 0.569, max_value_loss: 12.593, min_value_loss: 0.000
	weight: 0.420, max_weight: 0.700, min_weight: 0.300
	v: 55.875, max_v: 102.127, min_v: -10.757
	q1: 55.767, max_q1: 101.985, min_q1: -10.379
	q2: 55.822, max_q2: 100.783, min_q2: -9.057
	target_q: 56.059, max_target_q: 103.030, min_target_q: -12.784

2023-02-25 19:20:20 - 
[#Step 350000] eval_reward: 94.757, eval_time: 8.279, time: 24.629
	critic_loss: 4.145, max_critic_loss: 48.441, min_critic_loss: 0.001
	actor_loss: -57.959, max_actor_loss: 3.578, min_actor_loss: -100.385
	value_loss: 0.725, max_value_loss: 25.898, min_value_loss: 0.000
	weight: 0.486, max_weight: 0.700, min_weight: 0.300
	v: 56.228, max_v: 98.189, min_v: -7.085
	q1: 56.407, max_q1: 99.888, min_q1: -7.550
	q2: 56.382, max_q2: 99.386, min_q2: -5.709
	target_q: 56.336, max_target_q: 98.818, min_target_q: -7.381

2023-02-25 19:21:04 - 
[#Step 360000] eval_reward: 93.988, eval_time: 8.224, time: 25.355
	critic_loss: 5.625, max_critic_loss: 144.999, min_critic_loss: 0.007
	actor_loss: -55.750, max_actor_loss: 6.811, min_actor_loss: -100.641
	value_loss: 0.858, max_value_loss: 53.510, min_value_loss: 0.000
	weight: 0.398, max_weight: 0.700, min_weight: 0.300
	v: 54.403, max_v: 102.633, min_v: -8.412
	q1: 53.842, max_q1: 101.222, min_q1: -6.714
	q2: 53.970, max_q2: 102.374, min_q2: -6.703
	target_q: 54.244, max_target_q: 103.007, min_target_q: -7.911

2023-02-25 19:21:47 - 
[#Step 370000] eval_reward: 88.740, eval_time: 7.880, time: 26.075
	critic_loss: 6.036, max_critic_loss: 128.328, min_critic_loss: 0.001
	actor_loss: -58.277, max_actor_loss: 7.283, min_actor_loss: -102.355
	value_loss: 0.575, max_value_loss: 10.387, min_value_loss: 0.000
	weight: 0.448, max_weight: 0.700, min_weight: 0.300
	v: 56.485, max_v: 101.361, min_v: -10.501
	q1: 56.641, max_q1: 101.689, min_q1: -8.653
	q2: 56.587, max_q2: 101.304, min_q2: -8.024
	target_q: 56.631, max_target_q: 101.490, min_target_q: -10.392

2023-02-25 19:22:30 - 
[#Step 380000] eval_reward: 87.996, eval_time: 7.619, time: 26.789
	critic_loss: 4.881, max_critic_loss: 112.872, min_critic_loss: 0.000
	actor_loss: -56.751, max_actor_loss: 5.378, min_actor_loss: -100.239
	value_loss: 0.700, max_value_loss: 9.721, min_value_loss: 0.000
	weight: 0.445, max_weight: 0.700, min_weight: 0.300
	v: 54.934, max_v: 99.665, min_v: -6.762
	q1: 54.950, max_q1: 99.529, min_q1: -5.800
	q2: 55.151, max_q2: 100.687, min_q2: -4.262
	target_q: 54.581, max_target_q: 99.672, min_target_q: -7.050

2023-02-25 19:23:12 - 
[#Step 390000] eval_reward: 78.566, eval_time: 7.403, time: 27.493
	critic_loss: 4.421, max_critic_loss: 144.843, min_critic_loss: 0.010
	actor_loss: -57.601, max_actor_loss: 3.558, min_actor_loss: -99.492
	value_loss: 0.683, max_value_loss: 19.922, min_value_loss: 0.000
	weight: 0.494, max_weight: 0.700, min_weight: 0.300
	v: 56.233, max_v: 101.726, min_v: -4.794
	q1: 56.009, max_q1: 99.651, min_q1: -6.616
	q2: 56.149, max_q2: 100.394, min_q2: -6.673
	target_q: 56.517, max_target_q: 101.969, min_target_q: -4.500

2023-02-25 19:23:47 - Saving checkpoint at step: 80
2023-02-25 19:23:47 - Saved checkpoint at saved_models/walker2d-medium-replay-v2/COMFO6_s1_20230225_185543/actor_80
2023-02-25 19:23:48 - Saving checkpoint at step: 80
2023-02-25 19:23:48 - Saved checkpoint at saved_models/walker2d-medium-replay-v2/COMFO6_s1_20230225_185543/critic_80
2023-02-25 19:23:48 - Saving checkpoint at step: 80
2023-02-25 19:23:48 - Saved checkpoint at saved_models/walker2d-medium-replay-v2/COMFO6_s1_20230225_185543/value_80
2023-02-25 19:23:55 - 
[#Step 400000] eval_reward: 85.598, eval_time: 7.578, time: 28.209
	critic_loss: 4.804, max_critic_loss: 137.255, min_critic_loss: 0.002
	actor_loss: -58.793, max_actor_loss: 7.159, min_actor_loss: -100.745
	value_loss: 0.637, max_value_loss: 13.470, min_value_loss: 0.000
	weight: 0.467, max_weight: 0.700, min_weight: 0.300
	v: 57.400, max_v: 100.274, min_v: -7.325
	q1: 57.341, max_q1: 102.030, min_q1: -8.472
	q2: 57.400, max_q2: 101.255, min_q2: -7.945
	target_q: 57.786, max_target_q: 101.485, min_target_q: -8.124

2023-02-25 19:24:39 - 
[#Step 410000] eval_reward: 92.523, eval_time: 8.323, time: 28.934
	critic_loss: 3.869, max_critic_loss: 101.939, min_critic_loss: 0.004
	actor_loss: -55.001, max_actor_loss: 7.385, min_actor_loss: -102.968
	value_loss: 0.734, max_value_loss: 47.760, min_value_loss: 0.000
	weight: 0.438, max_weight: 0.700, min_weight: 0.300
	v: 53.413, max_v: 104.206, min_v: -12.914
	q1: 53.284, max_q1: 103.077, min_q1: -13.895
	q2: 53.361, max_q2: 103.811, min_q2: -10.932
	target_q: 53.328, max_target_q: 102.735, min_target_q: -11.640

2023-02-25 19:25:22 - 
[#Step 420000] eval_reward: 95.196, eval_time: 8.338, time: 29.662
	critic_loss: 3.646, max_critic_loss: 96.987, min_critic_loss: 0.000
	actor_loss: -56.268, max_actor_loss: 12.307, min_actor_loss: -102.929
	value_loss: 0.765, max_value_loss: 14.300, min_value_loss: 0.000
	weight: 0.391, max_weight: 0.700, min_weight: 0.300
	v: 55.396, max_v: 103.430, min_v: -16.019
	q1: 54.858, max_q1: 102.600, min_q1: -14.334
	q2: 54.998, max_q2: 103.272, min_q2: -14.402
	target_q: 55.149, max_target_q: 103.345, min_target_q: -14.469

2023-02-25 19:26:06 - 
[#Step 430000] eval_reward: 94.555, eval_time: 8.289, time: 30.388
	critic_loss: 4.554, max_critic_loss: 249.345, min_critic_loss: 0.002
	actor_loss: -55.481, max_actor_loss: 7.413, min_actor_loss: -101.766
	value_loss: 0.814, max_value_loss: 32.952, min_value_loss: 0.000
	weight: 0.481, max_weight: 0.700, min_weight: 0.300
	v: 54.025, max_v: 101.739, min_v: -9.230
	q1: 53.969, max_q1: 103.055, min_q1: -10.560
	q2: 53.922, max_q2: 102.233, min_q2: -7.979
	target_q: 54.120, max_target_q: 102.566, min_target_q: -9.769

2023-02-25 19:26:50 - 
[#Step 440000] eval_reward: 93.888, eval_time: 8.368, time: 31.115
	critic_loss: 4.314, max_critic_loss: 87.847, min_critic_loss: 0.007
	actor_loss: -57.542, max_actor_loss: 5.576, min_actor_loss: -106.947
	value_loss: 0.656, max_value_loss: 7.577, min_value_loss: 0.000
	weight: 0.417, max_weight: 0.700, min_weight: 0.300
	v: 56.555, max_v: 106.930, min_v: -4.923
	q1: 56.221, max_q1: 106.997, min_q1: -4.458
	q2: 56.255, max_q2: 107.438, min_q2: -3.018
	target_q: 56.629, max_target_q: 107.521, min_target_q: -2.685

2023-02-25 19:27:33 - 
[#Step 450000] eval_reward: 95.386, eval_time: 8.303, time: 31.840
	critic_loss: 5.040, max_critic_loss: 163.842, min_critic_loss: 0.001
	actor_loss: -56.888, max_actor_loss: 5.328, min_actor_loss: -100.517
	value_loss: 1.095, max_value_loss: 65.587, min_value_loss: 0.000
	weight: 0.455, max_weight: 0.700, min_weight: 0.300
	v: 55.479, max_v: 100.969, min_v: -7.666
	q1: 55.243, max_q1: 101.342, min_q1: -5.607
	q2: 55.228, max_q2: 101.211, min_q2: -5.247
	target_q: 55.462, max_target_q: 100.599, min_target_q: -6.132

2023-02-25 19:28:16 - 
[#Step 460000] eval_reward: 93.137, eval_time: 8.254, time: 32.565
	critic_loss: 3.804, max_critic_loss: 86.483, min_critic_loss: 0.002
	actor_loss: -56.487, max_actor_loss: 3.639, min_actor_loss: -98.093
	value_loss: 0.833, max_value_loss: 40.691, min_value_loss: 0.000
	weight: 0.442, max_weight: 0.700, min_weight: 0.300
	v: 54.883, max_v: 97.838, min_v: -5.756
	q1: 54.830, max_q1: 98.064, min_q1: -4.306
	q2: 54.773, max_q2: 98.370, min_q2: -3.974
	target_q: 54.703, max_target_q: 97.830, min_target_q: -5.338

2023-02-25 19:29:00 - 
[#Step 470000] eval_reward: 94.503, eval_time: 8.325, time: 33.291
	critic_loss: 3.688, max_critic_loss: 84.650, min_critic_loss: 0.000
	actor_loss: -55.834, max_actor_loss: 9.846, min_actor_loss: -103.059
	value_loss: 1.064, max_value_loss: 122.666, min_value_loss: 0.000
	weight: 0.480, max_weight: 0.700, min_weight: 0.300
	v: 54.038, max_v: 100.933, min_v: -11.270
	q1: 54.045, max_q1: 103.152, min_q1: -11.809
	q2: 54.087, max_q2: 103.490, min_q2: -13.782
	target_q: 53.961, max_target_q: 103.091, min_target_q: -13.349

2023-02-25 19:29:44 - 
[#Step 480000] eval_reward: 94.549, eval_time: 8.361, time: 34.017
	critic_loss: 3.964, max_critic_loss: 152.480, min_critic_loss: 0.002
	actor_loss: -56.090, max_actor_loss: 7.705, min_actor_loss: -102.838
	value_loss: 0.762, max_value_loss: 71.959, min_value_loss: 0.000
	weight: 0.450, max_weight: 0.700, min_weight: 0.300
	v: 54.684, max_v: 102.342, min_v: -9.250
	q1: 54.636, max_q1: 102.412, min_q1: -9.347
	q2: 54.583, max_q2: 103.749, min_q2: -8.626
	target_q: 54.679, max_target_q: 104.779, min_target_q: -9.690

2023-02-25 19:30:27 - 
[#Step 490000] eval_reward: 94.014, eval_time: 8.167, time: 34.737
	critic_loss: 5.311, max_critic_loss: 77.396, min_critic_loss: 0.007
	actor_loss: -54.932, max_actor_loss: 8.109, min_actor_loss: -102.855
	value_loss: 1.250, max_value_loss: 97.311, min_value_loss: 0.000
	weight: 0.403, max_weight: 0.700, min_weight: 0.300
	v: 53.623, max_v: 103.762, min_v: -9.338
	q1: 53.269, max_q1: 103.086, min_q1: -8.699
	q2: 53.018, max_q2: 102.427, min_q2: -7.586
	target_q: 53.473, max_target_q: 103.672, min_target_q: -7.362

2023-02-25 19:31:02 - Saving checkpoint at step: 100
2023-02-25 19:31:02 - Saved checkpoint at saved_models/walker2d-medium-replay-v2/COMFO6_s1_20230225_185543/actor_100
2023-02-25 19:31:02 - Saving checkpoint at step: 100
2023-02-25 19:31:02 - Saved checkpoint at saved_models/walker2d-medium-replay-v2/COMFO6_s1_20230225_185543/critic_100
2023-02-25 19:31:02 - Saving checkpoint at step: 100
2023-02-25 19:31:02 - Saved checkpoint at saved_models/walker2d-medium-replay-v2/COMFO6_s1_20230225_185543/value_100
2023-02-25 19:31:10 - 
[#Step 500000] eval_reward: 94.761, eval_time: 8.715, time: 35.464
	critic_loss: 3.451, max_critic_loss: 77.241, min_critic_loss: 0.003
	actor_loss: -58.275, max_actor_loss: 6.226, min_actor_loss: -103.337
	value_loss: 1.265, max_value_loss: 102.852, min_value_loss: 0.000
	weight: 0.422, max_weight: 0.700, min_weight: 0.300
	v: 57.060, max_v: 104.344, min_v: -7.147
	q1: 56.470, max_q1: 103.744, min_q1: -8.980
	q2: 56.457, max_q2: 104.266, min_q2: -6.894
	target_q: 56.719, max_target_q: 104.260, min_target_q: -7.237

2023-02-25 19:31:54 - 
[#Step 510000] eval_reward: 96.247, eval_time: 8.473, time: 36.189
	critic_loss: 5.111, max_critic_loss: 86.669, min_critic_loss: 0.003
	actor_loss: -56.295, max_actor_loss: -1.552, min_actor_loss: -99.317
	value_loss: 0.796, max_value_loss: 20.540, min_value_loss: 0.000
	weight: 0.405, max_weight: 0.700, min_weight: 0.300
	v: 55.337, max_v: 99.595, min_v: -1.850
	q1: 55.011, max_q1: 99.546, min_q1: -1.984
	q2: 55.161, max_q2: 99.604, min_q2: -1.741
	target_q: 55.327, max_target_q: 99.829, min_target_q: -2.049

2023-02-25 19:32:37 - 
[#Step 520000] eval_reward: 94.503, eval_time: 8.312, time: 36.906
	critic_loss: 3.321, max_critic_loss: 48.608, min_critic_loss: 0.003
	actor_loss: -56.232, max_actor_loss: 7.593, min_actor_loss: -97.358
	value_loss: 0.762, max_value_loss: 23.366, min_value_loss: 0.000
	weight: 0.391, max_weight: 0.700, min_weight: 0.300
	v: 54.612, max_v: 98.046, min_v: -10.653
	q1: 54.298, max_q1: 98.494, min_q1: -10.292
	q2: 54.200, max_q2: 97.237, min_q2: -9.058
	target_q: 54.150, max_target_q: 98.361, min_target_q: -9.608

2023-02-25 19:33:20 - 
[#Step 530000] eval_reward: 93.480, eval_time: 8.966, time: 37.631
	critic_loss: 3.629, max_critic_loss: 76.248, min_critic_loss: 0.011
	actor_loss: -57.002, max_actor_loss: 9.696, min_actor_loss: -99.921
	value_loss: 0.884, max_value_loss: 55.538, min_value_loss: 0.000
	weight: 0.444, max_weight: 0.700, min_weight: 0.300
	v: 55.538, max_v: 100.162, min_v: -12.534
	q1: 55.375, max_q1: 100.854, min_q1: -13.699
	q2: 55.151, max_q2: 100.639, min_q2: -13.174
	target_q: 55.639, max_target_q: 100.905, min_target_q: -11.479

2023-02-25 19:34:03 - 
[#Step 540000] eval_reward: 95.373, eval_time: 8.289, time: 38.347
	critic_loss: 3.653, max_critic_loss: 131.031, min_critic_loss: 0.005
	actor_loss: -55.995, max_actor_loss: 9.334, min_actor_loss: -99.985
	value_loss: 0.599, max_value_loss: 12.832, min_value_loss: 0.000
	weight: 0.419, max_weight: 0.700, min_weight: 0.300
	v: 54.690, max_v: 100.250, min_v: -11.921
	q1: 54.491, max_q1: 101.233, min_q1: -11.912
	q2: 54.693, max_q2: 100.056, min_q2: -11.800
	target_q: 54.690, max_target_q: 102.165, min_target_q: -12.487

2023-02-25 19:34:46 - 
[#Step 550000] eval_reward: 96.313, eval_time: 8.524, time: 39.059
	critic_loss: 4.065, max_critic_loss: 89.030, min_critic_loss: 0.002
	actor_loss: -58.736, max_actor_loss: 12.837, min_actor_loss: -99.707
	value_loss: 0.679, max_value_loss: 29.488, min_value_loss: 0.000
	weight: 0.456, max_weight: 0.700, min_weight: 0.300
	v: 57.054, max_v: 100.275, min_v: -8.297
	q1: 57.147, max_q1: 99.965, min_q1: -11.206
	q2: 57.133, max_q2: 100.025, min_q2: -13.644
	target_q: 56.967, max_target_q: 101.166, min_target_q: -12.182

2023-02-25 19:35:29 - 
[#Step 560000] eval_reward: 96.710, eval_time: 8.628, time: 39.776
	critic_loss: 6.668, max_critic_loss: 321.954, min_critic_loss: 0.018
	actor_loss: -57.480, max_actor_loss: 5.857, min_actor_loss: -100.888
	value_loss: 0.823, max_value_loss: 40.426, min_value_loss: 0.000
	weight: 0.414, max_weight: 0.700, min_weight: 0.300
	v: 56.187, max_v: 102.846, min_v: -6.994
	q1: 55.819, max_q1: 102.173, min_q1: -6.967
	q2: 56.022, max_q2: 104.605, min_q2: -5.189
	target_q: 56.620, max_target_q: 107.562, min_target_q: -7.572

2023-02-25 19:36:13 - 
[#Step 570000] eval_reward: 95.882, eval_time: 8.789, time: 40.505
	critic_loss: 6.963, max_critic_loss: 97.923, min_critic_loss: 0.026
	actor_loss: -59.195, max_actor_loss: 0.491, min_actor_loss: -100.071
	value_loss: 0.817, max_value_loss: 19.370, min_value_loss: 0.000
	weight: 0.491, max_weight: 0.700, min_weight: 0.300
	v: 56.970, max_v: 98.057, min_v: -5.181
	q1: 57.770, max_q1: 99.613, min_q1: -3.379
	q2: 57.712, max_q2: 100.187, min_q2: -4.658
	target_q: 56.643, max_target_q: 98.012, min_target_q: -4.663

2023-02-25 19:36:56 - 
[#Step 580000] eval_reward: 95.328, eval_time: 8.676, time: 41.230
	critic_loss: 4.303, max_critic_loss: 97.882, min_critic_loss: 0.001
	actor_loss: -57.836, max_actor_loss: 6.896, min_actor_loss: -101.145
	value_loss: 1.190, max_value_loss: 114.887, min_value_loss: 0.000
	weight: 0.480, max_weight: 0.700, min_weight: 0.300
	v: 56.078, max_v: 100.020, min_v: -8.294
	q1: 56.403, max_q1: 100.603, min_q1: -6.994
	q2: 56.280, max_q2: 100.669, min_q2: -5.399
	target_q: 56.061, max_target_q: 99.194, min_target_q: -7.137

2023-02-25 19:37:40 - 
[#Step 590000] eval_reward: 94.304, eval_time: 8.323, time: 41.953
	critic_loss: 3.363, max_critic_loss: 43.900, min_critic_loss: 0.001
	actor_loss: -55.724, max_actor_loss: 7.126, min_actor_loss: -100.745
	value_loss: 0.761, max_value_loss: 15.527, min_value_loss: 0.000
	weight: 0.480, max_weight: 0.700, min_weight: 0.300
	v: 53.955, max_v: 99.894, min_v: -9.392
	q1: 53.988, max_q1: 99.276, min_q1: -5.623
	q2: 53.877, max_q2: 98.783, min_q2: -7.876
	target_q: 53.826, max_target_q: 98.293, min_target_q: -6.993

2023-02-25 19:38:15 - Saving checkpoint at step: 120
2023-02-25 19:38:15 - Saved checkpoint at saved_models/walker2d-medium-replay-v2/COMFO6_s1_20230225_185543/actor_120
2023-02-25 19:38:15 - Removing checkpoint at saved_models/walker2d-medium-replay-v2/COMFO6_s1_20230225_185543/actor_20
2023-02-25 19:38:15 - Saving checkpoint at step: 120
2023-02-25 19:38:15 - Saved checkpoint at saved_models/walker2d-medium-replay-v2/COMFO6_s1_20230225_185543/critic_120
2023-02-25 19:38:15 - Removing checkpoint at saved_models/walker2d-medium-replay-v2/COMFO6_s1_20230225_185543/critic_20
2023-02-25 19:38:15 - Saving checkpoint at step: 120
2023-02-25 19:38:15 - Saved checkpoint at saved_models/walker2d-medium-replay-v2/COMFO6_s1_20230225_185543/value_120
2023-02-25 19:38:15 - Removing checkpoint at saved_models/walker2d-medium-replay-v2/COMFO6_s1_20230225_185543/value_20
2023-02-25 19:38:24 - 
[#Step 600000] eval_reward: 93.029, eval_time: 8.755, time: 42.685
	critic_loss: 4.371, max_critic_loss: 55.794, min_critic_loss: 0.004
	actor_loss: -55.283, max_actor_loss: 3.098, min_actor_loss: -98.291
	value_loss: 0.660, max_value_loss: 9.217, min_value_loss: 0.000
	weight: 0.417, max_weight: 0.700, min_weight: 0.300
	v: 53.842, max_v: 99.455, min_v: -5.917
	q1: 53.356, max_q1: 98.937, min_q1: -7.308
	q2: 53.177, max_q2: 98.594, min_q2: -7.090
	target_q: 53.780, max_target_q: 99.202, min_target_q: -5.841

2023-02-25 19:39:05 - 
[#Step 610000] eval_reward: 71.250, eval_time: 6.416, time: 43.379
	critic_loss: 4.952, max_critic_loss: 64.469, min_critic_loss: 0.007
	actor_loss: -57.249, max_actor_loss: 4.418, min_actor_loss: -101.839
	value_loss: 0.665, max_value_loss: 8.812, min_value_loss: 0.000
	weight: 0.411, max_weight: 0.700, min_weight: 0.300
	v: 55.828, max_v: 102.418, min_v: -8.204
	q1: 55.355, max_q1: 102.575, min_q1: -8.751
	q2: 55.368, max_q2: 101.572, min_q2: -7.768
	target_q: 55.921, max_target_q: 103.542, min_target_q: -6.897

2023-02-25 19:39:49 - 
[#Step 620000] eval_reward: 95.087, eval_time: 8.403, time: 44.106
	critic_loss: 5.038, max_critic_loss: 70.628, min_critic_loss: 0.004
	actor_loss: -55.021, max_actor_loss: -1.003, min_actor_loss: -98.193
	value_loss: 0.851, max_value_loss: 37.549, min_value_loss: 0.000
	weight: 0.420, max_weight: 0.700, min_weight: 0.300
	v: 54.003, max_v: 98.242, min_v: 1.153
	q1: 53.552, max_q1: 96.077, min_q1: -1.334
	q2: 53.314, max_q2: 96.865, min_q2: -4.574
	target_q: 54.093, max_target_q: 97.255, min_target_q: -1.972

2023-02-25 19:40:33 - 
[#Step 630000] eval_reward: 94.350, eval_time: 8.413, time: 44.837
	critic_loss: 3.790, max_critic_loss: 74.635, min_critic_loss: 0.004
	actor_loss: -60.270, max_actor_loss: 1.960, min_actor_loss: -103.549
	value_loss: 0.679, max_value_loss: 22.571, min_value_loss: 0.000
	weight: 0.447, max_weight: 0.700, min_weight: 0.300
	v: 58.350, max_v: 103.127, min_v: -10.637
	q1: 58.502, max_q1: 103.976, min_q1: -8.874
	q2: 58.506, max_q2: 104.554, min_q2: -7.199
	target_q: 58.352, max_target_q: 103.371, min_target_q: -10.529

2023-02-25 19:41:16 - 
[#Step 640000] eval_reward: 94.072, eval_time: 8.248, time: 45.563
	critic_loss: 3.900, max_critic_loss: 102.636, min_critic_loss: 0.004
	actor_loss: -58.097, max_actor_loss: -0.531, min_actor_loss: -101.566
	value_loss: 0.651, max_value_loss: 10.172, min_value_loss: 0.000
	weight: 0.436, max_weight: 0.700, min_weight: 0.300
	v: 56.701, max_v: 103.323, min_v: -1.827
	q1: 56.830, max_q1: 102.488, min_q1: -3.270
	q2: 56.576, max_q2: 101.630, min_q2: -1.913
	target_q: 56.883, max_target_q: 102.067, min_target_q: -4.671

2023-02-25 19:42:00 - 
[#Step 650000] eval_reward: 93.354, eval_time: 8.258, time: 46.290
	critic_loss: 6.894, max_critic_loss: 274.462, min_critic_loss: 0.006
	actor_loss: -55.418, max_actor_loss: 5.555, min_actor_loss: -102.612
	value_loss: 0.873, max_value_loss: 29.288, min_value_loss: 0.000
	weight: 0.480, max_weight: 0.700, min_weight: 0.300
	v: 53.128, max_v: 103.112, min_v: -10.314
	q1: 53.543, max_q1: 102.482, min_q1: -9.533
	q2: 53.532, max_q2: 103.188, min_q2: -8.582
	target_q: 52.881, max_target_q: 102.225, min_target_q: -10.322

2023-02-25 19:42:43 - 
[#Step 660000] eval_reward: 96.740, eval_time: 8.143, time: 47.015
	critic_loss: 3.525, max_critic_loss: 92.946, min_critic_loss: 0.000
	actor_loss: -57.034, max_actor_loss: 4.500, min_actor_loss: -103.281
	value_loss: 0.670, max_value_loss: 14.177, min_value_loss: 0.000
	weight: 0.448, max_weight: 0.700, min_weight: 0.300
	v: 55.384, max_v: 103.457, min_v: -7.072
	q1: 55.264, max_q1: 103.567, min_q1: -9.277
	q2: 55.320, max_q2: 103.476, min_q2: -9.277
	target_q: 55.062, max_target_q: 103.254, min_target_q: -7.367

2023-02-25 19:43:27 - 
[#Step 670000] eval_reward: 95.789, eval_time: 8.235, time: 47.734
	critic_loss: 3.025, max_critic_loss: 42.473, min_critic_loss: 0.004
	actor_loss: -54.438, max_actor_loss: 8.053, min_actor_loss: -96.439
	value_loss: 0.611, max_value_loss: 8.132, min_value_loss: 0.000
	weight: 0.488, max_weight: 0.700, min_weight: 0.300
	v: 52.972, max_v: 98.885, min_v: -7.080
	q1: 53.018, max_q1: 96.355, min_q1: -6.720
	q2: 53.043, max_q2: 97.434, min_q2: -6.790
	target_q: 53.204, max_target_q: 97.307, min_target_q: -7.823

2023-02-25 19:44:10 - 
[#Step 680000] eval_reward: 94.861, eval_time: 8.274, time: 48.462
	critic_loss: 5.592, max_critic_loss: 94.082, min_critic_loss: 0.005
	actor_loss: -56.022, max_actor_loss: 2.620, min_actor_loss: -98.952
	value_loss: 0.719, max_value_loss: 11.387, min_value_loss: 0.000
	weight: 0.441, max_weight: 0.700, min_weight: 0.300
	v: 54.826, max_v: 100.270, min_v: -4.114
	q1: 54.345, max_q1: 97.858, min_q1: -6.124
	q2: 54.477, max_q2: 98.497, min_q2: -7.847
	target_q: 55.000, max_target_q: 99.716, min_target_q: -4.446

2023-02-25 19:44:54 - 
[#Step 690000] eval_reward: 94.259, eval_time: 8.214, time: 49.190
	critic_loss: 3.651, max_critic_loss: 32.181, min_critic_loss: 0.001
	actor_loss: -56.047, max_actor_loss: 9.306, min_actor_loss: -100.959
	value_loss: 0.812, max_value_loss: 24.097, min_value_loss: 0.000
	weight: 0.434, max_weight: 0.700, min_weight: 0.300
	v: 54.212, max_v: 98.735, min_v: -11.407
	q1: 54.221, max_q1: 100.680, min_q1: -10.261
	q2: 54.268, max_q2: 100.164, min_q2: -7.880
	target_q: 54.023, max_target_q: 101.775, min_target_q: -12.267

2023-02-25 19:45:29 - Saving checkpoint at step: 140
2023-02-25 19:45:29 - Saved checkpoint at saved_models/walker2d-medium-replay-v2/COMFO6_s1_20230225_185543/actor_140
2023-02-25 19:45:29 - Removing checkpoint at saved_models/walker2d-medium-replay-v2/COMFO6_s1_20230225_185543/actor_40
2023-02-25 19:45:29 - Saving checkpoint at step: 140
2023-02-25 19:45:29 - Saved checkpoint at saved_models/walker2d-medium-replay-v2/COMFO6_s1_20230225_185543/critic_140
2023-02-25 19:45:30 - Removing checkpoint at saved_models/walker2d-medium-replay-v2/COMFO6_s1_20230225_185543/critic_40
2023-02-25 19:45:30 - Saving checkpoint at step: 140
2023-02-25 19:45:30 - Saved checkpoint at saved_models/walker2d-medium-replay-v2/COMFO6_s1_20230225_185543/value_140
2023-02-25 19:45:30 - Removing checkpoint at saved_models/walker2d-medium-replay-v2/COMFO6_s1_20230225_185543/value_40
2023-02-25 19:45:38 - 
[#Step 700000] eval_reward: 95.576, eval_time: 8.376, time: 49.922
	critic_loss: 3.801, max_critic_loss: 41.711, min_critic_loss: 0.008
	actor_loss: -59.922, max_actor_loss: 5.390, min_actor_loss: -97.253
	value_loss: 0.729, max_value_loss: 20.495, min_value_loss: 0.000
	weight: 0.461, max_weight: 0.700, min_weight: 0.300
	v: 58.515, max_v: 97.202, min_v: -7.802
	q1: 58.279, max_q1: 96.397, min_q1: -7.799
	q2: 58.262, max_q2: 97.489, min_q2: -7.359
	target_q: 58.591, max_target_q: 97.808, min_target_q: -7.613

2023-02-25 19:46:22 - 
[#Step 710000] eval_reward: 93.683, eval_time: 8.277, time: 50.651
	critic_loss: 4.785, max_critic_loss: 81.733, min_critic_loss: 0.001
	actor_loss: -56.918, max_actor_loss: 8.256, min_actor_loss: -98.875
	value_loss: 1.120, max_value_loss: 67.500, min_value_loss: 0.000
	weight: 0.462, max_weight: 0.700, min_weight: 0.300
	v: 54.943, max_v: 98.624, min_v: -9.542
	q1: 54.746, max_q1: 98.770, min_q1: -9.741
	q2: 54.896, max_q2: 99.207, min_q2: -7.366
	target_q: 54.837, max_target_q: 98.563, min_target_q: -9.119

2023-02-25 19:47:05 - 
[#Step 720000] eval_reward: 94.640, eval_time: 8.399, time: 51.378
	critic_loss: 3.297, max_critic_loss: 76.245, min_critic_loss: 0.003
	actor_loss: -57.925, max_actor_loss: 3.782, min_actor_loss: -99.501
	value_loss: 0.827, max_value_loss: 15.702, min_value_loss: 0.000
	weight: 0.478, max_weight: 0.700, min_weight: 0.300
	v: 56.113, max_v: 100.281, min_v: -8.863
	q1: 56.241, max_q1: 99.270, min_q1: -4.521
	q2: 56.267, max_q2: 99.910, min_q2: -3.699
	target_q: 56.340, max_target_q: 100.244, min_target_q: -5.915

2023-02-25 19:47:49 - 
[#Step 730000] eval_reward: 94.302, eval_time: 8.263, time: 52.107
	critic_loss: 4.372, max_critic_loss: 83.487, min_critic_loss: 0.000
	actor_loss: -55.433, max_actor_loss: 7.022, min_actor_loss: -101.307
	value_loss: 0.987, max_value_loss: 24.614, min_value_loss: 0.000
	weight: 0.469, max_weight: 0.700, min_weight: 0.300
	v: 53.741, max_v: 100.390, min_v: -11.399
	q1: 53.935, max_q1: 100.746, min_q1: -8.325
	q2: 53.895, max_q2: 100.203, min_q2: -10.267
	target_q: 53.587, max_target_q: 100.537, min_target_q: -11.495

2023-02-25 19:48:32 - 
[#Step 740000] eval_reward: 96.275, eval_time: 8.212, time: 52.831
	critic_loss: 4.415, max_critic_loss: 192.646, min_critic_loss: 0.004
	actor_loss: -55.539, max_actor_loss: 6.430, min_actor_loss: -98.892
	value_loss: 0.639, max_value_loss: 14.781, min_value_loss: 0.000
	weight: 0.472, max_weight: 0.700, min_weight: 0.300
	v: 54.119, max_v: 98.653, min_v: -8.174
	q1: 54.141, max_q1: 99.287, min_q1: -7.382
	q2: 54.009, max_q2: 99.087, min_q2: -7.391
	target_q: 54.227, max_target_q: 98.932, min_target_q: -7.989

2023-02-25 19:49:17 - 
[#Step 750000] eval_reward: 94.447, eval_time: 8.829, time: 53.572
	critic_loss: 3.320, max_critic_loss: 62.613, min_critic_loss: 0.002
	actor_loss: -56.100, max_actor_loss: 3.948, min_actor_loss: -94.593
	value_loss: 0.810, max_value_loss: 16.599, min_value_loss: 0.000
	weight: 0.416, max_weight: 0.700, min_weight: 0.300
	v: 54.538, max_v: 95.767, min_v: -6.157
	q1: 54.422, max_q1: 95.757, min_q1: -8.315
	q2: 54.192, max_q2: 95.257, min_q2: -5.637
	target_q: 54.409, max_target_q: 95.972, min_target_q: -8.803

2023-02-25 19:50:01 - 
[#Step 760000] eval_reward: 93.776, eval_time: 8.284, time: 54.299
	critic_loss: 4.481, max_critic_loss: 103.285, min_critic_loss: 0.001
	actor_loss: -58.368, max_actor_loss: 4.157, min_actor_loss: -98.978
	value_loss: 1.160, max_value_loss: 132.604, min_value_loss: 0.000
	weight: 0.458, max_weight: 0.700, min_weight: 0.300
	v: 56.828, max_v: 98.960, min_v: -2.800
	q1: 56.883, max_q1: 99.114, min_q1: -3.822
	q2: 56.800, max_q2: 99.219, min_q2: -2.566
	target_q: 56.906, max_target_q: 99.517, min_target_q: -3.964

2023-02-25 19:50:44 - 
[#Step 770000] eval_reward: 95.560, eval_time: 8.311, time: 55.028
	critic_loss: 3.630, max_critic_loss: 63.450, min_critic_loss: 0.006
	actor_loss: -54.463, max_actor_loss: 12.307, min_actor_loss: -99.247
	value_loss: 0.741, max_value_loss: 15.552, min_value_loss: 0.000
	weight: 0.470, max_weight: 0.700, min_weight: 0.300
	v: 52.750, max_v: 98.584, min_v: -16.016
	q1: 52.978, max_q1: 98.288, min_q1: -15.416
	q2: 53.017, max_q2: 98.797, min_q2: -17.588
	target_q: 52.995, max_target_q: 98.556, min_target_q: -14.852

2023-02-25 19:51:28 - 
[#Step 780000] eval_reward: 93.820, eval_time: 8.236, time: 55.755
	critic_loss: 3.962, max_critic_loss: 51.353, min_critic_loss: 0.003
	actor_loss: -55.630, max_actor_loss: 8.958, min_actor_loss: -99.405
	value_loss: 0.720, max_value_loss: 18.423, min_value_loss: 0.000
	weight: 0.505, max_weight: 0.700, min_weight: 0.300
	v: 53.970, max_v: 97.499, min_v: -10.771
	q1: 54.199, max_q1: 99.633, min_q1: -11.033
	q2: 54.144, max_q2: 100.237, min_q2: -8.191
	target_q: 53.966, max_target_q: 99.883, min_target_q: -8.690

2023-02-25 19:52:11 - 
[#Step 790000] eval_reward: 95.443, eval_time: 8.275, time: 56.480
	critic_loss: 3.906, max_critic_loss: 47.163, min_critic_loss: 0.000
	actor_loss: -56.177, max_actor_loss: 8.499, min_actor_loss: -100.097
	value_loss: 0.668, max_value_loss: 22.535, min_value_loss: 0.000
	weight: 0.473, max_weight: 0.700, min_weight: 0.300
	v: 54.450, max_v: 100.045, min_v: -9.708
	q1: 54.402, max_q1: 100.353, min_q1: -10.335
	q2: 54.424, max_q2: 100.804, min_q2: -10.729
	target_q: 54.611, max_target_q: 100.653, min_target_q: -8.432

2023-02-25 19:52:47 - Saving checkpoint at step: 160
2023-02-25 19:52:47 - Saved checkpoint at saved_models/walker2d-medium-replay-v2/COMFO6_s1_20230225_185543/actor_160
2023-02-25 19:52:47 - Removing checkpoint at saved_models/walker2d-medium-replay-v2/COMFO6_s1_20230225_185543/actor_60
2023-02-25 19:52:47 - Saving checkpoint at step: 160
2023-02-25 19:52:47 - Saved checkpoint at saved_models/walker2d-medium-replay-v2/COMFO6_s1_20230225_185543/critic_160
2023-02-25 19:52:47 - Removing checkpoint at saved_models/walker2d-medium-replay-v2/COMFO6_s1_20230225_185543/critic_60
2023-02-25 19:52:47 - Saving checkpoint at step: 160
2023-02-25 19:52:47 - Saved checkpoint at saved_models/walker2d-medium-replay-v2/COMFO6_s1_20230225_185543/value_160
2023-02-25 19:52:47 - Removing checkpoint at saved_models/walker2d-medium-replay-v2/COMFO6_s1_20230225_185543/value_60
2023-02-25 19:52:55 - 
[#Step 800000] eval_reward: 95.585, eval_time: 8.308, time: 57.210
	critic_loss: 4.152, max_critic_loss: 58.294, min_critic_loss: 0.012
	actor_loss: -57.159, max_actor_loss: 10.819, min_actor_loss: -98.361
	value_loss: 0.854, max_value_loss: 44.147, min_value_loss: 0.000
	weight: 0.453, max_weight: 0.700, min_weight: 0.300
	v: 55.494, max_v: 98.498, min_v: -15.210
	q1: 55.418, max_q1: 98.577, min_q1: -17.026
	q2: 55.716, max_q2: 98.855, min_q2: -11.830
	target_q: 55.384, max_target_q: 97.379, min_target_q: -12.021

2023-02-25 19:53:39 - 
[#Step 810000] eval_reward: 94.902, eval_time: 8.337, time: 57.941
	critic_loss: 4.769, max_critic_loss: 161.653, min_critic_loss: 0.002
	actor_loss: -55.989, max_actor_loss: 7.044, min_actor_loss: -99.411
	value_loss: 0.658, max_value_loss: 21.177, min_value_loss: 0.000
	weight: 0.456, max_weight: 0.700, min_weight: 0.300
	v: 54.255, max_v: 99.761, min_v: -11.792
	q1: 54.304, max_q1: 100.518, min_q1: -12.030
	q2: 54.339, max_q2: 100.896, min_q2: -9.933
	target_q: 54.191, max_target_q: 99.594, min_target_q: -11.464

2023-02-25 19:54:23 - 
[#Step 820000] eval_reward: 94.534, eval_time: 8.411, time: 58.671
	critic_loss: 5.442, max_critic_loss: 220.967, min_critic_loss: 0.009
	actor_loss: -56.701, max_actor_loss: 5.460, min_actor_loss: -98.872
	value_loss: 0.613, max_value_loss: 14.602, min_value_loss: 0.000
	weight: 0.438, max_weight: 0.700, min_weight: 0.300
	v: 55.207, max_v: 99.657, min_v: -8.616
	q1: 55.233, max_q1: 98.946, min_q1: -6.409
	q2: 55.070, max_q2: 99.546, min_q2: -6.875
	target_q: 54.925, max_target_q: 99.219, min_target_q: -6.604

2023-02-25 19:55:07 - 
[#Step 830000] eval_reward: 94.526, eval_time: 8.392, time: 59.399
	critic_loss: 4.069, max_critic_loss: 144.756, min_critic_loss: 0.002
	actor_loss: -59.337, max_actor_loss: 7.096, min_actor_loss: -97.520
	value_loss: 0.712, max_value_loss: 26.863, min_value_loss: 0.000
	weight: 0.458, max_weight: 0.700, min_weight: 0.300
	v: 57.691, max_v: 96.677, min_v: -7.683
	q1: 57.642, max_q1: 96.963, min_q1: -5.657
	q2: 57.884, max_q2: 97.197, min_q2: -5.671
	target_q: 57.957, max_target_q: 97.692, min_target_q: -5.683

2023-02-25 19:55:50 - 
[#Step 840000] eval_reward: 94.433, eval_time: 8.250, time: 60.123
	critic_loss: 3.708, max_critic_loss: 65.742, min_critic_loss: 0.002
	actor_loss: -55.999, max_actor_loss: 6.760, min_actor_loss: -96.511
	value_loss: 1.005, max_value_loss: 47.579, min_value_loss: 0.000
	weight: 0.425, max_weight: 0.700, min_weight: 0.300
	v: 54.818, max_v: 97.197, min_v: -8.724
	q1: 54.300, max_q1: 96.599, min_q1: -9.113
	q2: 54.326, max_q2: 98.290, min_q2: -8.184
	target_q: 54.504, max_target_q: 96.484, min_target_q: -9.013

2023-02-25 19:56:34 - 
[#Step 850000] eval_reward: 93.680, eval_time: 8.366, time: 60.853
	critic_loss: 4.094, max_critic_loss: 79.387, min_critic_loss: 0.012
	actor_loss: -55.624, max_actor_loss: 11.171, min_actor_loss: -98.485
	value_loss: 0.515, max_value_loss: 9.904, min_value_loss: 0.000
	weight: 0.447, max_weight: 0.700, min_weight: 0.300
	v: 54.176, max_v: 98.618, min_v: -12.007
	q1: 54.202, max_q1: 97.907, min_q1: -14.025
	q2: 54.158, max_q2: 97.207, min_q2: -13.582
	target_q: 54.460, max_target_q: 97.506, min_target_q: -13.568

2023-02-25 19:57:17 - 
[#Step 860000] eval_reward: 93.815, eval_time: 8.432, time: 61.581
	critic_loss: 3.607, max_critic_loss: 55.118, min_critic_loss: 0.002
	actor_loss: -56.237, max_actor_loss: 9.099, min_actor_loss: -102.282
	value_loss: 0.507, max_value_loss: 10.416, min_value_loss: 0.000
	weight: 0.448, max_weight: 0.700, min_weight: 0.300
	v: 54.599, max_v: 102.452, min_v: -9.267
	q1: 54.315, max_q1: 102.436, min_q1: -9.175
	q2: 54.453, max_q2: 103.023, min_q2: -8.774
	target_q: 54.772, max_target_q: 102.588, min_target_q: -9.671

2023-02-25 19:58:01 - 
[#Step 870000] eval_reward: 94.318, eval_time: 8.332, time: 62.310
	critic_loss: 3.981, max_critic_loss: 67.463, min_critic_loss: 0.000
	actor_loss: -56.949, max_actor_loss: 4.039, min_actor_loss: -97.903
	value_loss: 0.737, max_value_loss: 6.645, min_value_loss: 0.000
	weight: 0.431, max_weight: 0.700, min_weight: 0.300
	v: 55.282, max_v: 97.747, min_v: -3.988
	q1: 55.044, max_q1: 99.762, min_q1: -2.749
	q2: 55.173, max_q2: 98.545, min_q2: -4.975
	target_q: 55.585, max_target_q: 98.936, min_target_q: -4.272

2023-02-25 19:58:45 - 
[#Step 880000] eval_reward: 94.463, eval_time: 8.485, time: 63.035
	critic_loss: 3.898, max_critic_loss: 40.457, min_critic_loss: 0.012
	actor_loss: -54.781, max_actor_loss: 1.036, min_actor_loss: -97.665
	value_loss: 0.716, max_value_loss: 24.779, min_value_loss: 0.000
	weight: 0.469, max_weight: 0.700, min_weight: 0.300
	v: 52.547, max_v: 97.678, min_v: -3.080
	q1: 52.984, max_q1: 98.387, min_q1: -1.453
	q2: 53.142, max_q2: 98.746, min_q2: -0.809
	target_q: 52.700, max_target_q: 97.790, min_target_q: -2.637

2023-02-25 19:59:29 - 
[#Step 890000] eval_reward: 94.992, eval_time: 8.861, time: 63.774
	critic_loss: 4.253, max_critic_loss: 61.093, min_critic_loss: 0.002
	actor_loss: -57.784, max_actor_loss: 6.793, min_actor_loss: -98.425
	value_loss: 1.141, max_value_loss: 32.655, min_value_loss: 0.000
	weight: 0.519, max_weight: 0.700, min_weight: 0.300
	v: 55.543, max_v: 97.485, min_v: -10.129
	q1: 56.097, max_q1: 99.555, min_q1: -8.995
	q2: 56.022, max_q2: 99.867, min_q2: -12.859
	target_q: 55.650, max_target_q: 97.854, min_target_q: -10.634

2023-02-25 20:00:04 - Saving checkpoint at step: 180
2023-02-25 20:00:04 - Saved checkpoint at saved_models/walker2d-medium-replay-v2/COMFO6_s1_20230225_185543/actor_180
2023-02-25 20:00:04 - Removing checkpoint at saved_models/walker2d-medium-replay-v2/COMFO6_s1_20230225_185543/actor_80
2023-02-25 20:00:04 - Saving checkpoint at step: 180
2023-02-25 20:00:04 - Saved checkpoint at saved_models/walker2d-medium-replay-v2/COMFO6_s1_20230225_185543/critic_180
2023-02-25 20:00:04 - Removing checkpoint at saved_models/walker2d-medium-replay-v2/COMFO6_s1_20230225_185543/critic_80
2023-02-25 20:00:04 - Saving checkpoint at step: 180
2023-02-25 20:00:04 - Saved checkpoint at saved_models/walker2d-medium-replay-v2/COMFO6_s1_20230225_185543/value_180
2023-02-25 20:00:04 - Removing checkpoint at saved_models/walker2d-medium-replay-v2/COMFO6_s1_20230225_185543/value_80
2023-02-25 20:00:12 - 
[#Step 900000] eval_reward: 95.240, eval_time: 8.382, time: 64.494
	critic_loss: 4.377, max_critic_loss: 78.726, min_critic_loss: 0.001
	actor_loss: -55.019, max_actor_loss: 8.372, min_actor_loss: -98.477
	value_loss: 1.007, max_value_loss: 26.961, min_value_loss: 0.000
	weight: 0.469, max_weight: 0.700, min_weight: 0.300
	v: 53.329, max_v: 99.567, min_v: -5.322
	q1: 53.252, max_q1: 99.030, min_q1: -5.048
	q2: 53.254, max_q2: 98.756, min_q2: -4.765
	target_q: 53.137, max_target_q: 99.193, min_target_q: -5.957

2023-02-25 20:00:56 - 
[#Step 910000] eval_reward: 95.019, eval_time: 8.357, time: 65.224
	critic_loss: 4.677, max_critic_loss: 92.032, min_critic_loss: 0.000
	actor_loss: -55.524, max_actor_loss: 3.198, min_actor_loss: -95.605
	value_loss: 0.831, max_value_loss: 11.823, min_value_loss: 0.000
	weight: 0.420, max_weight: 0.700, min_weight: 0.300
	v: 54.024, max_v: 96.438, min_v: -5.840
	q1: 53.791, max_q1: 96.220, min_q1: -5.887
	q2: 53.700, max_q2: 96.105, min_q2: -7.057
	target_q: 54.024, max_target_q: 96.673, min_target_q: -7.554

2023-02-25 20:01:40 - 
[#Step 920000] eval_reward: 94.311, eval_time: 8.539, time: 65.954
	critic_loss: 3.050, max_critic_loss: 63.547, min_critic_loss: 0.001
	actor_loss: -58.044, max_actor_loss: 5.180, min_actor_loss: -96.372
	value_loss: 1.055, max_value_loss: 119.467, min_value_loss: 0.000
	weight: 0.453, max_weight: 0.700, min_weight: 0.300
	v: 56.339, max_v: 97.103, min_v: -5.034
	q1: 56.281, max_q1: 96.922, min_q1: -5.225
	q2: 56.058, max_q2: 96.166, min_q2: -0.420
	target_q: 56.338, max_target_q: 99.970, min_target_q: -3.846

2023-02-25 20:02:24 - 
[#Step 930000] eval_reward: 95.051, eval_time: 8.338, time: 66.682
	critic_loss: 4.066, max_critic_loss: 72.170, min_critic_loss: 0.002
	actor_loss: -55.601, max_actor_loss: 10.753, min_actor_loss: -96.845
	value_loss: 0.733, max_value_loss: 16.024, min_value_loss: 0.000
	weight: 0.422, max_weight: 0.700, min_weight: 0.300
	v: 54.071, max_v: 98.000, min_v: -11.468
	q1: 53.939, max_q1: 97.533, min_q1: -11.375
	q2: 53.860, max_q2: 96.369, min_q2: -14.023
	target_q: 54.240, max_target_q: 97.507, min_target_q: -11.709

2023-02-25 20:03:07 - 
[#Step 940000] eval_reward: 95.125, eval_time: 8.408, time: 67.410
	critic_loss: 3.638, max_critic_loss: 71.796, min_critic_loss: 0.004
	actor_loss: -57.877, max_actor_loss: 6.320, min_actor_loss: -98.665
	value_loss: 0.751, max_value_loss: 21.828, min_value_loss: 0.000
	weight: 0.481, max_weight: 0.700, min_weight: 0.300
	v: 55.726, max_v: 96.184, min_v: -8.917
	q1: 56.065, max_q1: 96.521, min_q1: -8.665
	q2: 56.082, max_q2: 98.651, min_q2: -8.450
	target_q: 55.894, max_target_q: 99.340, min_target_q: -8.402

2023-02-25 20:03:51 - 
[#Step 950000] eval_reward: 94.848, eval_time: 8.578, time: 68.140
	critic_loss: 4.374, max_critic_loss: 97.556, min_critic_loss: 0.027
	actor_loss: -54.124, max_actor_loss: 5.557, min_actor_loss: -102.834
	value_loss: 0.625, max_value_loss: 10.575, min_value_loss: 0.000
	weight: 0.425, max_weight: 0.700, min_weight: 0.300
	v: 52.360, max_v: 102.540, min_v: -6.633
	q1: 52.325, max_q1: 101.466, min_q1: -5.876
	q2: 52.266, max_q2: 102.937, min_q2: -5.962
	target_q: 52.507, max_target_q: 101.284, min_target_q: -6.810

2023-02-25 20:04:16 - 
[#Step 955000] eval_reward: 87.639, eval_time: 7.579, time: 68.561
	critic_loss: 4.004, max_critic_loss: 130.499, min_critic_loss: 0.000
	actor_loss: -56.987, max_actor_loss: 9.354, min_actor_loss: -97.140
	value_loss: 0.794, max_value_loss: 13.969, min_value_loss: 0.000
	weight: 0.411, max_weight: 0.700, min_weight: 0.300
	v: 55.577, max_v: 98.233, min_v: -7.355
	q1: 55.078, max_q1: 97.498, min_q1: -7.908
	q2: 55.168, max_q2: 97.532, min_q2: -7.502
	target_q: 55.634, max_target_q: 98.770, min_target_q: -6.303

2023-02-25 20:04:43 - 
[#Step 960000] eval_reward: 94.712, eval_time: 8.491, time: 68.999
	critic_loss: 3.753, max_critic_loss: 44.982, min_critic_loss: 0.001
	actor_loss: -56.138, max_actor_loss: 4.644, min_actor_loss: -100.748
	value_loss: 0.960, max_value_loss: 27.705, min_value_loss: 0.000
	weight: 0.481, max_weight: 0.700, min_weight: 0.300
	v: 54.317, max_v: 97.346, min_v: -7.650
	q1: 54.818, max_q1: 99.045, min_q1: -3.470
	q2: 54.552, max_q2: 101.284, min_q2: -3.975
	target_q: 54.241, max_target_q: 99.072, min_target_q: -5.619

2023-02-25 20:05:06 - 
[#Step 965000] eval_reward: 63.004, eval_time: 5.755, time: 69.389
	critic_loss: 3.159, max_critic_loss: 50.965, min_critic_loss: 0.006
	actor_loss: -56.874, max_actor_loss: -2.282, min_actor_loss: -100.039
	value_loss: 0.835, max_value_loss: 22.550, min_value_loss: 0.000
	weight: 0.473, max_weight: 0.700, min_weight: 0.300
	v: 55.358, max_v: 99.527, min_v: 1.641
	q1: 55.380, max_q1: 98.440, min_q1: 0.418
	q2: 55.360, max_q2: 98.336, min_q2: 0.586
	target_q: 55.602, max_target_q: 97.833, min_target_q: 3.204

2023-02-25 20:05:32 - 
[#Step 970000] eval_reward: 94.780, eval_time: 8.361, time: 69.824
	critic_loss: 3.599, max_critic_loss: 79.878, min_critic_loss: 0.001
	actor_loss: -55.997, max_actor_loss: 2.355, min_actor_loss: -95.849
	value_loss: 0.942, max_value_loss: 41.643, min_value_loss: 0.000
	weight: 0.425, max_weight: 0.700, min_weight: 0.300
	v: 54.294, max_v: 95.804, min_v: -4.658
	q1: 54.222, max_q1: 96.434, min_q1: -7.039
	q2: 54.071, max_q2: 95.748, min_q2: -4.898
	target_q: 54.150, max_target_q: 95.713, min_target_q: -4.573

2023-02-25 20:05:56 - 
[#Step 975000] eval_reward: 71.050, eval_time: 6.312, time: 70.226
	critic_loss: 4.199, max_critic_loss: 131.215, min_critic_loss: 0.004
	actor_loss: -58.376, max_actor_loss: 4.783, min_actor_loss: -98.301
	value_loss: 0.772, max_value_loss: 12.576, min_value_loss: 0.000
	weight: 0.414, max_weight: 0.700, min_weight: 0.300
	v: 56.763, max_v: 97.672, min_v: -10.395
	q1: 56.772, max_q1: 98.479, min_q1: -5.132
	q2: 56.940, max_q2: 98.804, min_q2: -4.465
	target_q: 56.648, max_target_q: 98.633, min_target_q: -7.604

2023-02-25 20:06:14 - Saving checkpoint at step: 196
2023-02-25 20:06:14 - Saved checkpoint at saved_models/walker2d-medium-replay-v2/COMFO6_s1_20230225_185543/actor_196
2023-02-25 20:06:14 - Removing checkpoint at saved_models/walker2d-medium-replay-v2/COMFO6_s1_20230225_185543/actor_100
2023-02-25 20:06:14 - Saving checkpoint at step: 196
2023-02-25 20:06:14 - Saved checkpoint at saved_models/walker2d-medium-replay-v2/COMFO6_s1_20230225_185543/critic_196
2023-02-25 20:06:14 - Removing checkpoint at saved_models/walker2d-medium-replay-v2/COMFO6_s1_20230225_185543/critic_100
2023-02-25 20:06:14 - Saving checkpoint at step: 196
2023-02-25 20:06:14 - Saved checkpoint at saved_models/walker2d-medium-replay-v2/COMFO6_s1_20230225_185543/value_196
2023-02-25 20:06:14 - Removing checkpoint at saved_models/walker2d-medium-replay-v2/COMFO6_s1_20230225_185543/value_100
2023-02-25 20:06:21 - 
[#Step 980000] eval_reward: 79.107, eval_time: 7.047, time: 70.640
	critic_loss: 3.539, max_critic_loss: 82.588, min_critic_loss: 0.010
	actor_loss: -56.923, max_actor_loss: 12.101, min_actor_loss: -97.635
	value_loss: 0.716, max_value_loss: 26.164, min_value_loss: 0.000
	weight: 0.439, max_weight: 0.700, min_weight: 0.300
	v: 55.266, max_v: 95.943, min_v: -10.485
	q1: 55.224, max_q1: 96.780, min_q1: -11.341
	q2: 55.023, max_q2: 96.377, min_q2: -11.983
	target_q: 55.030, max_target_q: 97.190, min_target_q: -10.080

2023-02-25 20:06:39 - Saving checkpoint at step: 197
2023-02-25 20:06:39 - Saved checkpoint at saved_models/walker2d-medium-replay-v2/COMFO6_s1_20230225_185543/actor_197
2023-02-25 20:06:39 - Removing checkpoint at saved_models/walker2d-medium-replay-v2/COMFO6_s1_20230225_185543/actor_120
2023-02-25 20:06:39 - Saving checkpoint at step: 197
2023-02-25 20:06:39 - Saved checkpoint at saved_models/walker2d-medium-replay-v2/COMFO6_s1_20230225_185543/critic_197
2023-02-25 20:06:39 - Removing checkpoint at saved_models/walker2d-medium-replay-v2/COMFO6_s1_20230225_185543/critic_120
2023-02-25 20:06:39 - Saving checkpoint at step: 197
2023-02-25 20:06:39 - Saved checkpoint at saved_models/walker2d-medium-replay-v2/COMFO6_s1_20230225_185543/value_197
2023-02-25 20:06:39 - Removing checkpoint at saved_models/walker2d-medium-replay-v2/COMFO6_s1_20230225_185543/value_120
2023-02-25 20:06:45 - 
[#Step 985000] eval_reward: 70.635, eval_time: 6.498, time: 71.044
	critic_loss: 3.198, max_critic_loss: 41.786, min_critic_loss: 0.003
	actor_loss: -54.257, max_actor_loss: 10.212, min_actor_loss: -99.756
	value_loss: 0.852, max_value_loss: 23.292, min_value_loss: 0.000
	weight: 0.473, max_weight: 0.700, min_weight: 0.300
	v: 52.487, max_v: 99.655, min_v: -4.495
	q1: 52.563, max_q1: 99.536, min_q1: -11.959
	q2: 52.554, max_q2: 99.966, min_q2: -9.300
	target_q: 52.683, max_target_q: 99.999, min_target_q: -8.166

2023-02-25 20:07:03 - Saving checkpoint at step: 198
2023-02-25 20:07:03 - Saved checkpoint at saved_models/walker2d-medium-replay-v2/COMFO6_s1_20230225_185543/actor_198
2023-02-25 20:07:03 - Removing checkpoint at saved_models/walker2d-medium-replay-v2/COMFO6_s1_20230225_185543/actor_140
2023-02-25 20:07:03 - Saving checkpoint at step: 198
2023-02-25 20:07:03 - Saved checkpoint at saved_models/walker2d-medium-replay-v2/COMFO6_s1_20230225_185543/critic_198
2023-02-25 20:07:03 - Removing checkpoint at saved_models/walker2d-medium-replay-v2/COMFO6_s1_20230225_185543/critic_140
2023-02-25 20:07:03 - Saving checkpoint at step: 198
2023-02-25 20:07:03 - Saved checkpoint at saved_models/walker2d-medium-replay-v2/COMFO6_s1_20230225_185543/value_198
2023-02-25 20:07:03 - Removing checkpoint at saved_models/walker2d-medium-replay-v2/COMFO6_s1_20230225_185543/value_140
2023-02-25 20:07:09 - 
[#Step 990000] eval_reward: 70.691, eval_time: 6.442, time: 71.447
	critic_loss: 3.305, max_critic_loss: 51.495, min_critic_loss: 0.010
	actor_loss: -55.177, max_actor_loss: 9.951, min_actor_loss: -99.431
	value_loss: 0.920, max_value_loss: 38.927, min_value_loss: 0.000
	weight: 0.502, max_weight: 0.700, min_weight: 0.300
	v: 53.239, max_v: 99.583, min_v: -8.421
	q1: 53.327, max_q1: 99.452, min_q1: -11.322
	q2: 53.373, max_q2: 100.271, min_q2: -10.791
	target_q: 53.307, max_target_q: 100.261, min_target_q: -10.412

2023-02-25 20:07:27 - Saving checkpoint at step: 199
2023-02-25 20:07:27 - Saved checkpoint at saved_models/walker2d-medium-replay-v2/COMFO6_s1_20230225_185543/actor_199
2023-02-25 20:07:27 - Removing checkpoint at saved_models/walker2d-medium-replay-v2/COMFO6_s1_20230225_185543/actor_160
2023-02-25 20:07:27 - Saving checkpoint at step: 199
2023-02-25 20:07:27 - Saved checkpoint at saved_models/walker2d-medium-replay-v2/COMFO6_s1_20230225_185543/critic_199
2023-02-25 20:07:27 - Removing checkpoint at saved_models/walker2d-medium-replay-v2/COMFO6_s1_20230225_185543/critic_160
2023-02-25 20:07:27 - Saving checkpoint at step: 199
2023-02-25 20:07:27 - Saved checkpoint at saved_models/walker2d-medium-replay-v2/COMFO6_s1_20230225_185543/value_199
2023-02-25 20:07:27 - Removing checkpoint at saved_models/walker2d-medium-replay-v2/COMFO6_s1_20230225_185543/value_160
2023-02-25 20:07:35 - 
[#Step 995000] eval_reward: 87.121, eval_time: 7.723, time: 71.870
	critic_loss: 3.495, max_critic_loss: 29.886, min_critic_loss: 0.004
	actor_loss: -55.204, max_actor_loss: 5.322, min_actor_loss: -99.537
	value_loss: 0.759, max_value_loss: 18.786, min_value_loss: 0.000
	weight: 0.441, max_weight: 0.700, min_weight: 0.300
	v: 53.019, max_v: 100.745, min_v: -7.320
	q1: 53.258, max_q1: 102.304, min_q1: -4.575
	q2: 53.200, max_q2: 101.271, min_q2: -3.985
	target_q: 53.000, max_target_q: 100.107, min_target_q: -5.918

2023-02-25 20:07:53 - Saving checkpoint at step: 200
2023-02-25 20:07:53 - Saved checkpoint at saved_models/walker2d-medium-replay-v2/COMFO6_s1_20230225_185543/actor_200
2023-02-25 20:07:53 - Removing checkpoint at saved_models/walker2d-medium-replay-v2/COMFO6_s1_20230225_185543/actor_180
2023-02-25 20:07:53 - Saving checkpoint at step: 200
2023-02-25 20:07:53 - Saved checkpoint at saved_models/walker2d-medium-replay-v2/COMFO6_s1_20230225_185543/critic_200
2023-02-25 20:07:53 - Removing checkpoint at saved_models/walker2d-medium-replay-v2/COMFO6_s1_20230225_185543/critic_180
2023-02-25 20:07:53 - Saving checkpoint at step: 200
2023-02-25 20:07:53 - Saved checkpoint at saved_models/walker2d-medium-replay-v2/COMFO6_s1_20230225_185543/value_200
2023-02-25 20:07:53 - Removing checkpoint at saved_models/walker2d-medium-replay-v2/COMFO6_s1_20230225_185543/value_180
2023-02-25 20:07:59 - 
[#Step 1000000] eval_reward: 71.337, eval_time: 6.332, time: 72.274
	critic_loss: 5.128, max_critic_loss: 228.532, min_critic_loss: 0.028
	actor_loss: -56.463, max_actor_loss: 7.626, min_actor_loss: -99.868
	value_loss: 1.400, max_value_loss: 186.617, min_value_loss: 0.000
	weight: 0.428, max_weight: 0.700, min_weight: 0.300
	v: 55.221, max_v: 100.932, min_v: -7.485
	q1: 54.935, max_q1: 100.355, min_q1: -8.770
	q2: 54.909, max_q2: 99.726, min_q2: -8.856
	target_q: 55.464, max_target_q: 102.530, min_target_q: -6.400

2023-02-25 20:07:59 - 
Avg eval reward = 79.01

