2023-02-24 09:27:59 - Exp configurations:
algo: COMFO7
alpha: 5.0
batch_size: 256
env_name: walker2d-medium-replay-v2
eval_episodes: 10
eval_freq: 5000
expectile: 0.7
gamma: 0.99
hidden_dims: !!python/tuple
- 256
- 256
initializer: orthogonal
log_dir: 20230224_alphaQ0.0001
lr: 0.0003
max_timesteps: 1000000
mle_alpha: 0.25
model_dir: saved_models
num_random: 10
seed: 0
tau: 0.005
temperature: 3.0

2023-02-24 09:30:40 - 
[#Step 10000] eval_reward: 12.833, eval_time: 2.065, time: 2.683
	critic_loss: 3.001, max_critic_loss: 300.845, min_critic_loss: 0.000
	actor_loss: -24.878, max_actor_loss: 2.333, min_actor_loss: -47.688
	value_loss: 0.092, max_value_loss: 1.860, min_value_loss: 0.000
	weight: 0.442, max_weight: 0.700, min_weight: 0.300
	v: 24.009, max_v: 46.370, min_v: -1.564
	q1: 24.465, max_q1: 46.779, min_q1: -1.162
	q2: 24.437, max_q2: 46.940, min_q2: -1.526
	target_q: 24.313, max_target_q: 46.667, min_target_q: -1.247
	avg_conservative_loss:  0.000, conservative_weight:  1.000
	avg_smooth_loss:  1.447

2023-02-24 09:31:39 - 
[#Step 20000] eval_reward: 15.491, eval_time: 2.354, time: 3.666
	critic_loss: 3.190, max_critic_loss: 120.585, min_critic_loss: 0.001
	actor_loss: -37.020, max_actor_loss: 3.999, min_actor_loss: -69.725
	value_loss: 0.209, max_value_loss: 6.230, min_value_loss: 0.000
	weight: 0.503, max_weight: 0.700, min_weight: 0.300
	v: 35.963, max_v: 67.558, min_v: -2.416
	q1: 36.394, max_q1: 68.584, min_q1: -1.540
	q2: 36.396, max_q2: 68.180, min_q2: -1.976
	target_q: 36.063, max_target_q: 67.375, min_target_q: -3.021
	avg_conservative_loss: -0.000, conservative_weight:  1.000
	avg_smooth_loss:  2.800

2023-02-24 09:32:37 - 
[#Step 30000] eval_reward: 5.107, eval_time: 1.177, time: 4.626
	critic_loss: 4.853, max_critic_loss: 123.832, min_critic_loss: 0.001
	actor_loss: -46.683, max_actor_loss: 11.514, min_actor_loss: -84.635
	value_loss: 0.333, max_value_loss: 8.431, min_value_loss: 0.000
	weight: 0.477, max_weight: 0.700, min_weight: 0.300
	v: 45.582, max_v: 84.443, min_v: -9.870
	q1: 45.900, max_q1: 84.813, min_q1: -11.783
	q2: 45.937, max_q2: 84.980, min_q2: -7.613
	target_q: 45.528, max_target_q: 84.561, min_target_q: -9.260
	avg_conservative_loss:  0.003, conservative_weight:  1.000
	avg_smooth_loss:  4.252

2023-02-24 09:33:36 - 
[#Step 40000] eval_reward: 15.034, eval_time: 2.650, time: 5.606
	critic_loss: 4.314, max_critic_loss: 200.677, min_critic_loss: 0.002
	actor_loss: -53.419, max_actor_loss: 4.176, min_actor_loss: -94.973
	value_loss: 0.414, max_value_loss: 11.118, min_value_loss: 0.000
	weight: 0.398, max_weight: 0.700, min_weight: 0.300
	v: 52.738, max_v: 94.338, min_v: -6.633
	q1: 52.545, max_q1: 92.937, min_q1: -6.783
	q2: 52.622, max_q2: 93.744, min_q2: -6.061
	target_q: 52.502, max_target_q: 93.482, min_target_q: -6.848
	avg_conservative_loss: -0.000, conservative_weight:  1.000
	avg_smooth_loss:  5.210

2023-02-24 09:34:36 - 
[#Step 50000] eval_reward: 33.413, eval_time: 3.832, time: 6.613
	critic_loss: 5.413, max_critic_loss: 120.471, min_critic_loss: 0.002
	actor_loss: -54.679, max_actor_loss: 2.044, min_actor_loss: -103.490
	value_loss: 0.414, max_value_loss: 11.607, min_value_loss: 0.000
	weight: 0.416, max_weight: 0.700, min_weight: 0.300
	v: 53.581, max_v: 101.667, min_v: -6.113
	q1: 53.716, max_q1: 101.410, min_q1: -4.865
	q2: 53.684, max_q2: 101.275, min_q2: -5.107
	target_q: 53.662, max_target_q: 101.967, min_target_q: -6.298
	avg_conservative_loss: -0.006, conservative_weight:  1.000
	avg_smooth_loss:  4.935

2023-02-24 09:35:34 - 
[#Step 60000] eval_reward: 9.499, eval_time: 1.798, time: 7.582
	critic_loss: 4.546, max_critic_loss: 139.864, min_critic_loss: 0.001
	actor_loss: -55.497, max_actor_loss: 9.972, min_actor_loss: -101.255
	value_loss: 0.417, max_value_loss: 9.669, min_value_loss: 0.000
	weight: 0.425, max_weight: 0.700, min_weight: 0.300
	v: 54.291, max_v: 99.000, min_v: -13.400
	q1: 54.504, max_q1: 99.694, min_q1: -12.618
	q2: 54.485, max_q2: 100.487, min_q2: -13.720
	target_q: 54.061, max_target_q: 100.075, min_target_q: -13.411
	avg_conservative_loss:  0.006, conservative_weight:  1.000
	avg_smooth_loss:  5.816

2023-02-24 09:36:36 - 
[#Step 70000] eval_reward: 45.430, eval_time: 5.155, time: 8.604
	critic_loss: 5.263, max_critic_loss: 156.416, min_critic_loss: 0.003
	actor_loss: -56.870, max_actor_loss: -7.130, min_actor_loss: -109.208
	value_loss: 0.570, max_value_loss: 13.553, min_value_loss: 0.000
	weight: 0.480, max_weight: 0.700, min_weight: 0.300
	v: 55.792, max_v: 108.123, min_v: 4.698
	q1: 55.926, max_q1: 108.928, min_q1: 4.885
	q2: 55.922, max_q2: 108.493, min_q2: 4.748
	target_q: 55.801, max_target_q: 107.874, min_target_q: -2.595
	avg_conservative_loss: -0.002, conservative_weight:  1.000
	avg_smooth_loss:  6.616

2023-02-24 09:37:37 - 
[#Step 80000] eval_reward: 44.629, eval_time: 4.782, time: 9.619
	critic_loss: 5.946, max_critic_loss: 271.610, min_critic_loss: 0.002
	actor_loss: -53.998, max_actor_loss: 12.793, min_actor_loss: -101.642
	value_loss: 0.635, max_value_loss: 38.158, min_value_loss: 0.000
	weight: 0.473, max_weight: 0.700, min_weight: 0.300
	v: 52.556, max_v: 99.451, min_v: -12.687
	q1: 52.614, max_q1: 99.732, min_q1: -13.263
	q2: 52.615, max_q2: 98.702, min_q2: -13.467
	target_q: 52.407, max_target_q: 99.382, min_target_q: -14.326
	avg_conservative_loss: -0.005, conservative_weight:  1.000
	avg_smooth_loss:  6.221

2023-02-24 09:38:39 - 
[#Step 90000] eval_reward: 59.769, eval_time: 5.979, time: 10.655
	critic_loss: 6.490, max_critic_loss: 196.705, min_critic_loss: 0.003
	actor_loss: -57.968, max_actor_loss: 8.111, min_actor_loss: -104.449
	value_loss: 0.580, max_value_loss: 13.739, min_value_loss: 0.000
	weight: 0.422, max_weight: 0.700, min_weight: 0.300
	v: 57.076, max_v: 102.628, min_v: -9.241
	q1: 56.807, max_q1: 102.828, min_q1: -9.516
	q2: 56.729, max_q2: 102.580, min_q2: -11.059
	target_q: 57.143, max_target_q: 103.188, min_target_q: -7.002
	avg_conservative_loss: -0.004, conservative_weight:  1.000
	avg_smooth_loss:  7.050

2023-02-24 09:39:41 - 
[#Step 100000] eval_reward: 59.003, eval_time: 6.045, time: 11.690
	critic_loss: 5.146, max_critic_loss: 126.359, min_critic_loss: 0.004
	actor_loss: -57.634, max_actor_loss: 3.065, min_actor_loss: -110.370
	value_loss: 0.483, max_value_loss: 7.918, min_value_loss: 0.000
	weight: 0.445, max_weight: 0.700, min_weight: 0.300
	v: 56.545, max_v: 104.805, min_v: -7.628
	q1: 56.604, max_q1: 105.627, min_q1: -8.237
	q2: 56.652, max_q2: 104.635, min_q2: -9.420
	target_q: 56.253, max_target_q: 104.118, min_target_q: -9.574
	avg_conservative_loss: -0.008, conservative_weight:  1.000
	avg_smooth_loss:  5.849

2023-02-24 09:40:44 - 
[#Step 110000] eval_reward: 72.650, eval_time: 7.209, time: 12.749
	critic_loss: 3.323, max_critic_loss: 40.728, min_critic_loss: 0.010
	actor_loss: -59.569, max_actor_loss: 5.055, min_actor_loss: -110.223
	value_loss: 0.954, max_value_loss: 69.334, min_value_loss: 0.000
	weight: 0.448, max_weight: 0.700, min_weight: 0.300
	v: 58.572, max_v: 107.142, min_v: -6.145
	q1: 58.439, max_q1: 106.454, min_q1: -4.833
	q2: 58.425, max_q2: 106.926, min_q2: -3.596
	target_q: 58.445, max_target_q: 107.503, min_target_q: -8.684
	avg_conservative_loss: -0.006, conservative_weight:  1.000
	avg_smooth_loss:  6.163

2023-02-24 09:41:48 - 
[#Step 120000] eval_reward: 78.307, eval_time: 7.468, time: 13.808
	critic_loss: 5.317, max_critic_loss: 137.540, min_critic_loss: 0.011
	actor_loss: -56.805, max_actor_loss: 0.096, min_actor_loss: -106.720
	value_loss: 0.782, max_value_loss: 41.428, min_value_loss: 0.000
	weight: 0.420, max_weight: 0.700, min_weight: 0.300
	v: 55.778, max_v: 103.183, min_v: 1.086
	q1: 55.687, max_q1: 104.408, min_q1: -2.224
	q2: 55.636, max_q2: 104.738, min_q2: -0.380
	target_q: 55.519, max_target_q: 103.370, min_target_q: -5.380
	avg_conservative_loss: -0.011, conservative_weight:  1.000
	avg_smooth_loss:  6.710

2023-02-24 09:42:52 - 
[#Step 130000] eval_reward: 75.653, eval_time: 7.426, time: 14.869
	critic_loss: 6.069, max_critic_loss: 375.497, min_critic_loss: 0.004
	actor_loss: -56.047, max_actor_loss: 12.677, min_actor_loss: -108.886
	value_loss: 1.341, max_value_loss: 80.551, min_value_loss: 0.000
	weight: 0.428, max_weight: 0.700, min_weight: 0.300
	v: 55.173, max_v: 105.628, min_v: -10.260
	q1: 54.896, max_q1: 106.690, min_q1: -9.337
	q2: 54.709, max_q2: 107.403, min_q2: -10.414
	target_q: 54.933, max_target_q: 106.220, min_target_q: -12.065
	avg_conservative_loss:  0.002, conservative_weight:  1.000
	avg_smooth_loss:  7.113

2023-02-24 09:43:55 - 
[#Step 140000] eval_reward: 79.169, eval_time: 7.099, time: 15.924
	critic_loss: 5.728, max_critic_loss: 198.114, min_critic_loss: 0.001
	actor_loss: -56.929, max_actor_loss: 5.162, min_actor_loss: -104.080
	value_loss: 0.485, max_value_loss: 6.991, min_value_loss: 0.000
	weight: 0.394, max_weight: 0.700, min_weight: 0.300
	v: 56.095, max_v: 101.752, min_v: -3.263
	q1: 55.604, max_q1: 100.744, min_q1: -1.542
	q2: 55.612, max_q2: 100.610, min_q2: -3.862
	target_q: 55.956, max_target_q: 100.951, min_target_q: -8.670
	avg_conservative_loss: -0.010, conservative_weight:  1.000
	avg_smooth_loss:  7.243

2023-02-24 09:44:59 - 
[#Step 150000] eval_reward: 85.982, eval_time: 7.922, time: 16.997
	critic_loss: 3.021, max_critic_loss: 43.113, min_critic_loss: 0.000
	actor_loss: -57.823, max_actor_loss: 3.268, min_actor_loss: -105.044
	value_loss: 0.640, max_value_loss: 23.625, min_value_loss: 0.000
	weight: 0.417, max_weight: 0.700, min_weight: 0.300
	v: 56.695, max_v: 105.719, min_v: -1.574
	q1: 56.524, max_q1: 102.798, min_q1: -3.775
	q2: 56.579, max_q2: 104.536, min_q2: -2.179
	target_q: 56.665, max_target_q: 104.165, min_target_q: -1.743
	avg_conservative_loss: -0.006, conservative_weight:  1.000
	avg_smooth_loss:  6.961

2023-02-24 09:46:02 - 
[#Step 160000] eval_reward: 60.731, eval_time: 6.195, time: 18.043
	critic_loss: 9.205, max_critic_loss: 561.504, min_critic_loss: 0.009
	actor_loss: -59.048, max_actor_loss: 13.724, min_actor_loss: -105.601
	value_loss: 0.722, max_value_loss: 52.866, min_value_loss: 0.000
	weight: 0.488, max_weight: 0.700, min_weight: 0.300
	v: 57.416, max_v: 100.862, min_v: -11.325
	q1: 57.879, max_q1: 102.294, min_q1: -12.851
	q2: 57.869, max_q2: 101.889, min_q2: -12.531
	target_q: 57.108, max_target_q: 100.908, min_target_q: -13.250
	avg_conservative_loss: -0.007, conservative_weight:  1.000
	avg_smooth_loss:  6.123

2023-02-24 09:47:04 - 
[#Step 170000] eval_reward: 63.984, eval_time: 6.158, time: 19.083
	critic_loss: 4.017, max_critic_loss: 91.295, min_critic_loss: 0.003
	actor_loss: -59.086, max_actor_loss: 9.554, min_actor_loss: -105.216
	value_loss: 0.975, max_value_loss: 38.312, min_value_loss: 0.000
	weight: 0.495, max_weight: 0.700, min_weight: 0.300
	v: 57.739, max_v: 102.566, min_v: -9.181
	q1: 57.755, max_q1: 103.258, min_q1: -9.763
	q2: 57.984, max_q2: 103.582, min_q2: -9.335
	target_q: 57.844, max_target_q: 107.045, min_target_q: -8.753
	avg_conservative_loss: -0.020, conservative_weight:  1.000
	avg_smooth_loss:  6.614

2023-02-24 09:48:06 - 
[#Step 180000] eval_reward: 52.889, eval_time: 5.252, time: 20.110
	critic_loss: 5.367, max_critic_loss: 218.245, min_critic_loss: 0.002
	actor_loss: -57.245, max_actor_loss: -1.452, min_actor_loss: -105.006
	value_loss: 0.815, max_value_loss: 43.323, min_value_loss: 0.000
	weight: 0.473, max_weight: 0.700, min_weight: 0.300
	v: 55.682, max_v: 103.895, min_v: -1.592
	q1: 56.011, max_q1: 104.116, min_q1: -1.733
	q2: 55.972, max_q2: 102.972, min_q2: -6.198
	target_q: 55.641, max_target_q: 103.689, min_target_q: -5.281
	avg_conservative_loss:  0.005, conservative_weight:  1.000
	avg_smooth_loss:  7.036

2023-02-24 09:49:09 - 
[#Step 190000] eval_reward: 68.588, eval_time: 6.442, time: 21.155
	critic_loss: 4.381, max_critic_loss: 98.909, min_critic_loss: 0.002
	actor_loss: -58.506, max_actor_loss: 13.364, min_actor_loss: -104.276
	value_loss: 0.583, max_value_loss: 25.909, min_value_loss: 0.000
	weight: 0.453, max_weight: 0.700, min_weight: 0.300
	v: 57.485, max_v: 104.241, min_v: -18.065
	q1: 57.388, max_q1: 102.331, min_q1: -19.048
	q2: 57.402, max_q2: 102.493, min_q2: -18.973
	target_q: 57.368, max_target_q: 102.948, min_target_q: -13.412
	avg_conservative_loss: -0.004, conservative_weight:  1.000
	avg_smooth_loss:  6.656

2023-02-24 09:50:12 - 
[#Step 200000] eval_reward: 66.935, eval_time: 6.331, time: 22.205
	critic_loss: 5.851, max_critic_loss: 122.249, min_critic_loss: 0.000
	actor_loss: -54.353, max_actor_loss: 16.751, min_actor_loss: -101.891
	value_loss: 0.531, max_value_loss: 14.445, min_value_loss: 0.000
	weight: 0.438, max_weight: 0.700, min_weight: 0.300
	v: 53.669, max_v: 103.523, min_v: -14.660
	q1: 53.052, max_q1: 101.508, min_q1: -17.498
	q2: 53.139, max_q2: 103.406, min_q2: -16.892
	target_q: 53.663, max_target_q: 103.074, min_target_q: -12.928
	avg_conservative_loss: -0.007, conservative_weight:  1.000
	avg_smooth_loss:  7.180

2023-02-24 09:51:13 - 
[#Step 210000] eval_reward: 42.007, eval_time: 4.252, time: 23.218
	critic_loss: 4.826, max_critic_loss: 98.725, min_critic_loss: 0.003
	actor_loss: -59.695, max_actor_loss: 11.445, min_actor_loss: -105.744
	value_loss: 0.744, max_value_loss: 34.425, min_value_loss: 0.000
	weight: 0.519, max_weight: 0.700, min_weight: 0.300
	v: 58.072, max_v: 102.051, min_v: -8.201
	q1: 58.540, max_q1: 101.952, min_q1: -6.885
	q2: 58.533, max_q2: 102.652, min_q2: -7.262
	target_q: 58.120, max_target_q: 105.949, min_target_q: -1.721
	avg_conservative_loss: -0.008, conservative_weight:  1.000
	avg_smooth_loss:  7.632

2023-02-24 09:52:15 - 
[#Step 220000] eval_reward: 67.146, eval_time: 6.307, time: 24.257
	critic_loss: 5.977, max_critic_loss: 162.936, min_critic_loss: 0.003
	actor_loss: -61.000, max_actor_loss: -3.502, min_actor_loss: -107.120
	value_loss: 0.825, max_value_loss: 26.067, min_value_loss: 0.000
	weight: 0.470, max_weight: 0.700, min_weight: 0.300
	v: 59.602, max_v: 104.633, min_v: 1.474
	q1: 60.023, max_q1: 105.425, min_q1: 2.221
	q2: 59.760, max_q2: 106.304, min_q2: 1.301
	target_q: 59.650, max_target_q: 105.605, min_target_q: -0.372
	avg_conservative_loss: -0.003, conservative_weight:  1.000
	avg_smooth_loss:  7.785

2023-02-24 09:53:18 - 
[#Step 230000] eval_reward: 70.409, eval_time: 6.622, time: 25.308
	critic_loss: 4.179, max_critic_loss: 138.334, min_critic_loss: 0.001
	actor_loss: -58.902, max_actor_loss: 9.775, min_actor_loss: -112.499
	value_loss: 0.504, max_value_loss: 9.396, min_value_loss: 0.000
	weight: 0.466, max_weight: 0.700, min_weight: 0.300
	v: 57.608, max_v: 106.681, min_v: -10.138
	q1: 57.731, max_q1: 107.316, min_q1: -9.295
	q2: 57.619, max_q2: 107.931, min_q2: -9.252
	target_q: 57.664, max_target_q: 106.348, min_target_q: -10.747
	avg_conservative_loss:  0.006, conservative_weight:  1.000
	avg_smooth_loss:  6.968

2023-02-24 09:54:21 - 
[#Step 240000] eval_reward: 73.369, eval_time: 6.928, time: 26.364
	critic_loss: 5.356, max_critic_loss: 181.871, min_critic_loss: 0.007
	actor_loss: -56.395, max_actor_loss: 10.871, min_actor_loss: -106.764
	value_loss: 0.709, max_value_loss: 13.785, min_value_loss: 0.000
	weight: 0.400, max_weight: 0.700, min_weight: 0.300
	v: 55.556, max_v: 105.196, min_v: -8.412
	q1: 55.093, max_q1: 104.632, min_q1: -10.129
	q2: 55.047, max_q2: 104.980, min_q2: -9.486
	target_q: 55.132, max_target_q: 104.862, min_target_q: -9.507
	avg_conservative_loss: -0.015, conservative_weight:  1.000
	avg_smooth_loss:  7.042

2023-02-24 09:55:25 - 
[#Step 250000] eval_reward: 78.122, eval_time: 7.440, time: 27.431
	critic_loss: 5.429, max_critic_loss: 93.570, min_critic_loss: 0.002
	actor_loss: -57.418, max_actor_loss: 15.671, min_actor_loss: -108.733
	value_loss: 1.114, max_value_loss: 57.323, min_value_loss: 0.000
	weight: 0.512, max_weight: 0.700, min_weight: 0.300
	v: 56.320, max_v: 104.589, min_v: -17.061
	q1: 56.241, max_q1: 103.883, min_q1: -15.029
	q2: 56.198, max_q2: 104.250, min_q2: -15.731
	target_q: 56.425, max_target_q: 104.684, min_target_q: -12.725
	avg_conservative_loss: -0.003, conservative_weight:  1.000
	avg_smooth_loss:  7.085

2023-02-24 09:56:28 - 
[#Step 260000] eval_reward: 67.037, eval_time: 6.329, time: 28.476
	critic_loss: 4.127, max_critic_loss: 115.570, min_critic_loss: 0.004
	actor_loss: -56.807, max_actor_loss: 10.289, min_actor_loss: -103.387
	value_loss: 0.640, max_value_loss: 16.289, min_value_loss: 0.000
	weight: 0.408, max_weight: 0.700, min_weight: 0.300
	v: 56.040, max_v: 101.994, min_v: -8.505
	q1: 55.760, max_q1: 100.720, min_q1: -8.595
	q2: 55.662, max_q2: 101.315, min_q2: -10.144
	target_q: 55.891, max_target_q: 101.762, min_target_q: -8.986
	avg_conservative_loss: -0.011, conservative_weight:  1.000
	avg_smooth_loss:  7.301

2023-02-24 09:57:32 - 
[#Step 270000] eval_reward: 80.361, eval_time: 7.561, time: 29.543
	critic_loss: 4.766, max_critic_loss: 64.233, min_critic_loss: 0.001
	actor_loss: -55.977, max_actor_loss: 6.503, min_actor_loss: -102.552
	value_loss: 0.794, max_value_loss: 16.547, min_value_loss: 0.000
	weight: 0.427, max_weight: 0.700, min_weight: 0.300
	v: 54.707, max_v: 100.720, min_v: -8.847
	q1: 54.661, max_q1: 101.750, min_q1: -7.104
	q2: 54.642, max_q2: 101.931, min_q2: -9.056
	target_q: 54.593, max_target_q: 100.483, min_target_q: -9.514
	avg_conservative_loss: -0.022, conservative_weight:  1.000
	avg_smooth_loss:  7.833

2023-02-24 09:58:35 - 
[#Step 280000] eval_reward: 74.248, eval_time: 7.037, time: 30.598
	critic_loss: 6.720, max_critic_loss: 442.520, min_critic_loss: 0.001
	actor_loss: -59.627, max_actor_loss: 11.519, min_actor_loss: -110.812
	value_loss: 1.374, max_value_loss: 105.403, min_value_loss: 0.000
	weight: 0.459, max_weight: 0.700, min_weight: 0.300
	v: 58.020, max_v: 107.284, min_v: -7.940
	q1: 58.431, max_q1: 107.916, min_q1: -13.069
	q2: 58.324, max_q2: 107.727, min_q2: -9.051
	target_q: 57.929, max_target_q: 106.679, min_target_q: -10.343
	avg_conservative_loss: -0.007, conservative_weight:  1.000
	avg_smooth_loss:  7.634

2023-02-24 09:59:39 - 
[#Step 290000] eval_reward: 74.708, eval_time: 7.086, time: 31.656
	critic_loss: 4.685, max_critic_loss: 146.797, min_critic_loss: 0.001
	actor_loss: -53.803, max_actor_loss: 14.353, min_actor_loss: -106.145
	value_loss: 0.979, max_value_loss: 50.135, min_value_loss: 0.000
	weight: 0.461, max_weight: 0.700, min_weight: 0.300
	v: 52.719, max_v: 104.460, min_v: -13.218
	q1: 52.564, max_q1: 103.986, min_q1: -14.063
	q2: 52.519, max_q2: 104.777, min_q2: -13.871
	target_q: 52.701, max_target_q: 104.959, min_target_q: -14.358
	avg_conservative_loss: -0.006, conservative_weight:  1.000
	avg_smooth_loss:  7.376

2023-02-24 10:00:42 - 
[#Step 300000] eval_reward: 76.559, eval_time: 7.353, time: 32.714
	critic_loss: 3.709, max_critic_loss: 63.928, min_critic_loss: 0.000
	actor_loss: -52.562, max_actor_loss: 7.069, min_actor_loss: -101.142
	value_loss: 0.728, max_value_loss: 18.976, min_value_loss: 0.000
	weight: 0.445, max_weight: 0.700, min_weight: 0.300
	v: 51.312, max_v: 98.998, min_v: -8.686
	q1: 51.259, max_q1: 99.621, min_q1: -9.659
	q2: 51.347, max_q2: 99.537, min_q2: -9.744
	target_q: 51.380, max_target_q: 99.787, min_target_q: -10.139
	avg_conservative_loss: -0.012, conservative_weight:  1.000
	avg_smooth_loss:  7.011

2023-02-24 10:01:47 - 
[#Step 310000] eval_reward: 87.808, eval_time: 8.085, time: 33.788
	critic_loss: 5.505, max_critic_loss: 195.687, min_critic_loss: 0.002
	actor_loss: -56.227, max_actor_loss: 6.242, min_actor_loss: -102.069
	value_loss: 1.005, max_value_loss: 58.579, min_value_loss: 0.000
	weight: 0.461, max_weight: 0.700, min_weight: 0.300
	v: 54.570, max_v: 99.550, min_v: -8.048
	q1: 54.769, max_q1: 98.533, min_q1: -8.690
	q2: 54.788, max_q2: 99.034, min_q2: -8.114
	target_q: 54.476, max_target_q: 99.163, min_target_q: -11.525
	avg_conservative_loss:  0.013, conservative_weight:  1.000
	avg_smooth_loss:  7.430

2023-02-24 10:02:51 - 
[#Step 320000] eval_reward: 80.478, eval_time: 7.460, time: 34.851
	critic_loss: 3.022, max_critic_loss: 49.572, min_critic_loss: 0.013
	actor_loss: -56.919, max_actor_loss: 17.457, min_actor_loss: -103.826
	value_loss: 0.782, max_value_loss: 21.620, min_value_loss: 0.000
	weight: 0.469, max_weight: 0.700, min_weight: 0.300
	v: 55.875, max_v: 101.275, min_v: -13.018
	q1: 55.781, max_q1: 102.816, min_q1: -13.067
	q2: 55.846, max_q2: 102.456, min_q2: -14.357
	target_q: 55.808, max_target_q: 101.483, min_target_q: -15.021
	avg_conservative_loss:  0.010, conservative_weight:  1.000
	avg_smooth_loss:  7.233

2023-02-24 10:03:55 - 
[#Step 330000] eval_reward: 87.001, eval_time: 8.274, time: 35.929
	critic_loss: 5.554, max_critic_loss: 136.047, min_critic_loss: 0.000
	actor_loss: -59.116, max_actor_loss: 6.892, min_actor_loss: -108.422
	value_loss: 0.820, max_value_loss: 34.900, min_value_loss: 0.000
	weight: 0.392, max_weight: 0.700, min_weight: 0.300
	v: 58.262, max_v: 105.816, min_v: -8.214
	q1: 57.902, max_q1: 105.312, min_q1: -7.815
	q2: 57.936, max_q2: 105.842, min_q2: -7.239
	target_q: 58.016, max_target_q: 105.655, min_target_q: -9.458
	avg_conservative_loss: -0.006, conservative_weight:  1.000
	avg_smooth_loss:  7.768

2023-02-24 10:04:59 - 
[#Step 340000] eval_reward: 80.859, eval_time: 7.667, time: 36.994
	critic_loss: 4.760, max_critic_loss: 138.469, min_critic_loss: 0.003
	actor_loss: -58.571, max_actor_loss: 8.467, min_actor_loss: -104.838
	value_loss: 0.817, max_value_loss: 11.692, min_value_loss: 0.000
	weight: 0.427, max_weight: 0.700, min_weight: 0.300
	v: 57.530, max_v: 101.980, min_v: -8.073
	q1: 57.427, max_q1: 106.245, min_q1: -7.695
	q2: 57.409, max_q2: 103.299, min_q2: -7.113
	target_q: 57.420, max_target_q: 102.430, min_target_q: -7.820
	avg_conservative_loss: -0.007, conservative_weight:  1.000
	avg_smooth_loss:  8.136

2023-02-24 10:06:02 - 
[#Step 350000] eval_reward: 69.542, eval_time: 7.028, time: 38.049
	critic_loss: 5.506, max_critic_loss: 492.227, min_critic_loss: 0.000
	actor_loss: -58.237, max_actor_loss: 7.639, min_actor_loss: -106.547
	value_loss: 0.538, max_value_loss: 9.981, min_value_loss: 0.000
	weight: 0.438, max_weight: 0.700, min_weight: 0.300
	v: 56.953, max_v: 102.142, min_v: -7.454
	q1: 56.875, max_q1: 101.984, min_q1: -8.951
	q2: 56.952, max_q2: 102.481, min_q2: -6.609
	target_q: 56.703, max_target_q: 102.603, min_target_q: -9.007
	avg_conservative_loss: -0.002, conservative_weight:  1.000
	avg_smooth_loss:  7.317

2023-02-24 10:07:06 - 
[#Step 360000] eval_reward: 76.178, eval_time: 7.502, time: 39.112
	critic_loss: 4.571, max_critic_loss: 58.751, min_critic_loss: 0.013
	actor_loss: -55.175, max_actor_loss: 19.407, min_actor_loss: -101.543
	value_loss: 0.923, max_value_loss: 34.265, min_value_loss: 0.000
	weight: 0.486, max_weight: 0.700, min_weight: 0.300
	v: 53.724, max_v: 101.416, min_v: -16.060
	q1: 54.100, max_q1: 101.013, min_q1: -14.876
	q2: 53.838, max_q2: 100.427, min_q2: -14.782
	target_q: 53.718, max_target_q: 100.967, min_target_q: -13.272
	avg_conservative_loss: -0.021, conservative_weight:  1.000
	avg_smooth_loss:  8.043

2023-02-24 10:08:09 - 
[#Step 370000] eval_reward: 70.009, eval_time: 6.940, time: 40.162
	critic_loss: 4.772, max_critic_loss: 71.523, min_critic_loss: 0.004
	actor_loss: -56.594, max_actor_loss: 9.519, min_actor_loss: -100.421
	value_loss: 0.676, max_value_loss: 23.880, min_value_loss: 0.000
	weight: 0.439, max_weight: 0.700, min_weight: 0.300
	v: 55.921, max_v: 97.356, min_v: -7.332
	q1: 55.583, max_q1: 97.036, min_q1: -9.321
	q2: 55.717, max_q2: 98.982, min_q2: -6.269
	target_q: 55.994, max_target_q: 101.892, min_target_q: -10.091
	avg_conservative_loss: -0.017, conservative_weight:  1.000
	avg_smooth_loss:  7.096

2023-02-24 10:09:13 - 
[#Step 380000] eval_reward: 83.673, eval_time: 8.132, time: 41.231
	critic_loss: 4.862, max_critic_loss: 80.670, min_critic_loss: 0.012
	actor_loss: -55.644, max_actor_loss: 9.143, min_actor_loss: -105.426
	value_loss: 0.672, max_value_loss: 11.683, min_value_loss: 0.000
	weight: 0.541, max_weight: 0.700, min_weight: 0.300
	v: 54.714, max_v: 105.749, min_v: -10.812
	q1: 54.531, max_q1: 105.450, min_q1: -9.132
	q2: 54.659, max_q2: 103.772, min_q2: -9.822
	target_q: 54.956, max_target_q: 106.677, min_target_q: -10.289
	avg_conservative_loss: -0.018, conservative_weight:  1.000
	avg_smooth_loss:  7.662

2023-02-24 10:10:16 - 
[#Step 390000] eval_reward: 69.543, eval_time: 7.010, time: 42.283
	critic_loss: 4.647, max_critic_loss: 52.576, min_critic_loss: 0.003
	actor_loss: -56.167, max_actor_loss: 18.858, min_actor_loss: -105.533
	value_loss: 0.927, max_value_loss: 28.796, min_value_loss: 0.000
	weight: 0.466, max_weight: 0.700, min_weight: 0.300
	v: 54.516, max_v: 104.113, min_v: -13.527
	q1: 55.008, max_q1: 103.586, min_q1: -13.585
	q2: 55.076, max_q2: 104.833, min_q2: -14.076
	target_q: 54.443, max_target_q: 103.152, min_target_q: -15.623
	avg_conservative_loss: -0.002, conservative_weight:  1.000
	avg_smooth_loss:  7.464

2023-02-24 10:11:20 - 
[#Step 400000] eval_reward: 74.358, eval_time: 7.406, time: 43.344
	critic_loss: 4.298, max_critic_loss: 91.416, min_critic_loss: 0.004
	actor_loss: -55.678, max_actor_loss: 6.294, min_actor_loss: -102.367
	value_loss: 0.586, max_value_loss: 13.758, min_value_loss: 0.000
	weight: 0.414, max_weight: 0.700, min_weight: 0.300
	v: 54.456, max_v: 100.621, min_v: -8.309
	q1: 54.440, max_q1: 101.475, min_q1: -9.863
	q2: 54.389, max_q2: 100.794, min_q2: -9.121
	target_q: 54.422, max_target_q: 101.021, min_target_q: -7.719
	avg_conservative_loss: -0.007, conservative_weight:  1.000
	avg_smooth_loss:  8.173

2023-02-24 10:12:24 - 
[#Step 410000] eval_reward: 86.566, eval_time: 8.305, time: 44.417
	critic_loss: 6.204, max_critic_loss: 159.775, min_critic_loss: 0.027
	actor_loss: -55.714, max_actor_loss: 5.875, min_actor_loss: -104.216
	value_loss: 0.694, max_value_loss: 33.761, min_value_loss: 0.000
	weight: 0.417, max_weight: 0.700, min_weight: 0.300
	v: 55.100, max_v: 101.801, min_v: -5.370
	q1: 54.315, max_q1: 101.469, min_q1: -7.651
	q2: 54.197, max_q2: 101.964, min_q2: -5.668
	target_q: 54.886, max_target_q: 101.406, min_target_q: -8.465
	avg_conservative_loss: -0.008, conservative_weight:  1.000
	avg_smooth_loss:  7.350

2023-02-24 10:13:28 - 
[#Step 420000] eval_reward: 82.484, eval_time: 7.620, time: 45.480
	critic_loss: 3.813, max_critic_loss: 40.402, min_critic_loss: 0.003
	actor_loss: -54.473, max_actor_loss: 11.099, min_actor_loss: -108.503
	value_loss: 0.973, max_value_loss: 80.024, min_value_loss: 0.000
	weight: 0.438, max_weight: 0.700, min_weight: 0.300
	v: 53.286, max_v: 106.412, min_v: -14.531
	q1: 53.204, max_q1: 107.170, min_q1: -14.360
	q2: 53.151, max_q2: 108.029, min_q2: -12.612
	target_q: 53.213, max_target_q: 107.053, min_target_q: -13.830
	avg_conservative_loss: -0.020, conservative_weight:  1.000
	avg_smooth_loss:  7.648

2023-02-24 10:14:32 - 
[#Step 430000] eval_reward: 79.987, eval_time: 7.721, time: 46.546
	critic_loss: 3.584, max_critic_loss: 59.267, min_critic_loss: 0.001
	actor_loss: -54.240, max_actor_loss: 10.310, min_actor_loss: -98.550
	value_loss: 0.451, max_value_loss: 19.981, min_value_loss: 0.000
	weight: 0.470, max_weight: 0.700, min_weight: 0.300
	v: 53.425, max_v: 98.265, min_v: -8.292
	q1: 53.223, max_q1: 97.418, min_q1: -6.928
	q2: 53.006, max_q2: 97.670, min_q2: -7.837
	target_q: 53.573, max_target_q: 97.707, min_target_q: -8.903
	avg_conservative_loss: -0.013, conservative_weight:  1.000
	avg_smooth_loss:  7.516

2023-02-24 10:15:37 - 
[#Step 440000] eval_reward: 89.599, eval_time: 8.439, time: 47.623
	critic_loss: 7.143, max_critic_loss: 715.255, min_critic_loss: 0.000
	actor_loss: -57.662, max_actor_loss: -0.837, min_actor_loss: -108.661
	value_loss: 0.712, max_value_loss: 16.069, min_value_loss: 0.000
	weight: 0.425, max_weight: 0.700, min_weight: 0.300
	v: 56.393, max_v: 104.953, min_v: 0.889
	q1: 56.349, max_q1: 104.879, min_q1: -0.728
	q2: 56.203, max_q2: 104.806, min_q2: -0.750
	target_q: 56.189, max_target_q: 104.399, min_target_q: 0.175
	avg_conservative_loss: -0.019, conservative_weight:  1.000
	avg_smooth_loss:  7.892

2023-02-24 10:16:40 - 
[#Step 450000] eval_reward: 75.083, eval_time: 7.059, time: 48.678
	critic_loss: 3.908, max_critic_loss: 51.235, min_critic_loss: 0.015
	actor_loss: -56.095, max_actor_loss: 10.156, min_actor_loss: -101.547
	value_loss: 0.732, max_value_loss: 11.910, min_value_loss: 0.000
	weight: 0.400, max_weight: 0.700, min_weight: 0.300
	v: 55.071, max_v: 98.598, min_v: -7.795
	q1: 54.775, max_q1: 97.435, min_q1: -6.968
	q2: 54.783, max_q2: 97.608, min_q2: -7.402
	target_q: 55.167, max_target_q: 97.579, min_target_q: -6.367
	avg_conservative_loss: -0.012, conservative_weight:  1.000
	avg_smooth_loss:  7.628

2023-02-24 10:17:42 - 
[#Step 460000] eval_reward: 50.164, eval_time: 4.964, time: 49.702
	critic_loss: 4.065, max_critic_loss: 61.992, min_critic_loss: 0.004
	actor_loss: -55.104, max_actor_loss: 16.381, min_actor_loss: -99.497
	value_loss: 0.640, max_value_loss: 13.570, min_value_loss: 0.000
	weight: 0.461, max_weight: 0.700, min_weight: 0.300
	v: 53.728, max_v: 98.491, min_v: -13.158
	q1: 54.018, max_q1: 99.418, min_q1: -13.438
	q2: 54.046, max_q2: 98.681, min_q2: -16.703
	target_q: 53.765, max_target_q: 99.206, min_target_q: -14.074
	avg_conservative_loss: -0.006, conservative_weight:  1.000
	avg_smooth_loss:  7.064

2023-02-24 10:18:44 - 
[#Step 470000] eval_reward: 72.633, eval_time: 6.819, time: 50.749
	critic_loss: 4.009, max_critic_loss: 80.332, min_critic_loss: 0.003
	actor_loss: -56.617, max_actor_loss: 6.649, min_actor_loss: -101.005
	value_loss: 0.669, max_value_loss: 19.845, min_value_loss: 0.000
	weight: 0.417, max_weight: 0.700, min_weight: 0.300
	v: 55.384, max_v: 100.375, min_v: -4.822
	q1: 55.408, max_q1: 99.995, min_q1: -3.339
	q2: 55.627, max_q2: 99.935, min_q2: -4.804
	target_q: 55.114, max_target_q: 100.256, min_target_q: -5.232
	avg_conservative_loss: -0.004, conservative_weight:  1.000
	avg_smooth_loss:  7.791

2023-02-24 10:19:48 - 
[#Step 480000] eval_reward: 82.844, eval_time: 7.666, time: 51.815
	critic_loss: 4.924, max_critic_loss: 84.679, min_critic_loss: 0.006
	actor_loss: -54.146, max_actor_loss: -2.062, min_actor_loss: -103.049
	value_loss: 0.848, max_value_loss: 15.456, min_value_loss: 0.000
	weight: 0.433, max_weight: 0.700, min_weight: 0.300
	v: 53.128, max_v: 100.985, min_v: 0.409
	q1: 52.992, max_q1: 101.514, min_q1: -0.079
	q2: 52.970, max_q2: 102.320, min_q2: 1.836
	target_q: 52.731, max_target_q: 102.070, min_target_q: 0.732
	avg_conservative_loss: -0.005, conservative_weight:  1.000
	avg_smooth_loss:  8.141

2023-02-24 10:20:52 - 
[#Step 490000] eval_reward: 76.992, eval_time: 6.988, time: 52.870
	critic_loss: 4.611, max_critic_loss: 94.435, min_critic_loss: 0.002
	actor_loss: -55.327, max_actor_loss: 6.441, min_actor_loss: -100.886
	value_loss: 0.984, max_value_loss: 31.092, min_value_loss: 0.000
	weight: 0.470, max_weight: 0.700, min_weight: 0.300
	v: 53.857, max_v: 99.761, min_v: -6.774
	q1: 53.781, max_q1: 99.398, min_q1: -13.376
	q2: 53.955, max_q2: 100.158, min_q2: -6.536
	target_q: 53.599, max_target_q: 98.926, min_target_q: -6.622
	avg_conservative_loss: -0.011, conservative_weight:  1.000
	avg_smooth_loss:  8.049

2023-02-24 10:21:55 - 
[#Step 500000] eval_reward: 78.059, eval_time: 7.178, time: 53.929
	critic_loss: 4.492, max_critic_loss: 52.950, min_critic_loss: 0.000
	actor_loss: -54.655, max_actor_loss: 9.175, min_actor_loss: -105.593
	value_loss: 0.805, max_value_loss: 36.825, min_value_loss: 0.000
	weight: 0.448, max_weight: 0.700, min_weight: 0.300
	v: 53.347, max_v: 104.564, min_v: -7.499
	q1: 53.275, max_q1: 104.599, min_q1: -7.582
	q2: 53.291, max_q2: 104.052, min_q2: -7.453
	target_q: 53.329, max_target_q: 104.745, min_target_q: -6.589
	avg_conservative_loss: -0.003, conservative_weight:  1.000
	avg_smooth_loss:  7.979

2023-02-24 10:22:59 - 
[#Step 510000] eval_reward: 86.238, eval_time: 8.046, time: 54.998
	critic_loss: 4.096, max_critic_loss: 37.599, min_critic_loss: 0.006
	actor_loss: -58.664, max_actor_loss: 10.657, min_actor_loss: -106.081
	value_loss: 0.640, max_value_loss: 9.800, min_value_loss: 0.000
	weight: 0.486, max_weight: 0.700, min_weight: 0.300
	v: 56.957, max_v: 103.573, min_v: -10.885
	q1: 57.405, max_q1: 104.349, min_q1: -9.874
	q2: 57.430, max_q2: 105.371, min_q2: -11.233
	target_q: 57.001, max_target_q: 103.043, min_target_q: -10.054
	avg_conservative_loss: -0.011, conservative_weight:  1.000
	avg_smooth_loss:  7.707

2023-02-24 10:24:04 - 
[#Step 520000] eval_reward: 85.339, eval_time: 7.839, time: 56.070
	critic_loss: 6.517, max_critic_loss: 218.293, min_critic_loss: 0.001
	actor_loss: -54.253, max_actor_loss: 7.427, min_actor_loss: -100.407
	value_loss: 1.552, max_value_loss: 90.109, min_value_loss: 0.000
	weight: 0.445, max_weight: 0.700, min_weight: 0.300
	v: 53.009, max_v: 97.975, min_v: -9.730
	q1: 52.868, max_q1: 97.532, min_q1: -6.468
	q2: 53.072, max_q2: 98.049, min_q2: -8.137
	target_q: 52.542, max_target_q: 98.036, min_target_q: -9.887
	avg_conservative_loss: -0.033, conservative_weight:  1.000
	avg_smooth_loss:  8.594

2023-02-24 10:25:07 - 
[#Step 530000] eval_reward: 73.481, eval_time: 6.928, time: 57.124
	critic_loss: 3.442, max_critic_loss: 54.830, min_critic_loss: 0.000
	actor_loss: -55.444, max_actor_loss: 12.894, min_actor_loss: -101.236
	value_loss: 0.930, max_value_loss: 23.176, min_value_loss: 0.000
	weight: 0.541, max_weight: 0.700, min_weight: 0.300
	v: 53.342, max_v: 101.214, min_v: -10.751
	q1: 53.617, max_q1: 100.874, min_q1: -10.769
	q2: 53.626, max_q2: 102.446, min_q2: -12.435
	target_q: 53.413, max_target_q: 100.824, min_target_q: -9.962
	avg_conservative_loss: -0.009, conservative_weight:  1.000
	avg_smooth_loss:  7.780

2023-02-24 10:26:10 - 
[#Step 540000] eval_reward: 68.538, eval_time: 6.387, time: 58.171
	critic_loss: 3.920, max_critic_loss: 87.295, min_critic_loss: 0.003
	actor_loss: -58.169, max_actor_loss: 6.459, min_actor_loss: -101.231
	value_loss: 0.580, max_value_loss: 15.777, min_value_loss: 0.000
	weight: 0.433, max_weight: 0.700, min_weight: 0.300
	v: 56.854, max_v: 101.048, min_v: -7.931
	q1: 56.593, max_q1: 100.153, min_q1: -9.619
	q2: 56.464, max_q2: 99.836, min_q2: -9.260
	target_q: 56.787, max_target_q: 100.709, min_target_q: -8.386
	avg_conservative_loss: -0.003, conservative_weight:  1.000
	avg_smooth_loss:  7.455

2023-02-24 10:27:14 - 
[#Step 550000] eval_reward: 83.587, eval_time: 7.544, time: 59.238
	critic_loss: 4.372, max_critic_loss: 47.931, min_critic_loss: 0.009
	actor_loss: -57.871, max_actor_loss: 9.703, min_actor_loss: -105.399
	value_loss: 0.718, max_value_loss: 44.156, min_value_loss: 0.000
	weight: 0.447, max_weight: 0.700, min_weight: 0.300
	v: 56.610, max_v: 101.813, min_v: -7.473
	q1: 56.765, max_q1: 102.675, min_q1: -9.231
	q2: 56.824, max_q2: 101.285, min_q2: -7.850
	target_q: 56.848, max_target_q: 101.668, min_target_q: -7.500
	avg_conservative_loss: -0.019, conservative_weight:  1.000
	avg_smooth_loss:  7.015

2023-02-24 10:28:16 - 
[#Step 560000] eval_reward: 64.428, eval_time: 6.098, time: 60.278
	critic_loss: 5.199, max_critic_loss: 152.438, min_critic_loss: 0.002
	actor_loss: -58.993, max_actor_loss: 9.172, min_actor_loss: -100.937
	value_loss: 0.776, max_value_loss: 27.216, min_value_loss: 0.000
	weight: 0.448, max_weight: 0.700, min_weight: 0.300
	v: 58.344, max_v: 100.106, min_v: -8.883
	q1: 58.209, max_q1: 99.743, min_q1: -4.464
	q2: 58.160, max_q2: 99.000, min_q2: -5.507
	target_q: 58.436, max_target_q: 100.020, min_target_q: -4.145
	avg_conservative_loss: -0.006, conservative_weight:  1.000
	avg_smooth_loss:  7.764

2023-02-24 10:29:20 - 
[#Step 570000] eval_reward: 74.956, eval_time: 7.058, time: 61.336
	critic_loss: 3.731, max_critic_loss: 70.278, min_critic_loss: 0.002
	actor_loss: -56.278, max_actor_loss: 6.464, min_actor_loss: -107.033
	value_loss: 0.800, max_value_loss: 24.650, min_value_loss: 0.000
	weight: 0.473, max_weight: 0.700, min_weight: 0.300
	v: 54.525, max_v: 102.945, min_v: -5.961
	q1: 54.780, max_q1: 103.981, min_q1: -5.650
	q2: 54.768, max_q2: 102.607, min_q2: -5.112
	target_q: 54.531, max_target_q: 101.856, min_target_q: -3.247
	avg_conservative_loss: -0.017, conservative_weight:  1.000
	avg_smooth_loss:  7.286

2023-02-24 10:30:22 - 
[#Step 580000] eval_reward: 68.740, eval_time: 6.521, time: 62.376
	critic_loss: 5.513, max_critic_loss: 204.831, min_critic_loss: 0.000
	actor_loss: -58.076, max_actor_loss: 7.117, min_actor_loss: -101.251
	value_loss: 1.001, max_value_loss: 19.642, min_value_loss: 0.000
	weight: 0.483, max_weight: 0.700, min_weight: 0.300
	v: 56.747, max_v: 99.220, min_v: -6.812
	q1: 56.851, max_q1: 99.863, min_q1: -6.706
	q2: 56.819, max_q2: 99.932, min_q2: -5.422
	target_q: 57.198, max_target_q: 100.458, min_target_q: -5.214
	avg_conservative_loss: -0.010, conservative_weight:  1.000
	avg_smooth_loss:  7.598

2023-02-24 10:31:26 - 
[#Step 590000] eval_reward: 88.567, eval_time: 8.268, time: 63.451
	critic_loss: 2.881, max_critic_loss: 44.113, min_critic_loss: 0.000
	actor_loss: -58.677, max_actor_loss: 7.951, min_actor_loss: -102.663
	value_loss: 0.438, max_value_loss: 8.644, min_value_loss: 0.000
	weight: 0.442, max_weight: 0.700, min_weight: 0.300
	v: 57.697, max_v: 99.656, min_v: -8.659
	q1: 57.415, max_q1: 99.923, min_q1: -9.852
	q2: 57.522, max_q2: 100.137, min_q2: -9.177
	target_q: 57.786, max_target_q: 99.937, min_target_q: -7.933
	avg_conservative_loss: -0.008, conservative_weight:  1.000
	avg_smooth_loss:  7.078

2023-02-24 10:32:29 - 
[#Step 600000] eval_reward: 66.016, eval_time: 6.257, time: 64.488
	critic_loss: 3.173, max_critic_loss: 57.916, min_critic_loss: 0.001
	actor_loss: -57.487, max_actor_loss: 13.747, min_actor_loss: -99.210
	value_loss: 0.623, max_value_loss: 15.688, min_value_loss: 0.000
	weight: 0.439, max_weight: 0.700, min_weight: 0.300
	v: 56.362, max_v: 98.292, min_v: -13.060
	q1: 56.428, max_q1: 98.608, min_q1: -12.679
	q2: 56.357, max_q2: 97.068, min_q2: -12.386
	target_q: 56.298, max_target_q: 98.129, min_target_q: -14.010
	avg_conservative_loss:  0.007, conservative_weight:  1.000
	avg_smooth_loss:  7.942

2023-02-24 10:33:32 - 
[#Step 610000] eval_reward: 68.759, eval_time: 6.662, time: 65.537
	critic_loss: 3.537, max_critic_loss: 38.714, min_critic_loss: 0.006
	actor_loss: -56.808, max_actor_loss: 9.036, min_actor_loss: -104.133
	value_loss: 0.552, max_value_loss: 19.265, min_value_loss: 0.000
	weight: 0.405, max_weight: 0.700, min_weight: 0.300
	v: 55.221, max_v: 102.147, min_v: -7.248
	q1: 55.224, max_q1: 102.058, min_q1: -6.431
	q2: 55.148, max_q2: 102.143, min_q2: -7.185
	target_q: 55.090, max_target_q: 102.800, min_target_q: -9.253
	avg_conservative_loss: -0.008, conservative_weight:  1.000
	avg_smooth_loss:  7.214

2023-02-24 10:34:34 - 
[#Step 620000] eval_reward: 65.621, eval_time: 6.175, time: 66.575
	critic_loss: 4.651, max_critic_loss: 91.283, min_critic_loss: 0.001
	actor_loss: -55.232, max_actor_loss: 5.259, min_actor_loss: -100.860
	value_loss: 0.808, max_value_loss: 8.733, min_value_loss: 0.000
	weight: 0.466, max_weight: 0.700, min_weight: 0.300
	v: 53.612, max_v: 100.138, min_v: -8.571
	q1: 53.843, max_q1: 99.095, min_q1: -7.764
	q2: 54.063, max_q2: 100.326, min_q2: -7.542
	target_q: 53.501, max_target_q: 100.468, min_target_q: -8.635
	avg_conservative_loss: -0.023, conservative_weight:  1.000
	avg_smooth_loss:  7.575

2023-02-24 10:35:38 - 
[#Step 630000] eval_reward: 85.155, eval_time: 7.920, time: 67.638
	critic_loss: 3.640, max_critic_loss: 40.286, min_critic_loss: 0.007
	actor_loss: -56.398, max_actor_loss: 9.365, min_actor_loss: -103.470
	value_loss: 0.656, max_value_loss: 13.724, min_value_loss: 0.000
	weight: 0.469, max_weight: 0.700, min_weight: 0.300
	v: 55.046, max_v: 98.765, min_v: -5.805
	q1: 55.340, max_q1: 98.824, min_q1: -4.202
	q2: 55.215, max_q2: 99.664, min_q2: -5.956
	target_q: 55.039, max_target_q: 97.595, min_target_q: -5.862
	avg_conservative_loss: -0.011, conservative_weight:  1.000
	avg_smooth_loss:  7.247

2023-02-24 10:36:39 - 
[#Step 640000] eval_reward: 66.589, eval_time: 6.666, time: 68.662
	critic_loss: 4.049, max_critic_loss: 100.333, min_critic_loss: 0.000
	actor_loss: -57.315, max_actor_loss: 4.109, min_actor_loss: -103.781
	value_loss: 0.813, max_value_loss: 32.723, min_value_loss: 0.000
	weight: 0.461, max_weight: 0.700, min_weight: 0.300
	v: 56.132, max_v: 101.081, min_v: -6.500
	q1: 55.873, max_q1: 100.846, min_q1: -9.715
	q2: 55.720, max_q2: 101.227, min_q2: -5.770
	target_q: 55.865, max_target_q: 101.517, min_target_q: -7.506
	avg_conservative_loss: -0.015, conservative_weight:  1.000
	avg_smooth_loss:  7.653

2023-02-24 10:37:43 - 
[#Step 650000] eval_reward: 85.099, eval_time: 8.102, time: 69.724
	critic_loss: 4.633, max_critic_loss: 85.372, min_critic_loss: 0.000
	actor_loss: -58.351, max_actor_loss: 5.304, min_actor_loss: -100.196
	value_loss: 0.671, max_value_loss: 18.541, min_value_loss: 0.000
	weight: 0.452, max_weight: 0.700, min_weight: 0.300
	v: 57.071, max_v: 99.261, min_v: -4.447
	q1: 56.675, max_q1: 100.328, min_q1: -6.903
	q2: 56.741, max_q2: 100.930, min_q2: -6.876
	target_q: 56.764, max_target_q: 102.107, min_target_q: -6.794
	avg_conservative_loss: -0.005, conservative_weight:  1.000
	avg_smooth_loss:  7.806

2023-02-24 10:38:47 - 
[#Step 660000] eval_reward: 80.233, eval_time: 7.833, time: 70.786
	critic_loss: 4.389, max_critic_loss: 70.268, min_critic_loss: 0.002
	actor_loss: -55.246, max_actor_loss: 9.939, min_actor_loss: -99.147
	value_loss: 0.762, max_value_loss: 19.500, min_value_loss: 0.000
	weight: 0.459, max_weight: 0.700, min_weight: 0.300
	v: 53.951, max_v: 96.885, min_v: -9.885
	q1: 54.112, max_q1: 96.911, min_q1: -7.121
	q2: 54.256, max_q2: 97.537, min_q2: -6.741
	target_q: 54.027, max_target_q: 96.839, min_target_q: -7.857
	avg_conservative_loss: -0.008, conservative_weight:  1.000
	avg_smooth_loss:  7.659

2023-02-24 10:39:50 - 
[#Step 670000] eval_reward: 82.024, eval_time: 7.673, time: 71.850
	critic_loss: 4.380, max_critic_loss: 54.787, min_critic_loss: 0.008
	actor_loss: -54.331, max_actor_loss: 9.603, min_actor_loss: -100.145
	value_loss: 0.630, max_value_loss: 8.138, min_value_loss: 0.000
	weight: 0.491, max_weight: 0.700, min_weight: 0.300
	v: 52.263, max_v: 96.552, min_v: -10.630
	q1: 52.908, max_q1: 97.100, min_q1: -9.690
	q2: 52.541, max_q2: 97.051, min_q2: -6.650
	target_q: 52.238, max_target_q: 96.350, min_target_q: -6.370
	avg_conservative_loss: -0.019, conservative_weight:  1.000
	avg_smooth_loss:  7.960

2023-02-24 10:40:54 - 
[#Step 680000] eval_reward: 78.122, eval_time: 7.828, time: 72.916
	critic_loss: 3.450, max_critic_loss: 67.837, min_critic_loss: 0.004
	actor_loss: -56.977, max_actor_loss: 9.331, min_actor_loss: -100.614
	value_loss: 0.816, max_value_loss: 24.110, min_value_loss: 0.000
	weight: 0.475, max_weight: 0.700, min_weight: 0.300
	v: 55.659, max_v: 98.021, min_v: -10.223
	q1: 55.839, max_q1: 98.614, min_q1: -10.423
	q2: 56.040, max_q2: 98.656, min_q2: -8.905
	target_q: 55.898, max_target_q: 98.434, min_target_q: -8.936
	avg_conservative_loss: -0.009, conservative_weight:  1.000
	avg_smooth_loss:  7.929

2023-02-24 10:41:58 - 
[#Step 690000] eval_reward: 79.940, eval_time: 7.310, time: 73.972
	critic_loss: 4.037, max_critic_loss: 78.099, min_critic_loss: 0.000
	actor_loss: -55.367, max_actor_loss: 7.426, min_actor_loss: -102.860
	value_loss: 0.699, max_value_loss: 15.917, min_value_loss: 0.000
	weight: 0.436, max_weight: 0.700, min_weight: 0.300
	v: 53.944, max_v: 101.422, min_v: -8.423
	q1: 53.758, max_q1: 101.984, min_q1: -10.309
	q2: 53.607, max_q2: 100.731, min_q2: -8.392
	target_q: 53.830, max_target_q: 103.082, min_target_q: -8.862
	avg_conservative_loss: -0.009, conservative_weight:  1.000
	avg_smooth_loss:  8.452

2023-02-24 10:43:01 - 
[#Step 700000] eval_reward: 75.776, eval_time: 6.953, time: 75.026
	critic_loss: 2.574, max_critic_loss: 40.329, min_critic_loss: 0.014
	actor_loss: -61.172, max_actor_loss: 7.671, min_actor_loss: -107.566
	value_loss: 0.585, max_value_loss: 12.254, min_value_loss: 0.000
	weight: 0.442, max_weight: 0.700, min_weight: 0.300
	v: 60.123, max_v: 101.503, min_v: -7.212
	q1: 60.033, max_q1: 102.324, min_q1: -6.265
	q2: 60.116, max_q2: 102.561, min_q2: -5.692
	target_q: 60.423, max_target_q: 103.028, min_target_q: -5.931
	avg_conservative_loss: -0.002, conservative_weight:  1.000
	avg_smooth_loss:  7.431

2023-02-24 10:44:05 - 
[#Step 710000] eval_reward: 84.485, eval_time: 8.031, time: 76.096
	critic_loss: 3.709, max_critic_loss: 52.913, min_critic_loss: 0.005
	actor_loss: -55.780, max_actor_loss: 10.262, min_actor_loss: -103.565
	value_loss: 0.671, max_value_loss: 10.542, min_value_loss: 0.000
	weight: 0.511, max_weight: 0.700, min_weight: 0.300
	v: 54.124, max_v: 99.520, min_v: -6.779
	q1: 54.647, max_q1: 100.771, min_q1: -6.681
	q2: 54.587, max_q2: 101.214, min_q2: -8.975
	target_q: 53.988, max_target_q: 100.168, min_target_q: -10.267
	avg_conservative_loss: -0.014, conservative_weight:  1.000
	avg_smooth_loss:  6.997

2023-02-24 10:45:09 - 
[#Step 720000] eval_reward: 72.489, eval_time: 6.945, time: 77.151
	critic_loss: 4.182, max_critic_loss: 64.141, min_critic_loss: 0.010
	actor_loss: -54.571, max_actor_loss: 9.317, min_actor_loss: -101.124
	value_loss: 0.569, max_value_loss: 9.549, min_value_loss: 0.000
	weight: 0.423, max_weight: 0.700, min_weight: 0.300
	v: 53.728, max_v: 100.984, min_v: -7.008
	q1: 53.295, max_q1: 100.228, min_q1: -5.127
	q2: 53.492, max_q2: 100.705, min_q2: -9.211
	target_q: 53.949, max_target_q: 100.826, min_target_q: -7.194
	avg_conservative_loss: -0.004, conservative_weight:  1.000
	avg_smooth_loss:  7.861

2023-02-24 10:46:10 - 
[#Step 730000] eval_reward: 58.232, eval_time: 5.579, time: 78.182
	critic_loss: 5.506, max_critic_loss: 71.948, min_critic_loss: 0.000
	actor_loss: -59.717, max_actor_loss: 14.405, min_actor_loss: -102.275
	value_loss: 0.539, max_value_loss: 9.179, min_value_loss: 0.000
	weight: 0.484, max_weight: 0.700, min_weight: 0.300
	v: 58.829, max_v: 99.578, min_v: -11.993
	q1: 58.653, max_q1: 99.911, min_q1: -14.662
	q2: 58.620, max_q2: 99.859, min_q2: -13.519
	target_q: 59.241, max_target_q: 99.590, min_target_q: -10.704
	avg_conservative_loss: -0.010, conservative_weight:  1.000
	avg_smooth_loss:  6.790

2023-02-24 10:47:14 - 
[#Step 740000] eval_reward: 78.320, eval_time: 7.125, time: 79.240
	critic_loss: 2.967, max_critic_loss: 70.073, min_critic_loss: 0.003
	actor_loss: -57.222, max_actor_loss: 8.244, min_actor_loss: -101.788
	value_loss: 0.740, max_value_loss: 16.249, min_value_loss: 0.000
	weight: 0.397, max_weight: 0.700, min_weight: 0.300
	v: 56.101, max_v: 99.663, min_v: -9.270
	q1: 55.858, max_q1: 99.860, min_q1: -10.011
	q2: 55.879, max_q2: 99.425, min_q2: -7.977
	target_q: 55.977, max_target_q: 99.704, min_target_q: -7.882
	avg_conservative_loss: -0.007, conservative_weight:  1.000
	avg_smooth_loss:  7.356

2023-02-24 10:48:18 - 
[#Step 750000] eval_reward: 84.535, eval_time: 7.763, time: 80.307
	critic_loss: 3.355, max_critic_loss: 35.794, min_critic_loss: 0.001
	actor_loss: -55.774, max_actor_loss: 4.554, min_actor_loss: -102.621
	value_loss: 1.464, max_value_loss: 150.352, min_value_loss: 0.000
	weight: 0.439, max_weight: 0.700, min_weight: 0.300
	v: 54.212, max_v: 98.713, min_v: -7.286
	q1: 54.223, max_q1: 99.010, min_q1: -6.473
	q2: 54.271, max_q2: 99.006, min_q2: -5.796
	target_q: 54.094, max_target_q: 99.190, min_target_q: -5.509
	avg_conservative_loss: -0.019, conservative_weight:  1.000
	avg_smooth_loss:  7.814

2023-02-24 10:49:20 - 
[#Step 760000] eval_reward: 55.606, eval_time: 5.273, time: 81.335
	critic_loss: 4.037, max_critic_loss: 56.478, min_critic_loss: 0.000
	actor_loss: -52.987, max_actor_loss: 11.050, min_actor_loss: -99.489
	value_loss: 0.851, max_value_loss: 16.184, min_value_loss: 0.000
	weight: 0.486, max_weight: 0.700, min_weight: 0.300
	v: 51.937, max_v: 97.230, min_v: -6.799
	q1: 51.796, max_q1: 97.166, min_q1: -7.835
	q2: 51.758, max_q2: 98.559, min_q2: -7.982
	target_q: 51.950, max_target_q: 98.025, min_target_q: -5.783
	avg_conservative_loss: -0.011, conservative_weight:  1.000
	avg_smooth_loss:  7.338

2023-02-24 10:50:23 - 
[#Step 770000] eval_reward: 83.388, eval_time: 7.591, time: 82.399
	critic_loss: 3.137, max_critic_loss: 67.523, min_critic_loss: 0.000
	actor_loss: -54.626, max_actor_loss: 10.624, min_actor_loss: -102.327
	value_loss: 0.514, max_value_loss: 5.660, min_value_loss: 0.000
	weight: 0.472, max_weight: 0.700, min_weight: 0.300
	v: 53.086, max_v: 98.608, min_v: -7.433
	q1: 53.366, max_q1: 98.560, min_q1: -6.735
	q2: 53.253, max_q2: 98.925, min_q2: -6.484
	target_q: 53.392, max_target_q: 98.436, min_target_q: -6.797
	avg_conservative_loss: -0.004, conservative_weight:  1.000
	avg_smooth_loss:  7.525

2023-02-24 10:51:27 - 
[#Step 780000] eval_reward: 81.912, eval_time: 7.746, time: 83.464
	critic_loss: 3.408, max_critic_loss: 74.586, min_critic_loss: 0.001
	actor_loss: -54.897, max_actor_loss: -2.778, min_actor_loss: -100.444
	value_loss: 0.922, max_value_loss: 18.934, min_value_loss: 0.000
	weight: 0.472, max_weight: 0.700, min_weight: 0.300
	v: 53.048, max_v: 97.062, min_v: -4.551
	q1: 53.164, max_q1: 98.305, min_q1: -3.504
	q2: 53.206, max_q2: 97.843, min_q2: -5.561
	target_q: 53.207, max_target_q: 98.345, min_target_q: -5.212
	avg_conservative_loss: -0.007, conservative_weight:  1.000
	avg_smooth_loss:  8.370

2023-02-24 10:52:31 - 
[#Step 790000] eval_reward: 84.467, eval_time: 7.671, time: 84.530
	critic_loss: 4.365, max_critic_loss: 105.034, min_critic_loss: 0.004
	actor_loss: -57.775, max_actor_loss: 8.316, min_actor_loss: -102.904
	value_loss: 0.657, max_value_loss: 14.848, min_value_loss: 0.000
	weight: 0.495, max_weight: 0.700, min_weight: 0.300
	v: 56.527, max_v: 101.121, min_v: -8.251
	q1: 56.465, max_q1: 100.865, min_q1: -5.999
	q2: 56.442, max_q2: 100.597, min_q2: -6.541
	target_q: 56.716, max_target_q: 101.334, min_target_q: -2.782
	avg_conservative_loss: -0.015, conservative_weight:  1.000
	avg_smooth_loss:  8.392

2023-02-24 10:53:35 - 
[#Step 800000] eval_reward: 83.702, eval_time: 7.729, time: 85.598
	critic_loss: 3.673, max_critic_loss: 71.429, min_critic_loss: 0.000
	actor_loss: -55.555, max_actor_loss: 3.119, min_actor_loss: -102.221
	value_loss: 0.642, max_value_loss: 10.219, min_value_loss: 0.000
	weight: 0.484, max_weight: 0.700, min_weight: 0.300
	v: 54.522, max_v: 100.994, min_v: -5.425
	q1: 54.508, max_q1: 101.978, min_q1: -5.096
	q2: 54.564, max_q2: 100.597, min_q2: -2.664
	target_q: 54.484, max_target_q: 102.975, min_target_q: -5.077
	avg_conservative_loss: -0.007, conservative_weight:  1.000
	avg_smooth_loss:  7.800

2023-02-24 10:54:39 - 
[#Step 810000] eval_reward: 81.974, eval_time: 7.912, time: 86.665
	critic_loss: 3.895, max_critic_loss: 73.045, min_critic_loss: 0.006
	actor_loss: -54.297, max_actor_loss: 7.191, min_actor_loss: -102.224
	value_loss: 0.653, max_value_loss: 10.273, min_value_loss: 0.000
	weight: 0.434, max_weight: 0.700, min_weight: 0.300
	v: 53.465, max_v: 101.132, min_v: -7.558
	q1: 53.309, max_q1: 100.197, min_q1: -7.506
	q2: 53.188, max_q2: 100.458, min_q2: -7.928
	target_q: 53.615, max_target_q: 101.280, min_target_q: -7.419
	avg_conservative_loss: -0.018, conservative_weight:  1.000
	avg_smooth_loss:  7.479

2023-02-24 10:55:41 - 
[#Step 820000] eval_reward: 60.074, eval_time: 5.739, time: 87.699
	critic_loss: 4.327, max_critic_loss: 76.980, min_critic_loss: 0.003
	actor_loss: -55.075, max_actor_loss: 8.378, min_actor_loss: -100.817
	value_loss: 0.962, max_value_loss: 63.600, min_value_loss: 0.000
	weight: 0.444, max_weight: 0.700, min_weight: 0.300
	v: 53.890, max_v: 100.503, min_v: -4.089
	q1: 53.702, max_q1: 100.441, min_q1: -6.173
	q2: 53.810, max_q2: 100.326, min_q2: -2.921
	target_q: 53.889, max_target_q: 101.264, min_target_q: -3.658
	avg_conservative_loss: -0.021, conservative_weight:  1.000
	avg_smooth_loss:  7.716

2023-02-24 10:56:45 - 
[#Step 830000] eval_reward: 79.459, eval_time: 7.150, time: 88.759
	critic_loss: 5.351, max_critic_loss: 82.909, min_critic_loss: 0.002
	actor_loss: -55.843, max_actor_loss: 6.314, min_actor_loss: -98.237
	value_loss: 0.642, max_value_loss: 15.560, min_value_loss: 0.000
	weight: 0.453, max_weight: 0.700, min_weight: 0.300
	v: 54.471, max_v: 97.805, min_v: -5.237
	q1: 54.477, max_q1: 96.610, min_q1: -6.720
	q2: 54.745, max_q2: 96.102, min_q2: -8.398
	target_q: 54.705, max_target_q: 96.724, min_target_q: -5.712
	avg_conservative_loss: -0.006, conservative_weight:  1.000
	avg_smooth_loss:  7.890

2023-02-24 10:57:49 - 
[#Step 840000] eval_reward: 81.118, eval_time: 7.425, time: 89.820
	critic_loss: 4.007, max_critic_loss: 63.503, min_critic_loss: 0.005
	actor_loss: -55.718, max_actor_loss: 6.580, min_actor_loss: -102.885
	value_loss: 1.009, max_value_loss: 76.426, min_value_loss: 0.000
	weight: 0.506, max_weight: 0.700, min_weight: 0.300
	v: 53.943, max_v: 100.318, min_v: -8.366
	q1: 54.413, max_q1: 100.338, min_q1: -5.299
	q2: 54.241, max_q2: 100.261, min_q2: -5.325
	target_q: 54.288, max_target_q: 100.905, min_target_q: -7.296
	avg_conservative_loss: -0.015, conservative_weight:  1.000
	avg_smooth_loss:  8.351

2023-02-24 10:58:52 - 
[#Step 850000] eval_reward: 80.205, eval_time: 7.228, time: 90.880
	critic_loss: 5.249, max_critic_loss: 129.032, min_critic_loss: 0.001
	actor_loss: -58.849, max_actor_loss: -0.210, min_actor_loss: -106.009
	value_loss: 0.632, max_value_loss: 18.228, min_value_loss: 0.000
	weight: 0.475, max_weight: 0.700, min_weight: 0.300
	v: 57.509, max_v: 103.417, min_v: 2.056
	q1: 57.672, max_q1: 103.325, min_q1: 1.024
	q2: 57.476, max_q2: 105.289, min_q2: 1.568
	target_q: 57.881, max_target_q: 104.946, min_target_q: -0.021
	avg_conservative_loss: -0.016, conservative_weight:  1.000
	avg_smooth_loss:  8.154

2023-02-24 10:59:55 - 
[#Step 860000] eval_reward: 75.818, eval_time: 6.985, time: 91.933
	critic_loss: 3.785, max_critic_loss: 47.233, min_critic_loss: 0.001
	actor_loss: -55.462, max_actor_loss: 10.292, min_actor_loss: -102.563
	value_loss: 0.701, max_value_loss: 14.070, min_value_loss: 0.000
	weight: 0.486, max_weight: 0.700, min_weight: 0.300
	v: 54.108, max_v: 99.917, min_v: -10.186
	q1: 54.160, max_q1: 100.460, min_q1: -14.112
	q2: 54.080, max_q2: 100.063, min_q2: -13.146
	target_q: 54.353, max_target_q: 101.772, min_target_q: -14.135
	avg_conservative_loss: -0.025, conservative_weight:  1.000
	avg_smooth_loss:  7.463

2023-02-24 11:00:59 - 
[#Step 870000] eval_reward: 75.881, eval_time: 7.058, time: 92.992
	critic_loss: 3.644, max_critic_loss: 37.636, min_critic_loss: 0.013
	actor_loss: -54.926, max_actor_loss: 10.371, min_actor_loss: -103.919
	value_loss: 0.812, max_value_loss: 19.447, min_value_loss: 0.000
	weight: 0.423, max_weight: 0.700, min_weight: 0.300
	v: 53.830, max_v: 101.699, min_v: -7.915
	q1: 53.718, max_q1: 101.056, min_q1: -8.752
	q2: 53.826, max_q2: 101.303, min_q2: -10.226
	target_q: 53.549, max_target_q: 100.655, min_target_q: -8.006
	avg_conservative_loss: -0.011, conservative_weight:  1.000
	avg_smooth_loss:  8.214

2023-02-24 11:02:00 - 
[#Step 880000] eval_reward: 54.514, eval_time: 5.209, time: 94.016
	critic_loss: 2.456, max_critic_loss: 21.842, min_critic_loss: 0.003
	actor_loss: -57.992, max_actor_loss: 9.004, min_actor_loss: -106.907
	value_loss: 0.695, max_value_loss: 11.821, min_value_loss: 0.000
	weight: 0.467, max_weight: 0.700, min_weight: 0.300
	v: 56.676, max_v: 104.079, min_v: -7.442
	q1: 56.866, max_q1: 103.899, min_q1: -4.612
	q2: 56.639, max_q2: 104.403, min_q2: -9.632
	target_q: 56.808, max_target_q: 104.020, min_target_q: -8.065
	avg_conservative_loss: -0.013, conservative_weight:  1.000
	avg_smooth_loss:  7.734

2023-02-24 11:03:03 - 
[#Step 890000] eval_reward: 64.606, eval_time: 6.112, time: 95.059
	critic_loss: 3.509, max_critic_loss: 70.405, min_critic_loss: 0.002
	actor_loss: -56.834, max_actor_loss: 0.189, min_actor_loss: -103.685
	value_loss: 0.778, max_value_loss: 31.551, min_value_loss: 0.000
	weight: 0.420, max_weight: 0.700, min_weight: 0.300
	v: 55.495, max_v: 101.128, min_v: -1.332
	q1: 55.328, max_q1: 102.158, min_q1: -1.319
	q2: 55.372, max_q2: 101.455, min_q2: -0.820
	target_q: 55.384, max_target_q: 103.364, min_target_q: -1.139
	avg_conservative_loss: -0.015, conservative_weight:  1.000
	avg_smooth_loss:  8.425

2023-02-24 11:04:06 - 
[#Step 900000] eval_reward: 77.375, eval_time: 7.273, time: 96.116
	critic_loss: 4.080, max_critic_loss: 142.199, min_critic_loss: 0.001
	actor_loss: -56.237, max_actor_loss: 12.062, min_actor_loss: -98.115
	value_loss: 0.971, max_value_loss: 80.060, min_value_loss: 0.000
	weight: 0.467, max_weight: 0.700, min_weight: 0.300
	v: 54.979, max_v: 97.993, min_v: -7.507
	q1: 54.908, max_q1: 96.589, min_q1: -8.087
	q2: 55.085, max_q2: 96.979, min_q2: -7.231
	target_q: 55.042, max_target_q: 98.583, min_target_q: -7.477
	avg_conservative_loss: -0.015, conservative_weight:  1.000
	avg_smooth_loss:  7.430

2023-02-24 11:05:11 - 
[#Step 910000] eval_reward: 87.033, eval_time: 7.886, time: 97.190
	critic_loss: 6.073, max_critic_loss: 311.419, min_critic_loss: 0.001
	actor_loss: -56.196, max_actor_loss: 5.651, min_actor_loss: -97.996
	value_loss: 0.840, max_value_loss: 20.043, min_value_loss: 0.000
	weight: 0.441, max_weight: 0.700, min_weight: 0.300
	v: 55.115, max_v: 96.770, min_v: -7.855
	q1: 55.060, max_q1: 97.265, min_q1: -8.420
	q2: 55.028, max_q2: 96.954, min_q2: -8.873
	target_q: 55.134, max_target_q: 98.274, min_target_q: -8.832
	avg_conservative_loss: -0.008, conservative_weight:  1.000
	avg_smooth_loss:  7.848

2023-02-24 11:06:14 - 
[#Step 920000] eval_reward: 74.996, eval_time: 6.882, time: 98.237
	critic_loss: 4.086, max_critic_loss: 54.516, min_critic_loss: 0.000
	actor_loss: -55.635, max_actor_loss: 7.718, min_actor_loss: -99.988
	value_loss: 0.866, max_value_loss: 51.911, min_value_loss: 0.000
	weight: 0.511, max_weight: 0.700, min_weight: 0.300
	v: 53.795, max_v: 97.031, min_v: -5.847
	q1: 54.436, max_q1: 98.591, min_q1: -7.944
	q2: 54.236, max_q2: 97.263, min_q2: -6.300
	target_q: 53.811, max_target_q: 97.459, min_target_q: -7.426
	avg_conservative_loss: -0.010, conservative_weight:  1.000
	avg_smooth_loss:  7.694

2023-02-24 11:07:17 - 
[#Step 930000] eval_reward: 79.646, eval_time: 7.768, time: 99.300
	critic_loss: 5.855, max_critic_loss: 367.871, min_critic_loss: 0.025
	actor_loss: -54.792, max_actor_loss: 4.203, min_actor_loss: -98.213
	value_loss: 0.785, max_value_loss: 17.049, min_value_loss: 0.000
	weight: 0.477, max_weight: 0.700, min_weight: 0.300
	v: 53.182, max_v: 95.144, min_v: -9.947
	q1: 53.627, max_q1: 96.704, min_q1: -7.789
	q2: 53.754, max_q2: 96.683, min_q2: -7.039
	target_q: 53.190, max_target_q: 95.418, min_target_q: -8.306
	avg_conservative_loss: -0.016, conservative_weight:  1.000
	avg_smooth_loss:  7.903

2023-02-24 11:08:22 - 
[#Step 940000] eval_reward: 87.798, eval_time: 8.473, time: 100.375
	critic_loss: 3.828, max_critic_loss: 66.994, min_critic_loss: 0.019
	actor_loss: -56.631, max_actor_loss: 2.444, min_actor_loss: -99.079
	value_loss: 0.770, max_value_loss: 13.243, min_value_loss: 0.000
	weight: 0.478, max_weight: 0.700, min_weight: 0.300
	v: 55.832, max_v: 97.729, min_v: -3.665
	q1: 55.512, max_q1: 97.383, min_q1: -2.919
	q2: 55.422, max_q2: 97.476, min_q2: -5.794
	target_q: 55.869, max_target_q: 97.848, min_target_q: -5.556
	avg_conservative_loss: -0.026, conservative_weight:  1.000
	avg_smooth_loss:  8.085

2023-02-24 11:09:26 - 
[#Step 950000] eval_reward: 89.712, eval_time: 8.244, time: 101.449
	critic_loss: 4.578, max_critic_loss: 170.825, min_critic_loss: 0.001
	actor_loss: -57.099, max_actor_loss: 5.615, min_actor_loss: -99.487
	value_loss: 0.680, max_value_loss: 10.563, min_value_loss: 0.000
	weight: 0.464, max_weight: 0.700, min_weight: 0.300
	v: 55.589, max_v: 97.336, min_v: -4.095
	q1: 55.821, max_q1: 96.719, min_q1: -3.517
	q2: 55.709, max_q2: 97.017, min_q2: -4.627
	target_q: 55.592, max_target_q: 97.381, min_target_q: -7.533
	avg_conservative_loss: -0.017, conservative_weight:  1.000
	avg_smooth_loss:  8.937

2023-02-24 11:10:02 - 
[#Step 955000] eval_reward: 78.743, eval_time: 7.666, time: 102.040
	critic_loss: 3.357, max_critic_loss: 26.042, min_critic_loss: 0.003
	actor_loss: -55.254, max_actor_loss: 6.794, min_actor_loss: -101.236
	value_loss: 0.946, max_value_loss: 85.441, min_value_loss: 0.000
	weight: 0.456, max_weight: 0.700, min_weight: 0.300
	v: 53.828, max_v: 99.454, min_v: -8.284
	q1: 53.924, max_q1: 99.227, min_q1: -6.528
	q2: 53.901, max_q2: 99.141, min_q2: -6.679
	target_q: 53.618, max_target_q: 99.685, min_target_q: -6.748
	avg_conservative_loss: -0.009, conservative_weight:  1.000
	avg_smooth_loss:  7.426

2023-02-24 11:10:38 - 
[#Step 960000] eval_reward: 84.633, eval_time: 8.241, time: 102.645
	critic_loss: 3.336, max_critic_loss: 39.055, min_critic_loss: 0.006
	actor_loss: -55.515, max_actor_loss: 2.023, min_actor_loss: -104.162
	value_loss: 0.813, max_value_loss: 48.404, min_value_loss: 0.000
	weight: 0.439, max_weight: 0.700, min_weight: 0.300
	v: 54.336, max_v: 101.606, min_v: -2.908
	q1: 54.329, max_q1: 100.847, min_q1: -4.244
	q2: 54.427, max_q2: 100.859, min_q2: -5.361
	target_q: 54.153, max_target_q: 100.300, min_target_q: -5.178
	avg_conservative_loss: -0.008, conservative_weight:  1.000
	avg_smooth_loss:  7.615

2023-02-24 11:11:14 - 
[#Step 965000] eval_reward: 84.984, eval_time: 8.193, time: 103.245
	critic_loss: 3.898, max_critic_loss: 160.854, min_critic_loss: 0.010
	actor_loss: -53.889, max_actor_loss: 9.288, min_actor_loss: -101.325
	value_loss: 1.243, max_value_loss: 81.858, min_value_loss: 0.000
	weight: 0.395, max_weight: 0.700, min_weight: 0.300
	v: 52.860, max_v: 99.245, min_v: -9.466
	q1: 52.428, max_q1: 99.317, min_q1: -9.737
	q2: 52.373, max_q2: 99.014, min_q2: -7.733
	target_q: 52.367, max_target_q: 99.384, min_target_q: -9.409
	avg_conservative_loss:  0.000, conservative_weight:  1.000
	avg_smooth_loss:  7.609

2023-02-24 11:11:51 - 
[#Step 970000] eval_reward: 84.221, eval_time: 8.492, time: 103.854
	critic_loss: 2.717, max_critic_loss: 48.084, min_critic_loss: 0.002
	actor_loss: -54.835, max_actor_loss: 7.395, min_actor_loss: -100.230
	value_loss: 0.700, max_value_loss: 21.510, min_value_loss: 0.000
	weight: 0.439, max_weight: 0.700, min_weight: 0.300
	v: 53.350, max_v: 98.146, min_v: -11.058
	q1: 53.431, max_q1: 98.875, min_q1: -10.170
	q2: 53.539, max_q2: 98.770, min_q2: -9.793
	target_q: 53.055, max_target_q: 97.615, min_target_q: -11.794
	avg_conservative_loss:  0.002, conservative_weight:  1.000
	avg_smooth_loss:  8.156

2023-02-24 11:12:27 - 
[#Step 975000] eval_reward: 92.514, eval_time: 8.484, time: 104.464
	critic_loss: 3.431, max_critic_loss: 53.227, min_critic_loss: 0.001
	actor_loss: -54.505, max_actor_loss: 0.135, min_actor_loss: -103.468
	value_loss: 1.539, max_value_loss: 241.873, min_value_loss: 0.000
	weight: 0.430, max_weight: 0.700, min_weight: 0.300
	v: 53.099, max_v: 101.386, min_v: 0.651
	q1: 53.306, max_q1: 100.602, min_q1: 5.462
	q2: 53.189, max_q2: 102.752, min_q2: 3.637
	target_q: 53.230, max_target_q: 102.399, min_target_q: -0.528
	avg_conservative_loss: -0.018, conservative_weight:  1.000
	avg_smooth_loss:  7.727

2023-02-24 11:12:55 - Saving checkpoint at step: 196
2023-02-24 11:12:55 - Saved checkpoint at saved_models/walker2d-medium-replay-v2/COMFO7_s0_20230224_092759/actor_196
2023-02-24 11:12:55 - Saving checkpoint at step: 196
2023-02-24 11:12:55 - Saved checkpoint at saved_models/walker2d-medium-replay-v2/COMFO7_s0_20230224_092759/critic_196
2023-02-24 11:12:55 - Saving checkpoint at step: 196
2023-02-24 11:12:55 - Saved checkpoint at saved_models/walker2d-medium-replay-v2/COMFO7_s0_20230224_092759/value_196
2023-02-24 11:13:03 - 
[#Step 980000] eval_reward: 80.688, eval_time: 7.851, time: 105.063
	critic_loss: 5.788, max_critic_loss: 290.268, min_critic_loss: 0.005
	actor_loss: -57.048, max_actor_loss: -0.427, min_actor_loss: -102.676
	value_loss: 1.430, max_value_loss: 167.100, min_value_loss: 0.000
	weight: 0.389, max_weight: 0.700, min_weight: 0.300
	v: 56.142, max_v: 99.249, min_v: -2.678
	q1: 55.892, max_q1: 99.488, min_q1: -1.606
	q2: 55.839, max_q2: 99.451, min_q2: -2.489
	target_q: 55.653, max_target_q: 99.972, min_target_q: -5.897
	avg_conservative_loss: -0.017, conservative_weight:  1.000
	avg_smooth_loss:  7.574

2023-02-24 11:13:31 - Saving checkpoint at step: 197
2023-02-24 11:13:31 - Saved checkpoint at saved_models/walker2d-medium-replay-v2/COMFO7_s0_20230224_092759/actor_197
2023-02-24 11:13:31 - Saving checkpoint at step: 197
2023-02-24 11:13:31 - Saved checkpoint at saved_models/walker2d-medium-replay-v2/COMFO7_s0_20230224_092759/critic_197
2023-02-24 11:13:31 - Saving checkpoint at step: 197
2023-02-24 11:13:31 - Saved checkpoint at saved_models/walker2d-medium-replay-v2/COMFO7_s0_20230224_092759/value_197
2023-02-24 11:13:39 - 
[#Step 985000] eval_reward: 87.616, eval_time: 7.950, time: 105.661
	critic_loss: 3.653, max_critic_loss: 45.671, min_critic_loss: 0.004
	actor_loss: -53.173, max_actor_loss: 10.959, min_actor_loss: -96.717
	value_loss: 0.605, max_value_loss: 6.189, min_value_loss: 0.000
	weight: 0.486, max_weight: 0.700, min_weight: 0.300
	v: 51.635, max_v: 95.589, min_v: -6.711
	q1: 51.709, max_q1: 95.727, min_q1: -8.578
	q2: 51.512, max_q2: 96.055, min_q2: -9.487
	target_q: 51.575, max_target_q: 96.407, min_target_q: -11.745
	avg_conservative_loss: -0.016, conservative_weight:  1.000
	avg_smooth_loss:  7.600

2023-02-24 11:14:07 - Saving checkpoint at step: 198
2023-02-24 11:14:07 - Saved checkpoint at saved_models/walker2d-medium-replay-v2/COMFO7_s0_20230224_092759/actor_198
2023-02-24 11:14:07 - Saving checkpoint at step: 198
2023-02-24 11:14:07 - Saved checkpoint at saved_models/walker2d-medium-replay-v2/COMFO7_s0_20230224_092759/critic_198
2023-02-24 11:14:07 - Saving checkpoint at step: 198
2023-02-24 11:14:07 - Saved checkpoint at saved_models/walker2d-medium-replay-v2/COMFO7_s0_20230224_092759/value_198
2023-02-24 11:14:15 - 
[#Step 990000] eval_reward: 83.201, eval_time: 7.506, time: 106.252
	critic_loss: 4.681, max_critic_loss: 121.384, min_critic_loss: 0.002
	actor_loss: -54.408, max_actor_loss: 5.909, min_actor_loss: -99.301
	value_loss: 0.727, max_value_loss: 8.261, min_value_loss: 0.000
	weight: 0.408, max_weight: 0.700, min_weight: 0.300
	v: 53.448, max_v: 96.827, min_v: -5.760
	q1: 52.881, max_q1: 96.284, min_q1: -5.614
	q2: 53.022, max_q2: 96.251, min_q2: -6.139
	target_q: 53.523, max_target_q: 96.061, min_target_q: -4.010
	avg_conservative_loss: -0.014, conservative_weight:  1.000
	avg_smooth_loss:  7.995

2023-02-24 11:14:43 - Saving checkpoint at step: 199
2023-02-24 11:14:43 - Saved checkpoint at saved_models/walker2d-medium-replay-v2/COMFO7_s0_20230224_092759/actor_199
2023-02-24 11:14:43 - Saving checkpoint at step: 199
2023-02-24 11:14:43 - Saved checkpoint at saved_models/walker2d-medium-replay-v2/COMFO7_s0_20230224_092759/critic_199
2023-02-24 11:14:43 - Saving checkpoint at step: 199
2023-02-24 11:14:43 - Saved checkpoint at saved_models/walker2d-medium-replay-v2/COMFO7_s0_20230224_092759/value_199
2023-02-24 11:14:51 - 
[#Step 995000] eval_reward: 91.577, eval_time: 8.256, time: 106.856
	critic_loss: 6.637, max_critic_loss: 620.457, min_critic_loss: 0.003
	actor_loss: -55.967, max_actor_loss: 5.732, min_actor_loss: -99.833
	value_loss: 0.806, max_value_loss: 8.957, min_value_loss: 0.000
	weight: 0.462, max_weight: 0.700, min_weight: 0.300
	v: 54.707, max_v: 97.373, min_v: -4.807
	q1: 54.531, max_q1: 98.443, min_q1: -5.071
	q2: 54.380, max_q2: 97.813, min_q2: -5.948
	target_q: 54.393, max_target_q: 97.580, min_target_q: -4.970
	avg_conservative_loss: -0.009, conservative_weight:  1.000
	avg_smooth_loss:  8.815

2023-02-24 11:15:19 - Saving checkpoint at step: 200
2023-02-24 11:15:19 - Saved checkpoint at saved_models/walker2d-medium-replay-v2/COMFO7_s0_20230224_092759/actor_200
2023-02-24 11:15:19 - Saving checkpoint at step: 200
2023-02-24 11:15:19 - Saved checkpoint at saved_models/walker2d-medium-replay-v2/COMFO7_s0_20230224_092759/critic_200
2023-02-24 11:15:19 - Saving checkpoint at step: 200
2023-02-24 11:15:19 - Saved checkpoint at saved_models/walker2d-medium-replay-v2/COMFO7_s0_20230224_092759/value_200
2023-02-24 11:15:27 - 
[#Step 1000000] eval_reward: 91.225, eval_time: 8.274, time: 107.462
	critic_loss: 3.761, max_critic_loss: 93.116, min_critic_loss: 0.006
	actor_loss: -55.910, max_actor_loss: 9.467, min_actor_loss: -103.056
	value_loss: 0.940, max_value_loss: 50.116, min_value_loss: 0.000
	weight: 0.478, max_weight: 0.700, min_weight: 0.300
	v: 54.392, max_v: 101.206, min_v: -8.050
	q1: 54.654, max_q1: 101.452, min_q1: -10.097
	q2: 54.515, max_q2: 102.794, min_q2: -7.223
	target_q: 54.560, max_target_q: 101.548, min_target_q: -8.751
	avg_conservative_loss: -0.016, conservative_weight:  1.000
	avg_smooth_loss:  8.180

2023-02-24 11:15:27 - 
Avg eval reward = 85.94

