2023-02-24 14:08:40 - Exp configurations:
algo: COMFO6
alpha: 5.0
batch_size: 256
env_name: walker2d-medium-replay-v2
eval_episodes: 10
eval_freq: 5000
expectile: 0.7
gamma: 0.99
hidden_dims: !!python/tuple
- 256
- 256
initializer: orthogonal
log_dir: 20230225_noise0.01
lr: 0.0003
max_timesteps: 1000000
mle_alpha: 0.25
model_dir: saved_models
num_random: 10
seed: 0
tau: 0.005
temperature: 3.0

2023-02-24 14:10:32 - 
[#Step 10000] eval_reward: 9.853, eval_time: 2.451, time: 1.866
	critic_loss: 2.616, max_critic_loss: 107.039, min_critic_loss: 0.000
	actor_loss: -23.046, max_actor_loss: 8.313, min_actor_loss: -45.713
	value_loss: 0.108, max_value_loss: 2.028, min_value_loss: 0.000
	weight: 0.470, max_weight: 0.700, min_weight: 0.300
	v: 22.241, max_v: 44.869, min_v: -7.414
	q1: 22.578, max_q1: 45.384, min_q1: -7.785
	q2: 22.582, max_q2: 44.671, min_q2: -7.630
	target_q: 22.771, max_target_q: 45.473, min_target_q: -7.121

2023-02-24 14:11:08 - 
[#Step 20000] eval_reward: 3.390, eval_time: 0.977, time: 2.472
	critic_loss: 4.347, max_critic_loss: 198.505, min_critic_loss: 0.001
	actor_loss: -37.417, max_actor_loss: 1.885, min_actor_loss: -71.818
	value_loss: 0.210, max_value_loss: 5.689, min_value_loss: 0.000
	weight: 0.469, max_weight: 0.700, min_weight: 0.300
	v: 36.669, max_v: 72.381, min_v: -3.262
	q1: 36.897, max_q1: 70.782, min_q1: -1.419
	q2: 36.796, max_q2: 70.732, min_q2: -2.941
	target_q: 36.704, max_target_q: 69.457, min_target_q: -1.427

2023-02-24 14:11:45 - 
[#Step 30000] eval_reward: 4.956, eval_time: 1.524, time: 3.087
	critic_loss: 5.060, max_critic_loss: 228.121, min_critic_loss: 0.001
	actor_loss: -45.130, max_actor_loss: 0.871, min_actor_loss: -87.955
	value_loss: 0.274, max_value_loss: 4.922, min_value_loss: 0.000
	weight: 0.447, max_weight: 0.700, min_weight: 0.300
	v: 44.239, max_v: 85.810, min_v: -2.472
	q1: 44.298, max_q1: 86.359, min_q1: -1.364
	q2: 44.408, max_q2: 85.945, min_q2: -0.476
	target_q: 44.248, max_target_q: 85.373, min_target_q: -1.350

2023-02-24 14:12:22 - 
[#Step 40000] eval_reward: 11.908, eval_time: 2.015, time: 3.708
	critic_loss: 4.034, max_critic_loss: 69.339, min_critic_loss: 0.001
	actor_loss: -51.797, max_actor_loss: 7.016, min_actor_loss: -96.935
	value_loss: 0.689, max_value_loss: 57.582, min_value_loss: 0.000
	weight: 0.436, max_weight: 0.700, min_weight: 0.300
	v: 51.028, max_v: 95.818, min_v: -8.166
	q1: 50.825, max_q1: 94.868, min_q1: -6.937
	q2: 50.996, max_q2: 94.694, min_q2: -6.586
	target_q: 51.146, max_target_q: 94.724, min_target_q: -7.635

2023-02-24 14:12:59 - 
[#Step 50000] eval_reward: 5.435, eval_time: 1.309, time: 4.325
	critic_loss: 6.825, max_critic_loss: 331.351, min_critic_loss: 0.001
	actor_loss: -51.750, max_actor_loss: 2.402, min_actor_loss: -104.206
	value_loss: 0.586, max_value_loss: 28.956, min_value_loss: 0.000
	weight: 0.406, max_weight: 0.700, min_weight: 0.300
	v: 50.891, max_v: 101.953, min_v: -5.751
	q1: 50.650, max_q1: 101.751, min_q1: -4.545
	q2: 50.668, max_q2: 102.225, min_q2: -6.204
	target_q: 50.726, max_target_q: 101.367, min_target_q: -2.091

2023-02-24 14:13:36 - 
[#Step 60000] eval_reward: 5.553, eval_time: 1.264, time: 4.934
	critic_loss: 5.037, max_critic_loss: 116.375, min_critic_loss: 0.000
	actor_loss: -55.381, max_actor_loss: 0.380, min_actor_loss: -105.962
	value_loss: 0.632, max_value_loss: 17.196, min_value_loss: 0.000
	weight: 0.453, max_weight: 0.700, min_weight: 0.300
	v: 54.313, max_v: 103.959, min_v: -0.777
	q1: 54.268, max_q1: 103.777, min_q1: 1.129
	q2: 54.280, max_q2: 103.725, min_q2: 0.028
	target_q: 54.216, max_target_q: 104.794, min_target_q: 1.077

2023-02-24 14:14:14 - 
[#Step 70000] eval_reward: 23.571, eval_time: 2.706, time: 5.570
	critic_loss: 17.173, max_critic_loss: 3014.141, min_critic_loss: 0.002
	actor_loss: -56.481, max_actor_loss: 11.911, min_actor_loss: -106.041
	value_loss: 0.521, max_value_loss: 12.940, min_value_loss: 0.000
	weight: 0.453, max_weight: 0.700, min_weight: 0.300
	v: 55.750, max_v: 104.522, min_v: -16.342
	q1: 55.415, max_q1: 104.565, min_q1: -15.111
	q2: 55.610, max_q2: 104.639, min_q2: -16.191
	target_q: 55.684, max_target_q: 105.134, min_target_q: -16.342

2023-02-24 14:14:53 - 
[#Step 80000] eval_reward: 36.336, eval_time: 4.007, time: 6.225
	critic_loss: 5.050, max_critic_loss: 306.161, min_critic_loss: 0.001
	actor_loss: -57.218, max_actor_loss: 0.275, min_actor_loss: -107.729
	value_loss: 0.473, max_value_loss: 8.672, min_value_loss: 0.000
	weight: 0.447, max_weight: 0.700, min_weight: 0.300
	v: 56.074, max_v: 101.233, min_v: -1.376
	q1: 56.083, max_q1: 103.682, min_q1: -0.164
	q2: 56.007, max_q2: 103.777, min_q2: -1.461
	target_q: 56.201, max_target_q: 104.428, min_target_q: 0.774

2023-02-24 14:15:32 - 
[#Step 90000] eval_reward: 36.203, eval_time: 3.863, time: 6.872
	critic_loss: 6.380, max_critic_loss: 390.676, min_critic_loss: 0.001
	actor_loss: -59.499, max_actor_loss: 9.229, min_actor_loss: -102.525
	value_loss: 0.592, max_value_loss: 33.654, min_value_loss: 0.000
	weight: 0.439, max_weight: 0.700, min_weight: 0.300
	v: 58.004, max_v: 99.942, min_v: -9.647
	q1: 58.271, max_q1: 100.607, min_q1: -8.203
	q2: 58.175, max_q2: 100.342, min_q2: -10.104
	target_q: 57.601, max_target_q: 100.767, min_target_q: -10.601

2023-02-24 14:16:07 - Saving checkpoint at step: 20
2023-02-24 14:16:07 - Saved checkpoint at saved_models/walker2d-medium-replay-v2/COMFO6_s0_20230224_140840/actor_20
2023-02-24 14:16:07 - Saving checkpoint at step: 20
2023-02-24 14:16:07 - Saved checkpoint at saved_models/walker2d-medium-replay-v2/COMFO6_s0_20230224_140840/critic_20
2023-02-24 14:16:08 - Saving checkpoint at step: 20
2023-02-24 14:16:08 - Saved checkpoint at saved_models/walker2d-medium-replay-v2/COMFO6_s0_20230224_140840/value_20
2023-02-24 14:16:12 - 
[#Step 100000] eval_reward: 48.697, eval_time: 4.417, time: 7.538
	critic_loss: 6.852, max_critic_loss: 119.616, min_critic_loss: 0.004
	actor_loss: -58.567, max_actor_loss: 8.087, min_actor_loss: -106.779
	value_loss: 0.525, max_value_loss: 10.430, min_value_loss: 0.000
	weight: 0.450, max_weight: 0.700, min_weight: 0.300
	v: 57.609, max_v: 105.368, min_v: -10.089
	q1: 57.524, max_q1: 105.382, min_q1: -8.896
	q2: 57.612, max_q2: 105.466, min_q2: -12.191
	target_q: 57.815, max_target_q: 104.851, min_target_q: -11.547

2023-02-24 14:16:53 - 
[#Step 110000] eval_reward: 54.431, eval_time: 5.163, time: 8.214
	critic_loss: 4.550, max_critic_loss: 83.456, min_critic_loss: 0.002
	actor_loss: -56.953, max_actor_loss: 4.369, min_actor_loss: -107.217
	value_loss: 0.678, max_value_loss: 20.654, min_value_loss: 0.000
	weight: 0.445, max_weight: 0.700, min_weight: 0.300
	v: 55.793, max_v: 107.512, min_v: -7.369
	q1: 55.843, max_q1: 106.237, min_q1: -6.758
	q2: 55.904, max_q2: 106.184, min_q2: -7.480
	target_q: 55.897, max_target_q: 106.198, min_target_q: -7.072

2023-02-24 14:17:32 - 
[#Step 120000] eval_reward: 41.086, eval_time: 4.137, time: 8.873
	critic_loss: 6.700, max_critic_loss: 172.574, min_critic_loss: 0.000
	actor_loss: -59.069, max_actor_loss: 6.570, min_actor_loss: -107.725
	value_loss: 0.770, max_value_loss: 28.734, min_value_loss: 0.000
	weight: 0.508, max_weight: 0.700, min_weight: 0.300
	v: 57.098, max_v: 105.031, min_v: -9.425
	q1: 57.725, max_q1: 106.520, min_q1: -9.588
	q2: 57.815, max_q2: 105.214, min_q2: -8.759
	target_q: 57.146, max_target_q: 105.908, min_target_q: -10.017

2023-02-24 14:18:14 - 
[#Step 130000] eval_reward: 73.715, eval_time: 6.413, time: 9.572
	critic_loss: 5.340, max_critic_loss: 163.577, min_critic_loss: 0.014
	actor_loss: -58.168, max_actor_loss: 2.956, min_actor_loss: -105.800
	value_loss: 1.097, max_value_loss: 57.289, min_value_loss: 0.000
	weight: 0.530, max_weight: 0.700, min_weight: 0.300
	v: 56.239, max_v: 102.814, min_v: -4.956
	q1: 56.846, max_q1: 103.978, min_q1: -2.646
	q2: 56.871, max_q2: 102.138, min_q2: -4.614
	target_q: 56.249, max_target_q: 102.714, min_target_q: -6.534

2023-02-24 14:18:56 - 
[#Step 140000] eval_reward: 77.055, eval_time: 6.709, time: 10.271
	critic_loss: 4.462, max_critic_loss: 209.119, min_critic_loss: 0.002
	actor_loss: -57.149, max_actor_loss: 5.772, min_actor_loss: -103.343
	value_loss: 0.709, max_value_loss: 15.979, min_value_loss: 0.000
	weight: 0.431, max_weight: 0.700, min_weight: 0.300
	v: 55.954, max_v: 99.936, min_v: -5.796
	q1: 55.608, max_q1: 99.689, min_q1: -8.668
	q2: 55.571, max_q2: 100.206, min_q2: -7.585
	target_q: 55.891, max_target_q: 100.620, min_target_q: -3.621

2023-02-24 14:19:37 - 
[#Step 150000] eval_reward: 66.583, eval_time: 6.043, time: 10.960
	critic_loss: 7.506, max_critic_loss: 247.390, min_critic_loss: 0.003
	actor_loss: -56.581, max_actor_loss: 12.532, min_actor_loss: -105.050
	value_loss: 0.676, max_value_loss: 36.119, min_value_loss: 0.000
	weight: 0.492, max_weight: 0.700, min_weight: 0.300
	v: 54.856, max_v: 100.862, min_v: -7.287
	q1: 55.381, max_q1: 102.605, min_q1: -8.490
	q2: 55.427, max_q2: 102.898, min_q2: -7.518
	target_q: 54.889, max_target_q: 100.609, min_target_q: -5.969

2023-02-24 14:20:21 - 
[#Step 160000] eval_reward: 87.257, eval_time: 7.780, time: 11.681
	critic_loss: 6.939, max_critic_loss: 191.891, min_critic_loss: 0.004
	actor_loss: -55.092, max_actor_loss: 6.677, min_actor_loss: -106.017
	value_loss: 1.544, max_value_loss: 139.767, min_value_loss: 0.000
	weight: 0.492, max_weight: 0.700, min_weight: 0.300
	v: 53.606, max_v: 106.402, min_v: -9.415
	q1: 53.811, max_q1: 106.571, min_q1: -10.284
	q2: 53.914, max_q2: 105.284, min_q2: -9.048
	target_q: 54.072, max_target_q: 107.077, min_target_q: -10.583

2023-02-24 14:21:03 - 
[#Step 170000] eval_reward: 80.364, eval_time: 7.110, time: 12.384
	critic_loss: 5.349, max_critic_loss: 104.093, min_critic_loss: 0.003
	actor_loss: -57.291, max_actor_loss: 4.440, min_actor_loss: -111.360
	value_loss: 0.781, max_value_loss: 31.512, min_value_loss: 0.000
	weight: 0.508, max_weight: 0.700, min_weight: 0.300
	v: 55.660, max_v: 105.611, min_v: -2.831
	q1: 56.232, max_q1: 106.977, min_q1: -4.040
	q2: 56.284, max_q2: 107.628, min_q2: -4.769
	target_q: 55.860, max_target_q: 104.350, min_target_q: -10.585

2023-02-24 14:21:44 - 
[#Step 180000] eval_reward: 71.086, eval_time: 6.558, time: 13.080
	critic_loss: 5.277, max_critic_loss: 310.010, min_critic_loss: 0.004
	actor_loss: -57.922, max_actor_loss: 6.242, min_actor_loss: -104.740
	value_loss: 0.627, max_value_loss: 12.867, min_value_loss: 0.000
	weight: 0.508, max_weight: 0.700, min_weight: 0.300
	v: 56.442, max_v: 101.389, min_v: -8.601
	q1: 56.691, max_q1: 101.216, min_q1: -10.193
	q2: 56.551, max_q2: 101.471, min_q2: -7.848
	target_q: 56.806, max_target_q: 101.331, min_target_q: -7.523

2023-02-24 14:22:25 - 
[#Step 190000] eval_reward: 57.069, eval_time: 5.391, time: 13.753
	critic_loss: 4.122, max_critic_loss: 163.578, min_critic_loss: 0.004
	actor_loss: -57.080, max_actor_loss: 15.820, min_actor_loss: -104.884
	value_loss: 0.674, max_value_loss: 31.810, min_value_loss: 0.000
	weight: 0.445, max_weight: 0.700, min_weight: 0.300
	v: 56.045, max_v: 103.005, min_v: -10.683
	q1: 56.128, max_q1: 102.984, min_q1: -14.040
	q2: 56.226, max_q2: 102.206, min_q2: -13.514
	target_q: 56.155, max_target_q: 101.458, min_target_q: -11.751

2023-02-24 14:23:00 - Saving checkpoint at step: 40
2023-02-24 14:23:00 - Saved checkpoint at saved_models/walker2d-medium-replay-v2/COMFO6_s0_20230224_140840/actor_40
2023-02-24 14:23:00 - Saving checkpoint at step: 40
2023-02-24 14:23:00 - Saved checkpoint at saved_models/walker2d-medium-replay-v2/COMFO6_s0_20230224_140840/critic_40
2023-02-24 14:23:00 - Saving checkpoint at step: 40
2023-02-24 14:23:00 - Saved checkpoint at saved_models/walker2d-medium-replay-v2/COMFO6_s0_20230224_140840/value_40
2023-02-24 14:23:07 - 
[#Step 200000] eval_reward: 81.260, eval_time: 7.280, time: 14.464
	critic_loss: 3.755, max_critic_loss: 63.155, min_critic_loss: 0.004
	actor_loss: -57.356, max_actor_loss: 2.127, min_actor_loss: -101.819
	value_loss: 0.484, max_value_loss: 10.271, min_value_loss: 0.000
	weight: 0.412, max_weight: 0.700, min_weight: 0.300
	v: 56.099, max_v: 101.467, min_v: -3.655
	q1: 56.460, max_q1: 102.204, min_q1: -4.758
	q2: 56.280, max_q2: 101.402, min_q2: -5.001
	target_q: 56.125, max_target_q: 101.469, min_target_q: -4.060

2023-02-24 14:23:50 - 
[#Step 210000] eval_reward: 83.621, eval_time: 7.494, time: 15.175
	critic_loss: 4.531, max_critic_loss: 99.927, min_critic_loss: 0.002
	actor_loss: -59.179, max_actor_loss: 10.707, min_actor_loss: -108.947
	value_loss: 0.666, max_value_loss: 8.601, min_value_loss: 0.000
	weight: 0.364, max_weight: 0.700, min_weight: 0.300
	v: 58.273, max_v: 107.314, min_v: -13.304
	q1: 57.984, max_q1: 106.569, min_q1: -13.654
	q2: 57.932, max_q2: 107.005, min_q2: -13.620
	target_q: 57.816, max_target_q: 105.788, min_target_q: -13.435

2023-02-24 14:24:32 - 
[#Step 220000] eval_reward: 72.556, eval_time: 6.543, time: 15.871
	critic_loss: 4.868, max_critic_loss: 97.744, min_critic_loss: 0.004
	actor_loss: -57.631, max_actor_loss: 11.682, min_actor_loss: -103.504
	value_loss: 0.895, max_value_loss: 31.525, min_value_loss: 0.000
	weight: 0.428, max_weight: 0.700, min_weight: 0.300
	v: 56.495, max_v: 101.168, min_v: -14.543
	q1: 56.466, max_q1: 102.659, min_q1: -8.442
	q2: 56.638, max_q2: 103.643, min_q2: -7.913
	target_q: 56.625, max_target_q: 102.633, min_target_q: -10.576

2023-02-24 14:25:15 - 
[#Step 230000] eval_reward: 87.261, eval_time: 7.817, time: 16.591
	critic_loss: 3.733, max_critic_loss: 67.323, min_critic_loss: 0.002
	actor_loss: -59.688, max_actor_loss: 1.961, min_actor_loss: -107.804
	value_loss: 0.749, max_value_loss: 18.156, min_value_loss: 0.000
	weight: 0.567, max_weight: 0.700, min_weight: 0.300
	v: 58.276, max_v: 104.577, min_v: -4.038
	q1: 58.630, max_q1: 104.817, min_q1: -4.735
	q2: 58.713, max_q2: 106.163, min_q2: -1.384
	target_q: 58.633, max_target_q: 104.511, min_target_q: -1.382

2023-02-24 14:25:58 - 
[#Step 240000] eval_reward: 82.674, eval_time: 7.505, time: 17.300
	critic_loss: 4.856, max_critic_loss: 122.513, min_critic_loss: 0.000
	actor_loss: -57.180, max_actor_loss: 9.997, min_actor_loss: -108.574
	value_loss: 0.753, max_value_loss: 37.868, min_value_loss: 0.000
	weight: 0.434, max_weight: 0.700, min_weight: 0.300
	v: 55.732, max_v: 106.010, min_v: -8.690
	q1: 55.741, max_q1: 105.168, min_q1: -8.247
	q2: 55.744, max_q2: 106.485, min_q2: -6.869
	target_q: 55.596, max_target_q: 105.176, min_target_q: -14.316

2023-02-24 14:26:40 - 
[#Step 250000] eval_reward: 80.197, eval_time: 7.220, time: 18.006
	critic_loss: 5.597, max_critic_loss: 141.292, min_critic_loss: 0.004
	actor_loss: -57.153, max_actor_loss: 4.344, min_actor_loss: -102.643
	value_loss: 0.615, max_value_loss: 11.936, min_value_loss: 0.000
	weight: 0.453, max_weight: 0.700, min_weight: 0.300
	v: 55.792, max_v: 100.045, min_v: -6.730
	q1: 55.976, max_q1: 101.513, min_q1: -4.067
	q2: 55.836, max_q2: 101.414, min_q2: -6.999
	target_q: 55.862, max_target_q: 100.893, min_target_q: -8.595

2023-02-24 14:27:23 - 
[#Step 260000] eval_reward: 82.150, eval_time: 7.438, time: 18.718
	critic_loss: 7.027, max_critic_loss: 738.197, min_critic_loss: 0.001
	actor_loss: -55.334, max_actor_loss: 3.535, min_actor_loss: -103.129
	value_loss: 0.896, max_value_loss: 28.765, min_value_loss: 0.000
	weight: 0.428, max_weight: 0.700, min_weight: 0.300
	v: 54.128, max_v: 100.400, min_v: -6.000
	q1: 54.036, max_q1: 100.749, min_q1: -7.282
	q2: 54.093, max_q2: 102.408, min_q2: -2.219
	target_q: 53.959, max_target_q: 101.247, min_target_q: -1.995

2023-02-24 14:28:03 - 
[#Step 270000] eval_reward: 57.028, eval_time: 5.292, time: 19.396
	critic_loss: 4.346, max_critic_loss: 171.546, min_critic_loss: 0.002
	actor_loss: -57.017, max_actor_loss: 12.684, min_actor_loss: -104.578
	value_loss: 0.729, max_value_loss: 22.537, min_value_loss: 0.000
	weight: 0.450, max_weight: 0.700, min_weight: 0.300
	v: 55.570, max_v: 102.528, min_v: -13.612
	q1: 55.733, max_q1: 102.768, min_q1: -12.989
	q2: 55.720, max_q2: 101.515, min_q2: -12.676
	target_q: 55.643, max_target_q: 102.636, min_target_q: -15.724

2023-02-24 14:28:44 - 
[#Step 280000] eval_reward: 57.226, eval_time: 5.284, time: 20.071
	critic_loss: 4.144, max_critic_loss: 82.440, min_critic_loss: 0.000
	actor_loss: -57.944, max_actor_loss: 7.492, min_actor_loss: -103.027
	value_loss: 0.478, max_value_loss: 10.613, min_value_loss: 0.000
	weight: 0.419, max_weight: 0.700, min_weight: 0.300
	v: 57.161, max_v: 100.965, min_v: -5.263
	q1: 57.050, max_q1: 101.529, min_q1: -6.443
	q2: 56.966, max_q2: 101.578, min_q2: -4.646
	target_q: 57.061, max_target_q: 103.964, min_target_q: -5.316

2023-02-24 14:29:26 - 
[#Step 290000] eval_reward: 69.799, eval_time: 6.379, time: 20.769
	critic_loss: 5.125, max_critic_loss: 226.056, min_critic_loss: 0.004
	actor_loss: -55.814, max_actor_loss: 16.548, min_actor_loss: -101.873
	value_loss: 0.805, max_value_loss: 26.619, min_value_loss: 0.000
	weight: 0.450, max_weight: 0.700, min_weight: 0.300
	v: 54.928, max_v: 98.245, min_v: -12.849
	q1: 54.795, max_q1: 99.183, min_q1: -14.310
	q2: 54.538, max_q2: 98.153, min_q2: -13.269
	target_q: 55.035, max_target_q: 100.001, min_target_q: -15.770

2023-02-24 14:30:01 - Saving checkpoint at step: 60
2023-02-24 14:30:01 - Saved checkpoint at saved_models/walker2d-medium-replay-v2/COMFO6_s0_20230224_140840/actor_60
2023-02-24 14:30:01 - Saving checkpoint at step: 60
2023-02-24 14:30:01 - Saved checkpoint at saved_models/walker2d-medium-replay-v2/COMFO6_s0_20230224_140840/critic_60
2023-02-24 14:30:01 - Saving checkpoint at step: 60
2023-02-24 14:30:01 - Saved checkpoint at saved_models/walker2d-medium-replay-v2/COMFO6_s0_20230224_140840/value_60
2023-02-24 14:30:06 - 
[#Step 300000] eval_reward: 53.832, eval_time: 5.056, time: 21.441
	critic_loss: 4.222, max_critic_loss: 67.626, min_critic_loss: 0.004
	actor_loss: -58.588, max_actor_loss: 6.462, min_actor_loss: -105.388
	value_loss: 0.720, max_value_loss: 49.440, min_value_loss: 0.000
	weight: 0.411, max_weight: 0.700, min_weight: 0.300
	v: 57.467, max_v: 101.175, min_v: -9.438
	q1: 57.427, max_q1: 101.969, min_q1: -9.218
	q2: 57.407, max_q2: 101.057, min_q2: -8.788
	target_q: 57.499, max_target_q: 101.297, min_target_q: -8.369

2023-02-24 14:30:49 - 
[#Step 310000] eval_reward: 77.527, eval_time: 7.194, time: 22.148
	critic_loss: 4.967, max_critic_loss: 137.907, min_critic_loss: 0.000
	actor_loss: -58.737, max_actor_loss: 4.883, min_actor_loss: -105.917
	value_loss: 0.688, max_value_loss: 28.038, min_value_loss: 0.000
	weight: 0.503, max_weight: 0.700, min_weight: 0.300
	v: 57.077, max_v: 102.056, min_v: -8.701
	q1: 57.520, max_q1: 100.982, min_q1: -8.603
	q2: 57.436, max_q2: 101.770, min_q2: -9.599
	target_q: 57.459, max_target_q: 102.890, min_target_q: -11.300

2023-02-24 14:31:30 - 
[#Step 320000] eval_reward: 68.605, eval_time: 6.286, time: 22.842
	critic_loss: 5.856, max_critic_loss: 189.632, min_critic_loss: 0.004
	actor_loss: -58.647, max_actor_loss: 5.075, min_actor_loss: -104.247
	value_loss: 0.733, max_value_loss: 16.080, min_value_loss: 0.000
	weight: 0.472, max_weight: 0.700, min_weight: 0.300
	v: 57.631, max_v: 101.430, min_v: -4.395
	q1: 57.358, max_q1: 102.376, min_q1: -4.025
	q2: 57.496, max_q2: 102.654, min_q2: -5.891
	target_q: 57.672, max_target_q: 101.987, min_target_q: -4.852

2023-02-24 14:32:13 - 
[#Step 330000] eval_reward: 80.194, eval_time: 7.308, time: 23.550
	critic_loss: 6.663, max_critic_loss: 186.306, min_critic_loss: 0.006
	actor_loss: -57.886, max_actor_loss: 3.843, min_actor_loss: -102.084
	value_loss: 0.702, max_value_loss: 17.867, min_value_loss: 0.000
	weight: 0.472, max_weight: 0.700, min_weight: 0.300
	v: 56.370, max_v: 101.868, min_v: -2.312
	q1: 56.129, max_q1: 100.499, min_q1: -6.090
	q2: 56.247, max_q2: 100.405, min_q2: -4.667
	target_q: 56.631, max_target_q: 100.322, min_target_q: -6.115

2023-02-24 14:32:56 - 
[#Step 340000] eval_reward: 86.032, eval_time: 7.701, time: 24.266
	critic_loss: 4.100, max_critic_loss: 37.153, min_critic_loss: 0.001
	actor_loss: -56.820, max_actor_loss: 11.250, min_actor_loss: -105.704
	value_loss: 0.869, max_value_loss: 27.977, min_value_loss: 0.000
	weight: 0.466, max_weight: 0.700, min_weight: 0.300
	v: 55.488, max_v: 104.258, min_v: -11.375
	q1: 55.520, max_q1: 104.073, min_q1: -9.948
	q2: 55.430, max_q2: 103.529, min_q2: -8.895
	target_q: 55.609, max_target_q: 104.902, min_target_q: -10.943

2023-02-24 14:33:37 - 
[#Step 350000] eval_reward: 67.720, eval_time: 6.215, time: 24.960
	critic_loss: 4.093, max_critic_loss: 77.142, min_critic_loss: 0.003
	actor_loss: -55.431, max_actor_loss: 6.152, min_actor_loss: -99.505
	value_loss: 0.597, max_value_loss: 22.996, min_value_loss: 0.000
	weight: 0.414, max_weight: 0.700, min_weight: 0.300
	v: 54.134, max_v: 98.800, min_v: -7.397
	q1: 54.110, max_q1: 98.377, min_q1: -6.289
	q2: 54.214, max_q2: 98.382, min_q2: -6.845
	target_q: 53.717, max_target_q: 97.970, min_target_q: -7.926

2023-02-24 14:34:20 - 
[#Step 360000] eval_reward: 80.337, eval_time: 7.368, time: 25.673
	critic_loss: 3.285, max_critic_loss: 57.692, min_critic_loss: 0.003
	actor_loss: -54.130, max_actor_loss: 8.256, min_actor_loss: -103.521
	value_loss: 0.876, max_value_loss: 83.059, min_value_loss: 0.000
	weight: 0.459, max_weight: 0.700, min_weight: 0.300
	v: 52.907, max_v: 103.257, min_v: -9.307
	q1: 52.993, max_q1: 104.435, min_q1: -9.593
	q2: 52.923, max_q2: 103.247, min_q2: -9.423
	target_q: 52.813, max_target_q: 103.080, min_target_q: -8.798

2023-02-24 14:35:01 - 
[#Step 370000] eval_reward: 61.380, eval_time: 5.747, time: 26.359
	critic_loss: 6.325, max_critic_loss: 261.691, min_critic_loss: 0.003
	actor_loss: -57.177, max_actor_loss: 6.924, min_actor_loss: -102.686
	value_loss: 0.849, max_value_loss: 15.888, min_value_loss: 0.000
	weight: 0.494, max_weight: 0.700, min_weight: 0.300
	v: 55.641, max_v: 99.584, min_v: -7.291
	q1: 55.802, max_q1: 99.797, min_q1: -5.687
	q2: 56.045, max_q2: 100.030, min_q2: -6.087
	target_q: 55.718, max_target_q: 99.741, min_target_q: -4.643

2023-02-24 14:35:43 - 
[#Step 380000] eval_reward: 72.368, eval_time: 6.467, time: 27.053
	critic_loss: 4.470, max_critic_loss: 141.896, min_critic_loss: 0.001
	actor_loss: -57.116, max_actor_loss: 8.577, min_actor_loss: -102.788
	value_loss: 0.985, max_value_loss: 51.213, min_value_loss: 0.000
	weight: 0.436, max_weight: 0.700, min_weight: 0.300
	v: 55.848, max_v: 101.698, min_v: -9.102
	q1: 55.774, max_q1: 102.147, min_q1: -6.205
	q2: 55.957, max_q2: 102.808, min_q2: -5.222
	target_q: 55.816, max_target_q: 101.675, min_target_q: -8.137

2023-02-24 14:36:24 - 
[#Step 390000] eval_reward: 58.934, eval_time: 5.370, time: 27.735
	critic_loss: 3.722, max_critic_loss: 71.330, min_critic_loss: 0.003
	actor_loss: -55.301, max_actor_loss: 7.314, min_actor_loss: -108.971
	value_loss: 0.707, max_value_loss: 38.868, min_value_loss: 0.000
	weight: 0.433, max_weight: 0.700, min_weight: 0.300
	v: 53.915, max_v: 106.629, min_v: -8.882
	q1: 54.179, max_q1: 106.850, min_q1: -8.616
	q2: 54.176, max_q2: 105.905, min_q2: -8.485
	target_q: 54.264, max_target_q: 105.669, min_target_q: -10.738

2023-02-24 14:36:59 - Saving checkpoint at step: 80
2023-02-24 14:36:59 - Saved checkpoint at saved_models/walker2d-medium-replay-v2/COMFO6_s0_20230224_140840/actor_80
2023-02-24 14:36:59 - Saving checkpoint at step: 80
2023-02-24 14:36:59 - Saved checkpoint at saved_models/walker2d-medium-replay-v2/COMFO6_s0_20230224_140840/critic_80
2023-02-24 14:36:59 - Saving checkpoint at step: 80
2023-02-24 14:36:59 - Saved checkpoint at saved_models/walker2d-medium-replay-v2/COMFO6_s0_20230224_140840/value_80
2023-02-24 14:37:05 - 
[#Step 400000] eval_reward: 57.435, eval_time: 5.475, time: 28.417
	critic_loss: 3.437, max_critic_loss: 54.805, min_critic_loss: 0.001
	actor_loss: -57.555, max_actor_loss: 8.540, min_actor_loss: -103.054
	value_loss: 0.680, max_value_loss: 10.685, min_value_loss: 0.000
	weight: 0.502, max_weight: 0.700, min_weight: 0.300
	v: 55.894, max_v: 102.425, min_v: -15.194
	q1: 56.381, max_q1: 103.155, min_q1: -8.808
	q2: 56.197, max_q2: 104.247, min_q2: -11.321
	target_q: 55.997, max_target_q: 104.329, min_target_q: -11.948

2023-02-24 14:37:47 - 
[#Step 410000] eval_reward: 75.021, eval_time: 6.967, time: 29.118
	critic_loss: 5.738, max_critic_loss: 278.293, min_critic_loss: 0.002
	actor_loss: -55.850, max_actor_loss: 4.092, min_actor_loss: -99.379
	value_loss: 0.680, max_value_loss: 13.315, min_value_loss: 0.000
	weight: 0.486, max_weight: 0.700, min_weight: 0.300
	v: 54.805, max_v: 97.885, min_v: -6.464
	q1: 54.648, max_q1: 98.172, min_q1: -6.217
	q2: 54.737, max_q2: 98.379, min_q2: -6.179
	target_q: 54.861, max_target_q: 99.006, min_target_q: -6.341

2023-02-24 14:38:27 - 
[#Step 420000] eval_reward: 58.887, eval_time: 5.454, time: 29.794
	critic_loss: 4.921, max_critic_loss: 95.902, min_critic_loss: 0.002
	actor_loss: -55.937, max_actor_loss: 4.852, min_actor_loss: -105.568
	value_loss: 0.800, max_value_loss: 40.125, min_value_loss: 0.000
	weight: 0.411, max_weight: 0.700, min_weight: 0.300
	v: 54.593, max_v: 105.041, min_v: -7.693
	q1: 54.350, max_q1: 105.515, min_q1: -7.358
	q2: 54.303, max_q2: 105.468, min_q2: -5.849
	target_q: 54.591, max_target_q: 107.222, min_target_q: -8.496

2023-02-24 14:39:10 - 
[#Step 430000] eval_reward: 75.464, eval_time: 6.837, time: 30.498
	critic_loss: 4.481, max_critic_loss: 132.059, min_critic_loss: 0.006
	actor_loss: -58.197, max_actor_loss: 3.311, min_actor_loss: -101.385
	value_loss: 0.709, max_value_loss: 29.765, min_value_loss: 0.000
	weight: 0.472, max_weight: 0.700, min_weight: 0.300
	v: 56.954, max_v: 99.843, min_v: -4.049
	q1: 56.909, max_q1: 100.613, min_q1: -0.433
	q2: 57.007, max_q2: 100.969, min_q2: -2.938
	target_q: 57.014, max_target_q: 101.089, min_target_q: -1.700

2023-02-24 14:39:52 - 
[#Step 440000] eval_reward: 74.758, eval_time: 7.519, time: 31.213
	critic_loss: 4.960, max_critic_loss: 106.841, min_critic_loss: 0.011
	actor_loss: -57.510, max_actor_loss: 7.683, min_actor_loss: -103.034
	value_loss: 0.632, max_value_loss: 7.883, min_value_loss: 0.000
	weight: 0.475, max_weight: 0.700, min_weight: 0.300
	v: 56.031, max_v: 99.932, min_v: -10.250
	q1: 56.235, max_q1: 100.321, min_q1: -10.360
	q2: 56.273, max_q2: 99.659, min_q2: -9.730
	target_q: 56.001, max_target_q: 99.337, min_target_q: -9.268

2023-02-24 14:40:34 - 
[#Step 450000] eval_reward: 67.413, eval_time: 6.287, time: 31.903
	critic_loss: 3.628, max_critic_loss: 83.852, min_critic_loss: 0.004
	actor_loss: -58.357, max_actor_loss: 5.678, min_actor_loss: -101.651
	value_loss: 0.520, max_value_loss: 11.001, min_value_loss: 0.000
	weight: 0.420, max_weight: 0.700, min_weight: 0.300
	v: 57.623, max_v: 101.909, min_v: -5.033
	q1: 57.199, max_q1: 100.595, min_q1: -5.874
	q2: 57.220, max_q2: 100.206, min_q2: -7.688
	target_q: 57.598, max_target_q: 101.334, min_target_q: -7.649

2023-02-24 14:41:15 - 
[#Step 460000] eval_reward: 63.895, eval_time: 6.330, time: 32.596
	critic_loss: 6.382, max_critic_loss: 273.810, min_critic_loss: 0.003
	actor_loss: -57.417, max_actor_loss: 9.445, min_actor_loss: -103.245
	value_loss: 0.897, max_value_loss: 15.847, min_value_loss: 0.000
	weight: 0.473, max_weight: 0.700, min_weight: 0.300
	v: 55.910, max_v: 99.381, min_v: -9.166
	q1: 55.945, max_q1: 99.663, min_q1: -8.564
	q2: 55.913, max_q2: 99.805, min_q2: -7.453
	target_q: 55.511, max_target_q: 99.094, min_target_q: -9.084

2023-02-24 14:41:55 - 
[#Step 470000] eval_reward: 48.601, eval_time: 4.544, time: 33.254
	critic_loss: 4.157, max_critic_loss: 70.636, min_critic_loss: 0.000
	actor_loss: -55.726, max_actor_loss: 8.449, min_actor_loss: -103.972
	value_loss: 0.640, max_value_loss: 19.243, min_value_loss: 0.000
	weight: 0.425, max_weight: 0.700, min_weight: 0.300
	v: 54.717, max_v: 102.025, min_v: -9.369
	q1: 54.395, max_q1: 100.510, min_q1: -8.196
	q2: 54.339, max_q2: 100.531, min_q2: -7.256
	target_q: 54.791, max_target_q: 101.943, min_target_q: -11.078

2023-02-24 14:42:35 - 
[#Step 480000] eval_reward: 54.781, eval_time: 5.555, time: 33.919
	critic_loss: 4.058, max_critic_loss: 58.719, min_critic_loss: 0.000
	actor_loss: -55.327, max_actor_loss: 12.644, min_actor_loss: -102.733
	value_loss: 0.626, max_value_loss: 11.814, min_value_loss: 0.000
	weight: 0.444, max_weight: 0.700, min_weight: 0.300
	v: 54.370, max_v: 99.891, min_v: -15.283
	q1: 54.265, max_q1: 100.265, min_q1: -15.623
	q2: 54.302, max_q2: 100.293, min_q2: -14.208
	target_q: 54.413, max_target_q: 99.870, min_target_q: -12.598

2023-02-24 14:43:15 - 
[#Step 490000] eval_reward: 64.733, eval_time: 6.034, time: 34.591
	critic_loss: 4.253, max_critic_loss: 80.010, min_critic_loss: 0.001
	actor_loss: -57.256, max_actor_loss: 4.152, min_actor_loss: -104.685
	value_loss: 0.680, max_value_loss: 20.349, min_value_loss: 0.000
	weight: 0.455, max_weight: 0.700, min_weight: 0.300
	v: 55.935, max_v: 101.817, min_v: -7.491
	q1: 55.921, max_q1: 102.654, min_q1: -10.539
	q2: 55.711, max_q2: 102.720, min_q2: -7.741
	target_q: 55.890, max_target_q: 101.781, min_target_q: -9.899

2023-02-24 14:43:50 - Saving checkpoint at step: 100
2023-02-24 14:43:50 - Saved checkpoint at saved_models/walker2d-medium-replay-v2/COMFO6_s0_20230224_140840/actor_100
2023-02-24 14:43:50 - Saving checkpoint at step: 100
2023-02-24 14:43:50 - Saved checkpoint at saved_models/walker2d-medium-replay-v2/COMFO6_s0_20230224_140840/critic_100
2023-02-24 14:43:50 - Saving checkpoint at step: 100
2023-02-24 14:43:50 - Saved checkpoint at saved_models/walker2d-medium-replay-v2/COMFO6_s0_20230224_140840/value_100
2023-02-24 14:43:54 - 
[#Step 500000] eval_reward: 44.913, eval_time: 4.335, time: 35.237
	critic_loss: 3.659, max_critic_loss: 64.543, min_critic_loss: 0.002
	actor_loss: -55.738, max_actor_loss: 11.321, min_actor_loss: -108.708
	value_loss: 0.615, max_value_loss: 7.692, min_value_loss: 0.000
	weight: 0.397, max_weight: 0.700, min_weight: 0.300
	v: 54.914, max_v: 107.392, min_v: -7.984
	q1: 54.620, max_q1: 106.627, min_q1: -8.482
	q2: 54.742, max_q2: 106.778, min_q2: -9.920
	target_q: 54.860, max_target_q: 105.818, min_target_q: -9.715

2023-02-24 14:44:34 - 
[#Step 510000] eval_reward: 56.748, eval_time: 5.538, time: 35.912
	critic_loss: 3.771, max_critic_loss: 31.772, min_critic_loss: 0.000
	actor_loss: -56.896, max_actor_loss: -1.176, min_actor_loss: -102.567
	value_loss: 0.596, max_value_loss: 20.512, min_value_loss: 0.000
	weight: 0.463, max_weight: 0.700, min_weight: 0.300
	v: 55.718, max_v: 100.013, min_v: -2.091
	q1: 55.812, max_q1: 100.003, min_q1: 0.519
	q2: 56.007, max_q2: 100.728, min_q2: -1.003
	target_q: 55.564, max_target_q: 99.731, min_target_q: 0.208

2023-02-24 14:45:15 - 
[#Step 520000] eval_reward: 55.414, eval_time: 5.483, time: 36.587
	critic_loss: 6.244, max_critic_loss: 530.063, min_critic_loss: 0.001
	actor_loss: -56.012, max_actor_loss: 8.481, min_actor_loss: -102.561
	value_loss: 0.791, max_value_loss: 19.619, min_value_loss: 0.000
	weight: 0.394, max_weight: 0.700, min_weight: 0.300
	v: 55.202, max_v: 99.774, min_v: -10.700
	q1: 54.802, max_q1: 98.800, min_q1: -10.661
	q2: 54.792, max_q2: 100.071, min_q2: -8.771
	target_q: 55.022, max_target_q: 99.902, min_target_q: -10.234

2023-02-24 14:45:55 - 
[#Step 530000] eval_reward: 47.457, eval_time: 4.903, time: 37.257
	critic_loss: 3.983, max_critic_loss: 89.532, min_critic_loss: 0.000
	actor_loss: -54.720, max_actor_loss: 10.489, min_actor_loss: -101.960
	value_loss: 0.597, max_value_loss: 20.597, min_value_loss: 0.000
	weight: 0.477, max_weight: 0.700, min_weight: 0.300
	v: 53.085, max_v: 100.237, min_v: -7.922
	q1: 53.633, max_q1: 101.411, min_q1: -8.312
	q2: 53.639, max_q2: 101.198, min_q2: -8.240
	target_q: 53.169, max_target_q: 101.271, min_target_q: -8.848

2023-02-24 14:46:36 - 
[#Step 540000] eval_reward: 56.799, eval_time: 5.255, time: 37.932
	critic_loss: 4.162, max_critic_loss: 37.846, min_critic_loss: 0.010
	actor_loss: -53.092, max_actor_loss: 9.771, min_actor_loss: -101.709
	value_loss: 0.844, max_value_loss: 30.248, min_value_loss: 0.000
	weight: 0.455, max_weight: 0.700, min_weight: 0.300
	v: 51.682, max_v: 98.991, min_v: -7.718
	q1: 52.110, max_q1: 99.892, min_q1: -7.752
	q2: 51.927, max_q2: 100.291, min_q2: -8.428
	target_q: 51.712, max_target_q: 101.733, min_target_q: -8.319

2023-02-24 14:47:17 - 
[#Step 550000] eval_reward: 66.228, eval_time: 5.970, time: 38.624
	critic_loss: 4.715, max_critic_loss: 66.506, min_critic_loss: 0.010
	actor_loss: -58.283, max_actor_loss: 5.444, min_actor_loss: -100.385
	value_loss: 0.716, max_value_loss: 9.512, min_value_loss: 0.000
	weight: 0.475, max_weight: 0.700, min_weight: 0.300
	v: 56.521, max_v: 99.701, min_v: -8.497
	q1: 57.054, max_q1: 100.108, min_q1: -7.451
	q2: 56.867, max_q2: 98.414, min_q2: -7.636
	target_q: 56.533, max_target_q: 99.907, min_target_q: -8.278

2023-02-24 14:47:58 - 
[#Step 560000] eval_reward: 59.733, eval_time: 5.461, time: 39.306
	critic_loss: 5.021, max_critic_loss: 81.940, min_critic_loss: 0.004
	actor_loss: -56.979, max_actor_loss: 2.189, min_actor_loss: -103.414
	value_loss: 0.635, max_value_loss: 12.359, min_value_loss: 0.000
	weight: 0.430, max_weight: 0.700, min_weight: 0.300
	v: 55.658, max_v: 100.190, min_v: -4.125
	q1: 55.742, max_q1: 100.365, min_q1: -6.406
	q2: 55.832, max_q2: 102.185, min_q2: -5.001
	target_q: 55.783, max_target_q: 100.847, min_target_q: -7.897

2023-02-24 14:48:40 - 
[#Step 570000] eval_reward: 68.893, eval_time: 6.179, time: 39.998
	critic_loss: 5.525, max_critic_loss: 156.925, min_critic_loss: 0.006
	actor_loss: -55.472, max_actor_loss: 4.203, min_actor_loss: -99.898
	value_loss: 0.728, max_value_loss: 29.915, min_value_loss: 0.000
	weight: 0.436, max_weight: 0.700, min_weight: 0.300
	v: 54.463, max_v: 98.365, min_v: -3.441
	q1: 54.123, max_q1: 98.715, min_q1: -5.369
	q2: 54.160, max_q2: 98.071, min_q2: -2.927
	target_q: 54.778, max_target_q: 98.683, min_target_q: -4.197

2023-02-24 14:49:22 - 
[#Step 580000] eval_reward: 73.803, eval_time: 6.537, time: 40.702
	critic_loss: 4.362, max_critic_loss: 66.868, min_critic_loss: 0.003
	actor_loss: -55.019, max_actor_loss: 3.369, min_actor_loss: -98.592
	value_loss: 1.096, max_value_loss: 77.790, min_value_loss: 0.000
	weight: 0.442, max_weight: 0.700, min_weight: 0.300
	v: 54.258, max_v: 98.831, min_v: -1.959
	q1: 53.684, max_q1: 98.203, min_q1: -6.807
	q2: 53.680, max_q2: 98.301, min_q2: -6.403
	target_q: 54.362, max_target_q: 99.141, min_target_q: -4.407

2023-02-24 14:50:04 - 
[#Step 590000] eval_reward: 71.799, eval_time: 6.414, time: 41.402
	critic_loss: 4.129, max_critic_loss: 85.935, min_critic_loss: 0.001
	actor_loss: -57.083, max_actor_loss: 10.300, min_actor_loss: -104.851
	value_loss: 0.595, max_value_loss: 7.107, min_value_loss: 0.000
	weight: 0.522, max_weight: 0.700, min_weight: 0.300
	v: 55.483, max_v: 101.389, min_v: -9.162
	q1: 55.763, max_q1: 101.283, min_q1: -12.296
	q2: 55.864, max_q2: 101.384, min_q2: -7.937
	target_q: 55.652, max_target_q: 100.719, min_target_q: -10.593

2023-02-24 14:50:39 - Saving checkpoint at step: 120
2023-02-24 14:50:39 - Saved checkpoint at saved_models/walker2d-medium-replay-v2/COMFO6_s0_20230224_140840/actor_120
2023-02-24 14:50:39 - Removing checkpoint at saved_models/walker2d-medium-replay-v2/COMFO6_s0_20230224_140840/actor_20
2023-02-24 14:50:39 - Saving checkpoint at step: 120
2023-02-24 14:50:39 - Saved checkpoint at saved_models/walker2d-medium-replay-v2/COMFO6_s0_20230224_140840/critic_120
2023-02-24 14:50:39 - Removing checkpoint at saved_models/walker2d-medium-replay-v2/COMFO6_s0_20230224_140840/critic_20
2023-02-24 14:50:39 - Saving checkpoint at step: 120
2023-02-24 14:50:39 - Saved checkpoint at saved_models/walker2d-medium-replay-v2/COMFO6_s0_20230224_140840/value_120
2023-02-24 14:50:39 - Removing checkpoint at saved_models/walker2d-medium-replay-v2/COMFO6_s0_20230224_140840/value_20
2023-02-24 14:50:45 - 
[#Step 600000] eval_reward: 62.514, eval_time: 5.618, time: 42.085
	critic_loss: 3.344, max_critic_loss: 75.166, min_critic_loss: 0.004
	actor_loss: -57.694, max_actor_loss: 10.144, min_actor_loss: -103.202
	value_loss: 0.745, max_value_loss: 20.418, min_value_loss: 0.000
	weight: 0.431, max_weight: 0.700, min_weight: 0.300
	v: 56.041, max_v: 102.141, min_v: -10.869
	q1: 55.885, max_q1: 102.557, min_q1: -8.474
	q2: 56.031, max_q2: 102.785, min_q2: -9.115
	target_q: 55.796, max_target_q: 102.640, min_target_q: -7.919

2023-02-24 14:51:26 - 
[#Step 610000] eval_reward: 65.199, eval_time: 5.921, time: 42.776
	critic_loss: 3.472, max_critic_loss: 39.360, min_critic_loss: 0.006
	actor_loss: -56.221, max_actor_loss: 10.236, min_actor_loss: -103.491
	value_loss: 0.696, max_value_loss: 20.030, min_value_loss: 0.000
	weight: 0.455, max_weight: 0.700, min_weight: 0.300
	v: 54.676, max_v: 100.301, min_v: -11.291
	q1: 54.702, max_q1: 100.221, min_q1: -13.174
	q2: 54.778, max_q2: 99.618, min_q2: -12.937
	target_q: 54.865, max_target_q: 100.136, min_target_q: -17.490

2023-02-24 14:52:09 - 
[#Step 620000] eval_reward: 76.934, eval_time: 6.882, time: 43.481
	critic_loss: 4.738, max_critic_loss: 61.592, min_critic_loss: 0.004
	actor_loss: -58.783, max_actor_loss: 7.462, min_actor_loss: -99.494
	value_loss: 0.724, max_value_loss: 20.216, min_value_loss: 0.000
	weight: 0.492, max_weight: 0.700, min_weight: 0.300
	v: 56.923, max_v: 96.536, min_v: -5.989
	q1: 57.328, max_q1: 96.818, min_q1: -7.031
	q2: 57.607, max_q2: 97.522, min_q2: -5.838
	target_q: 56.866, max_target_q: 96.147, min_target_q: -5.696

2023-02-24 14:52:50 - 
[#Step 630000] eval_reward: 69.313, eval_time: 6.242, time: 44.174
	critic_loss: 4.942, max_critic_loss: 71.784, min_critic_loss: 0.005
	actor_loss: -53.986, max_actor_loss: 7.410, min_actor_loss: -99.302
	value_loss: 1.026, max_value_loss: 48.031, min_value_loss: 0.000
	weight: 0.539, max_weight: 0.700, min_weight: 0.300
	v: 52.153, max_v: 97.705, min_v: -8.811
	q1: 52.936, max_q1: 98.730, min_q1: -8.538
	q2: 52.810, max_q2: 98.109, min_q2: -8.291
	target_q: 52.312, max_target_q: 97.718, min_target_q: -9.866

2023-02-24 14:53:33 - 
[#Step 640000] eval_reward: 82.439, eval_time: 7.266, time: 44.885
	critic_loss: 3.542, max_critic_loss: 76.972, min_critic_loss: 0.003
	actor_loss: -56.530, max_actor_loss: 5.923, min_actor_loss: -103.710
	value_loss: 0.544, max_value_loss: 24.356, min_value_loss: 0.000
	weight: 0.433, max_weight: 0.700, min_weight: 0.300
	v: 55.198, max_v: 102.842, min_v: -6.643
	q1: 55.223, max_q1: 101.284, min_q1: -6.425
	q2: 55.205, max_q2: 102.063, min_q2: -6.500
	target_q: 55.232, max_target_q: 101.640, min_target_q: -6.037

2023-02-24 14:54:16 - 
[#Step 650000] eval_reward: 82.335, eval_time: 7.437, time: 45.601
	critic_loss: 4.116, max_critic_loss: 35.991, min_critic_loss: 0.005
	actor_loss: -55.524, max_actor_loss: 7.548, min_actor_loss: -100.028
	value_loss: 0.897, max_value_loss: 26.074, min_value_loss: 0.000
	weight: 0.369, max_weight: 0.700, min_weight: 0.300
	v: 54.822, max_v: 98.233, min_v: -5.145
	q1: 54.267, max_q1: 97.196, min_q1: -4.693
	q2: 54.037, max_q2: 97.256, min_q2: -4.951
	target_q: 54.357, max_target_q: 98.085, min_target_q: -5.756

2023-02-24 14:54:56 - 
[#Step 660000] eval_reward: 47.930, eval_time: 4.488, time: 46.267
	critic_loss: 3.858, max_critic_loss: 77.085, min_critic_loss: 0.009
	actor_loss: -54.931, max_actor_loss: 10.656, min_actor_loss: -100.039
	value_loss: 0.691, max_value_loss: 29.915, min_value_loss: 0.000
	weight: 0.462, max_weight: 0.700, min_weight: 0.300
	v: 53.219, max_v: 98.354, min_v: -8.168
	q1: 53.431, max_q1: 98.826, min_q1: -9.667
	q2: 53.471, max_q2: 97.819, min_q2: -8.875
	target_q: 53.204, max_target_q: 97.962, min_target_q: -7.716

2023-02-24 14:55:37 - 
[#Step 670000] eval_reward: 69.905, eval_time: 6.298, time: 46.962
	critic_loss: 4.314, max_critic_loss: 53.894, min_critic_loss: 0.001
	actor_loss: -55.595, max_actor_loss: 1.954, min_actor_loss: -102.593
	value_loss: 0.772, max_value_loss: 38.902, min_value_loss: 0.000
	weight: 0.484, max_weight: 0.700, min_weight: 0.300
	v: 54.426, max_v: 99.314, min_v: -7.389
	q1: 54.223, max_q1: 100.200, min_q1: -9.198
	q2: 54.190, max_q2: 100.571, min_q2: -7.300
	target_q: 54.432, max_target_q: 100.149, min_target_q: -9.539

2023-02-24 14:56:18 - 
[#Step 680000] eval_reward: 62.300, eval_time: 5.660, time: 47.646
	critic_loss: 3.488, max_critic_loss: 36.982, min_critic_loss: 0.000
	actor_loss: -54.719, max_actor_loss: 9.061, min_actor_loss: -101.568
	value_loss: 0.756, max_value_loss: 43.193, min_value_loss: 0.000
	weight: 0.434, max_weight: 0.700, min_weight: 0.300
	v: 53.432, max_v: 99.956, min_v: -8.298
	q1: 53.267, max_q1: 100.722, min_q1: -9.282
	q2: 53.044, max_q2: 98.965, min_q2: -9.426
	target_q: 53.220, max_target_q: 100.153, min_target_q: -8.055

2023-02-24 14:57:00 - 
[#Step 690000] eval_reward: 78.163, eval_time: 6.761, time: 48.346
	critic_loss: 2.943, max_critic_loss: 35.498, min_critic_loss: 0.003
	actor_loss: -56.190, max_actor_loss: 5.342, min_actor_loss: -101.415
	value_loss: 0.519, max_value_loss: 12.987, min_value_loss: 0.000
	weight: 0.422, max_weight: 0.700, min_weight: 0.300
	v: 54.817, max_v: 99.747, min_v: -3.954
	q1: 54.724, max_q1: 99.478, min_q1: -3.344
	q2: 54.831, max_q2: 99.742, min_q2: -4.401
	target_q: 54.740, max_target_q: 99.955, min_target_q: -4.259

2023-02-24 14:57:36 - Saving checkpoint at step: 140
2023-02-24 14:57:36 - Saved checkpoint at saved_models/walker2d-medium-replay-v2/COMFO6_s0_20230224_140840/actor_140
2023-02-24 14:57:36 - Removing checkpoint at saved_models/walker2d-medium-replay-v2/COMFO6_s0_20230224_140840/actor_40
2023-02-24 14:57:36 - Saving checkpoint at step: 140
2023-02-24 14:57:36 - Saved checkpoint at saved_models/walker2d-medium-replay-v2/COMFO6_s0_20230224_140840/critic_140
2023-02-24 14:57:36 - Removing checkpoint at saved_models/walker2d-medium-replay-v2/COMFO6_s0_20230224_140840/critic_40
2023-02-24 14:57:36 - Saving checkpoint at step: 140
2023-02-24 14:57:36 - Saved checkpoint at saved_models/walker2d-medium-replay-v2/COMFO6_s0_20230224_140840/value_140
2023-02-24 14:57:36 - Removing checkpoint at saved_models/walker2d-medium-replay-v2/COMFO6_s0_20230224_140840/value_40
2023-02-24 14:57:41 - 
[#Step 700000] eval_reward: 56.650, eval_time: 5.251, time: 49.026
	critic_loss: 4.191, max_critic_loss: 62.893, min_critic_loss: 0.003
	actor_loss: -61.001, max_actor_loss: 8.189, min_actor_loss: -100.747
	value_loss: 1.279, max_value_loss: 59.933, min_value_loss: 0.000
	weight: 0.436, max_weight: 0.700, min_weight: 0.300
	v: 59.307, max_v: 99.148, min_v: -9.662
	q1: 59.191, max_q1: 98.761, min_q1: -8.988
	q2: 59.005, max_q2: 99.432, min_q2: -9.987
	target_q: 59.288, max_target_q: 99.049, min_target_q: -11.260

2023-02-24 14:58:24 - 
[#Step 710000] eval_reward: 82.748, eval_time: 7.415, time: 49.743
	critic_loss: 5.426, max_critic_loss: 426.226, min_critic_loss: 0.002
	actor_loss: -56.301, max_actor_loss: 9.165, min_actor_loss: -101.724
	value_loss: 0.923, max_value_loss: 27.809, min_value_loss: 0.000
	weight: 0.469, max_weight: 0.700, min_weight: 0.300
	v: 54.981, max_v: 98.870, min_v: -5.208
	q1: 54.995, max_q1: 98.283, min_q1: -6.026
	q2: 55.043, max_q2: 98.453, min_q2: -6.857
	target_q: 55.050, max_target_q: 99.017, min_target_q: -7.381

2023-02-24 14:59:05 - 
[#Step 720000] eval_reward: 53.471, eval_time: 4.988, time: 50.417
	critic_loss: 4.450, max_critic_loss: 87.456, min_critic_loss: 0.005
	actor_loss: -55.226, max_actor_loss: 12.557, min_actor_loss: -101.401
	value_loss: 0.578, max_value_loss: 8.295, min_value_loss: 0.000
	weight: 0.462, max_weight: 0.700, min_weight: 0.300
	v: 54.291, max_v: 101.011, min_v: -11.356
	q1: 53.896, max_q1: 99.848, min_q1: -11.132
	q2: 53.913, max_q2: 100.527, min_q2: -11.845
	target_q: 54.413, max_target_q: 101.597, min_target_q: -11.129

2023-02-24 14:59:46 - 
[#Step 730000] eval_reward: 65.892, eval_time: 5.924, time: 51.107
	critic_loss: 4.440, max_critic_loss: 183.595, min_critic_loss: 0.004
	actor_loss: -56.753, max_actor_loss: 11.792, min_actor_loss: -104.892
	value_loss: 0.732, max_value_loss: 34.701, min_value_loss: 0.000
	weight: 0.497, max_weight: 0.700, min_weight: 0.300
	v: 55.281, max_v: 101.721, min_v: -8.013
	q1: 55.809, max_q1: 104.557, min_q1: -7.675
	q2: 55.715, max_q2: 104.144, min_q2: -7.106
	target_q: 55.373, max_target_q: 104.443, min_target_q: -9.535

2023-02-24 15:00:28 - 
[#Step 740000] eval_reward: 71.448, eval_time: 6.443, time: 51.803
	critic_loss: 3.841, max_critic_loss: 106.483, min_critic_loss: 0.001
	actor_loss: -56.949, max_actor_loss: 11.699, min_actor_loss: -102.714
	value_loss: 0.704, max_value_loss: 34.441, min_value_loss: 0.000
	weight: 0.447, max_weight: 0.700, min_weight: 0.300
	v: 55.792, max_v: 101.189, min_v: -7.877
	q1: 55.514, max_q1: 100.253, min_q1: -10.090
	q2: 55.457, max_q2: 100.170, min_q2: -10.975
	target_q: 55.805, max_target_q: 100.983, min_target_q: -9.992

2023-02-24 15:01:09 - 
[#Step 750000] eval_reward: 64.828, eval_time: 5.856, time: 52.493
	critic_loss: 4.501, max_critic_loss: 91.221, min_critic_loss: 0.001
	actor_loss: -54.734, max_actor_loss: 8.973, min_actor_loss: -99.822
	value_loss: 1.328, max_value_loss: 72.849, min_value_loss: 0.000
	weight: 0.512, max_weight: 0.700, min_weight: 0.300
	v: 53.157, max_v: 97.902, min_v: -8.658
	q1: 53.646, max_q1: 98.386, min_q1: -5.510
	q2: 53.455, max_q2: 97.577, min_q2: -6.896
	target_q: 53.473, max_target_q: 97.620, min_target_q: -6.817

2023-02-24 15:01:51 - 
[#Step 760000] eval_reward: 69.857, eval_time: 6.353, time: 53.187
	critic_loss: 5.244, max_critic_loss: 136.890, min_critic_loss: 0.001
	actor_loss: -55.973, max_actor_loss: 10.405, min_actor_loss: -103.437
	value_loss: 0.865, max_value_loss: 54.593, min_value_loss: 0.000
	weight: 0.448, max_weight: 0.700, min_weight: 0.300
	v: 54.963, max_v: 101.154, min_v: -7.290
	q1: 55.126, max_q1: 101.907, min_q1: -8.236
	q2: 54.938, max_q2: 100.748, min_q2: -10.651
	target_q: 54.760, max_target_q: 100.169, min_target_q: -7.990

2023-02-24 15:02:33 - 
[#Step 770000] eval_reward: 75.242, eval_time: 6.750, time: 53.890
	critic_loss: 4.372, max_critic_loss: 97.974, min_critic_loss: 0.001
	actor_loss: -56.019, max_actor_loss: 4.905, min_actor_loss: -108.606
	value_loss: 0.790, max_value_loss: 31.889, min_value_loss: 0.000
	weight: 0.425, max_weight: 0.700, min_weight: 0.300
	v: 54.908, max_v: 106.160, min_v: -5.587
	q1: 54.744, max_q1: 106.221, min_q1: -4.883
	q2: 54.708, max_q2: 106.577, min_q2: -5.634
	target_q: 55.130, max_target_q: 105.716, min_target_q: -6.186

2023-02-24 15:03:13 - 
[#Step 780000] eval_reward: 56.171, eval_time: 5.132, time: 54.557
	critic_loss: 7.242, max_critic_loss: 235.485, min_critic_loss: 0.005
	actor_loss: -57.891, max_actor_loss: 3.532, min_actor_loss: -103.811
	value_loss: 1.461, max_value_loss: 158.134, min_value_loss: 0.000
	weight: 0.489, max_weight: 0.700, min_weight: 0.300
	v: 56.129, max_v: 102.827, min_v: -5.093
	q1: 56.497, max_q1: 102.731, min_q1: -4.665
	q2: 56.563, max_q2: 102.635, min_q2: -4.839
	target_q: 56.114, max_target_q: 101.854, min_target_q: -5.532

2023-02-24 15:03:55 - 
[#Step 790000] eval_reward: 82.246, eval_time: 7.332, time: 55.260
	critic_loss: 5.238, max_critic_loss: 200.768, min_critic_loss: 0.007
	actor_loss: -54.472, max_actor_loss: 10.817, min_actor_loss: -100.202
	value_loss: 1.550, max_value_loss: 123.418, min_value_loss: 0.000
	weight: 0.438, max_weight: 0.700, min_weight: 0.300
	v: 53.307, max_v: 98.172, min_v: -11.120
	q1: 53.014, max_q1: 97.519, min_q1: -10.638
	q2: 52.623, max_q2: 95.941, min_q2: -10.870
	target_q: 53.143, max_target_q: 97.677, min_target_q: -10.612

2023-02-24 15:04:31 - Saving checkpoint at step: 160
2023-02-24 15:04:31 - Saved checkpoint at saved_models/walker2d-medium-replay-v2/COMFO6_s0_20230224_140840/actor_160
2023-02-24 15:04:31 - Removing checkpoint at saved_models/walker2d-medium-replay-v2/COMFO6_s0_20230224_140840/actor_60
2023-02-24 15:04:31 - Saving checkpoint at step: 160
2023-02-24 15:04:31 - Saved checkpoint at saved_models/walker2d-medium-replay-v2/COMFO6_s0_20230224_140840/critic_160
2023-02-24 15:04:31 - Removing checkpoint at saved_models/walker2d-medium-replay-v2/COMFO6_s0_20230224_140840/critic_60
2023-02-24 15:04:31 - Saving checkpoint at step: 160
2023-02-24 15:04:31 - Saved checkpoint at saved_models/walker2d-medium-replay-v2/COMFO6_s0_20230224_140840/value_160
2023-02-24 15:04:31 - Removing checkpoint at saved_models/walker2d-medium-replay-v2/COMFO6_s0_20230224_140840/value_60
2023-02-24 15:04:36 - 
[#Step 800000] eval_reward: 59.128, eval_time: 5.537, time: 55.944
	critic_loss: 5.651, max_critic_loss: 202.750, min_critic_loss: 0.005
	actor_loss: -53.191, max_actor_loss: 11.337, min_actor_loss: -99.042
	value_loss: 0.870, max_value_loss: 27.012, min_value_loss: 0.000
	weight: 0.430, max_weight: 0.700, min_weight: 0.300
	v: 52.280, max_v: 98.112, min_v: -8.292
	q1: 52.393, max_q1: 97.419, min_q1: -7.741
	q2: 52.058, max_q2: 98.211, min_q2: -6.580
	target_q: 52.204, max_target_q: 98.133, min_target_q: -6.585

2023-02-24 15:05:16 - 
[#Step 810000] eval_reward: 53.451, eval_time: 4.918, time: 56.614
	critic_loss: 3.610, max_critic_loss: 73.285, min_critic_loss: 0.002
	actor_loss: -58.474, max_actor_loss: 7.581, min_actor_loss: -100.160
	value_loss: 0.428, max_value_loss: 6.481, min_value_loss: 0.000
	weight: 0.438, max_weight: 0.700, min_weight: 0.300
	v: 57.520, max_v: 98.401, min_v: -8.847
	q1: 57.346, max_q1: 99.684, min_q1: -10.206
	q2: 57.247, max_q2: 97.555, min_q2: -10.200
	target_q: 57.636, max_target_q: 98.593, min_target_q: -9.149

2023-02-24 15:05:57 - 
[#Step 820000] eval_reward: 59.133, eval_time: 5.476, time: 57.294
	critic_loss: 3.496, max_critic_loss: 68.152, min_critic_loss: 0.006
	actor_loss: -57.673, max_actor_loss: 6.184, min_actor_loss: -102.904
	value_loss: 0.755, max_value_loss: 24.765, min_value_loss: 0.000
	weight: 0.395, max_weight: 0.700, min_weight: 0.300
	v: 56.773, max_v: 102.045, min_v: -6.104
	q1: 56.365, max_q1: 100.703, min_q1: -7.152
	q2: 56.388, max_q2: 100.527, min_q2: -6.834
	target_q: 56.386, max_target_q: 101.624, min_target_q: -7.139

2023-02-24 15:06:40 - 
[#Step 830000] eval_reward: 78.263, eval_time: 6.943, time: 58.003
	critic_loss: 4.188, max_critic_loss: 83.329, min_critic_loss: 0.008
	actor_loss: -56.149, max_actor_loss: 6.146, min_actor_loss: -102.263
	value_loss: 0.613, max_value_loss: 10.969, min_value_loss: 0.000
	weight: 0.444, max_weight: 0.700, min_weight: 0.300
	v: 54.555, max_v: 101.003, min_v: -8.558
	q1: 54.511, max_q1: 101.463, min_q1: -7.074
	q2: 54.551, max_q2: 101.907, min_q2: -5.998
	target_q: 54.564, max_target_q: 102.230, min_target_q: -7.123

2023-02-24 15:07:21 - 
[#Step 840000] eval_reward: 69.246, eval_time: 6.131, time: 58.690
	critic_loss: 4.918, max_critic_loss: 93.648, min_critic_loss: 0.002
	actor_loss: -55.711, max_actor_loss: 10.066, min_actor_loss: -102.973
	value_loss: 0.856, max_value_loss: 30.203, min_value_loss: 0.000
	weight: 0.419, max_weight: 0.700, min_weight: 0.300
	v: 54.507, max_v: 100.791, min_v: -6.734
	q1: 54.225, max_q1: 100.319, min_q1: -7.652
	q2: 54.204, max_q2: 100.967, min_q2: -6.055
	target_q: 53.958, max_target_q: 100.909, min_target_q: -7.328

2023-02-24 15:08:02 - 
[#Step 850000] eval_reward: 68.484, eval_time: 6.061, time: 59.381
	critic_loss: 4.893, max_critic_loss: 84.458, min_critic_loss: 0.001
	actor_loss: -55.175, max_actor_loss: 11.349, min_actor_loss: -103.273
	value_loss: 0.727, max_value_loss: 11.799, min_value_loss: 0.000
	weight: 0.427, max_weight: 0.700, min_weight: 0.300
	v: 54.283, max_v: 101.212, min_v: -8.917
	q1: 54.300, max_q1: 99.618, min_q1: -9.813
	q2: 54.441, max_q2: 100.018, min_q2: -10.417
	target_q: 54.270, max_target_q: 100.149, min_target_q: -6.946

2023-02-24 15:08:43 - 
[#Step 860000] eval_reward: 53.945, eval_time: 5.070, time: 60.055
	critic_loss: 3.137, max_critic_loss: 92.059, min_critic_loss: 0.003
	actor_loss: -57.277, max_actor_loss: 7.495, min_actor_loss: -103.288
	value_loss: 0.540, max_value_loss: 6.753, min_value_loss: 0.000
	weight: 0.488, max_weight: 0.700, min_weight: 0.300
	v: 55.852, max_v: 100.262, min_v: -13.062
	q1: 56.215, max_q1: 100.671, min_q1: -10.635
	q2: 56.195, max_q2: 99.997, min_q2: -12.636
	target_q: 55.877, max_target_q: 99.780, min_target_q: -12.735

2023-02-24 15:09:25 - 
[#Step 870000] eval_reward: 78.842, eval_time: 6.999, time: 60.763
	critic_loss: 4.410, max_critic_loss: 216.318, min_critic_loss: 0.002
	actor_loss: -58.306, max_actor_loss: 6.913, min_actor_loss: -103.794
	value_loss: 0.851, max_value_loss: 40.130, min_value_loss: 0.000
	weight: 0.423, max_weight: 0.700, min_weight: 0.300
	v: 57.208, max_v: 101.943, min_v: -4.668
	q1: 57.270, max_q1: 101.559, min_q1: -2.145
	q2: 57.086, max_q2: 103.171, min_q2: -2.699
	target_q: 56.999, max_target_q: 101.831, min_target_q: -4.448

2023-02-24 15:10:07 - 
[#Step 880000] eval_reward: 63.967, eval_time: 5.793, time: 61.451
	critic_loss: 4.113, max_critic_loss: 83.817, min_critic_loss: 0.001
	actor_loss: -57.187, max_actor_loss: 5.950, min_actor_loss: -100.964
	value_loss: 0.605, max_value_loss: 9.574, min_value_loss: 0.000
	weight: 0.502, max_weight: 0.700, min_weight: 0.300
	v: 55.480, max_v: 98.683, min_v: -5.058
	q1: 56.020, max_q1: 99.262, min_q1: -6.793
	q2: 55.960, max_q2: 99.229, min_q2: -4.003
	target_q: 55.446, max_target_q: 99.083, min_target_q: -9.083

2023-02-24 15:10:49 - 
[#Step 890000] eval_reward: 70.586, eval_time: 6.560, time: 62.152
	critic_loss: 3.853, max_critic_loss: 42.576, min_critic_loss: 0.008
	actor_loss: -55.052, max_actor_loss: 8.991, min_actor_loss: -102.206
	value_loss: 0.676, max_value_loss: 15.750, min_value_loss: 0.000
	weight: 0.452, max_weight: 0.700, min_weight: 0.300
	v: 53.755, max_v: 103.176, min_v: -6.906
	q1: 53.713, max_q1: 102.146, min_q1: -8.118
	q2: 53.789, max_q2: 101.990, min_q2: -7.825
	target_q: 53.962, max_target_q: 102.775, min_target_q: -8.234

2023-02-24 15:11:24 - Saving checkpoint at step: 180
2023-02-24 15:11:24 - Saved checkpoint at saved_models/walker2d-medium-replay-v2/COMFO6_s0_20230224_140840/actor_180
2023-02-24 15:11:24 - Removing checkpoint at saved_models/walker2d-medium-replay-v2/COMFO6_s0_20230224_140840/actor_80
2023-02-24 15:11:24 - Saving checkpoint at step: 180
2023-02-24 15:11:24 - Saved checkpoint at saved_models/walker2d-medium-replay-v2/COMFO6_s0_20230224_140840/critic_180
2023-02-24 15:11:24 - Removing checkpoint at saved_models/walker2d-medium-replay-v2/COMFO6_s0_20230224_140840/critic_80
2023-02-24 15:11:24 - Saving checkpoint at step: 180
2023-02-24 15:11:24 - Saved checkpoint at saved_models/walker2d-medium-replay-v2/COMFO6_s0_20230224_140840/value_180
2023-02-24 15:11:24 - Removing checkpoint at saved_models/walker2d-medium-replay-v2/COMFO6_s0_20230224_140840/value_80
2023-02-24 15:11:30 - 
[#Step 900000] eval_reward: 67.679, eval_time: 6.100, time: 62.837
	critic_loss: 4.692, max_critic_loss: 59.015, min_critic_loss: 0.000
	actor_loss: -54.952, max_actor_loss: 8.463, min_actor_loss: -100.283
	value_loss: 0.764, max_value_loss: 14.742, min_value_loss: 0.000
	weight: 0.478, max_weight: 0.700, min_weight: 0.300
	v: 53.890, max_v: 99.385, min_v: -4.689
	q1: 53.724, max_q1: 99.821, min_q1: -4.181
	q2: 53.754, max_q2: 99.784, min_q2: -3.078
	target_q: 54.085, max_target_q: 99.688, min_target_q: -4.086

2023-02-24 15:12:12 - 
[#Step 910000] eval_reward: 76.711, eval_time: 7.016, time: 63.543
	critic_loss: 3.909, max_critic_loss: 53.037, min_critic_loss: 0.006
	actor_loss: -55.093, max_actor_loss: 10.055, min_actor_loss: -101.844
	value_loss: 0.698, max_value_loss: 11.231, min_value_loss: 0.000
	weight: 0.448, max_weight: 0.700, min_weight: 0.300
	v: 53.800, max_v: 99.328, min_v: -11.550
	q1: 53.655, max_q1: 99.161, min_q1: -10.721
	q2: 53.759, max_q2: 99.631, min_q2: -10.454
	target_q: 53.807, max_target_q: 101.629, min_target_q: -9.095

2023-02-24 15:12:54 - 
[#Step 920000] eval_reward: 68.798, eval_time: 6.327, time: 64.236
	critic_loss: 3.845, max_critic_loss: 63.021, min_critic_loss: 0.001
	actor_loss: -56.306, max_actor_loss: 12.973, min_actor_loss: -105.149
	value_loss: 0.644, max_value_loss: 11.075, min_value_loss: 0.000
	weight: 0.433, max_weight: 0.700, min_weight: 0.300
	v: 55.141, max_v: 102.354, min_v: -6.141
	q1: 54.843, max_q1: 103.256, min_q1: -7.512
	q2: 54.848, max_q2: 103.155, min_q2: -5.908
	target_q: 55.122, max_target_q: 102.667, min_target_q: -8.130

2023-02-24 15:13:35 - 
[#Step 930000] eval_reward: 67.605, eval_time: 6.394, time: 64.928
	critic_loss: 4.255, max_critic_loss: 44.048, min_critic_loss: 0.003
	actor_loss: -55.257, max_actor_loss: 4.074, min_actor_loss: -103.680
	value_loss: 0.710, max_value_loss: 16.781, min_value_loss: 0.000
	weight: 0.444, max_weight: 0.700, min_weight: 0.300
	v: 53.962, max_v: 103.075, min_v: -5.894
	q1: 53.842, max_q1: 101.591, min_q1: -5.491
	q2: 53.863, max_q2: 101.485, min_q2: -6.354
	target_q: 54.020, max_target_q: 101.550, min_target_q: -6.204

2023-02-24 15:14:18 - 
[#Step 940000] eval_reward: 80.744, eval_time: 7.449, time: 65.639
	critic_loss: 5.382, max_critic_loss: 131.267, min_critic_loss: 0.010
	actor_loss: -54.363, max_actor_loss: 10.013, min_actor_loss: -100.729
	value_loss: 0.683, max_value_loss: 10.093, min_value_loss: 0.000
	weight: 0.431, max_weight: 0.700, min_weight: 0.300
	v: 53.136, max_v: 97.340, min_v: -6.265
	q1: 52.988, max_q1: 97.873, min_q1: -5.151
	q2: 53.221, max_q2: 96.982, min_q2: -4.712
	target_q: 53.077, max_target_q: 98.050, min_target_q: -8.195

2023-02-24 15:15:00 - 
[#Step 950000] eval_reward: 67.733, eval_time: 6.453, time: 66.336
	critic_loss: 5.586, max_critic_loss: 130.104, min_critic_loss: 0.014
	actor_loss: -53.901, max_actor_loss: 14.677, min_actor_loss: -100.045
	value_loss: 0.741, max_value_loss: 21.501, min_value_loss: 0.000
	weight: 0.427, max_weight: 0.700, min_weight: 0.300
	v: 53.144, max_v: 98.919, min_v: -14.735
	q1: 52.670, max_q1: 98.263, min_q1: -15.950
	q2: 52.849, max_q2: 97.771, min_q2: -15.564
	target_q: 53.579, max_target_q: 99.741, min_target_q: -16.001

2023-02-24 15:15:23 - 
[#Step 955000] eval_reward: 62.140, eval_time: 5.994, time: 66.728
	critic_loss: 3.591, max_critic_loss: 43.928, min_critic_loss: 0.021
	actor_loss: -54.169, max_actor_loss: 7.892, min_actor_loss: -102.872
	value_loss: 0.748, max_value_loss: 46.537, min_value_loss: 0.000
	weight: 0.480, max_weight: 0.700, min_weight: 0.300
	v: 53.021, max_v: 102.008, min_v: -7.369
	q1: 53.273, max_q1: 101.847, min_q1: -6.012
	q2: 53.205, max_q2: 102.048, min_q2: -5.435
	target_q: 52.891, max_target_q: 101.930, min_target_q: -7.105

2023-02-24 15:15:48 - 
[#Step 960000] eval_reward: 77.568, eval_time: 7.254, time: 67.142
	critic_loss: 4.638, max_critic_loss: 92.305, min_critic_loss: 0.001
	actor_loss: -55.762, max_actor_loss: 6.724, min_actor_loss: -99.912
	value_loss: 0.681, max_value_loss: 13.803, min_value_loss: 0.000
	weight: 0.412, max_weight: 0.700, min_weight: 0.300
	v: 54.837, max_v: 98.813, min_v: -6.876
	q1: 54.464, max_q1: 98.402, min_q1: -8.221
	q2: 54.495, max_q2: 99.804, min_q2: -7.427
	target_q: 55.004, max_target_q: 99.279, min_target_q: -7.263

2023-02-24 15:16:13 - 
[#Step 965000] eval_reward: 72.933, eval_time: 6.911, time: 67.553
	critic_loss: 4.316, max_critic_loss: 68.476, min_critic_loss: 0.002
	actor_loss: -54.530, max_actor_loss: 3.453, min_actor_loss: -99.503
	value_loss: 0.828, max_value_loss: 21.351, min_value_loss: 0.000
	weight: 0.462, max_weight: 0.700, min_weight: 0.300
	v: 53.041, max_v: 98.747, min_v: -3.862
	q1: 53.009, max_q1: 98.403, min_q1: -5.123
	q2: 52.959, max_q2: 98.384, min_q2: -5.725
	target_q: 53.049, max_target_q: 98.549, min_target_q: -4.599

2023-02-24 15:16:37 - 
[#Step 970000] eval_reward: 68.340, eval_time: 6.482, time: 67.952
	critic_loss: 5.063, max_critic_loss: 73.040, min_critic_loss: 0.003
	actor_loss: -55.246, max_actor_loss: 9.608, min_actor_loss: -103.760
	value_loss: 0.640, max_value_loss: 12.485, min_value_loss: 0.000
	weight: 0.448, max_weight: 0.700, min_weight: 0.300
	v: 53.913, max_v: 102.886, min_v: -4.057
	q1: 53.832, max_q1: 101.852, min_q1: -2.879
	q2: 53.597, max_q2: 102.173, min_q2: -3.829
	target_q: 54.320, max_target_q: 103.690, min_target_q: -3.413

2023-02-24 15:17:02 - 
[#Step 975000] eval_reward: 85.325, eval_time: 7.401, time: 68.370
	critic_loss: 3.918, max_critic_loss: 86.047, min_critic_loss: 0.008
	actor_loss: -54.239, max_actor_loss: 16.036, min_actor_loss: -101.860
	value_loss: 0.598, max_value_loss: 16.357, min_value_loss: 0.000
	weight: 0.477, max_weight: 0.700, min_weight: 0.300
	v: 53.175, max_v: 99.123, min_v: -4.800
	q1: 52.986, max_q1: 99.483, min_q1: -6.794
	q2: 53.120, max_q2: 99.917, min_q2: -6.702
	target_q: 53.327, max_target_q: 99.589, min_target_q: -5.865

2023-02-24 15:17:19 - Saving checkpoint at step: 196
2023-02-24 15:17:19 - Saved checkpoint at saved_models/walker2d-medium-replay-v2/COMFO6_s0_20230224_140840/actor_196
2023-02-24 15:17:19 - Removing checkpoint at saved_models/walker2d-medium-replay-v2/COMFO6_s0_20230224_140840/actor_100
2023-02-24 15:17:19 - Saving checkpoint at step: 196
2023-02-24 15:17:19 - Saved checkpoint at saved_models/walker2d-medium-replay-v2/COMFO6_s0_20230224_140840/critic_196
2023-02-24 15:17:19 - Removing checkpoint at saved_models/walker2d-medium-replay-v2/COMFO6_s0_20230224_140840/critic_100
2023-02-24 15:17:19 - Saving checkpoint at step: 196
2023-02-24 15:17:19 - Saved checkpoint at saved_models/walker2d-medium-replay-v2/COMFO6_s0_20230224_140840/value_196
2023-02-24 15:17:19 - Removing checkpoint at saved_models/walker2d-medium-replay-v2/COMFO6_s0_20230224_140840/value_100
2023-02-24 15:17:25 - 
[#Step 980000] eval_reward: 67.080, eval_time: 6.080, time: 68.763
	critic_loss: 3.841, max_critic_loss: 56.721, min_critic_loss: 0.010
	actor_loss: -55.719, max_actor_loss: 3.590, min_actor_loss: -103.492
	value_loss: 0.594, max_value_loss: 12.805, min_value_loss: 0.000
	weight: 0.470, max_weight: 0.700, min_weight: 0.300
	v: 54.383, max_v: 103.582, min_v: -5.457
	q1: 54.496, max_q1: 102.713, min_q1: -5.032
	q2: 54.433, max_q2: 103.479, min_q2: -3.642
	target_q: 54.294, max_target_q: 102.993, min_target_q: -5.531

2023-02-24 15:17:43 - Saving checkpoint at step: 197
2023-02-24 15:17:43 - Saved checkpoint at saved_models/walker2d-medium-replay-v2/COMFO6_s0_20230224_140840/actor_197
2023-02-24 15:17:43 - Removing checkpoint at saved_models/walker2d-medium-replay-v2/COMFO6_s0_20230224_140840/actor_120
2023-02-24 15:17:43 - Saving checkpoint at step: 197
2023-02-24 15:17:43 - Saved checkpoint at saved_models/walker2d-medium-replay-v2/COMFO6_s0_20230224_140840/critic_197
2023-02-24 15:17:43 - Removing checkpoint at saved_models/walker2d-medium-replay-v2/COMFO6_s0_20230224_140840/critic_120
2023-02-24 15:17:43 - Saving checkpoint at step: 197
2023-02-24 15:17:43 - Saved checkpoint at saved_models/walker2d-medium-replay-v2/COMFO6_s0_20230224_140840/value_197
2023-02-24 15:17:43 - Removing checkpoint at saved_models/walker2d-medium-replay-v2/COMFO6_s0_20230224_140840/value_120
2023-02-24 15:17:50 - 
[#Step 985000] eval_reward: 75.490, eval_time: 6.694, time: 69.172
	critic_loss: 3.750, max_critic_loss: 79.058, min_critic_loss: 0.001
	actor_loss: -52.831, max_actor_loss: 4.160, min_actor_loss: -97.826
	value_loss: 0.741, max_value_loss: 24.542, min_value_loss: 0.000
	weight: 0.472, max_weight: 0.700, min_weight: 0.300
	v: 51.813, max_v: 97.640, min_v: -7.135
	q1: 51.737, max_q1: 97.520, min_q1: -5.583
	q2: 51.555, max_q2: 96.659, min_q2: -5.883
	target_q: 52.015, max_target_q: 98.118, min_target_q: -6.094

2023-02-24 15:18:08 - Saving checkpoint at step: 198
2023-02-24 15:18:08 - Saved checkpoint at saved_models/walker2d-medium-replay-v2/COMFO6_s0_20230224_140840/actor_198
2023-02-24 15:18:08 - Removing checkpoint at saved_models/walker2d-medium-replay-v2/COMFO6_s0_20230224_140840/actor_140
2023-02-24 15:18:08 - Saving checkpoint at step: 198
2023-02-24 15:18:08 - Saved checkpoint at saved_models/walker2d-medium-replay-v2/COMFO6_s0_20230224_140840/critic_198
2023-02-24 15:18:08 - Removing checkpoint at saved_models/walker2d-medium-replay-v2/COMFO6_s0_20230224_140840/critic_140
2023-02-24 15:18:08 - Saving checkpoint at step: 198
2023-02-24 15:18:08 - Saved checkpoint at saved_models/walker2d-medium-replay-v2/COMFO6_s0_20230224_140840/value_198
2023-02-24 15:18:08 - Removing checkpoint at saved_models/walker2d-medium-replay-v2/COMFO6_s0_20230224_140840/value_140
2023-02-24 15:18:14 - 
[#Step 990000] eval_reward: 71.765, eval_time: 6.314, time: 69.571
	critic_loss: 3.530, max_critic_loss: 41.062, min_critic_loss: 0.000
	actor_loss: -58.163, max_actor_loss: 11.513, min_actor_loss: -102.307
	value_loss: 0.637, max_value_loss: 10.761, min_value_loss: 0.000
	weight: 0.441, max_weight: 0.700, min_weight: 0.300
	v: 57.085, max_v: 99.332, min_v: -2.604
	q1: 57.169, max_q1: 100.465, min_q1: -5.398
	q2: 57.159, max_q2: 99.473, min_q2: -5.593
	target_q: 56.960, max_target_q: 98.886, min_target_q: -5.879

2023-02-24 15:18:32 - Saving checkpoint at step: 199
2023-02-24 15:18:32 - Saved checkpoint at saved_models/walker2d-medium-replay-v2/COMFO6_s0_20230224_140840/actor_199
2023-02-24 15:18:32 - Removing checkpoint at saved_models/walker2d-medium-replay-v2/COMFO6_s0_20230224_140840/actor_160
2023-02-24 15:18:32 - Saving checkpoint at step: 199
2023-02-24 15:18:32 - Saved checkpoint at saved_models/walker2d-medium-replay-v2/COMFO6_s0_20230224_140840/critic_199
2023-02-24 15:18:32 - Removing checkpoint at saved_models/walker2d-medium-replay-v2/COMFO6_s0_20230224_140840/critic_160
2023-02-24 15:18:32 - Saving checkpoint at step: 199
2023-02-24 15:18:32 - Saved checkpoint at saved_models/walker2d-medium-replay-v2/COMFO6_s0_20230224_140840/value_199
2023-02-24 15:18:32 - Removing checkpoint at saved_models/walker2d-medium-replay-v2/COMFO6_s0_20230224_140840/value_160
2023-02-24 15:18:38 - 
[#Step 995000] eval_reward: 76.831, eval_time: 6.806, time: 69.979
	critic_loss: 4.777, max_critic_loss: 158.712, min_critic_loss: 0.003
	actor_loss: -53.669, max_actor_loss: 5.742, min_actor_loss: -98.497
	value_loss: 0.892, max_value_loss: 27.855, min_value_loss: 0.000
	weight: 0.486, max_weight: 0.700, min_weight: 0.300
	v: 52.007, max_v: 96.718, min_v: -7.131
	q1: 52.437, max_q1: 96.409, min_q1: -8.631
	q2: 52.200, max_q2: 96.921, min_q2: -7.822
	target_q: 52.139, max_target_q: 96.694, min_target_q: -9.217

2023-02-24 15:18:56 - Saving checkpoint at step: 200
2023-02-24 15:18:56 - Saved checkpoint at saved_models/walker2d-medium-replay-v2/COMFO6_s0_20230224_140840/actor_200
2023-02-24 15:18:56 - Removing checkpoint at saved_models/walker2d-medium-replay-v2/COMFO6_s0_20230224_140840/actor_180
2023-02-24 15:18:56 - Saving checkpoint at step: 200
2023-02-24 15:18:56 - Saved checkpoint at saved_models/walker2d-medium-replay-v2/COMFO6_s0_20230224_140840/critic_200
2023-02-24 15:18:56 - Removing checkpoint at saved_models/walker2d-medium-replay-v2/COMFO6_s0_20230224_140840/critic_180
2023-02-24 15:18:56 - Saving checkpoint at step: 200
2023-02-24 15:18:56 - Saved checkpoint at saved_models/walker2d-medium-replay-v2/COMFO6_s0_20230224_140840/value_200
2023-02-24 15:18:56 - Removing checkpoint at saved_models/walker2d-medium-replay-v2/COMFO6_s0_20230224_140840/value_180
2023-02-24 15:19:03 - 
[#Step 1000000] eval_reward: 79.408, eval_time: 7.091, time: 70.393
	critic_loss: 4.158, max_critic_loss: 74.616, min_critic_loss: 0.001
	actor_loss: -56.620, max_actor_loss: 6.779, min_actor_loss: -99.466
	value_loss: 0.664, max_value_loss: 18.023, min_value_loss: 0.000
	weight: 0.423, max_weight: 0.700, min_weight: 0.300
	v: 55.556, max_v: 96.077, min_v: -5.958
	q1: 55.475, max_q1: 95.691, min_q1: -4.886
	q2: 55.353, max_q2: 96.112, min_q2: -4.170
	target_q: 55.573, max_target_q: 95.662, min_target_q: -6.232

2023-02-24 15:19:03 - 
Avg eval reward = 73.69

