2023-02-25 04:10:22 - Exp configurations:
algo: COMFO6
alpha: 5.0
batch_size: 256
env_name: walker2d-medium-replay-v2
eval_episodes: 10
eval_freq: 5000
expectile: 0.7
gamma: 0.99
hidden_dims: !!python/tuple
- 256
- 256
initializer: orthogonal
log_dir: 20230225_noise0.01
lr: 0.0003
max_timesteps: 1000000
mle_alpha: 0.25
model_dir: saved_models
num_random: 10
seed: 2
tau: 0.005
temperature: 3.0

2023-02-25 04:12:20 - 
[#Step 10000] eval_reward: 13.182, eval_time: 2.852, time: 1.966
	critic_loss: 3.239, max_critic_loss: 108.666, min_critic_loss: 0.000
	actor_loss: -24.100, max_actor_loss: 4.481, min_actor_loss: -46.952
	value_loss: 0.089, max_value_loss: 1.905, min_value_loss: 0.000
	weight: 0.433, max_weight: 0.700, min_weight: 0.300
	v: 23.544, max_v: 44.941, min_v: -6.198
	q1: 23.734, max_q1: 45.080, min_q1: -6.316
	q2: 23.659, max_q2: 44.967, min_q2: -4.325
	target_q: 23.835, max_target_q: 45.501, min_target_q: -2.173

2023-02-25 04:12:56 - 
[#Step 20000] eval_reward: 4.044, eval_time: 1.203, time: 2.571
	critic_loss: 3.815, max_critic_loss: 133.565, min_critic_loss: 0.001
	actor_loss: -37.492, max_actor_loss: 9.890, min_actor_loss: -77.103
	value_loss: 0.203, max_value_loss: 4.141, min_value_loss: 0.000
	weight: 0.433, max_weight: 0.700, min_weight: 0.300
	v: 36.713, max_v: 75.755, min_v: -7.623
	q1: 36.650, max_q1: 75.650, min_q1: -8.309
	q2: 36.635, max_q2: 75.391, min_q2: -9.225
	target_q: 36.857, max_target_q: 77.409, min_target_q: -10.189

2023-02-25 04:13:33 - 
[#Step 30000] eval_reward: 10.276, eval_time: 1.869, time: 3.184
	critic_loss: 6.074, max_critic_loss: 253.697, min_critic_loss: 0.001
	actor_loss: -45.436, max_actor_loss: 7.034, min_actor_loss: -90.827
	value_loss: 0.408, max_value_loss: 8.668, min_value_loss: 0.000
	weight: 0.433, max_weight: 0.700, min_weight: 0.300
	v: 44.060, max_v: 86.596, min_v: -9.084
	q1: 44.554, max_q1: 86.903, min_q1: -6.598
	q2: 44.607, max_q2: 87.749, min_q2: -8.372
	target_q: 44.182, max_target_q: 86.656, min_target_q: -4.453

2023-02-25 04:14:12 - 
[#Step 40000] eval_reward: 15.660, eval_time: 4.630, time: 3.843
	critic_loss: 4.967, max_critic_loss: 205.449, min_critic_loss: 0.008
	actor_loss: -50.119, max_actor_loss: 0.911, min_actor_loss: -97.566
	value_loss: 0.399, max_value_loss: 4.582, min_value_loss: 0.000
	weight: 0.455, max_weight: 0.700, min_weight: 0.300
	v: 48.839, max_v: 96.879, min_v: -3.449
	q1: 49.285, max_q1: 96.513, min_q1: -3.047
	q2: 49.370, max_q2: 96.113, min_q2: -3.131
	target_q: 48.582, max_target_q: 95.783, min_target_q: -5.559

2023-02-25 04:14:51 - 
[#Step 50000] eval_reward: 26.810, eval_time: 3.429, time: 4.485
	critic_loss: 7.170, max_critic_loss: 640.592, min_critic_loss: 0.003
	actor_loss: -55.612, max_actor_loss: 0.540, min_actor_loss: -100.982
	value_loss: 0.371, max_value_loss: 6.452, min_value_loss: 0.000
	weight: 0.458, max_weight: 0.700, min_weight: 0.300
	v: 54.493, max_v: 97.115, min_v: 0.592
	q1: 54.652, max_q1: 96.829, min_q1: -1.015
	q2: 54.691, max_q2: 97.107, min_q2: -0.203
	target_q: 54.496, max_target_q: 96.935, min_target_q: -0.014

2023-02-25 04:15:30 - 
[#Step 60000] eval_reward: 29.828, eval_time: 4.109, time: 5.137
	critic_loss: 8.252, max_critic_loss: 473.880, min_critic_loss: 0.008
	actor_loss: -54.733, max_actor_loss: 8.801, min_actor_loss: -99.696
	value_loss: 0.391, max_value_loss: 8.658, min_value_loss: 0.000
	weight: 0.434, max_weight: 0.700, min_weight: 0.300
	v: 54.228, max_v: 98.094, min_v: -7.519
	q1: 53.592, max_q1: 97.462, min_q1: -8.404
	q2: 53.729, max_q2: 98.044, min_q2: -5.611
	target_q: 54.221, max_target_q: 98.413, min_target_q: -8.094

2023-02-25 04:16:07 - 
[#Step 70000] eval_reward: 13.796, eval_time: 2.298, time: 5.760
	critic_loss: 4.791, max_critic_loss: 145.529, min_critic_loss: 0.001
	actor_loss: -55.824, max_actor_loss: 6.466, min_actor_loss: -98.790
	value_loss: 0.661, max_value_loss: 20.562, min_value_loss: 0.000
	weight: 0.536, max_weight: 0.700, min_weight: 0.300
	v: 54.732, max_v: 95.876, min_v: -5.513
	q1: 54.685, max_q1: 96.797, min_q1: -6.977
	q2: 54.825, max_q2: 97.280, min_q2: -6.277
	target_q: 54.897, max_target_q: 95.501, min_target_q: -8.338

2023-02-25 04:16:49 - 
[#Step 80000] eval_reward: 61.585, eval_time: 6.337, time: 6.455
	critic_loss: 4.528, max_critic_loss: 102.721, min_critic_loss: 0.001
	actor_loss: -59.328, max_actor_loss: 2.121, min_actor_loss: -104.631
	value_loss: 0.712, max_value_loss: 22.070, min_value_loss: 0.000
	weight: 0.411, max_weight: 0.700, min_weight: 0.300
	v: 58.202, max_v: 101.842, min_v: -0.170
	q1: 58.474, max_q1: 102.897, min_q1: -3.353
	q2: 58.493, max_q2: 102.220, min_q2: -2.913
	target_q: 57.911, max_target_q: 102.808, min_target_q: -3.040

2023-02-25 04:17:30 - 
[#Step 90000] eval_reward: 50.415, eval_time: 5.250, time: 7.133
	critic_loss: 9.678, max_critic_loss: 536.523, min_critic_loss: 0.002
	actor_loss: -56.517, max_actor_loss: 7.643, min_actor_loss: -109.461
	value_loss: 0.554, max_value_loss: 16.813, min_value_loss: 0.000
	weight: 0.456, max_weight: 0.700, min_weight: 0.300
	v: 55.384, max_v: 105.406, min_v: -6.917
	q1: 55.237, max_q1: 105.527, min_q1: -7.675
	q2: 55.320, max_q2: 107.331, min_q2: -7.536
	target_q: 55.166, max_target_q: 107.053, min_target_q: -9.203

2023-02-25 04:18:05 - Saving checkpoint at step: 20
2023-02-25 04:18:05 - Saved checkpoint at saved_models/walker2d-medium-replay-v2/COMFO6_s2_20230225_041022/actor_20
2023-02-25 04:18:05 - Saving checkpoint at step: 20
2023-02-25 04:18:05 - Saved checkpoint at saved_models/walker2d-medium-replay-v2/COMFO6_s2_20230225_041022/critic_20
2023-02-25 04:18:05 - Saving checkpoint at step: 20
2023-02-25 04:18:05 - Saved checkpoint at saved_models/walker2d-medium-replay-v2/COMFO6_s2_20230225_041022/value_20
2023-02-25 04:18:12 - 
[#Step 100000] eval_reward: 71.210, eval_time: 7.263, time: 7.842
	critic_loss: 8.175, max_critic_loss: 236.289, min_critic_loss: 0.004
	actor_loss: -56.013, max_actor_loss: 8.300, min_actor_loss: -107.344
	value_loss: 0.573, max_value_loss: 11.275, min_value_loss: 0.000
	weight: 0.438, max_weight: 0.700, min_weight: 0.300
	v: 55.636, max_v: 106.663, min_v: -7.496
	q1: 54.786, max_q1: 106.118, min_q1: -9.219
	q2: 54.836, max_q2: 106.192, min_q2: -6.371
	target_q: 55.562, max_target_q: 106.586, min_target_q: -11.963

2023-02-25 04:18:52 - 
[#Step 110000] eval_reward: 46.067, eval_time: 4.496, time: 8.509
	critic_loss: 4.324, max_critic_loss: 93.238, min_critic_loss: 0.000
	actor_loss: -58.163, max_actor_loss: -1.230, min_actor_loss: -110.751
	value_loss: 0.657, max_value_loss: 20.049, min_value_loss: 0.000
	weight: 0.425, max_weight: 0.700, min_weight: 0.300
	v: 57.132, max_v: 107.011, min_v: 0.893
	q1: 57.230, max_q1: 107.680, min_q1: 0.736
	q2: 57.044, max_q2: 107.572, min_q2: -0.490
	target_q: 57.128, max_target_q: 106.454, min_target_q: 1.615

2023-02-25 04:19:30 - 
[#Step 120000] eval_reward: 24.958, eval_time: 2.868, time: 9.140
	critic_loss: 3.359, max_critic_loss: 91.832, min_critic_loss: 0.003
	actor_loss: -60.348, max_actor_loss: 6.620, min_actor_loss: -112.580
	value_loss: 0.530, max_value_loss: 27.343, min_value_loss: 0.000
	weight: 0.416, max_weight: 0.700, min_weight: 0.300
	v: 59.314, max_v: 111.033, min_v: -11.610
	q1: 59.349, max_q1: 110.896, min_q1: -7.529
	q2: 59.348, max_q2: 112.021, min_q2: -9.431
	target_q: 59.237, max_target_q: 110.963, min_target_q: -8.138

2023-02-25 04:20:12 - 
[#Step 130000] eval_reward: 72.184, eval_time: 6.847, time: 9.834
	critic_loss: 4.544, max_critic_loss: 69.135, min_critic_loss: 0.003
	actor_loss: -52.982, max_actor_loss: 12.312, min_actor_loss: -105.192
	value_loss: 1.054, max_value_loss: 50.279, min_value_loss: 0.000
	weight: 0.380, max_weight: 0.700, min_weight: 0.300
	v: 52.506, max_v: 105.324, min_v: -14.306
	q1: 52.147, max_q1: 104.518, min_q1: -15.257
	q2: 51.977, max_q2: 104.739, min_q2: -14.817
	target_q: 52.387, max_target_q: 104.473, min_target_q: -13.875

2023-02-25 04:20:53 - 
[#Step 140000] eval_reward: 55.792, eval_time: 5.457, time: 10.516
	critic_loss: 4.161, max_critic_loss: 101.270, min_critic_loss: 0.010
	actor_loss: -59.215, max_actor_loss: 11.044, min_actor_loss: -110.728
	value_loss: 0.915, max_value_loss: 17.934, min_value_loss: 0.000
	weight: 0.494, max_weight: 0.700, min_weight: 0.300
	v: 57.675, max_v: 105.674, min_v: -10.987
	q1: 57.722, max_q1: 106.822, min_q1: -11.995
	q2: 57.745, max_q2: 107.331, min_q2: -12.132
	target_q: 57.486, max_target_q: 106.102, min_target_q: -12.266

2023-02-25 04:21:34 - 
[#Step 150000] eval_reward: 68.121, eval_time: 6.566, time: 11.213
	critic_loss: 6.168, max_critic_loss: 152.082, min_critic_loss: 0.001
	actor_loss: -57.238, max_actor_loss: 10.999, min_actor_loss: -102.293
	value_loss: 0.944, max_value_loss: 25.465, min_value_loss: 0.000
	weight: 0.434, max_weight: 0.700, min_weight: 0.300
	v: 56.084, max_v: 101.284, min_v: -12.459
	q1: 55.903, max_q1: 101.477, min_q1: -11.655
	q2: 55.840, max_q2: 100.528, min_q2: -10.539
	target_q: 56.049, max_target_q: 101.334, min_target_q: -12.971

2023-02-25 04:22:17 - 
[#Step 160000] eval_reward: 78.491, eval_time: 7.417, time: 11.924
	critic_loss: 5.032, max_critic_loss: 128.896, min_critic_loss: 0.005
	actor_loss: -56.621, max_actor_loss: 4.050, min_actor_loss: -105.119
	value_loss: 0.728, max_value_loss: 16.114, min_value_loss: 0.000
	weight: 0.444, max_weight: 0.700, min_weight: 0.300
	v: 55.281, max_v: 104.045, min_v: -5.863
	q1: 55.544, max_q1: 104.748, min_q1: -6.758
	q2: 55.358, max_q2: 104.370, min_q2: -5.729
	target_q: 55.381, max_target_q: 104.296, min_target_q: -10.066

2023-02-25 04:22:57 - 
[#Step 170000] eval_reward: 39.292, eval_time: 4.095, time: 12.585
	critic_loss: 5.288, max_critic_loss: 151.097, min_critic_loss: 0.003
	actor_loss: -55.053, max_actor_loss: 13.094, min_actor_loss: -107.157
	value_loss: 1.091, max_value_loss: 68.494, min_value_loss: 0.000
	weight: 0.486, max_weight: 0.700, min_weight: 0.300
	v: 53.960, max_v: 103.859, min_v: -13.947
	q1: 54.060, max_q1: 105.519, min_q1: -11.663
	q2: 54.018, max_q2: 105.309, min_q2: -13.095
	target_q: 54.354, max_target_q: 104.970, min_target_q: -12.985

2023-02-25 04:23:37 - 
[#Step 180000] eval_reward: 48.207, eval_time: 5.107, time: 13.259
	critic_loss: 6.845, max_critic_loss: 171.519, min_critic_loss: 0.004
	actor_loss: -55.892, max_actor_loss: 3.374, min_actor_loss: -103.857
	value_loss: 0.673, max_value_loss: 41.498, min_value_loss: 0.000
	weight: 0.419, max_weight: 0.700, min_weight: 0.300
	v: 55.189, max_v: 103.454, min_v: -5.601
	q1: 54.798, max_q1: 103.157, min_q1: -6.712
	q2: 54.733, max_q2: 103.024, min_q2: -5.038
	target_q: 55.035, max_target_q: 103.181, min_target_q: -3.047

2023-02-25 04:24:19 - 
[#Step 190000] eval_reward: 63.489, eval_time: 6.246, time: 13.954
	critic_loss: 5.376, max_critic_loss: 85.923, min_critic_loss: 0.005
	actor_loss: -54.261, max_actor_loss: 15.983, min_actor_loss: -105.054
	value_loss: 0.788, max_value_loss: 37.627, min_value_loss: 0.000
	weight: 0.436, max_weight: 0.700, min_weight: 0.300
	v: 52.991, max_v: 102.615, min_v: -13.127
	q1: 53.156, max_q1: 102.912, min_q1: -14.929
	q2: 53.007, max_q2: 102.270, min_q2: -14.856
	target_q: 52.915, max_target_q: 102.795, min_target_q: -15.713

2023-02-25 04:24:54 - Saving checkpoint at step: 40
2023-02-25 04:24:54 - Saved checkpoint at saved_models/walker2d-medium-replay-v2/COMFO6_s2_20230225_041022/actor_40
2023-02-25 04:24:54 - Saving checkpoint at step: 40
2023-02-25 04:24:54 - Saved checkpoint at saved_models/walker2d-medium-replay-v2/COMFO6_s2_20230225_041022/critic_40
2023-02-25 04:24:54 - Saving checkpoint at step: 40
2023-02-25 04:24:54 - Saved checkpoint at saved_models/walker2d-medium-replay-v2/COMFO6_s2_20230225_041022/value_40
2023-02-25 04:25:00 - 
[#Step 200000] eval_reward: 60.030, eval_time: 6.120, time: 14.646
	critic_loss: 5.769, max_critic_loss: 115.943, min_critic_loss: 0.003
	actor_loss: -55.275, max_actor_loss: 4.603, min_actor_loss: -109.799
	value_loss: 0.523, max_value_loss: 11.726, min_value_loss: 0.000
	weight: 0.405, max_weight: 0.700, min_weight: 0.300
	v: 53.924, max_v: 105.372, min_v: -6.123
	q1: 54.134, max_q1: 106.238, min_q1: -7.452
	q2: 54.043, max_q2: 106.320, min_q2: -5.813
	target_q: 53.618, max_target_q: 105.109, min_target_q: -7.014

2023-02-25 04:25:42 - 
[#Step 210000] eval_reward: 62.657, eval_time: 6.154, time: 15.336
	critic_loss: 4.775, max_critic_loss: 136.512, min_critic_loss: 0.006
	actor_loss: -56.620, max_actor_loss: 10.404, min_actor_loss: -104.297
	value_loss: 0.527, max_value_loss: 8.308, min_value_loss: 0.000
	weight: 0.447, max_weight: 0.700, min_weight: 0.300
	v: 55.384, max_v: 102.643, min_v: -7.352
	q1: 55.540, max_q1: 104.034, min_q1: -11.018
	q2: 55.454, max_q2: 103.708, min_q2: -6.990
	target_q: 55.472, max_target_q: 103.278, min_target_q: -7.167

2023-02-25 04:26:23 - 
[#Step 220000] eval_reward: 57.246, eval_time: 5.816, time: 16.025
	critic_loss: 4.202, max_critic_loss: 163.447, min_critic_loss: 0.008
	actor_loss: -60.767, max_actor_loss: 14.516, min_actor_loss: -108.852
	value_loss: 0.566, max_value_loss: 13.041, min_value_loss: 0.000
	weight: 0.464, max_weight: 0.700, min_weight: 0.300
	v: 59.246, max_v: 105.872, min_v: -13.574
	q1: 59.470, max_q1: 105.658, min_q1: -14.137
	q2: 59.519, max_q2: 103.783, min_q2: -13.407
	target_q: 59.216, max_target_q: 103.778, min_target_q: -10.159

2023-02-25 04:27:04 - 
[#Step 230000] eval_reward: 48.265, eval_time: 5.050, time: 16.703
	critic_loss: 6.276, max_critic_loss: 181.799, min_critic_loss: 0.007
	actor_loss: -56.564, max_actor_loss: 10.003, min_actor_loss: -106.782
	value_loss: 0.720, max_value_loss: 26.503, min_value_loss: 0.000
	weight: 0.412, max_weight: 0.700, min_weight: 0.300
	v: 56.058, max_v: 105.765, min_v: -10.671
	q1: 55.257, max_q1: 105.168, min_q1: -8.244
	q2: 55.325, max_q2: 104.492, min_q2: -11.114
	target_q: 56.067, max_target_q: 106.675, min_target_q: -10.936

2023-02-25 04:27:45 - 
[#Step 240000] eval_reward: 50.982, eval_time: 5.342, time: 17.384
	critic_loss: 6.245, max_critic_loss: 86.771, min_critic_loss: 0.048
	actor_loss: -55.773, max_actor_loss: 10.288, min_actor_loss: -108.032
	value_loss: 0.803, max_value_loss: 17.820, min_value_loss: 0.000
	weight: 0.417, max_weight: 0.700, min_weight: 0.300
	v: 54.735, max_v: 108.530, min_v: -12.600
	q1: 54.513, max_q1: 106.347, min_q1: -10.114
	q2: 54.305, max_q2: 105.259, min_q2: -8.755
	target_q: 54.533, max_target_q: 107.583, min_target_q: -12.020

2023-02-25 04:28:25 - 
[#Step 250000] eval_reward: 44.521, eval_time: 4.634, time: 18.054
	critic_loss: 5.935, max_critic_loss: 81.834, min_critic_loss: 0.001
	actor_loss: -58.245, max_actor_loss: -2.697, min_actor_loss: -105.711
	value_loss: 0.656, max_value_loss: 10.523, min_value_loss: 0.000
	weight: 0.495, max_weight: 0.700, min_weight: 0.300
	v: 56.741, max_v: 101.966, min_v: 1.690
	q1: 57.180, max_q1: 102.529, min_q1: 0.668
	q2: 57.177, max_q2: 101.978, min_q2: -0.377
	target_q: 56.633, max_target_q: 100.956, min_target_q: 0.724

2023-02-25 04:29:07 - 
[#Step 260000] eval_reward: 64.644, eval_time: 6.212, time: 18.750
	critic_loss: 5.671, max_critic_loss: 193.384, min_critic_loss: 0.020
	actor_loss: -59.894, max_actor_loss: 13.848, min_actor_loss: -106.397
	value_loss: 0.553, max_value_loss: 22.673, min_value_loss: 0.000
	weight: 0.459, max_weight: 0.700, min_weight: 0.300
	v: 58.442, max_v: 104.360, min_v: -15.012
	q1: 58.596, max_q1: 104.233, min_q1: -14.642
	q2: 58.670, max_q2: 104.074, min_q2: -12.871
	target_q: 58.380, max_target_q: 103.442, min_target_q: -15.039

2023-02-25 04:29:49 - 
[#Step 270000] eval_reward: 66.435, eval_time: 6.553, time: 19.449
	critic_loss: 5.293, max_critic_loss: 114.363, min_critic_loss: 0.015
	actor_loss: -54.891, max_actor_loss: 9.236, min_actor_loss: -98.462
	value_loss: 0.604, max_value_loss: 7.010, min_value_loss: 0.000
	weight: 0.428, max_weight: 0.700, min_weight: 0.300
	v: 54.531, max_v: 99.302, min_v: -10.229
	q1: 53.774, max_q1: 97.154, min_q1: -7.686
	q2: 53.779, max_q2: 97.630, min_q2: -7.808
	target_q: 54.213, max_target_q: 98.267, min_target_q: -11.101

2023-02-25 04:30:30 - 
[#Step 280000] eval_reward: 64.955, eval_time: 6.295, time: 20.139
	critic_loss: 9.665, max_critic_loss: 1409.653, min_critic_loss: 0.002
	actor_loss: -56.421, max_actor_loss: 14.462, min_actor_loss: -105.878
	value_loss: 0.709, max_value_loss: 36.005, min_value_loss: 0.000
	weight: 0.488, max_weight: 0.700, min_weight: 0.300
	v: 54.910, max_v: 103.991, min_v: -12.472
	q1: 55.197, max_q1: 103.087, min_q1: -12.281
	q2: 55.144, max_q2: 103.437, min_q2: -14.142
	target_q: 55.109, max_target_q: 105.050, min_target_q: -11.230

2023-02-25 04:31:10 - 
[#Step 290000] eval_reward: 49.571, eval_time: 5.162, time: 20.814
	critic_loss: 4.435, max_critic_loss: 81.261, min_critic_loss: 0.008
	actor_loss: -59.558, max_actor_loss: 4.912, min_actor_loss: -107.741
	value_loss: 0.611, max_value_loss: 8.610, min_value_loss: 0.000
	weight: 0.392, max_weight: 0.700, min_weight: 0.300
	v: 58.147, max_v: 104.684, min_v: -5.100
	q1: 58.384, max_q1: 101.999, min_q1: -3.517
	q2: 58.300, max_q2: 104.225, min_q2: -6.180
	target_q: 58.048, max_target_q: 103.945, min_target_q: -8.283

2023-02-25 04:31:45 - Saving checkpoint at step: 60
2023-02-25 04:31:45 - Saved checkpoint at saved_models/walker2d-medium-replay-v2/COMFO6_s2_20230225_041022/actor_60
2023-02-25 04:31:45 - Saving checkpoint at step: 60
2023-02-25 04:31:45 - Saved checkpoint at saved_models/walker2d-medium-replay-v2/COMFO6_s2_20230225_041022/critic_60
2023-02-25 04:31:45 - Saving checkpoint at step: 60
2023-02-25 04:31:45 - Saved checkpoint at saved_models/walker2d-medium-replay-v2/COMFO6_s2_20230225_041022/value_60
2023-02-25 04:31:53 - 
[#Step 300000] eval_reward: 79.225, eval_time: 7.385, time: 21.520
	critic_loss: 4.356, max_critic_loss: 75.747, min_critic_loss: 0.001
	actor_loss: -56.609, max_actor_loss: 8.212, min_actor_loss: -100.312
	value_loss: 0.630, max_value_loss: 8.381, min_value_loss: 0.000
	weight: 0.455, max_weight: 0.700, min_weight: 0.300
	v: 55.356, max_v: 98.975, min_v: -12.700
	q1: 55.179, max_q1: 98.170, min_q1: -9.074
	q2: 55.403, max_q2: 98.602, min_q2: -9.216
	target_q: 55.341, max_target_q: 98.852, min_target_q: -10.415

2023-02-25 04:32:36 - 
[#Step 310000] eval_reward: 85.292, eval_time: 7.400, time: 22.235
	critic_loss: 3.168, max_critic_loss: 51.040, min_critic_loss: 0.000
	actor_loss: -56.706, max_actor_loss: 9.361, min_actor_loss: -101.930
	value_loss: 0.660, max_value_loss: 12.748, min_value_loss: 0.000
	weight: 0.462, max_weight: 0.700, min_weight: 0.300
	v: 55.492, max_v: 99.270, min_v: -6.472
	q1: 55.369, max_q1: 100.601, min_q1: -8.193
	q2: 55.453, max_q2: 99.857, min_q2: -8.165
	target_q: 55.501, max_target_q: 103.012, min_target_q: -9.281

2023-02-25 04:33:16 - 
[#Step 320000] eval_reward: 52.331, eval_time: 5.070, time: 22.913
	critic_loss: 6.356, max_critic_loss: 435.431, min_critic_loss: 0.011
	actor_loss: -57.843, max_actor_loss: 6.484, min_actor_loss: -99.426
	value_loss: 0.793, max_value_loss: 17.850, min_value_loss: 0.000
	weight: 0.439, max_weight: 0.700, min_weight: 0.300
	v: 56.455, max_v: 98.802, min_v: -3.660
	q1: 56.726, max_q1: 99.125, min_q1: -4.718
	q2: 56.733, max_q2: 99.542, min_q2: -7.586
	target_q: 56.369, max_target_q: 98.502, min_target_q: -7.951

2023-02-25 04:34:00 - 
[#Step 330000] eval_reward: 82.397, eval_time: 7.931, time: 23.634
	critic_loss: 3.215, max_critic_loss: 78.682, min_critic_loss: 0.004
	actor_loss: -57.892, max_actor_loss: 11.926, min_actor_loss: -104.033
	value_loss: 0.499, max_value_loss: 22.244, min_value_loss: 0.000
	weight: 0.456, max_weight: 0.700, min_weight: 0.300
	v: 56.977, max_v: 101.289, min_v: -11.543
	q1: 56.826, max_q1: 101.413, min_q1: -11.364
	q2: 57.034, max_q2: 101.006, min_q2: -10.606
	target_q: 57.095, max_target_q: 101.496, min_target_q: -10.224

2023-02-25 04:34:42 - 
[#Step 340000] eval_reward: 76.307, eval_time: 7.245, time: 24.345
	critic_loss: 5.464, max_critic_loss: 311.686, min_critic_loss: 0.003
	actor_loss: -55.241, max_actor_loss: 14.055, min_actor_loss: -106.822
	value_loss: 0.721, max_value_loss: 18.138, min_value_loss: 0.000
	weight: 0.462, max_weight: 0.700, min_weight: 0.300
	v: 53.970, max_v: 103.250, min_v: -8.558
	q1: 54.139, max_q1: 103.561, min_q1: -9.941
	q2: 54.126, max_q2: 103.672, min_q2: -10.521
	target_q: 54.194, max_target_q: 103.428, min_target_q: -8.047

2023-02-25 04:35:26 - 
[#Step 350000] eval_reward: 85.344, eval_time: 8.094, time: 25.074
	critic_loss: 4.734, max_critic_loss: 112.136, min_critic_loss: 0.003
	actor_loss: -57.775, max_actor_loss: 1.646, min_actor_loss: -104.944
	value_loss: 0.654, max_value_loss: 15.677, min_value_loss: 0.000
	weight: 0.419, max_weight: 0.700, min_weight: 0.300
	v: 56.777, max_v: 102.102, min_v: -1.244
	q1: 56.438, max_q1: 103.278, min_q1: -2.017
	q2: 56.577, max_q2: 102.348, min_q2: -1.203
	target_q: 56.945, max_target_q: 101.841, min_target_q: -0.229

2023-02-25 04:36:09 - 
[#Step 360000] eval_reward: 83.647, eval_time: 8.058, time: 25.797
	critic_loss: 4.495, max_critic_loss: 95.836, min_critic_loss: 0.002
	actor_loss: -56.006, max_actor_loss: 8.732, min_actor_loss: -105.284
	value_loss: 1.013, max_value_loss: 97.111, min_value_loss: 0.000
	weight: 0.450, max_weight: 0.700, min_weight: 0.300
	v: 54.836, max_v: 103.045, min_v: -7.596
	q1: 54.738, max_q1: 102.962, min_q1: -6.308
	q2: 54.608, max_q2: 102.998, min_q2: -10.864
	target_q: 55.043, max_target_q: 104.726, min_target_q: -9.359

2023-02-25 04:36:52 - 
[#Step 370000] eval_reward: 81.331, eval_time: 7.780, time: 26.514
	critic_loss: 3.925, max_critic_loss: 39.759, min_critic_loss: 0.002
	actor_loss: -54.463, max_actor_loss: 9.363, min_actor_loss: -101.747
	value_loss: 0.732, max_value_loss: 13.054, min_value_loss: 0.000
	weight: 0.491, max_weight: 0.700, min_weight: 0.300
	v: 53.415, max_v: 99.949, min_v: -12.837
	q1: 53.343, max_q1: 99.637, min_q1: -16.664
	q2: 53.431, max_q2: 100.131, min_q2: -15.461
	target_q: 53.416, max_target_q: 100.537, min_target_q: -14.367

2023-02-25 04:37:37 - 
[#Step 380000] eval_reward: 85.244, eval_time: 8.881, time: 27.248
	critic_loss: 7.675, max_critic_loss: 507.961, min_critic_loss: 0.015
	actor_loss: -54.821, max_actor_loss: 7.048, min_actor_loss: -107.774
	value_loss: 0.757, max_value_loss: 22.739, min_value_loss: 0.000
	weight: 0.525, max_weight: 0.700, min_weight: 0.300
	v: 53.031, max_v: 103.826, min_v: -10.767
	q1: 53.681, max_q1: 106.117, min_q1: -7.473
	q2: 53.734, max_q2: 104.634, min_q2: -11.540
	target_q: 52.803, max_target_q: 104.766, min_target_q: -9.126

2023-02-25 04:38:20 - 
[#Step 390000] eval_reward: 85.371, eval_time: 8.321, time: 27.970
	critic_loss: 4.923, max_critic_loss: 265.504, min_critic_loss: 0.002
	actor_loss: -53.504, max_actor_loss: 12.407, min_actor_loss: -101.276
	value_loss: 0.896, max_value_loss: 40.588, min_value_loss: 0.000
	weight: 0.462, max_weight: 0.700, min_weight: 0.300
	v: 52.144, max_v: 97.519, min_v: -14.799
	q1: 52.092, max_q1: 98.294, min_q1: -13.225
	q2: 52.188, max_q2: 97.005, min_q2: -14.724
	target_q: 52.249, max_target_q: 99.370, min_target_q: -13.219

2023-02-25 04:38:55 - Saving checkpoint at step: 80
2023-02-25 04:38:55 - Saved checkpoint at saved_models/walker2d-medium-replay-v2/COMFO6_s2_20230225_041022/actor_80
2023-02-25 04:38:55 - Saving checkpoint at step: 80
2023-02-25 04:38:55 - Saved checkpoint at saved_models/walker2d-medium-replay-v2/COMFO6_s2_20230225_041022/critic_80
2023-02-25 04:38:55 - Saving checkpoint at step: 80
2023-02-25 04:38:55 - Saved checkpoint at saved_models/walker2d-medium-replay-v2/COMFO6_s2_20230225_041022/value_80
2023-02-25 04:39:02 - 
[#Step 400000] eval_reward: 75.722, eval_time: 7.511, time: 28.675
	critic_loss: 4.894, max_critic_loss: 99.264, min_critic_loss: 0.011
	actor_loss: -55.610, max_actor_loss: 11.274, min_actor_loss: -103.999
	value_loss: 0.481, max_value_loss: 5.100, min_value_loss: 0.000
	weight: 0.491, max_weight: 0.700, min_weight: 0.300
	v: 54.795, max_v: 100.164, min_v: -9.733
	q1: 54.492, max_q1: 100.012, min_q1: -9.038
	q2: 54.734, max_q2: 100.461, min_q2: -9.969
	target_q: 55.132, max_target_q: 100.241, min_target_q: -8.462

2023-02-25 04:39:46 - 
[#Step 410000] eval_reward: 87.182, eval_time: 8.641, time: 29.405
	critic_loss: 4.374, max_critic_loss: 163.426, min_critic_loss: 0.018
	actor_loss: -55.113, max_actor_loss: 9.631, min_actor_loss: -100.319
	value_loss: 0.613, max_value_loss: 15.663, min_value_loss: 0.000
	weight: 0.423, max_weight: 0.700, min_weight: 0.300
	v: 54.460, max_v: 100.124, min_v: -8.042
	q1: 53.988, max_q1: 99.322, min_q1: -8.536
	q2: 54.031, max_q2: 99.391, min_q2: -9.633
	target_q: 54.624, max_target_q: 100.393, min_target_q: -6.952

2023-02-25 04:40:28 - 
[#Step 420000] eval_reward: 74.547, eval_time: 7.295, time: 30.107
	critic_loss: 5.421, max_critic_loss: 270.167, min_critic_loss: 0.003
	actor_loss: -60.238, max_actor_loss: 5.328, min_actor_loss: -107.751
	value_loss: 0.721, max_value_loss: 14.100, min_value_loss: 0.000
	weight: 0.438, max_weight: 0.700, min_weight: 0.300
	v: 59.051, max_v: 104.350, min_v: -3.535
	q1: 59.056, max_q1: 104.653, min_q1: -5.031
	q2: 58.970, max_q2: 104.895, min_q2: -5.129
	target_q: 59.217, max_target_q: 104.110, min_target_q: -2.437

2023-02-25 04:41:11 - 
[#Step 430000] eval_reward: 79.185, eval_time: 7.727, time: 30.820
	critic_loss: 4.485, max_critic_loss: 129.002, min_critic_loss: 0.004
	actor_loss: -54.132, max_actor_loss: 10.485, min_actor_loss: -103.628
	value_loss: 0.848, max_value_loss: 33.520, min_value_loss: 0.000
	weight: 0.450, max_weight: 0.700, min_weight: 0.300
	v: 52.949, max_v: 99.950, min_v: -6.772
	q1: 53.031, max_q1: 101.741, min_q1: -6.340
	q2: 52.907, max_q2: 100.651, min_q2: -5.176
	target_q: 53.003, max_target_q: 100.388, min_target_q: -8.620

2023-02-25 04:41:51 - 
[#Step 440000] eval_reward: 54.137, eval_time: 5.560, time: 31.497
	critic_loss: 4.113, max_critic_loss: 85.737, min_critic_loss: 0.006
	actor_loss: -57.553, max_actor_loss: 8.442, min_actor_loss: -104.563
	value_loss: 0.839, max_value_loss: 21.431, min_value_loss: 0.000
	weight: 0.475, max_weight: 0.700, min_weight: 0.300
	v: 55.885, max_v: 100.849, min_v: -5.698
	q1: 56.122, max_q1: 101.628, min_q1: -4.291
	q2: 56.113, max_q2: 100.433, min_q2: -5.425
	target_q: 55.697, max_target_q: 101.375, min_target_q: -3.604

2023-02-25 04:42:35 - 
[#Step 450000] eval_reward: 85.165, eval_time: 8.306, time: 32.219
	critic_loss: 4.535, max_critic_loss: 110.519, min_critic_loss: 0.005
	actor_loss: -55.745, max_actor_loss: 11.118, min_actor_loss: -101.540
	value_loss: 1.106, max_value_loss: 42.684, min_value_loss: 0.000
	weight: 0.428, max_weight: 0.700, min_weight: 0.300
	v: 54.818, max_v: 102.553, min_v: -8.863
	q1: 54.287, max_q1: 101.137, min_q1: -11.523
	q2: 54.347, max_q2: 100.869, min_q2: -10.035
	target_q: 54.397, max_target_q: 102.528, min_target_q: -12.222

2023-02-25 04:43:16 - 
[#Step 460000] eval_reward: 63.917, eval_time: 6.504, time: 32.909
	critic_loss: 4.188, max_critic_loss: 91.401, min_critic_loss: 0.002
	actor_loss: -55.913, max_actor_loss: 8.701, min_actor_loss: -101.610
	value_loss: 0.776, max_value_loss: 19.828, min_value_loss: 0.000
	weight: 0.484, max_weight: 0.700, min_weight: 0.300
	v: 54.583, max_v: 97.732, min_v: -9.498
	q1: 54.410, max_q1: 98.061, min_q1: -10.088
	q2: 54.563, max_q2: 98.030, min_q2: -9.349
	target_q: 54.632, max_target_q: 97.805, min_target_q: -9.360

2023-02-25 04:43:58 - 
[#Step 470000] eval_reward: 71.111, eval_time: 6.916, time: 33.609
	critic_loss: 4.420, max_critic_loss: 102.075, min_critic_loss: 0.000
	actor_loss: -56.910, max_actor_loss: 10.854, min_actor_loss: -102.984
	value_loss: 0.601, max_value_loss: 6.070, min_value_loss: 0.000
	weight: 0.423, max_weight: 0.700, min_weight: 0.300
	v: 55.789, max_v: 104.126, min_v: -7.923
	q1: 55.387, max_q1: 103.705, min_q1: -8.808
	q2: 55.385, max_q2: 103.623, min_q2: -6.882
	target_q: 55.731, max_target_q: 103.582, min_target_q: -9.010

2023-02-25 04:44:41 - 
[#Step 480000] eval_reward: 81.609, eval_time: 7.529, time: 34.324
	critic_loss: 4.455, max_critic_loss: 72.973, min_critic_loss: 0.005
	actor_loss: -53.918, max_actor_loss: 7.193, min_actor_loss: -102.406
	value_loss: 0.766, max_value_loss: 15.356, min_value_loss: 0.000
	weight: 0.462, max_weight: 0.700, min_weight: 0.300
	v: 52.764, max_v: 101.766, min_v: -9.799
	q1: 52.673, max_q1: 100.661, min_q1: -9.997
	q2: 52.827, max_q2: 102.102, min_q2: -8.574
	target_q: 52.532, max_target_q: 101.066, min_target_q: -10.601

2023-02-25 04:45:24 - 
[#Step 490000] eval_reward: 87.945, eval_time: 8.107, time: 35.042
	critic_loss: 3.543, max_critic_loss: 53.935, min_critic_loss: 0.003
	actor_loss: -56.853, max_actor_loss: 9.969, min_actor_loss: -100.058
	value_loss: 0.585, max_value_loss: 8.277, min_value_loss: 0.000
	weight: 0.448, max_weight: 0.700, min_weight: 0.300
	v: 55.354, max_v: 97.568, min_v: -10.738
	q1: 55.557, max_q1: 98.867, min_q1: -10.626
	q2: 55.426, max_q2: 97.517, min_q2: -9.203
	target_q: 55.276, max_target_q: 97.889, min_target_q: -11.825

2023-02-25 04:45:59 - Saving checkpoint at step: 100
2023-02-25 04:45:59 - Saved checkpoint at saved_models/walker2d-medium-replay-v2/COMFO6_s2_20230225_041022/actor_100
2023-02-25 04:45:59 - Saving checkpoint at step: 100
2023-02-25 04:45:59 - Saved checkpoint at saved_models/walker2d-medium-replay-v2/COMFO6_s2_20230225_041022/critic_100
2023-02-25 04:45:59 - Saving checkpoint at step: 100
2023-02-25 04:45:59 - Saved checkpoint at saved_models/walker2d-medium-replay-v2/COMFO6_s2_20230225_041022/value_100
2023-02-25 04:46:07 - 
[#Step 500000] eval_reward: 81.792, eval_time: 7.631, time: 35.755
	critic_loss: 4.291, max_critic_loss: 90.360, min_critic_loss: 0.006
	actor_loss: -59.097, max_actor_loss: 12.397, min_actor_loss: -104.076
	value_loss: 0.711, max_value_loss: 13.313, min_value_loss: 0.000
	weight: 0.452, max_weight: 0.700, min_weight: 0.300
	v: 57.986, max_v: 101.632, min_v: -10.470
	q1: 57.881, max_q1: 103.204, min_q1: -10.357
	q2: 57.778, max_q2: 102.000, min_q2: -11.184
	target_q: 57.868, max_target_q: 101.477, min_target_q: -9.393

2023-02-25 04:46:51 - 
[#Step 510000] eval_reward: 90.597, eval_time: 8.336, time: 36.486
	critic_loss: 4.883, max_critic_loss: 124.492, min_critic_loss: 0.002
	actor_loss: -54.240, max_actor_loss: 8.003, min_actor_loss: -104.726
	value_loss: 0.874, max_value_loss: 19.718, min_value_loss: 0.000
	weight: 0.453, max_weight: 0.700, min_weight: 0.300
	v: 52.837, max_v: 102.195, min_v: -6.827
	q1: 52.821, max_q1: 103.939, min_q1: -7.834
	q2: 52.798, max_q2: 103.844, min_q2: -9.153
	target_q: 52.801, max_target_q: 104.607, min_target_q: -8.817

2023-02-25 04:47:34 - 
[#Step 520000] eval_reward: 79.479, eval_time: 7.739, time: 37.200
	critic_loss: 4.158, max_critic_loss: 51.791, min_critic_loss: 0.002
	actor_loss: -58.455, max_actor_loss: 8.090, min_actor_loss: -105.083
	value_loss: 0.659, max_value_loss: 17.852, min_value_loss: 0.000
	weight: 0.420, max_weight: 0.700, min_weight: 0.300
	v: 57.281, max_v: 104.116, min_v: -6.120
	q1: 57.016, max_q1: 102.973, min_q1: -7.374
	q2: 57.264, max_q2: 103.268, min_q2: -6.558
	target_q: 57.263, max_target_q: 103.499, min_target_q: -10.989

2023-02-25 04:48:16 - 
[#Step 530000] eval_reward: 85.906, eval_time: 6.887, time: 37.905
	critic_loss: 6.326, max_critic_loss: 277.872, min_critic_loss: 0.002
	actor_loss: -57.354, max_actor_loss: 16.688, min_actor_loss: -103.120
	value_loss: 1.029, max_value_loss: 28.829, min_value_loss: 0.000
	weight: 0.408, max_weight: 0.700, min_weight: 0.300
	v: 56.492, max_v: 103.337, min_v: -12.449
	q1: 55.924, max_q1: 101.172, min_q1: -13.383
	q2: 56.085, max_q2: 101.387, min_q2: -13.373
	target_q: 56.787, max_target_q: 102.348, min_target_q: -12.247

2023-02-25 04:48:59 - 
[#Step 540000] eval_reward: 89.030, eval_time: 8.188, time: 38.630
	critic_loss: 7.349, max_critic_loss: 474.696, min_critic_loss: 0.006
	actor_loss: -56.657, max_actor_loss: 8.301, min_actor_loss: -103.657
	value_loss: 0.715, max_value_loss: 11.748, min_value_loss: 0.000
	weight: 0.536, max_weight: 0.700, min_weight: 0.300
	v: 55.050, max_v: 101.026, min_v: -8.543
	q1: 55.643, max_q1: 102.572, min_q1: -7.391
	q2: 55.518, max_q2: 102.760, min_q2: -8.343
	target_q: 54.905, max_target_q: 103.178, min_target_q: -7.206

2023-02-25 04:49:39 - 
[#Step 550000] eval_reward: 43.631, eval_time: 4.391, time: 39.292
	critic_loss: 4.537, max_critic_loss: 114.524, min_critic_loss: 0.029
	actor_loss: -56.967, max_actor_loss: 8.537, min_actor_loss: -99.637
	value_loss: 0.599, max_value_loss: 14.397, min_value_loss: 0.000
	weight: 0.442, max_weight: 0.700, min_weight: 0.300
	v: 56.529, max_v: 98.515, min_v: -7.472
	q1: 56.009, max_q1: 97.763, min_q1: -6.914
	q2: 56.026, max_q2: 98.116, min_q2: -6.710
	target_q: 56.365, max_target_q: 99.427, min_target_q: -7.752

2023-02-25 04:50:20 - 
[#Step 560000] eval_reward: 70.843, eval_time: 6.454, time: 39.971
	critic_loss: 4.499, max_critic_loss: 114.536, min_critic_loss: 0.009
	actor_loss: -55.843, max_actor_loss: 6.776, min_actor_loss: -104.823
	value_loss: 0.911, max_value_loss: 38.836, min_value_loss: 0.000
	weight: 0.469, max_weight: 0.700, min_weight: 0.300
	v: 54.194, max_v: 100.897, min_v: -5.736
	q1: 54.365, max_q1: 102.767, min_q1: -4.349
	q2: 54.588, max_q2: 103.740, min_q2: -5.601
	target_q: 54.231, max_target_q: 106.727, min_target_q: -5.611

2023-02-25 04:51:01 - 
[#Step 570000] eval_reward: 77.449, eval_time: 7.295, time: 40.663
	critic_loss: 4.231, max_critic_loss: 110.598, min_critic_loss: 0.002
	actor_loss: -53.533, max_actor_loss: 9.250, min_actor_loss: -99.913
	value_loss: 1.081, max_value_loss: 65.523, min_value_loss: 0.000
	weight: 0.414, max_weight: 0.700, min_weight: 0.300
	v: 52.363, max_v: 98.751, min_v: -6.697
	q1: 52.402, max_q1: 97.387, min_q1: -9.867
	q2: 52.329, max_q2: 97.911, min_q2: -9.981
	target_q: 52.390, max_target_q: 98.117, min_target_q: -12.429

2023-02-25 04:51:42 - 
[#Step 580000] eval_reward: 67.455, eval_time: 6.276, time: 41.344
	critic_loss: 3.712, max_critic_loss: 85.195, min_critic_loss: 0.004
	actor_loss: -54.057, max_actor_loss: 8.745, min_actor_loss: -102.423
	value_loss: 0.708, max_value_loss: 15.441, min_value_loss: 0.000
	weight: 0.463, max_weight: 0.700, min_weight: 0.300
	v: 52.357, max_v: 101.637, min_v: -8.838
	q1: 52.863, max_q1: 101.925, min_q1: -10.382
	q2: 52.876, max_q2: 101.314, min_q2: -8.358
	target_q: 52.575, max_target_q: 101.871, min_target_q: -8.918

2023-02-25 04:52:26 - 
[#Step 590000] eval_reward: 91.544, eval_time: 8.153, time: 42.072
	critic_loss: 3.660, max_critic_loss: 48.972, min_critic_loss: 0.008
	actor_loss: -56.132, max_actor_loss: 9.895, min_actor_loss: -101.862
	value_loss: 0.512, max_value_loss: 6.980, min_value_loss: 0.000
	weight: 0.441, max_weight: 0.700, min_weight: 0.300
	v: 55.036, max_v: 100.208, min_v: -11.258
	q1: 55.257, max_q1: 100.449, min_q1: -9.719
	q2: 55.098, max_q2: 100.736, min_q2: -10.337
	target_q: 55.167, max_target_q: 101.163, min_target_q: -10.084

2023-02-25 04:53:01 - Saving checkpoint at step: 120
2023-02-25 04:53:01 - Saved checkpoint at saved_models/walker2d-medium-replay-v2/COMFO6_s2_20230225_041022/actor_120
2023-02-25 04:53:01 - Removing checkpoint at saved_models/walker2d-medium-replay-v2/COMFO6_s2_20230225_041022/actor_20
2023-02-25 04:53:01 - Saving checkpoint at step: 120
2023-02-25 04:53:01 - Saved checkpoint at saved_models/walker2d-medium-replay-v2/COMFO6_s2_20230225_041022/critic_120
2023-02-25 04:53:01 - Removing checkpoint at saved_models/walker2d-medium-replay-v2/COMFO6_s2_20230225_041022/critic_20
2023-02-25 04:53:01 - Saving checkpoint at step: 120
2023-02-25 04:53:01 - Saved checkpoint at saved_models/walker2d-medium-replay-v2/COMFO6_s2_20230225_041022/value_120
2023-02-25 04:53:01 - Removing checkpoint at saved_models/walker2d-medium-replay-v2/COMFO6_s2_20230225_041022/value_20
2023-02-25 04:53:08 - 
[#Step 600000] eval_reward: 72.236, eval_time: 6.706, time: 42.775
	critic_loss: 4.392, max_critic_loss: 56.162, min_critic_loss: 0.002
	actor_loss: -57.091, max_actor_loss: 4.812, min_actor_loss: -101.620
	value_loss: 0.952, max_value_loss: 36.374, min_value_loss: 0.000
	weight: 0.441, max_weight: 0.700, min_weight: 0.300
	v: 55.273, max_v: 100.858, min_v: -8.132
	q1: 55.277, max_q1: 101.212, min_q1: -6.033
	q2: 55.352, max_q2: 100.087, min_q2: -4.167
	target_q: 55.014, max_target_q: 98.822, min_target_q: -2.730

2023-02-25 04:53:51 - 
[#Step 610000] eval_reward: 83.636, eval_time: 7.886, time: 43.494
	critic_loss: 4.102, max_critic_loss: 131.328, min_critic_loss: 0.004
	actor_loss: -58.091, max_actor_loss: 6.015, min_actor_loss: -100.919
	value_loss: 0.756, max_value_loss: 18.694, min_value_loss: 0.000
	weight: 0.472, max_weight: 0.700, min_weight: 0.300
	v: 56.298, max_v: 98.071, min_v: -6.834
	q1: 56.844, max_q1: 100.353, min_q1: -6.306
	q2: 56.767, max_q2: 98.074, min_q2: -4.258
	target_q: 56.399, max_target_q: 98.116, min_target_q: -4.862

2023-02-25 04:54:34 - 
[#Step 620000] eval_reward: 82.793, eval_time: 7.602, time: 44.210
	critic_loss: 4.078, max_critic_loss: 202.679, min_critic_loss: 0.000
	actor_loss: -55.234, max_actor_loss: 12.134, min_actor_loss: -100.699
	value_loss: 0.790, max_value_loss: 29.840, min_value_loss: 0.000
	weight: 0.414, max_weight: 0.700, min_weight: 0.300
	v: 54.161, max_v: 99.592, min_v: -12.263
	q1: 54.292, max_q1: 99.473, min_q1: -10.233
	q2: 54.160, max_q2: 100.573, min_q2: -12.900
	target_q: 54.090, max_target_q: 98.541, min_target_q: -12.886

2023-02-25 04:55:17 - 
[#Step 630000] eval_reward: 78.589, eval_time: 7.126, time: 44.920
	critic_loss: 5.511, max_critic_loss: 174.186, min_critic_loss: 0.015
	actor_loss: -54.176, max_actor_loss: 11.514, min_actor_loss: -105.994
	value_loss: 0.896, max_value_loss: 38.606, min_value_loss: 0.000
	weight: 0.453, max_weight: 0.700, min_weight: 0.300
	v: 52.899, max_v: 102.027, min_v: -9.354
	q1: 52.885, max_q1: 101.880, min_q1: -12.948
	q2: 52.762, max_q2: 101.981, min_q2: -8.536
	target_q: 52.823, max_target_q: 102.775, min_target_q: -9.342

2023-02-25 04:55:57 - 
[#Step 640000] eval_reward: 56.086, eval_time: 5.366, time: 45.595
	critic_loss: 2.763, max_critic_loss: 39.933, min_critic_loss: 0.002
	actor_loss: -56.537, max_actor_loss: 9.898, min_actor_loss: -103.408
	value_loss: 0.578, max_value_loss: 7.172, min_value_loss: 0.000
	weight: 0.486, max_weight: 0.700, min_weight: 0.300
	v: 55.501, max_v: 102.274, min_v: -9.998
	q1: 55.457, max_q1: 102.811, min_q1: -7.238
	q2: 55.454, max_q2: 102.418, min_q2: -6.954
	target_q: 55.529, max_target_q: 103.072, min_target_q: -7.518

2023-02-25 04:56:40 - 
[#Step 650000] eval_reward: 84.303, eval_time: 7.614, time: 46.312
	critic_loss: 4.377, max_critic_loss: 86.396, min_critic_loss: 0.001
	actor_loss: -55.910, max_actor_loss: 4.222, min_actor_loss: -102.337
	value_loss: 0.579, max_value_loss: 9.057, min_value_loss: 0.000
	weight: 0.512, max_weight: 0.700, min_weight: 0.300
	v: 53.834, max_v: 98.888, min_v: -6.026
	q1: 54.402, max_q1: 98.662, min_q1: -3.267
	q2: 54.375, max_q2: 99.048, min_q2: -2.735
	target_q: 54.213, max_target_q: 98.976, min_target_q: -4.947

2023-02-25 04:57:24 - 
[#Step 660000] eval_reward: 81.196, eval_time: 7.704, time: 47.033
	critic_loss: 5.409, max_critic_loss: 112.279, min_critic_loss: 0.001
	actor_loss: -53.820, max_actor_loss: 11.716, min_actor_loss: -104.746
	value_loss: 0.796, max_value_loss: 24.440, min_value_loss: 0.000
	weight: 0.478, max_weight: 0.700, min_weight: 0.300
	v: 51.994, max_v: 103.123, min_v: -9.555
	q1: 52.345, max_q1: 103.552, min_q1: -8.725
	q2: 52.128, max_q2: 102.624, min_q2: -8.924
	target_q: 51.723, max_target_q: 101.281, min_target_q: -9.839

2023-02-25 04:58:06 - 
[#Step 670000] eval_reward: 78.062, eval_time: 7.065, time: 47.738
	critic_loss: 4.538, max_critic_loss: 106.671, min_critic_loss: 0.000
	actor_loss: -56.776, max_actor_loss: 7.308, min_actor_loss: -96.527
	value_loss: 0.674, max_value_loss: 9.479, min_value_loss: 0.000
	weight: 0.456, max_weight: 0.700, min_weight: 0.300
	v: 55.377, max_v: 95.797, min_v: -4.871
	q1: 55.467, max_q1: 95.010, min_q1: -6.421
	q2: 55.488, max_q2: 94.797, min_q2: -5.401
	target_q: 55.331, max_target_q: 95.404, min_target_q: -6.144

2023-02-25 04:58:49 - 
[#Step 680000] eval_reward: 83.202, eval_time: 7.421, time: 48.450
	critic_loss: 4.828, max_critic_loss: 79.462, min_critic_loss: 0.003
	actor_loss: -56.939, max_actor_loss: 12.480, min_actor_loss: -100.399
	value_loss: 0.619, max_value_loss: 9.065, min_value_loss: 0.000
	weight: 0.422, max_weight: 0.700, min_weight: 0.300
	v: 55.598, max_v: 99.088, min_v: -11.191
	q1: 55.457, max_q1: 99.026, min_q1: -10.504
	q2: 55.260, max_q2: 99.293, min_q2: -8.271
	target_q: 55.613, max_target_q: 100.332, min_target_q: -10.943

2023-02-25 04:59:32 - 
[#Step 690000] eval_reward: 86.695, eval_time: 7.743, time: 49.165
	critic_loss: 3.933, max_critic_loss: 38.743, min_critic_loss: 0.014
	actor_loss: -54.895, max_actor_loss: 1.113, min_actor_loss: -102.245
	value_loss: 0.688, max_value_loss: 9.597, min_value_loss: 0.000
	weight: 0.469, max_weight: 0.700, min_weight: 0.300
	v: 53.643, max_v: 100.711, min_v: -4.900
	q1: 53.523, max_q1: 99.905, min_q1: -1.640
	q2: 53.648, max_q2: 100.693, min_q2: -1.820
	target_q: 53.814, max_target_q: 99.791, min_target_q: -4.617

2023-02-25 05:00:07 - Saving checkpoint at step: 140
2023-02-25 05:00:07 - Saved checkpoint at saved_models/walker2d-medium-replay-v2/COMFO6_s2_20230225_041022/actor_140
2023-02-25 05:00:07 - Removing checkpoint at saved_models/walker2d-medium-replay-v2/COMFO6_s2_20230225_041022/actor_40
2023-02-25 05:00:07 - Saving checkpoint at step: 140
2023-02-25 05:00:07 - Saved checkpoint at saved_models/walker2d-medium-replay-v2/COMFO6_s2_20230225_041022/critic_140
2023-02-25 05:00:07 - Removing checkpoint at saved_models/walker2d-medium-replay-v2/COMFO6_s2_20230225_041022/critic_40
2023-02-25 05:00:07 - Saving checkpoint at step: 140
2023-02-25 05:00:07 - Saved checkpoint at saved_models/walker2d-medium-replay-v2/COMFO6_s2_20230225_041022/value_140
2023-02-25 05:00:07 - Removing checkpoint at saved_models/walker2d-medium-replay-v2/COMFO6_s2_20230225_041022/value_40
2023-02-25 05:00:14 - 
[#Step 700000] eval_reward: 71.340, eval_time: 6.516, time: 49.865
	critic_loss: 3.382, max_critic_loss: 51.507, min_critic_loss: 0.003
	actor_loss: -54.757, max_actor_loss: 7.297, min_actor_loss: -98.451
	value_loss: 0.972, max_value_loss: 32.334, min_value_loss: 0.000
	weight: 0.439, max_weight: 0.700, min_weight: 0.300
	v: 53.415, max_v: 99.079, min_v: -7.171
	q1: 53.244, max_q1: 97.241, min_q1: -7.967
	q2: 53.264, max_q2: 97.440, min_q2: -6.917
	target_q: 53.250, max_target_q: 97.847, min_target_q: -6.270

2023-02-25 05:00:56 - 
[#Step 710000] eval_reward: 78.884, eval_time: 7.178, time: 50.577
	critic_loss: 3.816, max_critic_loss: 47.154, min_critic_loss: 0.004
	actor_loss: -54.611, max_actor_loss: 11.158, min_actor_loss: -99.620
	value_loss: 0.748, max_value_loss: 11.667, min_value_loss: 0.000
	weight: 0.480, max_weight: 0.700, min_weight: 0.300
	v: 53.284, max_v: 97.387, min_v: -4.013
	q1: 53.525, max_q1: 99.323, min_q1: -3.079
	q2: 53.413, max_q2: 98.418, min_q2: -2.824
	target_q: 53.335, max_target_q: 98.296, min_target_q: -3.394

2023-02-25 05:01:39 - 
[#Step 720000] eval_reward: 80.715, eval_time: 7.353, time: 51.288
	critic_loss: 3.185, max_critic_loss: 42.720, min_critic_loss: 0.003
	actor_loss: -58.050, max_actor_loss: 8.930, min_actor_loss: -105.328
	value_loss: 0.724, max_value_loss: 17.226, min_value_loss: 0.000
	weight: 0.422, max_weight: 0.700, min_weight: 0.300
	v: 56.748, max_v: 100.581, min_v: -8.112
	q1: 56.795, max_q1: 102.295, min_q1: -8.524
	q2: 56.824, max_q2: 100.963, min_q2: -7.002
	target_q: 56.741, max_target_q: 100.163, min_target_q: -6.854

2023-02-25 05:02:22 - 
[#Step 730000] eval_reward: 79.317, eval_time: 7.287, time: 52.001
	critic_loss: 5.560, max_critic_loss: 202.170, min_critic_loss: 0.000
	actor_loss: -56.454, max_actor_loss: 6.293, min_actor_loss: -101.931
	value_loss: 0.503, max_value_loss: 8.338, min_value_loss: 0.000
	weight: 0.433, max_weight: 0.700, min_weight: 0.300
	v: 54.830, max_v: 101.775, min_v: -4.970
	q1: 55.198, max_q1: 100.676, min_q1: -6.117
	q2: 55.140, max_q2: 101.715, min_q2: -3.191
	target_q: 54.852, max_target_q: 102.531, min_target_q: -5.913

2023-02-25 05:03:05 - 
[#Step 740000] eval_reward: 85.850, eval_time: 7.838, time: 52.724
	critic_loss: 4.481, max_critic_loss: 110.917, min_critic_loss: 0.003
	actor_loss: -56.468, max_actor_loss: 5.728, min_actor_loss: -103.551
	value_loss: 0.937, max_value_loss: 22.668, min_value_loss: 0.000
	weight: 0.477, max_weight: 0.700, min_weight: 0.300
	v: 55.072, max_v: 100.540, min_v: -4.292
	q1: 55.231, max_q1: 104.492, min_q1: -8.311
	q2: 55.139, max_q2: 102.780, min_q2: -8.392
	target_q: 55.098, max_target_q: 105.197, min_target_q: -8.442

2023-02-25 05:03:47 - 
[#Step 750000] eval_reward: 72.611, eval_time: 6.645, time: 53.422
	critic_loss: 5.149, max_critic_loss: 159.052, min_critic_loss: 0.005
	actor_loss: -53.807, max_actor_loss: 7.889, min_actor_loss: -103.742
	value_loss: 0.679, max_value_loss: 7.154, min_value_loss: 0.000
	weight: 0.469, max_weight: 0.700, min_weight: 0.300
	v: 52.383, max_v: 102.239, min_v: -6.612
	q1: 52.520, max_q1: 102.728, min_q1: -8.657
	q2: 52.530, max_q2: 103.154, min_q2: -8.600
	target_q: 52.420, max_target_q: 102.165, min_target_q: -8.462

2023-02-25 05:04:29 - 
[#Step 760000] eval_reward: 82.292, eval_time: 7.437, time: 54.129
	critic_loss: 5.140, max_critic_loss: 258.251, min_critic_loss: 0.023
	actor_loss: -55.107, max_actor_loss: 11.913, min_actor_loss: -107.702
	value_loss: 0.681, max_value_loss: 14.347, min_value_loss: 0.000
	weight: 0.452, max_weight: 0.700, min_weight: 0.300
	v: 53.456, max_v: 102.695, min_v: -10.872
	q1: 53.570, max_q1: 103.543, min_q1: -7.651
	q2: 53.514, max_q2: 102.910, min_q2: -11.825
	target_q: 53.361, max_target_q: 102.496, min_target_q: -7.924

2023-02-25 05:05:11 - 
[#Step 770000] eval_reward: 65.338, eval_time: 6.067, time: 54.815
	critic_loss: 3.908, max_critic_loss: 71.504, min_critic_loss: 0.009
	actor_loss: -54.452, max_actor_loss: 11.824, min_actor_loss: -99.616
	value_loss: 0.862, max_value_loss: 74.618, min_value_loss: 0.000
	weight: 0.464, max_weight: 0.700, min_weight: 0.300
	v: 53.224, max_v: 97.837, min_v: -11.793
	q1: 53.234, max_q1: 98.159, min_q1: -10.623
	q2: 53.083, max_q2: 97.871, min_q2: -7.865
	target_q: 53.382, max_target_q: 98.049, min_target_q: -10.886

2023-02-25 05:05:54 - 
[#Step 780000] eval_reward: 91.134, eval_time: 8.122, time: 55.534
	critic_loss: 4.535, max_critic_loss: 62.658, min_critic_loss: 0.013
	actor_loss: -56.164, max_actor_loss: 5.490, min_actor_loss: -100.957
	value_loss: 1.143, max_value_loss: 100.980, min_value_loss: 0.000
	weight: 0.533, max_weight: 0.700, min_weight: 0.300
	v: 54.206, max_v: 97.927, min_v: -6.755
	q1: 54.732, max_q1: 98.225, min_q1: -3.812
	q2: 54.773, max_q2: 98.214, min_q2: -3.161
	target_q: 54.180, max_target_q: 99.373, min_target_q: -4.482

2023-02-25 05:06:36 - 
[#Step 790000] eval_reward: 76.559, eval_time: 7.083, time: 56.236
	critic_loss: 4.175, max_critic_loss: 83.217, min_critic_loss: 0.004
	actor_loss: -56.034, max_actor_loss: 5.130, min_actor_loss: -99.237
	value_loss: 0.745, max_value_loss: 16.501, min_value_loss: 0.000
	weight: 0.445, max_weight: 0.700, min_weight: 0.300
	v: 54.766, max_v: 97.890, min_v: -5.117
	q1: 54.854, max_q1: 98.388, min_q1: -4.152
	q2: 54.878, max_q2: 98.442, min_q2: -7.025
	target_q: 54.702, max_target_q: 97.878, min_target_q: -8.173

2023-02-25 05:07:11 - Saving checkpoint at step: 160
2023-02-25 05:07:11 - Saved checkpoint at saved_models/walker2d-medium-replay-v2/COMFO6_s2_20230225_041022/actor_160
2023-02-25 05:07:11 - Removing checkpoint at saved_models/walker2d-medium-replay-v2/COMFO6_s2_20230225_041022/actor_60
2023-02-25 05:07:11 - Saving checkpoint at step: 160
2023-02-25 05:07:11 - Saved checkpoint at saved_models/walker2d-medium-replay-v2/COMFO6_s2_20230225_041022/critic_160
2023-02-25 05:07:11 - Removing checkpoint at saved_models/walker2d-medium-replay-v2/COMFO6_s2_20230225_041022/critic_60
2023-02-25 05:07:11 - Saving checkpoint at step: 160
2023-02-25 05:07:11 - Saved checkpoint at saved_models/walker2d-medium-replay-v2/COMFO6_s2_20230225_041022/value_160
2023-02-25 05:07:11 - Removing checkpoint at saved_models/walker2d-medium-replay-v2/COMFO6_s2_20230225_041022/value_60
2023-02-25 05:07:18 - 
[#Step 800000] eval_reward: 77.667, eval_time: 7.145, time: 56.942
	critic_loss: 5.500, max_critic_loss: 318.068, min_critic_loss: 0.002
	actor_loss: -54.247, max_actor_loss: 6.581, min_actor_loss: -103.693
	value_loss: 0.719, max_value_loss: 23.935, min_value_loss: 0.000
	weight: 0.444, max_weight: 0.700, min_weight: 0.300
	v: 53.015, max_v: 100.989, min_v: -7.225
	q1: 52.986, max_q1: 102.936, min_q1: -6.192
	q2: 53.115, max_q2: 102.566, min_q2: -6.640
	target_q: 52.785, max_target_q: 101.696, min_target_q: -8.067

2023-02-25 05:08:00 - 
[#Step 810000] eval_reward: 77.741, eval_time: 7.112, time: 57.645
	critic_loss: 5.572, max_critic_loss: 114.993, min_critic_loss: 0.021
	actor_loss: -57.581, max_actor_loss: 15.106, min_actor_loss: -102.189
	value_loss: 0.847, max_value_loss: 20.930, min_value_loss: 0.000
	weight: 0.392, max_weight: 0.700, min_weight: 0.300
	v: 57.060, max_v: 100.974, min_v: -11.573
	q1: 56.262, max_q1: 100.252, min_q1: -11.828
	q2: 56.164, max_q2: 101.162, min_q2: -14.457
	target_q: 56.979, max_target_q: 100.555, min_target_q: -11.743

2023-02-25 05:08:43 - 
[#Step 820000] eval_reward: 87.025, eval_time: 7.800, time: 58.363
	critic_loss: 3.974, max_critic_loss: 89.849, min_critic_loss: 0.003
	actor_loss: -57.951, max_actor_loss: 9.219, min_actor_loss: -106.825
	value_loss: 0.693, max_value_loss: 12.488, min_value_loss: 0.000
	weight: 0.467, max_weight: 0.700, min_weight: 0.300
	v: 56.644, max_v: 104.568, min_v: -7.110
	q1: 56.554, max_q1: 104.367, min_q1: -9.632
	q2: 56.659, max_q2: 104.861, min_q2: -7.285
	target_q: 56.592, max_target_q: 104.054, min_target_q: -7.404

2023-02-25 05:09:26 - 
[#Step 830000] eval_reward: 87.201, eval_time: 7.817, time: 59.080
	critic_loss: 5.845, max_critic_loss: 541.541, min_critic_loss: 0.005
	actor_loss: -57.446, max_actor_loss: 12.214, min_actor_loss: -100.882
	value_loss: 0.815, max_value_loss: 18.725, min_value_loss: 0.000
	weight: 0.459, max_weight: 0.700, min_weight: 0.300
	v: 56.041, max_v: 100.142, min_v: -5.641
	q1: 56.110, max_q1: 99.040, min_q1: -4.768
	q2: 56.093, max_q2: 99.793, min_q2: -8.267
	target_q: 55.671, max_target_q: 99.922, min_target_q: -6.173

2023-02-25 05:10:10 - 
[#Step 840000] eval_reward: 87.763, eval_time: 7.864, time: 59.802
	critic_loss: 5.528, max_critic_loss: 113.394, min_critic_loss: 0.010
	actor_loss: -54.817, max_actor_loss: 7.906, min_actor_loss: -102.088
	value_loss: 0.693, max_value_loss: 20.698, min_value_loss: 0.000
	weight: 0.444, max_weight: 0.700, min_weight: 0.300
	v: 54.081, max_v: 101.901, min_v: -5.668
	q1: 53.761, max_q1: 99.507, min_q1: -6.441
	q2: 53.827, max_q2: 100.569, min_q2: -6.641
	target_q: 54.573, max_target_q: 101.132, min_target_q: -5.677

2023-02-25 05:10:53 - 
[#Step 850000] eval_reward: 91.334, eval_time: 8.218, time: 60.521
	critic_loss: 4.730, max_critic_loss: 215.664, min_critic_loss: 0.001
	actor_loss: -56.569, max_actor_loss: 3.433, min_actor_loss: -97.072
	value_loss: 0.858, max_value_loss: 24.027, min_value_loss: 0.000
	weight: 0.428, max_weight: 0.700, min_weight: 0.300
	v: 55.480, max_v: 95.999, min_v: -6.343
	q1: 55.322, max_q1: 95.394, min_q1: -4.889
	q2: 55.302, max_q2: 95.865, min_q2: -5.093
	target_q: 55.545, max_target_q: 99.004, min_target_q: -6.339

2023-02-25 05:11:35 - 
[#Step 860000] eval_reward: 73.543, eval_time: 6.741, time: 61.224
	critic_loss: 4.605, max_critic_loss: 104.812, min_critic_loss: 0.005
	actor_loss: -56.053, max_actor_loss: 5.477, min_actor_loss: -100.811
	value_loss: 1.102, max_value_loss: 52.842, min_value_loss: 0.000
	weight: 0.397, max_weight: 0.700, min_weight: 0.300
	v: 55.006, max_v: 98.381, min_v: -5.611
	q1: 54.842, max_q1: 98.355, min_q1: -5.015
	q2: 54.833, max_q2: 98.194, min_q2: -5.013
	target_q: 55.047, max_target_q: 98.331, min_target_q: -5.315

2023-02-25 05:12:19 - 
[#Step 870000] eval_reward: 87.527, eval_time: 7.918, time: 61.950
	critic_loss: 3.838, max_critic_loss: 72.964, min_critic_loss: 0.000
	actor_loss: -55.271, max_actor_loss: 9.456, min_actor_loss: -96.886
	value_loss: 0.703, max_value_loss: 18.758, min_value_loss: 0.000
	weight: 0.453, max_weight: 0.700, min_weight: 0.300
	v: 54.212, max_v: 95.459, min_v: -7.832
	q1: 54.040, max_q1: 95.518, min_q1: -8.867
	q2: 54.139, max_q2: 95.062, min_q2: -7.658
	target_q: 54.330, max_target_q: 96.203, min_target_q: -8.319

2023-02-25 05:13:01 - 
[#Step 880000] eval_reward: 77.305, eval_time: 6.969, time: 62.655
	critic_loss: 2.876, max_critic_loss: 37.824, min_critic_loss: 0.002
	actor_loss: -56.024, max_actor_loss: 10.137, min_actor_loss: -98.822
	value_loss: 0.653, max_value_loss: 14.903, min_value_loss: 0.000
	weight: 0.489, max_weight: 0.700, min_weight: 0.300
	v: 54.618, max_v: 99.356, min_v: -7.596
	q1: 54.812, max_q1: 99.875, min_q1: -7.196
	q2: 54.754, max_q2: 97.179, min_q2: -7.391
	target_q: 54.799, max_target_q: 99.716, min_target_q: -8.712

2023-02-25 05:13:44 - 
[#Step 890000] eval_reward: 90.849, eval_time: 8.048, time: 63.371
	critic_loss: 3.804, max_critic_loss: 41.540, min_critic_loss: 0.009
	actor_loss: -54.038, max_actor_loss: 6.672, min_actor_loss: -100.719
	value_loss: 0.924, max_value_loss: 22.556, min_value_loss: 0.000
	weight: 0.452, max_weight: 0.700, min_weight: 0.300
	v: 52.470, max_v: 97.817, min_v: -8.781
	q1: 52.552, max_q1: 99.905, min_q1: -9.422
	q2: 52.542, max_q2: 100.434, min_q2: -9.437
	target_q: 52.479, max_target_q: 101.248, min_target_q: -8.934

2023-02-25 05:14:19 - Saving checkpoint at step: 180
2023-02-25 05:14:19 - Saved checkpoint at saved_models/walker2d-medium-replay-v2/COMFO6_s2_20230225_041022/actor_180
2023-02-25 05:14:19 - Removing checkpoint at saved_models/walker2d-medium-replay-v2/COMFO6_s2_20230225_041022/actor_80
2023-02-25 05:14:19 - Saving checkpoint at step: 180
2023-02-25 05:14:19 - Saved checkpoint at saved_models/walker2d-medium-replay-v2/COMFO6_s2_20230225_041022/critic_180
2023-02-25 05:14:19 - Removing checkpoint at saved_models/walker2d-medium-replay-v2/COMFO6_s2_20230225_041022/critic_80
2023-02-25 05:14:19 - Saving checkpoint at step: 180
2023-02-25 05:14:19 - Saved checkpoint at saved_models/walker2d-medium-replay-v2/COMFO6_s2_20230225_041022/value_180
2023-02-25 05:14:19 - Removing checkpoint at saved_models/walker2d-medium-replay-v2/COMFO6_s2_20230225_041022/value_80
2023-02-25 05:14:27 - 
[#Step 900000] eval_reward: 86.228, eval_time: 7.773, time: 64.092
	critic_loss: 3.741, max_critic_loss: 70.199, min_critic_loss: 0.005
	actor_loss: -57.525, max_actor_loss: 13.143, min_actor_loss: -105.616
	value_loss: 0.671, max_value_loss: 32.467, min_value_loss: 0.000
	weight: 0.523, max_weight: 0.700, min_weight: 0.300
	v: 55.894, max_v: 102.909, min_v: -13.883
	q1: 56.317, max_q1: 103.224, min_q1: -14.884
	q2: 56.065, max_q2: 102.615, min_q2: -15.241
	target_q: 56.199, max_target_q: 102.982, min_target_q: -11.798

2023-02-25 05:15:10 - 
[#Step 910000] eval_reward: 88.187, eval_time: 8.223, time: 64.812
	critic_loss: 4.446, max_critic_loss: 71.253, min_critic_loss: 0.002
	actor_loss: -56.597, max_actor_loss: 9.158, min_actor_loss: -99.193
	value_loss: 0.704, max_value_loss: 19.449, min_value_loss: 0.000
	weight: 0.436, max_weight: 0.700, min_weight: 0.300
	v: 55.229, max_v: 96.974, min_v: -10.083
	q1: 55.473, max_q1: 97.122, min_q1: -9.194
	q2: 55.284, max_q2: 97.708, min_q2: -9.890
	target_q: 55.114, max_target_q: 97.384, min_target_q: -10.968

2023-02-25 05:15:52 - 
[#Step 920000] eval_reward: 68.152, eval_time: 6.609, time: 65.504
	critic_loss: 4.068, max_critic_loss: 51.584, min_critic_loss: 0.009
	actor_loss: -58.107, max_actor_loss: 2.564, min_actor_loss: -104.692
	value_loss: 0.754, max_value_loss: 13.420, min_value_loss: 0.000
	weight: 0.517, max_weight: 0.700, min_weight: 0.300
	v: 56.276, max_v: 99.829, min_v: -3.355
	q1: 56.949, max_q1: 101.440, min_q1: -1.286
	q2: 56.627, max_q2: 100.941, min_q2: -3.987
	target_q: 56.479, max_target_q: 99.914, min_target_q: -5.243

2023-02-25 05:16:35 - 
[#Step 930000] eval_reward: 85.705, eval_time: 8.144, time: 66.222
	critic_loss: 4.585, max_critic_loss: 109.618, min_critic_loss: 0.016
	actor_loss: -58.970, max_actor_loss: 9.922, min_actor_loss: -98.566
	value_loss: 0.879, max_value_loss: 53.893, min_value_loss: 0.000
	weight: 0.417, max_weight: 0.700, min_weight: 0.300
	v: 57.717, max_v: 98.433, min_v: -8.506
	q1: 57.355, max_q1: 98.166, min_q1: -8.272
	q2: 57.281, max_q2: 97.598, min_q2: -8.255
	target_q: 57.226, max_target_q: 98.484, min_target_q: -7.396

2023-02-25 05:17:19 - 
[#Step 940000] eval_reward: 90.874, eval_time: 8.646, time: 66.951
	critic_loss: 3.598, max_critic_loss: 66.479, min_critic_loss: 0.007
	actor_loss: -54.259, max_actor_loss: 8.880, min_actor_loss: -102.028
	value_loss: 0.743, max_value_loss: 13.857, min_value_loss: 0.000
	weight: 0.475, max_weight: 0.700, min_weight: 0.300
	v: 52.685, max_v: 98.477, min_v: -7.523
	q1: 52.995, max_q1: 99.032, min_q1: -6.380
	q2: 52.978, max_q2: 99.711, min_q2: -6.635
	target_q: 52.882, max_target_q: 98.602, min_target_q: -7.244

2023-02-25 05:18:02 - 
[#Step 950000] eval_reward: 86.968, eval_time: 8.169, time: 67.668
	critic_loss: 3.970, max_critic_loss: 81.169, min_critic_loss: 0.002
	actor_loss: -55.396, max_actor_loss: 1.668, min_actor_loss: -101.755
	value_loss: 0.646, max_value_loss: 14.026, min_value_loss: 0.000
	weight: 0.387, max_weight: 0.700, min_weight: 0.300
	v: 54.210, max_v: 99.375, min_v: -4.380
	q1: 54.064, max_q1: 99.325, min_q1: -4.334
	q2: 53.991, max_q2: 99.557, min_q2: -3.692
	target_q: 54.091, max_target_q: 97.848, min_target_q: -4.667

2023-02-25 05:18:27 - 
[#Step 955000] eval_reward: 86.226, eval_time: 7.727, time: 68.090
	critic_loss: 4.636, max_critic_loss: 130.384, min_critic_loss: 0.007
	actor_loss: -53.574, max_actor_loss: 12.889, min_actor_loss: -101.543
	value_loss: 0.806, max_value_loss: 16.765, min_value_loss: 0.000
	weight: 0.461, max_weight: 0.700, min_weight: 0.300
	v: 52.209, max_v: 98.910, min_v: -11.540
	q1: 52.135, max_q1: 97.880, min_q1: -9.484
	q2: 51.988, max_q2: 98.756, min_q2: -12.923
	target_q: 52.336, max_target_q: 98.891, min_target_q: -13.390

2023-02-25 05:18:52 - 
[#Step 960000] eval_reward: 77.841, eval_time: 7.346, time: 68.501
	critic_loss: 5.016, max_critic_loss: 67.005, min_critic_loss: 0.001
	actor_loss: -57.182, max_actor_loss: 6.576, min_actor_loss: -105.558
	value_loss: 0.639, max_value_loss: 19.217, min_value_loss: 0.000
	weight: 0.528, max_weight: 0.700, min_weight: 0.300
	v: 55.356, max_v: 101.049, min_v: -7.178
	q1: 56.101, max_q1: 102.385, min_q1: -6.866
	q2: 56.008, max_q2: 104.058, min_q2: -7.702
	target_q: 55.075, max_target_q: 103.548, min_target_q: -7.725

2023-02-25 05:19:18 - 
[#Step 965000] eval_reward: 92.041, eval_time: 8.614, time: 68.940
	critic_loss: 4.966, max_critic_loss: 152.561, min_critic_loss: 0.004
	actor_loss: -57.711, max_actor_loss: 6.669, min_actor_loss: -101.335
	value_loss: 0.708, max_value_loss: 17.891, min_value_loss: 0.000
	weight: 0.458, max_weight: 0.700, min_weight: 0.300
	v: 56.456, max_v: 98.549, min_v: -7.905
	q1: 56.593, max_q1: 100.471, min_q1: -5.629
	q2: 56.684, max_q2: 98.713, min_q2: -2.816
	target_q: 56.698, max_target_q: 99.212, min_target_q: -7.019

2023-02-25 05:19:44 - 
[#Step 970000] eval_reward: 83.625, eval_time: 7.918, time: 69.365
	critic_loss: 3.641, max_critic_loss: 100.456, min_critic_loss: 0.002
	actor_loss: -54.179, max_actor_loss: 11.809, min_actor_loss: -100.194
	value_loss: 0.875, max_value_loss: 84.412, min_value_loss: 0.000
	weight: 0.467, max_weight: 0.700, min_weight: 0.300
	v: 52.800, max_v: 99.906, min_v: -8.913
	q1: 52.784, max_q1: 100.087, min_q1: -10.064
	q2: 52.733, max_q2: 100.128, min_q2: -10.316
	target_q: 52.665, max_target_q: 99.922, min_target_q: -8.982

2023-02-25 05:20:08 - 
[#Step 975000] eval_reward: 83.054, eval_time: 7.475, time: 69.779
	critic_loss: 4.343, max_critic_loss: 124.146, min_critic_loss: 0.008
	actor_loss: -58.612, max_actor_loss: 6.542, min_actor_loss: -99.302
	value_loss: 0.506, max_value_loss: 9.221, min_value_loss: 0.000
	weight: 0.477, max_weight: 0.700, min_weight: 0.300
	v: 57.091, max_v: 97.819, min_v: -10.155
	q1: 57.400, max_q1: 96.901, min_q1: -9.421
	q2: 57.382, max_q2: 98.347, min_q2: -10.043
	target_q: 57.228, max_target_q: 97.901, min_target_q: -10.286

2023-02-25 05:20:26 - Saving checkpoint at step: 196
2023-02-25 05:20:26 - Saved checkpoint at saved_models/walker2d-medium-replay-v2/COMFO6_s2_20230225_041022/actor_196
2023-02-25 05:20:26 - Removing checkpoint at saved_models/walker2d-medium-replay-v2/COMFO6_s2_20230225_041022/actor_100
2023-02-25 05:20:26 - Saving checkpoint at step: 196
2023-02-25 05:20:26 - Saved checkpoint at saved_models/walker2d-medium-replay-v2/COMFO6_s2_20230225_041022/critic_196
2023-02-25 05:20:26 - Removing checkpoint at saved_models/walker2d-medium-replay-v2/COMFO6_s2_20230225_041022/critic_100
2023-02-25 05:20:26 - Saving checkpoint at step: 196
2023-02-25 05:20:26 - Saved checkpoint at saved_models/walker2d-medium-replay-v2/COMFO6_s2_20230225_041022/value_196
2023-02-25 05:20:26 - Removing checkpoint at saved_models/walker2d-medium-replay-v2/COMFO6_s2_20230225_041022/value_100
2023-02-25 05:20:34 - 
[#Step 980000] eval_reward: 86.143, eval_time: 8.025, time: 70.207
	critic_loss: 6.427, max_critic_loss: 140.594, min_critic_loss: 0.010
	actor_loss: -55.650, max_actor_loss: 3.050, min_actor_loss: -100.408
	value_loss: 0.897, max_value_loss: 28.182, min_value_loss: 0.000
	weight: 0.489, max_weight: 0.700, min_weight: 0.300
	v: 53.740, max_v: 98.883, min_v: -5.935
	q1: 54.121, max_q1: 99.331, min_q1: -5.657
	q2: 53.962, max_q2: 98.492, min_q2: -6.196
	target_q: 53.666, max_target_q: 100.190, min_target_q: -7.600

2023-02-25 05:20:51 - Saving checkpoint at step: 197
2023-02-25 05:20:51 - Saved checkpoint at saved_models/walker2d-medium-replay-v2/COMFO6_s2_20230225_041022/actor_197
2023-02-25 05:20:51 - Removing checkpoint at saved_models/walker2d-medium-replay-v2/COMFO6_s2_20230225_041022/actor_120
2023-02-25 05:20:51 - Saving checkpoint at step: 197
2023-02-25 05:20:51 - Saved checkpoint at saved_models/walker2d-medium-replay-v2/COMFO6_s2_20230225_041022/critic_197
2023-02-25 05:20:51 - Removing checkpoint at saved_models/walker2d-medium-replay-v2/COMFO6_s2_20230225_041022/critic_120
2023-02-25 05:20:51 - Saving checkpoint at step: 197
2023-02-25 05:20:51 - Saved checkpoint at saved_models/walker2d-medium-replay-v2/COMFO6_s2_20230225_041022/value_197
2023-02-25 05:20:51 - Removing checkpoint at saved_models/walker2d-medium-replay-v2/COMFO6_s2_20230225_041022/value_120
2023-02-25 05:20:59 - 
[#Step 985000] eval_reward: 80.247, eval_time: 7.803, time: 70.628
	critic_loss: 3.367, max_critic_loss: 46.459, min_critic_loss: 0.003
	actor_loss: -55.820, max_actor_loss: 8.340, min_actor_loss: -102.371
	value_loss: 0.493, max_value_loss: 7.588, min_value_loss: 0.000
	weight: 0.466, max_weight: 0.700, min_weight: 0.300
	v: 54.116, max_v: 99.604, min_v: -4.603
	q1: 54.589, max_q1: 101.287, min_q1: -4.121
	q2: 54.467, max_q2: 97.695, min_q2: -4.660
	target_q: 54.203, max_target_q: 101.894, min_target_q: -4.532

2023-02-25 05:21:17 - Saving checkpoint at step: 198
2023-02-25 05:21:17 - Saved checkpoint at saved_models/walker2d-medium-replay-v2/COMFO6_s2_20230225_041022/actor_198
2023-02-25 05:21:17 - Removing checkpoint at saved_models/walker2d-medium-replay-v2/COMFO6_s2_20230225_041022/actor_140
2023-02-25 05:21:17 - Saving checkpoint at step: 198
2023-02-25 05:21:17 - Saved checkpoint at saved_models/walker2d-medium-replay-v2/COMFO6_s2_20230225_041022/critic_198
2023-02-25 05:21:17 - Removing checkpoint at saved_models/walker2d-medium-replay-v2/COMFO6_s2_20230225_041022/critic_140
2023-02-25 05:21:17 - Saving checkpoint at step: 198
2023-02-25 05:21:17 - Saved checkpoint at saved_models/walker2d-medium-replay-v2/COMFO6_s2_20230225_041022/value_198
2023-02-25 05:21:17 - Removing checkpoint at saved_models/walker2d-medium-replay-v2/COMFO6_s2_20230225_041022/value_140
2023-02-25 05:21:25 - 
[#Step 990000] eval_reward: 85.798, eval_time: 8.347, time: 71.060
	critic_loss: 3.867, max_critic_loss: 43.934, min_critic_loss: 0.013
	actor_loss: -53.943, max_actor_loss: 12.198, min_actor_loss: -101.228
	value_loss: 0.821, max_value_loss: 13.389, min_value_loss: 0.000
	weight: 0.500, max_weight: 0.700, min_weight: 0.300
	v: 52.702, max_v: 100.171, min_v: -10.981
	q1: 52.583, max_q1: 99.373, min_q1: -10.222
	q2: 52.725, max_q2: 99.476, min_q2: -10.065
	target_q: 53.040, max_target_q: 99.725, min_target_q: -8.323

2023-02-25 05:21:43 - Saving checkpoint at step: 199
2023-02-25 05:21:43 - Saved checkpoint at saved_models/walker2d-medium-replay-v2/COMFO6_s2_20230225_041022/actor_199
2023-02-25 05:21:43 - Removing checkpoint at saved_models/walker2d-medium-replay-v2/COMFO6_s2_20230225_041022/actor_160
2023-02-25 05:21:43 - Saving checkpoint at step: 199
2023-02-25 05:21:43 - Saved checkpoint at saved_models/walker2d-medium-replay-v2/COMFO6_s2_20230225_041022/critic_199
2023-02-25 05:21:43 - Removing checkpoint at saved_models/walker2d-medium-replay-v2/COMFO6_s2_20230225_041022/critic_160
2023-02-25 05:21:43 - Saving checkpoint at step: 199
2023-02-25 05:21:43 - Saved checkpoint at saved_models/walker2d-medium-replay-v2/COMFO6_s2_20230225_041022/value_199
2023-02-25 05:21:43 - Removing checkpoint at saved_models/walker2d-medium-replay-v2/COMFO6_s2_20230225_041022/value_160
2023-02-25 05:21:51 - 
[#Step 995000] eval_reward: 84.338, eval_time: 8.470, time: 71.497
	critic_loss: 3.969, max_critic_loss: 56.103, min_critic_loss: 0.006
	actor_loss: -58.120, max_actor_loss: 7.447, min_actor_loss: -102.278
	value_loss: 0.646, max_value_loss: 10.530, min_value_loss: 0.000
	weight: 0.466, max_weight: 0.700, min_weight: 0.300
	v: 56.451, max_v: 99.551, min_v: -6.721
	q1: 56.991, max_q1: 100.067, min_q1: -6.924
	q2: 56.700, max_q2: 99.503, min_q2: -5.868
	target_q: 56.333, max_target_q: 98.664, min_target_q: -6.599

2023-02-25 05:22:09 - Saving checkpoint at step: 200
2023-02-25 05:22:09 - Saved checkpoint at saved_models/walker2d-medium-replay-v2/COMFO6_s2_20230225_041022/actor_200
2023-02-25 05:22:09 - Removing checkpoint at saved_models/walker2d-medium-replay-v2/COMFO6_s2_20230225_041022/actor_180
2023-02-25 05:22:09 - Saving checkpoint at step: 200
2023-02-25 05:22:09 - Saved checkpoint at saved_models/walker2d-medium-replay-v2/COMFO6_s2_20230225_041022/critic_200
2023-02-25 05:22:09 - Removing checkpoint at saved_models/walker2d-medium-replay-v2/COMFO6_s2_20230225_041022/critic_180
2023-02-25 05:22:09 - Saving checkpoint at step: 200
2023-02-25 05:22:09 - Saved checkpoint at saved_models/walker2d-medium-replay-v2/COMFO6_s2_20230225_041022/value_200
2023-02-25 05:22:09 - Removing checkpoint at saved_models/walker2d-medium-replay-v2/COMFO6_s2_20230225_041022/value_180
2023-02-25 05:22:17 - 
[#Step 1000000] eval_reward: 91.783, eval_time: 8.103, time: 71.928
	critic_loss: 4.727, max_critic_loss: 52.295, min_critic_loss: 0.001
	actor_loss: -52.511, max_actor_loss: 8.890, min_actor_loss: -102.043
	value_loss: 0.798, max_value_loss: 24.346, min_value_loss: 0.000
	weight: 0.434, max_weight: 0.700, min_weight: 0.300
	v: 51.074, max_v: 98.978, min_v: -6.508
	q1: 51.404, max_q1: 100.581, min_q1: -3.860
	q2: 51.392, max_q2: 101.842, min_q2: -4.662
	target_q: 51.080, max_target_q: 103.570, min_target_q: -5.026

2023-02-25 05:22:17 - 
Avg eval reward = 85.11

