2023-02-24 23:37:07 - Exp configurations:
algo: COMFO7
alpha: 5.0
batch_size: 256
env_name: hopper-medium-replay-v2
eval_episodes: 10
eval_freq: 5000
expectile: 0.7
gamma: 0.99
hidden_dims: !!python/tuple
- 256
- 256
initializer: orthogonal
log_dir: 20230224_alphaQ0.0001
lr: 0.0003
max_timesteps: 1000000
mle_alpha: 0.25
model_dir: saved_models
num_random: 10
seed: 2
tau: 0.005
temperature: 3.0

2023-02-24 23:39:49 - 
[#Step 10000] eval_reward: 5.997, eval_time: 0.767, time: 2.696
	critic_loss: 6.215, max_critic_loss: 1397.057, min_critic_loss: 0.000
	actor_loss: -29.479, max_actor_loss: 1.440, min_actor_loss: -57.531
	value_loss: 0.132, max_value_loss: 2.785, min_value_loss: 0.000
	weight: 0.431, max_weight: 0.700, min_weight: 0.300
	v: 28.857, max_v: 55.868, min_v: -1.825
	q1: 29.276, max_q1: 56.846, min_q1: -2.450
	q2: 29.329, max_q2: 57.372, min_q2: -2.281
	target_q: 29.124, max_target_q: 56.246, min_target_q: -2.606
	avg_conservative_loss: -0.004, conservative_weight:  1.000
	avg_smooth_loss:  2.243

2023-02-24 23:40:45 - 
[#Step 20000] eval_reward: 21.075, eval_time: 1.810, time: 3.633
	critic_loss: 2.206, max_critic_loss: 79.932, min_critic_loss: 0.000
	actor_loss: -48.920, max_actor_loss: -0.476, min_actor_loss: -81.366
	value_loss: 0.317, max_value_loss: 6.156, min_value_loss: 0.000
	weight: 0.441, max_weight: 0.700, min_weight: 0.300
	v: 47.956, max_v: 80.577, min_v: -1.841
	q1: 48.364, max_q1: 80.303, min_q1: 0.889
	q2: 48.273, max_q2: 80.678, min_q2: 1.498
	target_q: 48.055, max_target_q: 81.215, min_target_q: -4.259
	avg_conservative_loss: -0.002, conservative_weight:  1.000
	avg_smooth_loss:  3.981

2023-02-24 23:41:41 - 
[#Step 30000] eval_reward: 15.564, eval_time: 1.079, time: 4.562
	critic_loss: 2.460, max_critic_loss: 74.069, min_critic_loss: 0.003
	actor_loss: -59.116, max_actor_loss: -5.305, min_actor_loss: -90.629
	value_loss: 0.723, max_value_loss: 50.791, min_value_loss: 0.000
	weight: 0.519, max_weight: 0.700, min_weight: 0.300
	v: 58.237, max_v: 90.345, min_v: 1.425
	q1: 58.189, max_q1: 90.097, min_q1: -0.105
	q2: 58.280, max_q2: 90.139, min_q2: -0.024
	target_q: 58.611, max_target_q: 91.371, min_target_q: 1.868
	avg_conservative_loss: -0.010, conservative_weight:  1.000
	avg_smooth_loss:  5.830

2023-02-24 23:42:39 - 
[#Step 40000] eval_reward: 45.941, eval_time: 3.515, time: 5.528
	critic_loss: 3.823, max_critic_loss: 129.300, min_critic_loss: 0.001
	actor_loss: -61.695, max_actor_loss: 4.480, min_actor_loss: -95.518
	value_loss: 0.999, max_value_loss: 95.816, min_value_loss: 0.000
	weight: 0.448, max_weight: 0.700, min_weight: 0.300
	v: 60.514, max_v: 94.565, min_v: -2.996
	q1: 60.658, max_q1: 95.058, min_q1: -4.572
	q2: 60.665, max_q2: 94.897, min_q2: -4.966
	target_q: 60.367, max_target_q: 94.849, min_target_q: -3.958
	avg_conservative_loss:  0.003, conservative_weight:  1.000
	avg_smooth_loss:  6.858

2023-02-24 23:43:36 - 
[#Step 50000] eval_reward: 32.811, eval_time: 2.599, time: 6.481
	critic_loss: 3.654, max_critic_loss: 71.626, min_critic_loss: 0.002
	actor_loss: -66.602, max_actor_loss: 3.582, min_actor_loss: -101.077
	value_loss: 0.941, max_value_loss: 20.170, min_value_loss: 0.000
	weight: 0.463, max_weight: 0.700, min_weight: 0.300
	v: 65.409, max_v: 99.333, min_v: -6.132
	q1: 65.748, max_q1: 100.686, min_q1: -5.849
	q2: 65.524, max_q2: 100.513, min_q2: -5.857
	target_q: 65.311, max_target_q: 99.075, min_target_q: -6.621
	avg_conservative_loss: -0.000, conservative_weight:  1.000
	avg_smooth_loss:  7.596

2023-02-24 23:44:33 - 
[#Step 60000] eval_reward: 34.139, eval_time: 2.373, time: 7.429
	critic_loss: 2.179, max_critic_loss: 30.681, min_critic_loss: 0.000
	actor_loss: -66.928, max_actor_loss: -2.584, min_actor_loss: -102.365
	value_loss: 1.287, max_value_loss: 123.932, min_value_loss: 0.000
	weight: 0.458, max_weight: 0.700, min_weight: 0.300
	v: 65.836, max_v: 101.565, min_v: -2.199
	q1: 65.827, max_q1: 101.611, min_q1: -0.265
	q2: 65.723, max_q2: 102.081, min_q2: 0.356
	target_q: 65.780, max_target_q: 101.618, min_target_q: -0.457
	avg_conservative_loss: -0.010, conservative_weight:  1.000
	avg_smooth_loss:  7.746

2023-02-24 23:45:31 - 
[#Step 70000] eval_reward: 44.912, eval_time: 3.268, time: 8.394
	critic_loss: 4.427, max_critic_loss: 86.754, min_critic_loss: 0.006
	actor_loss: -68.273, max_actor_loss: -3.895, min_actor_loss: -100.960
	value_loss: 1.398, max_value_loss: 163.703, min_value_loss: 0.000
	weight: 0.422, max_weight: 0.700, min_weight: 0.300
	v: 67.338, max_v: 99.246, min_v: -0.118
	q1: 66.836, max_q1: 99.390, min_q1: 0.051
	q2: 66.956, max_q2: 100.345, min_q2: 0.399
	target_q: 67.120, max_target_q: 100.197, min_target_q: -3.176
	avg_conservative_loss: -0.013, conservative_weight:  1.000
	avg_smooth_loss:  8.745

2023-02-24 23:46:29 - 
[#Step 80000] eval_reward: 42.628, eval_time: 2.935, time: 9.357
	critic_loss: 3.247, max_critic_loss: 35.881, min_critic_loss: 0.003
	actor_loss: -65.115, max_actor_loss: 4.325, min_actor_loss: -98.862
	value_loss: 0.995, max_value_loss: 31.746, min_value_loss: 0.000
	weight: 0.439, max_weight: 0.700, min_weight: 0.300
	v: 64.172, max_v: 98.980, min_v: -4.292
	q1: 63.707, max_q1: 98.412, min_q1: -1.416
	q2: 63.619, max_q2: 98.164, min_q2: -2.489
	target_q: 64.166, max_target_q: 99.003, min_target_q: -3.474
	avg_conservative_loss: -0.005, conservative_weight:  1.000
	avg_smooth_loss:  8.795

2023-02-24 23:47:30 - 
[#Step 90000] eval_reward: 86.216, eval_time: 6.096, time: 10.372
	critic_loss: 4.991, max_critic_loss: 469.518, min_critic_loss: 0.001
	actor_loss: -67.948, max_actor_loss: -1.713, min_actor_loss: -103.529
	value_loss: 1.732, max_value_loss: 138.471, min_value_loss: 0.000
	weight: 0.422, max_weight: 0.700, min_weight: 0.300
	v: 67.348, max_v: 102.546, min_v: 3.230
	q1: 66.575, max_q1: 102.463, min_q1: 1.914
	q2: 66.651, max_q2: 102.172, min_q2: 1.978
	target_q: 66.678, max_target_q: 102.186, min_target_q: 2.056
	avg_conservative_loss: -0.015, conservative_weight:  1.000
	avg_smooth_loss:  8.792

2023-02-24 23:48:31 - 
[#Step 100000] eval_reward: 85.793, eval_time: 6.651, time: 11.392
	critic_loss: 4.435, max_critic_loss: 82.272, min_critic_loss: 0.001
	actor_loss: -65.302, max_actor_loss: -0.169, min_actor_loss: -101.898
	value_loss: 1.179, max_value_loss: 58.552, min_value_loss: 0.000
	weight: 0.472, max_weight: 0.700, min_weight: 0.300
	v: 64.097, max_v: 100.614, min_v: -3.019
	q1: 64.023, max_q1: 100.702, min_q1: -3.092
	q2: 64.058, max_q2: 101.437, min_q2: -2.685
	target_q: 63.971, max_target_q: 100.499, min_target_q: -1.782
	avg_conservative_loss: -0.022, conservative_weight:  1.000
	avg_smooth_loss:  9.084

2023-02-24 23:49:29 - 
[#Step 110000] eval_reward: 48.657, eval_time: 3.405, time: 12.361
	critic_loss: 4.156, max_critic_loss: 273.154, min_critic_loss: 0.001
	actor_loss: -65.875, max_actor_loss: -0.776, min_actor_loss: -101.388
	value_loss: 1.130, max_value_loss: 65.369, min_value_loss: 0.000
	weight: 0.472, max_weight: 0.700, min_weight: 0.300
	v: 64.866, max_v: 101.744, min_v: -0.653
	q1: 64.631, max_q1: 100.724, min_q1: 1.733
	q2: 64.702, max_q2: 100.782, min_q2: 1.480
	target_q: 64.898, max_target_q: 101.134, min_target_q: -0.193
	avg_conservative_loss: -0.016, conservative_weight:  1.000
	avg_smooth_loss:  9.134

2023-02-24 23:50:26 - 
[#Step 120000] eval_reward: 38.222, eval_time: 2.599, time: 13.311
	critic_loss: 4.615, max_critic_loss: 150.642, min_critic_loss: 0.000
	actor_loss: -69.803, max_actor_loss: -2.680, min_actor_loss: -102.606
	value_loss: 0.627, max_value_loss: 10.294, min_value_loss: 0.000
	weight: 0.434, max_weight: 0.700, min_weight: 0.300
	v: 69.605, max_v: 102.481, min_v: 1.612
	q1: 68.846, max_q1: 101.207, min_q1: 1.983
	q2: 68.943, max_q2: 101.138, min_q2: 1.684
	target_q: 69.688, max_target_q: 103.045, min_target_q: 0.808
	avg_conservative_loss: -0.020, conservative_weight:  1.000
	avg_smooth_loss:  9.061

2023-02-24 23:51:24 - 
[#Step 130000] eval_reward: 49.754, eval_time: 3.445, time: 14.272
	critic_loss: 3.292, max_critic_loss: 71.555, min_critic_loss: 0.005
	actor_loss: -67.778, max_actor_loss: -2.028, min_actor_loss: -101.163
	value_loss: 1.511, max_value_loss: 57.249, min_value_loss: 0.000
	weight: 0.487, max_weight: 0.700, min_weight: 0.300
	v: 66.245, max_v: 99.783, min_v: 2.763
	q1: 66.040, max_q1: 100.348, min_q1: 0.343
	q2: 66.129, max_q2: 100.035, min_q2: 0.797
	target_q: 66.028, max_target_q: 99.970, min_target_q: 0.695
	avg_conservative_loss: -0.001, conservative_weight:  1.000
	avg_smooth_loss:  10.361

2023-02-24 23:52:21 - 
[#Step 140000] eval_reward: 52.027, eval_time: 3.579, time: 15.237
	critic_loss: 4.120, max_critic_loss: 113.201, min_critic_loss: 0.002
	actor_loss: -68.467, max_actor_loss: 2.638, min_actor_loss: -104.966
	value_loss: 0.904, max_value_loss: 25.429, min_value_loss: 0.000
	weight: 0.470, max_weight: 0.700, min_weight: 0.300
	v: 67.445, max_v: 105.066, min_v: -13.328
	q1: 67.220, max_q1: 103.835, min_q1: -7.657
	q2: 67.173, max_q2: 103.842, min_q2: -10.555
	target_q: 67.251, max_target_q: 104.576, min_target_q: -15.186
	avg_conservative_loss: -0.023, conservative_weight:  1.000
	avg_smooth_loss:  9.906

2023-02-24 23:53:23 - 
[#Step 150000] eval_reward: 101.366, eval_time: 7.145, time: 16.269
	critic_loss: 4.421, max_critic_loss: 236.035, min_critic_loss: 0.003
	actor_loss: -69.190, max_actor_loss: -0.816, min_actor_loss: -103.087
	value_loss: 0.968, max_value_loss: 54.546, min_value_loss: 0.000
	weight: 0.397, max_weight: 0.700, min_weight: 0.300
	v: 67.977, max_v: 102.116, min_v: -0.793
	q1: 67.960, max_q1: 102.165, min_q1: -0.984
	q2: 67.890, max_q2: 102.093, min_q2: -2.053
	target_q: 67.709, max_target_q: 102.153, min_target_q: 0.575
	avg_conservative_loss: -0.044, conservative_weight:  1.000
	avg_smooth_loss:  9.604

2023-02-24 23:54:23 - 
[#Step 160000] eval_reward: 67.953, eval_time: 4.780, time: 17.259
	critic_loss: 3.296, max_critic_loss: 64.731, min_critic_loss: 0.004
	actor_loss: -69.169, max_actor_loss: -0.444, min_actor_loss: -102.323
	value_loss: 1.826, max_value_loss: 168.520, min_value_loss: 0.000
	weight: 0.512, max_weight: 0.700, min_weight: 0.300
	v: 67.590, max_v: 101.871, min_v: -4.561
	q1: 67.794, max_q1: 102.174, min_q1: 0.201
	q2: 67.894, max_q2: 102.277, min_q2: 1.170
	target_q: 67.641, max_target_q: 102.565, min_target_q: -3.610
	avg_conservative_loss: -0.035, conservative_weight:  1.000
	avg_smooth_loss:  9.059

2023-02-24 23:55:22 - 
[#Step 170000] eval_reward: 59.573, eval_time: 4.117, time: 18.239
	critic_loss: 7.087, max_critic_loss: 559.218, min_critic_loss: 0.001
	actor_loss: -68.274, max_actor_loss: 1.937, min_actor_loss: -104.036
	value_loss: 1.129, max_value_loss: 36.655, min_value_loss: 0.000
	weight: 0.413, max_weight: 0.700, min_weight: 0.300
	v: 67.560, max_v: 102.361, min_v: -7.886
	q1: 66.944, max_q1: 102.428, min_q1: -10.070
	q2: 66.733, max_q2: 102.237, min_q2: -10.181
	target_q: 67.781, max_target_q: 103.039, min_target_q: -1.644
	avg_conservative_loss: -0.027, conservative_weight:  1.000
	avg_smooth_loss:  9.449

2023-02-24 23:56:22 - 
[#Step 180000] eval_reward: 94.890, eval_time: 6.744, time: 19.253
	critic_loss: 5.262, max_critic_loss: 126.345, min_critic_loss: 0.000
	actor_loss: -68.998, max_actor_loss: -4.194, min_actor_loss: -103.651
	value_loss: 1.189, max_value_loss: 24.083, min_value_loss: 0.000
	weight: 0.458, max_weight: 0.700, min_weight: 0.300
	v: 68.082, max_v: 103.223, min_v: 3.928
	q1: 67.321, max_q1: 103.146, min_q1: 3.527
	q2: 67.341, max_q2: 103.269, min_q2: 1.159
	target_q: 68.094, max_target_q: 103.430, min_target_q: 4.374
	avg_conservative_loss: -0.043, conservative_weight:  1.000
	avg_smooth_loss:  9.805

2023-02-24 23:57:24 - 
[#Step 190000] eval_reward: 93.850, eval_time: 6.627, time: 20.272
	critic_loss: 3.792, max_critic_loss: 41.518, min_critic_loss: 0.011
	actor_loss: -67.261, max_actor_loss: -1.663, min_actor_loss: -104.548
	value_loss: 0.997, max_value_loss: 52.443, min_value_loss: 0.000
	weight: 0.456, max_weight: 0.700, min_weight: 0.300
	v: 66.933, max_v: 104.722, min_v: 2.505
	q1: 66.567, max_q1: 104.400, min_q1: 2.113
	q2: 66.566, max_q2: 104.668, min_q2: 1.627
	target_q: 67.332, max_target_q: 105.790, min_target_q: 1.127
	avg_conservative_loss: -0.024, conservative_weight:  1.000
	avg_smooth_loss:  9.836

2023-02-24 23:58:23 - 
[#Step 200000] eval_reward: 75.224, eval_time: 5.143, time: 21.264
	critic_loss: 2.819, max_critic_loss: 58.503, min_critic_loss: 0.003
	actor_loss: -66.386, max_actor_loss: 1.076, min_actor_loss: -103.281
	value_loss: 1.084, max_value_loss: 41.419, min_value_loss: 0.000
	weight: 0.419, max_weight: 0.700, min_weight: 0.300
	v: 65.289, max_v: 102.465, min_v: -0.767
	q1: 64.804, max_q1: 102.656, min_q1: -1.772
	q2: 64.867, max_q2: 102.642, min_q2: -1.869
	target_q: 64.987, max_target_q: 102.419, min_target_q: -0.875
	avg_conservative_loss: -0.027, conservative_weight:  1.000
	avg_smooth_loss:  10.270

2023-02-24 23:59:22 - 
[#Step 210000] eval_reward: 61.762, eval_time: 4.250, time: 22.245
	critic_loss: 4.139, max_critic_loss: 89.274, min_critic_loss: 0.001
	actor_loss: -66.230, max_actor_loss: -4.068, min_actor_loss: -102.748
	value_loss: 1.348, max_value_loss: 49.902, min_value_loss: 0.000
	weight: 0.412, max_weight: 0.700, min_weight: 0.300
	v: 65.659, max_v: 103.646, min_v: 3.355
	q1: 65.087, max_q1: 102.162, min_q1: 3.131
	q2: 65.005, max_q2: 101.706, min_q2: 2.479
	target_q: 65.778, max_target_q: 102.373, min_target_q: 0.867
	avg_conservative_loss: -0.056, conservative_weight:  1.000
	avg_smooth_loss:  10.884

2023-02-25 00:00:22 - 
[#Step 220000] eval_reward: 80.018, eval_time: 5.514, time: 23.245
	critic_loss: 3.536, max_critic_loss: 185.535, min_critic_loss: 0.002
	actor_loss: -71.292, max_actor_loss: -2.407, min_actor_loss: -104.444
	value_loss: 1.124, max_value_loss: 49.287, min_value_loss: 0.000
	weight: 0.470, max_weight: 0.700, min_weight: 0.300
	v: 70.158, max_v: 103.786, min_v: 1.512
	q1: 70.138, max_q1: 103.424, min_q1: 1.837
	q2: 69.955, max_q2: 103.306, min_q2: 1.625
	target_q: 70.172, max_target_q: 105.128, min_target_q: 1.474
	avg_conservative_loss: -0.027, conservative_weight:  1.000
	avg_smooth_loss:  10.112

2023-02-25 00:01:20 - 
[#Step 230000] eval_reward: 52.691, eval_time: 3.610, time: 24.217
	critic_loss: 2.875, max_critic_loss: 55.177, min_critic_loss: 0.001
	actor_loss: -67.205, max_actor_loss: 8.689, min_actor_loss: -106.770
	value_loss: 1.609, max_value_loss: 179.243, min_value_loss: 0.000
	weight: 0.436, max_weight: 0.700, min_weight: 0.300
	v: 65.769, max_v: 105.978, min_v: -12.202
	q1: 65.351, max_q1: 106.846, min_q1: -7.716
	q2: 65.519, max_q2: 106.362, min_q2: -10.754
	target_q: 65.416, max_target_q: 105.228, min_target_q: -10.986
	avg_conservative_loss: -0.041, conservative_weight:  1.000
	avg_smooth_loss:  10.214

2023-02-25 00:02:19 - 
[#Step 240000] eval_reward: 57.457, eval_time: 3.915, time: 25.195
	critic_loss: 5.968, max_critic_loss: 119.314, min_critic_loss: 0.005
	actor_loss: -66.945, max_actor_loss: -3.337, min_actor_loss: -102.807
	value_loss: 1.477, max_value_loss: 100.382, min_value_loss: 0.000
	weight: 0.464, max_weight: 0.700, min_weight: 0.300
	v: 66.189, max_v: 103.165, min_v: 4.456
	q1: 65.650, max_q1: 101.784, min_q1: 4.172
	q2: 65.479, max_q2: 101.724, min_q2: 3.889
	target_q: 66.416, max_target_q: 104.049, min_target_q: 5.478
	avg_conservative_loss: -0.045, conservative_weight:  1.000
	avg_smooth_loss:  11.157

2023-02-25 00:03:18 - 
[#Step 250000] eval_reward: 55.661, eval_time: 3.925, time: 26.174
	critic_loss: 3.199, max_critic_loss: 61.900, min_critic_loss: 0.006
	actor_loss: -63.364, max_actor_loss: 0.229, min_actor_loss: -104.249
	value_loss: 2.344, max_value_loss: 202.295, min_value_loss: 0.000
	weight: 0.447, max_weight: 0.700, min_weight: 0.300
	v: 61.541, max_v: 102.339, min_v: -0.463
	q1: 61.280, max_q1: 102.772, min_q1: -2.629
	q2: 61.147, max_q2: 102.863, min_q2: -4.027
	target_q: 61.106, max_target_q: 102.702, min_target_q: -1.721
	avg_conservative_loss: -0.061, conservative_weight:  1.000
	avg_smooth_loss:  11.997

2023-02-25 00:04:16 - 
[#Step 260000] eval_reward: 51.320, eval_time: 3.559, time: 27.149
	critic_loss: 21.218, max_critic_loss: 4393.160, min_critic_loss: 0.006
	actor_loss: -67.013, max_actor_loss: -1.040, min_actor_loss: -103.675
	value_loss: 2.329, max_value_loss: 202.723, min_value_loss: 0.000
	weight: 0.475, max_weight: 0.700, min_weight: 0.300
	v: 65.638, max_v: 103.605, min_v: 1.297
	q1: 65.083, max_q1: 103.901, min_q1: -3.794
	q2: 65.228, max_q2: 103.825, min_q2: -2.875
	target_q: 65.427, max_target_q: 103.706, min_target_q: -6.278
	avg_conservative_loss: -0.051, conservative_weight:  1.000
	avg_smooth_loss:  11.481

2023-02-25 00:05:16 - 
[#Step 270000] eval_reward: 79.695, eval_time: 5.609, time: 28.154
	critic_loss: 4.018, max_critic_loss: 68.848, min_critic_loss: 0.000
	actor_loss: -68.953, max_actor_loss: 2.591, min_actor_loss: -104.748
	value_loss: 2.965, max_value_loss: 224.382, min_value_loss: 0.000
	weight: 0.458, max_weight: 0.700, min_weight: 0.300
	v: 67.618, max_v: 103.784, min_v: -2.095
	q1: 67.581, max_q1: 104.009, min_q1: -1.891
	q2: 67.507, max_q2: 103.991, min_q2: -2.426
	target_q: 67.495, max_target_q: 103.503, min_target_q: -1.400
	avg_conservative_loss: -0.042, conservative_weight:  1.000
	avg_smooth_loss:  11.626

2023-02-25 00:06:17 - 
[#Step 280000] eval_reward: 86.503, eval_time: 5.989, time: 29.168
	critic_loss: 4.984, max_critic_loss: 274.177, min_critic_loss: 0.001
	actor_loss: -68.513, max_actor_loss: 1.485, min_actor_loss: -102.693
	value_loss: 2.127, max_value_loss: 223.520, min_value_loss: 0.000
	weight: 0.398, max_weight: 0.700, min_weight: 0.300
	v: 67.544, max_v: 103.450, min_v: -0.930
	q1: 67.152, max_q1: 103.379, min_q1: -3.785
	q2: 67.195, max_q2: 103.069, min_q2: -0.254
	target_q: 66.993, max_target_q: 103.165, min_target_q: -3.285
	avg_conservative_loss: -0.024, conservative_weight:  1.000
	avg_smooth_loss:  10.357

2023-02-25 00:07:17 - 
[#Step 290000] eval_reward: 67.894, eval_time: 5.340, time: 30.161
	critic_loss: 5.423, max_critic_loss: 284.723, min_critic_loss: 0.003
	actor_loss: -66.121, max_actor_loss: 4.884, min_actor_loss: -105.044
	value_loss: 1.145, max_value_loss: 66.222, min_value_loss: 0.000
	weight: 0.420, max_weight: 0.700, min_weight: 0.300
	v: 65.006, max_v: 102.527, min_v: -6.451
	q1: 64.889, max_q1: 103.037, min_q1: -11.385
	q2: 64.811, max_q2: 104.150, min_q2: -11.327
	target_q: 64.596, max_target_q: 103.673, min_target_q: -17.115
	avg_conservative_loss: -0.041, conservative_weight:  1.000
	avg_smooth_loss:  10.994

2023-02-25 00:08:18 - 
[#Step 300000] eval_reward: 90.152, eval_time: 6.869, time: 31.185
	critic_loss: 3.561, max_critic_loss: 66.819, min_critic_loss: 0.001
	actor_loss: -68.419, max_actor_loss: -2.143, min_actor_loss: -101.715
	value_loss: 1.855, max_value_loss: 148.838, min_value_loss: 0.000
	weight: 0.436, max_weight: 0.700, min_weight: 0.300
	v: 67.178, max_v: 100.688, min_v: -5.649
	q1: 66.782, max_q1: 100.873, min_q1: -4.814
	q2: 66.758, max_q2: 101.351, min_q2: -5.298
	target_q: 66.804, max_target_q: 100.747, min_target_q: 0.719
	avg_conservative_loss: -0.051, conservative_weight:  1.000
	avg_smooth_loss:  11.378

2023-02-25 00:09:20 - 
[#Step 310000] eval_reward: 100.613, eval_time: 7.417, time: 32.211
	critic_loss: 3.696, max_critic_loss: 81.488, min_critic_loss: 0.002
	actor_loss: -63.980, max_actor_loss: -2.935, min_actor_loss: -102.987
	value_loss: 1.993, max_value_loss: 172.449, min_value_loss: 0.000
	weight: 0.447, max_weight: 0.700, min_weight: 0.300
	v: 62.309, max_v: 102.296, min_v: -0.048
	q1: 62.214, max_q1: 102.594, min_q1: -0.295
	q2: 62.046, max_q2: 102.618, min_q2: -0.205
	target_q: 61.731, max_target_q: 102.395, min_target_q: -1.716
	avg_conservative_loss: -0.038, conservative_weight:  1.000
	avg_smooth_loss:  10.834

2023-02-25 00:10:21 - 
[#Step 320000] eval_reward: 90.576, eval_time: 6.368, time: 33.223
	critic_loss: 3.421, max_critic_loss: 149.078, min_critic_loss: 0.000
	actor_loss: -66.869, max_actor_loss: 3.076, min_actor_loss: -104.335
	value_loss: 1.927, max_value_loss: 117.311, min_value_loss: 0.000
	weight: 0.433, max_weight: 0.700, min_weight: 0.300
	v: 65.774, max_v: 103.635, min_v: -16.805
	q1: 65.403, max_q1: 103.765, min_q1: -12.576
	q2: 65.389, max_q2: 103.161, min_q2: -12.557
	target_q: 65.314, max_target_q: 103.518, min_target_q: -14.188
	avg_conservative_loss: -0.090, conservative_weight:  1.000
	avg_smooth_loss:  11.357

2023-02-25 00:11:19 - 
[#Step 330000] eval_reward: 56.414, eval_time: 4.100, time: 34.193
	critic_loss: 5.188, max_critic_loss: 262.130, min_critic_loss: 0.000
	actor_loss: -65.351, max_actor_loss: 7.306, min_actor_loss: -104.097
	value_loss: 1.990, max_value_loss: 149.685, min_value_loss: 0.000
	weight: 0.414, max_weight: 0.700, min_weight: 0.300
	v: 64.103, max_v: 105.135, min_v: -12.353
	q1: 63.817, max_q1: 104.880, min_q1: -11.285
	q2: 63.732, max_q2: 103.796, min_q2: -11.264
	target_q: 63.879, max_target_q: 104.003, min_target_q: -2.297
	avg_conservative_loss: -0.040, conservative_weight:  1.000
	avg_smooth_loss:  10.765

2023-02-25 00:12:17 - 
[#Step 340000] eval_reward: 49.271, eval_time: 3.836, time: 35.165
	critic_loss: 5.192, max_critic_loss: 153.603, min_critic_loss: 0.000
	actor_loss: -67.033, max_actor_loss: 7.728, min_actor_loss: -104.502
	value_loss: 2.157, max_value_loss: 202.336, min_value_loss: 0.000
	weight: 0.473, max_weight: 0.700, min_weight: 0.300
	v: 65.006, max_v: 105.406, min_v: -5.899
	q1: 65.029, max_q1: 104.647, min_q1: -8.516
	q2: 65.047, max_q2: 104.357, min_q2: -8.325
	target_q: 64.723, max_target_q: 104.609, min_target_q: -5.643
	avg_conservative_loss: -0.044, conservative_weight:  1.000
	avg_smooth_loss:  12.212

2023-02-25 00:13:15 - 
[#Step 350000] eval_reward: 44.149, eval_time: 3.420, time: 36.123
	critic_loss: 2.832, max_critic_loss: 37.953, min_critic_loss: 0.009
	actor_loss: -66.441, max_actor_loss: 1.056, min_actor_loss: -108.449
	value_loss: 1.047, max_value_loss: 16.586, min_value_loss: 0.000
	weight: 0.455, max_weight: 0.700, min_weight: 0.300
	v: 64.712, max_v: 107.212, min_v: -0.384
	q1: 64.788, max_q1: 105.954, min_q1: -1.932
	q2: 64.708, max_q2: 104.965, min_q2: -1.772
	target_q: 64.413, max_target_q: 105.891, min_target_q: -0.312
	avg_conservative_loss: -0.070, conservative_weight:  1.000
	avg_smooth_loss:  10.368

2023-02-25 00:14:13 - 
[#Step 360000] eval_reward: 55.221, eval_time: 3.953, time: 37.093
	critic_loss: 3.213, max_critic_loss: 43.887, min_critic_loss: 0.001
	actor_loss: -68.823, max_actor_loss: -1.455, min_actor_loss: -103.087
	value_loss: 1.657, max_value_loss: 198.671, min_value_loss: 0.000
	weight: 0.472, max_weight: 0.700, min_weight: 0.300
	v: 67.555, max_v: 102.862, min_v: 1.109
	q1: 67.215, max_q1: 103.478, min_q1: 1.330
	q2: 67.248, max_q2: 103.470, min_q2: 0.106
	target_q: 67.209, max_target_q: 102.883, min_target_q: -0.565
	avg_conservative_loss: -0.063, conservative_weight:  1.000
	avg_smooth_loss:  10.452

2023-02-25 00:15:14 - 
[#Step 370000] eval_reward: 101.348, eval_time: 7.208, time: 38.120
	critic_loss: 3.525, max_critic_loss: 94.007, min_critic_loss: 0.008
	actor_loss: -68.839, max_actor_loss: -5.019, min_actor_loss: -104.951
	value_loss: 2.921, max_value_loss: 270.016, min_value_loss: 0.000
	weight: 0.420, max_weight: 0.700, min_weight: 0.300
	v: 67.453, max_v: 103.635, min_v: 2.881
	q1: 67.195, max_q1: 104.516, min_q1: -1.464
	q2: 67.232, max_q2: 104.161, min_q2: -0.239
	target_q: 67.193, max_target_q: 103.485, min_target_q: -4.194
	avg_conservative_loss: -0.044, conservative_weight:  1.000
	avg_smooth_loss:  10.822

2023-02-25 00:16:16 - 
[#Step 380000] eval_reward: 98.183, eval_time: 6.904, time: 39.148
	critic_loss: 5.386, max_critic_loss: 64.410, min_critic_loss: 0.001
	actor_loss: -69.646, max_actor_loss: 6.285, min_actor_loss: -106.448
	value_loss: 2.190, max_value_loss: 157.331, min_value_loss: 0.000
	weight: 0.472, max_weight: 0.700, min_weight: 0.300
	v: 67.621, max_v: 105.484, min_v: -4.300
	q1: 68.081, max_q1: 105.660, min_q1: -5.727
	q2: 68.177, max_q2: 105.785, min_q2: -5.290
	target_q: 67.244, max_target_q: 105.243, min_target_q: -6.048
	avg_conservative_loss: -0.075, conservative_weight:  1.000
	avg_smooth_loss:  12.028

2023-02-25 00:17:14 - 
[#Step 390000] eval_reward: 41.975, eval_time: 2.927, time: 40.108
	critic_loss: 3.540, max_critic_loss: 90.639, min_critic_loss: 0.004
	actor_loss: -67.151, max_actor_loss: -2.447, min_actor_loss: -102.689
	value_loss: 1.380, max_value_loss: 79.822, min_value_loss: 0.000
	weight: 0.441, max_weight: 0.700, min_weight: 0.300
	v: 66.181, max_v: 103.646, min_v: -1.086
	q1: 65.789, max_q1: 102.572, min_q1: -4.314
	q2: 65.687, max_q2: 102.568, min_q2: -7.033
	target_q: 66.101, max_target_q: 103.564, min_target_q: -8.654
	avg_conservative_loss: -0.051, conservative_weight:  1.000
	avg_smooth_loss:  11.169

2023-02-25 00:18:15 - 
[#Step 400000] eval_reward: 95.410, eval_time: 6.843, time: 41.131
	critic_loss: 4.631, max_critic_loss: 129.661, min_critic_loss: 0.013
	actor_loss: -65.743, max_actor_loss: 7.332, min_actor_loss: -103.222
	value_loss: 2.516, max_value_loss: 179.767, min_value_loss: 0.000
	weight: 0.386, max_weight: 0.700, min_weight: 0.300
	v: 65.186, max_v: 103.652, min_v: -8.923
	q1: 64.314, max_q1: 102.807, min_q1: -4.283
	q2: 64.294, max_q2: 102.508, min_q2: -7.146
	target_q: 64.942, max_target_q: 103.603, min_target_q: -3.636
	avg_conservative_loss: -0.050, conservative_weight:  1.000
	avg_smooth_loss:  11.085

2023-02-25 00:19:14 - 
[#Step 410000] eval_reward: 54.937, eval_time: 3.913, time: 42.104
	critic_loss: 2.797, max_critic_loss: 56.436, min_critic_loss: 0.001
	actor_loss: -66.685, max_actor_loss: 0.842, min_actor_loss: -103.647
	value_loss: 1.247, max_value_loss: 48.480, min_value_loss: 0.000
	weight: 0.456, max_weight: 0.700, min_weight: 0.300
	v: 65.229, max_v: 102.689, min_v: -6.253
	q1: 64.905, max_q1: 102.508, min_q1: -8.654
	q2: 64.969, max_q2: 102.262, min_q2: -5.329
	target_q: 65.247, max_target_q: 102.956, min_target_q: -6.306
	avg_conservative_loss: -0.073, conservative_weight:  1.000
	avg_smooth_loss:  11.201

2023-02-25 00:20:13 - 
[#Step 420000] eval_reward: 70.690, eval_time: 4.922, time: 43.096
	critic_loss: 3.455, max_critic_loss: 68.064, min_critic_loss: 0.003
	actor_loss: -64.898, max_actor_loss: 3.102, min_actor_loss: -104.210
	value_loss: 1.308, max_value_loss: 72.821, min_value_loss: 0.000
	weight: 0.439, max_weight: 0.700, min_weight: 0.300
	v: 63.492, max_v: 102.406, min_v: -0.315
	q1: 63.386, max_q1: 102.647, min_q1: -3.378
	q2: 63.502, max_q2: 102.929, min_q2: -1.581
	target_q: 63.202, max_target_q: 102.012, min_target_q: -1.203
	avg_conservative_loss: -0.103, conservative_weight:  1.000
	avg_smooth_loss:  11.580

2023-02-25 00:21:15 - 
[#Step 430000] eval_reward: 99.190, eval_time: 7.085, time: 44.127
	critic_loss: 4.748, max_critic_loss: 271.550, min_critic_loss: 0.000
	actor_loss: -67.451, max_actor_loss: -5.823, min_actor_loss: -105.747
	value_loss: 1.200, max_value_loss: 21.627, min_value_loss: 0.000
	weight: 0.447, max_weight: 0.700, min_weight: 0.300
	v: 66.388, max_v: 103.770, min_v: -7.933
	q1: 66.247, max_q1: 102.785, min_q1: -8.638
	q2: 66.179, max_q2: 102.400, min_q2: -9.382
	target_q: 66.250, max_target_q: 102.752, min_target_q: -8.977
	avg_conservative_loss: -0.092, conservative_weight:  1.000
	avg_smooth_loss:  11.640

2023-02-25 00:22:15 - 
[#Step 440000] eval_reward: 82.024, eval_time: 5.737, time: 45.128
	critic_loss: 3.024, max_critic_loss: 48.959, min_critic_loss: 0.002
	actor_loss: -70.291, max_actor_loss: -3.513, min_actor_loss: -105.569
	value_loss: 3.283, max_value_loss: 366.438, min_value_loss: 0.000
	weight: 0.448, max_weight: 0.700, min_weight: 0.300
	v: 68.894, max_v: 104.155, min_v: 1.424
	q1: 68.602, max_q1: 104.425, min_q1: 2.137
	q2: 68.550, max_q2: 104.739, min_q2: 2.453
	target_q: 68.303, max_target_q: 103.920, min_target_q: 0.960
	avg_conservative_loss: -0.044, conservative_weight:  1.000
	avg_smooth_loss:  12.048

2023-02-25 00:23:15 - 
[#Step 450000] eval_reward: 82.432, eval_time: 5.623, time: 46.125
	critic_loss: 4.322, max_critic_loss: 334.202, min_critic_loss: 0.003
	actor_loss: -65.726, max_actor_loss: -1.215, min_actor_loss: -105.141
	value_loss: 1.528, max_value_loss: 164.879, min_value_loss: 0.000
	weight: 0.444, max_weight: 0.700, min_weight: 0.300
	v: 64.665, max_v: 103.051, min_v: -2.852
	q1: 64.449, max_q1: 104.064, min_q1: -2.767
	q2: 64.623, max_q2: 103.807, min_q2: -3.913
	target_q: 64.233, max_target_q: 102.934, min_target_q: -1.503
	avg_conservative_loss: -0.084, conservative_weight:  1.000
	avg_smooth_loss:  11.066

2023-02-25 00:24:16 - 
[#Step 460000] eval_reward: 98.668, eval_time: 7.241, time: 47.150
	critic_loss: 3.644, max_critic_loss: 73.727, min_critic_loss: 0.004
	actor_loss: -66.095, max_actor_loss: 2.741, min_actor_loss: -105.042
	value_loss: 1.333, max_value_loss: 54.365, min_value_loss: 0.000
	weight: 0.453, max_weight: 0.700, min_weight: 0.300
	v: 64.815, max_v: 104.557, min_v: -7.673
	q1: 64.716, max_q1: 104.025, min_q1: -3.933
	q2: 64.641, max_q2: 104.344, min_q2: -5.041
	target_q: 64.797, max_target_q: 103.651, min_target_q: -5.804
	avg_conservative_loss: -0.062, conservative_weight:  1.000
	avg_smooth_loss:  12.452

2023-02-25 00:25:16 - 
[#Step 470000] eval_reward: 68.251, eval_time: 4.900, time: 48.144
	critic_loss: 3.095, max_critic_loss: 47.843, min_critic_loss: 0.002
	actor_loss: -67.099, max_actor_loss: -1.365, min_actor_loss: -105.953
	value_loss: 2.240, max_value_loss: 248.703, min_value_loss: 0.000
	weight: 0.433, max_weight: 0.700, min_weight: 0.300
	v: 65.352, max_v: 104.690, min_v: -1.638
	q1: 65.041, max_q1: 104.526, min_q1: -2.476
	q2: 64.970, max_q2: 104.970, min_q2: 1.093
	target_q: 65.180, max_target_q: 104.766, min_target_q: -0.798
	avg_conservative_loss: -0.079, conservative_weight:  1.000
	avg_smooth_loss:  12.182

2023-02-25 00:26:16 - 
[#Step 480000] eval_reward: 79.325, eval_time: 5.636, time: 49.142
	critic_loss: 2.939, max_critic_loss: 43.367, min_critic_loss: 0.006
	actor_loss: -67.578, max_actor_loss: 2.525, min_actor_loss: -103.515
	value_loss: 0.858, max_value_loss: 12.757, min_value_loss: 0.000
	weight: 0.447, max_weight: 0.700, min_weight: 0.300
	v: 66.123, max_v: 103.254, min_v: -0.300
	q1: 65.956, max_q1: 102.819, min_q1: -2.056
	q2: 65.866, max_q2: 103.015, min_q2: -1.867
	target_q: 66.022, max_target_q: 103.259, min_target_q: -0.231
	avg_conservative_loss: -0.071, conservative_weight:  1.000
	avg_smooth_loss:  11.796

2023-02-25 00:27:17 - 
[#Step 490000] eval_reward: 89.902, eval_time: 6.371, time: 50.159
	critic_loss: 3.511, max_critic_loss: 63.669, min_critic_loss: 0.008
	actor_loss: -68.590, max_actor_loss: 1.570, min_actor_loss: -104.313
	value_loss: 1.409, max_value_loss: 170.790, min_value_loss: 0.000
	weight: 0.462, max_weight: 0.700, min_weight: 0.300
	v: 67.232, max_v: 103.098, min_v: -2.302
	q1: 67.410, max_q1: 104.778, min_q1: -1.647
	q2: 67.431, max_q2: 104.195, min_q2: -2.192
	target_q: 66.863, max_target_q: 103.221, min_target_q: -0.416
	avg_conservative_loss: -0.060, conservative_weight:  1.000
	avg_smooth_loss:  11.505

2023-02-25 00:28:16 - 
[#Step 500000] eval_reward: 61.167, eval_time: 4.307, time: 51.140
	critic_loss: 4.506, max_critic_loss: 383.743, min_critic_loss: 0.003
	actor_loss: -63.942, max_actor_loss: 0.765, min_actor_loss: -107.635
	value_loss: 1.767, max_value_loss: 138.350, min_value_loss: 0.000
	weight: 0.467, max_weight: 0.700, min_weight: 0.300
	v: 62.487, max_v: 104.256, min_v: -0.158
	q1: 62.477, max_q1: 104.772, min_q1: -6.822
	q2: 62.387, max_q2: 104.845, min_q2: -8.220
	target_q: 62.481, max_target_q: 104.403, min_target_q: -6.145
	avg_conservative_loss: -0.061, conservative_weight:  1.000
	avg_smooth_loss:  12.145

2023-02-25 00:29:18 - 
[#Step 510000] eval_reward: 99.359, eval_time: 7.170, time: 52.171
	critic_loss: 2.957, max_critic_loss: 51.087, min_critic_loss: 0.003
	actor_loss: -67.321, max_actor_loss: -0.043, min_actor_loss: -103.315
	value_loss: 0.970, max_value_loss: 13.155, min_value_loss: 0.000
	weight: 0.450, max_weight: 0.700, min_weight: 0.300
	v: 65.510, max_v: 103.721, min_v: -1.808
	q1: 65.353, max_q1: 103.984, min_q1: -0.681
	q2: 65.360, max_q2: 103.500, min_q2: -0.618
	target_q: 65.341, max_target_q: 103.334, min_target_q: -3.015
	avg_conservative_loss: -0.103, conservative_weight:  1.000
	avg_smooth_loss:  13.799

2023-02-25 00:30:19 - 
[#Step 520000] eval_reward: 100.772, eval_time: 7.258, time: 53.199
	critic_loss: 4.054, max_critic_loss: 296.459, min_critic_loss: 0.000
	actor_loss: -63.206, max_actor_loss: -0.274, min_actor_loss: -105.542
	value_loss: 1.644, max_value_loss: 122.736, min_value_loss: 0.000
	weight: 0.481, max_weight: 0.700, min_weight: 0.300
	v: 61.580, max_v: 103.653, min_v: 0.197
	q1: 61.480, max_q1: 104.631, min_q1: 0.188
	q2: 61.589, max_q2: 104.525, min_q2: 0.444
	target_q: 61.679, max_target_q: 104.037, min_target_q: 0.632
	avg_conservative_loss: -0.096, conservative_weight:  1.000
	avg_smooth_loss:  12.550

2023-02-25 00:31:19 - 
[#Step 530000] eval_reward: 74.547, eval_time: 5.325, time: 54.201
	critic_loss: 4.153, max_critic_loss: 90.977, min_critic_loss: 0.009
	actor_loss: -66.727, max_actor_loss: -1.777, min_actor_loss: -104.013
	value_loss: 2.718, max_value_loss: 346.146, min_value_loss: 0.000
	weight: 0.450, max_weight: 0.700, min_weight: 0.300
	v: 64.795, max_v: 102.884, min_v: 1.931
	q1: 64.692, max_q1: 103.758, min_q1: 0.699
	q2: 64.522, max_q2: 103.314, min_q2: 1.162
	target_q: 64.319, max_target_q: 102.841, min_target_q: 0.756
	avg_conservative_loss: -0.104, conservative_weight:  1.000
	avg_smooth_loss:  14.429

2023-02-25 00:32:19 - 
[#Step 540000] eval_reward: 77.001, eval_time: 5.457, time: 55.201
	critic_loss: 5.262, max_critic_loss: 85.819, min_critic_loss: 0.012
	actor_loss: -65.389, max_actor_loss: -1.560, min_actor_loss: -104.819
	value_loss: 1.187, max_value_loss: 29.855, min_value_loss: 0.000
	weight: 0.448, max_weight: 0.700, min_weight: 0.300
	v: 64.175, max_v: 103.786, min_v: -5.963
	q1: 63.815, max_q1: 104.586, min_q1: -3.663
	q2: 63.783, max_q2: 104.380, min_q2: -1.232
	target_q: 64.416, max_target_q: 104.681, min_target_q: -4.834
	avg_conservative_loss: -0.072, conservative_weight:  1.000
	avg_smooth_loss:  12.688

2023-02-25 00:33:21 - 
[#Step 550000] eval_reward: 100.887, eval_time: 7.292, time: 56.232
	critic_loss: 3.773, max_critic_loss: 234.637, min_critic_loss: 0.007
	actor_loss: -67.192, max_actor_loss: -1.719, min_actor_loss: -104.452
	value_loss: 1.825, max_value_loss: 106.539, min_value_loss: 0.000
	weight: 0.498, max_weight: 0.700, min_weight: 0.300
	v: 65.383, max_v: 102.761, min_v: -2.978
	q1: 65.595, max_q1: 103.076, min_q1: 0.683
	q2: 65.594, max_q2: 103.000, min_q2: 1.086
	target_q: 65.304, max_target_q: 103.354, min_target_q: -2.332
	avg_conservative_loss: -0.124, conservative_weight:  1.000
	avg_smooth_loss:  13.219

2023-02-25 00:34:20 - 
[#Step 560000] eval_reward: 60.537, eval_time: 4.650, time: 57.216
	critic_loss: 4.462, max_critic_loss: 163.997, min_critic_loss: 0.001
	actor_loss: -66.974, max_actor_loss: 6.146, min_actor_loss: -103.956
	value_loss: 2.236, max_value_loss: 215.456, min_value_loss: 0.000
	weight: 0.475, max_weight: 0.700, min_weight: 0.300
	v: 65.057, max_v: 103.884, min_v: -10.039
	q1: 65.235, max_q1: 103.282, min_q1: -8.091
	q2: 65.216, max_q2: 103.680, min_q2: -4.365
	target_q: 65.094, max_target_q: 104.097, min_target_q: -5.884
	avg_conservative_loss: -0.081, conservative_weight:  1.000
	avg_smooth_loss:  12.392

2023-02-25 00:35:23 - 
[#Step 570000] eval_reward: 97.555, eval_time: 7.591, time: 58.255
	critic_loss: 3.631, max_critic_loss: 244.535, min_critic_loss: 0.001
	actor_loss: -66.662, max_actor_loss: -4.153, min_actor_loss: -106.049
	value_loss: 1.572, max_value_loss: 188.660, min_value_loss: 0.000
	weight: 0.497, max_weight: 0.700, min_weight: 0.300
	v: 65.015, max_v: 105.525, min_v: -6.284
	q1: 65.022, max_q1: 105.829, min_q1: -7.125
	q2: 65.052, max_q2: 106.609, min_q2: -7.580
	target_q: 64.771, max_target_q: 105.219, min_target_q: -6.150
	avg_conservative_loss: -0.102, conservative_weight:  1.000
	avg_smooth_loss:  12.215

2023-02-25 00:36:22 - 
[#Step 580000] eval_reward: 65.472, eval_time: 4.771, time: 59.241
	critic_loss: 3.880, max_critic_loss: 45.538, min_critic_loss: 0.007
	actor_loss: -66.661, max_actor_loss: -2.616, min_actor_loss: -104.275
	value_loss: 1.915, max_value_loss: 58.855, min_value_loss: 0.000
	weight: 0.516, max_weight: 0.700, min_weight: 0.300
	v: 64.841, max_v: 104.296, min_v: 0.316
	q1: 64.804, max_q1: 104.545, min_q1: -3.873
	q2: 64.748, max_q2: 104.281, min_q2: -5.161
	target_q: 65.113, max_target_q: 105.045, min_target_q: -1.075
	avg_conservative_loss: -0.083, conservative_weight:  1.000
	avg_smooth_loss:  13.799

2023-02-25 00:37:22 - 
[#Step 590000] eval_reward: 79.783, eval_time: 5.965, time: 60.247
	critic_loss: 4.206, max_critic_loss: 247.294, min_critic_loss: 0.001
	actor_loss: -69.599, max_actor_loss: -1.156, min_actor_loss: -105.846
	value_loss: 3.421, max_value_loss: 372.545, min_value_loss: 0.000
	weight: 0.438, max_weight: 0.700, min_weight: 0.300
	v: 67.740, max_v: 104.792, min_v: -5.893
	q1: 67.977, max_q1: 104.570, min_q1: -0.354
	q2: 67.945, max_q2: 104.812, min_q2: -2.039
	target_q: 67.534, max_target_q: 104.471, min_target_q: -5.604
	avg_conservative_loss: -0.106, conservative_weight:  1.000
	avg_smooth_loss:  12.756

2023-02-25 00:38:23 - 
[#Step 600000] eval_reward: 89.103, eval_time: 6.784, time: 61.268
	critic_loss: 5.588, max_critic_loss: 492.226, min_critic_loss: 0.017
	actor_loss: -66.335, max_actor_loss: -6.044, min_actor_loss: -105.685
	value_loss: 1.920, max_value_loss: 59.639, min_value_loss: 0.000
	weight: 0.416, max_weight: 0.700, min_weight: 0.300
	v: 65.157, max_v: 105.385, min_v: 5.583
	q1: 64.743, max_q1: 105.236, min_q1: -0.861
	q2: 64.733, max_q2: 104.720, min_q2: -0.588
	target_q: 65.151, max_target_q: 105.986, min_target_q: 0.878
	avg_conservative_loss: -0.121, conservative_weight:  1.000
	avg_smooth_loss:  13.045

2023-02-25 00:39:22 - 
[#Step 610000] eval_reward: 65.693, eval_time: 4.621, time: 62.250
	critic_loss: 2.944, max_critic_loss: 39.855, min_critic_loss: 0.001
	actor_loss: -65.920, max_actor_loss: 3.176, min_actor_loss: -105.685
	value_loss: 1.428, max_value_loss: 51.922, min_value_loss: 0.000
	weight: 0.470, max_weight: 0.700, min_weight: 0.300
	v: 64.154, max_v: 105.071, min_v: -4.453
	q1: 64.206, max_q1: 104.639, min_q1: -4.244
	q2: 64.217, max_q2: 104.893, min_q2: -2.411
	target_q: 64.323, max_target_q: 104.854, min_target_q: -3.772
	avg_conservative_loss: -0.130, conservative_weight:  1.000
	avg_smooth_loss:  14.973

2023-02-25 00:40:19 - 
[#Step 620000] eval_reward: 48.265, eval_time: 3.403, time: 63.197
	critic_loss: 3.997, max_critic_loss: 82.068, min_critic_loss: 0.001
	actor_loss: -66.505, max_actor_loss: -2.664, min_actor_loss: -104.578
	value_loss: 1.442, max_value_loss: 126.801, min_value_loss: 0.000
	weight: 0.467, max_weight: 0.700, min_weight: 0.300
	v: 64.958, max_v: 103.684, min_v: 1.310
	q1: 64.800, max_q1: 103.819, min_q1: -2.501
	q2: 65.075, max_q2: 103.690, min_q2: -1.933
	target_q: 64.579, max_target_q: 104.221, min_target_q: -3.070
	avg_conservative_loss: -0.121, conservative_weight:  1.000
	avg_smooth_loss:  12.649

2023-02-25 00:41:17 - 
[#Step 630000] eval_reward: 60.944, eval_time: 4.285, time: 64.155
	critic_loss: 3.244, max_critic_loss: 165.701, min_critic_loss: 0.005
	actor_loss: -65.894, max_actor_loss: -1.411, min_actor_loss: -105.339
	value_loss: 1.375, max_value_loss: 112.147, min_value_loss: 0.000
	weight: 0.442, max_weight: 0.700, min_weight: 0.300
	v: 63.838, max_v: 104.784, min_v: -0.613
	q1: 63.711, max_q1: 104.668, min_q1: 1.699
	q2: 63.895, max_q2: 104.911, min_q2: 0.842
	target_q: 63.724, max_target_q: 104.900, min_target_q: 0.635
	avg_conservative_loss: -0.145, conservative_weight:  1.000
	avg_smooth_loss:  13.298

2023-02-25 00:42:18 - 
[#Step 640000] eval_reward: 91.755, eval_time: 6.451, time: 65.172
	critic_loss: 3.523, max_critic_loss: 77.921, min_critic_loss: 0.007
	actor_loss: -65.506, max_actor_loss: 11.150, min_actor_loss: -106.308
	value_loss: 2.652, max_value_loss: 199.541, min_value_loss: 0.000
	weight: 0.511, max_weight: 0.700, min_weight: 0.300
	v: 63.547, max_v: 104.973, min_v: -8.165
	q1: 63.785, max_q1: 106.897, min_q1: -16.951
	q2: 63.595, max_q2: 106.511, min_q2: -20.972
	target_q: 63.487, max_target_q: 105.228, min_target_q: -19.952
	avg_conservative_loss: -0.098, conservative_weight:  1.000
	avg_smooth_loss:  13.098

2023-02-25 00:43:17 - 
[#Step 650000] eval_reward: 75.707, eval_time: 5.487, time: 66.169
	critic_loss: 5.393, max_critic_loss: 257.266, min_critic_loss: 0.011
	actor_loss: -66.340, max_actor_loss: -1.428, min_actor_loss: -103.681
	value_loss: 1.773, max_value_loss: 42.875, min_value_loss: 0.000
	weight: 0.469, max_weight: 0.700, min_weight: 0.300
	v: 64.936, max_v: 103.408, min_v: 2.069
	q1: 64.581, max_q1: 103.716, min_q1: -4.082
	q2: 64.606, max_q2: 104.360, min_q2: -4.711
	target_q: 64.949, max_target_q: 104.692, min_target_q: 2.466
	avg_conservative_loss: -0.128, conservative_weight:  1.000
	avg_smooth_loss:  13.387

2023-02-25 00:44:18 - 
[#Step 660000] eval_reward: 84.197, eval_time: 5.986, time: 67.179
	critic_loss: 3.328, max_critic_loss: 39.251, min_critic_loss: 0.011
	actor_loss: -64.411, max_actor_loss: -2.736, min_actor_loss: -105.556
	value_loss: 2.030, max_value_loss: 81.927, min_value_loss: 0.000
	weight: 0.434, max_weight: 0.700, min_weight: 0.300
	v: 62.907, max_v: 104.450, min_v: -0.683
	q1: 62.670, max_q1: 105.059, min_q1: -1.020
	q2: 62.812, max_q2: 104.857, min_q2: 0.335
	target_q: 62.962, max_target_q: 104.771, min_target_q: -1.450
	avg_conservative_loss: -0.141, conservative_weight:  1.000
	avg_smooth_loss:  14.333

2023-02-25 00:45:17 - 
[#Step 670000] eval_reward: 72.473, eval_time: 5.121, time: 68.168
	critic_loss: 2.472, max_critic_loss: 28.957, min_critic_loss: 0.003
	actor_loss: -68.933, max_actor_loss: -2.661, min_actor_loss: -105.745
	value_loss: 1.699, max_value_loss: 202.264, min_value_loss: 0.000
	weight: 0.452, max_weight: 0.700, min_weight: 0.300
	v: 67.299, max_v: 105.209, min_v: -2.160
	q1: 67.280, max_q1: 105.576, min_q1: -4.422
	q2: 67.212, max_q2: 105.486, min_q2: -4.624
	target_q: 66.800, max_target_q: 105.408, min_target_q: -6.116
	avg_conservative_loss: -0.103, conservative_weight:  1.000
	avg_smooth_loss:  11.919

2023-02-25 00:46:18 - 
[#Step 680000] eval_reward: 81.706, eval_time: 5.726, time: 69.175
	critic_loss: 9.657, max_critic_loss: 1569.547, min_critic_loss: 0.001
	actor_loss: -65.758, max_actor_loss: -2.975, min_actor_loss: -105.307
	value_loss: 1.119, max_value_loss: 25.173, min_value_loss: 0.000
	weight: 0.492, max_weight: 0.700, min_weight: 0.300
	v: 63.729, max_v: 105.710, min_v: 0.492
	q1: 64.253, max_q1: 105.784, min_q1: 2.988
	q2: 64.235, max_q2: 105.939, min_q2: 2.314
	target_q: 63.665, max_target_q: 105.524, min_target_q: 0.475
	avg_conservative_loss: -0.146, conservative_weight:  1.000
	avg_smooth_loss:  14.422

2023-02-25 00:47:18 - 
[#Step 690000] eval_reward: 75.622, eval_time: 5.341, time: 70.171
	critic_loss: 3.461, max_critic_loss: 105.850, min_critic_loss: 0.006
	actor_loss: -65.727, max_actor_loss: 0.778, min_actor_loss: -103.729
	value_loss: 0.957, max_value_loss: 14.581, min_value_loss: 0.000
	weight: 0.503, max_weight: 0.700, min_weight: 0.300
	v: 64.035, max_v: 103.425, min_v: -1.842
	q1: 64.512, max_q1: 103.188, min_q1: -2.683
	q2: 64.360, max_q2: 102.913, min_q2: -2.539
	target_q: 64.259, max_target_q: 102.533, min_target_q: -0.272
	avg_conservative_loss: -0.109, conservative_weight:  1.000
	avg_smooth_loss:  13.225

2023-02-25 00:48:16 - 
[#Step 700000] eval_reward: 56.283, eval_time: 3.919, time: 71.148
	critic_loss: 4.415, max_critic_loss: 106.970, min_critic_loss: 0.002
	actor_loss: -67.809, max_actor_loss: -7.816, min_actor_loss: -106.694
	value_loss: 1.603, max_value_loss: 130.134, min_value_loss: 0.000
	weight: 0.462, max_weight: 0.700, min_weight: 0.300
	v: 66.337, max_v: 103.942, min_v: 6.026
	q1: 65.990, max_q1: 103.686, min_q1: 1.021
	q2: 66.101, max_q2: 104.128, min_q2: 1.544
	target_q: 66.113, max_target_q: 104.273, min_target_q: 2.273
	avg_conservative_loss: -0.094, conservative_weight:  1.000
	avg_smooth_loss:  12.375

2023-02-25 00:49:15 - 
[#Step 710000] eval_reward: 57.002, eval_time: 3.945, time: 72.128
	critic_loss: 5.497, max_critic_loss: 64.634, min_critic_loss: 0.010
	actor_loss: -71.225, max_actor_loss: -3.119, min_actor_loss: -107.969
	value_loss: 1.315, max_value_loss: 63.879, min_value_loss: 0.000
	weight: 0.441, max_weight: 0.700, min_weight: 0.300
	v: 70.126, max_v: 108.376, min_v: 4.422
	q1: 69.776, max_q1: 107.694, min_q1: 4.319
	q2: 69.643, max_q2: 107.082, min_q2: 3.984
	target_q: 69.963, max_target_q: 107.009, min_target_q: 4.936
	avg_conservative_loss: -0.140, conservative_weight:  1.000
	avg_smooth_loss:  13.434

2023-02-25 00:50:14 - 
[#Step 720000] eval_reward: 65.406, eval_time: 4.634, time: 73.118
	critic_loss: 5.056, max_critic_loss: 510.907, min_critic_loss: 0.002
	actor_loss: -66.343, max_actor_loss: 0.748, min_actor_loss: -105.599
	value_loss: 1.657, max_value_loss: 55.533, min_value_loss: 0.000
	weight: 0.484, max_weight: 0.700, min_weight: 0.300
	v: 64.622, max_v: 105.640, min_v: -1.035
	q1: 64.643, max_q1: 106.398, min_q1: 0.433
	q2: 64.657, max_q2: 105.753, min_q2: -0.670
	target_q: 64.413, max_target_q: 104.586, min_target_q: -1.017
	avg_conservative_loss: -0.170, conservative_weight:  1.000
	avg_smooth_loss:  12.681

2023-02-25 00:51:12 - 
[#Step 730000] eval_reward: 45.756, eval_time: 3.167, time: 74.082
	critic_loss: 3.119, max_critic_loss: 134.015, min_critic_loss: 0.002
	actor_loss: -67.465, max_actor_loss: -1.395, min_actor_loss: -104.130
	value_loss: 1.128, max_value_loss: 94.025, min_value_loss: 0.000
	weight: 0.478, max_weight: 0.700, min_weight: 0.300
	v: 66.344, max_v: 103.611, min_v: -0.737
	q1: 65.939, max_q1: 103.223, min_q1: -3.427
	q2: 65.868, max_q2: 103.024, min_q2: -3.999
	target_q: 66.173, max_target_q: 104.232, min_target_q: -3.141
	avg_conservative_loss: -0.148, conservative_weight:  1.000
	avg_smooth_loss:  14.066

2023-02-25 00:52:11 - 
[#Step 740000] eval_reward: 56.913, eval_time: 3.984, time: 75.058
	critic_loss: 3.855, max_critic_loss: 136.352, min_critic_loss: 0.005
	actor_loss: -65.785, max_actor_loss: 2.505, min_actor_loss: -104.017
	value_loss: 1.410, max_value_loss: 56.624, min_value_loss: 0.000
	weight: 0.420, max_weight: 0.700, min_weight: 0.300
	v: 64.505, max_v: 103.742, min_v: -4.927
	q1: 64.421, max_q1: 103.268, min_q1: -4.657
	q2: 64.313, max_q2: 104.060, min_q2: -0.223
	target_q: 64.382, max_target_q: 103.784, min_target_q: -2.247
	avg_conservative_loss: -0.107, conservative_weight:  1.000
	avg_smooth_loss:  13.575

2023-02-25 00:53:11 - 
[#Step 750000] eval_reward: 75.430, eval_time: 5.326, time: 76.061
	critic_loss: 3.685, max_critic_loss: 88.789, min_critic_loss: 0.007
	actor_loss: -70.407, max_actor_loss: 0.470, min_actor_loss: -105.443
	value_loss: 1.205, max_value_loss: 55.700, min_value_loss: 0.000
	weight: 0.488, max_weight: 0.700, min_weight: 0.300
	v: 68.853, max_v: 105.213, min_v: -0.391
	q1: 69.316, max_q1: 105.408, min_q1: 0.412
	q2: 69.330, max_q2: 105.275, min_q2: 0.503
	target_q: 68.943, max_target_q: 105.064, min_target_q: 0.980
	avg_conservative_loss: -0.162, conservative_weight:  1.000
	avg_smooth_loss:  13.852

2023-02-25 00:54:12 - 
[#Step 760000] eval_reward: 98.199, eval_time: 6.984, time: 77.084
	critic_loss: 3.223, max_critic_loss: 41.447, min_critic_loss: 0.001
	actor_loss: -66.746, max_actor_loss: -0.785, min_actor_loss: -105.840
	value_loss: 1.547, max_value_loss: 50.045, min_value_loss: 0.000
	weight: 0.486, max_weight: 0.700, min_weight: 0.300
	v: 64.923, max_v: 105.362, min_v: -0.616
	q1: 64.967, max_q1: 105.442, min_q1: -0.931
	q2: 65.019, max_q2: 106.267, min_q2: -1.471
	target_q: 65.076, max_target_q: 105.613, min_target_q: -1.481
	avg_conservative_loss: -0.141, conservative_weight:  1.000
	avg_smooth_loss:  14.721

2023-02-25 00:55:11 - 
[#Step 770000] eval_reward: 59.846, eval_time: 4.106, time: 78.067
	critic_loss: 3.705, max_critic_loss: 87.570, min_critic_loss: 0.001
	actor_loss: -68.671, max_actor_loss: 0.102, min_actor_loss: -104.551
	value_loss: 1.730, max_value_loss: 72.095, min_value_loss: 0.000
	weight: 0.444, max_weight: 0.700, min_weight: 0.300
	v: 66.747, max_v: 104.097, min_v: 0.133
	q1: 66.394, max_q1: 104.084, min_q1: -2.435
	q2: 66.476, max_q2: 103.330, min_q2: -1.752
	target_q: 66.292, max_target_q: 103.962, min_target_q: -2.100
	avg_conservative_loss: -0.129, conservative_weight:  1.000
	avg_smooth_loss:  13.824

2023-02-25 00:56:09 - 
[#Step 780000] eval_reward: 54.706, eval_time: 3.756, time: 79.034
	critic_loss: 3.837, max_critic_loss: 132.484, min_critic_loss: 0.003
	actor_loss: -69.600, max_actor_loss: -2.161, min_actor_loss: -110.258
	value_loss: 0.965, max_value_loss: 13.430, min_value_loss: 0.000
	weight: 0.497, max_weight: 0.700, min_weight: 0.300
	v: 68.129, max_v: 108.004, min_v: 1.835
	q1: 68.369, max_q1: 108.490, min_q1: 2.461
	q2: 68.215, max_q2: 107.668, min_q2: 2.292
	target_q: 68.125, max_target_q: 107.078, min_target_q: 2.172
	avg_conservative_loss: -0.133, conservative_weight:  1.000
	avg_smooth_loss:  14.289

2023-02-25 00:57:09 - 
[#Step 790000] eval_reward: 76.690, eval_time: 5.371, time: 80.035
	critic_loss: 3.880, max_critic_loss: 170.655, min_critic_loss: 0.007
	actor_loss: -67.814, max_actor_loss: -0.333, min_actor_loss: -106.258
	value_loss: 1.776, max_value_loss: 71.010, min_value_loss: 0.000
	weight: 0.500, max_weight: 0.700, min_weight: 0.300
	v: 66.067, max_v: 104.142, min_v: -7.950
	q1: 66.193, max_q1: 105.258, min_q1: -3.320
	q2: 66.230, max_q2: 105.277, min_q2: -0.266
	target_q: 66.154, max_target_q: 104.511, min_target_q: -5.799
	avg_conservative_loss: -0.188, conservative_weight:  1.000
	avg_smooth_loss:  14.589

2023-02-25 00:58:08 - 
[#Step 800000] eval_reward: 61.846, eval_time: 4.336, time: 81.016
	critic_loss: 3.503, max_critic_loss: 57.685, min_critic_loss: 0.011
	actor_loss: -66.585, max_actor_loss: -3.954, min_actor_loss: -106.749
	value_loss: 1.284, max_value_loss: 38.100, min_value_loss: 0.000
	weight: 0.395, max_weight: 0.700, min_weight: 0.300
	v: 65.754, max_v: 105.507, min_v: 4.392
	q1: 65.188, max_q1: 104.318, min_q1: 3.196
	q2: 65.077, max_q2: 104.602, min_q2: 3.061
	target_q: 65.433, max_target_q: 104.646, min_target_q: 4.625
	avg_conservative_loss: -0.090, conservative_weight:  1.000
	avg_smooth_loss:  12.095

2023-02-25 00:59:07 - 
[#Step 810000] eval_reward: 65.982, eval_time: 4.680, time: 82.003
	critic_loss: 4.209, max_critic_loss: 162.711, min_critic_loss: 0.001
	actor_loss: -65.128, max_actor_loss: -0.974, min_actor_loss: -106.893
	value_loss: 1.191, max_value_loss: 62.034, min_value_loss: 0.000
	weight: 0.437, max_weight: 0.700, min_weight: 0.300
	v: 64.206, max_v: 106.204, min_v: -1.656
	q1: 63.538, max_q1: 105.385, min_q1: 1.302
	q2: 63.497, max_q2: 105.584, min_q2: 0.711
	target_q: 64.097, max_target_q: 105.441, min_target_q: -0.089
	avg_conservative_loss: -0.206, conservative_weight:  1.000
	avg_smooth_loss:  14.833

2023-02-25 01:00:06 - 
[#Step 820000] eval_reward: 63.810, eval_time: 4.405, time: 82.985
	critic_loss: 3.234, max_critic_loss: 44.874, min_critic_loss: 0.003
	actor_loss: -66.288, max_actor_loss: -1.369, min_actor_loss: -104.343
	value_loss: 0.754, max_value_loss: 25.547, min_value_loss: 0.000
	weight: 0.458, max_weight: 0.700, min_weight: 0.300
	v: 64.736, max_v: 103.709, min_v: 0.254
	q1: 64.610, max_q1: 103.929, min_q1: 0.559
	q2: 64.547, max_q2: 103.859, min_q2: 1.198
	target_q: 64.398, max_target_q: 103.461, min_target_q: 0.771
	avg_conservative_loss: -0.074, conservative_weight:  1.000
	avg_smooth_loss:  14.418

2023-02-25 01:01:05 - 
[#Step 830000] eval_reward: 67.191, eval_time: 4.678, time: 83.971
	critic_loss: 3.014, max_critic_loss: 35.123, min_critic_loss: 0.006
	actor_loss: -65.724, max_actor_loss: -3.396, min_actor_loss: -104.823
	value_loss: 0.762, max_value_loss: 13.535, min_value_loss: 0.000
	weight: 0.445, max_weight: 0.700, min_weight: 0.300
	v: 65.078, max_v: 104.493, min_v: 2.323
	q1: 64.518, max_q1: 103.181, min_q1: 2.999
	q2: 64.644, max_q2: 103.299, min_q2: 3.084
	target_q: 65.012, max_target_q: 104.972, min_target_q: 2.274
	avg_conservative_loss: -0.230, conservative_weight:  1.000
	avg_smooth_loss:  15.703

2023-02-25 01:02:04 - 
[#Step 840000] eval_reward: 59.224, eval_time: 4.129, time: 84.952
	critic_loss: 4.256, max_critic_loss: 116.143, min_critic_loss: 0.006
	actor_loss: -65.975, max_actor_loss: 12.838, min_actor_loss: -109.062
	value_loss: 1.586, max_value_loss: 53.311, min_value_loss: 0.000
	weight: 0.455, max_weight: 0.700, min_weight: 0.300
	v: 64.015, max_v: 105.601, min_v: -6.269
	q1: 64.230, max_q1: 105.743, min_q1: -6.783
	q2: 64.086, max_q2: 106.081, min_q2: -7.314
	target_q: 63.842, max_target_q: 105.073, min_target_q: -5.325
	avg_conservative_loss: -0.153, conservative_weight:  1.000
	avg_smooth_loss:  13.809

2023-02-25 01:03:03 - 
[#Step 850000] eval_reward: 55.756, eval_time: 3.947, time: 85.927
	critic_loss: 2.772, max_critic_loss: 31.938, min_critic_loss: 0.004
	actor_loss: -67.569, max_actor_loss: 0.765, min_actor_loss: -106.563
	value_loss: 2.602, max_value_loss: 294.486, min_value_loss: 0.000
	weight: 0.441, max_weight: 0.700, min_weight: 0.300
	v: 66.594, max_v: 106.003, min_v: 0.620
	q1: 66.212, max_q1: 105.010, min_q1: -0.424
	q2: 66.268, max_q2: 105.258, min_q2: 0.042
	target_q: 66.528, max_target_q: 106.307, min_target_q: 1.044
	avg_conservative_loss: -0.234, conservative_weight:  1.000
	avg_smooth_loss:  15.859

2023-02-25 01:04:03 - 
[#Step 860000] eval_reward: 77.658, eval_time: 5.479, time: 86.929
	critic_loss: 3.947, max_critic_loss: 252.030, min_critic_loss: 0.001
	actor_loss: -65.391, max_actor_loss: -1.169, min_actor_loss: -106.554
	value_loss: 1.308, max_value_loss: 26.158, min_value_loss: 0.000
	weight: 0.459, max_weight: 0.700, min_weight: 0.300
	v: 63.879, max_v: 107.524, min_v: -4.198
	q1: 63.995, max_q1: 106.897, min_q1: -1.850
	q2: 63.909, max_q2: 106.166, min_q2: -1.642
	target_q: 63.671, max_target_q: 107.467, min_target_q: -2.049
	avg_conservative_loss: -0.213, conservative_weight:  1.000
	avg_smooth_loss:  15.601

2023-02-25 01:05:04 - 
[#Step 870000] eval_reward: 84.134, eval_time: 5.872, time: 87.940
	critic_loss: 4.879, max_critic_loss: 155.455, min_critic_loss: 0.006
	actor_loss: -65.478, max_actor_loss: -0.107, min_actor_loss: -108.250
	value_loss: 1.077, max_value_loss: 17.471, min_value_loss: 0.000
	weight: 0.478, max_weight: 0.700, min_weight: 0.300
	v: 63.795, max_v: 105.470, min_v: -0.084
	q1: 63.789, max_q1: 106.882, min_q1: -0.037
	q2: 63.820, max_q2: 107.237, min_q2: 0.625
	target_q: 63.849, max_target_q: 106.322, min_target_q: 0.553
	avg_conservative_loss: -0.153, conservative_weight:  1.000
	avg_smooth_loss:  13.344

2023-02-25 01:06:03 - 
[#Step 880000] eval_reward: 68.601, eval_time: 4.761, time: 88.935
	critic_loss: 3.161, max_critic_loss: 77.261, min_critic_loss: 0.004
	actor_loss: -67.111, max_actor_loss: -0.190, min_actor_loss: -106.860
	value_loss: 1.985, max_value_loss: 188.708, min_value_loss: 0.000
	weight: 0.475, max_weight: 0.700, min_weight: 0.300
	v: 65.703, max_v: 105.584, min_v: -0.187
	q1: 65.548, max_q1: 106.109, min_q1: 0.709
	q2: 65.518, max_q2: 105.185, min_q2: 0.932
	target_q: 65.680, max_target_q: 106.250, min_target_q: 0.184
	avg_conservative_loss: -0.135, conservative_weight:  1.000
	avg_smooth_loss:  12.274

2023-02-25 01:07:02 - 
[#Step 890000] eval_reward: 61.849, eval_time: 4.574, time: 89.919
	critic_loss: 2.487, max_critic_loss: 50.159, min_critic_loss: 0.002
	actor_loss: -64.200, max_actor_loss: -0.717, min_actor_loss: -105.097
	value_loss: 0.799, max_value_loss: 22.944, min_value_loss: 0.000
	weight: 0.442, max_weight: 0.700, min_weight: 0.300
	v: 63.178, max_v: 104.309, min_v: -3.544
	q1: 62.793, max_q1: 104.002, min_q1: -4.949
	q2: 62.775, max_q2: 104.156, min_q2: -4.522
	target_q: 62.944, max_target_q: 104.024, min_target_q: -6.419
	avg_conservative_loss: -0.218, conservative_weight:  1.000
	avg_smooth_loss:  14.225

2023-02-25 01:08:03 - 
[#Step 900000] eval_reward: 80.755, eval_time: 5.885, time: 90.929
	critic_loss: 3.195, max_critic_loss: 85.039, min_critic_loss: 0.002
	actor_loss: -67.482, max_actor_loss: -0.269, min_actor_loss: -108.479
	value_loss: 1.160, max_value_loss: 57.783, min_value_loss: 0.000
	weight: 0.430, max_weight: 0.700, min_weight: 0.300
	v: 66.448, max_v: 107.340, min_v: 2.314
	q1: 66.257, max_q1: 107.076, min_q1: 0.905
	q2: 66.424, max_q2: 107.650, min_q2: 0.584
	target_q: 66.425, max_target_q: 107.291, min_target_q: 0.993
	avg_conservative_loss: -0.132, conservative_weight:  1.000
	avg_smooth_loss:  12.840

2023-02-25 01:09:02 - 
[#Step 910000] eval_reward: 58.901, eval_time: 4.412, time: 91.913
	critic_loss: 2.475, max_critic_loss: 23.861, min_critic_loss: 0.007
	actor_loss: -65.933, max_actor_loss: -0.198, min_actor_loss: -107.478
	value_loss: 1.722, max_value_loss: 118.058, min_value_loss: 0.000
	weight: 0.461, max_weight: 0.700, min_weight: 0.300
	v: 64.793, max_v: 106.746, min_v: 0.969
	q1: 64.468, max_q1: 109.004, min_q1: -0.939
	q2: 64.418, max_q2: 107.974, min_q2: -0.708
	target_q: 64.664, max_target_q: 107.553, min_target_q: -1.787
	avg_conservative_loss: -0.247, conservative_weight:  1.000
	avg_smooth_loss:  14.963

2023-02-25 01:10:02 - 
[#Step 920000] eval_reward: 75.885, eval_time: 5.784, time: 92.917
	critic_loss: 5.868, max_critic_loss: 344.181, min_critic_loss: 0.008
	actor_loss: -66.680, max_actor_loss: 6.583, min_actor_loss: -109.732
	value_loss: 1.846, max_value_loss: 45.971, min_value_loss: 0.000
	weight: 0.478, max_weight: 0.700, min_weight: 0.300
	v: 64.865, max_v: 104.859, min_v: -6.444
	q1: 64.906, max_q1: 105.735, min_q1: -8.364
	q2: 65.051, max_q2: 105.871, min_q2: -12.031
	target_q: 65.082, max_target_q: 105.225, min_target_q: -10.551
	avg_conservative_loss: -0.198, conservative_weight:  1.000
	avg_smooth_loss:  14.991

2023-02-25 01:11:03 - 
[#Step 930000] eval_reward: 79.421, eval_time: 5.814, time: 93.922
	critic_loss: 3.170, max_critic_loss: 38.404, min_critic_loss: 0.006
	actor_loss: -64.754, max_actor_loss: 4.892, min_actor_loss: -108.031
	value_loss: 0.760, max_value_loss: 19.239, min_value_loss: 0.000
	weight: 0.469, max_weight: 0.700, min_weight: 0.300
	v: 63.683, max_v: 105.604, min_v: -1.089
	q1: 63.405, max_q1: 105.817, min_q1: -1.635
	q2: 63.475, max_q2: 107.068, min_q2: -1.917
	target_q: 63.651, max_target_q: 107.083, min_target_q: -1.078
	avg_conservative_loss: -0.159, conservative_weight:  1.000
	avg_smooth_loss:  13.510

2023-02-25 01:12:03 - 
[#Step 940000] eval_reward: 78.159, eval_time: 5.691, time: 94.922
	critic_loss: 3.502, max_critic_loss: 32.695, min_critic_loss: 0.001
	actor_loss: -69.371, max_actor_loss: -2.424, min_actor_loss: -108.583
	value_loss: 1.112, max_value_loss: 20.984, min_value_loss: 0.000
	weight: 0.462, max_weight: 0.700, min_weight: 0.300
	v: 68.389, max_v: 106.905, min_v: 2.398
	q1: 68.533, max_q1: 107.212, min_q1: 3.154
	q2: 68.310, max_q2: 107.326, min_q2: 3.042
	target_q: 68.164, max_target_q: 105.956, min_target_q: 1.153
	avg_conservative_loss: -0.164, conservative_weight:  1.000
	avg_smooth_loss:  14.387

2023-02-25 01:13:02 - 
[#Step 950000] eval_reward: 66.116, eval_time: 5.110, time: 95.915
	critic_loss: 3.177, max_critic_loss: 41.946, min_critic_loss: 0.008
	actor_loss: -66.462, max_actor_loss: -0.428, min_actor_loss: -107.545
	value_loss: 2.518, max_value_loss: 306.783, min_value_loss: 0.000
	weight: 0.450, max_weight: 0.700, min_weight: 0.300
	v: 65.466, max_v: 108.104, min_v: -0.728
	q1: 65.013, max_q1: 109.069, min_q1: 0.423
	q2: 64.988, max_q2: 107.277, min_q2: -0.767
	target_q: 65.197, max_target_q: 107.431, min_target_q: -1.675
	avg_conservative_loss: -0.159, conservative_weight:  1.000
	avg_smooth_loss:  16.610

2023-02-25 01:13:34 - 
[#Step 955000] eval_reward: 69.839, eval_time: 4.929, time: 96.451
	critic_loss: 3.119, max_critic_loss: 50.811, min_critic_loss: 0.000
	actor_loss: -64.566, max_actor_loss: -2.452, min_actor_loss: -108.660
	value_loss: 3.287, max_value_loss: 560.974, min_value_loss: 0.000
	weight: 0.452, max_weight: 0.700, min_weight: 0.300
	v: 63.263, max_v: 106.802, min_v: -3.750
	q1: 63.199, max_q1: 107.767, min_q1: -6.045
	q2: 63.407, max_q2: 108.107, min_q2: -2.418
	target_q: 63.365, max_target_q: 106.598, min_target_q: -5.034
	avg_conservative_loss: -0.210, conservative_weight:  1.000
	avg_smooth_loss:  14.651

2023-02-25 01:14:06 - 
[#Step 960000] eval_reward: 71.775, eval_time: 5.006, time: 96.984
	critic_loss: 2.938, max_critic_loss: 87.632, min_critic_loss: 0.001
	actor_loss: -68.951, max_actor_loss: -1.322, min_actor_loss: -107.935
	value_loss: 1.050, max_value_loss: 28.978, min_value_loss: 0.000
	weight: 0.414, max_weight: 0.700, min_weight: 0.300
	v: 67.653, max_v: 107.965, min_v: 3.261
	q1: 67.456, max_q1: 107.412, min_q1: 2.418
	q2: 67.453, max_q2: 107.509, min_q2: 2.304
	target_q: 67.574, max_target_q: 107.930, min_target_q: 3.208
	avg_conservative_loss: -0.303, conservative_weight:  1.000
	avg_smooth_loss:  14.629

2023-02-25 01:14:38 - 
[#Step 965000] eval_reward: 68.044, eval_time: 4.701, time: 97.517
	critic_loss: 5.703, max_critic_loss: 528.580, min_critic_loss: 0.000
	actor_loss: -66.436, max_actor_loss: -3.366, min_actor_loss: -107.364
	value_loss: 1.755, max_value_loss: 73.952, min_value_loss: 0.000
	weight: 0.481, max_weight: 0.700, min_weight: 0.300
	v: 63.841, max_v: 105.230, min_v: -0.766
	q1: 64.089, max_q1: 105.549, min_q1: 0.048
	q2: 64.107, max_q2: 106.405, min_q2: -1.076
	target_q: 63.709, max_target_q: 105.959, min_target_q: -1.305
	avg_conservative_loss: -0.191, conservative_weight:  1.000
	avg_smooth_loss:  17.875

2023-02-25 01:15:10 - 
[#Step 970000] eval_reward: 72.731, eval_time: 5.040, time: 98.054
	critic_loss: 2.409, max_critic_loss: 35.059, min_critic_loss: 0.006
	actor_loss: -65.569, max_actor_loss: -1.372, min_actor_loss: -107.256
	value_loss: 0.974, max_value_loss: 46.832, min_value_loss: 0.000
	weight: 0.481, max_weight: 0.700, min_weight: 0.300
	v: 63.936, max_v: 106.600, min_v: -0.058
	q1: 64.247, max_q1: 106.892, min_q1: 1.212
	q2: 64.157, max_q2: 106.400, min_q2: 2.830
	target_q: 64.040, max_target_q: 106.607, min_target_q: -0.922
	avg_conservative_loss: -0.235, conservative_weight:  1.000
	avg_smooth_loss:  12.636

2023-02-25 01:15:42 - 
[#Step 975000] eval_reward: 65.598, eval_time: 4.554, time: 98.586
	critic_loss: 4.155, max_critic_loss: 55.712, min_critic_loss: 0.002
	actor_loss: -68.480, max_actor_loss: -1.329, min_actor_loss: -107.390
	value_loss: 1.594, max_value_loss: 76.788, min_value_loss: 0.000
	weight: 0.442, max_weight: 0.700, min_weight: 0.300
	v: 66.888, max_v: 105.940, min_v: -1.796
	q1: 66.947, max_q1: 105.751, min_q1: 0.393
	q2: 66.825, max_q2: 105.588, min_q2: 1.258
	target_q: 66.590, max_target_q: 105.691, min_target_q: -0.251
	avg_conservative_loss: -0.165, conservative_weight:  1.000
	avg_smooth_loss:  15.181

2023-02-25 01:16:10 - Saving checkpoint at step: 196
2023-02-25 01:16:10 - Saved checkpoint at saved_models/hopper-medium-replay-v2/COMFO7_s2_20230224_233707/actor_196
2023-02-25 01:16:10 - Saving checkpoint at step: 196
2023-02-25 01:16:10 - Saved checkpoint at saved_models/hopper-medium-replay-v2/COMFO7_s2_20230224_233707/critic_196
2023-02-25 01:16:10 - Saving checkpoint at step: 196
2023-02-25 01:16:10 - Saved checkpoint at saved_models/hopper-medium-replay-v2/COMFO7_s2_20230224_233707/value_196
2023-02-25 01:16:14 - 
[#Step 980000] eval_reward: 62.540, eval_time: 4.427, time: 99.114
	critic_loss: 3.365, max_critic_loss: 45.884, min_critic_loss: 0.000
	actor_loss: -65.458, max_actor_loss: 1.529, min_actor_loss: -107.223
	value_loss: 1.756, max_value_loss: 86.427, min_value_loss: 0.000
	weight: 0.430, max_weight: 0.700, min_weight: 0.300
	v: 63.532, max_v: 107.826, min_v: -1.885
	q1: 63.775, max_q1: 107.006, min_q1: -0.954
	q2: 63.797, max_q2: 107.457, min_q2: -1.534
	target_q: 63.313, max_target_q: 107.104, min_target_q: 0.086
	avg_conservative_loss: -0.266, conservative_weight:  1.000
	avg_smooth_loss:  16.450

2023-02-25 01:16:41 - Saving checkpoint at step: 197
2023-02-25 01:16:41 - Saved checkpoint at saved_models/hopper-medium-replay-v2/COMFO7_s2_20230224_233707/actor_197
2023-02-25 01:16:41 - Saving checkpoint at step: 197
2023-02-25 01:16:41 - Saved checkpoint at saved_models/hopper-medium-replay-v2/COMFO7_s2_20230224_233707/critic_197
2023-02-25 01:16:41 - Saving checkpoint at step: 197
2023-02-25 01:16:41 - Saved checkpoint at saved_models/hopper-medium-replay-v2/COMFO7_s2_20230224_233707/value_197
2023-02-25 01:16:46 - 
[#Step 985000] eval_reward: 67.803, eval_time: 4.799, time: 99.648
	critic_loss: 3.569, max_critic_loss: 100.139, min_critic_loss: 0.008
	actor_loss: -65.727, max_actor_loss: 0.478, min_actor_loss: -106.916
	value_loss: 0.895, max_value_loss: 48.309, min_value_loss: 0.000
	weight: 0.430, max_weight: 0.700, min_weight: 0.300
	v: 64.196, max_v: 106.206, min_v: -0.751
	q1: 64.201, max_q1: 108.059, min_q1: 0.192
	q2: 64.251, max_q2: 108.500, min_q2: 0.406
	target_q: 63.983, max_target_q: 107.818, min_target_q: -1.252
	avg_conservative_loss: -0.267, conservative_weight:  1.000
	avg_smooth_loss:  15.343

2023-02-25 01:17:13 - Saving checkpoint at step: 198
2023-02-25 01:17:13 - Saved checkpoint at saved_models/hopper-medium-replay-v2/COMFO7_s2_20230224_233707/actor_198
2023-02-25 01:17:13 - Saving checkpoint at step: 198
2023-02-25 01:17:13 - Saved checkpoint at saved_models/hopper-medium-replay-v2/COMFO7_s2_20230224_233707/critic_198
2023-02-25 01:17:13 - Saving checkpoint at step: 198
2023-02-25 01:17:13 - Saved checkpoint at saved_models/hopper-medium-replay-v2/COMFO7_s2_20230224_233707/value_198
2023-02-25 01:17:19 - 
[#Step 990000] eval_reward: 77.676, eval_time: 5.388, time: 100.191
	critic_loss: 3.773, max_critic_loss: 47.183, min_critic_loss: 0.001
	actor_loss: -64.999, max_actor_loss: 5.170, min_actor_loss: -106.052
	value_loss: 2.788, max_value_loss: 338.217, min_value_loss: 0.000
	weight: 0.359, max_weight: 0.700, min_weight: 0.300
	v: 63.830, max_v: 106.706, min_v: -6.772
	q1: 62.751, max_q1: 105.855, min_q1: -8.002
	q2: 62.766, max_q2: 105.664, min_q2: -7.969
	target_q: 63.374, max_target_q: 106.351, min_target_q: -7.964
	avg_conservative_loss: -0.190, conservative_weight:  1.000
	avg_smooth_loss:  14.870

2023-02-25 01:17:46 - Saving checkpoint at step: 199
2023-02-25 01:17:46 - Saved checkpoint at saved_models/hopper-medium-replay-v2/COMFO7_s2_20230224_233707/actor_199
2023-02-25 01:17:46 - Saving checkpoint at step: 199
2023-02-25 01:17:46 - Saved checkpoint at saved_models/hopper-medium-replay-v2/COMFO7_s2_20230224_233707/critic_199
2023-02-25 01:17:46 - Saving checkpoint at step: 199
2023-02-25 01:17:46 - Saved checkpoint at saved_models/hopper-medium-replay-v2/COMFO7_s2_20230224_233707/value_199
2023-02-25 01:17:50 - 
[#Step 995000] eval_reward: 57.144, eval_time: 3.937, time: 100.713
	critic_loss: 2.719, max_critic_loss: 27.194, min_critic_loss: 0.001
	actor_loss: -67.499, max_actor_loss: -1.261, min_actor_loss: -107.554
	value_loss: 1.178, max_value_loss: 71.211, min_value_loss: 0.000
	weight: 0.445, max_weight: 0.700, min_weight: 0.300
	v: 65.966, max_v: 107.684, min_v: -0.878
	q1: 66.179, max_q1: 107.677, min_q1: 0.057
	q2: 66.190, max_q2: 107.280, min_q2: -0.245
	target_q: 66.131, max_target_q: 107.431, min_target_q: -0.833
	avg_conservative_loss: -0.255, conservative_weight:  1.000
	avg_smooth_loss:  16.319

2023-02-25 01:18:17 - Saving checkpoint at step: 200
2023-02-25 01:18:17 - Saved checkpoint at saved_models/hopper-medium-replay-v2/COMFO7_s2_20230224_233707/actor_200
2023-02-25 01:18:17 - Saving checkpoint at step: 200
2023-02-25 01:18:17 - Saved checkpoint at saved_models/hopper-medium-replay-v2/COMFO7_s2_20230224_233707/critic_200
2023-02-25 01:18:17 - Saving checkpoint at step: 200
2023-02-25 01:18:17 - Saved checkpoint at saved_models/hopper-medium-replay-v2/COMFO7_s2_20230224_233707/value_200
2023-02-25 01:18:21 - 
[#Step 1000000] eval_reward: 59.402, eval_time: 4.072, time: 101.235
	critic_loss: 3.040, max_critic_loss: 30.654, min_critic_loss: 0.005
	actor_loss: -68.407, max_actor_loss: 3.510, min_actor_loss: -105.827
	value_loss: 1.160, max_value_loss: 23.529, min_value_loss: 0.000
	weight: 0.427, max_weight: 0.700, min_weight: 0.300
	v: 66.386, max_v: 104.892, min_v: -3.163
	q1: 66.543, max_q1: 105.683, min_q1: -1.121
	q2: 66.459, max_q2: 106.055, min_q2: -1.354
	target_q: 66.085, max_target_q: 104.587, min_target_q: 0.033
	avg_conservative_loss: -0.276, conservative_weight:  1.000
	avg_smooth_loss:  15.982

2023-02-25 01:18:21 - 
Avg eval reward = 67.26

