2023-02-24 01:53:36 - Exp configurations:
algo: COMFO7
alpha: 5.0
batch_size: 256
env_name: walker2d-medium-replay-v2
eval_episodes: 10
eval_freq: 5000
expectile: 0.7
gamma: 0.99
hidden_dims: !!python/tuple
- 256
- 256
initializer: orthogonal
log_dir: 20230223_cw0
lr: 0.0003
max_timesteps: 1000000
mle_alpha: 0.25
model_dir: saved_models
num_random: 10
seed: 0
tau: 0.005
temperature: 3.0

2023-02-24 01:56:14 - 
[#Step 10000] eval_reward: 12.449, eval_time: 2.541, time: 2.633
	critic_loss: 2.255, max_critic_loss: 82.501, min_critic_loss: 0.007
	actor_loss: -23.895, max_actor_loss: 0.433, min_actor_loss: -48.230
	value_loss: 0.102, max_value_loss: 4.288, min_value_loss: 0.000
	weight: 0.508, max_weight: 0.700, min_weight: 0.300
	v: 22.924, max_v: 45.348, min_v: -2.775
	q1: 23.362, max_q1: 46.150, min_q1: -2.544
	q2: 23.740, max_q2: 47.031, min_q2: -1.974
	target_q: 23.260, max_target_q: 45.784, min_target_q: -1.880
	avg_conservative_loss: -0.000, conservative_weight:  0.000
	avg_smooth_loss:  1.100

2023-02-24 01:57:11 - 
[#Step 20000] eval_reward: 3.955, eval_time: 1.103, time: 3.581
	critic_loss: 2.767, max_critic_loss: 90.590, min_critic_loss: 0.000
	actor_loss: -39.388, max_actor_loss: 2.801, min_actor_loss: -73.031
	value_loss: 0.229, max_value_loss: 11.774, min_value_loss: 0.000
	weight: 0.455, max_weight: 0.700, min_weight: 0.300
	v: 38.695, max_v: 72.854, min_v: -5.787
	q1: 38.652, max_q1: 72.640, min_q1: -5.758
	q2: 39.044, max_q2: 71.930, min_q2: -6.820
	target_q: 39.006, max_target_q: 73.185, min_target_q: -6.884
	avg_conservative_loss:  0.002, conservative_weight:  0.000
	avg_smooth_loss:  1.919

2023-02-24 01:58:08 - 
[#Step 30000] eval_reward: 6.838, eval_time: 1.210, time: 4.531
	critic_loss: 2.900, max_critic_loss: 128.631, min_critic_loss: 0.001
	actor_loss: -49.088, max_actor_loss: 5.067, min_actor_loss: -83.165
	value_loss: 0.541, max_value_loss: 18.882, min_value_loss: 0.000
	weight: 0.497, max_weight: 0.700, min_weight: 0.300
	v: 47.869, max_v: 82.416, min_v: -8.737
	q1: 48.220, max_q1: 82.356, min_q1: -6.368
	q2: 48.159, max_q2: 84.193, min_q2: -8.242
	target_q: 48.089, max_target_q: 83.016, min_target_q: 0.089
	avg_conservative_loss: -0.000, conservative_weight:  0.000
	avg_smooth_loss:  2.742

2023-02-24 01:59:06 - 
[#Step 40000] eval_reward: 13.551, eval_time: 2.186, time: 5.496
	critic_loss: 3.970, max_critic_loss: 96.542, min_critic_loss: 0.007
	actor_loss: -50.585, max_actor_loss: 0.492, min_actor_loss: -93.944
	value_loss: 0.373, max_value_loss: 18.945, min_value_loss: 0.000
	weight: 0.480, max_weight: 0.700, min_weight: 0.300
	v: 49.480, max_v: 89.234, min_v: 0.322
	q1: 49.651, max_q1: 89.918, min_q1: 0.236
	q2: 49.734, max_q2: 88.850, min_q2: -0.182
	target_q: 49.471, max_target_q: 89.605, min_target_q: 0.030
	avg_conservative_loss:  0.004, conservative_weight:  0.000
	avg_smooth_loss:  3.317

2023-02-24 02:00:05 - 
[#Step 50000] eval_reward: 13.926, eval_time: 3.113, time: 6.479
	critic_loss: 4.792, max_critic_loss: 213.894, min_critic_loss: 0.002
	actor_loss: -53.218, max_actor_loss: -3.191, min_actor_loss: -97.048
	value_loss: 0.483, max_value_loss: 23.486, min_value_loss: 0.000
	weight: 0.414, max_weight: 0.700, min_weight: 0.300
	v: 52.583, max_v: 96.586, min_v: 2.056
	q1: 52.517, max_q1: 97.330, min_q1: -7.168
	q2: 52.294, max_q2: 95.611, min_q2: -7.522
	target_q: 52.438, max_target_q: 96.985, min_target_q: -8.989
	avg_conservative_loss: -0.006, conservative_weight:  0.000
	avg_smooth_loss:  3.285

2023-02-24 02:01:05 - 
[#Step 60000] eval_reward: 30.278, eval_time: 3.438, time: 7.470
	critic_loss: 5.526, max_critic_loss: 245.583, min_critic_loss: 0.003
	actor_loss: -54.069, max_actor_loss: 7.427, min_actor_loss: -92.413
	value_loss: 0.410, max_value_loss: 6.341, min_value_loss: 0.000
	weight: 0.391, max_weight: 0.700, min_weight: 0.300
	v: 53.542, max_v: 91.113, min_v: -10.155
	q1: 53.387, max_q1: 91.294, min_q1: -10.822
	q2: 53.383, max_q2: 91.960, min_q2: -9.883
	target_q: 53.400, max_target_q: 94.420, min_target_q: 0.719
	avg_conservative_loss:  0.002, conservative_weight:  0.000
	avg_smooth_loss:  3.338

2023-02-24 02:02:03 - 
[#Step 70000] eval_reward: 15.413, eval_time: 2.453, time: 8.438
	critic_loss: 7.546, max_critic_loss: 411.335, min_critic_loss: 0.001
	actor_loss: -53.815, max_actor_loss: 3.017, min_actor_loss: -95.844
	value_loss: 0.550, max_value_loss: 16.752, min_value_loss: 0.000
	weight: 0.464, max_weight: 0.700, min_weight: 0.300
	v: 53.047, max_v: 95.549, min_v: -6.453
	q1: 53.112, max_q1: 95.446, min_q1: -3.164
	q2: 52.979, max_q2: 94.560, min_q2: -2.384
	target_q: 53.254, max_target_q: 95.616, min_target_q: -1.757
	avg_conservative_loss: -0.002, conservative_weight:  0.000
	avg_smooth_loss:  3.706

2023-02-24 02:03:02 - 
[#Step 80000] eval_reward: 17.604, eval_time: 3.284, time: 9.423
	critic_loss: 6.806, max_critic_loss: 454.125, min_critic_loss: 0.011
	actor_loss: -56.158, max_actor_loss: 10.474, min_actor_loss: -100.203
	value_loss: 0.416, max_value_loss: 13.577, min_value_loss: 0.000
	weight: 0.420, max_weight: 0.700, min_weight: 0.300
	v: 55.669, max_v: 99.343, min_v: -10.012
	q1: 55.609, max_q1: 98.845, min_q1: -10.306
	q2: 55.338, max_q2: 98.397, min_q2: -11.074
	target_q: 55.633, max_target_q: 99.444, min_target_q: -10.935
	avg_conservative_loss: -0.006, conservative_weight:  0.000
	avg_smooth_loss:  3.475

2023-02-24 02:04:02 - 
[#Step 90000] eval_reward: 35.151, eval_time: 4.013, time: 10.418
	critic_loss: 6.720, max_critic_loss: 401.289, min_critic_loss: 0.004
	actor_loss: -54.796, max_actor_loss: -0.528, min_actor_loss: -98.374
	value_loss: 0.417, max_value_loss: 12.229, min_value_loss: 0.000
	weight: 0.433, max_weight: 0.700, min_weight: 0.300
	v: 54.125, max_v: 97.809, min_v: 0.411
	q1: 53.920, max_q1: 97.541, min_q1: 0.245
	q2: 54.004, max_q2: 97.282, min_q2: -2.058
	target_q: 53.999, max_target_q: 97.904, min_target_q: -7.239
	avg_conservative_loss: -0.002, conservative_weight:  0.000
	avg_smooth_loss:  3.805

2023-02-24 02:05:01 - 
[#Step 100000] eval_reward: 36.079, eval_time: 3.976, time: 11.415
	critic_loss: 3.760, max_critic_loss: 60.040, min_critic_loss: 0.005
	actor_loss: -53.865, max_actor_loss: 5.071, min_actor_loss: -99.411
	value_loss: 0.586, max_value_loss: 16.264, min_value_loss: 0.000
	weight: 0.430, max_weight: 0.700, min_weight: 0.300
	v: 53.140, max_v: 99.369, min_v: -5.692
	q1: 52.969, max_q1: 98.512, min_q1: -5.455
	q2: 52.767, max_q2: 98.499, min_q2: -5.281
	target_q: 52.835, max_target_q: 100.532, min_target_q: -8.196
	avg_conservative_loss: -0.003, conservative_weight:  0.000
	avg_smooth_loss:  3.922

2023-02-24 02:06:02 - 
[#Step 110000] eval_reward: 36.990, eval_time: 4.815, time: 12.423
	critic_loss: 6.813, max_critic_loss: 513.357, min_critic_loss: 0.002
	actor_loss: -56.688, max_actor_loss: 14.451, min_actor_loss: -96.604
	value_loss: 0.694, max_value_loss: 37.571, min_value_loss: 0.000
	weight: 0.437, max_weight: 0.700, min_weight: 0.300
	v: 55.638, max_v: 93.503, min_v: -10.034
	q1: 55.538, max_q1: 92.657, min_q1: -11.469
	q2: 55.752, max_q2: 93.202, min_q2: -10.133
	target_q: 55.672, max_target_q: 94.147, min_target_q: -11.884
	avg_conservative_loss:  0.002, conservative_weight:  0.000
	avg_smooth_loss:  3.552

2023-02-24 02:07:03 - 
[#Step 120000] eval_reward: 38.416, eval_time: 5.625, time: 13.447
	critic_loss: 6.737, max_critic_loss: 268.985, min_critic_loss: 0.017
	actor_loss: -56.357, max_actor_loss: -1.923, min_actor_loss: -101.830
	value_loss: 0.667, max_value_loss: 14.562, min_value_loss: 0.000
	weight: 0.433, max_weight: 0.700, min_weight: 0.300
	v: 55.919, max_v: 101.680, min_v: 2.933
	q1: 55.472, max_q1: 101.004, min_q1: 1.384
	q2: 55.601, max_q2: 100.893, min_q2: 1.951
	target_q: 56.004, max_target_q: 101.723, min_target_q: 3.800
	avg_conservative_loss: -0.005, conservative_weight:  0.000
	avg_smooth_loss:  3.706

2023-02-24 02:08:03 - 
[#Step 130000] eval_reward: 30.255, eval_time: 4.151, time: 14.446
	critic_loss: 4.132, max_critic_loss: 138.613, min_critic_loss: 0.000
	actor_loss: -56.568, max_actor_loss: 3.559, min_actor_loss: -99.882
	value_loss: 0.419, max_value_loss: 10.790, min_value_loss: 0.000
	weight: 0.420, max_weight: 0.700, min_weight: 0.300
	v: 56.072, max_v: 99.463, min_v: -2.933
	q1: 55.730, max_q1: 97.952, min_q1: -3.270
	q2: 55.735, max_q2: 98.290, min_q2: -4.473
	target_q: 56.018, max_target_q: 97.868, min_target_q: -2.360
	avg_conservative_loss: -0.003, conservative_weight:  0.000
	avg_smooth_loss:  3.786

2023-02-24 02:09:06 - 
[#Step 140000] eval_reward: 66.978, eval_time: 6.752, time: 15.487
	critic_loss: 4.236, max_critic_loss: 103.292, min_critic_loss: 0.003
	actor_loss: -56.870, max_actor_loss: 6.056, min_actor_loss: -96.714
	value_loss: 0.473, max_value_loss: 18.516, min_value_loss: 0.000
	weight: 0.467, max_weight: 0.700, min_weight: 0.300
	v: 55.916, max_v: 96.352, min_v: -7.488
	q1: 56.068, max_q1: 96.071, min_q1: -7.514
	q2: 55.737, max_q2: 96.032, min_q2: -8.561
	target_q: 55.753, max_target_q: 96.359, min_target_q: -9.389
	avg_conservative_loss: -0.001, conservative_weight:  0.000
	avg_smooth_loss:  3.838

2023-02-24 02:10:06 - 
[#Step 150000] eval_reward: 44.481, eval_time: 4.987, time: 16.496
	critic_loss: 6.465, max_critic_loss: 213.527, min_critic_loss: 0.004
	actor_loss: -54.489, max_actor_loss: 1.393, min_actor_loss: -99.038
	value_loss: 0.718, max_value_loss: 35.813, min_value_loss: 0.000
	weight: 0.427, max_weight: 0.700, min_weight: 0.300
	v: 53.647, max_v: 98.168, min_v: -5.668
	q1: 53.396, max_q1: 96.734, min_q1: -5.993
	q2: 53.467, max_q2: 98.333, min_q2: -6.034
	target_q: 53.768, max_target_q: 98.342, min_target_q: -5.302
	avg_conservative_loss: -0.005, conservative_weight:  0.000
	avg_smooth_loss:  4.350

2023-02-24 02:11:07 - 
[#Step 160000] eval_reward: 32.654, eval_time: 4.483, time: 17.503
	critic_loss: 3.622, max_critic_loss: 48.466, min_critic_loss: 0.012
	actor_loss: -54.213, max_actor_loss: 7.166, min_actor_loss: -100.158
	value_loss: 0.872, max_value_loss: 67.903, min_value_loss: 0.000
	weight: 0.469, max_weight: 0.700, min_weight: 0.300
	v: 53.385, max_v: 96.736, min_v: -5.142
	q1: 53.221, max_q1: 98.924, min_q1: -5.874
	q2: 53.334, max_q2: 97.642, min_q2: -4.520
	target_q: 53.636, max_target_q: 97.974, min_target_q: -3.989
	avg_conservative_loss: -0.001, conservative_weight:  0.000
	avg_smooth_loss:  3.638

2023-02-24 02:12:09 - 
[#Step 170000] eval_reward: 56.906, eval_time: 6.253, time: 18.538
	critic_loss: 3.461, max_critic_loss: 51.392, min_critic_loss: 0.009
	actor_loss: -55.591, max_actor_loss: 8.600, min_actor_loss: -93.376
	value_loss: 0.547, max_value_loss: 36.291, min_value_loss: 0.000
	weight: 0.439, max_weight: 0.700, min_weight: 0.300
	v: 55.002, max_v: 93.781, min_v: -9.607
	q1: 54.738, max_q1: 92.228, min_q1: -9.658
	q2: 54.599, max_q2: 92.152, min_q2: -10.606
	target_q: 55.044, max_target_q: 93.653, min_target_q: -10.757
	avg_conservative_loss: -0.004, conservative_weight:  0.000
	avg_smooth_loss:  3.399

2023-02-24 02:13:09 - 
[#Step 180000] eval_reward: 32.634, eval_time: 4.439, time: 19.538
	critic_loss: 4.670, max_critic_loss: 199.283, min_critic_loss: 0.003
	actor_loss: -55.808, max_actor_loss: 7.522, min_actor_loss: -99.305
	value_loss: 0.598, max_value_loss: 45.941, min_value_loss: 0.000
	weight: 0.444, max_weight: 0.700, min_weight: 0.300
	v: 55.127, max_v: 96.390, min_v: -3.891
	q1: 54.767, max_q1: 96.193, min_q1: -2.207
	q2: 54.804, max_q2: 97.457, min_q2: -2.112
	target_q: 55.065, max_target_q: 96.683, min_target_q: -3.209
	avg_conservative_loss: -0.009, conservative_weight:  0.000
	avg_smooth_loss:  3.722

2023-02-24 02:14:12 - 
[#Step 190000] eval_reward: 68.639, eval_time: 7.249, time: 20.591
	critic_loss: 4.291, max_critic_loss: 84.188, min_critic_loss: 0.001
	actor_loss: -56.824, max_actor_loss: -0.434, min_actor_loss: -97.040
	value_loss: 0.851, max_value_loss: 72.826, min_value_loss: 0.000
	weight: 0.438, max_weight: 0.700, min_weight: 0.300
	v: 56.057, max_v: 95.928, min_v: -1.714
	q1: 56.111, max_q1: 95.573, min_q1: -5.495
	q2: 55.705, max_q2: 94.845, min_q2: -4.647
	target_q: 55.680, max_target_q: 95.804, min_target_q: -2.599
	avg_conservative_loss: -0.002, conservative_weight:  0.000
	avg_smooth_loss:  3.819

2023-02-24 02:15:13 - 
[#Step 200000] eval_reward: 38.888, eval_time: 5.169, time: 21.604
	critic_loss: 3.341, max_critic_loss: 73.757, min_critic_loss: 0.006
	actor_loss: -56.948, max_actor_loss: 0.074, min_actor_loss: -94.244
	value_loss: 0.554, max_value_loss: 15.424, min_value_loss: 0.000
	weight: 0.411, max_weight: 0.700, min_weight: 0.300
	v: 56.138, max_v: 93.341, min_v: -3.555
	q1: 56.099, max_q1: 93.381, min_q1: -1.529
	q2: 56.005, max_q2: 93.180, min_q2: -2.391
	target_q: 55.992, max_target_q: 92.727, min_target_q: -5.346
	avg_conservative_loss: -0.004, conservative_weight:  0.000
	avg_smooth_loss:  3.848

2023-02-24 02:16:15 - 
[#Step 210000] eval_reward: 58.404, eval_time: 6.268, time: 22.635
	critic_loss: 5.733, max_critic_loss: 163.000, min_critic_loss: 0.006
	actor_loss: -54.811, max_actor_loss: -0.473, min_actor_loss: -98.090
	value_loss: 0.689, max_value_loss: 14.438, min_value_loss: 0.000
	weight: 0.409, max_weight: 0.700, min_weight: 0.300
	v: 53.771, max_v: 95.750, min_v: -2.050
	q1: 53.795, max_q1: 96.887, min_q1: 0.506
	q2: 53.872, max_q2: 94.290, min_q2: -1.100
	target_q: 53.682, max_target_q: 96.650, min_target_q: -3.469
	avg_conservative_loss:  0.001, conservative_weight:  0.000
	avg_smooth_loss:  3.878

2023-02-24 02:17:17 - 
[#Step 220000] eval_reward: 62.196, eval_time: 6.545, time: 23.673
	critic_loss: 4.907, max_critic_loss: 144.891, min_critic_loss: 0.000
	actor_loss: -54.028, max_actor_loss: 6.566, min_actor_loss: -95.821
	value_loss: 0.703, max_value_loss: 24.652, min_value_loss: 0.000
	weight: 0.417, max_weight: 0.700, min_weight: 0.300
	v: 53.253, max_v: 95.979, min_v: -9.542
	q1: 53.047, max_q1: 92.304, min_q1: -10.218
	q2: 53.317, max_q2: 93.020, min_q2: -7.845
	target_q: 53.162, max_target_q: 94.247, min_target_q: -14.590
	avg_conservative_loss:  0.003, conservative_weight:  0.000
	avg_smooth_loss:  3.742

2023-02-24 02:18:18 - 
[#Step 230000] eval_reward: 44.492, eval_time: 5.994, time: 24.701
	critic_loss: 4.410, max_critic_loss: 141.262, min_critic_loss: 0.003
	actor_loss: -55.566, max_actor_loss: -0.911, min_actor_loss: -98.015
	value_loss: 0.483, max_value_loss: 11.006, min_value_loss: 0.000
	weight: 0.466, max_weight: 0.700, min_weight: 0.300
	v: 54.279, max_v: 96.447, min_v: 1.256
	q1: 54.597, max_q1: 96.832, min_q1: 2.805
	q2: 54.535, max_q2: 96.884, min_q2: 3.294
	target_q: 54.273, max_target_q: 96.924, min_target_q: 4.456
	avg_conservative_loss: -0.001, conservative_weight:  0.000
	avg_smooth_loss:  3.713

2023-02-24 02:19:21 - 
[#Step 240000] eval_reward: 59.765, eval_time: 6.805, time: 25.738
	critic_loss: 3.549, max_critic_loss: 59.371, min_critic_loss: 0.012
	actor_loss: -55.911, max_actor_loss: 5.214, min_actor_loss: -95.050
	value_loss: 0.555, max_value_loss: 29.217, min_value_loss: 0.000
	weight: 0.425, max_weight: 0.700, min_weight: 0.300
	v: 54.820, max_v: 94.049, min_v: -5.611
	q1: 54.838, max_q1: 93.539, min_q1: -6.040
	q2: 54.696, max_q2: 93.735, min_q2: -6.047
	target_q: 54.752, max_target_q: 93.918, min_target_q: -5.867
	avg_conservative_loss: -0.007, conservative_weight:  0.000
	avg_smooth_loss:  3.489

2023-02-24 02:20:22 - 
[#Step 250000] eval_reward: 49.077, eval_time: 5.953, time: 26.761
	critic_loss: 4.509, max_critic_loss: 87.145, min_critic_loss: 0.002
	actor_loss: -54.068, max_actor_loss: -2.004, min_actor_loss: -97.683
	value_loss: 0.625, max_value_loss: 22.777, min_value_loss: 0.000
	weight: 0.491, max_weight: 0.700, min_weight: 0.300
	v: 53.228, max_v: 97.238, min_v: -0.326
	q1: 52.814, max_q1: 95.528, min_q1: -2.161
	q2: 53.201, max_q2: 97.741, min_q2: -0.592
	target_q: 53.508, max_target_q: 97.392, min_target_q: 0.016
	avg_conservative_loss: -0.000, conservative_weight:  0.000
	avg_smooth_loss:  3.678

2023-02-24 02:21:22 - 
[#Step 260000] eval_reward: 35.717, eval_time: 4.706, time: 27.761
	critic_loss: 3.998, max_critic_loss: 122.172, min_critic_loss: 0.005
	actor_loss: -53.838, max_actor_loss: 5.552, min_actor_loss: -96.543
	value_loss: 0.383, max_value_loss: 6.098, min_value_loss: 0.000
	weight: 0.475, max_weight: 0.700, min_weight: 0.300
	v: 52.680, max_v: 92.217, min_v: -3.976
	q1: 52.888, max_q1: 92.924, min_q1: -5.039
	q2: 52.952, max_q2: 92.569, min_q2: -2.631
	target_q: 52.826, max_target_q: 92.133, min_target_q: -3.989
	avg_conservative_loss: -0.006, conservative_weight:  0.000
	avg_smooth_loss:  3.580

2023-02-24 02:22:22 - 
[#Step 270000] eval_reward: 27.899, eval_time: 4.118, time: 28.754
	critic_loss: 3.467, max_critic_loss: 43.242, min_critic_loss: 0.004
	actor_loss: -54.447, max_actor_loss: 8.314, min_actor_loss: -94.760
	value_loss: 0.502, max_value_loss: 8.954, min_value_loss: 0.000
	weight: 0.492, max_weight: 0.700, min_weight: 0.300
	v: 53.107, max_v: 91.440, min_v: -10.291
	q1: 53.297, max_q1: 91.899, min_q1: -6.689
	q2: 53.285, max_q2: 91.634, min_q2: -9.685
	target_q: 53.161, max_target_q: 92.918, min_target_q: -7.833
	avg_conservative_loss: -0.012, conservative_weight:  0.000
	avg_smooth_loss:  3.633

2023-02-24 02:23:24 - 
[#Step 280000] eval_reward: 69.455, eval_time: 6.985, time: 29.794
	critic_loss: 12.697, max_critic_loss: 2127.523, min_critic_loss: 0.004
	actor_loss: -55.003, max_actor_loss: 8.063, min_actor_loss: -92.403
	value_loss: 0.570, max_value_loss: 39.961, min_value_loss: 0.000
	weight: 0.475, max_weight: 0.700, min_weight: 0.300
	v: 53.902, max_v: 92.786, min_v: -8.551
	q1: 54.037, max_q1: 92.636, min_q1: -7.205
	q2: 53.805, max_q2: 93.085, min_q2: -9.122
	target_q: 53.886, max_target_q: 92.730, min_target_q: -11.212
	avg_conservative_loss: -0.008, conservative_weight:  0.000
	avg_smooth_loss:  3.404

2023-02-24 02:24:27 - 
[#Step 290000] eval_reward: 67.621, eval_time: 7.820, time: 30.849
	critic_loss: 3.536, max_critic_loss: 101.957, min_critic_loss: 0.003
	actor_loss: -55.842, max_actor_loss: 8.338, min_actor_loss: -99.602
	value_loss: 0.424, max_value_loss: 7.934, min_value_loss: 0.000
	weight: 0.414, max_weight: 0.700, min_weight: 0.300
	v: 55.578, max_v: 95.631, min_v: -5.494
	q1: 54.928, max_q1: 94.203, min_q1: -9.884
	q2: 55.051, max_q2: 94.369, min_q2: -5.708
	target_q: 55.502, max_target_q: 96.025, min_target_q: -10.492
	avg_conservative_loss: -0.003, conservative_weight:  0.000
	avg_smooth_loss:  3.377

2023-02-24 02:25:27 - 
[#Step 300000] eval_reward: 52.687, eval_time: 6.475, time: 31.850
	critic_loss: 4.865, max_critic_loss: 454.222, min_critic_loss: 0.006
	actor_loss: -52.094, max_actor_loss: -3.921, min_actor_loss: -95.287
	value_loss: 0.595, max_value_loss: 17.233, min_value_loss: 0.000
	weight: 0.530, max_weight: 0.700, min_weight: 0.300
	v: 50.889, max_v: 94.892, min_v: -1.181
	q1: 51.071, max_q1: 94.793, min_q1: -0.572
	q2: 51.000, max_q2: 94.225, min_q2: -0.630
	target_q: 51.140, max_target_q: 95.500, min_target_q: -0.837
	avg_conservative_loss: -0.001, conservative_weight:  0.000
	avg_smooth_loss:  4.262

2023-02-24 02:26:26 - 
[#Step 310000] eval_reward: 39.619, eval_time: 5.193, time: 32.834
	critic_loss: 5.599, max_critic_loss: 201.339, min_critic_loss: 0.005
	actor_loss: -53.248, max_actor_loss: 10.926, min_actor_loss: -94.173
	value_loss: 0.445, max_value_loss: 19.883, min_value_loss: 0.000
	weight: 0.411, max_weight: 0.700, min_weight: 0.300
	v: 52.612, max_v: 94.657, min_v: -9.943
	q1: 52.167, max_q1: 92.435, min_q1: -7.135
	q2: 52.403, max_q2: 94.150, min_q2: -9.681
	target_q: 52.548, max_target_q: 93.474, min_target_q: -6.698
	avg_conservative_loss: -0.002, conservative_weight:  0.000
	avg_smooth_loss:  3.754

2023-02-24 02:27:28 - 
[#Step 320000] eval_reward: 40.456, eval_time: 5.312, time: 33.857
	critic_loss: 3.221, max_critic_loss: 60.616, min_critic_loss: 0.007
	actor_loss: -55.088, max_actor_loss: 11.018, min_actor_loss: -94.836
	value_loss: 0.434, max_value_loss: 12.647, min_value_loss: 0.000
	weight: 0.448, max_weight: 0.700, min_weight: 0.300
	v: 54.091, max_v: 93.221, min_v: -12.889
	q1: 54.083, max_q1: 93.395, min_q1: -13.343
	q2: 53.960, max_q2: 92.224, min_q2: -13.883
	target_q: 54.184, max_target_q: 93.448, min_target_q: -11.737
	avg_conservative_loss: -0.009, conservative_weight:  0.000
	avg_smooth_loss:  3.905

2023-02-24 02:28:28 - 
[#Step 330000] eval_reward: 33.859, eval_time: 4.647, time: 34.865
	critic_loss: 3.873, max_critic_loss: 80.409, min_critic_loss: 0.009
	actor_loss: -55.836, max_actor_loss: 3.241, min_actor_loss: -94.902
	value_loss: 0.629, max_value_loss: 23.490, min_value_loss: 0.000
	weight: 0.534, max_weight: 0.700, min_weight: 0.300
	v: 54.394, max_v: 92.763, min_v: -6.899
	q1: 54.617, max_q1: 92.785, min_q1: -7.965
	q2: 54.456, max_q2: 93.050, min_q2: -5.485
	target_q: 54.648, max_target_q: 93.650, min_target_q: -6.783
	avg_conservative_loss:  0.003, conservative_weight:  0.000
	avg_smooth_loss:  3.601

2023-02-24 02:29:31 - 
[#Step 340000] eval_reward: 69.281, eval_time: 7.212, time: 35.917
	critic_loss: 4.446, max_critic_loss: 139.321, min_critic_loss: 0.003
	actor_loss: -53.639, max_actor_loss: 7.635, min_actor_loss: -96.578
	value_loss: 1.099, max_value_loss: 72.533, min_value_loss: 0.000
	weight: 0.442, max_weight: 0.700, min_weight: 0.300
	v: 52.808, max_v: 94.480, min_v: -9.187
	q1: 52.605, max_q1: 94.849, min_q1: -7.006
	q2: 52.220, max_q2: 94.232, min_q2: -8.511
	target_q: 52.762, max_target_q: 95.200, min_target_q: -8.370
	avg_conservative_loss:  0.006, conservative_weight:  0.000
	avg_smooth_loss:  3.874

2023-02-24 02:30:35 - 
[#Step 350000] eval_reward: 67.498, eval_time: 7.349, time: 36.971
	critic_loss: 3.036, max_critic_loss: 43.917, min_critic_loss: 0.001
	actor_loss: -55.210, max_actor_loss: 5.244, min_actor_loss: -94.754
	value_loss: 0.518, max_value_loss: 15.954, min_value_loss: 0.000
	weight: 0.469, max_weight: 0.700, min_weight: 0.300
	v: 53.882, max_v: 91.056, min_v: -5.467
	q1: 54.134, max_q1: 92.594, min_q1: -7.597
	q2: 53.948, max_q2: 92.839, min_q2: -5.910
	target_q: 53.794, max_target_q: 93.470, min_target_q: -9.899
	avg_conservative_loss: -0.005, conservative_weight:  0.000
	avg_smooth_loss:  3.755

2023-02-24 02:31:36 - 
[#Step 360000] eval_reward: 37.652, eval_time: 5.429, time: 37.995
	critic_loss: 3.934, max_critic_loss: 70.072, min_critic_loss: 0.004
	actor_loss: -53.121, max_actor_loss: 4.716, min_actor_loss: -91.997
	value_loss: 0.741, max_value_loss: 23.730, min_value_loss: 0.000
	weight: 0.448, max_weight: 0.700, min_weight: 0.300
	v: 52.010, max_v: 90.668, min_v: -2.507
	q1: 51.893, max_q1: 90.979, min_q1: -7.248
	q2: 52.074, max_q2: 91.051, min_q2: -4.497
	target_q: 51.989, max_target_q: 90.476, min_target_q: -6.722
	avg_conservative_loss:  0.009, conservative_weight:  0.000
	avg_smooth_loss:  3.792

2023-02-24 02:32:38 - 
[#Step 370000] eval_reward: 57.519, eval_time: 6.334, time: 39.033
	critic_loss: 5.077, max_critic_loss: 94.835, min_critic_loss: 0.004
	actor_loss: -54.697, max_actor_loss: 9.569, min_actor_loss: -93.520
	value_loss: 0.596, max_value_loss: 20.597, min_value_loss: 0.000
	weight: 0.428, max_weight: 0.700, min_weight: 0.300
	v: 53.509, max_v: 90.940, min_v: -11.281
	q1: 53.260, max_q1: 90.587, min_q1: -11.231
	q2: 53.641, max_q2: 91.410, min_q2: -10.060
	target_q: 53.503, max_target_q: 91.218, min_target_q: -11.515
	avg_conservative_loss: -0.009, conservative_weight:  0.000
	avg_smooth_loss:  3.875

2023-02-24 02:33:41 - 
[#Step 380000] eval_reward: 72.323, eval_time: 7.302, time: 40.083
	critic_loss: 3.761, max_critic_loss: 109.806, min_critic_loss: 0.000
	actor_loss: -56.766, max_actor_loss: 8.766, min_actor_loss: -93.228
	value_loss: 0.524, max_value_loss: 17.579, min_value_loss: 0.000
	weight: 0.452, max_weight: 0.700, min_weight: 0.300
	v: 55.863, max_v: 93.494, min_v: -10.553
	q1: 55.802, max_q1: 93.224, min_q1: -12.786
	q2: 55.709, max_q2: 93.982, min_q2: -13.161
	target_q: 55.820, max_target_q: 93.922, min_target_q: -12.135
	avg_conservative_loss: -0.008, conservative_weight:  0.000
	avg_smooth_loss:  3.820

2023-02-24 02:34:44 - 
[#Step 390000] eval_reward: 67.730, eval_time: 6.872, time: 41.124
	critic_loss: 3.167, max_critic_loss: 77.990, min_critic_loss: 0.001
	actor_loss: -55.316, max_actor_loss: 8.673, min_actor_loss: -94.586
	value_loss: 0.489, max_value_loss: 25.431, min_value_loss: 0.000
	weight: 0.427, max_weight: 0.700, min_weight: 0.300
	v: 54.431, max_v: 92.682, min_v: -13.078
	q1: 54.381, max_q1: 92.952, min_q1: -10.333
	q2: 54.103, max_q2: 92.466, min_q2: -12.158
	target_q: 54.437, max_target_q: 92.946, min_target_q: -10.673
	avg_conservative_loss: -0.003, conservative_weight:  0.000
	avg_smooth_loss:  3.639

2023-02-24 02:35:46 - 
[#Step 400000] eval_reward: 58.953, eval_time: 6.545, time: 42.161
	critic_loss: 4.086, max_critic_loss: 82.816, min_critic_loss: 0.006
	actor_loss: -55.261, max_actor_loss: 9.935, min_actor_loss: -97.698
	value_loss: 0.464, max_value_loss: 14.633, min_value_loss: 0.000
	weight: 0.448, max_weight: 0.700, min_weight: 0.300
	v: 54.015, max_v: 96.200, min_v: -8.388
	q1: 54.088, max_q1: 95.326, min_q1: -12.490
	q2: 54.698, max_q2: 95.118, min_q2: -8.630
	target_q: 54.437, max_target_q: 96.487, min_target_q: -7.462
	avg_conservative_loss: -0.002, conservative_weight:  0.000
	avg_smooth_loss:  3.469

2023-02-24 02:36:49 - 
[#Step 410000] eval_reward: 69.948, eval_time: 6.873, time: 43.203
	critic_loss: 3.967, max_critic_loss: 68.489, min_critic_loss: 0.002
	actor_loss: -56.272, max_actor_loss: 6.635, min_actor_loss: -96.592
	value_loss: 0.739, max_value_loss: 38.557, min_value_loss: 0.000
	weight: 0.441, max_weight: 0.700, min_weight: 0.300
	v: 55.210, max_v: 93.429, min_v: -2.508
	q1: 55.061, max_q1: 95.410, min_q1: -4.040
	q2: 55.124, max_q2: 94.874, min_q2: -6.070
	target_q: 55.129, max_target_q: 94.505, min_target_q: -4.284
	avg_conservative_loss: -0.008, conservative_weight:  0.000
	avg_smooth_loss:  3.926

2023-02-24 02:37:50 - 
[#Step 420000] eval_reward: 50.992, eval_time: 5.872, time: 44.232
	critic_loss: 4.183, max_critic_loss: 112.064, min_critic_loss: 0.004
	actor_loss: -54.423, max_actor_loss: 9.626, min_actor_loss: -96.088
	value_loss: 0.990, max_value_loss: 70.839, min_value_loss: 0.000
	weight: 0.459, max_weight: 0.700, min_weight: 0.300
	v: 53.283, max_v: 95.472, min_v: -9.287
	q1: 53.093, max_q1: 94.793, min_q1: -9.006
	q2: 53.439, max_q2: 95.365, min_q2: -9.711
	target_q: 53.174, max_target_q: 95.632, min_target_q: -9.653
	avg_conservative_loss: -0.001, conservative_weight:  0.000
	avg_smooth_loss:  3.810

2023-02-24 02:38:53 - 
[#Step 430000] eval_reward: 62.434, eval_time: 6.585, time: 45.275
	critic_loss: 3.755, max_critic_loss: 65.975, min_critic_loss: 0.002
	actor_loss: -56.751, max_actor_loss: 2.970, min_actor_loss: -98.294
	value_loss: 0.677, max_value_loss: 28.569, min_value_loss: 0.000
	weight: 0.517, max_weight: 0.700, min_weight: 0.300
	v: 55.501, max_v: 96.437, min_v: -8.075
	q1: 55.698, max_q1: 97.601, min_q1: -9.674
	q2: 55.504, max_q2: 95.685, min_q2: -5.552
	target_q: 55.601, max_target_q: 97.402, min_target_q: -6.822
	avg_conservative_loss:  0.002, conservative_weight:  0.000
	avg_smooth_loss:  3.714

2023-02-24 02:39:55 - 
[#Step 440000] eval_reward: 53.169, eval_time: 5.956, time: 46.305
	critic_loss: 4.563, max_critic_loss: 69.956, min_critic_loss: 0.011
	actor_loss: -52.722, max_actor_loss: 10.166, min_actor_loss: -98.236
	value_loss: 0.462, max_value_loss: 11.793, min_value_loss: 0.000
	weight: 0.450, max_weight: 0.700, min_weight: 0.300
	v: 51.478, max_v: 93.702, min_v: -13.184
	q1: 51.633, max_q1: 93.927, min_q1: -10.481
	q2: 51.946, max_q2: 94.722, min_q2: -11.144
	target_q: 51.358, max_target_q: 93.809, min_target_q: -12.752
	avg_conservative_loss: -0.002, conservative_weight:  0.000
	avg_smooth_loss:  3.584

2023-02-24 02:40:58 - 
[#Step 450000] eval_reward: 73.529, eval_time: 7.375, time: 47.355
	critic_loss: 5.042, max_critic_loss: 113.372, min_critic_loss: 0.001
	actor_loss: -54.108, max_actor_loss: 5.391, min_actor_loss: -91.313
	value_loss: 0.783, max_value_loss: 26.431, min_value_loss: 0.000
	weight: 0.428, max_weight: 0.700, min_weight: 0.300
	v: 53.185, max_v: 90.074, min_v: -8.482
	q1: 52.955, max_q1: 89.880, min_q1: -8.136
	q2: 53.122, max_q2: 89.793, min_q2: -8.564
	target_q: 53.049, max_target_q: 90.265, min_target_q: -11.103
	avg_conservative_loss: -0.003, conservative_weight:  0.000
	avg_smooth_loss:  3.754

2023-02-24 02:41:59 - 
[#Step 460000] eval_reward: 45.958, eval_time: 5.290, time: 48.376
	critic_loss: 4.617, max_critic_loss: 217.186, min_critic_loss: 0.000
	actor_loss: -55.795, max_actor_loss: 1.594, min_actor_loss: -95.293
	value_loss: 0.637, max_value_loss: 19.474, min_value_loss: 0.000
	weight: 0.402, max_weight: 0.700, min_weight: 0.300
	v: 54.547, max_v: 95.756, min_v: -1.974
	q1: 54.643, max_q1: 94.306, min_q1: -0.670
	q2: 54.631, max_q2: 95.881, min_q2: -3.779
	target_q: 54.264, max_target_q: 95.387, min_target_q: -2.526
	avg_conservative_loss: -0.007, conservative_weight:  0.000
	avg_smooth_loss:  3.492

2023-02-24 02:43:01 - 
[#Step 470000] eval_reward: 64.942, eval_time: 6.609, time: 49.418
	critic_loss: 4.051, max_critic_loss: 111.310, min_critic_loss: 0.002
	actor_loss: -54.138, max_actor_loss: 5.618, min_actor_loss: -94.145
	value_loss: 0.520, max_value_loss: 11.005, min_value_loss: 0.000
	weight: 0.397, max_weight: 0.700, min_weight: 0.300
	v: 53.661, max_v: 92.363, min_v: -4.055
	q1: 53.490, max_q1: 91.822, min_q1: -2.391
	q2: 53.299, max_q2: 91.190, min_q2: -3.757
	target_q: 53.744, max_target_q: 92.659, min_target_q: -5.239
	avg_conservative_loss: -0.002, conservative_weight:  0.000
	avg_smooth_loss:  3.506

2023-02-24 02:44:03 - 
[#Step 480000] eval_reward: 51.559, eval_time: 5.961, time: 50.449
	critic_loss: 4.825, max_critic_loss: 87.604, min_critic_loss: 0.002
	actor_loss: -56.316, max_actor_loss: 6.382, min_actor_loss: -92.830
	value_loss: 0.403, max_value_loss: 16.038, min_value_loss: 0.000
	weight: 0.439, max_weight: 0.700, min_weight: 0.300
	v: 55.275, max_v: 92.276, min_v: -3.680
	q1: 55.401, max_q1: 92.513, min_q1: -4.305
	q2: 55.282, max_q2: 91.511, min_q2: -5.563
	target_q: 55.182, max_target_q: 92.550, min_target_q: -8.568
	avg_conservative_loss: -0.003, conservative_weight:  0.000
	avg_smooth_loss:  3.441

2023-02-24 02:45:08 - 
[#Step 490000] eval_reward: 72.772, eval_time: 8.885, time: 51.526
	critic_loss: 3.680, max_critic_loss: 85.664, min_critic_loss: 0.005
	actor_loss: -53.633, max_actor_loss: 5.687, min_actor_loss: -94.858
	value_loss: 0.447, max_value_loss: 10.066, min_value_loss: 0.000
	weight: 0.466, max_weight: 0.700, min_weight: 0.300
	v: 52.613, max_v: 92.639, min_v: -3.472
	q1: 52.589, max_q1: 93.035, min_q1: -4.369
	q2: 52.893, max_q2: 92.744, min_q2: -3.121
	target_q: 52.630, max_target_q: 92.680, min_target_q: -1.745
	avg_conservative_loss: -0.000, conservative_weight:  0.000
	avg_smooth_loss:  3.855

2023-02-24 02:46:10 - 
[#Step 500000] eval_reward: 52.996, eval_time: 5.992, time: 52.554
	critic_loss: 4.139, max_critic_loss: 134.091, min_critic_loss: 0.001
	actor_loss: -53.727, max_actor_loss: 6.529, min_actor_loss: -94.544
	value_loss: 0.443, max_value_loss: 12.541, min_value_loss: 0.000
	weight: 0.475, max_weight: 0.700, min_weight: 0.300
	v: 52.434, max_v: 93.271, min_v: -10.822
	q1: 52.563, max_q1: 92.680, min_q1: -9.945
	q2: 52.384, max_q2: 92.754, min_q2: -9.045
	target_q: 52.274, max_target_q: 91.506, min_target_q: -10.200
	avg_conservative_loss:  0.002, conservative_weight:  0.000
	avg_smooth_loss:  3.611

2023-02-24 02:47:11 - 
[#Step 510000] eval_reward: 50.479, eval_time: 6.016, time: 53.579
	critic_loss: 3.372, max_critic_loss: 53.361, min_critic_loss: 0.001
	actor_loss: -55.558, max_actor_loss: 9.841, min_actor_loss: -93.515
	value_loss: 0.400, max_value_loss: 5.060, min_value_loss: 0.000
	weight: 0.463, max_weight: 0.700, min_weight: 0.300
	v: 54.524, max_v: 92.384, min_v: -7.741
	q1: 54.622, max_q1: 92.774, min_q1: -7.366
	q2: 54.373, max_q2: 92.709, min_q2: -6.617
	target_q: 54.572, max_target_q: 92.734, min_target_q: -9.817
	avg_conservative_loss: -0.002, conservative_weight:  0.000
	avg_smooth_loss:  3.775

2023-02-24 02:48:14 - 
[#Step 520000] eval_reward: 61.099, eval_time: 6.955, time: 54.622
	critic_loss: 3.509, max_critic_loss: 51.778, min_critic_loss: 0.002
	actor_loss: -55.228, max_actor_loss: 3.786, min_actor_loss: -90.981
	value_loss: 0.452, max_value_loss: 6.866, min_value_loss: 0.000
	weight: 0.425, max_weight: 0.700, min_weight: 0.300
	v: 54.142, max_v: 90.016, min_v: -3.292
	q1: 54.264, max_q1: 90.668, min_q1: -3.799
	q2: 54.108, max_q2: 89.796, min_q2: -3.963
	target_q: 54.199, max_target_q: 90.725, min_target_q: -2.991
	avg_conservative_loss:  0.002, conservative_weight:  0.000
	avg_smooth_loss:  3.206

2023-02-24 02:49:17 - 
[#Step 530000] eval_reward: 64.959, eval_time: 7.766, time: 55.681
	critic_loss: 3.725, max_critic_loss: 66.296, min_critic_loss: 0.001
	actor_loss: -54.117, max_actor_loss: 1.190, min_actor_loss: -92.546
	value_loss: 0.541, max_value_loss: 11.108, min_value_loss: 0.000
	weight: 0.509, max_weight: 0.700, min_weight: 0.300
	v: 52.722, max_v: 88.582, min_v: -0.811
	q1: 52.996, max_q1: 88.701, min_q1: -3.253
	q2: 53.130, max_q2: 89.313, min_q2: -0.825
	target_q: 52.922, max_target_q: 88.845, min_target_q: -1.149
	avg_conservative_loss: -0.003, conservative_weight:  0.000
	avg_smooth_loss:  3.656

2023-02-24 02:50:19 - 
[#Step 540000] eval_reward: 57.685, eval_time: 6.464, time: 56.718
	critic_loss: 7.244, max_critic_loss: 888.798, min_critic_loss: 0.000
	actor_loss: -53.044, max_actor_loss: 11.628, min_actor_loss: -94.103
	value_loss: 0.526, max_value_loss: 15.960, min_value_loss: 0.000
	weight: 0.452, max_weight: 0.700, min_weight: 0.300
	v: 52.329, max_v: 92.259, min_v: -9.349
	q1: 51.956, max_q1: 93.049, min_q1: -9.825
	q2: 52.370, max_q2: 93.403, min_q2: -10.112
	target_q: 52.192, max_target_q: 92.462, min_target_q: -10.414
	avg_conservative_loss: -0.003, conservative_weight:  0.000
	avg_smooth_loss:  3.411

2023-02-24 02:51:22 - 
[#Step 550000] eval_reward: 57.713, eval_time: 6.949, time: 57.761
	critic_loss: 4.608, max_critic_loss: 183.657, min_critic_loss: 0.004
	actor_loss: -54.561, max_actor_loss: 1.405, min_actor_loss: -93.939
	value_loss: 0.546, max_value_loss: 21.318, min_value_loss: 0.000
	weight: 0.492, max_weight: 0.700, min_weight: 0.300
	v: 53.211, max_v: 92.366, min_v: -0.973
	q1: 53.675, max_q1: 92.110, min_q1: -1.456
	q2: 53.145, max_q2: 91.554, min_q2: -1.507
	target_q: 53.156, max_target_q: 92.465, min_target_q: -8.646
	avg_conservative_loss: -0.006, conservative_weight:  0.000
	avg_smooth_loss:  3.473

2023-02-24 02:52:24 - 
[#Step 560000] eval_reward: 61.496, eval_time: 6.770, time: 58.799
	critic_loss: 3.884, max_critic_loss: 151.919, min_critic_loss: 0.010
	actor_loss: -52.887, max_actor_loss: 1.870, min_actor_loss: -92.211
	value_loss: 1.236, max_value_loss: 126.344, min_value_loss: 0.000
	weight: 0.473, max_weight: 0.700, min_weight: 0.300
	v: 51.792, max_v: 91.557, min_v: -1.566
	q1: 51.428, max_q1: 90.300, min_q1: -3.003
	q2: 52.045, max_q2: 91.744, min_q2: -1.763
	target_q: 51.924, max_target_q: 91.510, min_target_q: -0.949
	avg_conservative_loss:  0.001, conservative_weight:  0.000
	avg_smooth_loss:  3.501

2023-02-24 02:53:27 - 
[#Step 570000] eval_reward: 66.653, eval_time: 6.951, time: 59.845
	critic_loss: 4.219, max_critic_loss: 118.775, min_critic_loss: 0.001
	actor_loss: -53.963, max_actor_loss: 10.233, min_actor_loss: -96.587
	value_loss: 0.465, max_value_loss: 7.921, min_value_loss: 0.000
	weight: 0.484, max_weight: 0.700, min_weight: 0.300
	v: 52.655, max_v: 93.960, min_v: -9.140
	q1: 52.676, max_q1: 95.521, min_q1: -9.048
	q2: 52.738, max_q2: 95.161, min_q2: -9.799
	target_q: 52.768, max_target_q: 93.981, min_target_q: -9.422
	avg_conservative_loss: -0.002, conservative_weight:  0.000
	avg_smooth_loss:  4.091

2023-02-24 02:54:29 - 
[#Step 580000] eval_reward: 51.849, eval_time: 5.688, time: 60.872
	critic_loss: 3.015, max_critic_loss: 44.051, min_critic_loss: 0.003
	actor_loss: -55.613, max_actor_loss: 9.050, min_actor_loss: -94.047
	value_loss: 0.422, max_value_loss: 7.478, min_value_loss: 0.000
	weight: 0.455, max_weight: 0.700, min_weight: 0.300
	v: 54.359, max_v: 91.886, min_v: -11.056
	q1: 54.322, max_q1: 92.566, min_q1: -10.781
	q2: 54.548, max_q2: 92.178, min_q2: -9.671
	target_q: 54.587, max_target_q: 92.177, min_target_q: -12.605
	avg_conservative_loss: -0.005, conservative_weight:  0.000
	avg_smooth_loss:  3.480

2023-02-24 02:55:31 - 
[#Step 590000] eval_reward: 64.054, eval_time: 6.647, time: 61.914
	critic_loss: 5.014, max_critic_loss: 252.292, min_critic_loss: 0.004
	actor_loss: -55.392, max_actor_loss: 9.349, min_actor_loss: -93.873
	value_loss: 0.710, max_value_loss: 35.271, min_value_loss: 0.000
	weight: 0.394, max_weight: 0.700, min_weight: 0.300
	v: 54.454, max_v: 91.982, min_v: -8.357
	q1: 54.282, max_q1: 92.169, min_q1: -10.544
	q2: 54.223, max_q2: 91.514, min_q2: -8.341
	target_q: 54.483, max_target_q: 91.689, min_target_q: -7.319
	avg_conservative_loss: -0.011, conservative_weight:  0.000
	avg_smooth_loss:  3.746

2023-02-24 02:56:33 - 
[#Step 600000] eval_reward: 48.975, eval_time: 5.851, time: 62.940
	critic_loss: 4.603, max_critic_loss: 162.413, min_critic_loss: 0.004
	actor_loss: -53.450, max_actor_loss: 9.161, min_actor_loss: -93.941
	value_loss: 0.590, max_value_loss: 11.906, min_value_loss: 0.000
	weight: 0.417, max_weight: 0.700, min_weight: 0.300
	v: 52.078, max_v: 90.526, min_v: -7.576
	q1: 52.063, max_q1: 89.915, min_q1: -7.124
	q2: 51.848, max_q2: 92.426, min_q2: -7.774
	target_q: 51.745, max_target_q: 90.483, min_target_q: -9.509
	avg_conservative_loss: -0.003, conservative_weight:  0.000
	avg_smooth_loss:  3.902

2023-02-24 02:57:35 - 
[#Step 610000] eval_reward: 46.159, eval_time: 5.686, time: 63.969
	critic_loss: 4.287, max_critic_loss: 98.617, min_critic_loss: 0.005
	actor_loss: -53.305, max_actor_loss: 0.922, min_actor_loss: -91.509
	value_loss: 0.531, max_value_loss: 8.772, min_value_loss: 0.000
	weight: 0.461, max_weight: 0.700, min_weight: 0.300
	v: 52.135, max_v: 89.959, min_v: -2.009
	q1: 52.034, max_q1: 90.720, min_q1: -0.630
	q2: 52.490, max_q2: 90.424, min_q2: 0.202
	target_q: 52.307, max_target_q: 91.560, min_target_q: -1.731
	avg_conservative_loss: -0.001, conservative_weight:  0.000
	avg_smooth_loss:  3.375

2023-02-24 02:58:34 - 
[#Step 620000] eval_reward: 28.157, eval_time: 3.838, time: 64.963
	critic_loss: 5.392, max_critic_loss: 136.443, min_critic_loss: 0.003
	actor_loss: -53.736, max_actor_loss: 6.441, min_actor_loss: -94.964
	value_loss: 0.755, max_value_loss: 29.508, min_value_loss: 0.000
	weight: 0.414, max_weight: 0.700, min_weight: 0.300
	v: 52.364, max_v: 91.969, min_v: -5.917
	q1: 52.649, max_q1: 92.296, min_q1: -5.974
	q2: 52.120, max_q2: 91.532, min_q2: -5.790
	target_q: 52.215, max_target_q: 92.037, min_target_q: -6.426
	avg_conservative_loss:  0.001, conservative_weight:  0.000
	avg_smooth_loss:  3.615

2023-02-24 02:59:36 - 
[#Step 630000] eval_reward: 62.203, eval_time: 6.508, time: 65.999
	critic_loss: 4.311, max_critic_loss: 67.027, min_critic_loss: 0.004
	actor_loss: -53.403, max_actor_loss: -1.165, min_actor_loss: -91.090
	value_loss: 0.617, max_value_loss: 13.562, min_value_loss: 0.000
	weight: 0.462, max_weight: 0.700, min_weight: 0.300
	v: 52.198, max_v: 90.172, min_v: -0.104
	q1: 52.435, max_q1: 89.960, min_q1: 0.135
	q2: 52.178, max_q2: 89.806, min_q2: -0.555
	target_q: 52.163, max_target_q: 91.287, min_target_q: -4.028
	avg_conservative_loss: -0.006, conservative_weight:  0.000
	avg_smooth_loss:  3.511

2023-02-24 03:00:38 - 
[#Step 640000] eval_reward: 53.584, eval_time: 6.471, time: 67.033
	critic_loss: 5.221, max_critic_loss: 315.223, min_critic_loss: 0.004
	actor_loss: -53.285, max_actor_loss: 6.614, min_actor_loss: -92.350
	value_loss: 1.327, max_value_loss: 118.821, min_value_loss: 0.000
	weight: 0.458, max_weight: 0.700, min_weight: 0.300
	v: 52.312, max_v: 90.683, min_v: -7.511
	q1: 52.223, max_q1: 90.760, min_q1: -7.557
	q2: 52.082, max_q2: 90.403, min_q2: -7.835
	target_q: 52.162, max_target_q: 90.276, min_target_q: -8.153
	avg_conservative_loss: -0.004, conservative_weight:  0.000
	avg_smooth_loss:  3.955

2023-02-24 03:01:40 - 
[#Step 650000] eval_reward: 60.446, eval_time: 6.333, time: 68.066
	critic_loss: 5.930, max_critic_loss: 226.872, min_critic_loss: 0.001
	actor_loss: -54.053, max_actor_loss: 9.244, min_actor_loss: -93.795
	value_loss: 0.835, max_value_loss: 61.521, min_value_loss: 0.000
	weight: 0.381, max_weight: 0.700, min_weight: 0.300
	v: 53.536, max_v: 92.174, min_v: -7.915
	q1: 52.674, max_q1: 90.496, min_q1: -9.321
	q2: 53.312, max_q2: 91.479, min_q2: -8.916
	target_q: 53.469, max_target_q: 93.199, min_target_q: -8.027
	avg_conservative_loss: -0.012, conservative_weight:  0.000
	avg_smooth_loss:  4.007

2023-02-24 03:02:43 - 
[#Step 660000] eval_reward: 66.386, eval_time: 6.594, time: 69.105
	critic_loss: 4.686, max_critic_loss: 135.825, min_critic_loss: 0.001
	actor_loss: -54.199, max_actor_loss: 4.995, min_actor_loss: -94.381
	value_loss: 0.522, max_value_loss: 13.449, min_value_loss: 0.000
	weight: 0.452, max_weight: 0.700, min_weight: 0.300
	v: 53.083, max_v: 92.298, min_v: -6.902
	q1: 53.151, max_q1: 92.964, min_q1: -6.823
	q2: 53.566, max_q2: 93.111, min_q2: -6.439
	target_q: 53.117, max_target_q: 92.390, min_target_q: -6.518
	avg_conservative_loss:  0.000, conservative_weight:  0.000
	avg_smooth_loss:  3.769

2023-02-24 03:03:46 - 
[#Step 670000] eval_reward: 76.958, eval_time: 7.727, time: 70.162
	critic_loss: 4.660, max_critic_loss: 77.645, min_critic_loss: 0.002
	actor_loss: -54.670, max_actor_loss: 0.139, min_actor_loss: -93.768
	value_loss: 0.687, max_value_loss: 12.629, min_value_loss: 0.000
	weight: 0.472, max_weight: 0.700, min_weight: 0.300
	v: 53.454, max_v: 91.255, min_v: -0.767
	q1: 53.615, max_q1: 91.363, min_q1: -0.824
	q2: 53.648, max_q2: 91.997, min_q2: -3.116
	target_q: 53.584, max_target_q: 92.399, min_target_q: -0.294
	avg_conservative_loss: -0.005, conservative_weight:  0.000
	avg_smooth_loss:  3.812

2023-02-24 03:04:50 - 
[#Step 680000] eval_reward: 76.620, eval_time: 7.665, time: 71.219
	critic_loss: 3.468, max_critic_loss: 58.019, min_critic_loss: 0.000
	actor_loss: -52.783, max_actor_loss: 8.681, min_actor_loss: -93.863
	value_loss: 0.623, max_value_loss: 12.906, min_value_loss: 0.000
	weight: 0.414, max_weight: 0.700, min_weight: 0.300
	v: 52.026, max_v: 92.937, min_v: -6.991
	q1: 51.785, max_q1: 93.234, min_q1: -6.605
	q2: 51.843, max_q2: 92.883, min_q2: -7.261
	target_q: 51.834, max_target_q: 92.423, min_target_q: -8.182
	avg_conservative_loss:  0.002, conservative_weight:  0.000
	avg_smooth_loss:  3.924

2023-02-24 03:05:53 - 
[#Step 690000] eval_reward: 67.029, eval_time: 7.219, time: 72.269
	critic_loss: 3.661, max_critic_loss: 81.240, min_critic_loss: 0.002
	actor_loss: -53.496, max_actor_loss: 9.211, min_actor_loss: -91.435
	value_loss: 0.679, max_value_loss: 29.204, min_value_loss: 0.000
	weight: 0.494, max_weight: 0.700, min_weight: 0.300
	v: 52.087, max_v: 89.843, min_v: -8.871
	q1: 52.472, max_q1: 90.297, min_q1: -10.199
	q2: 52.223, max_q2: 90.349, min_q2: -9.291
	target_q: 52.096, max_target_q: 90.346, min_target_q: -9.465
	avg_conservative_loss: -0.005, conservative_weight:  0.000
	avg_smooth_loss:  3.389

2023-02-24 03:06:56 - 
[#Step 700000] eval_reward: 69.872, eval_time: 7.170, time: 73.319
	critic_loss: 5.295, max_critic_loss: 140.240, min_critic_loss: 0.001
	actor_loss: -53.850, max_actor_loss: 6.740, min_actor_loss: -93.329
	value_loss: 0.613, max_value_loss: 18.764, min_value_loss: 0.000
	weight: 0.484, max_weight: 0.700, min_weight: 0.300
	v: 52.328, max_v: 91.458, min_v: -6.607
	q1: 52.605, max_q1: 89.954, min_q1: -6.001
	q2: 52.573, max_q2: 91.602, min_q2: -4.911
	target_q: 51.997, max_target_q: 92.238, min_target_q: -5.867
	avg_conservative_loss: -0.007, conservative_weight:  0.000
	avg_smooth_loss:  3.672

2023-02-24 03:07:57 - 
[#Step 710000] eval_reward: 59.250, eval_time: 6.179, time: 74.350
	critic_loss: 3.861, max_critic_loss: 51.605, min_critic_loss: 0.004
	actor_loss: -53.265, max_actor_loss: 10.031, min_actor_loss: -92.434
	value_loss: 1.125, max_value_loss: 151.641, min_value_loss: 0.000
	weight: 0.419, max_weight: 0.700, min_weight: 0.300
	v: 52.221, max_v: 92.026, min_v: -7.868
	q1: 52.095, max_q1: 91.750, min_q1: -7.884
	q2: 52.002, max_q2: 90.564, min_q2: -8.972
	target_q: 52.126, max_target_q: 91.965, min_target_q: -9.870
	avg_conservative_loss:  0.002, conservative_weight:  0.000
	avg_smooth_loss:  3.736

2023-02-24 03:09:00 - 
[#Step 720000] eval_reward: 62.394, eval_time: 6.502, time: 75.387
	critic_loss: 2.790, max_critic_loss: 64.017, min_critic_loss: 0.003
	actor_loss: -54.804, max_actor_loss: 9.287, min_actor_loss: -91.717
	value_loss: 0.455, max_value_loss: 14.666, min_value_loss: 0.000
	weight: 0.420, max_weight: 0.700, min_weight: 0.300
	v: 53.786, max_v: 90.900, min_v: -7.427
	q1: 53.768, max_q1: 89.657, min_q1: -7.578
	q2: 53.792, max_q2: 90.166, min_q2: -7.569
	target_q: 53.720, max_target_q: 91.500, min_target_q: -7.495
	avg_conservative_loss:  0.000, conservative_weight:  0.000
	avg_smooth_loss:  2.991

2023-02-24 03:10:03 - 
[#Step 730000] eval_reward: 76.596, eval_time: 7.634, time: 76.447
	critic_loss: 5.095, max_critic_loss: 62.109, min_critic_loss: 0.001
	actor_loss: -52.654, max_actor_loss: 0.079, min_actor_loss: -91.433
	value_loss: 0.717, max_value_loss: 28.678, min_value_loss: 0.000
	weight: 0.462, max_weight: 0.700, min_weight: 0.300
	v: 51.730, max_v: 90.610, min_v: -2.781
	q1: 51.809, max_q1: 90.888, min_q1: -3.428
	q2: 51.338, max_q2: 89.753, min_q2: -3.207
	target_q: 51.666, max_target_q: 89.689, min_target_q: -6.023
	avg_conservative_loss: -0.004, conservative_weight:  0.000
	avg_smooth_loss:  3.955

2023-02-24 03:11:06 - 
[#Step 740000] eval_reward: 73.858, eval_time: 7.241, time: 77.500
	critic_loss: 3.185, max_critic_loss: 79.033, min_critic_loss: 0.001
	actor_loss: -55.858, max_actor_loss: 4.477, min_actor_loss: -94.185
	value_loss: 0.392, max_value_loss: 7.763, min_value_loss: 0.000
	weight: 0.503, max_weight: 0.700, min_weight: 0.300
	v: 54.739, max_v: 94.040, min_v: -5.345
	q1: 55.073, max_q1: 93.331, min_q1: -1.895
	q2: 54.649, max_q2: 93.489, min_q2: -5.789
	target_q: 54.910, max_target_q: 93.720, min_target_q: -3.823
	avg_conservative_loss:  0.001, conservative_weight:  0.000
	avg_smooth_loss:  3.501

2023-02-24 03:12:09 - 
[#Step 750000] eval_reward: 61.467, eval_time: 6.276, time: 78.534
	critic_loss: 4.094, max_critic_loss: 71.182, min_critic_loss: 0.002
	actor_loss: -53.086, max_actor_loss: 7.374, min_actor_loss: -94.702
	value_loss: 1.495, max_value_loss: 118.587, min_value_loss: 0.000
	weight: 0.431, max_weight: 0.700, min_weight: 0.300
	v: 51.995, max_v: 91.594, min_v: -6.909
	q1: 51.859, max_q1: 91.425, min_q1: -6.300
	q2: 51.806, max_q2: 91.327, min_q2: -6.155
	target_q: 51.965, max_target_q: 91.762, min_target_q: -5.969
	avg_conservative_loss: -0.003, conservative_weight:  0.000
	avg_smooth_loss:  3.883

2023-02-24 03:13:11 - 
[#Step 760000] eval_reward: 58.184, eval_time: 6.705, time: 79.578
	critic_loss: 4.416, max_critic_loss: 154.575, min_critic_loss: 0.003
	actor_loss: -54.510, max_actor_loss: 9.050, min_actor_loss: -93.161
	value_loss: 0.703, max_value_loss: 47.723, min_value_loss: 0.000
	weight: 0.409, max_weight: 0.700, min_weight: 0.300
	v: 53.606, max_v: 92.606, min_v: -6.223
	q1: 53.575, max_q1: 91.933, min_q1: -6.981
	q2: 53.162, max_q2: 91.034, min_q2: -7.380
	target_q: 53.503, max_target_q: 92.888, min_target_q: -3.884
	avg_conservative_loss: -0.012, conservative_weight:  0.000
	avg_smooth_loss:  3.576

2023-02-24 03:14:15 - 
[#Step 770000] eval_reward: 78.000, eval_time: 8.060, time: 80.640
	critic_loss: 3.332, max_critic_loss: 151.364, min_critic_loss: 0.000
	actor_loss: -55.099, max_actor_loss: 5.080, min_actor_loss: -91.867
	value_loss: 0.914, max_value_loss: 74.841, min_value_loss: 0.000
	weight: 0.458, max_weight: 0.700, min_weight: 0.300
	v: 54.035, max_v: 90.374, min_v: -4.483
	q1: 54.096, max_q1: 90.532, min_q1: -2.265
	q2: 53.726, max_q2: 89.533, min_q2: -5.857
	target_q: 53.928, max_target_q: 90.299, min_target_q: -2.202
	avg_conservative_loss: -0.006, conservative_weight:  0.000
	avg_smooth_loss:  3.698

2023-02-24 03:15:14 - 
[#Step 780000] eval_reward: 25.558, eval_time: 3.076, time: 81.619
	critic_loss: 3.012, max_critic_loss: 34.524, min_critic_loss: 0.006
	actor_loss: -53.865, max_actor_loss: 7.262, min_actor_loss: -91.488
	value_loss: 0.529, max_value_loss: 14.256, min_value_loss: 0.000
	weight: 0.456, max_weight: 0.700, min_weight: 0.300
	v: 52.872, max_v: 89.810, min_v: -9.763
	q1: 52.970, max_q1: 89.460, min_q1: -9.656
	q2: 52.691, max_q2: 90.769, min_q2: -8.122
	target_q: 53.119, max_target_q: 91.227, min_target_q: -8.792
	avg_conservative_loss: -0.002, conservative_weight:  0.000
	avg_smooth_loss:  3.465

2023-02-24 03:16:16 - 
[#Step 790000] eval_reward: 72.731, eval_time: 7.423, time: 82.666
	critic_loss: 5.151, max_critic_loss: 99.097, min_critic_loss: 0.001
	actor_loss: -50.283, max_actor_loss: 10.420, min_actor_loss: -94.242
	value_loss: 0.719, max_value_loss: 41.797, min_value_loss: 0.000
	weight: 0.484, max_weight: 0.700, min_weight: 0.300
	v: 48.776, max_v: 90.596, min_v: -7.666
	q1: 49.021, max_q1: 90.863, min_q1: -8.080
	q2: 49.286, max_q2: 92.082, min_q2: -7.252
	target_q: 48.606, max_target_q: 91.116, min_target_q: -8.299
	avg_conservative_loss: -0.004, conservative_weight:  0.000
	avg_smooth_loss:  3.808

2023-02-24 03:17:19 - 
[#Step 800000] eval_reward: 65.516, eval_time: 6.881, time: 83.708
	critic_loss: 3.737, max_critic_loss: 89.520, min_critic_loss: 0.001
	actor_loss: -53.608, max_actor_loss: 9.396, min_actor_loss: -92.512
	value_loss: 0.905, max_value_loss: 53.365, min_value_loss: 0.000
	weight: 0.534, max_weight: 0.700, min_weight: 0.300
	v: 51.916, max_v: 91.584, min_v: -9.895
	q1: 52.298, max_q1: 92.902, min_q1: -10.919
	q2: 52.250, max_q2: 92.209, min_q2: -10.805
	target_q: 51.904, max_target_q: 90.881, min_target_q: -10.256
	avg_conservative_loss: -0.003, conservative_weight:  0.000
	avg_smooth_loss:  3.790

2023-02-24 03:18:20 - 
[#Step 810000] eval_reward: 45.473, eval_time: 4.950, time: 84.719
	critic_loss: 3.482, max_critic_loss: 51.010, min_critic_loss: 0.003
	actor_loss: -50.303, max_actor_loss: 10.766, min_actor_loss: -95.714
	value_loss: 0.389, max_value_loss: 9.692, min_value_loss: 0.000
	weight: 0.417, max_weight: 0.700, min_weight: 0.300
	v: 49.579, max_v: 92.870, min_v: -10.196
	q1: 49.314, max_q1: 93.533, min_q1: -10.345
	q2: 49.784, max_q2: 93.171, min_q2: -10.236
	target_q: 49.686, max_target_q: 92.437, min_target_q: -10.081
	avg_conservative_loss: -0.005, conservative_weight:  0.000
	avg_smooth_loss:  3.382

2023-02-24 03:19:22 - 
[#Step 820000] eval_reward: 67.502, eval_time: 6.973, time: 85.762
	critic_loss: 4.986, max_critic_loss: 73.382, min_critic_loss: 0.004
	actor_loss: -54.590, max_actor_loss: 8.592, min_actor_loss: -95.169
	value_loss: 0.880, max_value_loss: 21.387, min_value_loss: 0.000
	weight: 0.453, max_weight: 0.700, min_weight: 0.300
	v: 53.504, max_v: 91.459, min_v: -9.859
	q1: 53.205, max_q1: 91.839, min_q1: -7.173
	q2: 53.729, max_q2: 91.823, min_q2: -5.021
	target_q: 53.621, max_target_q: 92.016, min_target_q: -9.203
	avg_conservative_loss: -0.004, conservative_weight:  0.000
	avg_smooth_loss:  3.434

2023-02-24 03:20:23 - 
[#Step 830000] eval_reward: 53.599, eval_time: 5.394, time: 86.780
	critic_loss: 5.454, max_critic_loss: 54.924, min_critic_loss: 0.001
	actor_loss: -50.929, max_actor_loss: 4.343, min_actor_loss: -93.693
	value_loss: 1.118, max_value_loss: 99.039, min_value_loss: 0.000
	weight: 0.458, max_weight: 0.700, min_weight: 0.300
	v: 49.603, max_v: 93.015, min_v: -9.581
	q1: 49.727, max_q1: 91.538, min_q1: -7.601
	q2: 49.729, max_q2: 91.599, min_q2: -5.939
	target_q: 49.726, max_target_q: 92.071, min_target_q: -3.679
	avg_conservative_loss: -0.001, conservative_weight:  0.000
	avg_smooth_loss:  4.255

2023-02-24 03:21:25 - 
[#Step 840000] eval_reward: 61.655, eval_time: 6.303, time: 87.814
	critic_loss: 3.788, max_critic_loss: 88.006, min_critic_loss: 0.002
	actor_loss: -52.447, max_actor_loss: 7.613, min_actor_loss: -96.215
	value_loss: 0.631, max_value_loss: 27.746, min_value_loss: 0.000
	weight: 0.478, max_weight: 0.700, min_weight: 0.300
	v: 50.845, max_v: 93.610, min_v: -6.623
	q1: 51.199, max_q1: 93.209, min_q1: -6.219
	q2: 50.872, max_q2: 93.218, min_q2: -6.949
	target_q: 51.020, max_target_q: 95.273, min_target_q: -7.492
	avg_conservative_loss: -0.003, conservative_weight:  0.000
	avg_smooth_loss:  3.351

2023-02-24 03:22:28 - 
[#Step 850000] eval_reward: 68.332, eval_time: 6.798, time: 88.856
	critic_loss: 5.310, max_critic_loss: 75.930, min_critic_loss: 0.012
	actor_loss: -50.763, max_actor_loss: 2.800, min_actor_loss: -90.976
	value_loss: 1.356, max_value_loss: 182.800, min_value_loss: 0.000
	weight: 0.516, max_weight: 0.700, min_weight: 0.300
	v: 49.288, max_v: 88.772, min_v: -4.537
	q1: 49.721, max_q1: 89.159, min_q1: -3.872
	q2: 49.487, max_q2: 90.982, min_q2: -1.819
	target_q: 49.226, max_target_q: 91.707, min_target_q: -4.190
	avg_conservative_loss:  0.003, conservative_weight:  0.000
	avg_smooth_loss:  3.394

2023-02-24 03:23:29 - 
[#Step 860000] eval_reward: 51.205, eval_time: 5.206, time: 89.871
	critic_loss: 4.995, max_critic_loss: 153.647, min_critic_loss: 0.003
	actor_loss: -50.720, max_actor_loss: 10.985, min_actor_loss: -92.274
	value_loss: 0.735, max_value_loss: 11.434, min_value_loss: 0.000
	weight: 0.425, max_weight: 0.700, min_weight: 0.300
	v: 49.559, max_v: 89.680, min_v: -8.994
	q1: 49.418, max_q1: 89.238, min_q1: -9.030
	q2: 49.324, max_q2: 90.250, min_q2: -10.931
	target_q: 49.367, max_target_q: 88.962, min_target_q: -11.225
	avg_conservative_loss: -0.004, conservative_weight:  0.000
	avg_smooth_loss:  3.947

2023-02-24 03:24:30 - 
[#Step 870000] eval_reward: 50.711, eval_time: 5.190, time: 90.887
	critic_loss: 6.107, max_critic_loss: 467.595, min_critic_loss: 0.003
	actor_loss: -52.598, max_actor_loss: 8.465, min_actor_loss: -93.442
	value_loss: 0.477, max_value_loss: 21.513, min_value_loss: 0.000
	weight: 0.450, max_weight: 0.700, min_weight: 0.300
	v: 51.633, max_v: 90.856, min_v: -9.152
	q1: 51.730, max_q1: 89.699, min_q1: -9.288
	q2: 51.553, max_q2: 90.465, min_q2: -7.757
	target_q: 51.604, max_target_q: 90.935, min_target_q: -9.328
	avg_conservative_loss: -0.009, conservative_weight:  0.000
	avg_smooth_loss:  3.771

2023-02-24 03:25:30 - 
[#Step 880000] eval_reward: 43.491, eval_time: 4.576, time: 91.892
	critic_loss: 3.532, max_critic_loss: 84.729, min_critic_loss: 0.017
	actor_loss: -49.893, max_actor_loss: 8.046, min_actor_loss: -92.194
	value_loss: 0.600, max_value_loss: 19.159, min_value_loss: 0.000
	weight: 0.448, max_weight: 0.700, min_weight: 0.300
	v: 48.651, max_v: 90.903, min_v: -10.510
	q1: 48.628, max_q1: 91.002, min_q1: -9.090
	q2: 49.233, max_q2: 91.130, min_q2: -9.912
	target_q: 48.769, max_target_q: 90.918, min_target_q: -11.220
	avg_conservative_loss:  0.000, conservative_weight:  0.000
	avg_smooth_loss:  3.795

2023-02-24 03:26:32 - 
[#Step 890000] eval_reward: 68.676, eval_time: 6.733, time: 92.934
	critic_loss: 3.126, max_critic_loss: 30.605, min_critic_loss: 0.007
	actor_loss: -53.443, max_actor_loss: 8.293, min_actor_loss: -93.200
	value_loss: 0.488, max_value_loss: 14.120, min_value_loss: 0.000
	weight: 0.441, max_weight: 0.700, min_weight: 0.300
	v: 52.209, max_v: 90.190, min_v: -9.875
	q1: 52.600, max_q1: 92.077, min_q1: -8.508
	q2: 52.074, max_q2: 89.797, min_q2: -10.933
	target_q: 52.260, max_target_q: 90.802, min_target_q: -9.471
	avg_conservative_loss: -0.005, conservative_weight:  0.000
	avg_smooth_loss:  3.822

2023-02-24 03:27:35 - 
[#Step 900000] eval_reward: 65.147, eval_time: 6.433, time: 93.970
	critic_loss: 3.412, max_critic_loss: 58.609, min_critic_loss: 0.004
	actor_loss: -53.492, max_actor_loss: 7.527, min_actor_loss: -95.100
	value_loss: 0.570, max_value_loss: 9.260, min_value_loss: 0.000
	weight: 0.417, max_weight: 0.700, min_weight: 0.300
	v: 52.291, max_v: 92.933, min_v: -7.637
	q1: 52.023, max_q1: 92.852, min_q1: -6.927
	q2: 52.439, max_q2: 92.947, min_q2: -7.276
	target_q: 52.189, max_target_q: 93.109, min_target_q: -7.723
	avg_conservative_loss: -0.000, conservative_weight:  0.000
	avg_smooth_loss:  3.617

2023-02-24 03:28:34 - 
[#Step 910000] eval_reward: 25.552, eval_time: 3.196, time: 94.955
	critic_loss: 4.027, max_critic_loss: 70.079, min_critic_loss: 0.006
	actor_loss: -55.945, max_actor_loss: 8.946, min_actor_loss: -92.753
	value_loss: 0.442, max_value_loss: 15.499, min_value_loss: 0.000
	weight: 0.495, max_weight: 0.700, min_weight: 0.300
	v: 54.844, max_v: 91.790, min_v: -10.922
	q1: 55.110, max_q1: 91.639, min_q1: -10.844
	q2: 54.940, max_q2: 90.758, min_q2: -9.091
	target_q: 54.769, max_target_q: 91.844, min_target_q: -11.731
	avg_conservative_loss: -0.004, conservative_weight:  0.000
	avg_smooth_loss:  3.428

2023-02-24 03:29:35 - 
[#Step 920000] eval_reward: 56.340, eval_time: 5.776, time: 95.981
	critic_loss: 3.710, max_critic_loss: 77.945, min_critic_loss: 0.003
	actor_loss: -54.816, max_actor_loss: 11.285, min_actor_loss: -93.115
	value_loss: 0.513, max_value_loss: 12.755, min_value_loss: 0.000
	weight: 0.431, max_weight: 0.700, min_weight: 0.300
	v: 53.779, max_v: 92.058, min_v: -4.684
	q1: 53.890, max_q1: 91.196, min_q1: -5.101
	q2: 53.550, max_q2: 91.965, min_q2: -4.679
	target_q: 53.919, max_target_q: 92.129, min_target_q: -5.465
	avg_conservative_loss: -0.012, conservative_weight:  0.000
	avg_smooth_loss:  3.801

2023-02-24 03:30:36 - 
[#Step 930000] eval_reward: 54.540, eval_time: 5.494, time: 96.998
	critic_loss: 4.115, max_critic_loss: 60.085, min_critic_loss: 0.004
	actor_loss: -52.860, max_actor_loss: 12.563, min_actor_loss: -90.682
	value_loss: 0.602, max_value_loss: 10.759, min_value_loss: 0.000
	weight: 0.450, max_weight: 0.700, min_weight: 0.300
	v: 51.926, max_v: 90.076, min_v: -9.490
	q1: 51.718, max_q1: 90.120, min_q1: -8.983
	q2: 52.041, max_q2: 90.151, min_q2: -10.079
	target_q: 52.218, max_target_q: 90.057, min_target_q: -9.373
	avg_conservative_loss: -0.008, conservative_weight:  0.000
	avg_smooth_loss:  3.291

2023-02-24 03:31:39 - 
[#Step 940000] eval_reward: 68.225, eval_time: 7.054, time: 98.042
	critic_loss: 3.763, max_critic_loss: 117.604, min_critic_loss: 0.001
	actor_loss: -53.442, max_actor_loss: 16.369, min_actor_loss: -94.516
	value_loss: 0.548, max_value_loss: 11.448, min_value_loss: 0.000
	weight: 0.448, max_weight: 0.700, min_weight: 0.300
	v: 51.846, max_v: 91.175, min_v: -12.207
	q1: 52.158, max_q1: 91.338, min_q1: -9.893
	q2: 51.781, max_q2: 91.734, min_q2: -9.660
	target_q: 51.882, max_target_q: 91.221, min_target_q: -10.239
	avg_conservative_loss: -0.008, conservative_weight:  0.000
	avg_smooth_loss:  3.470

2023-02-24 03:32:42 - 
[#Step 950000] eval_reward: 75.114, eval_time: 7.249, time: 99.091
	critic_loss: 5.200, max_critic_loss: 64.110, min_critic_loss: 0.009
	actor_loss: -53.271, max_actor_loss: 7.842, min_actor_loss: -92.922
	value_loss: 0.441, max_value_loss: 10.286, min_value_loss: 0.000
	weight: 0.489, max_weight: 0.700, min_weight: 0.300
	v: 51.480, max_v: 88.930, min_v: -7.369
	q1: 52.108, max_q1: 90.740, min_q1: -6.538
	q2: 51.828, max_q2: 91.435, min_q2: -6.224
	target_q: 51.407, max_target_q: 89.795, min_target_q: -6.910
	avg_conservative_loss: -0.006, conservative_weight:  0.000
	avg_smooth_loss:  3.814

2023-02-24 03:33:14 - 
[#Step 955000] eval_reward: 45.031, eval_time: 4.675, time: 99.628
	critic_loss: 2.975, max_critic_loss: 43.970, min_critic_loss: 0.000
	actor_loss: -55.811, max_actor_loss: 7.055, min_actor_loss: -90.362
	value_loss: 0.801, max_value_loss: 41.042, min_value_loss: 0.000
	weight: 0.416, max_weight: 0.700, min_weight: 0.300
	v: 54.590, max_v: 89.026, min_v: -6.224
	q1: 54.444, max_q1: 88.609, min_q1: -7.213
	q2: 54.457, max_q2: 88.865, min_q2: -9.074
	target_q: 54.563, max_target_q: 88.421, min_target_q: -10.167
	avg_conservative_loss: -0.000, conservative_weight:  0.000
	avg_smooth_loss:  3.736

2023-02-24 03:33:48 - 
[#Step 960000] eval_reward: 51.876, eval_time: 5.453, time: 100.188
	critic_loss: 4.336, max_critic_loss: 65.951, min_critic_loss: 0.004
	actor_loss: -51.751, max_actor_loss: 7.393, min_actor_loss: -95.865
	value_loss: 0.643, max_value_loss: 28.119, min_value_loss: 0.000
	weight: 0.464, max_weight: 0.700, min_weight: 0.300
	v: 50.904, max_v: 91.621, min_v: -8.690
	q1: 51.045, max_q1: 91.077, min_q1: -8.759
	q2: 50.643, max_q2: 91.253, min_q2: -8.821
	target_q: 51.153, max_target_q: 91.443, min_target_q: -8.953
	avg_conservative_loss:  0.005, conservative_weight:  0.000
	avg_smooth_loss:  3.844

2023-02-24 03:34:23 - 
[#Step 965000] eval_reward: 73.495, eval_time: 7.310, time: 100.772
	critic_loss: 4.279, max_critic_loss: 60.943, min_critic_loss: 0.003
	actor_loss: -54.976, max_actor_loss: 5.849, min_actor_loss: -94.093
	value_loss: 0.472, max_value_loss: 7.538, min_value_loss: 0.000
	weight: 0.428, max_weight: 0.700, min_weight: 0.300
	v: 53.901, max_v: 93.393, min_v: -3.951
	q1: 53.603, max_q1: 92.906, min_q1: 0.363
	q2: 53.763, max_q2: 92.101, min_q2: -3.987
	target_q: 53.724, max_target_q: 92.606, min_target_q: -3.768
	avg_conservative_loss: -0.004, conservative_weight:  0.000
	avg_smooth_loss:  3.932

2023-02-24 03:34:56 - 
[#Step 970000] eval_reward: 55.774, eval_time: 5.539, time: 101.330
	critic_loss: 3.718, max_critic_loss: 87.515, min_critic_loss: 0.008
	actor_loss: -51.989, max_actor_loss: 15.379, min_actor_loss: -92.013
	value_loss: 0.533, max_value_loss: 11.295, min_value_loss: 0.000
	weight: 0.412, max_weight: 0.700, min_weight: 0.300
	v: 50.729, max_v: 89.481, min_v: -14.947
	q1: 50.337, max_q1: 89.257, min_q1: -13.880
	q2: 50.706, max_q2: 89.344, min_q2: -16.002
	target_q: 50.364, max_target_q: 89.170, min_target_q: -12.788
	avg_conservative_loss:  0.004, conservative_weight:  0.000
	avg_smooth_loss:  3.762

2023-02-24 03:35:29 - 
[#Step 975000] eval_reward: 49.109, eval_time: 5.045, time: 101.877
	critic_loss: 3.684, max_critic_loss: 58.882, min_critic_loss: 0.010
	actor_loss: -55.280, max_actor_loss: 0.264, min_actor_loss: -92.760
	value_loss: 0.594, max_value_loss: 16.951, min_value_loss: 0.000
	weight: 0.461, max_weight: 0.700, min_weight: 0.300
	v: 53.774, max_v: 90.040, min_v: -5.681
	q1: 53.843, max_q1: 90.071, min_q1: -0.216
	q2: 54.094, max_q2: 90.816, min_q2: -2.012
	target_q: 53.734, max_target_q: 90.322, min_target_q: -1.338
	avg_conservative_loss: -0.004, conservative_weight:  0.000
	avg_smooth_loss:  3.517

2023-02-24 03:35:57 - Saving checkpoint at step: 196
2023-02-24 03:35:57 - Saved checkpoint at saved_models/walker2d-medium-replay-v2/COMFO7_s0_20230224_015336/actor_196
2023-02-24 03:35:57 - Saving checkpoint at step: 196
2023-02-24 03:35:57 - Saved checkpoint at saved_models/walker2d-medium-replay-v2/COMFO7_s0_20230224_015336/critic_196
2023-02-24 03:35:57 - Saving checkpoint at step: 196
2023-02-24 03:35:57 - Saved checkpoint at saved_models/walker2d-medium-replay-v2/COMFO7_s0_20230224_015336/value_196
2023-02-24 03:36:02 - 
[#Step 980000] eval_reward: 44.657, eval_time: 4.554, time: 102.420
	critic_loss: 3.812, max_critic_loss: 66.573, min_critic_loss: 0.003
	actor_loss: -54.006, max_actor_loss: 9.760, min_actor_loss: -93.656
	value_loss: 0.711, max_value_loss: 32.421, min_value_loss: 0.000
	weight: 0.441, max_weight: 0.700, min_weight: 0.300
	v: 52.796, max_v: 90.803, min_v: -10.498
	q1: 52.897, max_q1: 91.584, min_q1: -9.371
	q2: 52.882, max_q2: 92.797, min_q2: -11.421
	target_q: 52.569, max_target_q: 92.214, min_target_q: -10.040
	avg_conservative_loss: -0.004, conservative_weight:  0.000
	avg_smooth_loss:  3.376

2023-02-24 03:36:30 - Saving checkpoint at step: 197
2023-02-24 03:36:30 - Saved checkpoint at saved_models/walker2d-medium-replay-v2/COMFO7_s0_20230224_015336/actor_197
2023-02-24 03:36:30 - Saving checkpoint at step: 197
2023-02-24 03:36:30 - Saved checkpoint at saved_models/walker2d-medium-replay-v2/COMFO7_s0_20230224_015336/critic_197
2023-02-24 03:36:30 - Saving checkpoint at step: 197
2023-02-24 03:36:30 - Saved checkpoint at saved_models/walker2d-medium-replay-v2/COMFO7_s0_20230224_015336/value_197
2023-02-24 03:36:35 - 
[#Step 985000] eval_reward: 55.955, eval_time: 5.552, time: 102.978
	critic_loss: 3.664, max_critic_loss: 94.882, min_critic_loss: 0.002
	actor_loss: -53.404, max_actor_loss: 9.795, min_actor_loss: -91.541
	value_loss: 0.752, max_value_loss: 52.858, min_value_loss: 0.000
	weight: 0.520, max_weight: 0.700, min_weight: 0.300
	v: 52.094, max_v: 89.027, min_v: -10.352
	q1: 52.423, max_q1: 89.455, min_q1: -12.287
	q2: 52.338, max_q2: 91.353, min_q2: -11.389
	target_q: 52.219, max_target_q: 89.100, min_target_q: -9.364
	avg_conservative_loss: -0.005, conservative_weight:  0.000
	avg_smooth_loss:  3.565

2023-02-24 03:37:03 - Saving checkpoint at step: 198
2023-02-24 03:37:03 - Saved checkpoint at saved_models/walker2d-medium-replay-v2/COMFO7_s0_20230224_015336/actor_198
2023-02-24 03:37:03 - Saving checkpoint at step: 198
2023-02-24 03:37:03 - Saved checkpoint at saved_models/walker2d-medium-replay-v2/COMFO7_s0_20230224_015336/critic_198
2023-02-24 03:37:03 - Saving checkpoint at step: 198
2023-02-24 03:37:03 - Saved checkpoint at saved_models/walker2d-medium-replay-v2/COMFO7_s0_20230224_015336/value_198
2023-02-24 03:37:10 - 
[#Step 990000] eval_reward: 70.924, eval_time: 6.766, time: 103.559
	critic_loss: 5.713, max_critic_loss: 149.300, min_critic_loss: 0.003
	actor_loss: -53.873, max_actor_loss: 2.536, min_actor_loss: -93.261
	value_loss: 0.693, max_value_loss: 64.018, min_value_loss: 0.000
	weight: 0.497, max_weight: 0.700, min_weight: 0.300
	v: 52.052, max_v: 90.794, min_v: -1.628
	q1: 52.806, max_q1: 90.887, min_q1: -2.823
	q2: 52.500, max_q2: 92.783, min_q2: -2.471
	target_q: 51.883, max_target_q: 91.421, min_target_q: -3.515
	avg_conservative_loss: -0.004, conservative_weight:  0.000
	avg_smooth_loss:  3.279

2023-02-24 03:37:38 - Saving checkpoint at step: 199
2023-02-24 03:37:38 - Saved checkpoint at saved_models/walker2d-medium-replay-v2/COMFO7_s0_20230224_015336/actor_199
2023-02-24 03:37:38 - Saving checkpoint at step: 199
2023-02-24 03:37:38 - Saved checkpoint at saved_models/walker2d-medium-replay-v2/COMFO7_s0_20230224_015336/critic_199
2023-02-24 03:37:38 - Saving checkpoint at step: 199
2023-02-24 03:37:38 - Saved checkpoint at saved_models/walker2d-medium-replay-v2/COMFO7_s0_20230224_015336/value_199
2023-02-24 03:37:42 - 
[#Step 995000] eval_reward: 42.085, eval_time: 4.372, time: 104.100
	critic_loss: 4.020, max_critic_loss: 266.772, min_critic_loss: 0.000
	actor_loss: -53.968, max_actor_loss: 5.796, min_actor_loss: -94.503
	value_loss: 0.631, max_value_loss: 37.642, min_value_loss: 0.000
	weight: 0.439, max_weight: 0.700, min_weight: 0.300
	v: 52.983, max_v: 89.960, min_v: -5.811
	q1: 52.929, max_q1: 89.956, min_q1: -5.672
	q2: 52.785, max_q2: 89.500, min_q2: -3.553
	target_q: 52.985, max_target_q: 90.283, min_target_q: -4.173
	avg_conservative_loss: -0.008, conservative_weight:  0.000
	avg_smooth_loss:  3.586

2023-02-24 03:38:10 - Saving checkpoint at step: 200
2023-02-24 03:38:10 - Saved checkpoint at saved_models/walker2d-medium-replay-v2/COMFO7_s0_20230224_015336/actor_200
2023-02-24 03:38:10 - Saving checkpoint at step: 200
2023-02-24 03:38:10 - Saved checkpoint at saved_models/walker2d-medium-replay-v2/COMFO7_s0_20230224_015336/critic_200
2023-02-24 03:38:10 - Saving checkpoint at step: 200
2023-02-24 03:38:10 - Saved checkpoint at saved_models/walker2d-medium-replay-v2/COMFO7_s0_20230224_015336/value_200
2023-02-24 03:38:15 - 
[#Step 1000000] eval_reward: 42.478, eval_time: 4.519, time: 104.639
	critic_loss: 3.541, max_critic_loss: 68.562, min_critic_loss: 0.001
	actor_loss: -53.823, max_actor_loss: 7.356, min_actor_loss: -90.913
	value_loss: 0.479, max_value_loss: 19.044, min_value_loss: 0.000
	weight: 0.408, max_weight: 0.700, min_weight: 0.300
	v: 52.886, max_v: 89.394, min_v: -7.080
	q1: 52.803, max_q1: 89.802, min_q1: -7.951
	q2: 52.678, max_q2: 89.321, min_q2: -4.800
	target_q: 52.838, max_target_q: 88.574, min_target_q: -5.455
	avg_conservative_loss: -0.004, conservative_weight:  0.000
	avg_smooth_loss:  3.784

2023-02-24 03:38:15 - 
Avg eval reward = 53.14

