2023-02-25 22:32:28 - Exp configurations:
algo: COMFO6
alpha: 5.0
batch_size: 256
env_name: halfcheetah-medium-v2
eval_episodes: 10
eval_freq: 5000
expectile: 0.7
gamma: 0.99
hidden_dims: !!python/tuple
- 256
- 256
initializer: orthogonal
log_dir: 20230225_mle0
lr: 0.0003
max_timesteps: 1000000
mle_alpha: 0.0
model_dir: saved_models
num_random: 10
seed: 1
tau: 0.005
temperature: 3.0

2023-02-25 22:34:41 - 
[#Step 10000] eval_reward: -2.397, eval_time: 6.423, time: 2.216
	critic_loss: 0.967, max_critic_loss: 19.457, min_critic_loss: 0.001
	actor_loss: -36.043, max_actor_loss: 0.467, min_actor_loss: -44.872
	value_loss: 0.123, max_value_loss: 2.040, min_value_loss: 0.000
	weight: 0.448, max_weight: 0.700, min_weight: 0.300
	v: 35.081, max_v: 42.365, min_v: 0.769
	q1: 35.582, max_q1: 43.057, min_q1: 0.175
	q2: 35.659, max_q2: 42.914, min_q2: -0.892
	target_q: 35.534, max_target_q: 43.129, min_target_q: 1.276

2023-02-25 22:35:22 - 
[#Step 20000] eval_reward: -3.757, eval_time: 5.691, time: 2.905
	critic_loss: 1.632, max_critic_loss: 30.221, min_critic_loss: 0.002
	actor_loss: -59.563, max_actor_loss: -3.617, min_actor_loss: -69.112
	value_loss: 0.154, max_value_loss: 2.912, min_value_loss: 0.000
	weight: 0.469, max_weight: 0.700, min_weight: 0.300
	v: 58.627, max_v: 68.101, min_v: 2.148
	q1: 59.128, max_q1: 68.675, min_q1: 1.928
	q2: 59.077, max_q2: 68.191, min_q2: 2.322
	target_q: 58.955, max_target_q: 68.143, min_target_q: -0.961

2023-02-25 22:36:04 - 
[#Step 30000] eval_reward: -5.007, eval_time: 6.121, time: 3.602
	critic_loss: 1.564, max_critic_loss: 18.029, min_critic_loss: 0.004
	actor_loss: -72.276, max_actor_loss: -19.243, min_actor_loss: -81.036
	value_loss: 0.132, max_value_loss: 1.528, min_value_loss: 0.000
	weight: 0.455, max_weight: 0.700, min_weight: 0.300
	v: 71.844, max_v: 81.537, min_v: 16.084
	q1: 72.146, max_q1: 81.510, min_q1: 17.038
	q2: 72.050, max_q2: 81.717, min_q2: 16.922
	target_q: 72.074, max_target_q: 81.728, min_target_q: 14.028

2023-02-25 22:36:46 - 
[#Step 40000] eval_reward: -3.655, eval_time: 5.825, time: 4.294
	critic_loss: 1.972, max_critic_loss: 56.804, min_critic_loss: 0.002
	actor_loss: -79.723, max_actor_loss: -47.037, min_actor_loss: -90.735
	value_loss: 0.193, max_value_loss: 4.196, min_value_loss: 0.000
	weight: 0.400, max_weight: 0.700, min_weight: 0.300
	v: 79.598, max_v: 88.893, min_v: 44.353
	q1: 79.661, max_q1: 89.347, min_q1: 45.266
	q2: 79.679, max_q2: 88.749, min_q2: 45.067
	target_q: 79.672, max_target_q: 89.654, min_target_q: 46.039

2023-02-25 22:37:27 - 
[#Step 50000] eval_reward: -1.060, eval_time: 5.837, time: 4.984
	critic_loss: 1.790, max_critic_loss: 30.084, min_critic_loss: 0.000
	actor_loss: -82.882, max_actor_loss: 2.190, min_actor_loss: -93.658
	value_loss: 0.128, max_value_loss: 1.906, min_value_loss: 0.000
	weight: 0.458, max_weight: 0.700, min_weight: 0.300
	v: 82.789, max_v: 92.170, min_v: -3.929
	q1: 82.597, max_q1: 91.702, min_q1: -3.087
	q2: 82.687, max_q2: 91.932, min_q2: -3.019
	target_q: 82.991, max_target_q: 91.867, min_target_q: -4.459

2023-02-25 22:38:09 - 
[#Step 60000] eval_reward: -0.335, eval_time: 6.271, time: 5.684
	critic_loss: 2.679, max_critic_loss: 73.375, min_critic_loss: 0.002
	actor_loss: -85.789, max_actor_loss: -62.544, min_actor_loss: -95.097
	value_loss: 0.133, max_value_loss: 3.379, min_value_loss: 0.000
	weight: 0.452, max_weight: 0.700, min_weight: 0.300
	v: 85.881, max_v: 93.105, min_v: 61.668
	q1: 85.659, max_q1: 93.181, min_q1: 62.523
	q2: 85.638, max_q2: 93.261, min_q2: 61.722
	target_q: 86.130, max_target_q: 95.383, min_target_q: 60.875

2023-02-25 22:38:51 - 
[#Step 70000] eval_reward: -0.389, eval_time: 6.013, time: 6.380
	critic_loss: 1.231, max_critic_loss: 25.596, min_critic_loss: 0.000
	actor_loss: -87.201, max_actor_loss: -61.986, min_actor_loss: -94.083
	value_loss: 0.094, max_value_loss: 1.470, min_value_loss: 0.000
	weight: 0.384, max_weight: 0.700, min_weight: 0.300
	v: 87.451, max_v: 94.087, min_v: 63.725
	q1: 87.181, max_q1: 93.838, min_q1: 63.306
	q2: 87.204, max_q2: 94.231, min_q2: 63.847
	target_q: 87.392, max_target_q: 94.395, min_target_q: 63.724

2023-02-25 22:39:33 - 
[#Step 80000] eval_reward: 0.101, eval_time: 6.067, time: 7.078
	critic_loss: 1.218, max_critic_loss: 49.742, min_critic_loss: 0.001
	actor_loss: -87.991, max_actor_loss: 0.845, min_actor_loss: -96.142
	value_loss: 0.109, max_value_loss: 2.063, min_value_loss: 0.000
	weight: 0.478, max_weight: 0.700, min_weight: 0.300
	v: 87.719, max_v: 96.205, min_v: -3.038
	q1: 87.872, max_q1: 96.099, min_q1: -1.765
	q2: 87.866, max_q2: 96.890, min_q2: -1.428
	target_q: 87.862, max_target_q: 96.402, min_target_q: -1.874

2023-02-25 22:40:15 - 
[#Step 90000] eval_reward: 1.726, eval_time: 6.148, time: 7.778
	critic_loss: 1.538, max_critic_loss: 35.092, min_critic_loss: 0.000
	actor_loss: -87.905, max_actor_loss: 1.014, min_actor_loss: -96.898
	value_loss: 0.109, max_value_loss: 4.974, min_value_loss: 0.000
	weight: 0.500, max_weight: 0.700, min_weight: 0.300
	v: 87.769, max_v: 95.998, min_v: -2.466
	q1: 87.818, max_q1: 97.085, min_q1: -1.100
	q2: 87.834, max_q2: 96.421, min_q2: -1.280
	target_q: 87.736, max_target_q: 96.493, min_target_q: -2.600

2023-02-25 22:40:50 - Saving checkpoint at step: 20
2023-02-25 22:40:50 - Saved checkpoint at saved_models/halfcheetah-medium-v2/COMFO6_s1_20230225_223228/actor_20
2023-02-25 22:40:50 - Saving checkpoint at step: 20
2023-02-25 22:40:50 - Saved checkpoint at saved_models/halfcheetah-medium-v2/COMFO6_s1_20230225_223228/critic_20
2023-02-25 22:40:50 - Saving checkpoint at step: 20
2023-02-25 22:40:50 - Saved checkpoint at saved_models/halfcheetah-medium-v2/COMFO6_s1_20230225_223228/value_20
2023-02-25 22:40:56 - 
[#Step 100000] eval_reward: 1.455, eval_time: 6.015, time: 8.471
	critic_loss: 1.422, max_critic_loss: 56.568, min_critic_loss: 0.000
	actor_loss: -88.225, max_actor_loss: 0.268, min_actor_loss: -97.735
	value_loss: 0.101, max_value_loss: 1.838, min_value_loss: 0.000
	weight: 0.456, max_weight: 0.700, min_weight: 0.300
	v: 88.189, max_v: 95.932, min_v: -1.555
	q1: 88.207, max_q1: 96.130, min_q1: -0.423
	q2: 88.270, max_q2: 96.535, min_q2: -0.162
	target_q: 88.056, max_target_q: 96.422, min_target_q: -0.419

2023-02-25 22:41:38 - 
[#Step 110000] eval_reward: 2.356, eval_time: 5.942, time: 9.168
	critic_loss: 0.902, max_critic_loss: 16.918, min_critic_loss: 0.000
	actor_loss: -89.199, max_actor_loss: -55.626, min_actor_loss: -96.187
	value_loss: 0.105, max_value_loss: 4.520, min_value_loss: 0.000
	weight: 0.442, max_weight: 0.700, min_weight: 0.300
	v: 89.302, max_v: 95.643, min_v: 50.622
	q1: 89.130, max_q1: 95.559, min_q1: 47.917
	q2: 89.059, max_q2: 95.327, min_q2: 49.165
	target_q: 89.255, max_target_q: 96.388, min_target_q: 47.776

2023-02-25 22:42:20 - 
[#Step 120000] eval_reward: 2.947, eval_time: 6.028, time: 9.867
	critic_loss: 1.543, max_critic_loss: 32.032, min_critic_loss: 0.001
	actor_loss: -89.036, max_actor_loss: -2.731, min_actor_loss: -96.107
	value_loss: 0.115, max_value_loss: 2.493, min_value_loss: 0.000
	weight: 0.517, max_weight: 0.700, min_weight: 0.300
	v: 89.027, max_v: 95.922, min_v: 1.251
	q1: 89.013, max_q1: 96.372, min_q1: 2.133
	q2: 88.986, max_q2: 96.222, min_q2: 1.293
	target_q: 89.292, max_target_q: 97.727, min_target_q: 1.899

2023-02-25 22:43:02 - 
[#Step 130000] eval_reward: 44.445, eval_time: 5.762, time: 10.559
	critic_loss: 0.984, max_critic_loss: 39.989, min_critic_loss: 0.001
	actor_loss: -89.597, max_actor_loss: -1.466, min_actor_loss: -97.624
	value_loss: 0.110, max_value_loss: 4.202, min_value_loss: 0.000
	weight: 0.520, max_weight: 0.700, min_weight: 0.300
	v: 89.416, max_v: 97.400, min_v: 1.822
	q1: 89.562, max_q1: 97.394, min_q1: 2.228
	q2: 89.487, max_q2: 97.559, min_q2: 2.050
	target_q: 89.605, max_target_q: 98.030, min_target_q: 1.272

2023-02-25 22:43:43 - 
[#Step 140000] eval_reward: 20.549, eval_time: 5.773, time: 11.252
	critic_loss: 1.174, max_critic_loss: 25.729, min_critic_loss: 0.002
	actor_loss: -88.527, max_actor_loss: -4.093, min_actor_loss: -98.034
	value_loss: 0.080, max_value_loss: 2.452, min_value_loss: 0.000
	weight: 0.419, max_weight: 0.700, min_weight: 0.300
	v: 88.553, max_v: 97.862, min_v: 4.426
	q1: 88.432, max_q1: 97.599, min_q1: 1.967
	q2: 88.370, max_q2: 97.918, min_q2: 1.945
	target_q: 88.640, max_target_q: 98.418, min_target_q: 2.804

2023-02-25 22:44:25 - 
[#Step 150000] eval_reward: 36.352, eval_time: 5.863, time: 11.950
	critic_loss: 1.093, max_critic_loss: 29.647, min_critic_loss: 0.003
	actor_loss: -88.706, max_actor_loss: -3.279, min_actor_loss: -96.962
	value_loss: 0.086, max_value_loss: 1.018, min_value_loss: 0.000
	weight: 0.533, max_weight: 0.700, min_weight: 0.300
	v: 88.346, max_v: 96.921, min_v: -0.084
	q1: 88.636, max_q1: 97.432, min_q1: 2.681
	q2: 88.584, max_q2: 97.535, min_q2: 1.513
	target_q: 88.362, max_target_q: 97.257, min_target_q: 1.351

2023-02-25 22:45:07 - 
[#Step 160000] eval_reward: 44.186, eval_time: 5.762, time: 12.647
	critic_loss: 1.856, max_critic_loss: 36.774, min_critic_loss: 0.000
	actor_loss: -90.258, max_actor_loss: -66.922, min_actor_loss: -97.758
	value_loss: 0.092, max_value_loss: 1.956, min_value_loss: 0.000
	weight: 0.500, max_weight: 0.700, min_weight: 0.300
	v: 89.847, max_v: 96.491, min_v: 66.141
	q1: 90.092, max_q1: 97.655, min_q1: 66.418
	q2: 90.066, max_q2: 97.500, min_q2: 63.041
	target_q: 89.888, max_target_q: 96.994, min_target_q: 66.682

2023-02-25 22:45:49 - 
[#Step 170000] eval_reward: 48.338, eval_time: 5.859, time: 13.343
	critic_loss: 1.061, max_critic_loss: 16.912, min_critic_loss: 0.000
	actor_loss: -89.429, max_actor_loss: -3.856, min_actor_loss: -96.635
	value_loss: 0.101, max_value_loss: 2.567, min_value_loss: 0.000
	weight: 0.498, max_weight: 0.700, min_weight: 0.300
	v: 89.074, max_v: 96.400, min_v: 4.244
	q1: 89.287, max_q1: 96.874, min_q1: 4.026
	q2: 89.218, max_q2: 96.582, min_q2: 3.941
	target_q: 89.115, max_target_q: 96.544, min_target_q: 4.386

2023-02-25 22:46:30 - 
[#Step 180000] eval_reward: 45.403, eval_time: 5.769, time: 14.036
	critic_loss: 1.376, max_critic_loss: 49.433, min_critic_loss: 0.003
	actor_loss: -88.960, max_actor_loss: -2.763, min_actor_loss: -97.067
	value_loss: 0.083, max_value_loss: 1.796, min_value_loss: 0.000
	weight: 0.502, max_weight: 0.700, min_weight: 0.300
	v: 88.929, max_v: 96.367, min_v: 2.742
	q1: 88.815, max_q1: 96.275, min_q1: 2.449
	q2: 88.794, max_q2: 96.836, min_q2: 2.434
	target_q: 89.195, max_target_q: 96.432, min_target_q: 3.724

2023-02-25 22:47:12 - 
[#Step 190000] eval_reward: 50.289, eval_time: 5.745, time: 14.734
	critic_loss: 0.662, max_critic_loss: 9.672, min_critic_loss: 0.000
	actor_loss: -89.787, max_actor_loss: -70.701, min_actor_loss: -95.959
	value_loss: 0.070, max_value_loss: 0.794, min_value_loss: 0.000
	weight: 0.489, max_weight: 0.700, min_weight: 0.300
	v: 89.653, max_v: 95.947, min_v: 68.946
	q1: 89.658, max_q1: 96.115, min_q1: 66.279
	q2: 89.677, max_q2: 96.357, min_q2: 65.277
	target_q: 89.724, max_target_q: 96.547, min_target_q: 67.228

2023-02-25 22:47:48 - Saving checkpoint at step: 40
2023-02-25 22:47:48 - Saved checkpoint at saved_models/halfcheetah-medium-v2/COMFO6_s1_20230225_223228/actor_40
2023-02-25 22:47:48 - Saving checkpoint at step: 40
2023-02-25 22:47:48 - Saved checkpoint at saved_models/halfcheetah-medium-v2/COMFO6_s1_20230225_223228/critic_40
2023-02-25 22:47:48 - Saving checkpoint at step: 40
2023-02-25 22:47:48 - Saved checkpoint at saved_models/halfcheetah-medium-v2/COMFO6_s1_20230225_223228/value_40
2023-02-25 22:47:54 - 
[#Step 200000] eval_reward: 52.068, eval_time: 5.834, time: 15.433
	critic_loss: 1.064, max_critic_loss: 41.443, min_critic_loss: 0.001
	actor_loss: -89.979, max_actor_loss: -53.392, min_actor_loss: -96.277
	value_loss: 0.067, max_value_loss: 0.822, min_value_loss: 0.000
	weight: 0.425, max_weight: 0.700, min_weight: 0.300
	v: 89.918, max_v: 96.362, min_v: 52.434
	q1: 89.910, max_q1: 96.400, min_q1: 53.056
	q2: 89.843, max_q2: 96.175, min_q2: 54.674
	target_q: 89.884, max_target_q: 97.333, min_target_q: 55.036

2023-02-25 22:48:36 - 
[#Step 210000] eval_reward: 52.116, eval_time: 5.694, time: 16.127
	critic_loss: 1.845, max_critic_loss: 116.912, min_critic_loss: 0.000
	actor_loss: -89.285, max_actor_loss: -4.409, min_actor_loss: -96.805
	value_loss: 0.085, max_value_loss: 1.712, min_value_loss: 0.000
	weight: 0.444, max_weight: 0.700, min_weight: 0.300
	v: 89.287, max_v: 96.782, min_v: 2.419
	q1: 89.122, max_q1: 97.186, min_q1: 4.271
	q2: 89.125, max_q2: 97.034, min_q2: 4.234
	target_q: 89.379, max_target_q: 96.982, min_target_q: 3.592

2023-02-25 22:49:18 - 
[#Step 220000] eval_reward: 44.557, eval_time: 6.291, time: 16.829
	critic_loss: 0.977, max_critic_loss: 60.641, min_critic_loss: 0.001
	actor_loss: -90.077, max_actor_loss: -2.995, min_actor_loss: -96.613
	value_loss: 0.095, max_value_loss: 7.432, min_value_loss: 0.000
	weight: 0.494, max_weight: 0.700, min_weight: 0.300
	v: 89.738, max_v: 96.732, min_v: 0.857
	q1: 89.942, max_q1: 97.216, min_q1: 2.197
	q2: 89.939, max_q2: 96.860, min_q2: 2.239
	target_q: 89.810, max_target_q: 96.876, min_target_q: 0.917

2023-02-25 22:49:59 - 
[#Step 230000] eval_reward: 53.142, eval_time: 5.690, time: 17.524
	critic_loss: 0.774, max_critic_loss: 34.063, min_critic_loss: 0.000
	actor_loss: -89.448, max_actor_loss: -2.874, min_actor_loss: -96.646
	value_loss: 0.057, max_value_loss: 1.071, min_value_loss: 0.000
	weight: 0.455, max_weight: 0.700, min_weight: 0.300
	v: 89.386, max_v: 96.875, min_v: 2.407
	q1: 89.317, max_q1: 96.786, min_q1: 2.363
	q2: 89.253, max_q2: 96.867, min_q2: 2.943
	target_q: 89.346, max_target_q: 97.421, min_target_q: 2.544

2023-02-25 22:50:41 - 
[#Step 240000] eval_reward: 40.687, eval_time: 5.822, time: 18.221
	critic_loss: 0.973, max_critic_loss: 22.283, min_critic_loss: 0.000
	actor_loss: -89.492, max_actor_loss: -0.344, min_actor_loss: -97.025
	value_loss: 0.066, max_value_loss: 0.571, min_value_loss: 0.000
	weight: 0.422, max_weight: 0.700, min_weight: 0.300
	v: 89.362, max_v: 97.351, min_v: 0.602
	q1: 89.387, max_q1: 97.043, min_q1: 0.171
	q2: 89.384, max_q2: 96.955, min_q2: 1.052
	target_q: 89.406, max_target_q: 96.887, min_target_q: 1.013

2023-02-25 22:51:23 - 
[#Step 250000] eval_reward: 48.993, eval_time: 5.843, time: 18.917
	critic_loss: 0.673, max_critic_loss: 15.249, min_critic_loss: 0.001
	actor_loss: -89.277, max_actor_loss: -1.227, min_actor_loss: -96.048
	value_loss: 0.062, max_value_loss: 1.131, min_value_loss: 0.000
	weight: 0.458, max_weight: 0.700, min_weight: 0.300
	v: 89.130, max_v: 96.403, min_v: 1.577
	q1: 89.144, max_q1: 96.275, min_q1: 1.060
	q2: 89.178, max_q2: 96.314, min_q2: 0.702
	target_q: 89.190, max_target_q: 96.532, min_target_q: 1.913

2023-02-25 22:52:05 - 
[#Step 260000] eval_reward: 52.505, eval_time: 5.788, time: 19.612
	critic_loss: 1.180, max_critic_loss: 34.197, min_critic_loss: 0.000
	actor_loss: -88.730, max_actor_loss: -2.940, min_actor_loss: -95.503
	value_loss: 0.099, max_value_loss: 1.808, min_value_loss: 0.000
	weight: 0.383, max_weight: 0.700, min_weight: 0.300
	v: 88.990, max_v: 95.616, min_v: 4.076
	q1: 88.545, max_q1: 95.718, min_q1: 2.215
	q2: 88.530, max_q2: 95.546, min_q2: 3.115
	target_q: 88.779, max_target_q: 95.841, min_target_q: 3.441

2023-02-25 22:52:46 - 
[#Step 270000] eval_reward: 50.194, eval_time: 5.679, time: 20.305
	critic_loss: 0.761, max_critic_loss: 20.565, min_critic_loss: 0.001
	actor_loss: -90.285, max_actor_loss: -69.627, min_actor_loss: -96.162
	value_loss: 0.074, max_value_loss: 2.922, min_value_loss: 0.000
	weight: 0.484, max_weight: 0.700, min_weight: 0.300
	v: 90.061, max_v: 95.929, min_v: 69.336
	q1: 90.059, max_q1: 96.164, min_q1: 68.401
	q2: 90.080, max_q2: 96.243, min_q2: 68.249
	target_q: 90.180, max_target_q: 96.377, min_target_q: 67.659

2023-02-25 22:53:28 - 
[#Step 280000] eval_reward: 49.878, eval_time: 5.714, time: 21.000
	critic_loss: 0.976, max_critic_loss: 21.968, min_critic_loss: 0.000
	actor_loss: -89.914, max_actor_loss: -47.636, min_actor_loss: -96.339
	value_loss: 0.073, max_value_loss: 2.310, min_value_loss: 0.000
	weight: 0.408, max_weight: 0.700, min_weight: 0.300
	v: 90.121, max_v: 96.593, min_v: 45.540
	q1: 89.747, max_q1: 96.577, min_q1: 46.242
	q2: 89.746, max_q2: 96.474, min_q2: 46.292
	target_q: 90.028, max_target_q: 96.841, min_target_q: 46.171

2023-02-25 22:54:10 - 
[#Step 290000] eval_reward: 54.380, eval_time: 5.878, time: 21.699
	critic_loss: 0.648, max_critic_loss: 9.672, min_critic_loss: 0.001
	actor_loss: -90.136, max_actor_loss: -68.305, min_actor_loss: -96.337
	value_loss: 0.082, max_value_loss: 1.066, min_value_loss: 0.000
	weight: 0.488, max_weight: 0.700, min_weight: 0.300
	v: 90.049, max_v: 96.767, min_v: 66.275
	q1: 90.038, max_q1: 95.995, min_q1: 66.593
	q2: 90.007, max_q2: 95.922, min_q2: 66.924
	target_q: 90.168, max_target_q: 96.432, min_target_q: 66.782

2023-02-25 22:54:46 - Saving checkpoint at step: 60
2023-02-25 22:54:46 - Saved checkpoint at saved_models/halfcheetah-medium-v2/COMFO6_s1_20230225_223228/actor_60
2023-02-25 22:54:46 - Saving checkpoint at step: 60
2023-02-25 22:54:46 - Saved checkpoint at saved_models/halfcheetah-medium-v2/COMFO6_s1_20230225_223228/critic_60
2023-02-25 22:54:46 - Saving checkpoint at step: 60
2023-02-25 22:54:46 - Saved checkpoint at saved_models/halfcheetah-medium-v2/COMFO6_s1_20230225_223228/value_60
2023-02-25 22:54:52 - 
[#Step 300000] eval_reward: 54.883, eval_time: 5.799, time: 22.397
	critic_loss: 0.984, max_critic_loss: 46.792, min_critic_loss: 0.001
	actor_loss: -89.074, max_actor_loss: -4.018, min_actor_loss: -95.663
	value_loss: 0.105, max_value_loss: 3.105, min_value_loss: 0.000
	weight: 0.455, max_weight: 0.700, min_weight: 0.300
	v: 88.745, max_v: 96.015, min_v: 3.877
	q1: 88.818, max_q1: 96.047, min_q1: 4.118
	q2: 88.773, max_q2: 96.263, min_q2: 3.624
	target_q: 88.808, max_target_q: 96.286, min_target_q: 2.303

2023-02-25 22:55:34 - 
[#Step 310000] eval_reward: 54.003, eval_time: 5.803, time: 23.095
	critic_loss: 0.967, max_critic_loss: 50.349, min_critic_loss: 0.003
	actor_loss: -89.524, max_actor_loss: -3.770, min_actor_loss: -96.138
	value_loss: 0.066, max_value_loss: 0.988, min_value_loss: 0.000
	weight: 0.447, max_weight: 0.700, min_weight: 0.300
	v: 89.218, max_v: 95.967, min_v: 4.536
	q1: 89.252, max_q1: 96.188, min_q1: 5.706
	q2: 89.200, max_q2: 96.580, min_q2: 4.039
	target_q: 89.254, max_target_q: 95.823, min_target_q: 5.075

2023-02-25 22:56:15 - 
[#Step 320000] eval_reward: 52.117, eval_time: 5.736, time: 23.791
	critic_loss: 0.889, max_critic_loss: 31.584, min_critic_loss: 0.002
	actor_loss: -90.512, max_actor_loss: -69.099, min_actor_loss: -96.077
	value_loss: 0.082, max_value_loss: 1.988, min_value_loss: 0.000
	weight: 0.398, max_weight: 0.700, min_weight: 0.300
	v: 90.346, max_v: 95.862, min_v: 67.648
	q1: 90.387, max_q1: 96.133, min_q1: 67.358
	q2: 90.314, max_q2: 95.898, min_q2: 66.567
	target_q: 90.196, max_target_q: 96.104, min_target_q: 68.035

2023-02-25 22:56:57 - 
[#Step 330000] eval_reward: 54.239, eval_time: 5.669, time: 24.485
	critic_loss: 1.227, max_critic_loss: 49.376, min_critic_loss: 0.000
	actor_loss: -88.936, max_actor_loss: -3.297, min_actor_loss: -97.419
	value_loss: 0.119, max_value_loss: 5.772, min_value_loss: 0.000
	weight: 0.477, max_weight: 0.700, min_weight: 0.300
	v: 88.928, max_v: 97.359, min_v: 2.536
	q1: 88.732, max_q1: 97.279, min_q1: 2.927
	q2: 88.740, max_q2: 97.344, min_q2: 3.382
	target_q: 88.930, max_target_q: 96.963, min_target_q: 3.788

2023-02-25 22:57:39 - 
[#Step 340000] eval_reward: 56.483, eval_time: 5.866, time: 25.183
	critic_loss: 0.949, max_critic_loss: 25.561, min_critic_loss: 0.002
	actor_loss: -89.734, max_actor_loss: -3.828, min_actor_loss: -95.964
	value_loss: 0.118, max_value_loss: 2.624, min_value_loss: 0.000
	weight: 0.434, max_weight: 0.700, min_weight: 0.300
	v: 89.544, max_v: 96.175, min_v: 4.839
	q1: 89.396, max_q1: 96.142, min_q1: 4.098
	q2: 89.434, max_q2: 96.155, min_q2: 2.073
	target_q: 89.390, max_target_q: 96.363, min_target_q: 5.319

2023-02-25 22:58:21 - 
[#Step 350000] eval_reward: 54.467, eval_time: 5.710, time: 25.880
	critic_loss: 0.857, max_critic_loss: 17.230, min_critic_loss: 0.000
	actor_loss: -89.126, max_actor_loss: -2.746, min_actor_loss: -96.492
	value_loss: 0.116, max_value_loss: 3.040, min_value_loss: 0.000
	weight: 0.378, max_weight: 0.700, min_weight: 0.300
	v: 88.990, max_v: 96.792, min_v: 3.583
	q1: 88.887, max_q1: 96.711, min_q1: 2.755
	q2: 88.893, max_q2: 96.758, min_q2: 1.780
	target_q: 88.856, max_target_q: 96.396, min_target_q: 3.432

2023-02-25 22:59:02 - 
[#Step 360000] eval_reward: 53.562, eval_time: 5.712, time: 26.574
	critic_loss: 0.676, max_critic_loss: 13.325, min_critic_loss: 0.000
	actor_loss: -90.056, max_actor_loss: -68.811, min_actor_loss: -97.896
	value_loss: 0.087, max_value_loss: 2.854, min_value_loss: 0.000
	weight: 0.441, max_weight: 0.700, min_weight: 0.300
	v: 89.899, max_v: 97.742, min_v: 64.701
	q1: 89.828, max_q1: 98.248, min_q1: 64.011
	q2: 89.858, max_q2: 98.297, min_q2: 66.364
	target_q: 89.873, max_target_q: 98.705, min_target_q: 64.909

2023-02-25 22:59:44 - 
[#Step 370000] eval_reward: 55.170, eval_time: 6.161, time: 27.271
	critic_loss: 0.864, max_critic_loss: 15.134, min_critic_loss: 0.001
	actor_loss: -89.873, max_actor_loss: -3.651, min_actor_loss: -97.200
	value_loss: 0.089, max_value_loss: 2.065, min_value_loss: 0.000
	weight: 0.508, max_weight: 0.700, min_weight: 0.300
	v: 89.552, max_v: 96.734, min_v: 3.219
	q1: 89.681, max_q1: 96.815, min_q1: 3.256
	q2: 89.767, max_q2: 96.931, min_q2: 3.832
	target_q: 89.781, max_target_q: 96.967, min_target_q: 3.247

2023-02-25 23:00:25 - 
[#Step 380000] eval_reward: 56.822, eval_time: 5.962, time: 27.953
	critic_loss: 0.866, max_critic_loss: 34.025, min_critic_loss: 0.001
	actor_loss: -89.861, max_actor_loss: -5.663, min_actor_loss: -97.153
	value_loss: 0.086, max_value_loss: 2.655, min_value_loss: 0.000
	weight: 0.428, max_weight: 0.700, min_weight: 0.300
	v: 89.602, max_v: 97.098, min_v: 4.639
	q1: 89.684, max_q1: 97.502, min_q1: 5.390
	q2: 89.630, max_q2: 97.296, min_q2: 4.343
	target_q: 89.565, max_target_q: 96.992, min_target_q: 4.313

2023-02-25 23:01:07 - 
[#Step 390000] eval_reward: 55.216, eval_time: 6.032, time: 28.646
	critic_loss: 0.817, max_critic_loss: 22.515, min_critic_loss: 0.001
	actor_loss: -89.494, max_actor_loss: -4.810, min_actor_loss: -95.870
	value_loss: 0.073, max_value_loss: 1.053, min_value_loss: 0.000
	weight: 0.461, max_weight: 0.700, min_weight: 0.300
	v: 89.042, max_v: 96.146, min_v: 3.200
	q1: 89.187, max_q1: 96.136, min_q1: 4.309
	q2: 89.198, max_q2: 96.261, min_q2: 5.151
	target_q: 89.058, max_target_q: 96.393, min_target_q: 3.758

2023-02-25 23:01:43 - Saving checkpoint at step: 80
2023-02-25 23:01:43 - Saved checkpoint at saved_models/halfcheetah-medium-v2/COMFO6_s1_20230225_223228/actor_80
2023-02-25 23:01:43 - Saving checkpoint at step: 80
2023-02-25 23:01:43 - Saved checkpoint at saved_models/halfcheetah-medium-v2/COMFO6_s1_20230225_223228/critic_80
2023-02-25 23:01:43 - Saving checkpoint at step: 80
2023-02-25 23:01:43 - Saved checkpoint at saved_models/halfcheetah-medium-v2/COMFO6_s1_20230225_223228/value_80
2023-02-25 23:01:49 - 
[#Step 400000] eval_reward: 54.229, eval_time: 6.308, time: 29.353
	critic_loss: 1.029, max_critic_loss: 44.438, min_critic_loss: 0.001
	actor_loss: -89.677, max_actor_loss: -0.589, min_actor_loss: -98.829
	value_loss: 0.125, max_value_loss: 4.463, min_value_loss: 0.000
	weight: 0.414, max_weight: 0.700, min_weight: 0.300
	v: 89.587, max_v: 99.355, min_v: 4.012
	q1: 89.466, max_q1: 99.178, min_q1: 0.924
	q2: 89.426, max_q2: 99.858, min_q2: 2.867
	target_q: 89.540, max_target_q: 99.459, min_target_q: 4.423

2023-02-25 23:02:31 - 
[#Step 410000] eval_reward: 55.298, eval_time: 5.907, time: 30.054
	critic_loss: 0.831, max_critic_loss: 22.777, min_critic_loss: 0.000
	actor_loss: -90.165, max_actor_loss: -4.034, min_actor_loss: -96.674
	value_loss: 0.072, max_value_loss: 0.749, min_value_loss: 0.000
	weight: 0.395, max_weight: 0.700, min_weight: 0.300
	v: 90.222, max_v: 97.426, min_v: 4.336
	q1: 89.969, max_q1: 96.735, min_q1: 5.115
	q2: 89.968, max_q2: 96.569, min_q2: 3.775
	target_q: 90.156, max_target_q: 96.975, min_target_q: 2.983

2023-02-25 23:03:13 - 
[#Step 420000] eval_reward: 54.579, eval_time: 6.109, time: 30.755
	critic_loss: 1.168, max_critic_loss: 54.284, min_critic_loss: 0.005
	actor_loss: -90.237, max_actor_loss: -57.646, min_actor_loss: -96.115
	value_loss: 0.084, max_value_loss: 2.116, min_value_loss: 0.000
	weight: 0.512, max_weight: 0.700, min_weight: 0.300
	v: 89.968, max_v: 96.568, min_v: 50.622
	q1: 90.047, max_q1: 96.799, min_q1: 52.217
	q2: 90.024, max_q2: 96.202, min_q2: 54.617
	target_q: 89.892, max_target_q: 96.410, min_target_q: 54.913

2023-02-25 23:03:56 - 
[#Step 430000] eval_reward: 53.891, eval_time: 6.502, time: 31.467
	critic_loss: 0.947, max_critic_loss: 31.720, min_critic_loss: 0.000
	actor_loss: -89.421, max_actor_loss: -4.667, min_actor_loss: -99.024
	value_loss: 0.099, max_value_loss: 9.788, min_value_loss: 0.000
	weight: 0.442, max_weight: 0.700, min_weight: 0.300
	v: 89.158, max_v: 97.737, min_v: 3.508
	q1: 89.267, max_q1: 98.149, min_q1: 4.901
	q2: 89.292, max_q2: 98.394, min_q2: 4.463
	target_q: 89.092, max_target_q: 98.567, min_target_q: 3.196

2023-02-25 23:04:38 - 
[#Step 440000] eval_reward: 54.339, eval_time: 6.100, time: 32.170
	critic_loss: 1.529, max_critic_loss: 43.986, min_critic_loss: 0.000
	actor_loss: -88.823, max_actor_loss: -4.826, min_actor_loss: -96.099
	value_loss: 0.116, max_value_loss: 5.485, min_value_loss: 0.000
	weight: 0.509, max_weight: 0.700, min_weight: 0.300
	v: 88.321, max_v: 96.491, min_v: 2.600
	q1: 88.550, max_q1: 96.322, min_q1: 4.603
	q2: 88.583, max_q2: 96.343, min_q2: 3.509
	target_q: 88.496, max_target_q: 96.268, min_target_q: 3.203

2023-02-25 23:05:20 - 
[#Step 450000] eval_reward: 55.252, eval_time: 6.035, time: 32.873
	critic_loss: 1.288, max_critic_loss: 24.467, min_critic_loss: 0.001
	actor_loss: -88.822, max_actor_loss: -2.576, min_actor_loss: -97.188
	value_loss: 0.078, max_value_loss: 2.954, min_value_loss: 0.000
	weight: 0.434, max_weight: 0.700, min_weight: 0.300
	v: 88.310, max_v: 96.997, min_v: 4.163
	q1: 88.611, max_q1: 97.350, min_q1: 2.545
	q2: 88.572, max_q2: 97.102, min_q2: 1.973
	target_q: 88.259, max_target_q: 96.337, min_target_q: 4.547

2023-02-25 23:06:03 - 
[#Step 460000] eval_reward: 53.005, eval_time: 6.001, time: 33.575
	critic_loss: 0.890, max_critic_loss: 30.305, min_critic_loss: 0.001
	actor_loss: -89.489, max_actor_loss: -3.456, min_actor_loss: -95.696
	value_loss: 0.073, max_value_loss: 1.901, min_value_loss: 0.000
	weight: 0.486, max_weight: 0.700, min_weight: 0.300
	v: 89.174, max_v: 95.541, min_v: 5.593
	q1: 89.252, max_q1: 95.771, min_q1: 3.831
	q2: 89.209, max_q2: 96.090, min_q2: 3.786
	target_q: 89.190, max_target_q: 95.783, min_target_q: 5.183

2023-02-25 23:06:45 - 
[#Step 470000] eval_reward: 55.388, eval_time: 6.113, time: 34.277
	critic_loss: 1.258, max_critic_loss: 21.524, min_critic_loss: 0.000
	actor_loss: -89.588, max_actor_loss: -5.380, min_actor_loss: -96.171
	value_loss: 0.083, max_value_loss: 2.181, min_value_loss: 0.000
	weight: 0.431, max_weight: 0.700, min_weight: 0.300
	v: 89.589, max_v: 96.326, min_v: 3.089
	q1: 89.314, max_q1: 96.162, min_q1: 4.984
	q2: 89.348, max_q2: 96.214, min_q2: 5.120
	target_q: 89.691, max_target_q: 96.994, min_target_q: 4.016

2023-02-25 23:07:27 - 
[#Step 480000] eval_reward: 49.798, eval_time: 6.290, time: 34.983
	critic_loss: 1.118, max_critic_loss: 34.467, min_critic_loss: 0.001
	actor_loss: -89.102, max_actor_loss: -3.982, min_actor_loss: -96.111
	value_loss: 0.105, max_value_loss: 4.208, min_value_loss: 0.000
	weight: 0.453, max_weight: 0.700, min_weight: 0.300
	v: 89.213, max_v: 96.144, min_v: 3.897
	q1: 88.917, max_q1: 95.960, min_q1: 4.323
	q2: 88.869, max_q2: 95.840, min_q2: 4.307
	target_q: 89.218, max_target_q: 96.818, min_target_q: 4.085

2023-02-25 23:08:09 - 
[#Step 490000] eval_reward: 54.364, eval_time: 6.276, time: 35.687
	critic_loss: 0.815, max_critic_loss: 15.963, min_critic_loss: 0.001
	actor_loss: -89.904, max_actor_loss: -53.680, min_actor_loss: -96.236
	value_loss: 0.080, max_value_loss: 1.719, min_value_loss: 0.000
	weight: 0.459, max_weight: 0.700, min_weight: 0.300
	v: 89.669, max_v: 96.158, min_v: 49.548
	q1: 89.699, max_q1: 96.705, min_q1: 50.835
	q2: 89.666, max_q2: 96.751, min_q2: 49.609
	target_q: 89.735, max_target_q: 96.157, min_target_q: 50.638

2023-02-25 23:08:45 - Saving checkpoint at step: 100
2023-02-25 23:08:45 - Saved checkpoint at saved_models/halfcheetah-medium-v2/COMFO6_s1_20230225_223228/actor_100
2023-02-25 23:08:45 - Saving checkpoint at step: 100
2023-02-25 23:08:45 - Saved checkpoint at saved_models/halfcheetah-medium-v2/COMFO6_s1_20230225_223228/critic_100
2023-02-25 23:08:45 - Saving checkpoint at step: 100
2023-02-25 23:08:45 - Saved checkpoint at saved_models/halfcheetah-medium-v2/COMFO6_s1_20230225_223228/value_100
2023-02-25 23:08:51 - 
[#Step 500000] eval_reward: 55.902, eval_time: 6.054, time: 36.391
	critic_loss: 0.709, max_critic_loss: 17.068, min_critic_loss: 0.000
	actor_loss: -88.854, max_actor_loss: -5.419, min_actor_loss: -96.728
	value_loss: 0.097, max_value_loss: 3.022, min_value_loss: 0.000
	weight: 0.486, max_weight: 0.700, min_weight: 0.300
	v: 88.701, max_v: 97.183, min_v: 5.305
	q1: 88.672, max_q1: 97.063, min_q1: 4.705
	q2: 88.694, max_q2: 97.515, min_q2: 5.129
	target_q: 88.746, max_target_q: 96.716, min_target_q: 4.721

2023-02-25 23:09:34 - 
[#Step 510000] eval_reward: 53.672, eval_time: 5.978, time: 37.093
	critic_loss: 0.987, max_critic_loss: 23.367, min_critic_loss: 0.000
	actor_loss: -88.495, max_actor_loss: -3.040, min_actor_loss: -94.829
	value_loss: 0.086, max_value_loss: 3.552, min_value_loss: 0.000
	weight: 0.458, max_weight: 0.700, min_weight: 0.300
	v: 88.370, max_v: 95.437, min_v: 3.834
	q1: 88.287, max_q1: 95.560, min_q1: 3.953
	q2: 88.213, max_q2: 95.036, min_q2: 3.409
	target_q: 88.499, max_target_q: 95.593, min_target_q: 4.760

2023-02-25 23:10:16 - 
[#Step 520000] eval_reward: 55.542, eval_time: 6.071, time: 37.796
	critic_loss: 0.952, max_critic_loss: 40.926, min_critic_loss: 0.001
	actor_loss: -89.654, max_actor_loss: -63.832, min_actor_loss: -96.179
	value_loss: 0.097, max_value_loss: 2.646, min_value_loss: 0.000
	weight: 0.402, max_weight: 0.700, min_weight: 0.300
	v: 89.694, max_v: 96.340, min_v: 62.685
	q1: 89.385, max_q1: 96.588, min_q1: 65.328
	q2: 89.446, max_q2: 96.836, min_q2: 62.733
	target_q: 89.665, max_target_q: 96.720, min_target_q: 60.903

2023-02-25 23:10:58 - 
[#Step 530000] eval_reward: 51.822, eval_time: 6.264, time: 38.499
	critic_loss: 0.687, max_critic_loss: 11.605, min_critic_loss: 0.001
	actor_loss: -90.232, max_actor_loss: -53.960, min_actor_loss: -95.912
	value_loss: 0.077, max_value_loss: 1.367, min_value_loss: 0.000
	weight: 0.408, max_weight: 0.700, min_weight: 0.300
	v: 90.163, max_v: 95.596, min_v: 53.153
	q1: 89.903, max_q1: 95.801, min_q1: 53.665
	q2: 90.076, max_q2: 96.067, min_q2: 54.713
	target_q: 90.092, max_target_q: 96.639, min_target_q: 55.955

2023-02-25 23:11:40 - 
[#Step 540000] eval_reward: 55.424, eval_time: 6.048, time: 39.200
	critic_loss: 0.753, max_critic_loss: 19.210, min_critic_loss: 0.001
	actor_loss: -90.002, max_actor_loss: -67.674, min_actor_loss: -96.154
	value_loss: 0.100, max_value_loss: 5.271, min_value_loss: 0.000
	weight: 0.453, max_weight: 0.700, min_weight: 0.300
	v: 89.710, max_v: 96.196, min_v: 66.693
	q1: 89.684, max_q1: 96.067, min_q1: 66.235
	q2: 89.619, max_q2: 96.117, min_q2: 66.324
	target_q: 89.725, max_target_q: 96.035, min_target_q: 66.129

2023-02-25 23:12:22 - 
[#Step 550000] eval_reward: 54.410, eval_time: 6.178, time: 39.901
	critic_loss: 0.712, max_critic_loss: 29.387, min_critic_loss: 0.000
	actor_loss: -88.289, max_actor_loss: -4.644, min_actor_loss: -96.430
	value_loss: 0.085, max_value_loss: 1.884, min_value_loss: 0.000
	weight: 0.411, max_weight: 0.700, min_weight: 0.300
	v: 88.292, max_v: 96.665, min_v: 4.621
	q1: 88.058, max_q1: 96.082, min_q1: 4.503
	q2: 88.121, max_q2: 96.407, min_q2: 4.231
	target_q: 88.223, max_target_q: 96.906, min_target_q: 4.120

2023-02-25 23:13:05 - 
[#Step 560000] eval_reward: 55.262, eval_time: 6.557, time: 40.609
	critic_loss: 0.777, max_critic_loss: 15.664, min_critic_loss: 0.000
	actor_loss: -89.536, max_actor_loss: -2.878, min_actor_loss: -96.534
	value_loss: 0.110, max_value_loss: 1.764, min_value_loss: 0.000
	weight: 0.470, max_weight: 0.700, min_weight: 0.300
	v: 89.140, max_v: 96.583, min_v: 2.529
	q1: 89.235, max_q1: 97.161, min_q1: 3.852
	q2: 89.154, max_q2: 97.043, min_q2: 2.595
	target_q: 89.255, max_target_q: 96.949, min_target_q: 2.731

2023-02-25 23:13:47 - 
[#Step 570000] eval_reward: 54.812, eval_time: 6.174, time: 41.309
	critic_loss: 1.116, max_critic_loss: 50.247, min_critic_loss: 0.001
	actor_loss: -89.222, max_actor_loss: -3.603, min_actor_loss: -95.917
	value_loss: 0.106, max_value_loss: 1.868, min_value_loss: 0.000
	weight: 0.466, max_weight: 0.700, min_weight: 0.300
	v: 88.953, max_v: 95.891, min_v: 4.986
	q1: 89.078, max_q1: 96.401, min_q1: 3.409
	q2: 89.000, max_q2: 96.330, min_q2: 3.158
	target_q: 89.028, max_target_q: 95.945, min_target_q: 5.347

2023-02-25 23:14:29 - 
[#Step 580000] eval_reward: 56.067, eval_time: 6.179, time: 42.011
	critic_loss: 1.076, max_critic_loss: 42.591, min_critic_loss: 0.000
	actor_loss: -90.112, max_actor_loss: -5.275, min_actor_loss: -96.474
	value_loss: 0.100, max_value_loss: 1.642, min_value_loss: 0.000
	weight: 0.512, max_weight: 0.700, min_weight: 0.300
	v: 89.581, max_v: 95.912, min_v: 3.358
	q1: 89.813, max_q1: 96.267, min_q1: 4.624
	q2: 89.870, max_q2: 95.968, min_q2: 5.002
	target_q: 89.697, max_target_q: 96.048, min_target_q: 3.761

2023-02-25 23:15:11 - 
[#Step 590000] eval_reward: 56.323, eval_time: 5.942, time: 42.710
	critic_loss: 0.894, max_critic_loss: 20.347, min_critic_loss: 0.000
	actor_loss: -89.651, max_actor_loss: -3.620, min_actor_loss: -96.654
	value_loss: 0.077, max_value_loss: 1.465, min_value_loss: 0.000
	weight: 0.466, max_weight: 0.700, min_weight: 0.300
	v: 89.510, max_v: 96.825, min_v: 5.883
	q1: 89.383, max_q1: 96.410, min_q1: 4.035
	q2: 89.494, max_q2: 96.777, min_q2: 3.897
	target_q: 89.552, max_target_q: 97.143, min_target_q: 5.717

2023-02-25 23:15:47 - Saving checkpoint at step: 120
2023-02-25 23:15:47 - Saved checkpoint at saved_models/halfcheetah-medium-v2/COMFO6_s1_20230225_223228/actor_120
2023-02-25 23:15:47 - Removing checkpoint at saved_models/halfcheetah-medium-v2/COMFO6_s1_20230225_223228/actor_20
2023-02-25 23:15:47 - Saving checkpoint at step: 120
2023-02-25 23:15:47 - Saved checkpoint at saved_models/halfcheetah-medium-v2/COMFO6_s1_20230225_223228/critic_120
2023-02-25 23:15:47 - Removing checkpoint at saved_models/halfcheetah-medium-v2/COMFO6_s1_20230225_223228/critic_20
2023-02-25 23:15:47 - Saving checkpoint at step: 120
2023-02-25 23:15:47 - Saved checkpoint at saved_models/halfcheetah-medium-v2/COMFO6_s1_20230225_223228/value_120
2023-02-25 23:15:47 - Removing checkpoint at saved_models/halfcheetah-medium-v2/COMFO6_s1_20230225_223228/value_20
2023-02-25 23:15:53 - 
[#Step 600000] eval_reward: 56.053, eval_time: 6.214, time: 43.415
	critic_loss: 0.697, max_critic_loss: 7.463, min_critic_loss: 0.001
	actor_loss: -88.851, max_actor_loss: -5.405, min_actor_loss: -95.718
	value_loss: 0.126, max_value_loss: 6.307, min_value_loss: 0.000
	weight: 0.469, max_weight: 0.700, min_weight: 0.300
	v: 88.673, max_v: 96.200, min_v: 6.853
	q1: 88.639, max_q1: 95.934, min_q1: 5.309
	q2: 88.608, max_q2: 95.957, min_q2: 6.260
	target_q: 88.727, max_target_q: 96.604, min_target_q: 6.296

2023-02-25 23:16:35 - 
[#Step 610000] eval_reward: 55.572, eval_time: 6.266, time: 44.121
	critic_loss: 1.011, max_critic_loss: 19.374, min_critic_loss: 0.000
	actor_loss: -89.775, max_actor_loss: -55.853, min_actor_loss: -95.815
	value_loss: 0.098, max_value_loss: 4.815, min_value_loss: 0.000
	weight: 0.450, max_weight: 0.700, min_weight: 0.300
	v: 89.649, max_v: 95.860, min_v: 52.718
	q1: 89.604, max_q1: 95.731, min_q1: 51.545
	q2: 89.506, max_q2: 95.952, min_q2: 52.552
	target_q: 89.556, max_target_q: 95.211, min_target_q: 49.750

2023-02-25 23:17:17 - 
[#Step 620000] eval_reward: 54.918, eval_time: 6.318, time: 44.825
	critic_loss: 0.896, max_critic_loss: 25.618, min_critic_loss: 0.000
	actor_loss: -89.120, max_actor_loss: -4.784, min_actor_loss: -97.260
	value_loss: 0.090, max_value_loss: 3.852, min_value_loss: 0.000
	weight: 0.439, max_weight: 0.700, min_weight: 0.300
	v: 88.911, max_v: 96.959, min_v: 4.036
	q1: 88.762, max_q1: 96.960, min_q1: 3.923
	q2: 88.788, max_q2: 96.783, min_q2: 4.282
	target_q: 88.725, max_target_q: 96.461, min_target_q: 3.806

2023-02-25 23:18:00 - 
[#Step 630000] eval_reward: 55.428, eval_time: 6.030, time: 45.527
	critic_loss: 0.805, max_critic_loss: 19.394, min_critic_loss: 0.000
	actor_loss: -89.208, max_actor_loss: -5.281, min_actor_loss: -97.045
	value_loss: 0.079, max_value_loss: 2.026, min_value_loss: 0.000
	weight: 0.423, max_weight: 0.700, min_weight: 0.300
	v: 89.125, max_v: 97.539, min_v: 6.051
	q1: 88.969, max_q1: 97.405, min_q1: 5.878
	q2: 88.954, max_q2: 97.913, min_q2: 5.163
	target_q: 89.162, max_target_q: 97.839, min_target_q: 6.384

2023-02-25 23:18:42 - 
[#Step 640000] eval_reward: 56.265, eval_time: 6.296, time: 46.233
	critic_loss: 1.287, max_critic_loss: 27.035, min_critic_loss: 0.001
	actor_loss: -88.045, max_actor_loss: -3.169, min_actor_loss: -96.757
	value_loss: 0.108, max_value_loss: 3.777, min_value_loss: 0.000
	weight: 0.391, max_weight: 0.700, min_weight: 0.300
	v: 88.101, max_v: 97.271, min_v: 4.615
	q1: 87.740, max_q1: 96.810, min_q1: 2.608
	q2: 87.702, max_q2: 96.620, min_q2: 3.720
	target_q: 88.164, max_target_q: 96.888, min_target_q: 4.301

2023-02-25 23:19:24 - 
[#Step 650000] eval_reward: 55.603, eval_time: 5.981, time: 46.935
	critic_loss: 0.730, max_critic_loss: 26.070, min_critic_loss: 0.000
	actor_loss: -89.012, max_actor_loss: -5.836, min_actor_loss: -95.726
	value_loss: 0.083, max_value_loss: 2.755, min_value_loss: 0.000
	weight: 0.427, max_weight: 0.700, min_weight: 0.300
	v: 88.773, max_v: 95.918, min_v: 4.967
	q1: 88.748, max_q1: 95.721, min_q1: 5.751
	q2: 88.686, max_q2: 95.570, min_q2: 5.638
	target_q: 88.742, max_target_q: 96.102, min_target_q: 4.958

2023-02-25 23:20:06 - 
[#Step 660000] eval_reward: 56.295, eval_time: 6.173, time: 47.637
	critic_loss: 0.981, max_critic_loss: 19.082, min_critic_loss: 0.001
	actor_loss: -89.288, max_actor_loss: -4.691, min_actor_loss: -96.553
	value_loss: 0.132, max_value_loss: 5.613, min_value_loss: 0.000
	weight: 0.467, max_weight: 0.700, min_weight: 0.300
	v: 88.814, max_v: 95.647, min_v: 4.189
	q1: 88.811, max_q1: 95.621, min_q1: 4.914
	q2: 88.769, max_q2: 95.585, min_q2: 4.208
	target_q: 88.765, max_target_q: 95.795, min_target_q: 3.604

2023-02-25 23:20:49 - 
[#Step 670000] eval_reward: 55.745, eval_time: 6.564, time: 48.349
	critic_loss: 0.816, max_critic_loss: 27.285, min_critic_loss: 0.001
	actor_loss: -89.738, max_actor_loss: -52.949, min_actor_loss: -96.628
	value_loss: 0.202, max_value_loss: 28.729, min_value_loss: 0.000
	weight: 0.477, max_weight: 0.700, min_weight: 0.300
	v: 89.259, max_v: 96.513, min_v: 52.476
	q1: 89.369, max_q1: 96.667, min_q1: 53.927
	q2: 89.357, max_q2: 96.450, min_q2: 53.954
	target_q: 89.142, max_target_q: 96.035, min_target_q: 53.461

2023-02-25 23:21:31 - 
[#Step 680000] eval_reward: 57.018, eval_time: 5.844, time: 49.045
	critic_loss: 0.761, max_critic_loss: 10.904, min_critic_loss: 0.000
	actor_loss: -90.130, max_actor_loss: -73.239, min_actor_loss: -95.536
	value_loss: 0.142, max_value_loss: 14.063, min_value_loss: 0.000
	weight: 0.492, max_weight: 0.700, min_weight: 0.300
	v: 89.698, max_v: 95.646, min_v: 72.142
	q1: 89.760, max_q1: 95.835, min_q1: 72.966
	q2: 89.788, max_q2: 95.743, min_q2: 73.526
	target_q: 89.694, max_target_q: 95.857, min_target_q: 73.539

2023-02-25 23:22:13 - 
[#Step 690000] eval_reward: 55.907, eval_time: 6.001, time: 49.745
	critic_loss: 0.747, max_critic_loss: 16.844, min_critic_loss: 0.001
	actor_loss: -89.642, max_actor_loss: -71.535, min_actor_loss: -95.531
	value_loss: 0.104, max_value_loss: 2.175, min_value_loss: 0.000
	weight: 0.423, max_weight: 0.700, min_weight: 0.300
	v: 89.349, max_v: 95.486, min_v: 70.829
	q1: 89.425, max_q1: 96.092, min_q1: 71.183
	q2: 89.325, max_q2: 95.792, min_q2: 70.705
	target_q: 89.247, max_target_q: 95.948, min_target_q: 71.018

2023-02-25 23:22:49 - Saving checkpoint at step: 140
2023-02-25 23:22:49 - Saved checkpoint at saved_models/halfcheetah-medium-v2/COMFO6_s1_20230225_223228/actor_140
2023-02-25 23:22:49 - Removing checkpoint at saved_models/halfcheetah-medium-v2/COMFO6_s1_20230225_223228/actor_40
2023-02-25 23:22:49 - Saving checkpoint at step: 140
2023-02-25 23:22:49 - Saved checkpoint at saved_models/halfcheetah-medium-v2/COMFO6_s1_20230225_223228/critic_140
2023-02-25 23:22:49 - Removing checkpoint at saved_models/halfcheetah-medium-v2/COMFO6_s1_20230225_223228/critic_40
2023-02-25 23:22:49 - Saving checkpoint at step: 140
2023-02-25 23:22:49 - Saved checkpoint at saved_models/halfcheetah-medium-v2/COMFO6_s1_20230225_223228/value_140
2023-02-25 23:22:49 - Removing checkpoint at saved_models/halfcheetah-medium-v2/COMFO6_s1_20230225_223228/value_40
2023-02-25 23:22:55 - 
[#Step 700000] eval_reward: 56.584, eval_time: 6.242, time: 50.449
	critic_loss: 0.916, max_critic_loss: 9.894, min_critic_loss: 0.001
	actor_loss: -89.806, max_actor_loss: -61.323, min_actor_loss: -95.313
	value_loss: 0.128, max_value_loss: 13.392, min_value_loss: 0.000
	weight: 0.378, max_weight: 0.700, min_weight: 0.300
	v: 89.844, max_v: 96.269, min_v: 55.985
	q1: 89.537, max_q1: 95.914, min_q1: 58.107
	q2: 89.479, max_q2: 95.570, min_q2: 55.753
	target_q: 89.904, max_target_q: 96.087, min_target_q: 56.054

2023-02-25 23:23:37 - 
[#Step 710000] eval_reward: 56.791, eval_time: 6.145, time: 51.152
	critic_loss: 0.857, max_critic_loss: 17.523, min_critic_loss: 0.000
	actor_loss: -89.286, max_actor_loss: -4.703, min_actor_loss: -95.657
	value_loss: 0.094, max_value_loss: 1.889, min_value_loss: 0.000
	weight: 0.456, max_weight: 0.700, min_weight: 0.300
	v: 88.943, max_v: 95.515, min_v: 3.313
	q1: 88.962, max_q1: 95.808, min_q1: 4.563
	q2: 88.934, max_q2: 95.854, min_q2: 5.672
	target_q: 89.030, max_target_q: 95.997, min_target_q: 3.782

2023-02-25 23:24:19 - 
[#Step 720000] eval_reward: 56.936, eval_time: 6.029, time: 51.853
	critic_loss: 1.663, max_critic_loss: 218.899, min_critic_loss: 0.001
	actor_loss: -89.559, max_actor_loss: -3.417, min_actor_loss: -96.472
	value_loss: 0.097, max_value_loss: 2.987, min_value_loss: 0.000
	weight: 0.455, max_weight: 0.700, min_weight: 0.300
	v: 89.230, max_v: 96.322, min_v: 4.043
	q1: 89.360, max_q1: 96.303, min_q1: 3.031
	q2: 89.299, max_q2: 96.458, min_q2: 3.888
	target_q: 89.227, max_target_q: 96.459, min_target_q: 3.800

2023-02-25 23:25:01 - 
[#Step 730000] eval_reward: 55.841, eval_time: 5.975, time: 52.553
	critic_loss: 0.937, max_critic_loss: 29.002, min_critic_loss: 0.001
	actor_loss: -89.997, max_actor_loss: -70.066, min_actor_loss: -97.181
	value_loss: 0.124, max_value_loss: 5.526, min_value_loss: 0.000
	weight: 0.453, max_weight: 0.700, min_weight: 0.300
	v: 89.754, max_v: 97.149, min_v: 69.145
	q1: 89.708, max_q1: 97.035, min_q1: 69.549
	q2: 89.717, max_q2: 97.220, min_q2: 69.676
	target_q: 89.771, max_target_q: 97.069, min_target_q: 69.044

2023-02-25 23:25:43 - 
[#Step 740000] eval_reward: 54.463, eval_time: 5.985, time: 53.251
	critic_loss: 0.838, max_critic_loss: 12.545, min_critic_loss: 0.005
	actor_loss: -88.712, max_actor_loss: -5.471, min_actor_loss: -95.955
	value_loss: 0.083, max_value_loss: 1.935, min_value_loss: 0.000
	weight: 0.428, max_weight: 0.700, min_weight: 0.300
	v: 88.735, max_v: 95.688, min_v: 3.622
	q1: 88.474, max_q1: 96.430, min_q1: 5.198
	q2: 88.505, max_q2: 96.031, min_q2: 4.827
	target_q: 88.718, max_target_q: 96.542, min_target_q: 3.919

2023-02-25 23:26:25 - 
[#Step 750000] eval_reward: 55.742, eval_time: 6.301, time: 53.958
	critic_loss: 0.998, max_critic_loss: 16.978, min_critic_loss: 0.002
	actor_loss: -89.702, max_actor_loss: -7.114, min_actor_loss: -95.305
	value_loss: 0.120, max_value_loss: 5.012, min_value_loss: 0.000
	weight: 0.444, max_weight: 0.700, min_weight: 0.300
	v: 89.547, max_v: 95.113, min_v: 6.047
	q1: 89.298, max_q1: 95.321, min_q1: 7.323
	q2: 89.320, max_q2: 95.332, min_q2: 7.076
	target_q: 89.598, max_target_q: 95.686, min_target_q: 6.124

2023-02-25 23:27:08 - 
[#Step 760000] eval_reward: 55.861, eval_time: 6.140, time: 54.660
	critic_loss: 1.581, max_critic_loss: 180.703, min_critic_loss: 0.000
	actor_loss: -89.625, max_actor_loss: -17.685, min_actor_loss: -97.276
	value_loss: 0.149, max_value_loss: 7.724, min_value_loss: 0.000
	weight: 0.434, max_weight: 0.700, min_weight: 0.300
	v: 89.562, max_v: 97.262, min_v: 15.294
	q1: 89.351, max_q1: 96.611, min_q1: 15.282
	q2: 89.386, max_q2: 96.478, min_q2: 15.653
	target_q: 89.515, max_target_q: 97.667, min_target_q: 14.131

2023-02-25 23:27:50 - 
[#Step 770000] eval_reward: 57.084, eval_time: 6.261, time: 55.365
	critic_loss: 1.090, max_critic_loss: 60.095, min_critic_loss: 0.001
	actor_loss: -89.550, max_actor_loss: -5.944, min_actor_loss: -96.167
	value_loss: 0.095, max_value_loss: 3.619, min_value_loss: 0.000
	weight: 0.419, max_weight: 0.700, min_weight: 0.300
	v: 89.613, max_v: 96.905, min_v: 5.666
	q1: 89.417, max_q1: 96.753, min_q1: 6.376
	q2: 89.336, max_q2: 96.360, min_q2: 6.884
	target_q: 89.589, max_target_q: 96.966, min_target_q: 5.285

2023-02-25 23:28:32 - 
[#Step 780000] eval_reward: 56.829, eval_time: 6.021, time: 56.065
	critic_loss: 0.940, max_critic_loss: 42.619, min_critic_loss: 0.000
	actor_loss: -89.113, max_actor_loss: -4.614, min_actor_loss: -95.741
	value_loss: 0.100, max_value_loss: 4.511, min_value_loss: 0.000
	weight: 0.495, max_weight: 0.700, min_weight: 0.300
	v: 88.737, max_v: 96.225, min_v: 5.214
	q1: 88.822, max_q1: 96.108, min_q1: 4.348
	q2: 88.909, max_q2: 95.872, min_q2: 4.453
	target_q: 88.728, max_target_q: 96.524, min_target_q: 5.004

2023-02-25 23:29:14 - 
[#Step 790000] eval_reward: 51.947, eval_time: 6.177, time: 56.770
	critic_loss: 0.979, max_critic_loss: 27.062, min_critic_loss: 0.001
	actor_loss: -88.628, max_actor_loss: -5.571, min_actor_loss: -96.561
	value_loss: 0.090, max_value_loss: 1.728, min_value_loss: 0.000
	weight: 0.417, max_weight: 0.700, min_weight: 0.300
	v: 88.506, max_v: 97.013, min_v: 4.428
	q1: 88.441, max_q1: 96.756, min_q1: 5.943
	q2: 88.378, max_q2: 96.722, min_q2: 5.197
	target_q: 88.364, max_target_q: 97.288, min_target_q: 4.874

2023-02-25 23:29:50 - Saving checkpoint at step: 160
2023-02-25 23:29:50 - Saved checkpoint at saved_models/halfcheetah-medium-v2/COMFO6_s1_20230225_223228/actor_160
2023-02-25 23:29:50 - Removing checkpoint at saved_models/halfcheetah-medium-v2/COMFO6_s1_20230225_223228/actor_60
2023-02-25 23:29:50 - Saving checkpoint at step: 160
2023-02-25 23:29:50 - Saved checkpoint at saved_models/halfcheetah-medium-v2/COMFO6_s1_20230225_223228/critic_160
2023-02-25 23:29:50 - Removing checkpoint at saved_models/halfcheetah-medium-v2/COMFO6_s1_20230225_223228/critic_60
2023-02-25 23:29:50 - Saving checkpoint at step: 160
2023-02-25 23:29:50 - Saved checkpoint at saved_models/halfcheetah-medium-v2/COMFO6_s1_20230225_223228/value_160
2023-02-25 23:29:50 - Removing checkpoint at saved_models/halfcheetah-medium-v2/COMFO6_s1_20230225_223228/value_60
2023-02-25 23:29:56 - 
[#Step 800000] eval_reward: 56.839, eval_time: 6.089, time: 57.471
	critic_loss: 1.344, max_critic_loss: 159.425, min_critic_loss: 0.001
	actor_loss: -89.038, max_actor_loss: -3.824, min_actor_loss: -96.495
	value_loss: 0.138, max_value_loss: 6.601, min_value_loss: 0.000
	weight: 0.414, max_weight: 0.700, min_weight: 0.300
	v: 88.877, max_v: 96.745, min_v: 4.865
	q1: 88.751, max_q1: 96.588, min_q1: 4.590
	q2: 88.724, max_q2: 96.454, min_q2: 4.026
	target_q: 88.685, max_target_q: 96.074, min_target_q: 3.647

2023-02-25 23:30:38 - 
[#Step 810000] eval_reward: 56.654, eval_time: 6.105, time: 58.170
	critic_loss: 1.016, max_critic_loss: 84.414, min_critic_loss: 0.002
	actor_loss: -87.774, max_actor_loss: -3.762, min_actor_loss: -95.583
	value_loss: 0.130, max_value_loss: 9.956, min_value_loss: 0.000
	weight: 0.447, max_weight: 0.700, min_weight: 0.300
	v: 87.488, max_v: 95.420, min_v: 4.592
	q1: 87.480, max_q1: 95.405, min_q1: 4.569
	q2: 87.466, max_q2: 95.548, min_q2: 3.859
	target_q: 87.549, max_target_q: 95.559, min_target_q: 4.433

2023-02-25 23:31:20 - 
[#Step 820000] eval_reward: 57.088, eval_time: 6.034, time: 58.871
	critic_loss: 0.557, max_critic_loss: 8.049, min_critic_loss: 0.000
	actor_loss: -89.166, max_actor_loss: -5.586, min_actor_loss: -96.606
	value_loss: 0.064, max_value_loss: 1.056, min_value_loss: 0.000
	weight: 0.403, max_weight: 0.700, min_weight: 0.300
	v: 88.966, max_v: 96.633, min_v: 5.704
	q1: 88.898, max_q1: 96.882, min_q1: 6.010
	q2: 88.930, max_q2: 96.799, min_q2: 4.955
	target_q: 88.950, max_target_q: 96.354, min_target_q: 5.036

2023-02-25 23:32:02 - 
[#Step 830000] eval_reward: 56.547, eval_time: 5.938, time: 59.570
	critic_loss: 0.779, max_critic_loss: 39.654, min_critic_loss: 0.001
	actor_loss: -89.314, max_actor_loss: -4.113, min_actor_loss: -95.786
	value_loss: 0.099, max_value_loss: 3.636, min_value_loss: 0.000
	weight: 0.511, max_weight: 0.700, min_weight: 0.300
	v: 88.770, max_v: 95.577, min_v: 5.294
	q1: 88.932, max_q1: 96.228, min_q1: 5.150
	q2: 88.956, max_q2: 96.065, min_q2: 3.928
	target_q: 88.985, max_target_q: 95.848, min_target_q: 4.962

2023-02-25 23:32:44 - 
[#Step 840000] eval_reward: 57.231, eval_time: 6.111, time: 60.273
	critic_loss: 0.966, max_critic_loss: 24.228, min_critic_loss: 0.001
	actor_loss: -89.768, max_actor_loss: -3.784, min_actor_loss: -96.441
	value_loss: 0.092, max_value_loss: 1.476, min_value_loss: 0.000
	weight: 0.436, max_weight: 0.700, min_weight: 0.300
	v: 89.722, max_v: 97.228, min_v: 5.808
	q1: 89.488, max_q1: 96.515, min_q1: 4.356
	q2: 89.494, max_q2: 96.911, min_q2: 3.070
	target_q: 89.723, max_target_q: 98.111, min_target_q: 6.939

2023-02-25 23:33:27 - 
[#Step 850000] eval_reward: 53.802, eval_time: 6.503, time: 60.983
	critic_loss: 1.078, max_critic_loss: 29.111, min_critic_loss: 0.001
	actor_loss: -89.865, max_actor_loss: -11.080, min_actor_loss: -95.836
	value_loss: 0.071, max_value_loss: 0.794, min_value_loss: 0.000
	weight: 0.441, max_weight: 0.700, min_weight: 0.300
	v: 89.406, max_v: 95.808, min_v: 13.322
	q1: 89.461, max_q1: 96.102, min_q1: 12.457
	q2: 89.531, max_q2: 96.231, min_q2: 11.551
	target_q: 89.268, max_target_q: 96.002, min_target_q: 14.968

2023-02-25 23:34:09 - 
[#Step 860000] eval_reward: 57.298, eval_time: 6.219, time: 61.689
	critic_loss: 0.802, max_critic_loss: 15.339, min_critic_loss: 0.000
	actor_loss: -89.321, max_actor_loss: -3.118, min_actor_loss: -95.083
	value_loss: 0.070, max_value_loss: 1.249, min_value_loss: 0.000
	weight: 0.472, max_weight: 0.700, min_weight: 0.300
	v: 89.282, max_v: 95.378, min_v: 4.763
	q1: 89.084, max_q1: 95.284, min_q1: 3.129
	q2: 89.073, max_q2: 95.274, min_q2: 3.975
	target_q: 89.381, max_target_q: 95.630, min_target_q: 3.974

2023-02-25 23:34:51 - 
[#Step 870000] eval_reward: 57.354, eval_time: 6.083, time: 62.390
	critic_loss: 0.560, max_critic_loss: 16.830, min_critic_loss: 0.000
	actor_loss: -89.620, max_actor_loss: -5.985, min_actor_loss: -96.025
	value_loss: 0.092, max_value_loss: 7.013, min_value_loss: 0.000
	weight: 0.469, max_weight: 0.700, min_weight: 0.300
	v: 89.330, max_v: 95.611, min_v: 5.486
	q1: 89.378, max_q1: 96.028, min_q1: 6.282
	q2: 89.358, max_q2: 95.937, min_q2: 6.570
	target_q: 89.405, max_target_q: 96.403, min_target_q: 5.697

2023-02-25 23:35:34 - 
[#Step 880000] eval_reward: 57.690, eval_time: 6.081, time: 63.092
	critic_loss: 0.923, max_critic_loss: 19.897, min_critic_loss: 0.002
	actor_loss: -89.484, max_actor_loss: -63.482, min_actor_loss: -95.481
	value_loss: 0.071, max_value_loss: 1.623, min_value_loss: 0.000
	weight: 0.433, max_weight: 0.700, min_weight: 0.300
	v: 89.330, max_v: 96.080, min_v: 61.406
	q1: 89.145, max_q1: 95.424, min_q1: 59.472
	q2: 89.201, max_q2: 95.963, min_q2: 58.275
	target_q: 89.434, max_target_q: 96.297, min_target_q: 61.970

2023-02-25 23:36:16 - 
[#Step 890000] eval_reward: 56.995, eval_time: 6.101, time: 63.794
	critic_loss: 0.755, max_critic_loss: 19.113, min_critic_loss: 0.001
	actor_loss: -89.238, max_actor_loss: -3.841, min_actor_loss: -95.322
	value_loss: 0.123, max_value_loss: 6.212, min_value_loss: 0.000
	weight: 0.452, max_weight: 0.700, min_weight: 0.300
	v: 89.015, max_v: 95.182, min_v: 5.817
	q1: 89.013, max_q1: 95.501, min_q1: 4.126
	q2: 88.991, max_q2: 95.655, min_q2: 4.060
	target_q: 89.081, max_target_q: 95.304, min_target_q: 5.310

2023-02-25 23:36:52 - Saving checkpoint at step: 180
2023-02-25 23:36:52 - Saved checkpoint at saved_models/halfcheetah-medium-v2/COMFO6_s1_20230225_223228/actor_180
2023-02-25 23:36:52 - Removing checkpoint at saved_models/halfcheetah-medium-v2/COMFO6_s1_20230225_223228/actor_80
2023-02-25 23:36:52 - Saving checkpoint at step: 180
2023-02-25 23:36:52 - Saved checkpoint at saved_models/halfcheetah-medium-v2/COMFO6_s1_20230225_223228/critic_180
2023-02-25 23:36:52 - Removing checkpoint at saved_models/halfcheetah-medium-v2/COMFO6_s1_20230225_223228/critic_80
2023-02-25 23:36:52 - Saving checkpoint at step: 180
2023-02-25 23:36:52 - Saved checkpoint at saved_models/halfcheetah-medium-v2/COMFO6_s1_20230225_223228/value_180
2023-02-25 23:36:52 - Removing checkpoint at saved_models/halfcheetah-medium-v2/COMFO6_s1_20230225_223228/value_80
2023-02-25 23:36:58 - 
[#Step 900000] eval_reward: 57.624, eval_time: 6.180, time: 64.497
	critic_loss: 0.702, max_critic_loss: 13.432, min_critic_loss: 0.000
	actor_loss: -89.160, max_actor_loss: -3.316, min_actor_loss: -96.302
	value_loss: 0.103, max_value_loss: 3.319, min_value_loss: 0.000
	weight: 0.489, max_weight: 0.700, min_weight: 0.300
	v: 88.718, max_v: 96.194, min_v: 4.326
	q1: 88.956, max_q1: 96.294, min_q1: 3.547
	q2: 88.957, max_q2: 96.506, min_q2: 3.290
	target_q: 88.763, max_target_q: 96.104, min_target_q: 4.499

2023-02-25 23:37:40 - 
[#Step 910000] eval_reward: 56.993, eval_time: 6.096, time: 65.198
	critic_loss: 2.578, max_critic_loss: 392.629, min_critic_loss: 0.002
	actor_loss: -88.888, max_actor_loss: -6.537, min_actor_loss: -95.667
	value_loss: 0.152, max_value_loss: 6.762, min_value_loss: 0.000
	weight: 0.519, max_weight: 0.700, min_weight: 0.300
	v: 88.567, max_v: 95.737, min_v: 4.354
	q1: 88.538, max_q1: 95.830, min_q1: 6.385
	q2: 88.491, max_q2: 95.442, min_q2: 6.335
	target_q: 88.424, max_target_q: 95.922, min_target_q: 1.660

2023-02-25 23:38:22 - 
[#Step 920000] eval_reward: 57.246, eval_time: 6.222, time: 65.899
	critic_loss: 1.183, max_critic_loss: 79.000, min_critic_loss: 0.000
	actor_loss: -89.499, max_actor_loss: -6.179, min_actor_loss: -95.868
	value_loss: 0.139, max_value_loss: 7.728, min_value_loss: 0.000
	weight: 0.483, max_weight: 0.700, min_weight: 0.300
	v: 89.133, max_v: 96.218, min_v: 5.814
	q1: 89.206, max_q1: 96.186, min_q1: 6.211
	q2: 89.210, max_q2: 96.322, min_q2: 6.259
	target_q: 88.966, max_target_q: 96.130, min_target_q: 5.538

2023-02-25 23:39:04 - 
[#Step 930000] eval_reward: 57.386, eval_time: 6.168, time: 66.603
	critic_loss: 1.007, max_critic_loss: 78.252, min_critic_loss: 0.002
	actor_loss: -89.358, max_actor_loss: -5.003, min_actor_loss: -96.907
	value_loss: 0.098, max_value_loss: 4.806, min_value_loss: 0.000
	weight: 0.444, max_weight: 0.700, min_weight: 0.300
	v: 89.038, max_v: 96.170, min_v: 6.186
	q1: 89.125, max_q1: 96.173, min_q1: 5.067
	q2: 89.053, max_q2: 96.004, min_q2: 4.858
	target_q: 88.953, max_target_q: 96.409, min_target_q: 5.989

2023-02-25 23:39:46 - 
[#Step 940000] eval_reward: 57.143, eval_time: 6.145, time: 67.307
	critic_loss: 0.936, max_critic_loss: 55.944, min_critic_loss: 0.002
	actor_loss: -89.668, max_actor_loss: -55.551, min_actor_loss: -96.375
	value_loss: 0.084, max_value_loss: 1.158, min_value_loss: 0.000
	weight: 0.417, max_weight: 0.700, min_weight: 0.300
	v: 89.294, max_v: 96.696, min_v: 56.048
	q1: 89.426, max_q1: 96.653, min_q1: 55.252
	q2: 89.381, max_q2: 96.545, min_q2: 56.946
	target_q: 89.196, max_target_q: 96.403, min_target_q: 54.755

2023-02-25 23:40:29 - 
[#Step 950000] eval_reward: 57.523, eval_time: 6.101, time: 68.008
	critic_loss: 0.683, max_critic_loss: 15.794, min_critic_loss: 0.002
	actor_loss: -89.491, max_actor_loss: -5.609, min_actor_loss: -96.483
	value_loss: 0.067, max_value_loss: 0.998, min_value_loss: 0.000
	weight: 0.453, max_weight: 0.700, min_weight: 0.300
	v: 89.229, max_v: 96.676, min_v: 6.134
	q1: 89.246, max_q1: 96.652, min_q1: 5.470
	q2: 89.242, max_q2: 96.628, min_q2: 5.257
	target_q: 89.295, max_target_q: 96.902, min_target_q: 5.804

2023-02-25 23:40:53 - 
[#Step 955000] eval_reward: 57.293, eval_time: 6.230, time: 68.410
	critic_loss: 0.869, max_critic_loss: 22.507, min_critic_loss: 0.001
	actor_loss: -88.656, max_actor_loss: -5.237, min_actor_loss: -95.687
	value_loss: 0.108, max_value_loss: 4.061, min_value_loss: 0.000
	weight: 0.531, max_weight: 0.700, min_weight: 0.300
	v: 88.192, max_v: 95.562, min_v: 4.399
	q1: 88.392, max_q1: 96.030, min_q1: 4.694
	q2: 88.390, max_q2: 96.213, min_q2: 5.192
	target_q: 88.332, max_target_q: 95.787, min_target_q: 4.232

2023-02-25 23:41:17 - 
[#Step 960000] eval_reward: 57.870, eval_time: 6.326, time: 68.818
	critic_loss: 0.688, max_critic_loss: 11.264, min_critic_loss: 0.000
	actor_loss: -89.979, max_actor_loss: -61.232, min_actor_loss: -96.340
	value_loss: 0.086, max_value_loss: 1.851, min_value_loss: 0.000
	weight: 0.431, max_weight: 0.700, min_weight: 0.300
	v: 89.783, max_v: 96.227, min_v: 56.511
	q1: 89.644, max_q1: 96.779, min_q1: 54.858
	q2: 89.627, max_q2: 96.895, min_q2: 56.171
	target_q: 89.774, max_target_q: 97.125, min_target_q: 55.450

2023-02-25 23:41:41 - 
[#Step 965000] eval_reward: 57.452, eval_time: 6.168, time: 69.220
	critic_loss: 0.730, max_critic_loss: 14.153, min_critic_loss: 0.000
	actor_loss: -89.373, max_actor_loss: -5.197, min_actor_loss: -95.699
	value_loss: 0.100, max_value_loss: 1.661, min_value_loss: 0.000
	weight: 0.514, max_weight: 0.700, min_weight: 0.300
	v: 88.888, max_v: 95.012, min_v: 4.499
	q1: 88.972, max_q1: 95.890, min_q1: 4.968
	q2: 89.069, max_q2: 96.038, min_q2: 5.595
	target_q: 88.989, max_target_q: 95.652, min_target_q: 4.431

2023-02-25 23:42:06 - 
[#Step 970000] eval_reward: 57.582, eval_time: 6.320, time: 69.625
	critic_loss: 0.686, max_critic_loss: 20.299, min_critic_loss: 0.001
	actor_loss: -89.727, max_actor_loss: -67.201, min_actor_loss: -95.358
	value_loss: 0.144, max_value_loss: 9.076, min_value_loss: 0.000
	weight: 0.448, max_weight: 0.700, min_weight: 0.300
	v: 89.384, max_v: 95.372, min_v: 67.395
	q1: 89.383, max_q1: 95.640, min_q1: 68.313
	q2: 89.408, max_q2: 95.677, min_q2: 67.472
	target_q: 89.310, max_target_q: 95.305, min_target_q: 67.131

2023-02-25 23:42:30 - 
[#Step 975000] eval_reward: 57.806, eval_time: 6.380, time: 70.031
	critic_loss: 1.340, max_critic_loss: 68.239, min_critic_loss: 0.007
	actor_loss: -89.647, max_actor_loss: -12.656, min_actor_loss: -95.747
	value_loss: 0.083, max_value_loss: 2.961, min_value_loss: 0.000
	weight: 0.450, max_weight: 0.700, min_weight: 0.300
	v: 89.192, max_v: 95.933, min_v: 11.569
	q1: 89.443, max_q1: 95.986, min_q1: 11.405
	q2: 89.286, max_q2: 96.022, min_q2: 10.670
	target_q: 89.160, max_target_q: 96.681, min_target_q: 11.396

2023-02-25 23:42:48 - Saving checkpoint at step: 196
2023-02-25 23:42:48 - Saved checkpoint at saved_models/halfcheetah-medium-v2/COMFO6_s1_20230225_223228/actor_196
2023-02-25 23:42:48 - Removing checkpoint at saved_models/halfcheetah-medium-v2/COMFO6_s1_20230225_223228/actor_100
2023-02-25 23:42:48 - Saving checkpoint at step: 196
2023-02-25 23:42:48 - Saved checkpoint at saved_models/halfcheetah-medium-v2/COMFO6_s1_20230225_223228/critic_196
2023-02-25 23:42:48 - Removing checkpoint at saved_models/halfcheetah-medium-v2/COMFO6_s1_20230225_223228/critic_100
2023-02-25 23:42:48 - Saving checkpoint at step: 196
2023-02-25 23:42:48 - Saved checkpoint at saved_models/halfcheetah-medium-v2/COMFO6_s1_20230225_223228/value_196
2023-02-25 23:42:48 - Removing checkpoint at saved_models/halfcheetah-medium-v2/COMFO6_s1_20230225_223228/value_100
2023-02-25 23:42:54 - 
[#Step 980000] eval_reward: 57.656, eval_time: 6.111, time: 70.433
	critic_loss: 0.894, max_critic_loss: 16.503, min_critic_loss: 0.001
	actor_loss: -88.348, max_actor_loss: -2.998, min_actor_loss: -95.724
	value_loss: 0.148, max_value_loss: 9.945, min_value_loss: 0.000
	weight: 0.473, max_weight: 0.700, min_weight: 0.300
	v: 87.922, max_v: 95.878, min_v: 4.467
	q1: 88.094, max_q1: 96.121, min_q1: 4.037
	q2: 88.045, max_q2: 96.323, min_q2: 2.983
	target_q: 87.899, max_target_q: 96.151, min_target_q: 4.801

2023-02-25 23:43:12 - Saving checkpoint at step: 197
2023-02-25 23:43:12 - Saved checkpoint at saved_models/halfcheetah-medium-v2/COMFO6_s1_20230225_223228/actor_197
2023-02-25 23:43:12 - Removing checkpoint at saved_models/halfcheetah-medium-v2/COMFO6_s1_20230225_223228/actor_120
2023-02-25 23:43:12 - Saving checkpoint at step: 197
2023-02-25 23:43:12 - Saved checkpoint at saved_models/halfcheetah-medium-v2/COMFO6_s1_20230225_223228/critic_197
2023-02-25 23:43:12 - Removing checkpoint at saved_models/halfcheetah-medium-v2/COMFO6_s1_20230225_223228/critic_120
2023-02-25 23:43:12 - Saving checkpoint at step: 197
2023-02-25 23:43:12 - Saved checkpoint at saved_models/halfcheetah-medium-v2/COMFO6_s1_20230225_223228/value_197
2023-02-25 23:43:12 - Removing checkpoint at saved_models/halfcheetah-medium-v2/COMFO6_s1_20230225_223228/value_120
2023-02-25 23:43:18 - 
[#Step 985000] eval_reward: 55.473, eval_time: 6.303, time: 70.839
	critic_loss: 0.990, max_critic_loss: 47.716, min_critic_loss: 0.002
	actor_loss: -88.524, max_actor_loss: -5.682, min_actor_loss: -95.769
	value_loss: 0.109, max_value_loss: 2.359, min_value_loss: 0.000
	weight: 0.416, max_weight: 0.700, min_weight: 0.300
	v: 88.378, max_v: 95.767, min_v: 7.227
	q1: 88.306, max_q1: 95.909, min_q1: 5.712
	q2: 88.213, max_q2: 95.836, min_q2: 5.179
	target_q: 88.445, max_target_q: 95.699, min_target_q: 6.755

2023-02-25 23:43:36 - Saving checkpoint at step: 198
2023-02-25 23:43:36 - Saved checkpoint at saved_models/halfcheetah-medium-v2/COMFO6_s1_20230225_223228/actor_198
2023-02-25 23:43:36 - Removing checkpoint at saved_models/halfcheetah-medium-v2/COMFO6_s1_20230225_223228/actor_140
2023-02-25 23:43:36 - Saving checkpoint at step: 198
2023-02-25 23:43:36 - Saved checkpoint at saved_models/halfcheetah-medium-v2/COMFO6_s1_20230225_223228/critic_198
2023-02-25 23:43:36 - Removing checkpoint at saved_models/halfcheetah-medium-v2/COMFO6_s1_20230225_223228/critic_140
2023-02-25 23:43:36 - Saving checkpoint at step: 198
2023-02-25 23:43:36 - Saved checkpoint at saved_models/halfcheetah-medium-v2/COMFO6_s1_20230225_223228/value_198
2023-02-25 23:43:36 - Removing checkpoint at saved_models/halfcheetah-medium-v2/COMFO6_s1_20230225_223228/value_140
2023-02-25 23:43:42 - 
[#Step 990000] eval_reward: 57.372, eval_time: 6.147, time: 71.241
	critic_loss: 0.939, max_critic_loss: 28.111, min_critic_loss: 0.002
	actor_loss: -88.527, max_actor_loss: -5.626, min_actor_loss: -96.241
	value_loss: 0.104, max_value_loss: 3.992, min_value_loss: 0.000
	weight: 0.495, max_weight: 0.700, min_weight: 0.300
	v: 87.968, max_v: 95.425, min_v: 5.808
	q1: 88.259, max_q1: 96.057, min_q1: 5.737
	q2: 88.190, max_q2: 96.334, min_q2: 5.416
	target_q: 87.939, max_target_q: 96.145, min_target_q: 5.035

2023-02-25 23:44:01 - Saving checkpoint at step: 199
2023-02-25 23:44:01 - Saved checkpoint at saved_models/halfcheetah-medium-v2/COMFO6_s1_20230225_223228/actor_199
2023-02-25 23:44:01 - Removing checkpoint at saved_models/halfcheetah-medium-v2/COMFO6_s1_20230225_223228/actor_160
2023-02-25 23:44:01 - Saving checkpoint at step: 199
2023-02-25 23:44:01 - Saved checkpoint at saved_models/halfcheetah-medium-v2/COMFO6_s1_20230225_223228/critic_199
2023-02-25 23:44:01 - Removing checkpoint at saved_models/halfcheetah-medium-v2/COMFO6_s1_20230225_223228/critic_160
2023-02-25 23:44:01 - Saving checkpoint at step: 199
2023-02-25 23:44:01 - Saved checkpoint at saved_models/halfcheetah-medium-v2/COMFO6_s1_20230225_223228/value_199
2023-02-25 23:44:01 - Removing checkpoint at saved_models/halfcheetah-medium-v2/COMFO6_s1_20230225_223228/value_160
2023-02-25 23:44:06 - 
[#Step 995000] eval_reward: 57.266, eval_time: 5.896, time: 71.641
	critic_loss: 0.960, max_critic_loss: 32.627, min_critic_loss: 0.005
	actor_loss: -89.658, max_actor_loss: -54.710, min_actor_loss: -95.173
	value_loss: 0.110, max_value_loss: 3.923, min_value_loss: 0.000
	weight: 0.448, max_weight: 0.700, min_weight: 0.300
	v: 89.412, max_v: 95.628, min_v: 56.447
	q1: 89.374, max_q1: 95.367, min_q1: 54.090
	q2: 89.468, max_q2: 95.298, min_q2: 56.130
	target_q: 89.500, max_target_q: 95.763, min_target_q: 53.219

2023-02-25 23:44:24 - Saving checkpoint at step: 200
2023-02-25 23:44:24 - Saved checkpoint at saved_models/halfcheetah-medium-v2/COMFO6_s1_20230225_223228/actor_200
2023-02-25 23:44:24 - Removing checkpoint at saved_models/halfcheetah-medium-v2/COMFO6_s1_20230225_223228/actor_180
2023-02-25 23:44:24 - Saving checkpoint at step: 200
2023-02-25 23:44:24 - Saved checkpoint at saved_models/halfcheetah-medium-v2/COMFO6_s1_20230225_223228/critic_200
2023-02-25 23:44:24 - Removing checkpoint at saved_models/halfcheetah-medium-v2/COMFO6_s1_20230225_223228/critic_180
2023-02-25 23:44:24 - Saving checkpoint at step: 200
2023-02-25 23:44:24 - Saved checkpoint at saved_models/halfcheetah-medium-v2/COMFO6_s1_20230225_223228/value_200
2023-02-25 23:44:24 - Removing checkpoint at saved_models/halfcheetah-medium-v2/COMFO6_s1_20230225_223228/value_180
2023-02-25 23:44:30 - 
[#Step 1000000] eval_reward: 54.514, eval_time: 6.175, time: 72.040
	critic_loss: 1.344, max_critic_loss: 74.587, min_critic_loss: 0.001
	actor_loss: -88.814, max_actor_loss: -5.428, min_actor_loss: -94.942
	value_loss: 0.144, max_value_loss: 6.501, min_value_loss: 0.000
	weight: 0.422, max_weight: 0.700, min_weight: 0.300
	v: 88.719, max_v: 95.368, min_v: 5.864
	q1: 88.460, max_q1: 95.058, min_q1: 5.889
	q2: 88.504, max_q2: 95.009, min_q2: 5.154
	target_q: 88.873, max_target_q: 95.548, min_target_q: 5.703

2023-02-25 23:44:31 - 
Avg eval reward = 57.03

