2023-02-25 21:21:26 - Exp configurations:
algo: COMFO6
alpha: 5.0
batch_size: 256
env_name: halfcheetah-medium-v2
eval_episodes: 10
eval_freq: 5000
expectile: 0.7
gamma: 0.99
hidden_dims: !!python/tuple
- 256
- 256
initializer: orthogonal
log_dir: 20230225_mle0
lr: 0.0003
max_timesteps: 1000000
mle_alpha: 0.0
model_dir: saved_models
num_random: 10
seed: 0
tau: 0.005
temperature: 3.0

2023-02-25 21:23:38 - 
[#Step 10000] eval_reward: -3.463, eval_time: 5.779, time: 2.205
	critic_loss: 2.005, max_critic_loss: 63.818, min_critic_loss: 0.000
	actor_loss: -34.955, max_actor_loss: -0.903, min_actor_loss: -43.694
	value_loss: 0.132, max_value_loss: 3.452, min_value_loss: 0.000
	weight: 0.459, max_weight: 0.700, min_weight: 0.300
	v: 33.891, max_v: 42.652, min_v: 0.178
	q1: 34.634, max_q1: 43.744, min_q1: 0.241
	q2: 34.646, max_q2: 43.650, min_q2: -0.555
	target_q: 34.300, max_target_q: 43.602, min_target_q: -0.280

2023-02-25 21:24:20 - 
[#Step 20000] eval_reward: -4.011, eval_time: 5.737, time: 2.895
	critic_loss: 2.124, max_critic_loss: 54.234, min_critic_loss: 0.003
	actor_loss: -59.110, max_actor_loss: -32.773, min_actor_loss: -69.670
	value_loss: 0.198, max_value_loss: 4.421, min_value_loss: 0.000
	weight: 0.442, max_weight: 0.700, min_weight: 0.300
	v: 58.429, max_v: 67.495, min_v: 32.009
	q1: 58.647, max_q1: 68.105, min_q1: 32.904
	q2: 58.615, max_q2: 68.310, min_q2: 31.973
	target_q: 58.705, max_target_q: 68.340, min_target_q: 32.901

2023-02-25 21:25:01 - 
[#Step 30000] eval_reward: -3.187, eval_time: 5.663, time: 3.584
	critic_loss: 1.846, max_critic_loss: 25.586, min_critic_loss: 0.001
	actor_loss: -72.896, max_actor_loss: -0.512, min_actor_loss: -83.519
	value_loss: 0.200, max_value_loss: 4.757, min_value_loss: 0.000
	weight: 0.444, max_weight: 0.700, min_weight: 0.300
	v: 72.323, max_v: 83.603, min_v: -0.387
	q1: 72.531, max_q1: 83.453, min_q1: 0.956
	q2: 72.611, max_q2: 83.850, min_q2: 0.879
	target_q: 72.345, max_target_q: 82.905, min_target_q: -1.319

2023-02-25 21:25:43 - 
[#Step 40000] eval_reward: -1.067, eval_time: 6.267, time: 4.279
	critic_loss: 2.004, max_critic_loss: 30.947, min_critic_loss: 0.001
	actor_loss: -79.780, max_actor_loss: -0.621, min_actor_loss: -91.677
	value_loss: 0.134, max_value_loss: 2.240, min_value_loss: 0.000
	weight: 0.450, max_weight: 0.700, min_weight: 0.300
	v: 79.742, max_v: 90.872, min_v: -2.566
	q1: 79.541, max_q1: 89.519, min_q1: -3.148
	q2: 79.564, max_q2: 89.961, min_q2: -2.205
	target_q: 79.718, max_target_q: 89.877, min_target_q: -2.359

2023-02-25 21:26:24 - 
[#Step 50000] eval_reward: -1.213, eval_time: 5.850, time: 4.971
	critic_loss: 2.266, max_critic_loss: 216.339, min_critic_loss: 0.000
	actor_loss: -82.911, max_actor_loss: 3.911, min_actor_loss: -93.861
	value_loss: 0.133, max_value_loss: 3.808, min_value_loss: 0.000
	weight: 0.414, max_weight: 0.700, min_weight: 0.300
	v: 82.942, max_v: 94.241, min_v: -3.826
	q1: 82.796, max_q1: 94.660, min_q1: -3.895
	q2: 82.773, max_q2: 94.838, min_q2: -4.493
	target_q: 82.897, max_target_q: 94.548, min_target_q: -5.057

2023-02-25 21:27:06 - 
[#Step 60000] eval_reward: -0.897, eval_time: 5.690, time: 5.664
	critic_loss: 1.403, max_critic_loss: 21.266, min_critic_loss: 0.000
	actor_loss: -85.742, max_actor_loss: 4.314, min_actor_loss: -95.353
	value_loss: 0.132, max_value_loss: 1.488, min_value_loss: 0.000
	weight: 0.397, max_weight: 0.700, min_weight: 0.300
	v: 85.728, max_v: 95.128, min_v: -5.565
	q1: 85.703, max_q1: 95.118, min_q1: -4.815
	q2: 85.619, max_q2: 94.908, min_q2: -3.840
	target_q: 85.700, max_target_q: 95.216, min_target_q: -6.794

2023-02-25 21:27:47 - 
[#Step 70000] eval_reward: -2.067, eval_time: 5.791, time: 6.355
	critic_loss: 2.358, max_critic_loss: 150.647, min_critic_loss: 0.004
	actor_loss: -87.493, max_actor_loss: 6.811, min_actor_loss: -95.562
	value_loss: 0.127, max_value_loss: 3.554, min_value_loss: 0.000
	weight: 0.434, max_weight: 0.700, min_weight: 0.300
	v: 87.530, max_v: 95.324, min_v: -6.775
	q1: 87.417, max_q1: 95.550, min_q1: -7.066
	q2: 87.368, max_q2: 95.450, min_q2: -7.148
	target_q: 87.390, max_target_q: 95.036, min_target_q: -7.168

2023-02-25 21:28:29 - 
[#Step 80000] eval_reward: -1.651, eval_time: 5.684, time: 7.045
	critic_loss: 2.406, max_critic_loss: 173.927, min_critic_loss: 0.001
	actor_loss: -88.315, max_actor_loss: -66.862, min_actor_loss: -96.007
	value_loss: 0.120, max_value_loss: 2.282, min_value_loss: 0.000
	weight: 0.412, max_weight: 0.700, min_weight: 0.300
	v: 88.438, max_v: 96.794, min_v: 65.886
	q1: 88.249, max_q1: 96.498, min_q1: 65.235
	q2: 88.211, max_q2: 96.143, min_q2: 65.176
	target_q: 88.353, max_target_q: 96.490, min_target_q: 65.526

2023-02-25 21:29:10 - 
[#Step 90000] eval_reward: 0.487, eval_time: 5.710, time: 7.734
	critic_loss: 1.347, max_critic_loss: 25.660, min_critic_loss: 0.000
	actor_loss: -87.717, max_actor_loss: 2.324, min_actor_loss: -96.260
	value_loss: 0.109, max_value_loss: 5.891, min_value_loss: 0.000
	weight: 0.503, max_weight: 0.700, min_weight: 0.300
	v: 87.805, max_v: 96.508, min_v: -3.490
	q1: 87.732, max_q1: 96.436, min_q1: -2.454
	q2: 87.668, max_q2: 97.005, min_q2: -2.337
	target_q: 87.900, max_target_q: 96.731, min_target_q: -3.722

2023-02-25 21:29:45 - Saving checkpoint at step: 20
2023-02-25 21:29:45 - Saved checkpoint at saved_models/halfcheetah-medium-v2/COMFO6_s0_20230225_212126/actor_20
2023-02-25 21:29:45 - Saving checkpoint at step: 20
2023-02-25 21:29:45 - Saved checkpoint at saved_models/halfcheetah-medium-v2/COMFO6_s0_20230225_212126/critic_20
2023-02-25 21:29:45 - Saving checkpoint at step: 20
2023-02-25 21:29:45 - Saved checkpoint at saved_models/halfcheetah-medium-v2/COMFO6_s0_20230225_212126/value_20
2023-02-25 21:29:51 - 
[#Step 100000] eval_reward: 2.562, eval_time: 5.756, time: 8.419
	critic_loss: 1.958, max_critic_loss: 65.897, min_critic_loss: 0.002
	actor_loss: -87.803, max_actor_loss: 3.437, min_actor_loss: -95.462
	value_loss: 0.107, max_value_loss: 9.056, min_value_loss: 0.000
	weight: 0.461, max_weight: 0.700, min_weight: 0.300
	v: 87.900, max_v: 96.119, min_v: -4.222
	q1: 87.741, max_q1: 95.803, min_q1: -3.574
	q2: 87.744, max_q2: 96.074, min_q2: -4.232
	target_q: 88.199, max_target_q: 96.496, min_target_q: -6.436

2023-02-25 21:30:32 - 
[#Step 110000] eval_reward: 2.587, eval_time: 5.790, time: 9.110
	critic_loss: 1.167, max_critic_loss: 14.264, min_critic_loss: 0.001
	actor_loss: -89.813, max_actor_loss: -54.301, min_actor_loss: -97.122
	value_loss: 0.085, max_value_loss: 3.464, min_value_loss: 0.000
	weight: 0.470, max_weight: 0.700, min_weight: 0.300
	v: 89.759, max_v: 96.638, min_v: 56.180
	q1: 89.825, max_q1: 96.818, min_q1: 53.655
	q2: 89.733, max_q2: 96.952, min_q2: 53.628
	target_q: 89.902, max_target_q: 97.334, min_target_q: 53.315

2023-02-25 21:31:14 - 
[#Step 120000] eval_reward: 4.843, eval_time: 5.649, time: 9.802
	critic_loss: 1.915, max_critic_loss: 195.665, min_critic_loss: 0.001
	actor_loss: -88.044, max_actor_loss: 4.126, min_actor_loss: -97.194
	value_loss: 0.114, max_value_loss: 10.473, min_value_loss: 0.000
	weight: 0.469, max_weight: 0.700, min_weight: 0.300
	v: 87.852, max_v: 96.879, min_v: -2.611
	q1: 87.926, max_q1: 97.110, min_q1: -3.719
	q2: 87.965, max_q2: 97.470, min_q2: -4.720
	target_q: 87.739, max_target_q: 97.735, min_target_q: -2.428

2023-02-25 21:31:55 - 
[#Step 130000] eval_reward: 5.731, eval_time: 5.778, time: 10.493
	critic_loss: 0.850, max_critic_loss: 22.396, min_critic_loss: 0.001
	actor_loss: -89.287, max_actor_loss: -47.755, min_actor_loss: -98.719
	value_loss: 0.088, max_value_loss: 1.601, min_value_loss: 0.000
	weight: 0.481, max_weight: 0.700, min_weight: 0.300
	v: 89.181, max_v: 97.032, min_v: 47.499
	q1: 89.231, max_q1: 96.938, min_q1: 47.407
	q2: 89.275, max_q2: 97.636, min_q2: 49.388
	target_q: 89.290, max_target_q: 96.994, min_target_q: 48.696

2023-02-25 21:32:37 - 
[#Step 140000] eval_reward: 6.614, eval_time: 5.613, time: 11.181
	critic_loss: 0.767, max_critic_loss: 12.275, min_critic_loss: 0.000
	actor_loss: -88.720, max_actor_loss: 0.714, min_actor_loss: -95.906
	value_loss: 0.074, max_value_loss: 1.697, min_value_loss: 0.000
	weight: 0.416, max_weight: 0.700, min_weight: 0.300
	v: 88.777, max_v: 95.395, min_v: -1.631
	q1: 88.674, max_q1: 96.598, min_q1: -1.436
	q2: 88.763, max_q2: 95.754, min_q2: -1.615
	target_q: 88.829, max_target_q: 96.239, min_target_q: -1.173

2023-02-25 21:33:18 - 
[#Step 150000] eval_reward: 19.868, eval_time: 5.830, time: 11.869
	critic_loss: 1.035, max_critic_loss: 18.982, min_critic_loss: 0.001
	actor_loss: -88.861, max_actor_loss: 2.763, min_actor_loss: -96.901
	value_loss: 0.090, max_value_loss: 1.323, min_value_loss: 0.000
	weight: 0.467, max_weight: 0.700, min_weight: 0.300
	v: 88.777, max_v: 97.130, min_v: -0.230
	q1: 88.707, max_q1: 96.550, min_q1: -2.991
	q2: 88.724, max_q2: 96.844, min_q2: -2.523
	target_q: 88.826, max_target_q: 96.375, min_target_q: -1.304

2023-02-25 21:33:59 - 
[#Step 160000] eval_reward: 40.579, eval_time: 5.762, time: 12.554
	critic_loss: 1.439, max_critic_loss: 19.435, min_critic_loss: 0.003
	actor_loss: -88.764, max_actor_loss: 0.290, min_actor_loss: -96.840
	value_loss: 0.080, max_value_loss: 1.248, min_value_loss: 0.000
	weight: 0.397, max_weight: 0.700, min_weight: 0.300
	v: 89.131, max_v: 97.091, min_v: 1.403
	q1: 88.677, max_q1: 97.156, min_q1: 0.055
	q2: 88.692, max_q2: 97.273, min_q2: -0.410
	target_q: 89.169, max_target_q: 98.322, min_target_q: 2.931

2023-02-25 21:34:41 - 
[#Step 170000] eval_reward: 43.602, eval_time: 5.752, time: 13.247
	critic_loss: 1.259, max_critic_loss: 82.019, min_critic_loss: 0.004
	actor_loss: -89.361, max_actor_loss: -0.923, min_actor_loss: -96.054
	value_loss: 0.086, max_value_loss: 1.276, min_value_loss: 0.000
	weight: 0.467, max_weight: 0.700, min_weight: 0.300
	v: 89.351, max_v: 96.501, min_v: -0.820
	q1: 89.188, max_q1: 96.811, min_q1: -0.194
	q2: 89.235, max_q2: 96.125, min_q2: -0.855
	target_q: 89.342, max_target_q: 96.464, min_target_q: -0.284

2023-02-25 21:35:22 - 
[#Step 180000] eval_reward: 50.428, eval_time: 5.675, time: 13.935
	critic_loss: 1.081, max_critic_loss: 56.890, min_critic_loss: 0.000
	actor_loss: -88.977, max_actor_loss: -0.061, min_actor_loss: -97.216
	value_loss: 0.089, max_value_loss: 1.466, min_value_loss: 0.000
	weight: 0.528, max_weight: 0.700, min_weight: 0.300
	v: 88.736, max_v: 97.554, min_v: -0.392
	q1: 88.825, max_q1: 96.945, min_q1: -0.539
	q2: 88.909, max_q2: 97.619, min_q2: 0.094
	target_q: 88.743, max_target_q: 97.549, min_target_q: -0.266

2023-02-25 21:36:03 - 
[#Step 190000] eval_reward: 45.365, eval_time: 5.765, time: 14.625
	critic_loss: 1.404, max_critic_loss: 26.386, min_critic_loss: 0.002
	actor_loss: -88.888, max_actor_loss: -0.612, min_actor_loss: -95.386
	value_loss: 0.080, max_value_loss: 2.081, min_value_loss: 0.000
	weight: 0.455, max_weight: 0.700, min_weight: 0.300
	v: 89.035, max_v: 95.914, min_v: -0.355
	q1: 88.782, max_q1: 95.588, min_q1: 0.042
	q2: 88.816, max_q2: 95.623, min_q2: 0.877
	target_q: 89.201, max_target_q: 96.352, min_target_q: -0.729

2023-02-25 21:36:39 - Saving checkpoint at step: 40
2023-02-25 21:36:39 - Saved checkpoint at saved_models/halfcheetah-medium-v2/COMFO6_s0_20230225_212126/actor_40
2023-02-25 21:36:39 - Saving checkpoint at step: 40
2023-02-25 21:36:39 - Saved checkpoint at saved_models/halfcheetah-medium-v2/COMFO6_s0_20230225_212126/critic_40
2023-02-25 21:36:39 - Saving checkpoint at step: 40
2023-02-25 21:36:39 - Saved checkpoint at saved_models/halfcheetah-medium-v2/COMFO6_s0_20230225_212126/value_40
2023-02-25 21:36:45 - 
[#Step 200000] eval_reward: 44.893, eval_time: 6.202, time: 15.321
	critic_loss: 0.802, max_critic_loss: 19.965, min_critic_loss: 0.001
	actor_loss: -90.190, max_actor_loss: -51.617, min_actor_loss: -96.549
	value_loss: 0.085, max_value_loss: 2.619, min_value_loss: 0.000
	weight: 0.431, max_weight: 0.700, min_weight: 0.300
	v: 89.995, max_v: 96.510, min_v: 49.649
	q1: 90.087, max_q1: 97.033, min_q1: 49.213
	q2: 90.080, max_q2: 96.926, min_q2: 49.196
	target_q: 90.009, max_target_q: 97.228, min_target_q: 50.148

2023-02-25 21:37:26 - 
[#Step 210000] eval_reward: 50.676, eval_time: 5.710, time: 16.008
	critic_loss: 1.151, max_critic_loss: 34.391, min_critic_loss: 0.000
	actor_loss: -90.084, max_actor_loss: -64.436, min_actor_loss: -96.276
	value_loss: 0.091, max_value_loss: 2.953, min_value_loss: 0.000
	weight: 0.436, max_weight: 0.700, min_weight: 0.300
	v: 89.795, max_v: 95.999, min_v: 66.223
	q1: 89.942, max_q1: 96.364, min_q1: 64.189
	q2: 90.008, max_q2: 96.310, min_q2: 64.407
	target_q: 89.761, max_target_q: 96.449, min_target_q: 64.208

2023-02-25 21:38:08 - 
[#Step 220000] eval_reward: 52.755, eval_time: 5.721, time: 16.696
	critic_loss: 0.997, max_critic_loss: 34.777, min_critic_loss: 0.000
	actor_loss: -89.506, max_actor_loss: -50.105, min_actor_loss: -96.161
	value_loss: 0.078, max_value_loss: 1.524, min_value_loss: 0.000
	weight: 0.448, max_weight: 0.700, min_weight: 0.300
	v: 89.290, max_v: 96.558, min_v: 43.304
	q1: 89.388, max_q1: 96.608, min_q1: 43.534
	q2: 89.411, max_q2: 96.661, min_q2: 42.652
	target_q: 89.259, max_target_q: 96.541, min_target_q: 45.819

2023-02-25 21:38:49 - 
[#Step 230000] eval_reward: 40.032, eval_time: 5.810, time: 17.387
	critic_loss: 1.099, max_critic_loss: 41.267, min_critic_loss: 0.000
	actor_loss: -89.418, max_actor_loss: -2.725, min_actor_loss: -96.088
	value_loss: 0.084, max_value_loss: 1.302, min_value_loss: 0.000
	weight: 0.464, max_weight: 0.700, min_weight: 0.300
	v: 89.178, max_v: 95.848, min_v: 2.009
	q1: 89.307, max_q1: 96.338, min_q1: 2.217
	q2: 89.270, max_q2: 96.259, min_q2: 3.050
	target_q: 89.224, max_target_q: 96.456, min_target_q: 0.573

2023-02-25 21:39:31 - 
[#Step 240000] eval_reward: 50.571, eval_time: 6.248, time: 18.088
	critic_loss: 1.148, max_critic_loss: 42.971, min_critic_loss: 0.001
	actor_loss: -89.630, max_actor_loss: -3.609, min_actor_loss: -97.516
	value_loss: 0.086, max_value_loss: 2.519, min_value_loss: 0.000
	weight: 0.423, max_weight: 0.700, min_weight: 0.300
	v: 89.665, max_v: 97.001, min_v: 3.310
	q1: 89.519, max_q1: 98.114, min_q1: 4.003
	q2: 89.443, max_q2: 97.866, min_q2: 3.044
	target_q: 89.614, max_target_q: 97.845, min_target_q: 4.163

2023-02-25 21:40:12 - 
[#Step 250000] eval_reward: 48.808, eval_time: 5.739, time: 18.777
	critic_loss: 0.883, max_critic_loss: 36.700, min_critic_loss: 0.000
	actor_loss: -89.879, max_actor_loss: -2.475, min_actor_loss: -96.505
	value_loss: 0.095, max_value_loss: 5.121, min_value_loss: 0.000
	weight: 0.450, max_weight: 0.700, min_weight: 0.300
	v: 89.658, max_v: 97.074, min_v: 3.628
	q1: 89.781, max_q1: 97.095, min_q1: 3.960
	q2: 89.754, max_q2: 97.014, min_q2: 4.506
	target_q: 89.648, max_target_q: 96.668, min_target_q: 4.100

2023-02-25 21:40:54 - 
[#Step 260000] eval_reward: 55.242, eval_time: 5.601, time: 19.462
	critic_loss: 1.045, max_critic_loss: 39.489, min_critic_loss: 0.002
	actor_loss: -90.458, max_actor_loss: -68.090, min_actor_loss: -96.089
	value_loss: 0.054, max_value_loss: 0.786, min_value_loss: 0.000
	weight: 0.409, max_weight: 0.700, min_weight: 0.300
	v: 90.082, max_v: 96.056, min_v: 66.390
	q1: 90.321, max_q1: 96.783, min_q1: 66.185
	q2: 90.405, max_q2: 96.431, min_q2: 67.034
	target_q: 89.974, max_target_q: 95.924, min_target_q: 66.035

2023-02-25 21:41:35 - 
[#Step 270000] eval_reward: 55.810, eval_time: 5.653, time: 20.150
	critic_loss: 0.621, max_critic_loss: 10.406, min_critic_loss: 0.003
	actor_loss: -90.103, max_actor_loss: -7.270, min_actor_loss: -98.084
	value_loss: 0.101, max_value_loss: 3.207, min_value_loss: 0.000
	weight: 0.472, max_weight: 0.700, min_weight: 0.300
	v: 89.776, max_v: 98.516, min_v: 2.652
	q1: 89.929, max_q1: 97.692, min_q1: 0.863
	q2: 89.968, max_q2: 98.205, min_q2: -0.283
	target_q: 89.935, max_target_q: 98.232, min_target_q: -0.476

2023-02-25 21:42:16 - 
[#Step 280000] eval_reward: 46.117, eval_time: 5.712, time: 20.839
	critic_loss: 0.581, max_critic_loss: 10.648, min_critic_loss: 0.002
	actor_loss: -90.305, max_actor_loss: -57.562, min_actor_loss: -96.732
	value_loss: 0.076, max_value_loss: 1.273, min_value_loss: 0.000
	weight: 0.444, max_weight: 0.700, min_weight: 0.300
	v: 90.104, max_v: 96.636, min_v: 53.739
	q1: 90.209, max_q1: 96.699, min_q1: 53.798
	q2: 90.130, max_q2: 96.624, min_q2: 54.679
	target_q: 90.104, max_target_q: 97.189, min_target_q: 53.705

2023-02-25 21:42:58 - 
[#Step 290000] eval_reward: 56.027, eval_time: 5.800, time: 21.529
	critic_loss: 0.794, max_critic_loss: 11.986, min_critic_loss: 0.002
	actor_loss: -89.017, max_actor_loss: -7.785, min_actor_loss: -95.706
	value_loss: 0.076, max_value_loss: 1.461, min_value_loss: 0.000
	weight: 0.461, max_weight: 0.700, min_weight: 0.300
	v: 88.848, max_v: 96.289, min_v: 6.521
	q1: 88.899, max_q1: 96.346, min_q1: 7.494
	q2: 88.882, max_q2: 96.197, min_q2: 7.145
	target_q: 88.727, max_target_q: 96.500, min_target_q: 6.996

2023-02-25 21:43:33 - Saving checkpoint at step: 60
2023-02-25 21:43:33 - Saved checkpoint at saved_models/halfcheetah-medium-v2/COMFO6_s0_20230225_212126/actor_60
2023-02-25 21:43:33 - Saving checkpoint at step: 60
2023-02-25 21:43:33 - Saved checkpoint at saved_models/halfcheetah-medium-v2/COMFO6_s0_20230225_212126/critic_60
2023-02-25 21:43:33 - Saving checkpoint at step: 60
2023-02-25 21:43:33 - Saved checkpoint at saved_models/halfcheetah-medium-v2/COMFO6_s0_20230225_212126/value_60
2023-02-25 21:43:39 - 
[#Step 300000] eval_reward: 52.360, eval_time: 5.957, time: 22.225
	critic_loss: 0.781, max_critic_loss: 13.362, min_critic_loss: 0.000
	actor_loss: -89.959, max_actor_loss: -72.327, min_actor_loss: -96.967
	value_loss: 0.112, max_value_loss: 8.776, min_value_loss: 0.000
	weight: 0.453, max_weight: 0.700, min_weight: 0.300
	v: 89.866, max_v: 97.355, min_v: 70.563
	q1: 89.705, max_q1: 96.767, min_q1: 71.356
	q2: 89.724, max_q2: 96.926, min_q2: 71.371
	target_q: 89.756, max_target_q: 97.269, min_target_q: 71.493

2023-02-25 21:44:21 - 
[#Step 310000] eval_reward: 56.410, eval_time: 6.202, time: 22.918
	critic_loss: 0.969, max_critic_loss: 28.836, min_critic_loss: 0.003
	actor_loss: -89.350, max_actor_loss: -5.170, min_actor_loss: -96.090
	value_loss: 0.083, max_value_loss: 1.419, min_value_loss: 0.000
	weight: 0.433, max_weight: 0.700, min_weight: 0.300
	v: 89.406, max_v: 96.642, min_v: 3.741
	q1: 89.166, max_q1: 96.553, min_q1: 4.211
	q2: 89.188, max_q2: 96.485, min_q2: 4.545
	target_q: 89.378, max_target_q: 96.254, min_target_q: 2.947

2023-02-25 21:45:03 - 
[#Step 320000] eval_reward: 54.983, eval_time: 6.104, time: 23.611
	critic_loss: 0.733, max_critic_loss: 12.216, min_critic_loss: 0.000
	actor_loss: -89.814, max_actor_loss: -67.698, min_actor_loss: -96.737
	value_loss: 0.099, max_value_loss: 4.595, min_value_loss: 0.000
	weight: 0.445, max_weight: 0.700, min_weight: 0.300
	v: 89.811, max_v: 95.829, min_v: 65.607
	q1: 89.633, max_q1: 96.498, min_q1: 65.998
	q2: 89.729, max_q2: 96.472, min_q2: 67.392
	target_q: 89.813, max_target_q: 96.479, min_target_q: 66.851

2023-02-25 21:45:44 - 
[#Step 330000] eval_reward: 55.990, eval_time: 6.160, time: 24.302
	critic_loss: 1.104, max_critic_loss: 49.469, min_critic_loss: 0.003
	actor_loss: -89.533, max_actor_loss: -2.517, min_actor_loss: -97.051
	value_loss: 0.203, max_value_loss: 23.028, min_value_loss: 0.000
	weight: 0.400, max_weight: 0.700, min_weight: 0.300
	v: 89.559, max_v: 96.779, min_v: 3.682
	q1: 89.242, max_q1: 96.892, min_q1: 2.913
	q2: 89.286, max_q2: 97.093, min_q2: 3.259
	target_q: 89.357, max_target_q: 97.046, min_target_q: 4.033

2023-02-25 21:46:25 - 
[#Step 340000] eval_reward: 56.275, eval_time: 5.953, time: 24.991
	critic_loss: 0.798, max_critic_loss: 16.263, min_critic_loss: 0.002
	actor_loss: -90.103, max_actor_loss: -3.681, min_actor_loss: -95.849
	value_loss: 0.067, max_value_loss: 1.158, min_value_loss: 0.000
	weight: 0.428, max_weight: 0.700, min_weight: 0.300
	v: 89.772, max_v: 96.222, min_v: 4.921
	q1: 89.817, max_q1: 96.034, min_q1: 4.453
	q2: 89.922, max_q2: 96.455, min_q2: 3.421
	target_q: 89.728, max_target_q: 96.214, min_target_q: 4.131

2023-02-25 21:47:07 - 
[#Step 350000] eval_reward: 57.426, eval_time: 5.877, time: 25.678
	critic_loss: 1.154, max_critic_loss: 78.689, min_critic_loss: 0.004
	actor_loss: -89.687, max_actor_loss: -51.243, min_actor_loss: -95.940
	value_loss: 0.136, max_value_loss: 10.526, min_value_loss: 0.000
	weight: 0.503, max_weight: 0.700, min_weight: 0.300
	v: 89.251, max_v: 96.338, min_v: 38.574
	q1: 89.434, max_q1: 96.420, min_q1: 31.582
	q2: 89.434, max_q2: 96.266, min_q2: 33.544
	target_q: 89.237, max_target_q: 96.634, min_target_q: 26.368

2023-02-25 21:47:48 - 
[#Step 360000] eval_reward: 56.460, eval_time: 6.025, time: 26.364
	critic_loss: 0.889, max_critic_loss: 18.510, min_critic_loss: 0.002
	actor_loss: -89.307, max_actor_loss: -1.680, min_actor_loss: -95.851
	value_loss: 0.122, max_value_loss: 7.913, min_value_loss: 0.000
	weight: 0.458, max_weight: 0.700, min_weight: 0.300
	v: 89.096, max_v: 95.671, min_v: 2.908
	q1: 89.101, max_q1: 95.936, min_q1: 1.747
	q2: 89.139, max_q2: 96.704, min_q2: 2.311
	target_q: 89.079, max_target_q: 96.039, min_target_q: 2.841

2023-02-25 21:48:29 - 
[#Step 370000] eval_reward: 56.010, eval_time: 5.959, time: 27.051
	critic_loss: 1.142, max_critic_loss: 24.981, min_critic_loss: 0.003
	actor_loss: -89.300, max_actor_loss: -0.027, min_actor_loss: -95.866
	value_loss: 0.106, max_value_loss: 4.997, min_value_loss: 0.000
	weight: 0.400, max_weight: 0.700, min_weight: 0.300
	v: 89.201, max_v: 95.429, min_v: 1.545
	q1: 89.018, max_q1: 95.687, min_q1: -0.352
	q2: 89.152, max_q2: 95.923, min_q2: 0.312
	target_q: 89.153, max_target_q: 96.681, min_target_q: 0.263

2023-02-25 21:49:10 - 
[#Step 380000] eval_reward: 56.773, eval_time: 6.134, time: 27.743
	critic_loss: 0.917, max_critic_loss: 30.166, min_critic_loss: 0.000
	actor_loss: -89.408, max_actor_loss: -4.221, min_actor_loss: -96.009
	value_loss: 0.091, max_value_loss: 2.354, min_value_loss: 0.000
	weight: 0.402, max_weight: 0.700, min_weight: 0.300
	v: 89.255, max_v: 96.056, min_v: 5.373
	q1: 89.144, max_q1: 96.046, min_q1: 4.049
	q2: 89.164, max_q2: 96.272, min_q2: 3.587
	target_q: 89.202, max_target_q: 96.146, min_target_q: 5.019

2023-02-25 21:49:52 - 
[#Step 390000] eval_reward: 53.058, eval_time: 6.129, time: 28.434
	critic_loss: 0.958, max_critic_loss: 57.107, min_critic_loss: 0.001
	actor_loss: -87.831, max_actor_loss: -2.189, min_actor_loss: -96.515
	value_loss: 0.080, max_value_loss: 2.788, min_value_loss: 0.000
	weight: 0.503, max_weight: 0.700, min_weight: 0.300
	v: 87.649, max_v: 95.758, min_v: 1.951
	q1: 87.673, max_q1: 96.260, min_q1: 1.947
	q2: 87.735, max_q2: 96.045, min_q2: 1.948
	target_q: 87.689, max_target_q: 96.039, min_target_q: 2.079

2023-02-25 21:50:27 - Saving checkpoint at step: 80
2023-02-25 21:50:27 - Saved checkpoint at saved_models/halfcheetah-medium-v2/COMFO6_s0_20230225_212126/actor_80
2023-02-25 21:50:27 - Saving checkpoint at step: 80
2023-02-25 21:50:27 - Saved checkpoint at saved_models/halfcheetah-medium-v2/COMFO6_s0_20230225_212126/critic_80
2023-02-25 21:50:27 - Saving checkpoint at step: 80
2023-02-25 21:50:27 - Saved checkpoint at saved_models/halfcheetah-medium-v2/COMFO6_s0_20230225_212126/value_80
2023-02-25 21:50:33 - 
[#Step 400000] eval_reward: 57.388, eval_time: 5.769, time: 29.123
	critic_loss: 0.649, max_critic_loss: 17.977, min_critic_loss: 0.000
	actor_loss: -89.434, max_actor_loss: -52.603, min_actor_loss: -96.526
	value_loss: 0.089, max_value_loss: 1.899, min_value_loss: 0.000
	weight: 0.497, max_weight: 0.700, min_weight: 0.300
	v: 89.265, max_v: 96.782, min_v: 49.305
	q1: 89.285, max_q1: 96.645, min_q1: 49.993
	q2: 89.291, max_q2: 96.705, min_q2: 46.902
	target_q: 89.336, max_target_q: 96.950, min_target_q: 51.017

2023-02-25 21:51:14 - 
[#Step 410000] eval_reward: 57.122, eval_time: 5.630, time: 29.796
	critic_loss: 1.249, max_critic_loss: 9.922, min_critic_loss: 0.002
	actor_loss: -90.004, max_actor_loss: -6.665, min_actor_loss: -97.089
	value_loss: 0.105, max_value_loss: 3.539, min_value_loss: 0.000
	weight: 0.389, max_weight: 0.700, min_weight: 0.300
	v: 89.512, max_v: 96.291, min_v: 8.772
	q1: 89.743, max_q1: 97.487, min_q1: 7.441
	q2: 89.706, max_q2: 97.735, min_q2: 5.763
	target_q: 89.192, max_target_q: 96.390, min_target_q: 7.837

2023-02-25 21:51:54 - 
[#Step 420000] eval_reward: 54.808, eval_time: 5.757, time: 30.468
	critic_loss: 0.928, max_critic_loss: 27.774, min_critic_loss: 0.000
	actor_loss: -89.508, max_actor_loss: -7.731, min_actor_loss: -95.940
	value_loss: 0.089, max_value_loss: 3.859, min_value_loss: 0.000
	weight: 0.492, max_weight: 0.700, min_weight: 0.300
	v: 89.106, max_v: 95.831, min_v: 7.035
	q1: 89.286, max_q1: 96.047, min_q1: 6.898
	q2: 89.257, max_q2: 96.088, min_q2: 8.009
	target_q: 89.097, max_target_q: 96.001, min_target_q: 5.208

2023-02-25 21:52:35 - 
[#Step 430000] eval_reward: 58.746, eval_time: 5.662, time: 31.158
	critic_loss: 0.633, max_critic_loss: 9.301, min_critic_loss: 0.001
	actor_loss: -89.530, max_actor_loss: -3.367, min_actor_loss: -95.936
	value_loss: 0.099, max_value_loss: 2.284, min_value_loss: 0.000
	weight: 0.550, max_weight: 0.700, min_weight: 0.300
	v: 89.232, max_v: 95.523, min_v: 3.788
	q1: 89.452, max_q1: 95.931, min_q1: 3.734
	q2: 89.414, max_q2: 95.854, min_q2: 3.801
	target_q: 89.420, max_target_q: 96.484, min_target_q: 4.120

2023-02-25 21:53:17 - 
[#Step 440000] eval_reward: 56.975, eval_time: 5.711, time: 31.849
	critic_loss: 0.736, max_critic_loss: 15.417, min_critic_loss: 0.002
	actor_loss: -88.450, max_actor_loss: -2.190, min_actor_loss: -96.315
	value_loss: 0.116, max_value_loss: 1.956, min_value_loss: 0.000
	weight: 0.512, max_weight: 0.700, min_weight: 0.300
	v: 88.172, max_v: 96.287, min_v: 2.702
	q1: 88.204, max_q1: 96.619, min_q1: 2.278
	q2: 88.247, max_q2: 96.753, min_q2: 0.984
	target_q: 88.173, max_target_q: 96.682, min_target_q: 2.345

2023-02-25 21:53:58 - 
[#Step 450000] eval_reward: 48.495, eval_time: 5.624, time: 32.536
	critic_loss: 1.681, max_critic_loss: 225.830, min_critic_loss: 0.000
	actor_loss: -89.330, max_actor_loss: -0.940, min_actor_loss: -95.561
	value_loss: 0.094, max_value_loss: 3.034, min_value_loss: 0.000
	weight: 0.489, max_weight: 0.700, min_weight: 0.300
	v: 89.115, max_v: 95.774, min_v: 0.846
	q1: 89.108, max_q1: 95.615, min_q1: 0.448
	q2: 89.138, max_q2: 96.016, min_q2: 1.020
	target_q: 89.089, max_target_q: 95.941, min_target_q: 1.974

2023-02-25 21:54:39 - 
[#Step 460000] eval_reward: 55.300, eval_time: 5.673, time: 33.225
	critic_loss: 1.139, max_critic_loss: 29.788, min_critic_loss: 0.002
	actor_loss: -88.746, max_actor_loss: -2.834, min_actor_loss: -96.856
	value_loss: 0.079, max_value_loss: 1.674, min_value_loss: 0.000
	weight: 0.420, max_weight: 0.700, min_weight: 0.300
	v: 88.651, max_v: 96.521, min_v: 3.751
	q1: 88.647, max_q1: 96.619, min_q1: 3.185
	q2: 88.669, max_q2: 96.606, min_q2: 2.397
	target_q: 88.689, max_target_q: 96.644, min_target_q: 2.546

2023-02-25 21:55:21 - 
[#Step 470000] eval_reward: 56.794, eval_time: 5.559, time: 33.912
	critic_loss: 1.146, max_critic_loss: 40.394, min_critic_loss: 0.001
	actor_loss: -90.353, max_actor_loss: -70.040, min_actor_loss: -95.951
	value_loss: 0.087, max_value_loss: 1.501, min_value_loss: 0.000
	weight: 0.442, max_weight: 0.700, min_weight: 0.300
	v: 89.988, max_v: 95.613, min_v: 69.039
	q1: 90.080, max_q1: 96.116, min_q1: 69.147
	q2: 90.142, max_q2: 96.021, min_q2: 69.984
	target_q: 89.828, max_target_q: 95.996, min_target_q: 68.858

2023-02-25 21:56:02 - 
[#Step 480000] eval_reward: 50.702, eval_time: 5.686, time: 34.601
	critic_loss: 0.842, max_critic_loss: 18.851, min_critic_loss: 0.001
	actor_loss: -88.657, max_actor_loss: -2.649, min_actor_loss: -95.493
	value_loss: 0.280, max_value_loss: 48.253, min_value_loss: 0.000
	weight: 0.436, max_weight: 0.700, min_weight: 0.300
	v: 88.409, max_v: 96.024, min_v: 1.465
	q1: 88.363, max_q1: 95.853, min_q1: 2.138
	q2: 88.412, max_q2: 95.904, min_q2: 2.925
	target_q: 88.641, max_target_q: 96.172, min_target_q: 2.500

2023-02-25 21:56:43 - 
[#Step 490000] eval_reward: 47.895, eval_time: 5.715, time: 35.285
	critic_loss: 1.154, max_critic_loss: 26.010, min_critic_loss: 0.001
	actor_loss: -89.786, max_actor_loss: -50.309, min_actor_loss: -95.930
	value_loss: 0.090, max_value_loss: 3.312, min_value_loss: 0.000
	weight: 0.438, max_weight: 0.700, min_weight: 0.300
	v: 89.869, max_v: 96.674, min_v: 51.906
	q1: 89.547, max_q1: 96.004, min_q1: 51.522
	q2: 89.603, max_q2: 96.493, min_q2: 49.742
	target_q: 89.957, max_target_q: 97.241, min_target_q: 47.978

2023-02-25 21:57:18 - Saving checkpoint at step: 100
2023-02-25 21:57:18 - Saved checkpoint at saved_models/halfcheetah-medium-v2/COMFO6_s0_20230225_212126/actor_100
2023-02-25 21:57:18 - Saving checkpoint at step: 100
2023-02-25 21:57:18 - Saved checkpoint at saved_models/halfcheetah-medium-v2/COMFO6_s0_20230225_212126/critic_100
2023-02-25 21:57:18 - Saving checkpoint at step: 100
2023-02-25 21:57:18 - Saved checkpoint at saved_models/halfcheetah-medium-v2/COMFO6_s0_20230225_212126/value_100
2023-02-25 21:57:24 - 
[#Step 500000] eval_reward: 57.785, eval_time: 5.688, time: 35.972
	critic_loss: 0.769, max_critic_loss: 9.063, min_critic_loss: 0.003
	actor_loss: -88.889, max_actor_loss: -3.708, min_actor_loss: -95.335
	value_loss: 0.100, max_value_loss: 3.286, min_value_loss: 0.000
	weight: 0.459, max_weight: 0.700, min_weight: 0.300
	v: 88.524, max_v: 95.495, min_v: 3.644
	q1: 88.661, max_q1: 95.776, min_q1: 3.754
	q2: 88.601, max_q2: 95.934, min_q2: 3.968
	target_q: 88.516, max_target_q: 95.510, min_target_q: 3.281

2023-02-25 21:58:06 - 
[#Step 510000] eval_reward: 57.278, eval_time: 5.694, time: 36.663
	critic_loss: 0.743, max_critic_loss: 13.251, min_critic_loss: 0.001
	actor_loss: -88.873, max_actor_loss: -2.842, min_actor_loss: -97.129
	value_loss: 0.097, max_value_loss: 4.123, min_value_loss: 0.000
	weight: 0.398, max_weight: 0.700, min_weight: 0.300
	v: 88.889, max_v: 97.835, min_v: 2.966
	q1: 88.625, max_q1: 97.006, min_q1: 2.817
	q2: 88.621, max_q2: 97.493, min_q2: 2.559
	target_q: 88.820, max_target_q: 97.818, min_target_q: 2.694

2023-02-25 21:58:47 - 
[#Step 520000] eval_reward: 56.023, eval_time: 5.773, time: 37.359
	critic_loss: 0.883, max_critic_loss: 25.383, min_critic_loss: 0.001
	actor_loss: -89.705, max_actor_loss: -2.511, min_actor_loss: -95.195
	value_loss: 0.085, max_value_loss: 1.947, min_value_loss: 0.000
	weight: 0.378, max_weight: 0.700, min_weight: 0.300
	v: 89.830, max_v: 95.695, min_v: 2.210
	q1: 89.522, max_q1: 95.464, min_q1: 1.965
	q2: 89.455, max_q2: 95.564, min_q2: 1.882
	target_q: 89.840, max_target_q: 95.772, min_target_q: 1.344

2023-02-25 21:59:29 - 
[#Step 530000] eval_reward: 57.882, eval_time: 5.877, time: 38.053
	critic_loss: 1.499, max_critic_loss: 157.610, min_critic_loss: 0.001
	actor_loss: -88.475, max_actor_loss: -2.493, min_actor_loss: -96.016
	value_loss: 0.176, max_value_loss: 10.837, min_value_loss: 0.000
	weight: 0.444, max_weight: 0.700, min_weight: 0.300
	v: 88.230, max_v: 95.265, min_v: 2.958
	q1: 88.208, max_q1: 95.530, min_q1: 1.150
	q2: 88.309, max_q2: 95.984, min_q2: 2.341
	target_q: 88.228, max_target_q: 96.270, min_target_q: 2.395

2023-02-25 22:00:10 - 
[#Step 540000] eval_reward: 52.079, eval_time: 5.649, time: 38.744
	critic_loss: 0.868, max_critic_loss: 29.606, min_critic_loss: 0.001
	actor_loss: -89.943, max_actor_loss: -63.410, min_actor_loss: -95.714
	value_loss: 0.092, max_value_loss: 3.477, min_value_loss: 0.000
	weight: 0.370, max_weight: 0.700, min_weight: 0.300
	v: 89.826, max_v: 95.856, min_v: 55.132
	q1: 89.768, max_q1: 96.032, min_q1: 54.561
	q2: 89.748, max_q2: 96.312, min_q2: 55.008
	target_q: 89.882, max_target_q: 96.236, min_target_q: 52.276

2023-02-25 22:00:52 - 
[#Step 550000] eval_reward: 56.557, eval_time: 5.600, time: 39.437
	critic_loss: 0.507, max_critic_loss: 9.555, min_critic_loss: 0.000
	actor_loss: -89.564, max_actor_loss: -62.560, min_actor_loss: -95.141
	value_loss: 0.073, max_value_loss: 2.343, min_value_loss: 0.000
	weight: 0.416, max_weight: 0.700, min_weight: 0.300
	v: 89.369, max_v: 95.377, min_v: 62.467
	q1: 89.310, max_q1: 95.109, min_q1: 61.872
	q2: 89.365, max_q2: 95.164, min_q2: 61.832
	target_q: 89.309, max_target_q: 95.738, min_target_q: 61.604

2023-02-25 22:01:33 - 
[#Step 560000] eval_reward: 57.818, eval_time: 5.609, time: 40.126
	critic_loss: 0.786, max_critic_loss: 10.910, min_critic_loss: 0.000
	actor_loss: -89.201, max_actor_loss: -1.659, min_actor_loss: -96.332
	value_loss: 0.094, max_value_loss: 1.936, min_value_loss: 0.000
	weight: 0.483, max_weight: 0.700, min_weight: 0.300
	v: 88.786, max_v: 96.363, min_v: 2.751
	q1: 88.946, max_q1: 96.638, min_q1: 1.820
	q2: 89.014, max_q2: 96.737, min_q2: 1.672
	target_q: 88.921, max_target_q: 96.834, min_target_q: 3.245

2023-02-25 22:02:15 - 
[#Step 570000] eval_reward: 58.226, eval_time: 5.561, time: 40.815
	critic_loss: 1.111, max_critic_loss: 77.636, min_critic_loss: 0.001
	actor_loss: -89.094, max_actor_loss: -4.059, min_actor_loss: -95.130
	value_loss: 0.159, max_value_loss: 9.680, min_value_loss: 0.000
	weight: 0.477, max_weight: 0.700, min_weight: 0.300
	v: 88.980, max_v: 96.242, min_v: 4.410
	q1: 88.980, max_q1: 95.636, min_q1: 3.186
	q2: 88.967, max_q2: 95.504, min_q2: 3.820
	target_q: 89.083, max_target_q: 96.167, min_target_q: 3.500

2023-02-25 22:02:56 - 
[#Step 580000] eval_reward: 49.075, eval_time: 5.660, time: 41.506
	critic_loss: 0.574, max_critic_loss: 7.709, min_critic_loss: 0.002
	actor_loss: -89.959, max_actor_loss: -5.343, min_actor_loss: -95.764
	value_loss: 0.105, max_value_loss: 4.867, min_value_loss: 0.000
	weight: 0.455, max_weight: 0.700, min_weight: 0.300
	v: 89.692, max_v: 95.728, min_v: 4.692
	q1: 89.762, max_q1: 96.211, min_q1: 4.078
	q2: 89.691, max_q2: 95.991, min_q2: 4.656
	target_q: 89.641, max_target_q: 96.053, min_target_q: 4.028

2023-02-25 22:03:37 - 
[#Step 590000] eval_reward: 57.304, eval_time: 5.558, time: 42.193
	critic_loss: 0.769, max_critic_loss: 14.158, min_critic_loss: 0.001
	actor_loss: -89.261, max_actor_loss: -4.041, min_actor_loss: -95.756
	value_loss: 0.081, max_value_loss: 1.265, min_value_loss: 0.000
	weight: 0.486, max_weight: 0.700, min_weight: 0.300
	v: 89.070, max_v: 95.468, min_v: 3.692
	q1: 88.974, max_q1: 95.697, min_q1: 3.963
	q2: 89.020, max_q2: 95.732, min_q2: 4.274
	target_q: 89.201, max_target_q: 96.320, min_target_q: 3.032

2023-02-25 22:04:13 - Saving checkpoint at step: 120
2023-02-25 22:04:13 - Saved checkpoint at saved_models/halfcheetah-medium-v2/COMFO6_s0_20230225_212126/actor_120
2023-02-25 22:04:13 - Removing checkpoint at saved_models/halfcheetah-medium-v2/COMFO6_s0_20230225_212126/actor_20
2023-02-25 22:04:13 - Saving checkpoint at step: 120
2023-02-25 22:04:13 - Saved checkpoint at saved_models/halfcheetah-medium-v2/COMFO6_s0_20230225_212126/critic_120
2023-02-25 22:04:13 - Removing checkpoint at saved_models/halfcheetah-medium-v2/COMFO6_s0_20230225_212126/critic_20
2023-02-25 22:04:13 - Saving checkpoint at step: 120
2023-02-25 22:04:13 - Saved checkpoint at saved_models/halfcheetah-medium-v2/COMFO6_s0_20230225_212126/value_120
2023-02-25 22:04:13 - Removing checkpoint at saved_models/halfcheetah-medium-v2/COMFO6_s0_20230225_212126/value_20
2023-02-25 22:04:19 - 
[#Step 600000] eval_reward: 53.504, eval_time: 5.561, time: 42.883
	critic_loss: 0.831, max_critic_loss: 28.545, min_critic_loss: 0.001
	actor_loss: -89.751, max_actor_loss: -3.225, min_actor_loss: -95.311
	value_loss: 0.065, max_value_loss: 1.019, min_value_loss: 0.000
	weight: 0.459, max_weight: 0.700, min_weight: 0.300
	v: 89.410, max_v: 95.240, min_v: 1.899
	q1: 89.583, max_q1: 95.654, min_q1: 4.263
	q2: 89.564, max_q2: 95.365, min_q2: 2.577
	target_q: 89.350, max_target_q: 95.671, min_target_q: 1.929

2023-02-25 22:05:00 - 
[#Step 610000] eval_reward: 56.089, eval_time: 5.659, time: 43.570
	critic_loss: 0.989, max_critic_loss: 18.056, min_critic_loss: 0.000
	actor_loss: -89.901, max_actor_loss: -59.356, min_actor_loss: -96.040
	value_loss: 0.121, max_value_loss: 8.328, min_value_loss: 0.000
	weight: 0.430, max_weight: 0.700, min_weight: 0.300
	v: 89.640, max_v: 96.597, min_v: 52.728
	q1: 89.639, max_q1: 95.912, min_q1: 51.294
	q2: 89.595, max_q2: 95.657, min_q2: 52.847
	target_q: 89.606, max_target_q: 95.911, min_target_q: 54.738

2023-02-25 22:05:41 - 
[#Step 620000] eval_reward: 58.150, eval_time: 5.649, time: 44.258
	critic_loss: 0.893, max_critic_loss: 19.451, min_critic_loss: 0.000
	actor_loss: -89.759, max_actor_loss: -74.109, min_actor_loss: -96.151
	value_loss: 0.078, max_value_loss: 1.265, min_value_loss: 0.000
	weight: 0.481, max_weight: 0.700, min_weight: 0.300
	v: 89.676, max_v: 96.334, min_v: 73.664
	q1: 89.494, max_q1: 96.096, min_q1: 74.069
	q2: 89.513, max_q2: 96.262, min_q2: 74.430
	target_q: 89.660, max_target_q: 96.356, min_target_q: 74.213

2023-02-25 22:06:22 - 
[#Step 630000] eval_reward: 58.931, eval_time: 5.565, time: 44.941
	critic_loss: 1.059, max_critic_loss: 34.061, min_critic_loss: 0.000
	actor_loss: -89.095, max_actor_loss: -2.533, min_actor_loss: -97.134
	value_loss: 0.121, max_value_loss: 3.701, min_value_loss: 0.000
	weight: 0.438, max_weight: 0.700, min_weight: 0.300
	v: 88.892, max_v: 97.009, min_v: 4.347
	q1: 88.877, max_q1: 96.753, min_q1: 2.468
	q2: 88.887, max_q2: 97.346, min_q2: 2.520
	target_q: 88.717, max_target_q: 96.915, min_target_q: 3.176

2023-02-25 22:07:03 - 
[#Step 640000] eval_reward: 58.204, eval_time: 5.578, time: 45.619
	critic_loss: 0.881, max_critic_loss: 29.012, min_critic_loss: 0.002
	actor_loss: -90.024, max_actor_loss: -9.913, min_actor_loss: -96.931
	value_loss: 0.112, max_value_loss: 5.393, min_value_loss: 0.000
	weight: 0.522, max_weight: 0.700, min_weight: 0.300
	v: 89.439, max_v: 95.977, min_v: 10.099
	q1: 89.861, max_q1: 97.386, min_q1: 9.816
	q2: 89.901, max_q2: 97.257, min_q2: 10.249
	target_q: 89.547, max_target_q: 96.177, min_target_q: 9.069

2023-02-25 22:07:44 - 
[#Step 650000] eval_reward: 57.494, eval_time: 5.895, time: 46.308
	critic_loss: 0.820, max_critic_loss: 38.062, min_critic_loss: 0.003
	actor_loss: -89.241, max_actor_loss: -4.407, min_actor_loss: -96.351
	value_loss: 0.174, max_value_loss: 22.804, min_value_loss: 0.000
	weight: 0.427, max_weight: 0.700, min_weight: 0.300
	v: 89.048, max_v: 96.276, min_v: 3.233
	q1: 89.043, max_q1: 96.614, min_q1: 3.844
	q2: 88.997, max_q2: 96.554, min_q2: 3.793
	target_q: 89.004, max_target_q: 96.369, min_target_q: 3.141

2023-02-25 22:08:25 - 
[#Step 660000] eval_reward: 57.945, eval_time: 5.684, time: 46.992
	critic_loss: 1.311, max_critic_loss: 77.080, min_critic_loss: 0.001
	actor_loss: -89.491, max_actor_loss: -4.703, min_actor_loss: -96.356
	value_loss: 0.091, max_value_loss: 2.154, min_value_loss: 0.000
	weight: 0.491, max_weight: 0.700, min_weight: 0.300
	v: 89.358, max_v: 96.207, min_v: 4.083
	q1: 89.293, max_q1: 96.288, min_q1: 4.012
	q2: 89.254, max_q2: 96.355, min_q2: 4.719
	target_q: 89.432, max_target_q: 96.026, min_target_q: 4.172

2023-02-25 22:09:07 - 
[#Step 670000] eval_reward: 53.854, eval_time: 6.026, time: 47.683
	critic_loss: 0.731, max_critic_loss: 24.178, min_critic_loss: 0.000
	actor_loss: -88.651, max_actor_loss: -3.301, min_actor_loss: -95.708
	value_loss: 0.107, max_value_loss: 3.153, min_value_loss: 0.000
	weight: 0.433, max_weight: 0.700, min_weight: 0.300
	v: 88.540, max_v: 96.439, min_v: 3.480
	q1: 88.404, max_q1: 95.800, min_q1: 3.338
	q2: 88.419, max_q2: 95.921, min_q2: 3.692
	target_q: 88.570, max_target_q: 96.693, min_target_q: 3.173

2023-02-25 22:09:48 - 
[#Step 680000] eval_reward: 54.419, eval_time: 5.620, time: 48.366
	critic_loss: 0.941, max_critic_loss: 23.728, min_critic_loss: 0.001
	actor_loss: -88.778, max_actor_loss: -2.622, min_actor_loss: -96.120
	value_loss: 0.143, max_value_loss: 15.905, min_value_loss: 0.000
	weight: 0.478, max_weight: 0.700, min_weight: 0.300
	v: 88.324, max_v: 95.526, min_v: 3.149
	q1: 88.484, max_q1: 96.007, min_q1: 2.746
	q2: 88.494, max_q2: 96.030, min_q2: 2.405
	target_q: 88.252, max_target_q: 95.765, min_target_q: 3.277

2023-02-25 22:10:29 - 
[#Step 690000] eval_reward: 54.175, eval_time: 6.169, time: 49.057
	critic_loss: 1.118, max_critic_loss: 41.468, min_critic_loss: 0.000
	actor_loss: -89.833, max_actor_loss: -3.160, min_actor_loss: -96.145
	value_loss: 0.119, max_value_loss: 6.435, min_value_loss: 0.000
	weight: 0.473, max_weight: 0.700, min_weight: 0.300
	v: 89.543, max_v: 96.321, min_v: 3.537
	q1: 89.633, max_q1: 96.355, min_q1: 2.456
	q2: 89.654, max_q2: 96.387, min_q2: 3.025
	target_q: 89.635, max_target_q: 96.203, min_target_q: 3.673

2023-02-25 22:11:05 - Saving checkpoint at step: 140
2023-02-25 22:11:05 - Saved checkpoint at saved_models/halfcheetah-medium-v2/COMFO6_s0_20230225_212126/actor_140
2023-02-25 22:11:05 - Removing checkpoint at saved_models/halfcheetah-medium-v2/COMFO6_s0_20230225_212126/actor_40
2023-02-25 22:11:05 - Saving checkpoint at step: 140
2023-02-25 22:11:05 - Saved checkpoint at saved_models/halfcheetah-medium-v2/COMFO6_s0_20230225_212126/critic_140
2023-02-25 22:11:05 - Removing checkpoint at saved_models/halfcheetah-medium-v2/COMFO6_s0_20230225_212126/critic_40
2023-02-25 22:11:05 - Saving checkpoint at step: 140
2023-02-25 22:11:05 - Saved checkpoint at saved_models/halfcheetah-medium-v2/COMFO6_s0_20230225_212126/value_140
2023-02-25 22:11:05 - Removing checkpoint at saved_models/halfcheetah-medium-v2/COMFO6_s0_20230225_212126/value_40
2023-02-25 22:11:11 - 
[#Step 700000] eval_reward: 58.630, eval_time: 6.298, time: 49.755
	critic_loss: 1.314, max_critic_loss: 30.327, min_critic_loss: 0.002
	actor_loss: -87.905, max_actor_loss: -2.571, min_actor_loss: -95.870
	value_loss: 0.130, max_value_loss: 8.045, min_value_loss: 0.000
	weight: 0.438, max_weight: 0.700, min_weight: 0.300
	v: 87.985, max_v: 96.154, min_v: 3.376
	q1: 87.653, max_q1: 95.236, min_q1: 2.519
	q2: 87.606, max_q2: 95.405, min_q2: 2.872
	target_q: 87.913, max_target_q: 95.505, min_target_q: 3.497

2023-02-25 22:11:53 - 
[#Step 710000] eval_reward: 58.125, eval_time: 6.260, time: 50.452
	critic_loss: 1.007, max_critic_loss: 68.943, min_critic_loss: 0.000
	actor_loss: -90.234, max_actor_loss: -74.744, min_actor_loss: -96.636
	value_loss: 0.083, max_value_loss: 1.677, min_value_loss: 0.000
	weight: 0.464, max_weight: 0.700, min_weight: 0.300
	v: 89.866, max_v: 96.867, min_v: 73.596
	q1: 89.980, max_q1: 96.700, min_q1: 74.842
	q2: 90.018, max_q2: 97.059, min_q2: 74.199
	target_q: 89.759, max_target_q: 97.039, min_target_q: 72.283

2023-02-25 22:12:34 - 
[#Step 720000] eval_reward: 58.228, eval_time: 5.741, time: 51.137
	critic_loss: 0.620, max_critic_loss: 16.554, min_critic_loss: 0.000
	actor_loss: -89.394, max_actor_loss: -4.509, min_actor_loss: -95.827
	value_loss: 0.083, max_value_loss: 4.346, min_value_loss: 0.000
	weight: 0.456, max_weight: 0.700, min_weight: 0.300
	v: 89.119, max_v: 95.350, min_v: 5.086
	q1: 89.133, max_q1: 95.332, min_q1: 5.373
	q2: 89.099, max_q2: 95.159, min_q2: 4.580
	target_q: 89.012, max_target_q: 95.527, min_target_q: 4.916

2023-02-25 22:13:15 - 
[#Step 730000] eval_reward: 57.930, eval_time: 5.792, time: 51.825
	critic_loss: 0.900, max_critic_loss: 28.771, min_critic_loss: 0.000
	actor_loss: -88.548, max_actor_loss: -5.257, min_actor_loss: -96.077
	value_loss: 0.109, max_value_loss: 4.026, min_value_loss: 0.000
	weight: 0.431, max_weight: 0.700, min_weight: 0.300
	v: 88.321, max_v: 95.873, min_v: 3.464
	q1: 88.350, max_q1: 96.168, min_q1: 5.499
	q2: 88.328, max_q2: 96.192, min_q2: 4.964
	target_q: 88.310, max_target_q: 95.947, min_target_q: 3.352

2023-02-25 22:13:56 - 
[#Step 740000] eval_reward: 58.842, eval_time: 5.731, time: 52.510
	critic_loss: 1.187, max_critic_loss: 45.988, min_critic_loss: 0.001
	actor_loss: -89.400, max_actor_loss: -4.299, min_actor_loss: -96.241
	value_loss: 0.091, max_value_loss: 2.135, min_value_loss: 0.000
	weight: 0.527, max_weight: 0.700, min_weight: 0.300
	v: 88.982, max_v: 95.989, min_v: 4.588
	q1: 89.131, max_q1: 96.303, min_q1: 5.084
	q2: 89.097, max_q2: 96.438, min_q2: 4.421
	target_q: 89.012, max_target_q: 96.443, min_target_q: 4.047

2023-02-25 22:14:38 - 
[#Step 750000] eval_reward: 56.332, eval_time: 5.688, time: 53.197
	critic_loss: 0.993, max_critic_loss: 35.319, min_critic_loss: 0.000
	actor_loss: -89.143, max_actor_loss: -4.196, min_actor_loss: -95.737
	value_loss: 0.187, max_value_loss: 20.358, min_value_loss: 0.000
	weight: 0.469, max_weight: 0.700, min_weight: 0.300
	v: 88.816, max_v: 95.690, min_v: 4.315
	q1: 88.833, max_q1: 95.981, min_q1: 4.383
	q2: 88.863, max_q2: 95.726, min_q2: 3.820
	target_q: 88.662, max_target_q: 95.837, min_target_q: 4.021

2023-02-25 22:15:19 - 
[#Step 760000] eval_reward: 58.452, eval_time: 5.576, time: 53.883
	critic_loss: 1.014, max_critic_loss: 37.977, min_critic_loss: 0.000
	actor_loss: -89.368, max_actor_loss: -3.932, min_actor_loss: -97.146
	value_loss: 0.114, max_value_loss: 6.630, min_value_loss: 0.000
	weight: 0.423, max_weight: 0.700, min_weight: 0.300
	v: 89.095, max_v: 97.437, min_v: 4.236
	q1: 89.078, max_q1: 97.306, min_q1: 4.393
	q2: 89.064, max_q2: 97.952, min_q2: 3.967
	target_q: 89.197, max_target_q: 96.937, min_target_q: 3.838

2023-02-25 22:16:00 - 
[#Step 770000] eval_reward: 57.773, eval_time: 5.715, time: 54.570
	critic_loss: 0.846, max_critic_loss: 24.832, min_critic_loss: 0.001
	actor_loss: -89.024, max_actor_loss: -3.600, min_actor_loss: -96.442
	value_loss: 0.075, max_value_loss: 1.499, min_value_loss: 0.000
	weight: 0.455, max_weight: 0.700, min_weight: 0.300
	v: 88.902, max_v: 96.361, min_v: 3.861
	q1: 88.797, max_q1: 96.820, min_q1: 3.676
	q2: 88.796, max_q2: 96.584, min_q2: 3.872
	target_q: 88.904, max_target_q: 96.859, min_target_q: 3.901

2023-02-25 22:16:41 - 
[#Step 780000] eval_reward: 59.668, eval_time: 5.753, time: 55.259
	critic_loss: 1.065, max_critic_loss: 53.225, min_critic_loss: 0.000
	actor_loss: -89.319, max_actor_loss: -4.331, min_actor_loss: -96.196
	value_loss: 0.071, max_value_loss: 0.906, min_value_loss: 0.000
	weight: 0.417, max_weight: 0.700, min_weight: 0.300
	v: 89.099, max_v: 96.167, min_v: 3.749
	q1: 88.985, max_q1: 95.739, min_q1: 5.161
	q2: 89.024, max_q2: 95.847, min_q2: 3.850
	target_q: 89.192, max_target_q: 96.439, min_target_q: 3.099

2023-02-25 22:17:23 - 
[#Step 790000] eval_reward: 58.737, eval_time: 5.692, time: 55.947
	critic_loss: 0.767, max_critic_loss: 19.712, min_critic_loss: 0.000
	actor_loss: -89.511, max_actor_loss: -3.851, min_actor_loss: -96.049
	value_loss: 0.113, max_value_loss: 2.913, min_value_loss: 0.000
	weight: 0.439, max_weight: 0.700, min_weight: 0.300
	v: 89.239, max_v: 95.937, min_v: 3.954
	q1: 89.252, max_q1: 95.725, min_q1: 4.504
	q2: 89.192, max_q2: 96.014, min_q2: 3.135
	target_q: 89.059, max_target_q: 95.979, min_target_q: 3.193

2023-02-25 22:17:58 - Saving checkpoint at step: 160
2023-02-25 22:17:58 - Saved checkpoint at saved_models/halfcheetah-medium-v2/COMFO6_s0_20230225_212126/actor_160
2023-02-25 22:17:58 - Removing checkpoint at saved_models/halfcheetah-medium-v2/COMFO6_s0_20230225_212126/actor_60
2023-02-25 22:17:58 - Saving checkpoint at step: 160
2023-02-25 22:17:58 - Saved checkpoint at saved_models/halfcheetah-medium-v2/COMFO6_s0_20230225_212126/critic_160
2023-02-25 22:17:58 - Removing checkpoint at saved_models/halfcheetah-medium-v2/COMFO6_s0_20230225_212126/critic_60
2023-02-25 22:17:58 - Saving checkpoint at step: 160
2023-02-25 22:17:58 - Saved checkpoint at saved_models/halfcheetah-medium-v2/COMFO6_s0_20230225_212126/value_160
2023-02-25 22:17:58 - Removing checkpoint at saved_models/halfcheetah-medium-v2/COMFO6_s0_20230225_212126/value_60
2023-02-25 22:18:04 - 
[#Step 800000] eval_reward: 58.067, eval_time: 5.796, time: 56.637
	critic_loss: 1.491, max_critic_loss: 135.743, min_critic_loss: 0.000
	actor_loss: -89.784, max_actor_loss: -4.138, min_actor_loss: -97.072
	value_loss: 0.083, max_value_loss: 2.374, min_value_loss: 0.000
	weight: 0.477, max_weight: 0.700, min_weight: 0.300
	v: 89.405, max_v: 96.524, min_v: 3.059
	q1: 89.562, max_q1: 96.417, min_q1: 3.893
	q2: 89.522, max_q2: 96.720, min_q2: 4.509
	target_q: 89.501, max_target_q: 96.500, min_target_q: 3.202

2023-02-25 22:18:45 - 
[#Step 810000] eval_reward: 58.765, eval_time: 5.682, time: 57.324
	critic_loss: 0.747, max_critic_loss: 17.778, min_critic_loss: 0.000
	actor_loss: -90.259, max_actor_loss: -73.353, min_actor_loss: -96.217
	value_loss: 0.066, max_value_loss: 1.063, min_value_loss: 0.000
	weight: 0.489, max_weight: 0.700, min_weight: 0.300
	v: 89.919, max_v: 95.962, min_v: 73.026
	q1: 90.098, max_q1: 96.845, min_q1: 73.313
	q2: 90.085, max_q2: 96.837, min_q2: 73.975
	target_q: 90.001, max_target_q: 96.931, min_target_q: 74.066

2023-02-25 22:19:27 - 
[#Step 820000] eval_reward: 58.147, eval_time: 5.773, time: 58.013
	critic_loss: 1.301, max_critic_loss: 24.977, min_critic_loss: 0.000
	actor_loss: -89.019, max_actor_loss: -3.329, min_actor_loss: -95.914
	value_loss: 0.098, max_value_loss: 2.063, min_value_loss: 0.000
	weight: 0.486, max_weight: 0.700, min_weight: 0.300
	v: 88.702, max_v: 95.822, min_v: 3.298
	q1: 88.686, max_q1: 96.137, min_q1: 3.183
	q2: 88.647, max_q2: 95.987, min_q2: 3.143
	target_q: 88.660, max_target_q: 96.673, min_target_q: 2.980

2023-02-25 22:20:08 - 
[#Step 830000] eval_reward: 58.050, eval_time: 5.788, time: 58.704
	critic_loss: 0.696, max_critic_loss: 24.864, min_critic_loss: 0.003
	actor_loss: -88.997, max_actor_loss: -3.822, min_actor_loss: -96.176
	value_loss: 0.134, max_value_loss: 8.684, min_value_loss: 0.000
	weight: 0.427, max_weight: 0.700, min_weight: 0.300
	v: 88.609, max_v: 95.737, min_v: 3.788
	q1: 88.741, max_q1: 96.580, min_q1: 3.918
	q2: 88.721, max_q2: 96.216, min_q2: 3.180
	target_q: 88.559, max_target_q: 96.107, min_target_q: 3.212

2023-02-25 22:20:49 - 
[#Step 840000] eval_reward: 56.538, eval_time: 5.752, time: 59.390
	critic_loss: 0.797, max_critic_loss: 29.879, min_critic_loss: 0.001
	actor_loss: -89.524, max_actor_loss: -2.236, min_actor_loss: -96.367
	value_loss: 0.077, max_value_loss: 1.279, min_value_loss: 0.000
	weight: 0.430, max_weight: 0.700, min_weight: 0.300
	v: 89.358, max_v: 96.213, min_v: 3.859
	q1: 89.396, max_q1: 96.017, min_q1: 2.871
	q2: 89.338, max_q2: 96.025, min_q2: 2.865
	target_q: 89.246, max_target_q: 96.508, min_target_q: 3.802

2023-02-25 22:21:30 - 
[#Step 850000] eval_reward: 58.418, eval_time: 5.611, time: 60.076
	critic_loss: 0.783, max_critic_loss: 9.372, min_critic_loss: 0.000
	actor_loss: -88.738, max_actor_loss: -2.119, min_actor_loss: -96.939
	value_loss: 0.093, max_value_loss: 1.803, min_value_loss: 0.000
	weight: 0.416, max_weight: 0.700, min_weight: 0.300
	v: 88.618, max_v: 97.107, min_v: 2.247
	q1: 88.401, max_q1: 96.663, min_q1: 1.603
	q2: 88.407, max_q2: 96.859, min_q2: 2.499
	target_q: 88.604, max_target_q: 96.916, min_target_q: 3.449

2023-02-25 22:22:12 - 
[#Step 860000] eval_reward: 58.474, eval_time: 5.706, time: 60.762
	critic_loss: 0.633, max_critic_loss: 9.596, min_critic_loss: 0.001
	actor_loss: -88.410, max_actor_loss: -2.664, min_actor_loss: -95.302
	value_loss: 0.085, max_value_loss: 2.186, min_value_loss: 0.000
	weight: 0.438, max_weight: 0.700, min_weight: 0.300
	v: 88.270, max_v: 95.491, min_v: 3.267
	q1: 88.163, max_q1: 95.499, min_q1: 1.811
	q2: 88.178, max_q2: 95.567, min_q2: 2.805
	target_q: 88.329, max_target_q: 95.630, min_target_q: 3.083

2023-02-25 22:22:53 - 
[#Step 870000] eval_reward: 59.530, eval_time: 5.632, time: 61.450
	critic_loss: 0.803, max_critic_loss: 24.074, min_critic_loss: 0.000
	actor_loss: -88.578, max_actor_loss: -3.348, min_actor_loss: -95.402
	value_loss: 0.127, max_value_loss: 12.003, min_value_loss: 0.000
	weight: 0.425, max_weight: 0.700, min_weight: 0.300
	v: 88.390, max_v: 95.626, min_v: 2.556
	q1: 88.236, max_q1: 95.523, min_q1: 3.294
	q2: 88.262, max_q2: 95.427, min_q2: 3.400
	target_q: 88.400, max_target_q: 95.656, min_target_q: 2.804

2023-02-25 22:23:34 - 
[#Step 880000] eval_reward: 58.582, eval_time: 5.711, time: 62.136
	critic_loss: 1.286, max_critic_loss: 79.728, min_critic_loss: 0.000
	actor_loss: -89.485, max_actor_loss: -3.408, min_actor_loss: -96.797
	value_loss: 0.078, max_value_loss: 1.098, min_value_loss: 0.000
	weight: 0.441, max_weight: 0.700, min_weight: 0.300
	v: 89.138, max_v: 96.581, min_v: 3.668
	q1: 89.191, max_q1: 96.376, min_q1: 2.920
	q2: 89.278, max_q2: 96.239, min_q2: 2.747
	target_q: 89.019, max_target_q: 95.741, min_target_q: 3.281

2023-02-25 22:24:16 - 
[#Step 890000] eval_reward: 58.603, eval_time: 6.027, time: 62.830
	critic_loss: 0.928, max_critic_loss: 23.690, min_critic_loss: 0.000
	actor_loss: -89.532, max_actor_loss: -4.250, min_actor_loss: -95.435
	value_loss: 0.087, max_value_loss: 2.499, min_value_loss: 0.000
	weight: 0.455, max_weight: 0.700, min_weight: 0.300
	v: 89.361, max_v: 96.074, min_v: 2.903
	q1: 89.328, max_q1: 95.631, min_q1: 4.545
	q2: 89.342, max_q2: 95.672, min_q2: 3.602
	target_q: 89.382, max_target_q: 95.691, min_target_q: 2.660

2023-02-25 22:24:51 - Saving checkpoint at step: 180
2023-02-25 22:24:51 - Saved checkpoint at saved_models/halfcheetah-medium-v2/COMFO6_s0_20230225_212126/actor_180
2023-02-25 22:24:51 - Removing checkpoint at saved_models/halfcheetah-medium-v2/COMFO6_s0_20230225_212126/actor_80
2023-02-25 22:24:51 - Saving checkpoint at step: 180
2023-02-25 22:24:51 - Saved checkpoint at saved_models/halfcheetah-medium-v2/COMFO6_s0_20230225_212126/critic_180
2023-02-25 22:24:51 - Removing checkpoint at saved_models/halfcheetah-medium-v2/COMFO6_s0_20230225_212126/critic_80
2023-02-25 22:24:51 - Saving checkpoint at step: 180
2023-02-25 22:24:51 - Saved checkpoint at saved_models/halfcheetah-medium-v2/COMFO6_s0_20230225_212126/value_180
2023-02-25 22:24:51 - Removing checkpoint at saved_models/halfcheetah-medium-v2/COMFO6_s0_20230225_212126/value_80
2023-02-25 22:24:57 - 
[#Step 900000] eval_reward: 58.532, eval_time: 5.692, time: 63.519
	critic_loss: 0.615, max_critic_loss: 10.208, min_critic_loss: 0.001
	actor_loss: -89.563, max_actor_loss: -69.422, min_actor_loss: -95.788
	value_loss: 0.083, max_value_loss: 1.384, min_value_loss: 0.000
	weight: 0.411, max_weight: 0.700, min_weight: 0.300
	v: 89.369, max_v: 95.609, min_v: 68.499
	q1: 89.245, max_q1: 95.433, min_q1: 68.667
	q2: 89.212, max_q2: 96.079, min_q2: 69.369
	target_q: 89.350, max_target_q: 95.891, min_target_q: 69.207

2023-02-25 22:25:39 - 
[#Step 910000] eval_reward: 59.289, eval_time: 5.827, time: 64.212
	critic_loss: 1.213, max_critic_loss: 62.877, min_critic_loss: 0.001
	actor_loss: -88.956, max_actor_loss: -3.472, min_actor_loss: -96.620
	value_loss: 0.180, max_value_loss: 15.877, min_value_loss: 0.000
	weight: 0.458, max_weight: 0.700, min_weight: 0.300
	v: 88.761, max_v: 96.626, min_v: 3.496
	q1: 88.690, max_q1: 96.530, min_q1: 3.243
	q2: 88.606, max_q2: 96.817, min_q2: 3.193
	target_q: 88.746, max_target_q: 96.767, min_target_q: 4.086

2023-02-25 22:26:20 - 
[#Step 920000] eval_reward: 58.850, eval_time: 5.800, time: 64.901
	critic_loss: 0.897, max_critic_loss: 17.680, min_critic_loss: 0.002
	actor_loss: -89.813, max_actor_loss: -67.807, min_actor_loss: -96.199
	value_loss: 0.115, max_value_loss: 10.179, min_value_loss: 0.000
	weight: 0.489, max_weight: 0.700, min_weight: 0.300
	v: 89.533, max_v: 96.513, min_v: 66.677
	q1: 89.491, max_q1: 96.813, min_q1: 65.957
	q2: 89.468, max_q2: 96.824, min_q2: 66.214
	target_q: 89.490, max_target_q: 96.931, min_target_q: 65.786

2023-02-25 22:27:01 - 
[#Step 930000] eval_reward: 58.465, eval_time: 5.670, time: 65.591
	critic_loss: 0.659, max_critic_loss: 16.415, min_critic_loss: 0.001
	actor_loss: -89.527, max_actor_loss: -3.826, min_actor_loss: -95.691
	value_loss: 0.088, max_value_loss: 1.792, min_value_loss: 0.000
	weight: 0.503, max_weight: 0.700, min_weight: 0.300
	v: 89.177, max_v: 95.742, min_v: 3.932
	q1: 89.238, max_q1: 95.427, min_q1: 4.056
	q2: 89.292, max_q2: 95.626, min_q2: 4.106
	target_q: 89.254, max_target_q: 96.040, min_target_q: 3.424

2023-02-25 22:27:43 - 
[#Step 940000] eval_reward: 58.914, eval_time: 5.753, time: 66.278
	critic_loss: 1.156, max_critic_loss: 42.817, min_critic_loss: 0.002
	actor_loss: -89.471, max_actor_loss: -2.585, min_actor_loss: -97.100
	value_loss: 0.127, max_value_loss: 6.983, min_value_loss: 0.000
	weight: 0.436, max_weight: 0.700, min_weight: 0.300
	v: 89.140, max_v: 95.794, min_v: 3.327
	q1: 89.113, max_q1: 96.154, min_q1: 2.675
	q2: 89.215, max_q2: 95.953, min_q2: 2.135
	target_q: 88.972, max_target_q: 96.390, min_target_q: 2.942

2023-02-25 22:28:24 - 
[#Step 950000] eval_reward: 59.117, eval_time: 5.749, time: 66.962
	critic_loss: 0.975, max_critic_loss: 24.104, min_critic_loss: 0.001
	actor_loss: -89.319, max_actor_loss: -38.019, min_actor_loss: -96.162
	value_loss: 0.095, max_value_loss: 2.189, min_value_loss: 0.000
	weight: 0.395, max_weight: 0.700, min_weight: 0.300
	v: 89.294, max_v: 96.721, min_v: 29.624
	q1: 89.038, max_q1: 95.976, min_q1: 27.464
	q2: 89.059, max_q2: 96.177, min_q2: 28.593
	target_q: 89.344, max_target_q: 96.485, min_target_q: 28.436

2023-02-25 22:28:47 - 
[#Step 955000] eval_reward: 58.761, eval_time: 5.649, time: 67.352
	critic_loss: 1.487, max_critic_loss: 116.412, min_critic_loss: 0.000
	actor_loss: -89.399, max_actor_loss: -3.162, min_actor_loss: -95.549
	value_loss: 0.104, max_value_loss: 3.809, min_value_loss: 0.000
	weight: 0.409, max_weight: 0.700, min_weight: 0.300
	v: 89.389, max_v: 96.044, min_v: 2.230
	q1: 89.182, max_q1: 95.472, min_q1: 2.476
	q2: 89.136, max_q2: 95.714, min_q2: 3.196
	target_q: 89.383, max_target_q: 96.182, min_target_q: 1.793

2023-02-25 22:29:10 - 
[#Step 960000] eval_reward: 58.991, eval_time: 5.718, time: 67.742
	critic_loss: 0.780, max_critic_loss: 22.493, min_critic_loss: 0.001
	actor_loss: -90.168, max_actor_loss: -67.492, min_actor_loss: -96.221
	value_loss: 0.098, max_value_loss: 1.808, min_value_loss: 0.000
	weight: 0.467, max_weight: 0.700, min_weight: 0.300
	v: 89.681, max_v: 95.354, min_v: 65.587
	q1: 89.846, max_q1: 96.204, min_q1: 65.791
	q2: 89.906, max_q2: 96.041, min_q2: 65.017
	target_q: 89.723, max_target_q: 95.211, min_target_q: 64.754

2023-02-25 22:29:34 - 
[#Step 965000] eval_reward: 59.045, eval_time: 6.223, time: 68.143
	critic_loss: 1.006, max_critic_loss: 18.149, min_critic_loss: 0.001
	actor_loss: -89.874, max_actor_loss: -66.513, min_actor_loss: -96.140
	value_loss: 0.117, max_value_loss: 2.999, min_value_loss: 0.000
	weight: 0.511, max_weight: 0.700, min_weight: 0.300
	v: 89.771, max_v: 95.963, min_v: 66.609
	q1: 89.578, max_q1: 96.690, min_q1: 65.703
	q2: 89.561, max_q2: 96.330, min_q2: 65.295
	target_q: 89.901, max_target_q: 97.747, min_target_q: 65.875

2023-02-25 22:29:58 - 
[#Step 970000] eval_reward: 58.877, eval_time: 5.747, time: 68.536
	critic_loss: 0.788, max_critic_loss: 12.101, min_critic_loss: 0.002
	actor_loss: -89.119, max_actor_loss: -5.642, min_actor_loss: -95.743
	value_loss: 0.071, max_value_loss: 0.985, min_value_loss: 0.000
	weight: 0.472, max_weight: 0.700, min_weight: 0.300
	v: 88.639, max_v: 94.688, min_v: 3.549
	q1: 88.734, max_q1: 94.903, min_q1: 5.761
	q2: 88.709, max_q2: 94.811, min_q2: 5.465
	target_q: 88.736, max_target_q: 95.360, min_target_q: 3.383

2023-02-25 22:30:21 - 
[#Step 975000] eval_reward: 58.523, eval_time: 5.544, time: 68.924
	critic_loss: 1.053, max_critic_loss: 31.134, min_critic_loss: 0.002
	actor_loss: -89.390, max_actor_loss: -4.450, min_actor_loss: -96.007
	value_loss: 0.083, max_value_loss: 2.061, min_value_loss: 0.000
	weight: 0.405, max_weight: 0.700, min_weight: 0.300
	v: 89.375, max_v: 96.543, min_v: 3.521
	q1: 89.098, max_q1: 96.137, min_q1: 4.517
	q2: 89.102, max_q2: 96.311, min_q2: 4.406
	target_q: 89.344, max_target_q: 96.490, min_target_q: 3.363

2023-02-25 22:30:39 - Saving checkpoint at step: 196
2023-02-25 22:30:39 - Saved checkpoint at saved_models/halfcheetah-medium-v2/COMFO6_s0_20230225_212126/actor_196
2023-02-25 22:30:39 - Removing checkpoint at saved_models/halfcheetah-medium-v2/COMFO6_s0_20230225_212126/actor_100
2023-02-25 22:30:39 - Saving checkpoint at step: 196
2023-02-25 22:30:39 - Saved checkpoint at saved_models/halfcheetah-medium-v2/COMFO6_s0_20230225_212126/critic_196
2023-02-25 22:30:39 - Removing checkpoint at saved_models/halfcheetah-medium-v2/COMFO6_s0_20230225_212126/critic_100
2023-02-25 22:30:39 - Saving checkpoint at step: 196
2023-02-25 22:30:39 - Saved checkpoint at saved_models/halfcheetah-medium-v2/COMFO6_s0_20230225_212126/value_196
2023-02-25 22:30:39 - Removing checkpoint at saved_models/halfcheetah-medium-v2/COMFO6_s0_20230225_212126/value_100
2023-02-25 22:30:45 - 
[#Step 980000] eval_reward: 56.203, eval_time: 5.660, time: 69.315
	critic_loss: 0.853, max_critic_loss: 12.873, min_critic_loss: 0.004
	actor_loss: -89.115, max_actor_loss: -10.209, min_actor_loss: -96.729
	value_loss: 0.164, max_value_loss: 8.181, min_value_loss: 0.000
	weight: 0.452, max_weight: 0.700, min_weight: 0.300
	v: 88.762, max_v: 96.062, min_v: 8.380
	q1: 88.823, max_q1: 96.010, min_q1: 9.509
	q2: 88.853, max_q2: 95.858, min_q2: 11.473
	target_q: 88.769, max_target_q: 96.067, min_target_q: 11.311

2023-02-25 22:31:03 - Saving checkpoint at step: 197
2023-02-25 22:31:03 - Saved checkpoint at saved_models/halfcheetah-medium-v2/COMFO6_s0_20230225_212126/actor_197
2023-02-25 22:31:03 - Removing checkpoint at saved_models/halfcheetah-medium-v2/COMFO6_s0_20230225_212126/actor_120
2023-02-25 22:31:03 - Saving checkpoint at step: 197
2023-02-25 22:31:03 - Saved checkpoint at saved_models/halfcheetah-medium-v2/COMFO6_s0_20230225_212126/critic_197
2023-02-25 22:31:03 - Removing checkpoint at saved_models/halfcheetah-medium-v2/COMFO6_s0_20230225_212126/critic_120
2023-02-25 22:31:03 - Saving checkpoint at step: 197
2023-02-25 22:31:03 - Saved checkpoint at saved_models/halfcheetah-medium-v2/COMFO6_s0_20230225_212126/value_197
2023-02-25 22:31:03 - Removing checkpoint at saved_models/halfcheetah-medium-v2/COMFO6_s0_20230225_212126/value_120
2023-02-25 22:31:08 - 
[#Step 985000] eval_reward: 58.613, eval_time: 5.683, time: 69.706
	critic_loss: 1.776, max_critic_loss: 255.154, min_critic_loss: 0.000
	actor_loss: -88.335, max_actor_loss: -3.992, min_actor_loss: -96.873
	value_loss: 0.106, max_value_loss: 1.847, min_value_loss: 0.000
	weight: 0.497, max_weight: 0.700, min_weight: 0.300
	v: 88.080, max_v: 96.393, min_v: 2.992
	q1: 88.112, max_q1: 96.365, min_q1: 3.525
	q2: 88.057, max_q2: 96.686, min_q2: 4.467
	target_q: 88.183, max_target_q: 96.161, min_target_q: 3.551

2023-02-25 22:31:26 - Saving checkpoint at step: 198
2023-02-25 22:31:26 - Saved checkpoint at saved_models/halfcheetah-medium-v2/COMFO6_s0_20230225_212126/actor_198
2023-02-25 22:31:26 - Removing checkpoint at saved_models/halfcheetah-medium-v2/COMFO6_s0_20230225_212126/actor_140
2023-02-25 22:31:26 - Saving checkpoint at step: 198
2023-02-25 22:31:26 - Saved checkpoint at saved_models/halfcheetah-medium-v2/COMFO6_s0_20230225_212126/critic_198
2023-02-25 22:31:26 - Removing checkpoint at saved_models/halfcheetah-medium-v2/COMFO6_s0_20230225_212126/critic_140
2023-02-25 22:31:26 - Saving checkpoint at step: 198
2023-02-25 22:31:26 - Saved checkpoint at saved_models/halfcheetah-medium-v2/COMFO6_s0_20230225_212126/value_198
2023-02-25 22:31:26 - Removing checkpoint at saved_models/halfcheetah-medium-v2/COMFO6_s0_20230225_212126/value_140
2023-02-25 22:31:32 - 
[#Step 990000] eval_reward: 59.374, eval_time: 5.688, time: 70.100
	critic_loss: 0.915, max_critic_loss: 29.153, min_critic_loss: 0.002
	actor_loss: -88.586, max_actor_loss: -2.624, min_actor_loss: -96.286
	value_loss: 0.120, max_value_loss: 12.193, min_value_loss: 0.000
	weight: 0.480, max_weight: 0.700, min_weight: 0.300
	v: 88.105, max_v: 95.758, min_v: 3.093
	q1: 88.272, max_q1: 95.748, min_q1: 3.293
	q2: 88.201, max_q2: 95.956, min_q2: 2.577
	target_q: 88.168, max_target_q: 95.512, min_target_q: 3.185

2023-02-25 22:31:49 - Saving checkpoint at step: 199
2023-02-25 22:31:49 - Saved checkpoint at saved_models/halfcheetah-medium-v2/COMFO6_s0_20230225_212126/actor_199
2023-02-25 22:31:49 - Removing checkpoint at saved_models/halfcheetah-medium-v2/COMFO6_s0_20230225_212126/actor_160
2023-02-25 22:31:49 - Saving checkpoint at step: 199
2023-02-25 22:31:49 - Saved checkpoint at saved_models/halfcheetah-medium-v2/COMFO6_s0_20230225_212126/critic_199
2023-02-25 22:31:49 - Removing checkpoint at saved_models/halfcheetah-medium-v2/COMFO6_s0_20230225_212126/critic_160
2023-02-25 22:31:49 - Saving checkpoint at step: 199
2023-02-25 22:31:49 - Saved checkpoint at saved_models/halfcheetah-medium-v2/COMFO6_s0_20230225_212126/value_199
2023-02-25 22:31:49 - Removing checkpoint at saved_models/halfcheetah-medium-v2/COMFO6_s0_20230225_212126/value_160
2023-02-25 22:31:55 - 
[#Step 995000] eval_reward: 59.294, eval_time: 5.671, time: 70.488
	critic_loss: 0.877, max_critic_loss: 15.095, min_critic_loss: 0.001
	actor_loss: -89.578, max_actor_loss: -3.033, min_actor_loss: -95.915
	value_loss: 0.101, max_value_loss: 5.157, min_value_loss: 0.000
	weight: 0.456, max_weight: 0.700, min_weight: 0.300
	v: 89.268, max_v: 95.518, min_v: 2.886
	q1: 89.255, max_q1: 95.426, min_q1: 3.264
	q2: 89.218, max_q2: 95.757, min_q2: 2.942
	target_q: 89.362, max_target_q: 95.914, min_target_q: 2.351

2023-02-25 22:32:13 - Saving checkpoint at step: 200
2023-02-25 22:32:13 - Saved checkpoint at saved_models/halfcheetah-medium-v2/COMFO6_s0_20230225_212126/actor_200
2023-02-25 22:32:13 - Removing checkpoint at saved_models/halfcheetah-medium-v2/COMFO6_s0_20230225_212126/actor_180
2023-02-25 22:32:13 - Saving checkpoint at step: 200
2023-02-25 22:32:13 - Saved checkpoint at saved_models/halfcheetah-medium-v2/COMFO6_s0_20230225_212126/critic_200
2023-02-25 22:32:13 - Removing checkpoint at saved_models/halfcheetah-medium-v2/COMFO6_s0_20230225_212126/critic_180
2023-02-25 22:32:13 - Saving checkpoint at step: 200
2023-02-25 22:32:13 - Saved checkpoint at saved_models/halfcheetah-medium-v2/COMFO6_s0_20230225_212126/value_200
2023-02-25 22:32:13 - Removing checkpoint at saved_models/halfcheetah-medium-v2/COMFO6_s0_20230225_212126/value_180
2023-02-25 22:32:19 - 
[#Step 1000000] eval_reward: 56.717, eval_time: 5.561, time: 70.879
	critic_loss: 1.165, max_critic_loss: 61.643, min_critic_loss: 0.000
	actor_loss: -89.875, max_actor_loss: -54.853, min_actor_loss: -96.582
	value_loss: 0.093, max_value_loss: 2.615, min_value_loss: 0.000
	weight: 0.441, max_weight: 0.700, min_weight: 0.300
	v: 89.411, max_v: 96.494, min_v: 47.167
	q1: 89.559, max_q1: 96.287, min_q1: 49.564
	q2: 89.558, max_q2: 96.093, min_q2: 48.837
	target_q: 89.378, max_target_q: 95.832, min_target_q: 43.661

2023-02-25 22:32:19 - 
Avg eval reward = 58.44

