2023-02-24 15:19:13 - Exp configurations:
algo: COMFO6
alpha: 5.0
batch_size: 256
env_name: hopper-medium-v2
eval_episodes: 10
eval_freq: 5000
expectile: 0.7
gamma: 0.99
hidden_dims: !!python/tuple
- 256
- 256
initializer: orthogonal
log_dir: 20230225_noise0.01
lr: 0.0003
max_timesteps: 1000000
mle_alpha: 1.0
model_dir: saved_models
num_random: 10
seed: 1
tau: 0.005
temperature: 3.0

2023-02-24 15:21:13 - 
[#Step 10000] eval_reward: 48.656, eval_time: 3.535, time: 2.004
	critic_loss: 0.434, max_critic_loss: 10.510, min_critic_loss: 0.000
	actor_loss: -42.262, max_actor_loss: 1.825, min_actor_loss: -63.117
	value_loss: 0.087, max_value_loss: 7.274, min_value_loss: 0.000
	weight: 0.512, max_weight: 0.700, min_weight: 0.300
	v: 39.975, max_v: 56.004, min_v: 2.623
	q1: 40.616, max_q1: 55.850, min_q1: 0.660
	q2: 40.654, max_q2: 56.092, min_q2: 0.246
	target_q: 40.481, max_target_q: 56.035, min_target_q: 1.910

2023-02-24 15:21:51 - 
[#Step 20000] eval_reward: 55.507, eval_time: 4.148, time: 2.639
	critic_loss: 1.829, max_critic_loss: 114.062, min_critic_loss: 0.001
	actor_loss: -64.352, max_actor_loss: 0.366, min_actor_loss: -91.275
	value_loss: 0.212, max_value_loss: 7.618, min_value_loss: 0.000
	weight: 0.483, max_weight: 0.700, min_weight: 0.300
	v: 62.639, max_v: 84.703, min_v: 0.941
	q1: 62.836, max_q1: 85.626, min_q1: 0.104
	q2: 62.796, max_q2: 85.733, min_q2: 0.764
	target_q: 62.982, max_target_q: 85.205, min_target_q: 0.535

2023-02-24 15:22:29 - 
[#Step 30000] eval_reward: 55.095, eval_time: 4.032, time: 3.274
	critic_loss: 0.793, max_critic_loss: 21.127, min_critic_loss: 0.000
	actor_loss: -78.616, max_actor_loss: 2.433, min_actor_loss: -104.910
	value_loss: 0.137, max_value_loss: 4.113, min_value_loss: 0.000
	weight: 0.414, max_weight: 0.700, min_weight: 0.300
	v: 76.950, max_v: 97.998, min_v: -0.149
	q1: 76.977, max_q1: 97.861, min_q1: -2.000
	q2: 77.057, max_q2: 98.014, min_q2: -1.562
	target_q: 76.919, max_target_q: 97.433, min_target_q: -2.969

2023-02-24 15:23:07 - 
[#Step 40000] eval_reward: 54.129, eval_time: 3.909, time: 3.910
	critic_loss: 1.180, max_critic_loss: 38.971, min_critic_loss: 0.001
	actor_loss: -85.992, max_actor_loss: -0.940, min_actor_loss: -110.484
	value_loss: 0.164, max_value_loss: 3.780, min_value_loss: 0.000
	weight: 0.370, max_weight: 0.700, min_weight: 0.300
	v: 84.179, max_v: 104.791, min_v: 1.986
	q1: 84.166, max_q1: 104.872, min_q1: 1.065
	q2: 84.142, max_q2: 104.655, min_q2: 0.766
	target_q: 83.892, max_target_q: 104.154, min_target_q: 1.369

2023-02-24 15:23:45 - 
[#Step 50000] eval_reward: 46.085, eval_time: 3.360, time: 4.533
	critic_loss: 0.939, max_critic_loss: 16.647, min_critic_loss: 0.000
	actor_loss: -88.925, max_actor_loss: -2.693, min_actor_loss: -115.814
	value_loss: 0.142, max_value_loss: 4.941, min_value_loss: 0.000
	weight: 0.425, max_weight: 0.700, min_weight: 0.300
	v: 86.964, max_v: 108.993, min_v: 3.452
	q1: 86.916, max_q1: 108.649, min_q1: 3.624
	q2: 86.900, max_q2: 108.930, min_q2: 4.357
	target_q: 87.023, max_target_q: 109.206, min_target_q: 3.032

2023-02-24 15:24:22 - 
[#Step 60000] eval_reward: 44.657, eval_time: 3.281, time: 5.153
	critic_loss: 1.440, max_critic_loss: 62.674, min_critic_loss: 0.001
	actor_loss: -93.704, max_actor_loss: -5.228, min_actor_loss: -119.985
	value_loss: 0.146, max_value_loss: 4.800, min_value_loss: 0.000
	weight: 0.441, max_weight: 0.700, min_weight: 0.300
	v: 91.387, max_v: 111.561, min_v: 5.584
	q1: 91.623, max_q1: 111.343, min_q1: 5.402
	q2: 91.677, max_q2: 111.666, min_q2: 5.374
	target_q: 91.277, max_target_q: 111.443, min_target_q: 5.335

2023-02-24 15:25:00 - 
[#Step 70000] eval_reward: 50.865, eval_time: 3.674, time: 5.782
	critic_loss: 1.855, max_critic_loss: 197.693, min_critic_loss: 0.001
	actor_loss: -92.184, max_actor_loss: -0.256, min_actor_loss: -118.183
	value_loss: 0.107, max_value_loss: 2.645, min_value_loss: 0.000
	weight: 0.466, max_weight: 0.700, min_weight: 0.300
	v: 89.771, max_v: 111.313, min_v: 0.439
	q1: 89.949, max_q1: 112.574, min_q1: 0.947
	q2: 89.937, max_q2: 112.441, min_q2: 0.542
	target_q: 89.441, max_target_q: 111.709, min_target_q: -0.003

2023-02-24 15:25:37 - 
[#Step 80000] eval_reward: 49.253, eval_time: 3.537, time: 6.405
	critic_loss: 1.318, max_critic_loss: 24.606, min_critic_loss: 0.000
	actor_loss: -92.205, max_actor_loss: -1.518, min_actor_loss: -120.230
	value_loss: 0.150, max_value_loss: 4.764, min_value_loss: 0.000
	weight: 0.416, max_weight: 0.700, min_weight: 0.300
	v: 89.789, max_v: 113.265, min_v: 3.163
	q1: 89.894, max_q1: 113.879, min_q1: 3.328
	q2: 89.924, max_q2: 114.045, min_q2: 3.151
	target_q: 89.470, max_target_q: 111.913, min_target_q: 2.624

2023-02-24 15:26:14 - 
[#Step 90000] eval_reward: 50.044, eval_time: 3.658, time: 7.029
	critic_loss: 0.923, max_critic_loss: 54.951, min_critic_loss: 0.001
	actor_loss: -92.029, max_actor_loss: -1.313, min_actor_loss: -121.560
	value_loss: 0.105, max_value_loss: 2.523, min_value_loss: 0.000
	weight: 0.494, max_weight: 0.700, min_weight: 0.300
	v: 89.953, max_v: 113.608, min_v: 1.986
	q1: 89.907, max_q1: 113.737, min_q1: 1.808
	q2: 89.851, max_q2: 114.144, min_q2: 2.316
	target_q: 90.205, max_target_q: 113.664, min_target_q: 2.025

2023-02-24 15:26:48 - Saving checkpoint at step: 20
2023-02-24 15:26:48 - Saved checkpoint at saved_models/hopper-medium-v2/COMFO6_s1_20230224_151913/actor_20
2023-02-24 15:26:48 - Saving checkpoint at step: 20
2023-02-24 15:26:48 - Saved checkpoint at saved_models/hopper-medium-v2/COMFO6_s1_20230224_151913/critic_20
2023-02-24 15:26:48 - Saving checkpoint at step: 20
2023-02-24 15:26:48 - Saved checkpoint at saved_models/hopper-medium-v2/COMFO6_s1_20230224_151913/value_20
2023-02-24 15:26:52 - 
[#Step 100000] eval_reward: 52.473, eval_time: 3.842, time: 7.658
	critic_loss: 0.447, max_critic_loss: 7.441, min_critic_loss: 0.000
	actor_loss: -93.258, max_actor_loss: -1.095, min_actor_loss: -117.768
	value_loss: 0.088, max_value_loss: 2.233, min_value_loss: 0.000
	weight: 0.478, max_weight: 0.700, min_weight: 0.300
	v: 91.260, max_v: 112.748, min_v: 3.714
	q1: 91.211, max_q1: 111.775, min_q1: 3.503
	q2: 91.252, max_q2: 112.252, min_q2: 3.339
	target_q: 91.199, max_target_q: 110.866, min_target_q: 3.435

2023-02-24 15:27:30 - 
[#Step 110000] eval_reward: 55.726, eval_time: 4.054, time: 8.292
	critic_loss: 0.379, max_critic_loss: 8.296, min_critic_loss: 0.000
	actor_loss: -89.825, max_actor_loss: -1.817, min_actor_loss: -118.145
	value_loss: 0.062, max_value_loss: 1.194, min_value_loss: 0.000
	weight: 0.466, max_weight: 0.700, min_weight: 0.300
	v: 87.952, max_v: 111.493, min_v: 3.015
	q1: 87.849, max_q1: 112.034, min_q1: 3.371
	q2: 87.902, max_q2: 111.715, min_q2: 3.598
	target_q: 87.875, max_target_q: 111.814, min_target_q: 2.682

2023-02-24 15:28:08 - 
[#Step 120000] eval_reward: 54.616, eval_time: 4.015, time: 8.922
	critic_loss: 0.600, max_critic_loss: 11.173, min_critic_loss: 0.001
	actor_loss: -90.434, max_actor_loss: -1.573, min_actor_loss: -118.766
	value_loss: 0.069, max_value_loss: 1.569, min_value_loss: 0.000
	weight: 0.445, max_weight: 0.700, min_weight: 0.300
	v: 88.777, max_v: 112.610, min_v: 2.425
	q1: 88.584, max_q1: 112.174, min_q1: 2.005
	q2: 88.577, max_q2: 112.492, min_q2: 1.371
	target_q: 88.823, max_target_q: 112.966, min_target_q: 2.073

2023-02-24 15:28:46 - 
[#Step 130000] eval_reward: 58.904, eval_time: 4.243, time: 9.556
	critic_loss: 0.979, max_critic_loss: 72.122, min_critic_loss: 0.001
	actor_loss: -92.122, max_actor_loss: -2.781, min_actor_loss: -118.554
	value_loss: 0.058, max_value_loss: 1.008, min_value_loss: 0.000
	weight: 0.406, max_weight: 0.700, min_weight: 0.300
	v: 89.983, max_v: 111.565, min_v: 7.341
	q1: 89.993, max_q1: 111.926, min_q1: 7.589
	q2: 90.038, max_q2: 112.023, min_q2: 7.426
	target_q: 89.849, max_target_q: 112.566, min_target_q: 7.054

2023-02-24 15:29:24 - 
[#Step 140000] eval_reward: 54.028, eval_time: 3.768, time: 10.183
	critic_loss: 0.751, max_critic_loss: 18.041, min_critic_loss: 0.000
	actor_loss: -89.532, max_actor_loss: 0.476, min_actor_loss: -118.124
	value_loss: 0.109, max_value_loss: 2.346, min_value_loss: 0.000
	weight: 0.533, max_weight: 0.700, min_weight: 0.300
	v: 87.556, max_v: 112.356, min_v: 0.720
	q1: 87.660, max_q1: 111.868, min_q1: 0.553
	q2: 87.647, max_q2: 112.446, min_q2: 0.518
	target_q: 87.627, max_target_q: 111.813, min_target_q: 1.345

2023-02-24 15:30:02 - 
[#Step 150000] eval_reward: 61.582, eval_time: 4.360, time: 10.819
	critic_loss: 0.792, max_critic_loss: 16.566, min_critic_loss: 0.000
	actor_loss: -89.457, max_actor_loss: -1.284, min_actor_loss: -119.724
	value_loss: 0.088, max_value_loss: 2.419, min_value_loss: 0.000
	weight: 0.505, max_weight: 0.700, min_weight: 0.300
	v: 87.465, max_v: 112.338, min_v: 3.016
	q1: 87.787, max_q1: 112.335, min_q1: 3.329
	q2: 87.767, max_q2: 112.707, min_q2: 3.109
	target_q: 87.470, max_target_q: 111.677, min_target_q: 2.406

2023-02-24 15:30:41 - 
[#Step 160000] eval_reward: 66.817, eval_time: 4.799, time: 11.466
	critic_loss: 1.166, max_critic_loss: 128.266, min_critic_loss: 0.000
	actor_loss: -87.536, max_actor_loss: -2.175, min_actor_loss: -117.192
	value_loss: 0.110, max_value_loss: 3.707, min_value_loss: 0.000
	weight: 0.464, max_weight: 0.700, min_weight: 0.300
	v: 85.690, max_v: 111.143, min_v: 3.503
	q1: 85.667, max_q1: 111.451, min_q1: 4.324
	q2: 85.771, max_q2: 111.427, min_q2: 4.413
	target_q: 85.938, max_target_q: 111.458, min_target_q: 4.295

2023-02-24 15:31:20 - 
[#Step 170000] eval_reward: 67.643, eval_time: 4.849, time: 12.114
	critic_loss: 0.512, max_critic_loss: 12.220, min_critic_loss: 0.001
	actor_loss: -92.435, max_actor_loss: -5.669, min_actor_loss: -117.407
	value_loss: 0.077, max_value_loss: 2.536, min_value_loss: 0.000
	weight: 0.458, max_weight: 0.700, min_weight: 0.300
	v: 90.312, max_v: 110.784, min_v: 7.376
	q1: 90.276, max_q1: 111.026, min_q1: 7.769
	q2: 90.232, max_q2: 110.391, min_q2: 7.797
	target_q: 90.246, max_target_q: 110.424, min_target_q: 7.158

2023-02-24 15:31:59 - 
[#Step 180000] eval_reward: 73.395, eval_time: 5.494, time: 12.773
	critic_loss: 1.010, max_critic_loss: 17.783, min_critic_loss: 0.004
	actor_loss: -90.557, max_actor_loss: -4.709, min_actor_loss: -119.858
	value_loss: 0.087, max_value_loss: 1.408, min_value_loss: 0.000
	weight: 0.420, max_weight: 0.700, min_weight: 0.300
	v: 88.452, max_v: 112.023, min_v: 5.015
	q1: 88.545, max_q1: 112.305, min_q1: 4.890
	q2: 88.588, max_q2: 112.626, min_q2: 5.472
	target_q: 88.147, max_target_q: 112.150, min_target_q: 4.658

2023-02-24 15:32:40 - 
[#Step 190000] eval_reward: 90.383, eval_time: 6.684, time: 13.449
	critic_loss: 0.706, max_critic_loss: 18.198, min_critic_loss: 0.002
	actor_loss: -86.414, max_actor_loss: 0.797, min_actor_loss: -119.324
	value_loss: 0.106, max_value_loss: 1.189, min_value_loss: 0.000
	weight: 0.578, max_weight: 0.700, min_weight: 0.300
	v: 84.432, max_v: 112.299, min_v: 1.051
	q1: 84.521, max_q1: 113.027, min_q1: 1.086
	q2: 84.560, max_q2: 112.877, min_q2: 1.081
	target_q: 84.732, max_target_q: 112.899, min_target_q: 1.208

2023-02-24 15:33:13 - Saving checkpoint at step: 40
2023-02-24 15:33:13 - Saved checkpoint at saved_models/hopper-medium-v2/COMFO6_s1_20230224_151913/actor_40
2023-02-24 15:33:13 - Saving checkpoint at step: 40
2023-02-24 15:33:13 - Saved checkpoint at saved_models/hopper-medium-v2/COMFO6_s1_20230224_151913/critic_40
2023-02-24 15:33:13 - Saving checkpoint at step: 40
2023-02-24 15:33:13 - Saved checkpoint at saved_models/hopper-medium-v2/COMFO6_s1_20230224_151913/value_40
2023-02-24 15:33:20 - 
[#Step 200000] eval_reward: 91.143, eval_time: 6.833, time: 14.126
	critic_loss: 0.768, max_critic_loss: 7.835, min_critic_loss: 0.004
	actor_loss: -89.608, max_actor_loss: 1.525, min_actor_loss: -119.593
	value_loss: 0.052, max_value_loss: 0.862, min_value_loss: 0.000
	weight: 0.414, max_weight: 0.700, min_weight: 0.300
	v: 88.053, max_v: 112.079, min_v: 1.817
	q1: 87.726, max_q1: 112.477, min_q1: 1.390
	q2: 87.697, max_q2: 112.189, min_q2: 0.507
	target_q: 88.054, max_target_q: 112.477, min_target_q: 1.220

2023-02-24 15:34:01 - 
[#Step 210000] eval_reward: 83.987, eval_time: 6.223, time: 14.797
	critic_loss: 0.434, max_critic_loss: 15.535, min_critic_loss: 0.001
	actor_loss: -92.167, max_actor_loss: -0.379, min_actor_loss: -116.929
	value_loss: 0.082, max_value_loss: 2.887, min_value_loss: 0.000
	weight: 0.438, max_weight: 0.700, min_weight: 0.300
	v: 90.322, max_v: 111.752, min_v: 1.659
	q1: 90.278, max_q1: 111.904, min_q1: 2.164
	q2: 90.264, max_q2: 111.912, min_q2: 1.599
	target_q: 90.326, max_target_q: 112.740, min_target_q: 1.344

2023-02-24 15:34:41 - 
[#Step 220000] eval_reward: 81.238, eval_time: 5.888, time: 15.466
	critic_loss: 1.002, max_critic_loss: 17.167, min_critic_loss: 0.000
	actor_loss: -89.371, max_actor_loss: -0.695, min_actor_loss: -116.820
	value_loss: 0.084, max_value_loss: 2.487, min_value_loss: 0.000
	weight: 0.491, max_weight: 0.700, min_weight: 0.300
	v: 86.814, max_v: 111.616, min_v: 0.354
	q1: 87.210, max_q1: 111.798, min_q1: 1.957
	q2: 87.231, max_q2: 111.527, min_q2: 1.916
	target_q: 86.773, max_target_q: 111.367, min_target_q: 1.286

2023-02-24 15:35:21 - 
[#Step 230000] eval_reward: 86.661, eval_time: 6.508, time: 16.142
	critic_loss: 1.126, max_critic_loss: 45.877, min_critic_loss: 0.002
	actor_loss: -87.257, max_actor_loss: 0.700, min_actor_loss: -117.516
	value_loss: 0.113, max_value_loss: 1.448, min_value_loss: 0.000
	weight: 0.559, max_weight: 0.700, min_weight: 0.300
	v: 85.464, max_v: 111.752, min_v: -0.672
	q1: 85.463, max_q1: 111.783, min_q1: 0.514
	q2: 85.510, max_q2: 111.769, min_q2: -0.167
	target_q: 85.638, max_target_q: 111.853, min_target_q: 1.413

2023-02-24 15:36:02 - 
[#Step 240000] eval_reward: 88.491, eval_time: 6.820, time: 16.825
	critic_loss: 0.601, max_critic_loss: 23.871, min_critic_loss: 0.000
	actor_loss: -91.444, max_actor_loss: -1.106, min_actor_loss: -118.679
	value_loss: 0.078, max_value_loss: 1.091, min_value_loss: 0.000
	weight: 0.347, max_weight: 0.700, min_weight: 0.300
	v: 90.024, max_v: 113.619, min_v: 4.065
	q1: 89.695, max_q1: 113.073, min_q1: 2.811
	q2: 89.705, max_q2: 113.610, min_q2: 2.784
	target_q: 89.962, max_target_q: 113.337, min_target_q: 3.516

2023-02-24 15:36:42 - 
[#Step 250000] eval_reward: 76.531, eval_time: 5.877, time: 17.493
	critic_loss: 0.812, max_critic_loss: 33.688, min_critic_loss: 0.002
	actor_loss: -90.809, max_actor_loss: 0.064, min_actor_loss: -117.818
	value_loss: 0.066, max_value_loss: 1.936, min_value_loss: 0.000
	weight: 0.436, max_weight: 0.700, min_weight: 0.300
	v: 89.032, max_v: 112.458, min_v: 1.266
	q1: 88.701, max_q1: 112.817, min_q1: 1.602
	q2: 88.808, max_q2: 112.766, min_q2: 1.671
	target_q: 88.993, max_target_q: 112.752, min_target_q: 1.295

2023-02-24 15:37:22 - 
[#Step 260000] eval_reward: 73.161, eval_time: 5.603, time: 18.152
	critic_loss: 0.561, max_critic_loss: 34.269, min_critic_loss: 0.000
	actor_loss: -92.053, max_actor_loss: -0.524, min_actor_loss: -117.733
	value_loss: 0.113, max_value_loss: 3.890, min_value_loss: 0.000
	weight: 0.345, max_weight: 0.700, min_weight: 0.300
	v: 90.128, max_v: 111.931, min_v: 1.492
	q1: 89.958, max_q1: 111.915, min_q1: 1.277
	q2: 90.003, max_q2: 112.160, min_q2: 1.095
	target_q: 89.948, max_target_q: 111.850, min_target_q: 1.335

2023-02-24 15:38:01 - 
[#Step 270000] eval_reward: 63.902, eval_time: 4.997, time: 18.802
	critic_loss: 0.641, max_critic_loss: 28.017, min_critic_loss: 0.004
	actor_loss: -88.957, max_actor_loss: -1.953, min_actor_loss: -117.394
	value_loss: 0.092, max_value_loss: 3.471, min_value_loss: 0.000
	weight: 0.430, max_weight: 0.700, min_weight: 0.300
	v: 86.971, max_v: 112.383, min_v: 4.020
	q1: 86.810, max_q1: 112.175, min_q1: 3.096
	q2: 86.733, max_q2: 112.401, min_q2: 3.052
	target_q: 87.076, max_target_q: 112.630, min_target_q: 4.191

2023-02-24 15:38:40 - 
[#Step 280000] eval_reward: 65.180, eval_time: 5.167, time: 19.457
	critic_loss: 0.811, max_critic_loss: 9.312, min_critic_loss: 0.001
	actor_loss: -91.342, max_actor_loss: 1.782, min_actor_loss: -120.362
	value_loss: 0.114, max_value_loss: 2.393, min_value_loss: 0.000
	weight: 0.344, max_weight: 0.700, min_weight: 0.300
	v: 89.455, max_v: 111.853, min_v: 0.298
	q1: 89.230, max_q1: 111.423, min_q1: -0.211
	q2: 89.277, max_q2: 111.222, min_q2: -0.638
	target_q: 89.343, max_target_q: 111.934, min_target_q: 1.291

2023-02-24 15:39:18 - 
[#Step 290000] eval_reward: 57.071, eval_time: 4.358, time: 20.097
	critic_loss: 0.904, max_critic_loss: 13.884, min_critic_loss: 0.002
	actor_loss: -92.897, max_actor_loss: -4.498, min_actor_loss: -118.294
	value_loss: 0.064, max_value_loss: 1.364, min_value_loss: 0.000
	weight: 0.466, max_weight: 0.700, min_weight: 0.300
	v: 90.693, max_v: 112.762, min_v: 4.134
	q1: 90.428, max_q1: 112.402, min_q1: 3.942
	q2: 90.373, max_q2: 112.395, min_q2: 3.768
	target_q: 90.815, max_target_q: 112.862, min_target_q: 4.277

2023-02-24 15:39:53 - Saving checkpoint at step: 60
2023-02-24 15:39:53 - Saved checkpoint at saved_models/hopper-medium-v2/COMFO6_s1_20230224_151913/actor_60
2023-02-24 15:39:53 - Saving checkpoint at step: 60
2023-02-24 15:39:53 - Saved checkpoint at saved_models/hopper-medium-v2/COMFO6_s1_20230224_151913/critic_60
2023-02-24 15:39:53 - Saving checkpoint at step: 60
2023-02-24 15:39:53 - Saved checkpoint at saved_models/hopper-medium-v2/COMFO6_s1_20230224_151913/value_60
2023-02-24 15:39:59 - 
[#Step 300000] eval_reward: 76.993, eval_time: 5.842, time: 20.765
	critic_loss: 0.584, max_critic_loss: 8.840, min_critic_loss: 0.003
	actor_loss: -90.304, max_actor_loss: 2.685, min_actor_loss: -119.502
	value_loss: 0.098, max_value_loss: 7.540, min_value_loss: 0.000
	weight: 0.441, max_weight: 0.700, min_weight: 0.300
	v: 88.029, max_v: 112.741, min_v: 0.285
	q1: 87.932, max_q1: 112.327, min_q1: -0.067
	q2: 87.860, max_q2: 112.372, min_q2: -0.239
	target_q: 87.953, max_target_q: 112.644, min_target_q: 1.244

2023-02-24 15:40:38 - 
[#Step 310000] eval_reward: 72.727, eval_time: 5.558, time: 21.422
	critic_loss: 0.541, max_critic_loss: 10.230, min_critic_loss: 0.001
	actor_loss: -91.028, max_actor_loss: -2.030, min_actor_loss: -121.453
	value_loss: 0.059, max_value_loss: 0.894, min_value_loss: 0.000
	weight: 0.502, max_weight: 0.700, min_weight: 0.300
	v: 88.729, max_v: 112.961, min_v: 4.342
	q1: 88.733, max_q1: 112.715, min_q1: 3.969
	q2: 88.848, max_q2: 112.983, min_q2: 4.348
	target_q: 88.811, max_target_q: 112.866, min_target_q: 4.466

2023-02-24 15:41:17 - 
[#Step 320000] eval_reward: 67.678, eval_time: 5.229, time: 22.075
	critic_loss: 0.517, max_critic_loss: 22.727, min_critic_loss: 0.001
	actor_loss: -89.193, max_actor_loss: -1.092, min_actor_loss: -119.439
	value_loss: 0.099, max_value_loss: 6.128, min_value_loss: 0.000
	weight: 0.430, max_weight: 0.700, min_weight: 0.300
	v: 87.499, max_v: 112.335, min_v: 2.290
	q1: 87.547, max_q1: 112.644, min_q1: 2.897
	q2: 87.455, max_q2: 112.402, min_q2: 2.834
	target_q: 87.365, max_target_q: 112.503, min_target_q: 2.358

2023-02-24 15:41:56 - 
[#Step 330000] eval_reward: 59.603, eval_time: 4.476, time: 22.717
	critic_loss: 0.666, max_critic_loss: 6.537, min_critic_loss: 0.000
	actor_loss: -89.224, max_actor_loss: 0.400, min_actor_loss: -118.449
	value_loss: 0.091, max_value_loss: 1.608, min_value_loss: 0.000
	weight: 0.406, max_weight: 0.700, min_weight: 0.300
	v: 87.608, max_v: 112.876, min_v: 2.556
	q1: 87.421, max_q1: 112.983, min_q1: 1.386
	q2: 87.443, max_q2: 112.270, min_q2: 1.471
	target_q: 87.715, max_target_q: 113.150, min_target_q: 2.027

2023-02-24 15:42:35 - 
[#Step 340000] eval_reward: 67.740, eval_time: 5.339, time: 23.372
	critic_loss: 0.733, max_critic_loss: 52.625, min_critic_loss: 0.000
	actor_loss: -90.093, max_actor_loss: 0.337, min_actor_loss: -117.173
	value_loss: 0.050, max_value_loss: 1.500, min_value_loss: 0.000
	weight: 0.450, max_weight: 0.700, min_weight: 0.300
	v: 88.085, max_v: 111.573, min_v: 1.617
	q1: 88.262, max_q1: 111.565, min_q1: 2.025
	q2: 88.208, max_q2: 111.727, min_q2: 1.713
	target_q: 87.944, max_target_q: 111.539, min_target_q: 1.498

2023-02-24 15:43:13 - 
[#Step 350000] eval_reward: 54.859, eval_time: 4.114, time: 24.009
	critic_loss: 0.320, max_critic_loss: 5.938, min_critic_loss: 0.000
	actor_loss: -92.963, max_actor_loss: -6.206, min_actor_loss: -122.100
	value_loss: 0.104, max_value_loss: 9.871, min_value_loss: 0.000
	weight: 0.470, max_weight: 0.700, min_weight: 0.300
	v: 90.412, max_v: 112.216, min_v: 7.077
	q1: 90.624, max_q1: 112.051, min_q1: 7.467
	q2: 90.550, max_q2: 111.548, min_q2: 7.199
	target_q: 90.456, max_target_q: 111.480, min_target_q: 7.039

2023-02-24 15:43:52 - 
[#Step 360000] eval_reward: 64.271, eval_time: 4.823, time: 24.659
	critic_loss: 0.386, max_critic_loss: 7.367, min_critic_loss: 0.000
	actor_loss: -89.469, max_actor_loss: -2.345, min_actor_loss: -120.800
	value_loss: 0.075, max_value_loss: 3.230, min_value_loss: 0.000
	weight: 0.428, max_weight: 0.700, min_weight: 0.300
	v: 87.766, max_v: 112.568, min_v: 1.584
	q1: 87.824, max_q1: 112.927, min_q1: 2.491
	q2: 87.784, max_q2: 112.952, min_q2: 1.998
	target_q: 87.770, max_target_q: 112.449, min_target_q: 1.684

2023-02-24 15:44:32 - 
[#Step 370000] eval_reward: 69.193, eval_time: 5.546, time: 25.320
	critic_loss: 0.810, max_critic_loss: 16.441, min_critic_loss: 0.001
	actor_loss: -89.938, max_actor_loss: -0.839, min_actor_loss: -117.043
	value_loss: 0.069, max_value_loss: 1.786, min_value_loss: 0.000
	weight: 0.477, max_weight: 0.700, min_weight: 0.300
	v: 87.916, max_v: 112.321, min_v: 3.582
	q1: 87.822, max_q1: 112.466, min_q1: 3.636
	q2: 87.806, max_q2: 112.652, min_q2: 3.199
	target_q: 88.053, max_target_q: 112.475, min_target_q: 3.549

2023-02-24 15:45:11 - 
[#Step 380000] eval_reward: 64.200, eval_time: 5.568, time: 25.981
	critic_loss: 0.659, max_critic_loss: 12.131, min_critic_loss: 0.001
	actor_loss: -90.219, max_actor_loss: -0.198, min_actor_loss: -118.199
	value_loss: 0.070, max_value_loss: 1.318, min_value_loss: 0.000
	weight: 0.427, max_weight: 0.700, min_weight: 0.300
	v: 88.195, max_v: 111.766, min_v: 1.600
	q1: 88.269, max_q1: 112.124, min_q1: 1.782
	q2: 88.216, max_q2: 112.110, min_q2: 1.808
	target_q: 87.997, max_target_q: 111.504, min_target_q: 1.287

2023-02-24 15:45:50 - 
[#Step 390000] eval_reward: 53.060, eval_time: 4.175, time: 26.616
	critic_loss: 0.707, max_critic_loss: 9.472, min_critic_loss: 0.000
	actor_loss: -87.884, max_actor_loss: -0.737, min_actor_loss: -117.946
	value_loss: 0.105, max_value_loss: 3.160, min_value_loss: 0.000
	weight: 0.358, max_weight: 0.700, min_weight: 0.300
	v: 85.976, max_v: 112.336, min_v: 2.900
	q1: 85.879, max_q1: 112.678, min_q1: 2.621
	q2: 85.823, max_q2: 112.535, min_q2: 2.813
	target_q: 85.652, max_target_q: 111.952, min_target_q: 2.490

2023-02-24 15:46:23 - Saving checkpoint at step: 80
2023-02-24 15:46:23 - Saved checkpoint at saved_models/hopper-medium-v2/COMFO6_s1_20230224_151913/actor_80
2023-02-24 15:46:23 - Saving checkpoint at step: 80
2023-02-24 15:46:23 - Saved checkpoint at saved_models/hopper-medium-v2/COMFO6_s1_20230224_151913/critic_80
2023-02-24 15:46:23 - Saving checkpoint at step: 80
2023-02-24 15:46:23 - Saved checkpoint at saved_models/hopper-medium-v2/COMFO6_s1_20230224_151913/value_80
2023-02-24 15:46:28 - 
[#Step 400000] eval_reward: 57.952, eval_time: 4.843, time: 27.259
	critic_loss: 0.547, max_critic_loss: 7.983, min_critic_loss: 0.000
	actor_loss: -90.148, max_actor_loss: -2.416, min_actor_loss: -115.209
	value_loss: 0.110, max_value_loss: 6.786, min_value_loss: 0.000
	weight: 0.420, max_weight: 0.700, min_weight: 0.300
	v: 88.113, max_v: 110.868, min_v: 3.003
	q1: 88.153, max_q1: 110.884, min_q1: 3.586
	q2: 88.088, max_q2: 110.902, min_q2: 3.221
	target_q: 87.927, max_target_q: 110.994, min_target_q: 2.634

2023-02-24 15:47:06 - 
[#Step 410000] eval_reward: 54.378, eval_time: 4.248, time: 27.895
	critic_loss: 0.293, max_critic_loss: 4.899, min_critic_loss: 0.000
	actor_loss: -91.042, max_actor_loss: -1.004, min_actor_loss: -121.887
	value_loss: 0.063, max_value_loss: 1.235, min_value_loss: 0.000
	weight: 0.389, max_weight: 0.700, min_weight: 0.300
	v: 88.859, max_v: 112.889, min_v: 3.621
	q1: 88.747, max_q1: 112.497, min_q1: 3.440
	q2: 88.756, max_q2: 112.989, min_q2: 3.365
	target_q: 88.838, max_target_q: 112.850, min_target_q: 3.635

2023-02-24 15:47:45 - 
[#Step 420000] eval_reward: 60.110, eval_time: 4.911, time: 28.539
	critic_loss: 0.466, max_critic_loss: 16.876, min_critic_loss: 0.001
	actor_loss: -88.532, max_actor_loss: -1.623, min_actor_loss: -118.128
	value_loss: 0.102, max_value_loss: 4.783, min_value_loss: 0.000
	weight: 0.581, max_weight: 0.700, min_weight: 0.300
	v: 86.044, max_v: 112.071, min_v: 2.305
	q1: 86.429, max_q1: 112.229, min_q1: 2.576
	q2: 86.437, max_q2: 112.438, min_q2: 2.015
	target_q: 86.304, max_target_q: 111.919, min_target_q: 2.164

2023-02-24 15:48:24 - 
[#Step 430000] eval_reward: 65.034, eval_time: 5.240, time: 29.195
	critic_loss: 0.498, max_critic_loss: 31.364, min_critic_loss: 0.000
	actor_loss: -90.726, max_actor_loss: -4.461, min_actor_loss: -120.702
	value_loss: 0.088, max_value_loss: 2.345, min_value_loss: 0.000
	weight: 0.477, max_weight: 0.700, min_weight: 0.300
	v: 88.458, max_v: 111.952, min_v: 4.647
	q1: 88.602, max_q1: 112.720, min_q1: 5.703
	q2: 88.543, max_q2: 112.386, min_q2: 5.132
	target_q: 88.577, max_target_q: 112.151, min_target_q: 5.175

2023-02-24 15:49:03 - 
[#Step 440000] eval_reward: 57.417, eval_time: 4.509, time: 29.837
	critic_loss: 0.362, max_critic_loss: 3.446, min_critic_loss: 0.000
	actor_loss: -89.093, max_actor_loss: -3.217, min_actor_loss: -118.705
	value_loss: 0.053, max_value_loss: 1.426, min_value_loss: 0.000
	weight: 0.384, max_weight: 0.700, min_weight: 0.300
	v: 87.357, max_v: 112.749, min_v: 3.830
	q1: 87.326, max_q1: 112.778, min_q1: 4.085
	q2: 87.227, max_q2: 112.299, min_q2: 3.784
	target_q: 87.268, max_target_q: 112.582, min_target_q: 3.479

2023-02-24 15:49:41 - 
[#Step 450000] eval_reward: 51.628, eval_time: 4.154, time: 30.469
	critic_loss: 1.737, max_critic_loss: 339.768, min_critic_loss: 0.000
	actor_loss: -92.016, max_actor_loss: -2.316, min_actor_loss: -117.710
	value_loss: 0.113, max_value_loss: 3.516, min_value_loss: 0.000
	weight: 0.403, max_weight: 0.700, min_weight: 0.300
	v: 89.899, max_v: 113.578, min_v: 1.986
	q1: 89.829, max_q1: 113.455, min_q1: 2.554
	q2: 89.795, max_q2: 113.494, min_q2: 2.305
	target_q: 89.629, max_target_q: 113.104, min_target_q: 1.395

2023-02-24 15:50:19 - 
[#Step 460000] eval_reward: 49.799, eval_time: 4.024, time: 31.101
	critic_loss: 0.800, max_critic_loss: 39.889, min_critic_loss: 0.001
	actor_loss: -91.376, max_actor_loss: -6.016, min_actor_loss: -118.853
	value_loss: 0.117, max_value_loss: 6.937, min_value_loss: 0.000
	weight: 0.472, max_weight: 0.700, min_weight: 0.300
	v: 88.983, max_v: 113.102, min_v: 6.403
	q1: 89.210, max_q1: 113.811, min_q1: 6.925
	q2: 89.237, max_q2: 113.853, min_q2: 7.383
	target_q: 88.910, max_target_q: 113.128, min_target_q: 6.062

2023-02-24 15:50:58 - 
[#Step 470000] eval_reward: 65.671, eval_time: 5.393, time: 31.755
	critic_loss: 0.728, max_critic_loss: 28.559, min_critic_loss: 0.000
	actor_loss: -89.854, max_actor_loss: -1.333, min_actor_loss: -116.864
	value_loss: 0.090, max_value_loss: 5.112, min_value_loss: 0.000
	weight: 0.466, max_weight: 0.700, min_weight: 0.300
	v: 87.794, max_v: 111.306, min_v: 3.287
	q1: 87.833, max_q1: 111.683, min_q1: 2.682
	q2: 87.865, max_q2: 111.708, min_q2: 2.382
	target_q: 87.897, max_target_q: 111.605, min_target_q: 3.923

2023-02-24 15:51:35 - 
[#Step 480000] eval_reward: 46.895, eval_time: 3.655, time: 32.378
	critic_loss: 0.572, max_critic_loss: 14.096, min_critic_loss: 0.001
	actor_loss: -91.176, max_actor_loss: -1.226, min_actor_loss: -118.373
	value_loss: 0.087, max_value_loss: 2.509, min_value_loss: 0.000
	weight: 0.397, max_weight: 0.700, min_weight: 0.300
	v: 89.131, max_v: 112.885, min_v: 4.749
	q1: 88.961, max_q1: 112.208, min_q1: 5.228
	q2: 88.962, max_q2: 112.208, min_q2: 4.756
	target_q: 89.198, max_target_q: 112.981, min_target_q: 4.806

2023-02-24 15:52:14 - 
[#Step 490000] eval_reward: 56.053, eval_time: 4.406, time: 33.020
	critic_loss: 0.364, max_critic_loss: 10.895, min_critic_loss: 0.000
	actor_loss: -90.295, max_actor_loss: 2.040, min_actor_loss: -119.762
	value_loss: 0.130, max_value_loss: 6.544, min_value_loss: 0.000
	weight: 0.567, max_weight: 0.700, min_weight: 0.300
	v: 87.941, max_v: 112.668, min_v: -0.225
	q1: 88.158, max_q1: 112.903, min_q1: -0.042
	q2: 88.172, max_q2: 112.990, min_q2: 0.307
	target_q: 88.103, max_target_q: 112.479, min_target_q: 1.130

2023-02-24 15:52:48 - Saving checkpoint at step: 100
2023-02-24 15:52:48 - Saved checkpoint at saved_models/hopper-medium-v2/COMFO6_s1_20230224_151913/actor_100
2023-02-24 15:52:48 - Saving checkpoint at step: 100
2023-02-24 15:52:48 - Saved checkpoint at saved_models/hopper-medium-v2/COMFO6_s1_20230224_151913/critic_100
2023-02-24 15:52:48 - Saving checkpoint at step: 100
2023-02-24 15:52:48 - Saved checkpoint at saved_models/hopper-medium-v2/COMFO6_s1_20230224_151913/value_100
2023-02-24 15:52:53 - 
[#Step 500000] eval_reward: 58.518, eval_time: 4.528, time: 33.664
	critic_loss: 0.518, max_critic_loss: 7.378, min_critic_loss: 0.000
	actor_loss: -88.890, max_actor_loss: -4.310, min_actor_loss: -118.610
	value_loss: 0.073, max_value_loss: 1.331, min_value_loss: 0.000
	weight: 0.436, max_weight: 0.700, min_weight: 0.300
	v: 87.054, max_v: 112.856, min_v: 5.425
	q1: 86.988, max_q1: 112.813, min_q1: 5.179
	q2: 87.058, max_q2: 112.941, min_q2: 5.364
	target_q: 86.867, max_target_q: 112.858, min_target_q: 5.340

2023-02-24 15:53:31 - 
[#Step 510000] eval_reward: 55.307, eval_time: 4.223, time: 34.306
	critic_loss: 0.400, max_critic_loss: 5.933, min_critic_loss: 0.001
	actor_loss: -91.622, max_actor_loss: 1.528, min_actor_loss: -116.523
	value_loss: 0.079, max_value_loss: 3.033, min_value_loss: 0.000
	weight: 0.444, max_weight: 0.700, min_weight: 0.300
	v: 89.405, max_v: 111.582, min_v: 1.195
	q1: 89.478, max_q1: 111.525, min_q1: 1.439
	q2: 89.461, max_q2: 111.739, min_q2: 1.248
	target_q: 89.354, max_target_q: 111.319, min_target_q: 1.422

2023-02-24 15:54:09 - 
[#Step 520000] eval_reward: 46.139, eval_time: 3.529, time: 34.931
	critic_loss: 0.439, max_critic_loss: 11.026, min_critic_loss: 0.001
	actor_loss: -90.590, max_actor_loss: -1.518, min_actor_loss: -120.150
	value_loss: 0.101, max_value_loss: 1.774, min_value_loss: 0.000
	weight: 0.459, max_weight: 0.700, min_weight: 0.300
	v: 88.339, max_v: 112.126, min_v: 1.376
	q1: 88.354, max_q1: 112.359, min_q1: 1.802
	q2: 88.335, max_q2: 112.186, min_q2: 1.631
	target_q: 88.325, max_target_q: 112.072, min_target_q: 1.271

2023-02-24 15:54:46 - 
[#Step 530000] eval_reward: 47.700, eval_time: 3.770, time: 35.561
	critic_loss: 0.409, max_critic_loss: 7.995, min_critic_loss: 0.000
	actor_loss: -88.587, max_actor_loss: -1.602, min_actor_loss: -116.972
	value_loss: 0.073, max_value_loss: 2.679, min_value_loss: 0.000
	weight: 0.508, max_weight: 0.700, min_weight: 0.300
	v: 86.233, max_v: 112.432, min_v: 1.272
	q1: 86.417, max_q1: 112.448, min_q1: 1.894
	q2: 86.393, max_q2: 112.454, min_q2: 1.881
	target_q: 86.258, max_target_q: 112.317, min_target_q: 0.964

2023-02-24 15:55:26 - 
[#Step 540000] eval_reward: 67.131, eval_time: 5.060, time: 36.216
	critic_loss: 0.511, max_critic_loss: 15.642, min_critic_loss: 0.001
	actor_loss: -88.688, max_actor_loss: -1.693, min_actor_loss: -116.194
	value_loss: 0.131, max_value_loss: 12.820, min_value_loss: 0.000
	weight: 0.420, max_weight: 0.700, min_weight: 0.300
	v: 86.675, max_v: 111.522, min_v: 3.944
	q1: 86.456, max_q1: 111.711, min_q1: 3.705
	q2: 86.365, max_q2: 111.671, min_q2: 3.309
	target_q: 86.592, max_target_q: 111.990, min_target_q: 3.684

2023-02-24 15:56:03 - 
[#Step 550000] eval_reward: 49.334, eval_time: 3.731, time: 36.845
	critic_loss: 0.637, max_critic_loss: 26.459, min_critic_loss: 0.002
	actor_loss: -88.473, max_actor_loss: -1.407, min_actor_loss: -117.526
	value_loss: 0.097, max_value_loss: 2.654, min_value_loss: 0.000
	weight: 0.519, max_weight: 0.700, min_weight: 0.300
	v: 86.226, max_v: 111.792, min_v: 2.641
	q1: 86.548, max_q1: 112.691, min_q1: 2.386
	q2: 86.469, max_q2: 112.719, min_q2: 2.418
	target_q: 86.279, max_target_q: 111.817, min_target_q: 2.803

2023-02-24 15:56:42 - 
[#Step 560000] eval_reward: 57.399, eval_time: 4.457, time: 37.490
	critic_loss: 0.490, max_critic_loss: 4.726, min_critic_loss: 0.001
	actor_loss: -90.344, max_actor_loss: 4.031, min_actor_loss: -118.437
	value_loss: 0.100, max_value_loss: 2.928, min_value_loss: 0.000
	weight: 0.394, max_weight: 0.700, min_weight: 0.300
	v: 88.530, max_v: 112.727, min_v: 1.118
	q1: 88.384, max_q1: 112.756, min_q1: 1.714
	q2: 88.446, max_q2: 112.590, min_q2: 0.883
	target_q: 88.314, max_target_q: 112.501, min_target_q: 1.188

2023-02-24 15:57:22 - 
[#Step 570000] eval_reward: 73.049, eval_time: 5.545, time: 38.151
	critic_loss: 1.016, max_critic_loss: 129.092, min_critic_loss: 0.000
	actor_loss: -90.735, max_actor_loss: 0.062, min_actor_loss: -119.278
	value_loss: 0.131, max_value_loss: 2.989, min_value_loss: 0.000
	weight: 0.456, max_weight: 0.700, min_weight: 0.300
	v: 88.222, max_v: 112.460, min_v: 4.011
	q1: 88.334, max_q1: 112.189, min_q1: 4.081
	q2: 88.313, max_q2: 112.323, min_q2: 3.842
	target_q: 88.226, max_target_q: 112.362, min_target_q: 4.018

2023-02-24 15:58:01 - 
[#Step 580000] eval_reward: 62.270, eval_time: 4.788, time: 38.800
	critic_loss: 0.506, max_critic_loss: 6.470, min_critic_loss: 0.002
	actor_loss: -90.523, max_actor_loss: -1.467, min_actor_loss: -118.077
	value_loss: 0.140, max_value_loss: 9.969, min_value_loss: 0.000
	weight: 0.498, max_weight: 0.700, min_weight: 0.300
	v: 88.143, max_v: 112.466, min_v: 0.918
	q1: 88.279, max_q1: 112.487, min_q1: 1.574
	q2: 88.253, max_q2: 112.531, min_q2: 1.323
	target_q: 88.136, max_target_q: 112.118, min_target_q: 1.439

2023-02-24 15:58:40 - 
[#Step 590000] eval_reward: 68.126, eval_time: 5.331, time: 39.458
	critic_loss: 0.708, max_critic_loss: 8.406, min_critic_loss: 0.000
	actor_loss: -88.973, max_actor_loss: -1.250, min_actor_loss: -118.807
	value_loss: 0.056, max_value_loss: 0.935, min_value_loss: 0.000
	weight: 0.442, max_weight: 0.700, min_weight: 0.300
	v: 86.559, max_v: 111.995, min_v: 2.596
	q1: 86.710, max_q1: 112.397, min_q1: 3.144
	q2: 86.755, max_q2: 112.474, min_q2: 2.719
	target_q: 86.344, max_target_q: 111.871, min_target_q: 2.336

2023-02-24 15:59:14 - Saving checkpoint at step: 120
2023-02-24 15:59:14 - Saved checkpoint at saved_models/hopper-medium-v2/COMFO6_s1_20230224_151913/actor_120
2023-02-24 15:59:14 - Removing checkpoint at saved_models/hopper-medium-v2/COMFO6_s1_20230224_151913/actor_20
2023-02-24 15:59:14 - Saving checkpoint at step: 120
2023-02-24 15:59:14 - Saved checkpoint at saved_models/hopper-medium-v2/COMFO6_s1_20230224_151913/critic_120
2023-02-24 15:59:14 - Removing checkpoint at saved_models/hopper-medium-v2/COMFO6_s1_20230224_151913/critic_20
2023-02-24 15:59:14 - Saving checkpoint at step: 120
2023-02-24 15:59:14 - Saved checkpoint at saved_models/hopper-medium-v2/COMFO6_s1_20230224_151913/value_120
2023-02-24 15:59:14 - Removing checkpoint at saved_models/hopper-medium-v2/COMFO6_s1_20230224_151913/value_20
2023-02-24 15:59:19 - 
[#Step 600000] eval_reward: 55.300, eval_time: 4.272, time: 40.098
	critic_loss: 0.643, max_critic_loss: 44.721, min_critic_loss: 0.000
	actor_loss: -90.600, max_actor_loss: -0.429, min_actor_loss: -118.269
	value_loss: 0.179, max_value_loss: 29.369, min_value_loss: 0.000
	weight: 0.463, max_weight: 0.700, min_weight: 0.300
	v: 88.441, max_v: 112.146, min_v: 2.200
	q1: 88.280, max_q1: 112.228, min_q1: 2.466
	q2: 88.396, max_q2: 112.769, min_q2: 2.462
	target_q: 88.406, max_target_q: 112.648, min_target_q: 1.552

2023-02-24 15:59:57 - 
[#Step 610000] eval_reward: 57.396, eval_time: 4.398, time: 40.736
	critic_loss: 0.729, max_critic_loss: 10.547, min_critic_loss: 0.002
	actor_loss: -89.333, max_actor_loss: -1.660, min_actor_loss: -118.688
	value_loss: 0.080, max_value_loss: 1.060, min_value_loss: 0.000
	weight: 0.344, max_weight: 0.700, min_weight: 0.300
	v: 87.279, max_v: 112.438, min_v: 2.367
	q1: 87.185, max_q1: 112.023, min_q1: 3.008
	q2: 87.160, max_q2: 111.793, min_q2: 2.977
	target_q: 87.018, max_target_q: 112.219, min_target_q: 1.705

2023-02-24 16:00:36 - 
[#Step 620000] eval_reward: 63.250, eval_time: 4.879, time: 41.385
	critic_loss: 1.018, max_critic_loss: 12.255, min_critic_loss: 0.003
	actor_loss: -90.141, max_actor_loss: -1.514, min_actor_loss: -117.528
	value_loss: 0.092, max_value_loss: 1.883, min_value_loss: 0.000
	weight: 0.373, max_weight: 0.700, min_weight: 0.300
	v: 88.061, max_v: 112.109, min_v: 2.706
	q1: 88.187, max_q1: 112.141, min_q1: 3.243
	q2: 88.167, max_q2: 112.157, min_q2: 2.969
	target_q: 87.688, max_target_q: 111.703, min_target_q: 2.324

2023-02-24 16:01:14 - 
[#Step 630000] eval_reward: 54.400, eval_time: 4.113, time: 42.020
	critic_loss: 0.404, max_critic_loss: 14.423, min_critic_loss: 0.000
	actor_loss: -88.167, max_actor_loss: -1.209, min_actor_loss: -120.444
	value_loss: 0.069, max_value_loss: 5.174, min_value_loss: 0.000
	weight: 0.419, max_weight: 0.700, min_weight: 0.300
	v: 86.250, max_v: 111.332, min_v: 2.612
	q1: 86.090, max_q1: 111.116, min_q1: 2.122
	q2: 86.058, max_q2: 110.861, min_q2: 2.105
	target_q: 86.156, max_target_q: 111.407, min_target_q: 1.288

2023-02-24 16:01:53 - 
[#Step 640000] eval_reward: 62.907, eval_time: 4.826, time: 42.670
	critic_loss: 0.478, max_critic_loss: 9.404, min_critic_loss: 0.000
	actor_loss: -90.074, max_actor_loss: -3.048, min_actor_loss: -115.800
	value_loss: 0.127, max_value_loss: 5.267, min_value_loss: 0.000
	weight: 0.370, max_weight: 0.700, min_weight: 0.300
	v: 88.184, max_v: 112.122, min_v: 5.343
	q1: 87.976, max_q1: 112.002, min_q1: 5.104
	q2: 87.866, max_q2: 111.757, min_q2: 5.059
	target_q: 88.159, max_target_q: 112.143, min_target_q: 5.360

2023-02-24 16:02:31 - 
[#Step 650000] eval_reward: 51.231, eval_time: 3.941, time: 43.300
	critic_loss: 0.674, max_critic_loss: 25.410, min_critic_loss: 0.006
	actor_loss: -91.800, max_actor_loss: -6.491, min_actor_loss: -118.598
	value_loss: 0.093, max_value_loss: 4.293, min_value_loss: 0.000
	weight: 0.464, max_weight: 0.700, min_weight: 0.300
	v: 89.860, max_v: 112.052, min_v: 7.830
	q1: 89.676, max_q1: 111.702, min_q1: 7.704
	q2: 89.695, max_q2: 111.713, min_q2: 7.639
	target_q: 90.057, max_target_q: 112.418, min_target_q: 8.269

2023-02-24 16:03:09 - 
[#Step 660000] eval_reward: 54.918, eval_time: 4.181, time: 43.935
	critic_loss: 0.451, max_critic_loss: 9.512, min_critic_loss: 0.000
	actor_loss: -91.844, max_actor_loss: -3.757, min_actor_loss: -119.234
	value_loss: 0.093, max_value_loss: 5.872, min_value_loss: 0.000
	weight: 0.420, max_weight: 0.700, min_weight: 0.300
	v: 89.887, max_v: 112.717, min_v: 4.282
	q1: 89.886, max_q1: 112.547, min_q1: 3.705
	q2: 89.895, max_q2: 112.983, min_q2: 3.796
	target_q: 89.757, max_target_q: 112.630, min_target_q: 4.264

2023-02-24 16:03:47 - 
[#Step 670000] eval_reward: 49.401, eval_time: 3.881, time: 44.571
	critic_loss: 0.361, max_critic_loss: 3.779, min_critic_loss: 0.000
	actor_loss: -91.215, max_actor_loss: -2.193, min_actor_loss: -117.881
	value_loss: 0.052, max_value_loss: 0.709, min_value_loss: 0.000
	weight: 0.430, max_weight: 0.700, min_weight: 0.300
	v: 89.033, max_v: 112.352, min_v: 1.776
	q1: 88.970, max_q1: 112.466, min_q1: 2.235
	q2: 88.997, max_q2: 112.548, min_q2: 2.491
	target_q: 88.898, max_target_q: 112.312, min_target_q: 1.264

2023-02-24 16:04:25 - 
[#Step 680000] eval_reward: 52.807, eval_time: 4.041, time: 45.206
	critic_loss: 0.408, max_critic_loss: 5.706, min_critic_loss: 0.001
	actor_loss: -89.831, max_actor_loss: 0.573, min_actor_loss: -116.767
	value_loss: 0.078, max_value_loss: 5.159, min_value_loss: 0.000
	weight: 0.472, max_weight: 0.700, min_weight: 0.300
	v: 87.593, max_v: 111.909, min_v: 0.526
	q1: 87.642, max_q1: 111.915, min_q1: 0.743
	q2: 87.610, max_q2: 112.134, min_q2: 1.977
	target_q: 87.468, max_target_q: 111.923, min_target_q: 1.493

2023-02-24 16:05:04 - 
[#Step 690000] eval_reward: 67.131, eval_time: 5.024, time: 45.859
	critic_loss: 0.377, max_critic_loss: 6.033, min_critic_loss: 0.002
	actor_loss: -89.740, max_actor_loss: -5.913, min_actor_loss: -118.587
	value_loss: 0.069, max_value_loss: 2.674, min_value_loss: 0.000
	weight: 0.445, max_weight: 0.700, min_weight: 0.300
	v: 87.545, max_v: 112.482, min_v: 5.380
	q1: 87.528, max_q1: 112.259, min_q1: 6.136
	q2: 87.610, max_q2: 112.159, min_q2: 6.328
	target_q: 87.530, max_target_q: 112.944, min_target_q: 5.826

2023-02-24 16:05:38 - Saving checkpoint at step: 140
2023-02-24 16:05:38 - Saved checkpoint at saved_models/hopper-medium-v2/COMFO6_s1_20230224_151913/actor_140
2023-02-24 16:05:38 - Removing checkpoint at saved_models/hopper-medium-v2/COMFO6_s1_20230224_151913/actor_40
2023-02-24 16:05:38 - Saving checkpoint at step: 140
2023-02-24 16:05:38 - Saved checkpoint at saved_models/hopper-medium-v2/COMFO6_s1_20230224_151913/critic_140
2023-02-24 16:05:38 - Removing checkpoint at saved_models/hopper-medium-v2/COMFO6_s1_20230224_151913/critic_40
2023-02-24 16:05:38 - Saving checkpoint at step: 140
2023-02-24 16:05:38 - Saved checkpoint at saved_models/hopper-medium-v2/COMFO6_s1_20230224_151913/value_140
2023-02-24 16:05:38 - Removing checkpoint at saved_models/hopper-medium-v2/COMFO6_s1_20230224_151913/value_40
2023-02-24 16:05:42 - 
[#Step 700000] eval_reward: 49.735, eval_time: 4.028, time: 46.496
	critic_loss: 0.533, max_critic_loss: 13.859, min_critic_loss: 0.000
	actor_loss: -89.089, max_actor_loss: 0.315, min_actor_loss: -117.427
	value_loss: 0.135, max_value_loss: 14.826, min_value_loss: 0.000
	weight: 0.486, max_weight: 0.700, min_weight: 0.300
	v: 87.030, max_v: 111.123, min_v: 0.575
	q1: 87.016, max_q1: 111.189, min_q1: 1.139
	q2: 86.963, max_q2: 110.986, min_q2: 1.155
	target_q: 87.142, max_target_q: 111.007, min_target_q: 1.348

2023-02-24 16:06:20 - 
[#Step 710000] eval_reward: 50.079, eval_time: 4.227, time: 47.127
	critic_loss: 0.544, max_critic_loss: 33.089, min_critic_loss: 0.001
	actor_loss: -89.807, max_actor_loss: -1.601, min_actor_loss: -118.410
	value_loss: 0.091, max_value_loss: 1.398, min_value_loss: 0.000
	weight: 0.514, max_weight: 0.700, min_weight: 0.300
	v: 87.598, max_v: 111.693, min_v: 2.794
	q1: 87.699, max_q1: 111.899, min_q1: 2.616
	q2: 87.703, max_q2: 111.926, min_q2: 3.144
	target_q: 87.781, max_target_q: 111.795, min_target_q: 2.839

2023-02-24 16:06:59 - 
[#Step 720000] eval_reward: 59.571, eval_time: 4.604, time: 47.771
	critic_loss: 0.457, max_critic_loss: 13.052, min_critic_loss: 0.002
	actor_loss: -91.892, max_actor_loss: -2.955, min_actor_loss: -117.244
	value_loss: 0.090, max_value_loss: 4.632, min_value_loss: 0.000
	weight: 0.412, max_weight: 0.700, min_weight: 0.300
	v: 89.966, max_v: 112.395, min_v: 3.827
	q1: 89.806, max_q1: 112.533, min_q1: 3.989
	q2: 89.849, max_q2: 112.555, min_q2: 3.766
	target_q: 89.832, max_target_q: 112.213, min_target_q: 3.362

2023-02-24 16:07:37 - 
[#Step 730000] eval_reward: 53.731, eval_time: 4.282, time: 48.403
	critic_loss: 0.608, max_critic_loss: 37.590, min_critic_loss: 0.000
	actor_loss: -89.607, max_actor_loss: -4.675, min_actor_loss: -116.125
	value_loss: 0.082, max_value_loss: 1.087, min_value_loss: 0.000
	weight: 0.398, max_weight: 0.700, min_weight: 0.300
	v: 87.435, max_v: 111.110, min_v: 5.926
	q1: 87.430, max_q1: 111.303, min_q1: 6.331
	q2: 87.405, max_q2: 111.214, min_q2: 6.012
	target_q: 87.239, max_target_q: 111.104, min_target_q: 5.832

2023-02-24 16:08:15 - 
[#Step 740000] eval_reward: 51.456, eval_time: 4.019, time: 49.032
	critic_loss: 0.451, max_critic_loss: 4.839, min_critic_loss: 0.000
	actor_loss: -91.058, max_actor_loss: 1.145, min_actor_loss: -117.945
	value_loss: 0.079, max_value_loss: 1.403, min_value_loss: 0.000
	weight: 0.383, max_weight: 0.700, min_weight: 0.300
	v: 88.898, max_v: 112.275, min_v: 0.681
	q1: 88.845, max_q1: 111.951, min_q1: 1.030
	q2: 88.823, max_q2: 112.052, min_q2: 0.919
	target_q: 88.644, max_target_q: 111.990, min_target_q: 1.244

2023-02-24 16:08:52 - 
[#Step 750000] eval_reward: 51.787, eval_time: 3.923, time: 49.661
	critic_loss: 0.587, max_critic_loss: 20.044, min_critic_loss: 0.000
	actor_loss: -91.347, max_actor_loss: -3.882, min_actor_loss: -117.398
	value_loss: 0.073, max_value_loss: 2.425, min_value_loss: 0.000
	weight: 0.498, max_weight: 0.700, min_weight: 0.300
	v: 88.977, max_v: 112.035, min_v: 2.318
	q1: 89.188, max_q1: 111.973, min_q1: 3.599
	q2: 89.091, max_q2: 111.914, min_q2: 5.167
	target_q: 88.978, max_target_q: 112.011, min_target_q: 3.168

2023-02-24 16:09:31 - 
[#Step 760000] eval_reward: 56.653, eval_time: 4.570, time: 50.300
	critic_loss: 0.726, max_critic_loss: 18.109, min_critic_loss: 0.000
	actor_loss: -89.827, max_actor_loss: -2.352, min_actor_loss: -118.332
	value_loss: 0.098, max_value_loss: 2.993, min_value_loss: 0.000
	weight: 0.480, max_weight: 0.700, min_weight: 0.300
	v: 87.431, max_v: 111.628, min_v: 1.969
	q1: 87.656, max_q1: 111.721, min_q1: 1.915
	q2: 87.691, max_q2: 111.610, min_q2: 2.641
	target_q: 87.341, max_target_q: 111.640, min_target_q: 2.271

2023-02-24 16:10:09 - 
[#Step 770000] eval_reward: 52.333, eval_time: 4.144, time: 50.935
	critic_loss: 0.611, max_critic_loss: 12.016, min_critic_loss: 0.001
	actor_loss: -89.604, max_actor_loss: 0.030, min_actor_loss: -118.101
	value_loss: 0.068, max_value_loss: 2.384, min_value_loss: 0.000
	weight: 0.422, max_weight: 0.700, min_weight: 0.300
	v: 87.461, max_v: 111.528, min_v: 1.299
	q1: 87.344, max_q1: 111.431, min_q1: 0.903
	q2: 87.315, max_q2: 111.394, min_q2: 1.073
	target_q: 87.561, max_target_q: 111.541, min_target_q: 1.281

2023-02-24 16:10:46 - 
[#Step 780000] eval_reward: 47.344, eval_time: 3.650, time: 51.557
	critic_loss: 0.451, max_critic_loss: 8.111, min_critic_loss: 0.002
	actor_loss: -91.860, max_actor_loss: -0.234, min_actor_loss: -117.970
	value_loss: 0.117, max_value_loss: 9.817, min_value_loss: 0.000
	weight: 0.497, max_weight: 0.700, min_weight: 0.300
	v: 89.851, max_v: 111.981, min_v: 2.065
	q1: 89.770, max_q1: 111.718, min_q1: 2.254
	q2: 89.818, max_q2: 112.091, min_q2: 2.077
	target_q: 89.921, max_target_q: 112.111, min_target_q: 1.846

2023-02-24 16:11:24 - 
[#Step 790000] eval_reward: 50.986, eval_time: 4.108, time: 52.186
	critic_loss: 0.595, max_critic_loss: 23.075, min_critic_loss: 0.001
	actor_loss: -87.223, max_actor_loss: 2.828, min_actor_loss: -117.481
	value_loss: 0.111, max_value_loss: 3.133, min_value_loss: 0.000
	weight: 0.408, max_weight: 0.700, min_weight: 0.300
	v: 85.424, max_v: 111.488, min_v: 2.077
	q1: 85.451, max_q1: 111.427, min_q1: 1.883
	q2: 85.492, max_q2: 111.356, min_q2: 2.011
	target_q: 85.481, max_target_q: 111.729, min_target_q: 1.506

2023-02-24 16:11:58 - Saving checkpoint at step: 160
2023-02-24 16:11:58 - Saved checkpoint at saved_models/hopper-medium-v2/COMFO6_s1_20230224_151913/actor_160
2023-02-24 16:11:58 - Removing checkpoint at saved_models/hopper-medium-v2/COMFO6_s1_20230224_151913/actor_60
2023-02-24 16:11:58 - Saving checkpoint at step: 160
2023-02-24 16:11:58 - Saved checkpoint at saved_models/hopper-medium-v2/COMFO6_s1_20230224_151913/critic_160
2023-02-24 16:11:58 - Removing checkpoint at saved_models/hopper-medium-v2/COMFO6_s1_20230224_151913/critic_60
2023-02-24 16:11:58 - Saving checkpoint at step: 160
2023-02-24 16:11:58 - Saved checkpoint at saved_models/hopper-medium-v2/COMFO6_s1_20230224_151913/value_160
2023-02-24 16:11:58 - Removing checkpoint at saved_models/hopper-medium-v2/COMFO6_s1_20230224_151913/value_60
2023-02-24 16:12:02 - 
[#Step 800000] eval_reward: 58.234, eval_time: 4.703, time: 52.828
	critic_loss: 0.499, max_critic_loss: 21.335, min_critic_loss: 0.000
	actor_loss: -91.343, max_actor_loss: -1.134, min_actor_loss: -117.381
	value_loss: 0.095, max_value_loss: 2.724, min_value_loss: 0.000
	weight: 0.475, max_weight: 0.700, min_weight: 0.300
	v: 89.454, max_v: 110.625, min_v: 1.983
	q1: 89.505, max_q1: 110.885, min_q1: 2.051
	q2: 89.532, max_q2: 110.638, min_q2: 2.278
	target_q: 89.323, max_target_q: 110.835, min_target_q: 1.320

2023-02-24 16:12:40 - 
[#Step 810000] eval_reward: 47.082, eval_time: 3.729, time: 53.453
	critic_loss: 0.961, max_critic_loss: 13.638, min_critic_loss: 0.001
	actor_loss: -90.120, max_actor_loss: -3.030, min_actor_loss: -116.648
	value_loss: 0.105, max_value_loss: 9.885, min_value_loss: 0.000
	weight: 0.522, max_weight: 0.700, min_weight: 0.300
	v: 87.793, max_v: 111.810, min_v: 4.985
	q1: 88.205, max_q1: 112.030, min_q1: 4.728
	q2: 88.180, max_q2: 111.755, min_q2: 4.706
	target_q: 87.801, max_target_q: 111.908, min_target_q: 4.705

2023-02-24 16:13:18 - 
[#Step 820000] eval_reward: 57.299, eval_time: 4.311, time: 54.093
	critic_loss: 0.384, max_critic_loss: 25.559, min_critic_loss: 0.001
	actor_loss: -88.522, max_actor_loss: -1.365, min_actor_loss: -119.323
	value_loss: 0.070, max_value_loss: 1.944, min_value_loss: 0.000
	weight: 0.445, max_weight: 0.700, min_weight: 0.300
	v: 86.572, max_v: 111.907, min_v: 2.823
	q1: 86.471, max_q1: 111.740, min_q1: 2.962
	q2: 86.552, max_q2: 111.927, min_q2: 2.974
	target_q: 86.533, max_target_q: 111.828, min_target_q: 2.826

2023-02-24 16:13:57 - 
[#Step 830000] eval_reward: 57.747, eval_time: 4.354, time: 54.735
	critic_loss: 0.490, max_critic_loss: 28.029, min_critic_loss: 0.000
	actor_loss: -91.903, max_actor_loss: -3.066, min_actor_loss: -119.530
	value_loss: 0.095, max_value_loss: 11.393, min_value_loss: 0.000
	weight: 0.488, max_weight: 0.700, min_weight: 0.300
	v: 89.618, max_v: 111.734, min_v: 3.422
	q1: 89.567, max_q1: 111.312, min_q1: 3.030
	q2: 89.594, max_q2: 111.475, min_q2: 3.414
	target_q: 89.659, max_target_q: 111.822, min_target_q: 3.788

2023-02-24 16:14:34 - 
[#Step 840000] eval_reward: 45.175, eval_time: 3.511, time: 55.360
	critic_loss: 0.361, max_critic_loss: 9.685, min_critic_loss: 0.000
	actor_loss: -87.041, max_actor_loss: 0.285, min_actor_loss: -116.333
	value_loss: 0.073, max_value_loss: 3.672, min_value_loss: 0.000
	weight: 0.409, max_weight: 0.700, min_weight: 0.300
	v: 85.006, max_v: 111.575, min_v: 1.779
	q1: 84.974, max_q1: 111.174, min_q1: 1.007
	q2: 84.950, max_q2: 111.294, min_q2: 1.190
	target_q: 85.028, max_target_q: 111.436, min_target_q: 1.455

2023-02-24 16:15:12 - 
[#Step 850000] eval_reward: 46.045, eval_time: 3.510, time: 55.986
	critic_loss: 0.351, max_critic_loss: 3.934, min_critic_loss: 0.002
	actor_loss: -91.990, max_actor_loss: 1.131, min_actor_loss: -118.247
	value_loss: 0.081, max_value_loss: 3.254, min_value_loss: 0.000
	weight: 0.380, max_weight: 0.700, min_weight: 0.300
	v: 90.136, max_v: 111.830, min_v: 2.075
	q1: 89.954, max_q1: 111.592, min_q1: 2.334
	q2: 89.988, max_q2: 111.788, min_q2: 2.422
	target_q: 90.124, max_target_q: 111.816, min_target_q: 1.589

2023-02-24 16:15:51 - 
[#Step 860000] eval_reward: 64.974, eval_time: 4.914, time: 56.632
	critic_loss: 0.443, max_critic_loss: 8.403, min_critic_loss: 0.001
	actor_loss: -90.790, max_actor_loss: 0.992, min_actor_loss: -118.548
	value_loss: 0.072, max_value_loss: 1.926, min_value_loss: 0.000
	weight: 0.519, max_weight: 0.700, min_weight: 0.300
	v: 88.659, max_v: 111.080, min_v: 1.159
	q1: 88.824, max_q1: 111.494, min_q1: 0.757
	q2: 88.820, max_q2: 111.481, min_q2: 0.715
	target_q: 88.697, max_target_q: 111.117, min_target_q: 1.199

2023-02-24 16:16:28 - 
[#Step 870000] eval_reward: 49.338, eval_time: 3.796, time: 57.264
	critic_loss: 0.481, max_critic_loss: 19.880, min_critic_loss: 0.000
	actor_loss: -88.867, max_actor_loss: 0.505, min_actor_loss: -118.754
	value_loss: 0.091, max_value_loss: 2.993, min_value_loss: 0.000
	weight: 0.428, max_weight: 0.700, min_weight: 0.300
	v: 87.201, max_v: 111.088, min_v: 0.591
	q1: 87.229, max_q1: 111.467, min_q1: 0.672
	q2: 87.168, max_q2: 111.435, min_q2: 1.197
	target_q: 87.110, max_target_q: 111.135, min_target_q: 0.425

2023-02-24 16:17:07 - 
[#Step 880000] eval_reward: 50.784, eval_time: 3.991, time: 57.897
	critic_loss: 0.423, max_critic_loss: 7.447, min_critic_loss: 0.000
	actor_loss: -92.818, max_actor_loss: -6.105, min_actor_loss: -115.853
	value_loss: 0.069, max_value_loss: 1.480, min_value_loss: 0.000
	weight: 0.469, max_weight: 0.700, min_weight: 0.300
	v: 90.655, max_v: 110.708, min_v: 5.542
	q1: 90.644, max_q1: 110.593, min_q1: 5.664
	q2: 90.624, max_q2: 110.916, min_q2: 5.714
	target_q: 90.551, max_target_q: 110.685, min_target_q: 5.180

2023-02-24 16:17:44 - 
[#Step 890000] eval_reward: 48.593, eval_time: 3.745, time: 58.528
	critic_loss: 0.511, max_critic_loss: 16.285, min_critic_loss: 0.000
	actor_loss: -88.003, max_actor_loss: -0.796, min_actor_loss: -116.886
	value_loss: 0.120, max_value_loss: 3.958, min_value_loss: 0.000
	weight: 0.491, max_weight: 0.700, min_weight: 0.300
	v: 86.294, max_v: 111.201, min_v: 1.298
	q1: 86.416, max_q1: 111.444, min_q1: 1.874
	q2: 86.443, max_q2: 111.269, min_q2: 1.494
	target_q: 86.334, max_target_q: 111.148, min_target_q: 1.277

2023-02-24 16:18:19 - Saving checkpoint at step: 180
2023-02-24 16:18:19 - Saved checkpoint at saved_models/hopper-medium-v2/COMFO6_s1_20230224_151913/actor_180
2023-02-24 16:18:19 - Removing checkpoint at saved_models/hopper-medium-v2/COMFO6_s1_20230224_151913/actor_80
2023-02-24 16:18:19 - Saving checkpoint at step: 180
2023-02-24 16:18:19 - Saved checkpoint at saved_models/hopper-medium-v2/COMFO6_s1_20230224_151913/critic_180
2023-02-24 16:18:19 - Removing checkpoint at saved_models/hopper-medium-v2/COMFO6_s1_20230224_151913/critic_80
2023-02-24 16:18:19 - Saving checkpoint at step: 180
2023-02-24 16:18:19 - Saved checkpoint at saved_models/hopper-medium-v2/COMFO6_s1_20230224_151913/value_180
2023-02-24 16:18:19 - Removing checkpoint at saved_models/hopper-medium-v2/COMFO6_s1_20230224_151913/value_80
2023-02-24 16:18:23 - 
[#Step 900000] eval_reward: 53.391, eval_time: 4.177, time: 59.168
	critic_loss: 0.465, max_critic_loss: 9.415, min_critic_loss: 0.001
	actor_loss: -89.167, max_actor_loss: -3.650, min_actor_loss: -116.336
	value_loss: 0.118, max_value_loss: 12.057, min_value_loss: 0.000
	weight: 0.417, max_weight: 0.700, min_weight: 0.300
	v: 87.063, max_v: 111.558, min_v: 3.820
	q1: 86.914, max_q1: 111.181, min_q1: 4.241
	q2: 86.899, max_q2: 111.104, min_q2: 4.471
	target_q: 87.083, max_target_q: 111.803, min_target_q: 3.907

2023-02-24 16:19:01 - 
[#Step 910000] eval_reward: 50.803, eval_time: 3.878, time: 59.801
	critic_loss: 0.632, max_critic_loss: 14.881, min_critic_loss: 0.002
	actor_loss: -90.944, max_actor_loss: -0.614, min_actor_loss: -117.103
	value_loss: 0.075, max_value_loss: 4.352, min_value_loss: 0.000
	weight: 0.428, max_weight: 0.700, min_weight: 0.300
	v: 89.129, max_v: 110.855, min_v: 2.808
	q1: 88.886, max_q1: 110.812, min_q1: 1.964
	q2: 88.890, max_q2: 110.763, min_q2: 2.124
	target_q: 89.178, max_target_q: 111.063, min_target_q: 1.403

2023-02-24 16:19:39 - 
[#Step 920000] eval_reward: 55.805, eval_time: 4.210, time: 60.440
	critic_loss: 0.413, max_critic_loss: 8.704, min_critic_loss: 0.001
	actor_loss: -91.204, max_actor_loss: -2.843, min_actor_loss: -119.956
	value_loss: 0.079, max_value_loss: 1.679, min_value_loss: 0.000
	weight: 0.466, max_weight: 0.700, min_weight: 0.300
	v: 89.012, max_v: 111.279, min_v: 1.874
	q1: 89.050, max_q1: 111.266, min_q1: 2.423
	q2: 89.058, max_q2: 111.415, min_q2: 2.586
	target_q: 89.033, max_target_q: 111.293, min_target_q: 1.876

2023-02-24 16:20:17 - 
[#Step 930000] eval_reward: 49.561, eval_time: 3.847, time: 61.076
	critic_loss: 0.474, max_critic_loss: 11.073, min_critic_loss: 0.000
	actor_loss: -90.215, max_actor_loss: -1.278, min_actor_loss: -117.148
	value_loss: 0.083, max_value_loss: 3.824, min_value_loss: 0.000
	weight: 0.489, max_weight: 0.700, min_weight: 0.300
	v: 87.886, max_v: 111.380, min_v: 2.512
	q1: 87.878, max_q1: 111.170, min_q1: 1.907
	q2: 87.924, max_q2: 111.279, min_q2: 1.977
	target_q: 87.973, max_target_q: 111.360, min_target_q: 1.285

2023-02-24 16:20:56 - 
[#Step 940000] eval_reward: 60.153, eval_time: 4.648, time: 61.720
	critic_loss: 0.443, max_critic_loss: 6.806, min_critic_loss: 0.000
	actor_loss: -87.269, max_actor_loss: -2.177, min_actor_loss: -116.527
	value_loss: 0.074, max_value_loss: 5.118, min_value_loss: 0.000
	weight: 0.441, max_weight: 0.700, min_weight: 0.300
	v: 85.136, max_v: 110.753, min_v: 2.206
	q1: 84.972, max_q1: 110.366, min_q1: 2.471
	q2: 85.022, max_q2: 110.647, min_q2: 2.675
	target_q: 85.129, max_target_q: 110.725, min_target_q: 2.464

2023-02-24 16:21:34 - 
[#Step 950000] eval_reward: 53.441, eval_time: 4.147, time: 62.356
	critic_loss: 0.454, max_critic_loss: 9.280, min_critic_loss: 0.000
	actor_loss: -90.250, max_actor_loss: 0.142, min_actor_loss: -117.945
	value_loss: 0.081, max_value_loss: 1.976, min_value_loss: 0.000
	weight: 0.480, max_weight: 0.700, min_weight: 0.300
	v: 87.947, max_v: 111.230, min_v: 0.780
	q1: 88.114, max_q1: 111.407, min_q1: 0.993
	q2: 88.125, max_q2: 111.329, min_q2: 1.055
	target_q: 88.055, max_target_q: 111.469, min_target_q: 0.729

2023-02-24 16:21:55 - 
[#Step 955000] eval_reward: 53.994, eval_time: 4.127, time: 62.706
	critic_loss: 0.492, max_critic_loss: 21.596, min_critic_loss: 0.000
	actor_loss: -87.856, max_actor_loss: -1.029, min_actor_loss: -118.332
	value_loss: 0.113, max_value_loss: 3.249, min_value_loss: 0.000
	weight: 0.403, max_weight: 0.700, min_weight: 0.300
	v: 85.583, max_v: 111.473, min_v: 1.949
	q1: 85.564, max_q1: 111.081, min_q1: 1.405
	q2: 85.555, max_q2: 111.225, min_q2: 1.475
	target_q: 85.463, max_target_q: 111.105, min_target_q: 1.410

2023-02-24 16:22:17 - 
[#Step 960000] eval_reward: 63.596, eval_time: 4.783, time: 63.068
	critic_loss: 0.660, max_critic_loss: 32.170, min_critic_loss: 0.001
	actor_loss: -90.684, max_actor_loss: -2.077, min_actor_loss: -118.145
	value_loss: 0.062, max_value_loss: 1.423, min_value_loss: 0.000
	weight: 0.470, max_weight: 0.700, min_weight: 0.300
	v: 88.662, max_v: 111.061, min_v: 4.532
	q1: 88.613, max_q1: 111.186, min_q1: 4.388
	q2: 88.622, max_q2: 111.125, min_q2: 4.082
	target_q: 88.732, max_target_q: 111.116, min_target_q: 4.680

2023-02-24 16:22:38 - 
[#Step 965000] eval_reward: 48.425, eval_time: 3.753, time: 63.415
	critic_loss: 0.419, max_critic_loss: 22.172, min_critic_loss: 0.001
	actor_loss: -90.791, max_actor_loss: -1.115, min_actor_loss: -119.411
	value_loss: 0.082, max_value_loss: 3.294, min_value_loss: 0.000
	weight: 0.520, max_weight: 0.700, min_weight: 0.300
	v: 88.327, max_v: 111.096, min_v: 1.126
	q1: 88.410, max_q1: 111.369, min_q1: 2.091
	q2: 88.343, max_q2: 111.361, min_q2: 2.255
	target_q: 88.465, max_target_q: 111.116, min_target_q: 1.209

2023-02-24 16:22:59 - 
[#Step 970000] eval_reward: 56.928, eval_time: 4.339, time: 63.766
	critic_loss: 0.383, max_critic_loss: 17.202, min_critic_loss: 0.001
	actor_loss: -90.457, max_actor_loss: -4.277, min_actor_loss: -117.198
	value_loss: 0.092, max_value_loss: 2.188, min_value_loss: 0.000
	weight: 0.481, max_weight: 0.700, min_weight: 0.300
	v: 88.359, max_v: 110.253, min_v: 5.418
	q1: 88.467, max_q1: 110.342, min_q1: 5.320
	q2: 88.406, max_q2: 110.345, min_q2: 5.297
	target_q: 88.410, max_target_q: 110.247, min_target_q: 5.162

2023-02-24 16:23:19 - 
[#Step 975000] eval_reward: 49.203, eval_time: 3.582, time: 64.108
	critic_loss: 0.319, max_critic_loss: 7.337, min_critic_loss: 0.001
	actor_loss: -89.653, max_actor_loss: -3.329, min_actor_loss: -118.262
	value_loss: 0.087, max_value_loss: 5.790, min_value_loss: 0.000
	weight: 0.456, max_weight: 0.700, min_weight: 0.300
	v: 87.453, max_v: 111.261, min_v: 5.165
	q1: 87.536, max_q1: 111.307, min_q1: 5.505
	q2: 87.521, max_q2: 111.047, min_q2: 4.975
	target_q: 87.506, max_target_q: 111.214, min_target_q: 5.628

2023-02-24 16:23:36 - Saving checkpoint at step: 196
2023-02-24 16:23:36 - Saved checkpoint at saved_models/hopper-medium-v2/COMFO6_s1_20230224_151913/actor_196
2023-02-24 16:23:36 - Removing checkpoint at saved_models/hopper-medium-v2/COMFO6_s1_20230224_151913/actor_100
2023-02-24 16:23:36 - Saving checkpoint at step: 196
2023-02-24 16:23:36 - Saved checkpoint at saved_models/hopper-medium-v2/COMFO6_s1_20230224_151913/critic_196
2023-02-24 16:23:36 - Removing checkpoint at saved_models/hopper-medium-v2/COMFO6_s1_20230224_151913/critic_100
2023-02-24 16:23:36 - Saving checkpoint at step: 196
2023-02-24 16:23:36 - Saved checkpoint at saved_models/hopper-medium-v2/COMFO6_s1_20230224_151913/value_196
2023-02-24 16:23:36 - Removing checkpoint at saved_models/hopper-medium-v2/COMFO6_s1_20230224_151913/value_100
2023-02-24 16:23:41 - 
[#Step 980000] eval_reward: 64.725, eval_time: 4.924, time: 64.475
	critic_loss: 0.362, max_critic_loss: 3.620, min_critic_loss: 0.000
	actor_loss: -91.518, max_actor_loss: -0.651, min_actor_loss: -117.444
	value_loss: 0.061, max_value_loss: 1.548, min_value_loss: 0.000
	weight: 0.402, max_weight: 0.700, min_weight: 0.300
	v: 89.499, max_v: 111.583, min_v: 1.336
	q1: 89.361, max_q1: 111.527, min_q1: 1.845
	q2: 89.358, max_q2: 111.520, min_q2: 1.631
	target_q: 89.432, max_target_q: 111.636, min_target_q: 1.335

2023-02-24 16:23:58 - Saving checkpoint at step: 197
2023-02-24 16:23:58 - Saved checkpoint at saved_models/hopper-medium-v2/COMFO6_s1_20230224_151913/actor_197
2023-02-24 16:23:58 - Removing checkpoint at saved_models/hopper-medium-v2/COMFO6_s1_20230224_151913/actor_120
2023-02-24 16:23:58 - Saving checkpoint at step: 197
2023-02-24 16:23:58 - Saved checkpoint at saved_models/hopper-medium-v2/COMFO6_s1_20230224_151913/critic_197
2023-02-24 16:23:58 - Removing checkpoint at saved_models/hopper-medium-v2/COMFO6_s1_20230224_151913/critic_120
2023-02-24 16:23:58 - Saving checkpoint at step: 197
2023-02-24 16:23:58 - Saved checkpoint at saved_models/hopper-medium-v2/COMFO6_s1_20230224_151913/value_197
2023-02-24 16:23:58 - Removing checkpoint at saved_models/hopper-medium-v2/COMFO6_s1_20230224_151913/value_120
2023-02-24 16:24:02 - 
[#Step 985000] eval_reward: 51.170, eval_time: 3.933, time: 64.820
	critic_loss: 0.441, max_critic_loss: 9.380, min_critic_loss: 0.000
	actor_loss: -91.198, max_actor_loss: -1.176, min_actor_loss: -115.961
	value_loss: 0.057, max_value_loss: 0.932, min_value_loss: 0.000
	weight: 0.389, max_weight: 0.700, min_weight: 0.300
	v: 89.157, max_v: 111.097, min_v: 1.737
	q1: 89.078, max_q1: 110.974, min_q1: 2.519
	q2: 89.065, max_q2: 111.040, min_q2: 2.424
	target_q: 89.079, max_target_q: 111.245, min_target_q: 1.609

2023-02-24 16:24:19 - Saving checkpoint at step: 198
2023-02-24 16:24:19 - Saved checkpoint at saved_models/hopper-medium-v2/COMFO6_s1_20230224_151913/actor_198
2023-02-24 16:24:19 - Removing checkpoint at saved_models/hopper-medium-v2/COMFO6_s1_20230224_151913/actor_140
2023-02-24 16:24:19 - Saving checkpoint at step: 198
2023-02-24 16:24:19 - Saved checkpoint at saved_models/hopper-medium-v2/COMFO6_s1_20230224_151913/critic_198
2023-02-24 16:24:19 - Removing checkpoint at saved_models/hopper-medium-v2/COMFO6_s1_20230224_151913/critic_140
2023-02-24 16:24:19 - Saving checkpoint at step: 198
2023-02-24 16:24:19 - Saved checkpoint at saved_models/hopper-medium-v2/COMFO6_s1_20230224_151913/value_198
2023-02-24 16:24:19 - Removing checkpoint at saved_models/hopper-medium-v2/COMFO6_s1_20230224_151913/value_140
2023-02-24 16:24:24 - 
[#Step 990000] eval_reward: 60.648, eval_time: 4.565, time: 65.183
	critic_loss: 0.767, max_critic_loss: 23.555, min_critic_loss: 0.000
	actor_loss: -89.792, max_actor_loss: 1.347, min_actor_loss: -118.639
	value_loss: 0.077, max_value_loss: 1.465, min_value_loss: 0.000
	weight: 0.438, max_weight: 0.700, min_weight: 0.300
	v: 87.691, max_v: 111.159, min_v: 0.336
	q1: 87.530, max_q1: 111.459, min_q1: 0.376
	q2: 87.512, max_q2: 111.032, min_q2: -0.006
	target_q: 87.813, max_target_q: 111.135, min_target_q: 1.276

2023-02-24 16:24:41 - Saving checkpoint at step: 199
2023-02-24 16:24:41 - Saved checkpoint at saved_models/hopper-medium-v2/COMFO6_s1_20230224_151913/actor_199
2023-02-24 16:24:41 - Removing checkpoint at saved_models/hopper-medium-v2/COMFO6_s1_20230224_151913/actor_160
2023-02-24 16:24:41 - Saving checkpoint at step: 199
2023-02-24 16:24:41 - Saved checkpoint at saved_models/hopper-medium-v2/COMFO6_s1_20230224_151913/critic_199
2023-02-24 16:24:41 - Removing checkpoint at saved_models/hopper-medium-v2/COMFO6_s1_20230224_151913/critic_160
2023-02-24 16:24:41 - Saving checkpoint at step: 199
2023-02-24 16:24:41 - Saved checkpoint at saved_models/hopper-medium-v2/COMFO6_s1_20230224_151913/value_199
2023-02-24 16:24:41 - Removing checkpoint at saved_models/hopper-medium-v2/COMFO6_s1_20230224_151913/value_160
2023-02-24 16:24:45 - 
[#Step 995000] eval_reward: 56.367, eval_time: 4.244, time: 65.538
	critic_loss: 0.634, max_critic_loss: 40.787, min_critic_loss: 0.000
	actor_loss: -90.899, max_actor_loss: -3.570, min_actor_loss: -116.349
	value_loss: 0.095, max_value_loss: 5.184, min_value_loss: 0.000
	weight: 0.408, max_weight: 0.700, min_weight: 0.300
	v: 89.010, max_v: 111.388, min_v: 3.339
	q1: 88.768, max_q1: 111.091, min_q1: 4.109
	q2: 88.778, max_q2: 111.058, min_q2: 3.202
	target_q: 88.970, max_target_q: 111.339, min_target_q: 3.738

2023-02-24 16:25:02 - Saving checkpoint at step: 200
2023-02-24 16:25:02 - Saved checkpoint at saved_models/hopper-medium-v2/COMFO6_s1_20230224_151913/actor_200
2023-02-24 16:25:02 - Removing checkpoint at saved_models/hopper-medium-v2/COMFO6_s1_20230224_151913/actor_180
2023-02-24 16:25:02 - Saving checkpoint at step: 200
2023-02-24 16:25:02 - Saved checkpoint at saved_models/hopper-medium-v2/COMFO6_s1_20230224_151913/critic_200
2023-02-24 16:25:02 - Removing checkpoint at saved_models/hopper-medium-v2/COMFO6_s1_20230224_151913/critic_180
2023-02-24 16:25:02 - Saving checkpoint at step: 200
2023-02-24 16:25:02 - Saved checkpoint at saved_models/hopper-medium-v2/COMFO6_s1_20230224_151913/value_200
2023-02-24 16:25:02 - Removing checkpoint at saved_models/hopper-medium-v2/COMFO6_s1_20230224_151913/value_180
2023-02-24 16:25:06 - 
[#Step 1000000] eval_reward: 49.315, eval_time: 3.813, time: 65.882
	critic_loss: 0.390, max_critic_loss: 4.963, min_critic_loss: 0.001
	actor_loss: -91.056, max_actor_loss: 0.471, min_actor_loss: -117.853
	value_loss: 0.076, max_value_loss: 2.127, min_value_loss: 0.000
	weight: 0.378, max_weight: 0.700, min_weight: 0.300
	v: 88.943, max_v: 111.733, min_v: 1.522
	q1: 88.954, max_q1: 111.620, min_q1: 1.754
	q2: 88.896, max_q2: 111.646, min_q2: 1.746
	target_q: 88.717, max_target_q: 111.596, min_target_q: 1.301

2023-02-24 16:25:06 - 
Avg eval reward = 55.44

