2023-03-21 01:46:46 - Exp configurations:
algo: riql
alpha: 5.0
batch_size: 256
env_name: halfcheetah-medium-expert-v2
eval_episodes: 10
eval_freq: 5000
expectile: 0.7
gamma: 0.99
hidden_dims: !!python/tuple
- 256
- 256
initializer: orthogonal
log_dir: 20230321_5seed_mle0
lr: 0.0003
max_timesteps: 1000000
mle_alpha: 0.0
model_dir: saved_models
num_random: 10
seed: 3
tau: 0.005
temperature: 3.0

2023-03-21 01:48:14 - 
[#Step 10000] eval_reward: -0.751, eval_time: 5.447, time: 1.457
	critic_loss: 0.480, max_critic_loss: 19.070, min_critic_loss: 0.000
	actor_loss: -28.171, max_actor_loss: -1.564, min_actor_loss: -43.163
	value_loss: 0.049, max_value_loss: 1.542, min_value_loss: 0.000
	weight: 0.458, max_weight: 0.700, min_weight: 0.300
	v: 27.359, max_v: 42.041, min_v: 0.358
	q1: 27.697, max_q1: 42.778, min_q1: 1.040
	q2: 27.693, max_q2: 42.548, min_q2: 0.824
	target_q: 27.749, max_target_q: 42.621, min_target_q: 0.451

2023-03-21 01:48:38 - 
[#Step 20000] eval_reward: -2.626, eval_time: 5.340, time: 1.864
	critic_loss: 0.844, max_critic_loss: 18.343, min_critic_loss: 0.000
	actor_loss: -47.276, max_actor_loss: -7.751, min_actor_loss: -71.364
	value_loss: 0.116, max_value_loss: 4.810, min_value_loss: 0.000
	weight: 0.483, max_weight: 0.700, min_weight: 0.300
	v: 45.925, max_v: 69.377, min_v: 5.093
	q1: 46.263, max_q1: 69.461, min_q1: 5.349
	q2: 46.236, max_q2: 69.346, min_q2: 5.141
	target_q: 46.228, max_target_q: 69.849, min_target_q: 5.411

2023-03-21 01:49:03 - 
[#Step 30000] eval_reward: -2.467, eval_time: 5.425, time: 2.273
	critic_loss: 0.608, max_critic_loss: 7.698, min_critic_loss: 0.000
	actor_loss: -58.382, max_actor_loss: -27.460, min_actor_loss: -86.936
	value_loss: 0.152, max_value_loss: 2.357, min_value_loss: 0.000
	weight: 0.550, max_weight: 0.700, min_weight: 0.300
	v: 56.717, max_v: 85.664, min_v: 27.309
	q1: 56.992, max_q1: 85.992, min_q1: 27.179
	q2: 56.949, max_q2: 86.048, min_q2: 26.973
	target_q: 57.022, max_target_q: 86.075, min_target_q: 26.976

2023-03-21 01:49:27 - 
[#Step 40000] eval_reward: -2.787, eval_time: 5.440, time: 2.685
	critic_loss: 0.962, max_critic_loss: 17.422, min_critic_loss: 0.001
	actor_loss: -66.410, max_actor_loss: -8.669, min_actor_loss: -100.012
	value_loss: 0.175, max_value_loss: 11.078, min_value_loss: 0.000
	weight: 0.481, max_weight: 0.700, min_weight: 0.300
	v: 64.666, max_v: 100.837, min_v: 8.994
	q1: 64.818, max_q1: 100.157, min_q1: 7.320
	q2: 64.794, max_q2: 100.114, min_q2: 9.182
	target_q: 64.754, max_target_q: 100.311, min_target_q: 7.459

2023-03-21 01:49:52 - 
[#Step 50000] eval_reward: -1.644, eval_time: 5.480, time: 3.091
	critic_loss: 1.295, max_critic_loss: 25.964, min_critic_loss: 0.001
	actor_loss: -73.722, max_actor_loss: -7.577, min_actor_loss: -108.260
	value_loss: 0.217, max_value_loss: 5.260, min_value_loss: 0.000
	weight: 0.492, max_weight: 0.700, min_weight: 0.300
	v: 71.830, max_v: 106.811, min_v: 6.732
	q1: 71.965, max_q1: 107.170, min_q1: 7.592
	q2: 71.876, max_q2: 107.045, min_q2: 6.736
	target_q: 71.979, max_target_q: 107.122, min_target_q: 10.674

2023-03-21 01:50:16 - 
[#Step 60000] eval_reward: -2.799, eval_time: 5.506, time: 3.498
	critic_loss: 1.338, max_critic_loss: 20.666, min_critic_loss: 0.001
	actor_loss: -72.557, max_actor_loss: -7.759, min_actor_loss: -110.973
	value_loss: 0.198, max_value_loss: 6.964, min_value_loss: 0.000
	weight: 0.427, max_weight: 0.700, min_weight: 0.300
	v: 70.916, max_v: 111.650, min_v: 6.647
	q1: 70.499, max_q1: 110.521, min_q1: 8.525
	q2: 70.484, max_q2: 110.848, min_q2: 7.427
	target_q: 70.857, max_target_q: 111.941, min_target_q: 9.533

2023-03-21 01:50:41 - 
[#Step 70000] eval_reward: -1.598, eval_time: 5.454, time: 3.905
	critic_loss: 1.064, max_critic_loss: 26.457, min_critic_loss: 0.000
	actor_loss: -76.617, max_actor_loss: -16.638, min_actor_loss: -111.226
	value_loss: 0.184, max_value_loss: 7.465, min_value_loss: 0.000
	weight: 0.472, max_weight: 0.700, min_weight: 0.300
	v: 74.681, max_v: 111.872, min_v: 16.253
	q1: 74.591, max_q1: 111.416, min_q1: 17.447
	q2: 74.548, max_q2: 111.445, min_q2: 15.964
	target_q: 74.719, max_target_q: 112.027, min_target_q: 16.711

2023-03-21 01:51:05 - 
[#Step 80000] eval_reward: -0.484, eval_time: 5.655, time: 4.315
	critic_loss: 1.802, max_critic_loss: 91.405, min_critic_loss: 0.001
	actor_loss: -81.396, max_actor_loss: -6.685, min_actor_loss: -114.428
	value_loss: 0.134, max_value_loss: 2.997, min_value_loss: 0.000
	weight: 0.436, max_weight: 0.700, min_weight: 0.300
	v: 79.199, max_v: 113.584, min_v: 6.318
	q1: 79.325, max_q1: 113.649, min_q1: 6.298
	q2: 79.430, max_q2: 113.874, min_q2: 6.329
	target_q: 79.179, max_target_q: 114.572, min_target_q: 7.223

2023-03-21 01:51:30 - 
[#Step 90000] eval_reward: -0.401, eval_time: 5.558, time: 4.722
	critic_loss: 1.579, max_critic_loss: 53.442, min_critic_loss: 0.000
	actor_loss: -81.832, max_actor_loss: -6.207, min_actor_loss: -116.809
	value_loss: 0.267, max_value_loss: 14.051, min_value_loss: 0.000
	weight: 0.469, max_weight: 0.700, min_weight: 0.300
	v: 79.257, max_v: 115.482, min_v: 3.844
	q1: 79.369, max_q1: 115.490, min_q1: 6.168
	q2: 79.360, max_q2: 115.381, min_q2: 5.494
	target_q: 79.032, max_target_q: 115.544, min_target_q: 5.833

2023-03-21 01:51:48 - Saving checkpoint at step: 20
2023-03-21 01:51:48 - Saved checkpoint at saved_models/halfcheetah-medium-expert-v2/riql_s3_20230321_014646/actor_20
2023-03-21 01:51:48 - Saving checkpoint at step: 20
2023-03-21 01:51:48 - Saved checkpoint at saved_models/halfcheetah-medium-expert-v2/riql_s3_20230321_014646/critic_20
2023-03-21 01:51:48 - Saving checkpoint at step: 20
2023-03-21 01:51:48 - Saved checkpoint at saved_models/halfcheetah-medium-expert-v2/riql_s3_20230321_014646/value_20
2023-03-21 01:51:54 - 
[#Step 100000] eval_reward: 0.072, eval_time: 5.622, time: 5.129
	critic_loss: 2.116, max_critic_loss: 133.146, min_critic_loss: 0.001
	actor_loss: -74.759, max_actor_loss: -5.362, min_actor_loss: -114.248
	value_loss: 0.193, max_value_loss: 4.695, min_value_loss: 0.000
	weight: 0.445, max_weight: 0.700, min_weight: 0.300
	v: 71.700, max_v: 114.882, min_v: 3.496
	q1: 71.553, max_q1: 114.600, min_q1: 3.325
	q2: 71.540, max_q2: 114.655, min_q2: 4.490
	target_q: 71.817, max_target_q: 115.150, min_target_q: 5.281

2023-03-21 01:52:19 - 
[#Step 110000] eval_reward: 0.796, eval_time: 5.533, time: 5.540
	critic_loss: 1.762, max_critic_loss: 59.745, min_critic_loss: 0.001
	actor_loss: -82.324, max_actor_loss: -27.606, min_actor_loss: -115.609
	value_loss: 0.251, max_value_loss: 16.646, min_value_loss: 0.000
	weight: 0.422, max_weight: 0.700, min_weight: 0.300
	v: 79.797, max_v: 114.366, min_v: 27.050
	q1: 79.422, max_q1: 114.386, min_q1: 24.939
	q2: 79.421, max_q2: 114.346, min_q2: 25.848
	target_q: 79.788, max_target_q: 114.752, min_target_q: 28.448

2023-03-21 01:52:43 - 
[#Step 120000] eval_reward: -1.015, eval_time: 5.674, time: 5.948
	critic_loss: 0.935, max_critic_loss: 13.067, min_critic_loss: 0.001
	actor_loss: -81.127, max_actor_loss: -40.962, min_actor_loss: -114.473
	value_loss: 0.127, max_value_loss: 1.395, min_value_loss: 0.000
	weight: 0.438, max_weight: 0.700, min_weight: 0.300
	v: 78.166, max_v: 114.032, min_v: 40.048
	q1: 78.050, max_q1: 114.106, min_q1: 39.698
	q2: 78.027, max_q2: 114.018, min_q2: 40.427
	target_q: 78.010, max_target_q: 114.191, min_target_q: 39.755

2023-03-21 01:53:08 - 
[#Step 130000] eval_reward: 0.805, eval_time: 5.673, time: 6.361
	critic_loss: 1.106, max_critic_loss: 22.615, min_critic_loss: 0.002
	actor_loss: -82.068, max_actor_loss: -6.537, min_actor_loss: -116.075
	value_loss: 0.183, max_value_loss: 6.056, min_value_loss: 0.000
	weight: 0.456, max_weight: 0.700, min_weight: 0.300
	v: 78.989, max_v: 115.804, min_v: 6.618
	q1: 79.032, max_q1: 115.896, min_q1: 4.893
	q2: 79.038, max_q2: 116.021, min_q2: 6.095
	target_q: 78.971, max_target_q: 115.900, min_target_q: 6.616

2023-03-21 01:53:33 - 
[#Step 140000] eval_reward: -1.244, eval_time: 5.548, time: 6.772
	critic_loss: 1.183, max_critic_loss: 25.045, min_critic_loss: 0.002
	actor_loss: -80.734, max_actor_loss: -5.449, min_actor_loss: -115.365
	value_loss: 0.266, max_value_loss: 12.448, min_value_loss: 0.000
	weight: 0.456, max_weight: 0.700, min_weight: 0.300
	v: 77.355, max_v: 114.697, min_v: 4.790
	q1: 77.263, max_q1: 114.083, min_q1: 6.152
	q2: 77.225, max_q2: 113.947, min_q2: 4.579
	target_q: 77.201, max_target_q: 113.287, min_target_q: 5.176

2023-03-21 01:53:57 - 
[#Step 150000] eval_reward: -1.117, eval_time: 5.573, time: 7.181
	critic_loss: 1.673, max_critic_loss: 62.112, min_critic_loss: 0.002
	actor_loss: -81.594, max_actor_loss: -38.175, min_actor_loss: -113.943
	value_loss: 0.184, max_value_loss: 4.470, min_value_loss: 0.000
	weight: 0.453, max_weight: 0.700, min_weight: 0.300
	v: 77.865, max_v: 113.523, min_v: 36.142
	q1: 77.766, max_q1: 113.894, min_q1: 37.443
	q2: 77.732, max_q2: 113.791, min_q2: 36.444
	target_q: 77.816, max_target_q: 113.595, min_target_q: 36.547

2023-03-21 01:54:22 - 
[#Step 160000] eval_reward: -1.106, eval_time: 5.684, time: 7.593
	critic_loss: 1.715, max_critic_loss: 46.337, min_critic_loss: 0.000
	actor_loss: -83.199, max_actor_loss: -36.563, min_actor_loss: -113.168
	value_loss: 0.224, max_value_loss: 14.969, min_value_loss: 0.000
	weight: 0.467, max_weight: 0.700, min_weight: 0.300
	v: 79.588, max_v: 113.474, min_v: 37.631
	q1: 79.626, max_q1: 113.704, min_q1: 37.808
	q2: 79.606, max_q2: 113.333, min_q2: 37.477
	target_q: 79.452, max_target_q: 113.186, min_target_q: 37.697

2023-03-21 01:54:47 - 
[#Step 170000] eval_reward: -1.326, eval_time: 5.715, time: 8.004
	critic_loss: 1.262, max_critic_loss: 24.806, min_critic_loss: 0.002
	actor_loss: -78.875, max_actor_loss: -12.188, min_actor_loss: -114.114
	value_loss: 0.245, max_value_loss: 14.812, min_value_loss: 0.000
	weight: 0.505, max_weight: 0.700, min_weight: 0.300
	v: 74.305, max_v: 114.654, min_v: 9.881
	q1: 74.491, max_q1: 113.879, min_q1: 11.746
	q2: 74.424, max_q2: 114.189, min_q2: 12.243
	target_q: 74.413, max_target_q: 114.154, min_target_q: 9.240

2023-03-21 01:55:11 - 
[#Step 180000] eval_reward: -0.738, eval_time: 5.692, time: 8.415
	critic_loss: 1.274, max_critic_loss: 30.504, min_critic_loss: 0.001
	actor_loss: -81.809, max_actor_loss: -6.566, min_actor_loss: -112.221
	value_loss: 0.302, max_value_loss: 21.024, min_value_loss: 0.000
	weight: 0.488, max_weight: 0.700, min_weight: 0.300
	v: 77.764, max_v: 112.307, min_v: 5.969
	q1: 77.931, max_q1: 112.519, min_q1: 5.735
	q2: 77.999, max_q2: 112.512, min_q2: 6.619
	target_q: 77.948, max_target_q: 112.317, min_target_q: 6.020

2023-03-21 01:55:36 - 
[#Step 190000] eval_reward: -1.042, eval_time: 5.650, time: 8.825
	critic_loss: 1.559, max_critic_loss: 30.889, min_critic_loss: 0.001
	actor_loss: -80.915, max_actor_loss: -6.372, min_actor_loss: -112.358
	value_loss: 0.447, max_value_loss: 46.940, min_value_loss: 0.000
	weight: 0.480, max_weight: 0.700, min_weight: 0.300
	v: 77.310, max_v: 113.264, min_v: 6.828
	q1: 76.958, max_q1: 113.155, min_q1: 5.807
	q2: 76.902, max_q2: 113.035, min_q2: 6.191
	target_q: 77.106, max_target_q: 112.705, min_target_q: 5.486

2023-03-21 01:55:55 - Saving checkpoint at step: 40
2023-03-21 01:55:55 - Saved checkpoint at saved_models/halfcheetah-medium-expert-v2/riql_s3_20230321_014646/actor_40
2023-03-21 01:55:55 - Saving checkpoint at step: 40
2023-03-21 01:55:55 - Saved checkpoint at saved_models/halfcheetah-medium-expert-v2/riql_s3_20230321_014646/critic_40
2023-03-21 01:55:55 - Saving checkpoint at step: 40
2023-03-21 01:55:55 - Saved checkpoint at saved_models/halfcheetah-medium-expert-v2/riql_s3_20230321_014646/value_40
2023-03-21 01:56:00 - 
[#Step 200000] eval_reward: 2.334, eval_time: 5.520, time: 9.232
	critic_loss: 1.621, max_critic_loss: 95.948, min_critic_loss: 0.001
	actor_loss: -82.637, max_actor_loss: -34.208, min_actor_loss: -113.134
	value_loss: 0.445, max_value_loss: 52.399, min_value_loss: 0.000
	weight: 0.408, max_weight: 0.700, min_weight: 0.300
	v: 78.917, max_v: 112.532, min_v: 31.028
	q1: 78.960, max_q1: 112.389, min_q1: 34.416
	q2: 78.914, max_q2: 112.309, min_q2: 35.526
	target_q: 78.819, max_target_q: 112.967, min_target_q: 28.067

2023-03-21 01:56:25 - 
[#Step 210000] eval_reward: -0.500, eval_time: 5.619, time: 9.643
	critic_loss: 1.444, max_critic_loss: 57.389, min_critic_loss: 0.000
	actor_loss: -81.445, max_actor_loss: -46.013, min_actor_loss: -112.262
	value_loss: 0.150, max_value_loss: 2.583, min_value_loss: 0.000
	weight: 0.455, max_weight: 0.700, min_weight: 0.300
	v: 77.131, max_v: 112.593, min_v: 44.967
	q1: 77.049, max_q1: 112.382, min_q1: 45.787
	q2: 77.023, max_q2: 112.646, min_q2: 44.572
	target_q: 76.994, max_target_q: 111.607, min_target_q: 44.585

2023-03-21 01:56:49 - 
[#Step 220000] eval_reward: -0.247, eval_time: 5.484, time: 10.047
	critic_loss: 0.962, max_critic_loss: 9.199, min_critic_loss: 0.001
	actor_loss: -81.705, max_actor_loss: -31.060, min_actor_loss: -112.922
	value_loss: 0.169, max_value_loss: 3.062, min_value_loss: 0.000
	weight: 0.467, max_weight: 0.700, min_weight: 0.300
	v: 77.063, max_v: 113.111, min_v: 29.526
	q1: 77.162, max_q1: 113.123, min_q1: 30.978
	q2: 77.088, max_q2: 113.240, min_q2: 30.731
	target_q: 76.895, max_target_q: 112.766, min_target_q: 30.531

2023-03-21 01:57:14 - 
[#Step 230000] eval_reward: 0.459, eval_time: 5.731, time: 10.455
	critic_loss: 1.428, max_critic_loss: 110.037, min_critic_loss: 0.001
	actor_loss: -81.395, max_actor_loss: -7.417, min_actor_loss: -113.583
	value_loss: 0.340, max_value_loss: 24.823, min_value_loss: 0.000
	weight: 0.459, max_weight: 0.700, min_weight: 0.300
	v: 77.542, max_v: 113.692, min_v: 5.493
	q1: 77.315, max_q1: 113.871, min_q1: 6.313
	q2: 77.325, max_q2: 114.054, min_q2: 6.803
	target_q: 77.406, max_target_q: 113.786, min_target_q: 6.104

2023-03-21 01:57:38 - 
[#Step 240000] eval_reward: 0.617, eval_time: 5.426, time: 10.858
	critic_loss: 1.298, max_critic_loss: 52.346, min_critic_loss: 0.000
	actor_loss: -82.337, max_actor_loss: -6.902, min_actor_loss: -110.766
	value_loss: 0.238, max_value_loss: 11.496, min_value_loss: 0.000
	weight: 0.456, max_weight: 0.700, min_weight: 0.300
	v: 78.310, max_v: 110.614, min_v: 8.615
	q1: 78.240, max_q1: 110.288, min_q1: 6.629
	q2: 78.180, max_q2: 110.281, min_q2: 6.516
	target_q: 78.389, max_target_q: 110.550, min_target_q: 8.707

2023-03-21 01:58:02 - 
[#Step 250000] eval_reward: 1.514, eval_time: 5.641, time: 11.259
	critic_loss: 1.378, max_critic_loss: 60.751, min_critic_loss: 0.000
	actor_loss: -82.730, max_actor_loss: -5.428, min_actor_loss: -111.402
	value_loss: 0.238, max_value_loss: 17.836, min_value_loss: 0.000
	weight: 0.506, max_weight: 0.700, min_weight: 0.300
	v: 77.983, max_v: 111.225, min_v: 6.037
	q1: 78.054, max_q1: 111.829, min_q1: 5.391
	q2: 78.097, max_q2: 111.931, min_q2: 4.924
	target_q: 77.822, max_target_q: 111.480, min_target_q: 4.201

2023-03-21 01:58:26 - 
[#Step 260000] eval_reward: -0.146, eval_time: 5.559, time: 11.662
	critic_loss: 1.062, max_critic_loss: 28.297, min_critic_loss: 0.000
	actor_loss: -81.951, max_actor_loss: -5.939, min_actor_loss: -111.166
	value_loss: 0.191, max_value_loss: 10.700, min_value_loss: 0.000
	weight: 0.441, max_weight: 0.700, min_weight: 0.300
	v: 77.826, max_v: 111.340, min_v: 6.670
	q1: 77.573, max_q1: 111.251, min_q1: 6.106
	q2: 77.595, max_q2: 111.263, min_q2: 6.530
	target_q: 77.836, max_target_q: 111.396, min_target_q: 6.831

2023-03-21 01:58:51 - 
[#Step 270000] eval_reward: 1.982, eval_time: 5.727, time: 12.070
	critic_loss: 0.793, max_critic_loss: 13.594, min_critic_loss: 0.000
	actor_loss: -81.977, max_actor_loss: -6.506, min_actor_loss: -112.598
	value_loss: 0.137, max_value_loss: 4.354, min_value_loss: 0.000
	weight: 0.477, max_weight: 0.700, min_weight: 0.300
	v: 77.679, max_v: 112.482, min_v: 6.756
	q1: 77.704, max_q1: 112.659, min_q1: 6.939
	q2: 77.712, max_q2: 112.586, min_q2: 6.297
	target_q: 77.635, max_target_q: 112.249, min_target_q: 6.255

2023-03-21 01:59:15 - 
[#Step 280000] eval_reward: 2.350, eval_time: 5.729, time: 12.480
	critic_loss: 0.721, max_critic_loss: 9.563, min_critic_loss: 0.001
	actor_loss: -81.759, max_actor_loss: -3.908, min_actor_loss: -110.121
	value_loss: 0.148, max_value_loss: 3.569, min_value_loss: 0.000
	weight: 0.472, max_weight: 0.700, min_weight: 0.300
	v: 77.530, max_v: 110.576, min_v: 4.457
	q1: 77.526, max_q1: 110.895, min_q1: 3.915
	q2: 77.510, max_q2: 110.757, min_q2: 3.629
	target_q: 77.538, max_target_q: 110.360, min_target_q: 3.874

2023-03-21 01:59:39 - 
[#Step 290000] eval_reward: -0.358, eval_time: 5.545, time: 12.883
	critic_loss: 1.077, max_critic_loss: 61.478, min_critic_loss: 0.000
	actor_loss: -80.630, max_actor_loss: -6.003, min_actor_loss: -110.262
	value_loss: 0.164, max_value_loss: 3.680, min_value_loss: 0.000
	weight: 0.473, max_weight: 0.700, min_weight: 0.300
	v: 75.770, max_v: 109.724, min_v: 5.398
	q1: 75.787, max_q1: 110.091, min_q1: 5.356
	q2: 75.810, max_q2: 110.170, min_q2: 5.619
	target_q: 75.727, max_target_q: 110.100, min_target_q: 5.572

2023-03-21 01:59:58 - Saving checkpoint at step: 60
2023-03-21 01:59:58 - Saved checkpoint at saved_models/halfcheetah-medium-expert-v2/riql_s3_20230321_014646/actor_60
2023-03-21 01:59:58 - Saving checkpoint at step: 60
2023-03-21 01:59:58 - Saved checkpoint at saved_models/halfcheetah-medium-expert-v2/riql_s3_20230321_014646/critic_60
2023-03-21 01:59:58 - Saving checkpoint at step: 60
2023-03-21 01:59:58 - Saved checkpoint at saved_models/halfcheetah-medium-expert-v2/riql_s3_20230321_014646/value_60
2023-03-21 02:00:04 - 
[#Step 300000] eval_reward: 0.755, eval_time: 5.533, time: 13.291
	critic_loss: 1.030, max_critic_loss: 20.962, min_critic_loss: 0.000
	actor_loss: -82.438, max_actor_loss: -30.585, min_actor_loss: -110.937
	value_loss: 0.168, max_value_loss: 3.398, min_value_loss: 0.000
	weight: 0.463, max_weight: 0.700, min_weight: 0.300
	v: 77.848, max_v: 110.585, min_v: 31.166
	q1: 77.930, max_q1: 110.781, min_q1: 29.027
	q2: 77.921, max_q2: 110.889, min_q2: 30.376
	target_q: 77.760, max_target_q: 110.436, min_target_q: 30.635

2023-03-21 02:00:28 - 
[#Step 310000] eval_reward: 0.174, eval_time: 5.557, time: 13.695
	critic_loss: 0.770, max_critic_loss: 16.338, min_critic_loss: 0.001
	actor_loss: -83.721, max_actor_loss: -42.448, min_actor_loss: -111.188
	value_loss: 0.159, max_value_loss: 14.259, min_value_loss: 0.000
	weight: 0.466, max_weight: 0.700, min_weight: 0.300
	v: 79.279, max_v: 110.646, min_v: 43.910
	q1: 79.252, max_q1: 110.722, min_q1: 42.862
	q2: 79.203, max_q2: 110.258, min_q2: 44.049
	target_q: 79.165, max_target_q: 110.729, min_target_q: 43.787

2023-03-21 02:00:52 - 
[#Step 320000] eval_reward: -0.079, eval_time: 5.560, time: 14.100
	critic_loss: 0.970, max_critic_loss: 23.910, min_critic_loss: 0.000
	actor_loss: -82.520, max_actor_loss: -45.488, min_actor_loss: -110.596
	value_loss: 0.348, max_value_loss: 23.751, min_value_loss: 0.000
	weight: 0.491, max_weight: 0.700, min_weight: 0.300
	v: 77.814, max_v: 110.085, min_v: 43.715
	q1: 77.900, max_q1: 110.698, min_q1: 41.289
	q2: 77.873, max_q2: 110.714, min_q2: 41.454
	target_q: 77.834, max_target_q: 110.810, min_target_q: 37.915

2023-03-21 02:01:18 - 
[#Step 330000] eval_reward: 0.668, eval_time: 5.983, time: 14.523
	critic_loss: 1.327, max_critic_loss: 26.165, min_critic_loss: 0.002
	actor_loss: -84.059, max_actor_loss: -6.746, min_actor_loss: -110.719
	value_loss: 0.553, max_value_loss: 70.193, min_value_loss: 0.000
	weight: 0.483, max_weight: 0.700, min_weight: 0.300
	v: 79.193, max_v: 110.915, min_v: 5.973
	q1: 79.209, max_q1: 111.155, min_q1: 6.822
	q2: 79.245, max_q2: 111.113, min_q2: 5.961
	target_q: 79.178, max_target_q: 111.167, min_target_q: 8.409

2023-03-21 02:01:43 - 
[#Step 340000] eval_reward: 0.358, eval_time: 5.595, time: 14.943
	critic_loss: 1.014, max_critic_loss: 32.813, min_critic_loss: 0.001
	actor_loss: -81.982, max_actor_loss: -46.323, min_actor_loss: -110.525
	value_loss: 0.467, max_value_loss: 60.489, min_value_loss: 0.000
	weight: 0.478, max_weight: 0.700, min_weight: 0.300
	v: 77.224, max_v: 110.817, min_v: 44.830
	q1: 76.890, max_q1: 110.061, min_q1: 44.365
	q2: 77.004, max_q2: 110.084, min_q2: 44.881
	target_q: 77.139, max_target_q: 110.594, min_target_q: 45.377

2023-03-21 02:02:08 - 
[#Step 350000] eval_reward: 1.806, eval_time: 5.719, time: 15.360
	critic_loss: 1.679, max_critic_loss: 174.803, min_critic_loss: 0.005
	actor_loss: -82.477, max_actor_loss: -35.272, min_actor_loss: -110.877
	value_loss: 0.326, max_value_loss: 17.274, min_value_loss: 0.000
	weight: 0.403, max_weight: 0.700, min_weight: 0.300
	v: 78.189, max_v: 110.653, min_v: 35.742
	q1: 78.047, max_q1: 110.935, min_q1: 36.483
	q2: 77.945, max_q2: 110.709, min_q2: 34.396
	target_q: 77.986, max_target_q: 110.429, min_target_q: 34.943

2023-03-21 02:02:33 - 
[#Step 360000] eval_reward: 0.931, eval_time: 6.039, time: 15.785
	critic_loss: 1.213, max_critic_loss: 42.552, min_critic_loss: 0.001
	actor_loss: -83.186, max_actor_loss: -46.663, min_actor_loss: -110.114
	value_loss: 0.215, max_value_loss: 14.427, min_value_loss: 0.000
	weight: 0.411, max_weight: 0.700, min_weight: 0.300
	v: 79.529, max_v: 111.105, min_v: 43.486
	q1: 79.207, max_q1: 110.551, min_q1: 43.450
	q2: 79.163, max_q2: 110.540, min_q2: 43.239
	target_q: 79.323, max_target_q: 110.323, min_target_q: 42.886

2023-03-21 02:02:59 - 
[#Step 370000] eval_reward: 0.517, eval_time: 5.816, time: 16.208
	critic_loss: 1.572, max_critic_loss: 74.159, min_critic_loss: 0.001
	actor_loss: -83.052, max_actor_loss: -6.579, min_actor_loss: -109.570
	value_loss: 0.303, max_value_loss: 24.243, min_value_loss: 0.000
	weight: 0.438, max_weight: 0.700, min_weight: 0.300
	v: 78.830, max_v: 109.648, min_v: 5.943
	q1: 78.817, max_q1: 109.657, min_q1: 6.215
	q2: 78.837, max_q2: 109.325, min_q2: 5.473
	target_q: 78.582, max_target_q: 108.996, min_target_q: 6.613

2023-03-21 02:03:24 - 
[#Step 380000] eval_reward: 1.485, eval_time: 5.565, time: 16.624
	critic_loss: 1.182, max_critic_loss: 13.371, min_critic_loss: 0.000
	actor_loss: -82.116, max_actor_loss: -43.325, min_actor_loss: -110.842
	value_loss: 0.279, max_value_loss: 21.089, min_value_loss: 0.000
	weight: 0.530, max_weight: 0.700, min_weight: 0.300
	v: 77.100, max_v: 110.175, min_v: 43.193
	q1: 77.225, max_q1: 110.936, min_q1: 42.041
	q2: 77.239, max_q2: 110.699, min_q2: 42.849
	target_q: 77.366, max_target_q: 110.474, min_target_q: 41.714

2023-03-21 02:03:49 - 
[#Step 390000] eval_reward: -0.106, eval_time: 5.857, time: 17.043
	critic_loss: 1.078, max_critic_loss: 35.620, min_critic_loss: 0.001
	actor_loss: -80.501, max_actor_loss: -5.532, min_actor_loss: -111.509
	value_loss: 0.164, max_value_loss: 12.170, min_value_loss: 0.000
	weight: 0.477, max_weight: 0.700, min_weight: 0.300
	v: 75.336, max_v: 110.357, min_v: 5.378
	q1: 75.413, max_q1: 110.874, min_q1: 5.510
	q2: 75.419, max_q2: 110.912, min_q2: 4.404
	target_q: 75.235, max_target_q: 110.506, min_target_q: 6.071

2023-03-21 02:04:08 - Saving checkpoint at step: 80
2023-03-21 02:04:08 - Saved checkpoint at saved_models/halfcheetah-medium-expert-v2/riql_s3_20230321_014646/actor_80
2023-03-21 02:04:08 - Saving checkpoint at step: 80
2023-03-21 02:04:08 - Saved checkpoint at saved_models/halfcheetah-medium-expert-v2/riql_s3_20230321_014646/critic_80
2023-03-21 02:04:08 - Saving checkpoint at step: 80
2023-03-21 02:04:08 - Saved checkpoint at saved_models/halfcheetah-medium-expert-v2/riql_s3_20230321_014646/value_80
2023-03-21 02:04:14 - 
[#Step 400000] eval_reward: -0.332, eval_time: 5.836, time: 17.463
	critic_loss: 1.332, max_critic_loss: 23.948, min_critic_loss: 0.001
	actor_loss: -82.801, max_actor_loss: -33.066, min_actor_loss: -109.609
	value_loss: 0.557, max_value_loss: 32.260, min_value_loss: 0.000
	weight: 0.431, max_weight: 0.700, min_weight: 0.300
	v: 78.359, max_v: 110.126, min_v: 31.533
	q1: 78.061, max_q1: 109.698, min_q1: 30.848
	q2: 78.014, max_q2: 109.762, min_q2: 31.035
	target_q: 78.296, max_target_q: 109.635, min_target_q: 30.187

2023-03-21 02:04:40 - 
[#Step 410000] eval_reward: 0.219, eval_time: 5.796, time: 17.886
	critic_loss: 0.866, max_critic_loss: 9.644, min_critic_loss: 0.000
	actor_loss: -80.297, max_actor_loss: -42.356, min_actor_loss: -109.592
	value_loss: 0.174, max_value_loss: 14.325, min_value_loss: 0.000
	weight: 0.439, max_weight: 0.700, min_weight: 0.300
	v: 75.785, max_v: 109.642, min_v: 40.696
	q1: 75.621, max_q1: 109.636, min_q1: 43.111
	q2: 75.592, max_q2: 109.605, min_q2: 42.415
	target_q: 75.882, max_target_q: 109.411, min_target_q: 42.024

2023-03-21 02:05:05 - 
[#Step 420000] eval_reward: 0.044, eval_time: 5.976, time: 18.310
	critic_loss: 1.463, max_critic_loss: 40.257, min_critic_loss: 0.002
	actor_loss: -83.131, max_actor_loss: -5.569, min_actor_loss: -111.098
	value_loss: 0.175, max_value_loss: 6.098, min_value_loss: 0.000
	weight: 0.478, max_weight: 0.700, min_weight: 0.300
	v: 77.993, max_v: 110.425, min_v: 5.488
	q1: 78.299, max_q1: 110.987, min_q1: 5.670
	q2: 78.224, max_q2: 110.496, min_q2: 6.393
	target_q: 77.855, max_target_q: 109.720, min_target_q: 5.954

2023-03-21 02:05:30 - 
[#Step 430000] eval_reward: -0.321, eval_time: 5.815, time: 18.730
	critic_loss: 1.180, max_critic_loss: 30.315, min_critic_loss: 0.001
	actor_loss: -81.111, max_actor_loss: -5.268, min_actor_loss: -108.763
	value_loss: 0.228, max_value_loss: 15.713, min_value_loss: 0.000
	weight: 0.405, max_weight: 0.700, min_weight: 0.300
	v: 76.765, max_v: 109.728, min_v: 6.326
	q1: 76.433, max_q1: 109.222, min_q1: 6.399
	q2: 76.397, max_q2: 109.385, min_q2: 5.044
	target_q: 76.433, max_target_q: 110.205, min_target_q: 4.102

2023-03-21 02:05:55 - 
[#Step 440000] eval_reward: -0.233, eval_time: 5.957, time: 19.152
	critic_loss: 1.061, max_critic_loss: 67.286, min_critic_loss: 0.001
	actor_loss: -80.194, max_actor_loss: -6.015, min_actor_loss: -109.002
	value_loss: 0.176, max_value_loss: 5.651, min_value_loss: 0.000
	weight: 0.419, max_weight: 0.700, min_weight: 0.300
	v: 75.236, max_v: 108.886, min_v: 5.404
	q1: 75.134, max_q1: 108.865, min_q1: 6.187
	q2: 75.104, max_q2: 109.081, min_q2: 5.909
	target_q: 75.039, max_target_q: 108.447, min_target_q: 5.813

2023-03-21 02:06:21 - 
[#Step 450000] eval_reward: 1.569, eval_time: 5.850, time: 19.579
	critic_loss: 1.192, max_critic_loss: 58.845, min_critic_loss: 0.001
	actor_loss: -80.777, max_actor_loss: -32.097, min_actor_loss: -109.816
	value_loss: 0.195, max_value_loss: 11.479, min_value_loss: 0.000
	weight: 0.467, max_weight: 0.700, min_weight: 0.300
	v: 75.419, max_v: 109.111, min_v: 32.037
	q1: 75.438, max_q1: 109.730, min_q1: 33.634
	q2: 75.442, max_q2: 109.838, min_q2: 31.556
	target_q: 75.233, max_target_q: 108.967, min_target_q: 31.499

2023-03-21 02:06:46 - 
[#Step 460000] eval_reward: -0.126, eval_time: 5.576, time: 19.994
	critic_loss: 1.652, max_critic_loss: 58.896, min_critic_loss: 0.000
	actor_loss: -81.074, max_actor_loss: -25.846, min_actor_loss: -110.603
	value_loss: 0.189, max_value_loss: 8.850, min_value_loss: 0.000
	weight: 0.458, max_weight: 0.700, min_weight: 0.300
	v: 74.758, max_v: 110.320, min_v: 25.999
	q1: 74.947, max_q1: 110.747, min_q1: 26.176
	q2: 74.939, max_q2: 110.918, min_q2: 26.704
	target_q: 74.532, max_target_q: 109.873, min_target_q: 26.663

2023-03-21 02:07:11 - 
[#Step 470000] eval_reward: 0.430, eval_time: 5.871, time: 20.416
	critic_loss: 1.042, max_critic_loss: 13.830, min_critic_loss: 0.001
	actor_loss: -82.674, max_actor_loss: -6.036, min_actor_loss: -109.029
	value_loss: 0.230, max_value_loss: 23.483, min_value_loss: 0.000
	weight: 0.430, max_weight: 0.700, min_weight: 0.300
	v: 77.788, max_v: 109.363, min_v: 5.697
	q1: 77.669, max_q1: 108.742, min_q1: 5.720
	q2: 77.654, max_q2: 108.825, min_q2: 6.273
	target_q: 77.836, max_target_q: 108.961, min_target_q: 4.869

2023-03-21 02:07:37 - 
[#Step 480000] eval_reward: 0.153, eval_time: 5.978, time: 20.847
	critic_loss: 1.149, max_critic_loss: 24.468, min_critic_loss: 0.000
	actor_loss: -80.547, max_actor_loss: -6.515, min_actor_loss: -109.165
	value_loss: 0.306, max_value_loss: 22.860, min_value_loss: 0.000
	weight: 0.406, max_weight: 0.700, min_weight: 0.300
	v: 76.381, max_v: 109.493, min_v: 5.388
	q1: 76.113, max_q1: 109.398, min_q1: 6.002
	q2: 76.143, max_q2: 109.306, min_q2: 6.476
	target_q: 76.321, max_target_q: 109.069, min_target_q: 5.806

2023-03-21 02:08:03 - 
[#Step 490000] eval_reward: -0.020, eval_time: 5.999, time: 21.272
	critic_loss: 1.214, max_critic_loss: 81.372, min_critic_loss: 0.001
	actor_loss: -84.312, max_actor_loss: -46.915, min_actor_loss: -108.635
	value_loss: 0.177, max_value_loss: 4.082, min_value_loss: 0.000
	weight: 0.392, max_weight: 0.700, min_weight: 0.300
	v: 79.764, max_v: 109.315, min_v: 46.282
	q1: 79.731, max_q1: 109.264, min_q1: 47.230
	q2: 79.681, max_q2: 109.117, min_q2: 47.597
	target_q: 79.707, max_target_q: 109.169, min_target_q: 47.430

2023-03-21 02:08:22 - Saving checkpoint at step: 100
2023-03-21 02:08:22 - Saved checkpoint at saved_models/halfcheetah-medium-expert-v2/riql_s3_20230321_014646/actor_100
2023-03-21 02:08:22 - Saving checkpoint at step: 100
2023-03-21 02:08:22 - Saved checkpoint at saved_models/halfcheetah-medium-expert-v2/riql_s3_20230321_014646/critic_100
2023-03-21 02:08:22 - Saving checkpoint at step: 100
2023-03-21 02:08:22 - Saved checkpoint at saved_models/halfcheetah-medium-expert-v2/riql_s3_20230321_014646/value_100
2023-03-21 02:08:27 - 
[#Step 500000] eval_reward: 0.166, eval_time: 5.596, time: 21.683
	critic_loss: 0.988, max_critic_loss: 21.534, min_critic_loss: 0.002
	actor_loss: -79.270, max_actor_loss: -5.957, min_actor_loss: -109.008
	value_loss: 0.357, max_value_loss: 43.382, min_value_loss: 0.000
	weight: 0.378, max_weight: 0.700, min_weight: 0.300
	v: 74.622, max_v: 109.816, min_v: 6.150
	q1: 74.472, max_q1: 109.307, min_q1: 4.454
	q2: 74.451, max_q2: 109.206, min_q2: 6.066
	target_q: 74.490, max_target_q: 109.696, min_target_q: 5.976

2023-03-21 02:08:52 - 
[#Step 510000] eval_reward: -0.247, eval_time: 5.610, time: 22.091
	critic_loss: 1.397, max_critic_loss: 101.305, min_critic_loss: 0.002
	actor_loss: -83.199, max_actor_loss: -28.077, min_actor_loss: -109.846
	value_loss: 0.198, max_value_loss: 6.379, min_value_loss: 0.000
	weight: 0.478, max_weight: 0.700, min_weight: 0.300
	v: 79.058, max_v: 109.647, min_v: 21.843
	q1: 79.138, max_q1: 109.855, min_q1: 27.260
	q2: 79.064, max_q2: 109.842, min_q2: 27.532
	target_q: 78.890, max_target_q: 109.655, min_target_q: 20.280

2023-03-21 02:09:16 - 
[#Step 520000] eval_reward: -0.677, eval_time: 5.386, time: 22.497
	critic_loss: 1.162, max_critic_loss: 49.578, min_critic_loss: 0.001
	actor_loss: -81.349, max_actor_loss: -30.521, min_actor_loss: -109.323
	value_loss: 0.348, max_value_loss: 49.826, min_value_loss: 0.000
	weight: 0.456, max_weight: 0.700, min_weight: 0.300
	v: 75.998, max_v: 109.939, min_v: 29.376
	q1: 76.091, max_q1: 109.812, min_q1: 29.990
	q2: 76.103, max_q2: 109.983, min_q2: 29.315
	target_q: 76.283, max_target_q: 110.173, min_target_q: 29.439

2023-03-21 02:09:40 - 
[#Step 530000] eval_reward: 1.986, eval_time: 5.490, time: 22.901
	critic_loss: 1.364, max_critic_loss: 63.379, min_critic_loss: 0.000
	actor_loss: -81.162, max_actor_loss: -44.415, min_actor_loss: -107.940
	value_loss: 0.229, max_value_loss: 10.118, min_value_loss: 0.000
	weight: 0.541, max_weight: 0.700, min_weight: 0.300
	v: 75.356, max_v: 107.568, min_v: 44.163
	q1: 75.406, max_q1: 108.094, min_q1: 43.227
	q2: 75.434, max_q2: 107.921, min_q2: 43.519
	target_q: 75.406, max_target_q: 107.802, min_target_q: 42.136

2023-03-21 02:10:05 - 
[#Step 540000] eval_reward: 0.519, eval_time: 5.623, time: 23.311
	critic_loss: 0.877, max_critic_loss: 14.870, min_critic_loss: 0.001
	actor_loss: -80.982, max_actor_loss: -47.384, min_actor_loss: -109.105
	value_loss: 0.233, max_value_loss: 13.502, min_value_loss: 0.000
	weight: 0.459, max_weight: 0.700, min_weight: 0.300
	v: 76.144, max_v: 109.405, min_v: 47.767
	q1: 76.060, max_q1: 109.437, min_q1: 46.748
	q2: 76.044, max_q2: 109.132, min_q2: 46.248
	target_q: 76.185, max_target_q: 109.284, min_target_q: 47.334

2023-03-21 02:10:29 - 
[#Step 550000] eval_reward: 1.914, eval_time: 5.513, time: 23.717
	critic_loss: 0.926, max_critic_loss: 47.130, min_critic_loss: 0.001
	actor_loss: -81.710, max_actor_loss: -25.318, min_actor_loss: -108.281
	value_loss: 0.231, max_value_loss: 17.402, min_value_loss: 0.000
	weight: 0.438, max_weight: 0.700, min_weight: 0.300
	v: 77.032, max_v: 108.738, min_v: 26.134
	q1: 76.868, max_q1: 108.288, min_q1: 23.986
	q2: 76.831, max_q2: 108.170, min_q2: 23.890
	target_q: 76.966, max_target_q: 109.184, min_target_q: 25.978

2023-03-21 02:10:54 - 
[#Step 560000] eval_reward: 0.925, eval_time: 5.421, time: 24.123
	critic_loss: 0.933, max_critic_loss: 20.635, min_critic_loss: 0.000
	actor_loss: -79.743, max_actor_loss: -31.626, min_actor_loss: -108.237
	value_loss: 0.150, max_value_loss: 2.658, min_value_loss: 0.000
	weight: 0.495, max_weight: 0.700, min_weight: 0.300
	v: 73.806, max_v: 108.769, min_v: 30.647
	q1: 73.940, max_q1: 108.915, min_q1: 31.806
	q2: 73.917, max_q2: 108.714, min_q2: 30.769
	target_q: 73.760, max_target_q: 109.212, min_target_q: 31.355

2023-03-21 02:11:18 - 
[#Step 570000] eval_reward: 1.636, eval_time: 5.451, time: 24.524
	critic_loss: 0.962, max_critic_loss: 25.394, min_critic_loss: 0.001
	actor_loss: -79.747, max_actor_loss: -4.644, min_actor_loss: -109.737
	value_loss: 0.622, max_value_loss: 107.434, min_value_loss: 0.000
	weight: 0.450, max_weight: 0.700, min_weight: 0.300
	v: 73.446, max_v: 110.006, min_v: 5.246
	q1: 73.501, max_q1: 109.782, min_q1: 4.564
	q2: 73.495, max_q2: 109.923, min_q2: 4.268
	target_q: 73.404, max_target_q: 109.710, min_target_q: 5.555

2023-03-21 02:11:42 - 
[#Step 580000] eval_reward: 1.281, eval_time: 5.386, time: 24.926
	critic_loss: 0.756, max_critic_loss: 24.252, min_critic_loss: 0.000
	actor_loss: -82.066, max_actor_loss: -33.785, min_actor_loss: -109.701
	value_loss: 0.183, max_value_loss: 14.796, min_value_loss: 0.000
	weight: 0.423, max_weight: 0.700, min_weight: 0.300
	v: 77.237, max_v: 110.207, min_v: 29.357
	q1: 77.105, max_q1: 110.109, min_q1: 29.290
	q2: 77.095, max_q2: 110.062, min_q2: 30.045
	target_q: 77.095, max_target_q: 109.810, min_target_q: 28.526

2023-03-21 02:12:06 - 
[#Step 590000] eval_reward: 1.437, eval_time: 5.388, time: 25.326
	critic_loss: 1.197, max_critic_loss: 24.651, min_critic_loss: 0.001
	actor_loss: -80.122, max_actor_loss: -33.772, min_actor_loss: -109.051
	value_loss: 0.178, max_value_loss: 8.573, min_value_loss: 0.000
	weight: 0.444, max_weight: 0.700, min_weight: 0.300
	v: 74.900, max_v: 109.360, min_v: 38.086
	q1: 74.833, max_q1: 109.406, min_q1: 34.341
	q2: 74.840, max_q2: 109.540, min_q2: 34.057
	target_q: 74.880, max_target_q: 109.338, min_target_q: 36.098

2023-03-21 02:12:25 - Saving checkpoint at step: 120
2023-03-21 02:12:25 - Saved checkpoint at saved_models/halfcheetah-medium-expert-v2/riql_s3_20230321_014646/actor_120
2023-03-21 02:12:25 - Saving checkpoint at step: 120
2023-03-21 02:12:25 - Saved checkpoint at saved_models/halfcheetah-medium-expert-v2/riql_s3_20230321_014646/critic_120
2023-03-21 02:12:25 - Saving checkpoint at step: 120
2023-03-21 02:12:25 - Saved checkpoint at saved_models/halfcheetah-medium-expert-v2/riql_s3_20230321_014646/value_120
2023-03-21 02:12:30 - 
[#Step 600000] eval_reward: -0.298, eval_time: 5.378, time: 25.729
	critic_loss: 0.863, max_critic_loss: 43.841, min_critic_loss: 0.000
	actor_loss: -81.113, max_actor_loss: -42.768, min_actor_loss: -107.879
	value_loss: 0.119, max_value_loss: 3.790, min_value_loss: 0.000
	weight: 0.412, max_weight: 0.700, min_weight: 0.300
	v: 75.953, max_v: 107.979, min_v: 44.949
	q1: 75.860, max_q1: 107.876, min_q1: 43.303
	q2: 75.826, max_q2: 107.712, min_q2: 44.133
	target_q: 75.892, max_target_q: 107.853, min_target_q: 43.235

2023-03-21 02:12:54 - 
[#Step 610000] eval_reward: 2.482, eval_time: 5.381, time: 26.135
	critic_loss: 1.703, max_critic_loss: 213.088, min_critic_loss: 0.001
	actor_loss: -80.908, max_actor_loss: -4.873, min_actor_loss: -108.428
	value_loss: 0.111, max_value_loss: 2.161, min_value_loss: 0.000
	weight: 0.411, max_weight: 0.700, min_weight: 0.300
	v: 76.136, max_v: 108.930, min_v: 5.691
	q1: 75.885, max_q1: 108.666, min_q1: 5.174
	q2: 75.860, max_q2: 108.624, min_q2: 5.264
	target_q: 75.961, max_target_q: 108.727, min_target_q: 4.535

2023-03-21 02:13:19 - 
[#Step 620000] eval_reward: 2.245, eval_time: 5.484, time: 26.542
	critic_loss: 1.392, max_critic_loss: 33.127, min_critic_loss: 0.001
	actor_loss: -82.434, max_actor_loss: -33.972, min_actor_loss: -107.993
	value_loss: 0.337, max_value_loss: 17.864, min_value_loss: 0.000
	weight: 0.522, max_weight: 0.700, min_weight: 0.300
	v: 77.093, max_v: 108.030, min_v: 30.510
	q1: 77.000, max_q1: 108.039, min_q1: 33.878
	q2: 77.005, max_q2: 108.274, min_q2: 32.326
	target_q: 77.421, max_target_q: 108.149, min_target_q: 34.151

2023-03-21 02:13:43 - 
[#Step 630000] eval_reward: 2.162, eval_time: 5.492, time: 26.948
	critic_loss: 1.258, max_critic_loss: 91.988, min_critic_loss: 0.001
	actor_loss: -83.974, max_actor_loss: -31.635, min_actor_loss: -108.811
	value_loss: 0.715, max_value_loss: 148.670, min_value_loss: 0.000
	weight: 0.423, max_weight: 0.700, min_weight: 0.300
	v: 78.630, max_v: 108.571, min_v: 29.344
	q1: 78.739, max_q1: 108.769, min_q1: 30.837
	q2: 78.784, max_q2: 108.754, min_q2: 31.048
	target_q: 78.610, max_target_q: 108.458, min_target_q: 31.620

2023-03-21 02:14:08 - 
[#Step 640000] eval_reward: 1.938, eval_time: 5.464, time: 27.355
	critic_loss: 1.108, max_critic_loss: 25.148, min_critic_loss: 0.003
	actor_loss: -81.750, max_actor_loss: -8.094, min_actor_loss: -107.932
	value_loss: 0.258, max_value_loss: 12.724, min_value_loss: 0.000
	weight: 0.377, max_weight: 0.700, min_weight: 0.300
	v: 76.287, max_v: 108.812, min_v: 8.694
	q1: 75.887, max_q1: 107.672, min_q1: 7.549
	q2: 75.853, max_q2: 107.573, min_q2: 7.656
	target_q: 75.954, max_target_q: 108.693, min_target_q: 7.693

2023-03-21 02:14:32 - 
[#Step 650000] eval_reward: 1.738, eval_time: 5.353, time: 27.762
	critic_loss: 1.298, max_critic_loss: 30.882, min_critic_loss: 0.001
	actor_loss: -80.471, max_actor_loss: -5.499, min_actor_loss: -107.850
	value_loss: 0.249, max_value_loss: 15.487, min_value_loss: 0.000
	weight: 0.467, max_weight: 0.700, min_weight: 0.300
	v: 74.575, max_v: 107.981, min_v: 5.813
	q1: 74.654, max_q1: 107.949, min_q1: 5.146
	q2: 74.728, max_q2: 108.132, min_q2: 5.403
	target_q: 74.354, max_target_q: 107.406, min_target_q: 5.651

2023-03-21 02:14:56 - 
[#Step 660000] eval_reward: 1.132, eval_time: 5.379, time: 28.165
	critic_loss: 0.987, max_critic_loss: 13.613, min_critic_loss: 0.002
	actor_loss: -85.096, max_actor_loss: -6.481, min_actor_loss: -108.668
	value_loss: 0.227, max_value_loss: 17.128, min_value_loss: 0.000
	weight: 0.556, max_weight: 0.700, min_weight: 0.300
	v: 80.670, max_v: 108.317, min_v: 5.432
	q1: 80.950, max_q1: 108.861, min_q1: 5.738
	q2: 80.902, max_q2: 108.811, min_q2: 5.768
	target_q: 80.729, max_target_q: 108.821, min_target_q: 6.575

2023-03-21 02:15:21 - 
[#Step 670000] eval_reward: 1.469, eval_time: 5.371, time: 28.571
	critic_loss: 1.380, max_critic_loss: 93.324, min_critic_loss: 0.000
	actor_loss: -81.909, max_actor_loss: -5.889, min_actor_loss: -107.803
	value_loss: 0.274, max_value_loss: 23.522, min_value_loss: 0.000
	weight: 0.469, max_weight: 0.700, min_weight: 0.300
	v: 76.385, max_v: 108.052, min_v: 7.374
	q1: 76.463, max_q1: 107.699, min_q1: 4.751
	q2: 76.468, max_q2: 107.708, min_q2: 4.873
	target_q: 76.268, max_target_q: 107.309, min_target_q: 6.082

2023-03-21 02:15:45 - 
[#Step 680000] eval_reward: 0.771, eval_time: 5.373, time: 28.972
	critic_loss: 0.822, max_critic_loss: 25.741, min_critic_loss: 0.001
	actor_loss: -84.277, max_actor_loss: -48.007, min_actor_loss: -108.395
	value_loss: 0.258, max_value_loss: 13.684, min_value_loss: 0.000
	weight: 0.442, max_weight: 0.700, min_weight: 0.300
	v: 79.274, max_v: 108.511, min_v: 44.101
	q1: 79.198, max_q1: 108.707, min_q1: 43.695
	q2: 79.193, max_q2: 108.347, min_q2: 43.481
	target_q: 79.269, max_target_q: 108.542, min_target_q: 43.436

2023-03-21 02:16:09 - 
[#Step 690000] eval_reward: 1.628, eval_time: 5.375, time: 29.377
	critic_loss: 0.957, max_critic_loss: 30.924, min_critic_loss: 0.000
	actor_loss: -82.648, max_actor_loss: -37.262, min_actor_loss: -108.465
	value_loss: 0.115, max_value_loss: 4.106, min_value_loss: 0.000
	weight: 0.447, max_weight: 0.700, min_weight: 0.300
	v: 77.559, max_v: 109.032, min_v: 38.649
	q1: 77.539, max_q1: 108.452, min_q1: 37.663
	q2: 77.570, max_q2: 108.830, min_q2: 36.253
	target_q: 77.432, max_target_q: 108.417, min_target_q: 33.090

2023-03-21 02:16:28 - Saving checkpoint at step: 140
2023-03-21 02:16:28 - Saved checkpoint at saved_models/halfcheetah-medium-expert-v2/riql_s3_20230321_014646/actor_140
2023-03-21 02:16:28 - Saving checkpoint at step: 140
2023-03-21 02:16:28 - Saved checkpoint at saved_models/halfcheetah-medium-expert-v2/riql_s3_20230321_014646/critic_140
2023-03-21 02:16:28 - Saving checkpoint at step: 140
2023-03-21 02:16:28 - Saved checkpoint at saved_models/halfcheetah-medium-expert-v2/riql_s3_20230321_014646/value_140
2023-03-21 02:16:33 - 
[#Step 700000] eval_reward: 3.317, eval_time: 5.366, time: 29.783
	critic_loss: 1.095, max_critic_loss: 50.641, min_critic_loss: 0.003
	actor_loss: -81.859, max_actor_loss: -6.818, min_actor_loss: -107.504
	value_loss: 0.158, max_value_loss: 6.438, min_value_loss: 0.000
	weight: 0.445, max_weight: 0.700, min_weight: 0.300
	v: 76.812, max_v: 107.844, min_v: 6.893
	q1: 76.647, max_q1: 107.865, min_q1: 5.840
	q2: 76.722, max_q2: 107.971, min_q2: 5.952
	target_q: 76.703, max_target_q: 107.757, min_target_q: 6.606

2023-03-21 02:16:58 - 
[#Step 710000] eval_reward: 1.925, eval_time: 5.518, time: 30.187
	critic_loss: 1.209, max_critic_loss: 55.250, min_critic_loss: 0.000
	actor_loss: -79.669, max_actor_loss: -5.298, min_actor_loss: -107.702
	value_loss: 0.228, max_value_loss: 8.716, min_value_loss: 0.000
	weight: 0.389, max_weight: 0.700, min_weight: 0.300
	v: 74.385, max_v: 108.582, min_v: 5.334
	q1: 73.888, max_q1: 107.364, min_q1: 5.611
	q2: 73.839, max_q2: 107.344, min_q2: 5.152
	target_q: 74.158, max_target_q: 108.162, min_target_q: 5.678

2023-03-21 02:17:22 - 
[#Step 720000] eval_reward: 1.254, eval_time: 5.462, time: 30.593
	critic_loss: 0.979, max_critic_loss: 24.840, min_critic_loss: 0.000
	actor_loss: -80.629, max_actor_loss: -7.662, min_actor_loss: -108.453
	value_loss: 0.233, max_value_loss: 13.312, min_value_loss: 0.000
	weight: 0.475, max_weight: 0.700, min_weight: 0.300
	v: 75.137, max_v: 108.700, min_v: 8.290
	q1: 75.003, max_q1: 108.657, min_q1: 7.815
	q2: 74.977, max_q2: 108.518, min_q2: 6.399
	target_q: 74.904, max_target_q: 108.820, min_target_q: 6.665

2023-03-21 02:17:47 - 
[#Step 730000] eval_reward: 2.994, eval_time: 5.606, time: 31.002
	critic_loss: 0.778, max_critic_loss: 33.033, min_critic_loss: 0.001
	actor_loss: -82.286, max_actor_loss: -6.162, min_actor_loss: -108.264
	value_loss: 0.139, max_value_loss: 7.360, min_value_loss: 0.000
	weight: 0.487, max_weight: 0.700, min_weight: 0.300
	v: 77.574, max_v: 108.273, min_v: 6.704
	q1: 77.427, max_q1: 108.067, min_q1: 5.306
	q2: 77.450, max_q2: 108.241, min_q2: 5.537
	target_q: 77.532, max_target_q: 108.253, min_target_q: 5.361

2023-03-21 02:18:11 - 
[#Step 740000] eval_reward: 2.907, eval_time: 5.517, time: 31.409
	critic_loss: 1.382, max_critic_loss: 82.262, min_critic_loss: 0.001
	actor_loss: -80.358, max_actor_loss: -3.934, min_actor_loss: -108.785
	value_loss: 0.185, max_value_loss: 6.402, min_value_loss: 0.000
	weight: 0.392, max_weight: 0.700, min_weight: 0.300
	v: 74.423, max_v: 108.920, min_v: 4.979
	q1: 74.288, max_q1: 109.049, min_q1: 4.279
	q2: 74.389, max_q2: 109.010, min_q2: 5.201
	target_q: 74.243, max_target_q: 108.193, min_target_q: 4.250

2023-03-21 02:18:35 - 
[#Step 750000] eval_reward: 2.334, eval_time: 5.369, time: 31.817
	critic_loss: 1.324, max_critic_loss: 47.629, min_critic_loss: 0.000
	actor_loss: -79.707, max_actor_loss: -5.952, min_actor_loss: -108.145
	value_loss: 0.183, max_value_loss: 6.071, min_value_loss: 0.000
	weight: 0.419, max_weight: 0.700, min_weight: 0.300
	v: 74.588, max_v: 108.690, min_v: 5.933
	q1: 74.478, max_q1: 108.095, min_q1: 5.726
	q2: 74.448, max_q2: 108.183, min_q2: 5.377
	target_q: 74.494, max_target_q: 108.977, min_target_q: 5.342

2023-03-21 02:19:00 - 
[#Step 760000] eval_reward: 1.223, eval_time: 5.384, time: 32.222
	critic_loss: 0.672, max_critic_loss: 10.711, min_critic_loss: 0.000
	actor_loss: -82.569, max_actor_loss: -5.443, min_actor_loss: -108.426
	value_loss: 0.336, max_value_loss: 42.648, min_value_loss: 0.000
	weight: 0.503, max_weight: 0.700, min_weight: 0.300
	v: 77.051, max_v: 108.136, min_v: 5.471
	q1: 77.245, max_q1: 108.623, min_q1: 5.544
	q2: 77.211, max_q2: 108.693, min_q2: 5.286
	target_q: 77.193, max_target_q: 108.665, min_target_q: 4.860

2023-03-21 02:19:24 - 
[#Step 770000] eval_reward: 1.750, eval_time: 5.438, time: 32.625
	critic_loss: 0.720, max_critic_loss: 14.760, min_critic_loss: 0.002
	actor_loss: -82.758, max_actor_loss: -43.598, min_actor_loss: -107.414
	value_loss: 0.226, max_value_loss: 15.728, min_value_loss: 0.000
	weight: 0.456, max_weight: 0.700, min_weight: 0.300
	v: 77.557, max_v: 108.008, min_v: 43.026
	q1: 77.563, max_q1: 108.275, min_q1: 43.542
	q2: 77.551, max_q2: 108.206, min_q2: 43.352
	target_q: 77.461, max_target_q: 108.043, min_target_q: 42.993

2023-03-21 02:19:48 - 
[#Step 780000] eval_reward: 3.077, eval_time: 5.471, time: 33.030
	critic_loss: 1.345, max_critic_loss: 31.911, min_critic_loss: 0.000
	actor_loss: -81.083, max_actor_loss: -4.936, min_actor_loss: -108.684
	value_loss: 0.173, max_value_loss: 7.982, min_value_loss: 0.000
	weight: 0.425, max_weight: 0.700, min_weight: 0.300
	v: 75.282, max_v: 108.345, min_v: 5.892
	q1: 75.312, max_q1: 108.667, min_q1: 4.941
	q2: 75.314, max_q2: 109.140, min_q2: 4.605
	target_q: 75.061, max_target_q: 108.165, min_target_q: 5.903

2023-03-21 02:20:13 - 
[#Step 790000] eval_reward: 3.424, eval_time: 5.530, time: 33.444
	critic_loss: 1.098, max_critic_loss: 21.527, min_critic_loss: 0.000
	actor_loss: -81.382, max_actor_loss: -21.263, min_actor_loss: -109.454
	value_loss: 0.150, max_value_loss: 8.030, min_value_loss: 0.000
	weight: 0.467, max_weight: 0.700, min_weight: 0.300
	v: 75.656, max_v: 109.426, min_v: 21.948
	q1: 75.605, max_q1: 109.593, min_q1: 20.949
	q2: 75.647, max_q2: 109.466, min_q2: 21.910
	target_q: 75.602, max_target_q: 108.749, min_target_q: 22.073

2023-03-21 02:20:32 - Saving checkpoint at step: 160
2023-03-21 02:20:32 - Saved checkpoint at saved_models/halfcheetah-medium-expert-v2/riql_s3_20230321_014646/actor_160
2023-03-21 02:20:32 - Saving checkpoint at step: 160
2023-03-21 02:20:32 - Saved checkpoint at saved_models/halfcheetah-medium-expert-v2/riql_s3_20230321_014646/critic_160
2023-03-21 02:20:32 - Saving checkpoint at step: 160
2023-03-21 02:20:32 - Saved checkpoint at saved_models/halfcheetah-medium-expert-v2/riql_s3_20230321_014646/value_160
2023-03-21 02:20:37 - 
[#Step 800000] eval_reward: 2.828, eval_time: 5.285, time: 33.845
	critic_loss: 0.738, max_critic_loss: 12.178, min_critic_loss: 0.001
	actor_loss: -80.611, max_actor_loss: -6.226, min_actor_loss: -108.204
	value_loss: 0.313, max_value_loss: 20.141, min_value_loss: 0.000
	weight: 0.433, max_weight: 0.700, min_weight: 0.300
	v: 74.479, max_v: 108.232, min_v: 6.485
	q1: 74.381, max_q1: 108.686, min_q1: 6.737
	q2: 74.331, max_q2: 108.472, min_q2: 5.799
	target_q: 74.386, max_target_q: 109.064, min_target_q: 6.095

2023-03-21 02:21:01 - 
[#Step 810000] eval_reward: 2.423, eval_time: 5.459, time: 34.250
	critic_loss: 0.957, max_critic_loss: 45.778, min_critic_loss: 0.000
	actor_loss: -82.061, max_actor_loss: -49.166, min_actor_loss: -108.143
	value_loss: 0.283, max_value_loss: 24.151, min_value_loss: 0.000
	weight: 0.469, max_weight: 0.700, min_weight: 0.300
	v: 77.087, max_v: 108.039, min_v: 43.862
	q1: 76.944, max_q1: 108.359, min_q1: 44.483
	q2: 76.916, max_q2: 108.418, min_q2: 43.358
	target_q: 76.836, max_target_q: 108.093, min_target_q: 47.072

2023-03-21 02:21:26 - 
[#Step 820000] eval_reward: 2.418, eval_time: 5.472, time: 34.656
	critic_loss: 0.869, max_critic_loss: 19.191, min_critic_loss: 0.001
	actor_loss: -80.437, max_actor_loss: -6.660, min_actor_loss: -108.545
	value_loss: 0.547, max_value_loss: 89.879, min_value_loss: 0.000
	weight: 0.500, max_weight: 0.700, min_weight: 0.300
	v: 74.316, max_v: 107.138, min_v: 6.139
	q1: 74.479, max_q1: 107.940, min_q1: 6.835
	q2: 74.448, max_q2: 107.825, min_q2: 6.302
	target_q: 74.263, max_target_q: 107.309, min_target_q: 6.278

2023-03-21 02:21:50 - 
[#Step 830000] eval_reward: 2.407, eval_time: 5.453, time: 35.065
	critic_loss: 0.932, max_critic_loss: 57.287, min_critic_loss: 0.001
	actor_loss: -78.627, max_actor_loss: -6.430, min_actor_loss: -107.530
	value_loss: 0.439, max_value_loss: 85.525, min_value_loss: 0.000
	weight: 0.400, max_weight: 0.700, min_weight: 0.300
	v: 72.978, max_v: 107.464, min_v: 5.510
	q1: 72.903, max_q1: 107.395, min_q1: 6.382
	q2: 72.879, max_q2: 107.624, min_q2: 5.348
	target_q: 72.856, max_target_q: 107.729, min_target_q: 5.476

2023-03-21 02:22:14 - 
[#Step 840000] eval_reward: 2.488, eval_time: 5.383, time: 35.468
	critic_loss: 1.461, max_critic_loss: 61.711, min_critic_loss: 0.000
	actor_loss: -79.583, max_actor_loss: -6.962, min_actor_loss: -107.790
	value_loss: 0.218, max_value_loss: 14.426, min_value_loss: 0.000
	weight: 0.433, max_weight: 0.700, min_weight: 0.300
	v: 73.562, max_v: 107.694, min_v: 5.273
	q1: 73.660, max_q1: 107.860, min_q1: 5.803
	q2: 73.672, max_q2: 107.972, min_q2: 6.314
	target_q: 73.402, max_target_q: 107.651, min_target_q: 5.537

2023-03-21 02:22:39 - 
[#Step 850000] eval_reward: 2.668, eval_time: 5.859, time: 35.883
	critic_loss: 1.241, max_critic_loss: 69.215, min_critic_loss: 0.001
	actor_loss: -77.827, max_actor_loss: -4.190, min_actor_loss: -107.733
	value_loss: 0.249, max_value_loss: 7.369, min_value_loss: 0.000
	weight: 0.428, max_weight: 0.700, min_weight: 0.300
	v: 71.392, max_v: 107.934, min_v: 4.997
	q1: 71.334, max_q1: 107.991, min_q1: 4.094
	q2: 71.380, max_q2: 108.048, min_q2: 4.672
	target_q: 71.186, max_target_q: 108.067, min_target_q: 5.461

2023-03-21 02:23:04 - 
[#Step 860000] eval_reward: 1.970, eval_time: 5.445, time: 36.290
	critic_loss: 2.058, max_critic_loss: 291.905, min_critic_loss: 0.003
	actor_loss: -80.255, max_actor_loss: -43.779, min_actor_loss: -107.656
	value_loss: 0.335, max_value_loss: 24.841, min_value_loss: 0.000
	weight: 0.439, max_weight: 0.700, min_weight: 0.300
	v: 74.619, max_v: 107.508, min_v: 42.236
	q1: 74.564, max_q1: 107.984, min_q1: 43.059
	q2: 74.590, max_q2: 107.822, min_q2: 41.995
	target_q: 74.477, max_target_q: 107.377, min_target_q: 43.393

2023-03-21 02:23:28 - 
[#Step 870000] eval_reward: 2.165, eval_time: 5.403, time: 36.693
	critic_loss: 0.687, max_critic_loss: 9.350, min_critic_loss: 0.000
	actor_loss: -82.345, max_actor_loss: -6.136, min_actor_loss: -108.245
	value_loss: 0.168, max_value_loss: 7.433, min_value_loss: 0.000
	weight: 0.433, max_weight: 0.700, min_weight: 0.300
	v: 77.656, max_v: 108.245, min_v: 6.105
	q1: 77.688, max_q1: 108.190, min_q1: 5.386
	q2: 77.607, max_q2: 108.104, min_q2: 5.598
	target_q: 77.669, max_target_q: 108.829, min_target_q: 5.581

2023-03-21 02:23:52 - 
[#Step 880000] eval_reward: 2.928, eval_time: 5.375, time: 37.097
	critic_loss: 1.689, max_critic_loss: 55.648, min_critic_loss: 0.000
	actor_loss: -82.150, max_actor_loss: -4.785, min_actor_loss: -108.892
	value_loss: 0.172, max_value_loss: 12.326, min_value_loss: 0.000
	weight: 0.453, max_weight: 0.700, min_weight: 0.300
	v: 76.215, max_v: 108.873, min_v: 5.257
	q1: 76.363, max_q1: 109.138, min_q1: 4.933
	q2: 76.382, max_q2: 109.036, min_q2: 4.784
	target_q: 76.229, max_target_q: 108.405, min_target_q: 5.199

2023-03-21 02:24:16 - 
[#Step 890000] eval_reward: 3.601, eval_time: 5.463, time: 37.499
	critic_loss: 0.871, max_critic_loss: 31.002, min_critic_loss: 0.000
	actor_loss: -81.277, max_actor_loss: -46.296, min_actor_loss: -107.793
	value_loss: 0.302, max_value_loss: 46.738, min_value_loss: 0.000
	weight: 0.398, max_weight: 0.700, min_weight: 0.300
	v: 75.729, max_v: 108.292, min_v: 45.159
	q1: 75.469, max_q1: 108.056, min_q1: 44.946
	q2: 75.412, max_q2: 107.780, min_q2: 44.584
	target_q: 75.666, max_target_q: 108.339, min_target_q: 45.146

2023-03-21 02:24:35 - Saving checkpoint at step: 180
2023-03-21 02:24:35 - Saved checkpoint at saved_models/halfcheetah-medium-expert-v2/riql_s3_20230321_014646/actor_180
2023-03-21 02:24:35 - Saving checkpoint at step: 180
2023-03-21 02:24:35 - Saved checkpoint at saved_models/halfcheetah-medium-expert-v2/riql_s3_20230321_014646/critic_180
2023-03-21 02:24:35 - Saving checkpoint at step: 180
2023-03-21 02:24:35 - Saved checkpoint at saved_models/halfcheetah-medium-expert-v2/riql_s3_20230321_014646/value_180
2023-03-21 02:24:40 - 
[#Step 900000] eval_reward: 2.602, eval_time: 5.267, time: 37.896
	critic_loss: 0.943, max_critic_loss: 49.935, min_critic_loss: 0.002
	actor_loss: -81.446, max_actor_loss: -7.210, min_actor_loss: -106.852
	value_loss: 0.182, max_value_loss: 10.949, min_value_loss: 0.000
	weight: 0.430, max_weight: 0.700, min_weight: 0.300
	v: 75.888, max_v: 107.425, min_v: 5.127
	q1: 75.735, max_q1: 107.033, min_q1: 6.469
	q2: 75.709, max_q2: 107.162, min_q2: 6.621
	target_q: 75.883, max_target_q: 107.344, min_target_q: 5.549

2023-03-21 02:25:04 - 
[#Step 910000] eval_reward: 2.666, eval_time: 5.316, time: 38.297
	critic_loss: 1.199, max_critic_loss: 37.296, min_critic_loss: 0.002
	actor_loss: -80.255, max_actor_loss: -6.549, min_actor_loss: -107.469
	value_loss: 0.170, max_value_loss: 7.006, min_value_loss: 0.000
	weight: 0.427, max_weight: 0.700, min_weight: 0.300
	v: 74.473, max_v: 107.447, min_v: 4.405
	q1: 74.569, max_q1: 108.007, min_q1: 6.194
	q2: 74.518, max_q2: 107.961, min_q2: 6.702
	target_q: 74.153, max_target_q: 107.765, min_target_q: 4.947

2023-03-21 02:25:28 - 
[#Step 920000] eval_reward: 2.557, eval_time: 5.283, time: 38.697
	critic_loss: 0.975, max_critic_loss: 69.714, min_critic_loss: 0.002
	actor_loss: -80.562, max_actor_loss: -5.068, min_actor_loss: -106.928
	value_loss: 0.313, max_value_loss: 23.253, min_value_loss: 0.000
	weight: 0.408, max_weight: 0.700, min_weight: 0.300
	v: 74.157, max_v: 107.355, min_v: 3.969
	q1: 74.103, max_q1: 107.069, min_q1: 4.828
	q2: 74.064, max_q2: 107.135, min_q2: 5.359
	target_q: 74.073, max_target_q: 107.780, min_target_q: 4.481

2023-03-21 02:25:52 - 
[#Step 930000] eval_reward: 2.906, eval_time: 5.301, time: 39.097
	critic_loss: 0.846, max_critic_loss: 52.051, min_critic_loss: 0.000
	actor_loss: -82.158, max_actor_loss: -45.195, min_actor_loss: -107.172
	value_loss: 0.079, max_value_loss: 1.633, min_value_loss: 0.000
	weight: 0.414, max_weight: 0.700, min_weight: 0.300
	v: 76.230, max_v: 106.774, min_v: 42.130
	q1: 76.219, max_q1: 106.933, min_q1: 43.413
	q2: 76.176, max_q2: 106.966, min_q2: 43.229
	target_q: 76.227, max_target_q: 106.722, min_target_q: 43.741

2023-03-21 02:26:16 - 
[#Step 940000] eval_reward: 3.589, eval_time: 5.470, time: 39.497
	critic_loss: 1.285, max_critic_loss: 40.375, min_critic_loss: 0.001
	actor_loss: -79.091, max_actor_loss: -4.535, min_actor_loss: -108.922
	value_loss: 0.683, max_value_loss: 112.499, min_value_loss: 0.000
	weight: 0.394, max_weight: 0.700, min_weight: 0.300
	v: 72.817, max_v: 109.425, min_v: 6.133
	q1: 72.663, max_q1: 109.054, min_q1: 5.290
	q2: 72.621, max_q2: 108.904, min_q2: 4.461
	target_q: 72.871, max_target_q: 109.413, min_target_q: 4.270

2023-03-21 02:26:40 - 
[#Step 950000] eval_reward: 2.825, eval_time: 5.476, time: 39.901
	critic_loss: 1.138, max_critic_loss: 103.877, min_critic_loss: 0.000
	actor_loss: -79.977, max_actor_loss: -46.439, min_actor_loss: -107.816
	value_loss: 0.179, max_value_loss: 8.512, min_value_loss: 0.000
	weight: 0.448, max_weight: 0.700, min_weight: 0.300
	v: 73.501, max_v: 108.513, min_v: 43.543
	q1: 73.334, max_q1: 107.781, min_q1: 43.375
	q2: 73.333, max_q2: 107.916, min_q2: 43.004
	target_q: 73.343, max_target_q: 108.555, min_target_q: 43.382

2023-03-21 02:26:55 - 
[#Step 955000] eval_reward: 2.907, eval_time: 5.285, time: 40.144
	critic_loss: 1.412, max_critic_loss: 150.185, min_critic_loss: 0.000
	actor_loss: -79.579, max_actor_loss: -5.084, min_actor_loss: -108.441
	value_loss: 0.503, max_value_loss: 103.619, min_value_loss: 0.000
	weight: 0.414, max_weight: 0.700, min_weight: 0.300
	v: 74.269, max_v: 108.529, min_v: 5.595
	q1: 74.149, max_q1: 108.496, min_q1: 4.691
	q2: 74.168, max_q2: 108.606, min_q2: 4.643
	target_q: 74.235, max_target_q: 108.446, min_target_q: 5.872

2023-03-21 02:27:10 - 
[#Step 960000] eval_reward: 2.802, eval_time: 5.389, time: 40.392
	critic_loss: 1.023, max_critic_loss: 58.509, min_critic_loss: 0.000
	actor_loss: -83.087, max_actor_loss: -4.378, min_actor_loss: -107.480
	value_loss: 0.214, max_value_loss: 14.142, min_value_loss: 0.000
	weight: 0.406, max_weight: 0.700, min_weight: 0.300
	v: 78.174, max_v: 107.378, min_v: 5.091
	q1: 77.979, max_q1: 107.592, min_q1: 4.729
	q2: 78.005, max_q2: 107.582, min_q2: 5.038
	target_q: 77.986, max_target_q: 107.409, min_target_q: 4.558

2023-03-21 02:27:24 - 
[#Step 965000] eval_reward: 3.235, eval_time: 5.365, time: 40.635
	critic_loss: 0.907, max_critic_loss: 15.868, min_critic_loss: 0.001
	actor_loss: -84.459, max_actor_loss: -47.246, min_actor_loss: -107.877
	value_loss: 0.270, max_value_loss: 22.007, min_value_loss: 0.000
	weight: 0.431, max_weight: 0.700, min_weight: 0.300
	v: 79.181, max_v: 108.704, min_v: 45.666
	q1: 78.884, max_q1: 108.063, min_q1: 45.717
	q2: 78.910, max_q2: 107.917, min_q2: 46.438
	target_q: 79.038, max_target_q: 108.261, min_target_q: 45.582

2023-03-21 02:27:39 - 
[#Step 970000] eval_reward: 2.511, eval_time: 5.415, time: 40.884
	critic_loss: 2.709, max_critic_loss: 276.910, min_critic_loss: 0.001
	actor_loss: -81.587, max_actor_loss: -47.630, min_actor_loss: -107.378
	value_loss: 0.552, max_value_loss: 30.814, min_value_loss: 0.000
	weight: 0.431, max_weight: 0.700, min_weight: 0.300
	v: 76.263, max_v: 107.757, min_v: 46.180
	q1: 76.082, max_q1: 107.549, min_q1: 45.314
	q2: 76.038, max_q2: 107.551, min_q2: 45.375
	target_q: 76.264, max_target_q: 108.508, min_target_q: 44.189

2023-03-21 02:27:54 - 
[#Step 975000] eval_reward: 2.466, eval_time: 5.410, time: 41.133
	critic_loss: 0.864, max_critic_loss: 25.471, min_critic_loss: 0.000
	actor_loss: -83.136, max_actor_loss: -4.573, min_actor_loss: -107.220
	value_loss: 0.368, max_value_loss: 59.865, min_value_loss: 0.000
	weight: 0.384, max_weight: 0.700, min_weight: 0.300
	v: 78.459, max_v: 107.771, min_v: 4.208
	q1: 78.229, max_q1: 107.374, min_q1: 4.943
	q2: 78.188, max_q2: 107.294, min_q2: 5.204
	target_q: 78.333, max_target_q: 107.145, min_target_q: 4.326

2023-03-21 02:28:04 - Saving checkpoint at step: 196
2023-03-21 02:28:04 - Saved checkpoint at saved_models/halfcheetah-medium-expert-v2/riql_s3_20230321_014646/actor_196
2023-03-21 02:28:04 - Saving checkpoint at step: 196
2023-03-21 02:28:04 - Saved checkpoint at saved_models/halfcheetah-medium-expert-v2/riql_s3_20230321_014646/critic_196
2023-03-21 02:28:04 - Saving checkpoint at step: 196
2023-03-21 02:28:04 - Saved checkpoint at saved_models/halfcheetah-medium-expert-v2/riql_s3_20230321_014646/value_196
2023-03-21 02:28:09 - 
[#Step 980000] eval_reward: 2.685, eval_time: 5.339, time: 41.381
	critic_loss: 1.357, max_critic_loss: 104.007, min_critic_loss: 0.001
	actor_loss: -82.030, max_actor_loss: -6.137, min_actor_loss: -107.349
	value_loss: 0.213, max_value_loss: 10.279, min_value_loss: 0.000
	weight: 0.464, max_weight: 0.700, min_weight: 0.300
	v: 76.467, max_v: 107.422, min_v: 5.329
	q1: 76.380, max_q1: 107.555, min_q1: 5.836
	q2: 76.349, max_q2: 107.356, min_q2: 4.991
	target_q: 76.487, max_target_q: 107.472, min_target_q: 5.022

2023-03-21 02:28:19 - Saving checkpoint at step: 197
2023-03-21 02:28:19 - Saved checkpoint at saved_models/halfcheetah-medium-expert-v2/riql_s3_20230321_014646/actor_197
2023-03-21 02:28:19 - Saving checkpoint at step: 197
2023-03-21 02:28:19 - Saved checkpoint at saved_models/halfcheetah-medium-expert-v2/riql_s3_20230321_014646/critic_197
2023-03-21 02:28:19 - Saving checkpoint at step: 197
2023-03-21 02:28:19 - Saved checkpoint at saved_models/halfcheetah-medium-expert-v2/riql_s3_20230321_014646/value_197
2023-03-21 02:28:24 - 
[#Step 985000] eval_reward: 2.626, eval_time: 5.232, time: 41.625
	critic_loss: 1.937, max_critic_loss: 130.537, min_critic_loss: 0.000
	actor_loss: -79.417, max_actor_loss: -43.649, min_actor_loss: -107.674
	value_loss: 0.179, max_value_loss: 4.962, min_value_loss: 0.000
	weight: 0.422, max_weight: 0.700, min_weight: 0.300
	v: 73.006, max_v: 108.242, min_v: 44.472
	q1: 72.946, max_q1: 107.884, min_q1: 44.348
	q2: 72.920, max_q2: 108.026, min_q2: 44.046
	target_q: 72.922, max_target_q: 107.785, min_target_q: 43.303

2023-03-21 02:28:33 - Saving checkpoint at step: 198
2023-03-21 02:28:33 - Saved checkpoint at saved_models/halfcheetah-medium-expert-v2/riql_s3_20230321_014646/actor_198
2023-03-21 02:28:33 - Saving checkpoint at step: 198
2023-03-21 02:28:33 - Saved checkpoint at saved_models/halfcheetah-medium-expert-v2/riql_s3_20230321_014646/critic_198
2023-03-21 02:28:33 - Saving checkpoint at step: 198
2023-03-21 02:28:33 - Saved checkpoint at saved_models/halfcheetah-medium-expert-v2/riql_s3_20230321_014646/value_198
2023-03-21 02:28:39 - 
[#Step 990000] eval_reward: 2.396, eval_time: 5.389, time: 41.871
	critic_loss: 0.930, max_critic_loss: 32.407, min_critic_loss: 0.003
	actor_loss: -80.503, max_actor_loss: -4.777, min_actor_loss: -107.107
	value_loss: 0.267, max_value_loss: 21.364, min_value_loss: 0.000
	weight: 0.492, max_weight: 0.700, min_weight: 0.300
	v: 74.488, max_v: 107.983, min_v: 5.411
	q1: 74.493, max_q1: 107.783, min_q1: 4.696
	q2: 74.539, max_q2: 107.773, min_q2: 5.035
	target_q: 74.333, max_target_q: 107.827, min_target_q: 5.157

2023-03-21 02:28:48 - Saving checkpoint at step: 199
2023-03-21 02:28:48 - Saved checkpoint at saved_models/halfcheetah-medium-expert-v2/riql_s3_20230321_014646/actor_199
2023-03-21 02:28:48 - Saving checkpoint at step: 199
2023-03-21 02:28:48 - Saved checkpoint at saved_models/halfcheetah-medium-expert-v2/riql_s3_20230321_014646/critic_199
2023-03-21 02:28:48 - Saving checkpoint at step: 199
2023-03-21 02:28:48 - Saved checkpoint at saved_models/halfcheetah-medium-expert-v2/riql_s3_20230321_014646/value_199
2023-03-21 02:28:53 - 
[#Step 995000] eval_reward: 2.403, eval_time: 5.280, time: 42.117
	critic_loss: 0.663, max_critic_loss: 25.432, min_critic_loss: 0.001
	actor_loss: -81.814, max_actor_loss: -4.761, min_actor_loss: -107.697
	value_loss: 0.125, max_value_loss: 6.817, min_value_loss: 0.000
	weight: 0.416, max_weight: 0.700, min_weight: 0.300
	v: 76.334, max_v: 107.961, min_v: 4.814
	q1: 76.191, max_q1: 108.292, min_q1: 4.815
	q2: 76.161, max_q2: 108.261, min_q2: 4.631
	target_q: 76.268, max_target_q: 108.315, min_target_q: 4.930

2023-03-21 02:29:03 - Saving checkpoint at step: 200
2023-03-21 02:29:03 - Saved checkpoint at saved_models/halfcheetah-medium-expert-v2/riql_s3_20230321_014646/actor_200
2023-03-21 02:29:03 - Saving checkpoint at step: 200
2023-03-21 02:29:03 - Saved checkpoint at saved_models/halfcheetah-medium-expert-v2/riql_s3_20230321_014646/critic_200
2023-03-21 02:29:03 - Saving checkpoint at step: 200
2023-03-21 02:29:03 - Saved checkpoint at saved_models/halfcheetah-medium-expert-v2/riql_s3_20230321_014646/value_200
2023-03-21 02:29:08 - 
[#Step 1000000] eval_reward: 2.264, eval_time: 5.248, time: 42.362
	critic_loss: 0.844, max_critic_loss: 24.387, min_critic_loss: 0.002
	actor_loss: -82.518, max_actor_loss: -45.785, min_actor_loss: -108.139
	value_loss: 0.209, max_value_loss: 24.034, min_value_loss: 0.000
	weight: 0.505, max_weight: 0.700, min_weight: 0.300
	v: 76.415, max_v: 108.439, min_v: 42.329
	q1: 76.739, max_q1: 108.631, min_q1: 44.623
	q2: 76.704, max_q2: 108.779, min_q2: 43.857
	target_q: 76.402, max_target_q: 107.824, min_target_q: 43.134

2023-03-21 02:29:08 - 
Avg eval reward = 2.63

