2023-03-20 20:59:16 - Exp configurations:
algo: riql
alpha: 5.0
batch_size: 256
env_name: halfcheetah-medium-expert-v2
eval_episodes: 10
eval_freq: 5000
expectile: 0.7
gamma: 0.99
hidden_dims: !!python/tuple
- 256
- 256
initializer: orthogonal
log_dir: 20230321_5seed_mle0
lr: 0.0003
max_timesteps: 1000000
mle_alpha: 0.0
model_dir: saved_models
num_random: 10
seed: 1
tau: 0.005
temperature: 3.0

2023-03-20 21:00:45 - 
[#Step 10000] eval_reward: -0.593, eval_time: 5.663, time: 1.488
	critic_loss: 0.534, max_critic_loss: 25.836, min_critic_loss: 0.000
	actor_loss: -27.923, max_actor_loss: -8.382, min_actor_loss: -43.982
	value_loss: 0.038, max_value_loss: 0.442, min_value_loss: 0.000
	weight: 0.534, max_weight: 0.700, min_weight: 0.300
	v: 27.092, max_v: 43.377, min_v: 7.999
	q1: 27.515, max_q1: 43.801, min_q1: 8.442
	q2: 27.512, max_q2: 43.672, min_q2: 8.315
	target_q: 27.672, max_target_q: 44.170, min_target_q: 8.438

2023-03-20 21:01:11 - 
[#Step 20000] eval_reward: -2.435, eval_time: 5.796, time: 1.919
	critic_loss: 0.586, max_critic_loss: 9.334, min_critic_loss: 0.000
	actor_loss: -46.378, max_actor_loss: -17.676, min_actor_loss: -71.471
	value_loss: 0.108, max_value_loss: 1.978, min_value_loss: 0.000
	weight: 0.423, max_weight: 0.700, min_weight: 0.300
	v: 45.168, max_v: 70.789, min_v: 16.637
	q1: 45.263, max_q1: 71.021, min_q1: 15.211
	q2: 45.289, max_q2: 70.946, min_q2: 15.316
	target_q: 45.286, max_target_q: 70.925, min_target_q: 15.316

2023-03-20 21:01:37 - 
[#Step 30000] eval_reward: -3.641, eval_time: 5.650, time: 2.344
	critic_loss: 1.256, max_critic_loss: 60.875, min_critic_loss: 0.001
	actor_loss: -58.318, max_actor_loss: -23.703, min_actor_loss: -87.733
	value_loss: 0.132, max_value_loss: 2.420, min_value_loss: 0.000
	weight: 0.470, max_weight: 0.700, min_weight: 0.300
	v: 56.935, max_v: 87.699, min_v: 24.747
	q1: 57.001, max_q1: 87.504, min_q1: 22.768
	q2: 57.020, max_q2: 87.782, min_q2: 23.932
	target_q: 57.268, max_target_q: 88.099, min_target_q: 24.470

2023-03-20 21:02:02 - 
[#Step 40000] eval_reward: -3.585, eval_time: 5.676, time: 2.773
	critic_loss: 1.055, max_critic_loss: 31.213, min_critic_loss: 0.001
	actor_loss: -66.549, max_actor_loss: -6.664, min_actor_loss: -99.511
	value_loss: 0.141, max_value_loss: 5.393, min_value_loss: 0.000
	weight: 0.445, max_weight: 0.700, min_weight: 0.300
	v: 65.073, max_v: 100.190, min_v: 6.308
	q1: 65.087, max_q1: 99.941, min_q1: 5.736
	q2: 65.007, max_q2: 99.687, min_q2: 5.319
	target_q: 65.017, max_target_q: 99.496, min_target_q: 5.627

2023-03-20 21:02:28 - 
[#Step 50000] eval_reward: -2.449, eval_time: 5.636, time: 3.199
	critic_loss: 1.439, max_critic_loss: 22.198, min_critic_loss: 0.003
	actor_loss: -71.828, max_actor_loss: -6.058, min_actor_loss: -106.857
	value_loss: 0.213, max_value_loss: 19.723, min_value_loss: 0.000
	weight: 0.442, max_weight: 0.700, min_weight: 0.300
	v: 70.248, max_v: 105.750, min_v: 5.720
	q1: 70.124, max_q1: 106.248, min_q1: 5.231
	q2: 70.132, max_q2: 106.149, min_q2: 5.079
	target_q: 70.244, max_target_q: 105.468, min_target_q: 4.739

2023-03-20 21:02:54 - 
[#Step 60000] eval_reward: -1.882, eval_time: 5.643, time: 3.625
	critic_loss: 1.971, max_critic_loss: 92.259, min_critic_loss: 0.001
	actor_loss: -76.462, max_actor_loss: -37.476, min_actor_loss: -111.764
	value_loss: 0.126, max_value_loss: 2.387, min_value_loss: 0.000
	weight: 0.447, max_weight: 0.700, min_weight: 0.300
	v: 74.951, max_v: 110.358, min_v: 37.155
	q1: 74.586, max_q1: 109.739, min_q1: 37.693
	q2: 74.571, max_q2: 110.183, min_q2: 36.463
	target_q: 75.013, max_target_q: 110.021, min_target_q: 37.212

2023-03-20 21:03:19 - 
[#Step 70000] eval_reward: -0.349, eval_time: 5.655, time: 4.043
	critic_loss: 1.910, max_critic_loss: 29.221, min_critic_loss: 0.002
	actor_loss: -76.779, max_actor_loss: -8.899, min_actor_loss: -113.981
	value_loss: 0.124, max_value_loss: 4.470, min_value_loss: 0.000
	weight: 0.469, max_weight: 0.700, min_weight: 0.300
	v: 74.240, max_v: 112.873, min_v: 10.234
	q1: 74.678, max_q1: 113.473, min_q1: 10.297
	q2: 74.649, max_q2: 113.101, min_q2: 10.203
	target_q: 74.081, max_target_q: 112.491, min_target_q: 9.827

2023-03-20 21:03:44 - 
[#Step 80000] eval_reward: -1.918, eval_time: 5.691, time: 4.466
	critic_loss: 1.879, max_critic_loss: 165.729, min_critic_loss: 0.001
	actor_loss: -78.821, max_actor_loss: -4.352, min_actor_loss: -113.922
	value_loss: 0.177, max_value_loss: 9.807, min_value_loss: 0.000
	weight: 0.447, max_weight: 0.700, min_weight: 0.300
	v: 76.312, max_v: 113.965, min_v: 5.040
	q1: 76.475, max_q1: 114.579, min_q1: 3.541
	q2: 76.436, max_q2: 114.401, min_q2: 4.064
	target_q: 76.181, max_target_q: 114.171, min_target_q: 3.534

2023-03-20 21:04:10 - 
[#Step 90000] eval_reward: -0.110, eval_time: 5.664, time: 4.897
	critic_loss: 1.279, max_critic_loss: 43.152, min_critic_loss: 0.000
	actor_loss: -78.311, max_actor_loss: -3.898, min_actor_loss: -114.745
	value_loss: 0.222, max_value_loss: 2.302, min_value_loss: 0.000
	weight: 0.334, max_weight: 0.700, min_weight: 0.300
	v: 76.191, max_v: 115.256, min_v: 3.919
	q1: 75.784, max_q1: 114.817, min_q1: 3.256
	q2: 75.783, max_q2: 114.481, min_q2: 4.696
	target_q: 75.887, max_target_q: 114.426, min_target_q: 3.661

2023-03-20 21:04:30 - Saving checkpoint at step: 20
2023-03-20 21:04:30 - Saved checkpoint at saved_models/halfcheetah-medium-expert-v2/riql_s1_20230320_205916/actor_20
2023-03-20 21:04:30 - Saving checkpoint at step: 20
2023-03-20 21:04:30 - Saved checkpoint at saved_models/halfcheetah-medium-expert-v2/riql_s1_20230320_205916/critic_20
2023-03-20 21:04:30 - Saving checkpoint at step: 20
2023-03-20 21:04:30 - Saved checkpoint at saved_models/halfcheetah-medium-expert-v2/riql_s1_20230320_205916/value_20
2023-03-20 21:04:35 - 
[#Step 100000] eval_reward: -0.352, eval_time: 5.626, time: 5.321
	critic_loss: 1.532, max_critic_loss: 57.263, min_critic_loss: 0.001
	actor_loss: -77.677, max_actor_loss: -39.398, min_actor_loss: -114.406
	value_loss: 0.183, max_value_loss: 3.328, min_value_loss: 0.000
	weight: 0.498, max_weight: 0.700, min_weight: 0.300
	v: 75.008, max_v: 113.861, min_v: 37.351
	q1: 75.042, max_q1: 114.156, min_q1: 38.014
	q2: 75.050, max_q2: 114.319, min_q2: 37.584
	target_q: 75.009, max_target_q: 113.754, min_target_q: 37.337

2023-03-20 21:05:02 - 
[#Step 110000] eval_reward: -0.073, eval_time: 6.107, time: 5.765
	critic_loss: 1.837, max_critic_loss: 47.395, min_critic_loss: 0.001
	actor_loss: -76.840, max_actor_loss: -5.524, min_actor_loss: -114.151
	value_loss: 0.152, max_value_loss: 2.085, min_value_loss: 0.000
	weight: 0.461, max_weight: 0.700, min_weight: 0.300
	v: 73.194, max_v: 112.948, min_v: 3.633
	q1: 73.312, max_q1: 113.551, min_q1: 4.752
	q2: 73.375, max_q2: 113.932, min_q2: 4.900
	target_q: 72.988, max_target_q: 112.512, min_target_q: 2.785

2023-03-20 21:05:28 - 
[#Step 120000] eval_reward: -0.411, eval_time: 5.794, time: 6.208
	critic_loss: 2.114, max_critic_loss: 108.671, min_critic_loss: 0.001
	actor_loss: -76.587, max_actor_loss: -4.207, min_actor_loss: -113.343
	value_loss: 0.183, max_value_loss: 5.820, min_value_loss: 0.000
	weight: 0.487, max_weight: 0.700, min_weight: 0.300
	v: 73.685, max_v: 113.845, min_v: 2.642
	q1: 73.646, max_q1: 114.329, min_q1: 3.136
	q2: 73.639, max_q2: 114.146, min_q2: 3.055
	target_q: 73.818, max_target_q: 114.276, min_target_q: 4.254

2023-03-20 21:05:55 - 
[#Step 130000] eval_reward: -1.723, eval_time: 5.929, time: 6.645
	critic_loss: 1.559, max_critic_loss: 32.914, min_critic_loss: 0.001
	actor_loss: -84.842, max_actor_loss: -2.752, min_actor_loss: -113.080
	value_loss: 0.219, max_value_loss: 10.922, min_value_loss: 0.000
	weight: 0.419, max_weight: 0.700, min_weight: 0.300
	v: 82.456, max_v: 113.458, min_v: 5.283
	q1: 82.077, max_q1: 112.850, min_q1: 2.694
	q2: 82.154, max_q2: 113.319, min_q2: 1.488
	target_q: 82.330, max_target_q: 112.946, min_target_q: 5.913

2023-03-20 21:06:21 - 
[#Step 140000] eval_reward: -1.765, eval_time: 5.908, time: 7.086
	critic_loss: 1.815, max_critic_loss: 85.368, min_critic_loss: 0.001
	actor_loss: -80.806, max_actor_loss: -1.416, min_actor_loss: -113.656
	value_loss: 0.301, max_value_loss: 11.899, min_value_loss: 0.000
	weight: 0.525, max_weight: 0.700, min_weight: 0.300
	v: 77.198, max_v: 113.306, min_v: 3.372
	q1: 77.326, max_q1: 113.473, min_q1: 1.176
	q2: 77.338, max_q2: 113.668, min_q2: -0.052
	target_q: 77.264, max_target_q: 113.262, min_target_q: 1.534

2023-03-20 21:06:48 - 
[#Step 150000] eval_reward: 0.313, eval_time: 5.948, time: 7.529
	critic_loss: 1.725, max_critic_loss: 44.709, min_critic_loss: 0.001
	actor_loss: -82.273, max_actor_loss: -7.238, min_actor_loss: -114.021
	value_loss: 0.238, max_value_loss: 21.524, min_value_loss: 0.000
	weight: 0.445, max_weight: 0.700, min_weight: 0.300
	v: 78.881, max_v: 114.817, min_v: 5.662
	q1: 78.874, max_q1: 114.716, min_q1: 6.431
	q2: 78.886, max_q2: 114.676, min_q2: 7.332
	target_q: 79.058, max_target_q: 114.403, min_target_q: 6.701

2023-03-20 21:07:13 - 
[#Step 160000] eval_reward: -1.142, eval_time: 5.773, time: 7.957
	critic_loss: 1.880, max_critic_loss: 51.319, min_critic_loss: 0.001
	actor_loss: -80.548, max_actor_loss: -2.207, min_actor_loss: -113.555
	value_loss: 0.338, max_value_loss: 30.900, min_value_loss: 0.000
	weight: 0.472, max_weight: 0.700, min_weight: 0.300
	v: 77.468, max_v: 113.745, min_v: 0.565
	q1: 77.493, max_q1: 113.681, min_q1: 2.006
	q2: 77.446, max_q2: 113.436, min_q2: 1.391
	target_q: 77.392, max_target_q: 112.829, min_target_q: 1.299

2023-03-20 21:07:40 - 
[#Step 170000] eval_reward: -2.053, eval_time: 5.735, time: 8.391
	critic_loss: 1.752, max_critic_loss: 41.468, min_critic_loss: 0.001
	actor_loss: -80.459, max_actor_loss: -4.791, min_actor_loss: -113.724
	value_loss: 0.181, max_value_loss: 3.634, min_value_loss: 0.000
	weight: 0.444, max_weight: 0.700, min_weight: 0.300
	v: 77.082, max_v: 113.405, min_v: 1.266
	q1: 76.931, max_q1: 113.344, min_q1: 3.503
	q2: 76.950, max_q2: 113.481, min_q2: 3.441
	target_q: 77.118, max_target_q: 114.142, min_target_q: 2.387

2023-03-20 21:08:05 - 
[#Step 180000] eval_reward: -1.182, eval_time: 5.796, time: 8.822
	critic_loss: 1.402, max_critic_loss: 71.646, min_critic_loss: 0.001
	actor_loss: -80.739, max_actor_loss: -3.220, min_actor_loss: -112.968
	value_loss: 0.191, max_value_loss: 2.399, min_value_loss: 0.000
	weight: 0.384, max_weight: 0.700, min_weight: 0.300
	v: 77.268, max_v: 113.073, min_v: 2.905
	q1: 76.990, max_q1: 113.226, min_q1: 2.686
	q2: 76.965, max_q2: 113.138, min_q2: 2.210
	target_q: 76.959, max_target_q: 112.799, min_target_q: 2.591

2023-03-20 21:08:32 - 
[#Step 190000] eval_reward: -1.310, eval_time: 6.176, time: 9.264
	critic_loss: 1.096, max_critic_loss: 28.626, min_critic_loss: 0.000
	actor_loss: -81.875, max_actor_loss: -43.000, min_actor_loss: -113.136
	value_loss: 0.304, max_value_loss: 32.440, min_value_loss: 0.000
	weight: 0.467, max_weight: 0.700, min_weight: 0.300
	v: 78.078, max_v: 113.053, min_v: 42.086
	q1: 78.204, max_q1: 112.987, min_q1: 42.229
	q2: 78.232, max_q2: 112.774, min_q2: 43.140
	target_q: 78.059, max_target_q: 112.509, min_target_q: 42.389

2023-03-20 21:08:52 - Saving checkpoint at step: 40
2023-03-20 21:08:52 - Saved checkpoint at saved_models/halfcheetah-medium-expert-v2/riql_s1_20230320_205916/actor_40
2023-03-20 21:08:52 - Saving checkpoint at step: 40
2023-03-20 21:08:52 - Saved checkpoint at saved_models/halfcheetah-medium-expert-v2/riql_s1_20230320_205916/critic_40
2023-03-20 21:08:52 - Saving checkpoint at step: 40
2023-03-20 21:08:52 - Saved checkpoint at saved_models/halfcheetah-medium-expert-v2/riql_s1_20230320_205916/value_40
2023-03-20 21:08:58 - 
[#Step 200000] eval_reward: -0.875, eval_time: 5.871, time: 9.704
	critic_loss: 1.167, max_critic_loss: 19.274, min_critic_loss: 0.007
	actor_loss: -82.327, max_actor_loss: -43.393, min_actor_loss: -111.906
	value_loss: 0.138, max_value_loss: 6.558, min_value_loss: 0.000
	weight: 0.488, max_weight: 0.700, min_weight: 0.300
	v: 78.303, max_v: 111.303, min_v: 43.115
	q1: 78.517, max_q1: 111.082, min_q1: 44.052
	q2: 78.521, max_q2: 111.355, min_q2: 43.671
	target_q: 78.210, max_target_q: 110.593, min_target_q: 43.649

2023-03-20 21:09:24 - 
[#Step 210000] eval_reward: -1.076, eval_time: 5.688, time: 10.137
	critic_loss: 1.893, max_critic_loss: 212.580, min_critic_loss: 0.000
	actor_loss: -82.257, max_actor_loss: -5.469, min_actor_loss: -112.372
	value_loss: 0.214, max_value_loss: 12.396, min_value_loss: 0.000
	weight: 0.411, max_weight: 0.700, min_weight: 0.300
	v: 78.245, max_v: 112.743, min_v: 5.821
	q1: 78.059, max_q1: 112.551, min_q1: 5.103
	q2: 78.062, max_q2: 112.184, min_q2: 4.123
	target_q: 78.027, max_target_q: 112.727, min_target_q: 5.131

2023-03-20 21:09:51 - 
[#Step 220000] eval_reward: -1.827, eval_time: 5.916, time: 10.578
	critic_loss: 2.178, max_critic_loss: 101.206, min_critic_loss: 0.001
	actor_loss: -82.578, max_actor_loss: -42.552, min_actor_loss: -110.982
	value_loss: 0.253, max_value_loss: 15.033, min_value_loss: 0.000
	weight: 0.480, max_weight: 0.700, min_weight: 0.300
	v: 78.538, max_v: 111.074, min_v: 42.399
	q1: 78.585, max_q1: 111.116, min_q1: 43.946
	q2: 78.645, max_q2: 111.141, min_q2: 43.274
	target_q: 78.460, max_target_q: 110.973, min_target_q: 42.280

2023-03-20 21:10:17 - 
[#Step 230000] eval_reward: -1.510, eval_time: 6.417, time: 11.019
	critic_loss: 2.476, max_critic_loss: 36.759, min_critic_loss: 0.001
	actor_loss: -81.726, max_actor_loss: -5.853, min_actor_loss: -110.966
	value_loss: 0.390, max_value_loss: 32.570, min_value_loss: 0.000
	weight: 0.433, max_weight: 0.700, min_weight: 0.300
	v: 77.927, max_v: 111.626, min_v: 5.077
	q1: 77.462, max_q1: 110.913, min_q1: 5.433
	q2: 77.471, max_q2: 110.838, min_q2: 4.662
	target_q: 78.002, max_target_q: 111.238, min_target_q: 5.201

2023-03-20 21:10:43 - 
[#Step 240000] eval_reward: -1.841, eval_time: 5.696, time: 11.450
	critic_loss: 1.013, max_critic_loss: 32.977, min_critic_loss: 0.001
	actor_loss: -81.497, max_actor_loss: -28.879, min_actor_loss: -112.247
	value_loss: 0.189, max_value_loss: 6.448, min_value_loss: 0.000
	weight: 0.403, max_weight: 0.700, min_weight: 0.300
	v: 77.351, max_v: 111.571, min_v: 27.561
	q1: 77.239, max_q1: 111.871, min_q1: 26.775
	q2: 77.261, max_q2: 112.032, min_q2: 25.835
	target_q: 77.007, max_target_q: 111.374, min_target_q: 25.659

2023-03-20 21:11:10 - 
[#Step 250000] eval_reward: -0.849, eval_time: 6.013, time: 11.893
	critic_loss: 1.165, max_critic_loss: 39.264, min_critic_loss: 0.000
	actor_loss: -80.510, max_actor_loss: -19.268, min_actor_loss: -110.474
	value_loss: 0.485, max_value_loss: 57.431, min_value_loss: 0.000
	weight: 0.414, max_weight: 0.700, min_weight: 0.300
	v: 76.359, max_v: 110.084, min_v: 22.634
	q1: 76.203, max_q1: 110.584, min_q1: 17.255
	q2: 76.199, max_q2: 110.604, min_q2: 17.724
	target_q: 76.114, max_target_q: 110.246, min_target_q: 19.364

2023-03-20 21:11:36 - 
[#Step 260000] eval_reward: -0.929, eval_time: 5.643, time: 12.328
	critic_loss: 1.409, max_critic_loss: 44.368, min_critic_loss: 0.000
	actor_loss: -80.552, max_actor_loss: -4.032, min_actor_loss: -110.482
	value_loss: 0.462, max_value_loss: 57.941, min_value_loss: 0.000
	weight: 0.436, max_weight: 0.700, min_weight: 0.300
	v: 76.470, max_v: 110.900, min_v: 3.408
	q1: 76.496, max_q1: 111.283, min_q1: 3.831
	q2: 76.437, max_q2: 111.091, min_q2: 4.219
	target_q: 76.406, max_target_q: 110.809, min_target_q: 4.046

2023-03-20 21:12:01 - 
[#Step 270000] eval_reward: -1.597, eval_time: 5.566, time: 12.756
	critic_loss: 1.028, max_critic_loss: 44.316, min_critic_loss: 0.000
	actor_loss: -79.436, max_actor_loss: -4.648, min_actor_loss: -110.561
	value_loss: 0.211, max_value_loss: 4.826, min_value_loss: 0.000
	weight: 0.414, max_weight: 0.700, min_weight: 0.300
	v: 75.063, max_v: 111.080, min_v: 2.466
	q1: 74.899, max_q1: 110.213, min_q1: 4.675
	q2: 74.811, max_q2: 110.402, min_q2: 4.114
	target_q: 74.806, max_target_q: 110.469, min_target_q: 3.152

2023-03-20 21:12:27 - 
[#Step 280000] eval_reward: -0.938, eval_time: 5.626, time: 13.175
	critic_loss: 1.088, max_critic_loss: 21.575, min_critic_loss: 0.001
	actor_loss: -81.637, max_actor_loss: -41.690, min_actor_loss: -110.396
	value_loss: 0.155, max_value_loss: 6.799, min_value_loss: 0.000
	weight: 0.386, max_weight: 0.700, min_weight: 0.300
	v: 77.603, max_v: 111.244, min_v: 44.639
	q1: 77.274, max_q1: 110.855, min_q1: 41.468
	q2: 77.324, max_q2: 110.997, min_q2: 43.314
	target_q: 77.564, max_target_q: 111.547, min_target_q: 44.751

2023-03-20 21:12:51 - 
[#Step 290000] eval_reward: 0.005, eval_time: 4.385, time: 13.575
	critic_loss: 1.585, max_critic_loss: 129.020, min_critic_loss: 0.000
	actor_loss: -81.128, max_actor_loss: -5.339, min_actor_loss: -110.674
	value_loss: 0.216, max_value_loss: 7.834, min_value_loss: 0.000
	weight: 0.408, max_weight: 0.700, min_weight: 0.300
	v: 77.057, max_v: 111.451, min_v: 4.846
	q1: 76.752, max_q1: 110.994, min_q1: 5.206
	q2: 76.716, max_q2: 110.845, min_q2: 4.680
	target_q: 76.877, max_target_q: 110.976, min_target_q: 6.031

2023-03-20 21:13:10 - Saving checkpoint at step: 60
2023-03-20 21:13:10 - Saved checkpoint at saved_models/halfcheetah-medium-expert-v2/riql_s1_20230320_205916/actor_60
2023-03-20 21:13:10 - Saving checkpoint at step: 60
2023-03-20 21:13:10 - Saved checkpoint at saved_models/halfcheetah-medium-expert-v2/riql_s1_20230320_205916/critic_60
2023-03-20 21:13:10 - Saving checkpoint at step: 60
2023-03-20 21:13:10 - Saved checkpoint at saved_models/halfcheetah-medium-expert-v2/riql_s1_20230320_205916/value_60
2023-03-20 21:13:16 - 
[#Step 300000] eval_reward: -0.093, eval_time: 5.636, time: 13.999
	critic_loss: 1.408, max_critic_loss: 45.480, min_critic_loss: 0.001
	actor_loss: -81.793, max_actor_loss: -34.209, min_actor_loss: -110.322
	value_loss: 0.419, max_value_loss: 63.603, min_value_loss: 0.000
	weight: 0.397, max_weight: 0.700, min_weight: 0.300
	v: 77.500, max_v: 111.311, min_v: 34.630
	q1: 77.093, max_q1: 109.874, min_q1: 33.696
	q2: 77.130, max_q2: 109.976, min_q2: 37.253
	target_q: 77.451, max_target_q: 111.066, min_target_q: 31.050

2023-03-20 21:13:41 - 
[#Step 310000] eval_reward: -0.165, eval_time: 5.506, time: 14.416
	critic_loss: 0.888, max_critic_loss: 64.771, min_critic_loss: 0.001
	actor_loss: -82.223, max_actor_loss: -43.139, min_actor_loss: -110.392
	value_loss: 0.205, max_value_loss: 6.753, min_value_loss: 0.000
	weight: 0.434, max_weight: 0.700, min_weight: 0.300
	v: 77.864, max_v: 110.562, min_v: 42.043
	q1: 77.662, max_q1: 110.359, min_q1: 43.230
	q2: 77.696, max_q2: 110.515, min_q2: 43.395
	target_q: 77.605, max_target_q: 110.144, min_target_q: 44.208

2023-03-20 21:14:07 - 
[#Step 320000] eval_reward: 0.674, eval_time: 5.941, time: 14.851
	critic_loss: 1.155, max_critic_loss: 53.161, min_critic_loss: 0.001
	actor_loss: -82.671, max_actor_loss: -8.085, min_actor_loss: -109.803
	value_loss: 0.215, max_value_loss: 11.515, min_value_loss: 0.000
	weight: 0.417, max_weight: 0.700, min_weight: 0.300
	v: 78.271, max_v: 109.560, min_v: 6.576
	q1: 77.976, max_q1: 109.888, min_q1: 7.177
	q2: 78.064, max_q2: 109.948, min_q2: 6.988
	target_q: 77.998, max_target_q: 109.328, min_target_q: 6.656

2023-03-20 21:14:33 - 
[#Step 330000] eval_reward: 0.349, eval_time: 5.586, time: 15.281
	critic_loss: 0.905, max_critic_loss: 15.404, min_critic_loss: 0.000
	actor_loss: -81.452, max_actor_loss: -45.525, min_actor_loss: -109.024
	value_loss: 0.149, max_value_loss: 8.775, min_value_loss: 0.000
	weight: 0.489, max_weight: 0.700, min_weight: 0.300
	v: 76.281, max_v: 109.417, min_v: 45.544
	q1: 76.318, max_q1: 109.466, min_q1: 44.833
	q2: 76.311, max_q2: 109.521, min_q2: 44.808
	target_q: 76.249, max_target_q: 109.424, min_target_q: 44.953

2023-03-20 21:14:58 - 
[#Step 340000] eval_reward: -0.122, eval_time: 5.627, time: 15.704
	critic_loss: 1.612, max_critic_loss: 22.153, min_critic_loss: 0.002
	actor_loss: -77.934, max_actor_loss: -5.845, min_actor_loss: -110.518
	value_loss: 0.312, max_value_loss: 9.287, min_value_loss: 0.000
	weight: 0.391, max_weight: 0.700, min_weight: 0.300
	v: 73.646, max_v: 111.839, min_v: 6.520
	q1: 73.211, max_q1: 110.559, min_q1: 5.713
	q2: 73.210, max_q2: 110.789, min_q2: 5.728
	target_q: 73.615, max_target_q: 111.449, min_target_q: 6.397

2023-03-20 21:15:24 - 
[#Step 350000] eval_reward: -0.088, eval_time: 5.671, time: 16.129
	critic_loss: 1.933, max_critic_loss: 53.246, min_critic_loss: 0.000
	actor_loss: -81.869, max_actor_loss: -44.310, min_actor_loss: -109.084
	value_loss: 0.167, max_value_loss: 5.375, min_value_loss: 0.000
	weight: 0.448, max_weight: 0.700, min_weight: 0.300
	v: 77.522, max_v: 109.835, min_v: 43.202
	q1: 77.230, max_q1: 109.473, min_q1: 43.798
	q2: 77.275, max_q2: 109.553, min_q2: 44.197
	target_q: 77.544, max_target_q: 109.503, min_target_q: 43.397

2023-03-20 21:15:49 - 
[#Step 360000] eval_reward: 0.379, eval_time: 5.641, time: 16.554
	critic_loss: 1.164, max_critic_loss: 29.056, min_critic_loss: 0.001
	actor_loss: -82.667, max_actor_loss: -8.031, min_actor_loss: -109.250
	value_loss: 0.160, max_value_loss: 9.451, min_value_loss: 0.000
	weight: 0.466, max_weight: 0.700, min_weight: 0.300
	v: 77.683, max_v: 109.268, min_v: 7.515
	q1: 77.559, max_q1: 109.274, min_q1: 8.507
	q2: 77.601, max_q2: 109.275, min_q2: 8.472
	target_q: 77.552, max_target_q: 109.206, min_target_q: 8.192

2023-03-20 21:16:15 - 
[#Step 370000] eval_reward: -0.106, eval_time: 5.578, time: 16.976
	critic_loss: 1.025, max_critic_loss: 26.773, min_critic_loss: 0.002
	actor_loss: -83.622, max_actor_loss: -5.494, min_actor_loss: -109.545
	value_loss: 0.200, max_value_loss: 10.854, min_value_loss: 0.000
	weight: 0.392, max_weight: 0.700, min_weight: 0.300
	v: 79.843, max_v: 110.218, min_v: 5.808
	q1: 79.572, max_q1: 109.687, min_q1: 5.234
	q2: 79.496, max_q2: 109.667, min_q2: 5.022
	target_q: 79.615, max_target_q: 110.331, min_target_q: 5.385

2023-03-20 21:16:40 - 
[#Step 380000] eval_reward: -0.157, eval_time: 5.676, time: 17.404
	critic_loss: 1.360, max_critic_loss: 50.432, min_critic_loss: 0.001
	actor_loss: -82.157, max_actor_loss: -32.793, min_actor_loss: -110.527
	value_loss: 0.198, max_value_loss: 16.746, min_value_loss: 0.000
	weight: 0.425, max_weight: 0.700, min_weight: 0.300
	v: 77.308, max_v: 109.296, min_v: 29.172
	q1: 77.105, max_q1: 109.565, min_q1: 32.883
	q2: 77.099, max_q2: 109.456, min_q2: 33.120
	target_q: 77.112, max_target_q: 109.467, min_target_q: 29.038

2023-03-20 21:17:06 - 
[#Step 390000] eval_reward: 0.763, eval_time: 5.597, time: 17.828
	critic_loss: 0.908, max_critic_loss: 45.024, min_critic_loss: 0.000
	actor_loss: -82.307, max_actor_loss: -6.898, min_actor_loss: -109.760
	value_loss: 0.106, max_value_loss: 3.806, min_value_loss: 0.000
	weight: 0.450, max_weight: 0.700, min_weight: 0.300
	v: 77.390, max_v: 109.809, min_v: 6.568
	q1: 77.323, max_q1: 109.877, min_q1: 7.348
	q2: 77.233, max_q2: 109.811, min_q2: 6.691
	target_q: 77.345, max_target_q: 110.089, min_target_q: 7.052

2023-03-20 21:17:26 - Saving checkpoint at step: 80
2023-03-20 21:17:26 - Saved checkpoint at saved_models/halfcheetah-medium-expert-v2/riql_s1_20230320_205916/actor_80
2023-03-20 21:17:26 - Saving checkpoint at step: 80
2023-03-20 21:17:26 - Saved checkpoint at saved_models/halfcheetah-medium-expert-v2/riql_s1_20230320_205916/critic_80
2023-03-20 21:17:26 - Saving checkpoint at step: 80
2023-03-20 21:17:26 - Saved checkpoint at saved_models/halfcheetah-medium-expert-v2/riql_s1_20230320_205916/value_80
2023-03-20 21:17:31 - 
[#Step 400000] eval_reward: 0.449, eval_time: 5.585, time: 18.254
	critic_loss: 3.700, max_critic_loss: 633.874, min_critic_loss: 0.002
	actor_loss: -80.774, max_actor_loss: -6.798, min_actor_loss: -109.507
	value_loss: 0.266, max_value_loss: 11.690, min_value_loss: 0.000
	weight: 0.533, max_weight: 0.700, min_weight: 0.300
	v: 75.254, max_v: 109.009, min_v: 5.520
	q1: 75.394, max_q1: 109.653, min_q1: 6.414
	q2: 75.411, max_q2: 109.730, min_q2: 5.920
	target_q: 75.295, max_target_q: 109.485, min_target_q: 5.355

2023-03-20 21:17:57 - 
[#Step 410000] eval_reward: 0.348, eval_time: 5.668, time: 18.676
	critic_loss: 1.255, max_critic_loss: 62.078, min_critic_loss: 0.000
	actor_loss: -84.398, max_actor_loss: -7.825, min_actor_loss: -109.919
	value_loss: 0.150, max_value_loss: 6.511, min_value_loss: 0.000
	weight: 0.494, max_weight: 0.700, min_weight: 0.300
	v: 79.675, max_v: 109.523, min_v: 7.160
	q1: 79.910, max_q1: 109.817, min_q1: 7.682
	q2: 79.860, max_q2: 109.610, min_q2: 7.860
	target_q: 79.505, max_target_q: 109.139, min_target_q: 6.779

2023-03-20 21:18:23 - 
[#Step 420000] eval_reward: 0.579, eval_time: 5.752, time: 19.111
	critic_loss: 1.304, max_critic_loss: 28.690, min_critic_loss: 0.001
	actor_loss: -80.325, max_actor_loss: -6.496, min_actor_loss: -108.913
	value_loss: 0.219, max_value_loss: 12.817, min_value_loss: 0.000
	weight: 0.483, max_weight: 0.700, min_weight: 0.300
	v: 75.555, max_v: 109.456, min_v: 7.174
	q1: 75.357, max_q1: 109.191, min_q1: 6.759
	q2: 75.385, max_q2: 109.698, min_q2: 7.822
	target_q: 75.578, max_target_q: 109.343, min_target_q: 7.072

2023-03-20 21:18:48 - 
[#Step 430000] eval_reward: -0.105, eval_time: 5.707, time: 19.539
	critic_loss: 0.887, max_critic_loss: 15.289, min_critic_loss: 0.001
	actor_loss: -81.910, max_actor_loss: -20.203, min_actor_loss: -109.000
	value_loss: 0.447, max_value_loss: 60.921, min_value_loss: 0.000
	weight: 0.473, max_weight: 0.700, min_weight: 0.300
	v: 77.192, max_v: 109.623, min_v: 21.205
	q1: 77.112, max_q1: 109.092, min_q1: 22.613
	q2: 77.066, max_q2: 109.467, min_q2: 20.733
	target_q: 77.258, max_target_q: 108.568, min_target_q: 23.941

2023-03-20 21:19:14 - 
[#Step 440000] eval_reward: -1.568, eval_time: 5.735, time: 19.966
	critic_loss: 1.088, max_critic_loss: 12.961, min_critic_loss: 0.003
	actor_loss: -81.507, max_actor_loss: -32.165, min_actor_loss: -108.802
	value_loss: 0.235, max_value_loss: 14.852, min_value_loss: 0.000
	weight: 0.550, max_weight: 0.700, min_weight: 0.300
	v: 76.000, max_v: 108.284, min_v: 30.312
	q1: 76.077, max_q1: 108.544, min_q1: 30.710
	q2: 76.088, max_q2: 108.584, min_q2: 29.901
	target_q: 75.925, max_target_q: 108.133, min_target_q: 32.819

2023-03-20 21:19:39 - 
[#Step 450000] eval_reward: 2.893, eval_time: 5.666, time: 20.391
	critic_loss: 0.997, max_critic_loss: 33.045, min_critic_loss: 0.001
	actor_loss: -80.128, max_actor_loss: -7.358, min_actor_loss: -110.071
	value_loss: 0.132, max_value_loss: 4.286, min_value_loss: 0.000
	weight: 0.412, max_weight: 0.700, min_weight: 0.300
	v: 74.606, max_v: 110.243, min_v: 5.893
	q1: 74.279, max_q1: 110.224, min_q1: 7.167
	q2: 74.294, max_q2: 110.108, min_q2: 7.134
	target_q: 74.296, max_target_q: 110.133, min_target_q: 5.507

2023-03-20 21:20:05 - 
[#Step 460000] eval_reward: 1.330, eval_time: 5.622, time: 20.814
	critic_loss: 1.145, max_critic_loss: 64.855, min_critic_loss: 0.000
	actor_loss: -80.155, max_actor_loss: -43.362, min_actor_loss: -108.933
	value_loss: 0.235, max_value_loss: 17.768, min_value_loss: 0.000
	weight: 0.484, max_weight: 0.700, min_weight: 0.300
	v: 74.811, max_v: 109.810, min_v: 43.282
	q1: 74.817, max_q1: 109.944, min_q1: 42.995
	q2: 74.867, max_q2: 109.772, min_q2: 43.087
	target_q: 74.896, max_target_q: 110.148, min_target_q: 43.014

2023-03-20 21:20:30 - 
[#Step 470000] eval_reward: 0.963, eval_time: 5.588, time: 21.235
	critic_loss: 0.893, max_critic_loss: 19.001, min_critic_loss: 0.000
	actor_loss: -80.946, max_actor_loss: -6.746, min_actor_loss: -108.784
	value_loss: 0.147, max_value_loss: 6.220, min_value_loss: 0.000
	weight: 0.467, max_weight: 0.700, min_weight: 0.300
	v: 76.143, max_v: 109.434, min_v: 6.769
	q1: 76.112, max_q1: 109.206, min_q1: 7.438
	q2: 76.070, max_q2: 109.166, min_q2: 7.144
	target_q: 76.115, max_target_q: 109.064, min_target_q: 6.329

2023-03-20 21:20:55 - 
[#Step 480000] eval_reward: 3.340, eval_time: 4.458, time: 21.645
	critic_loss: 1.096, max_critic_loss: 37.806, min_critic_loss: 0.002
	actor_loss: -79.916, max_actor_loss: -7.785, min_actor_loss: -107.739
	value_loss: 0.320, max_value_loss: 28.665, min_value_loss: 0.000
	weight: 0.387, max_weight: 0.700, min_weight: 0.300
	v: 75.407, max_v: 108.047, min_v: 6.762
	q1: 75.070, max_q1: 107.635, min_q1: 7.522
	q2: 75.070, max_q2: 107.743, min_q2: 7.262
	target_q: 75.350, max_target_q: 107.946, min_target_q: 6.658

2023-03-20 21:21:20 - 
[#Step 490000] eval_reward: 0.399, eval_time: 5.737, time: 22.071
	critic_loss: 0.970, max_critic_loss: 15.036, min_critic_loss: 0.000
	actor_loss: -82.760, max_actor_loss: -4.829, min_actor_loss: -109.463
	value_loss: 0.413, max_value_loss: 38.725, min_value_loss: 0.000
	weight: 0.459, max_weight: 0.700, min_weight: 0.300
	v: 77.687, max_v: 110.067, min_v: 5.345
	q1: 77.474, max_q1: 109.676, min_q1: 4.801
	q2: 77.527, max_q2: 109.912, min_q2: 4.199
	target_q: 77.743, max_target_q: 109.967, min_target_q: 4.670

2023-03-20 21:21:40 - Saving checkpoint at step: 100
2023-03-20 21:21:40 - Saved checkpoint at saved_models/halfcheetah-medium-expert-v2/riql_s1_20230320_205916/actor_100
2023-03-20 21:21:40 - Saving checkpoint at step: 100
2023-03-20 21:21:40 - Saved checkpoint at saved_models/halfcheetah-medium-expert-v2/riql_s1_20230320_205916/critic_100
2023-03-20 21:21:40 - Saving checkpoint at step: 100
2023-03-20 21:21:40 - Saved checkpoint at saved_models/halfcheetah-medium-expert-v2/riql_s1_20230320_205916/value_100
2023-03-20 21:21:46 - 
[#Step 500000] eval_reward: 2.723, eval_time: 5.933, time: 22.503
	critic_loss: 1.089, max_critic_loss: 32.132, min_critic_loss: 0.002
	actor_loss: -81.797, max_actor_loss: -4.639, min_actor_loss: -108.642
	value_loss: 0.736, max_value_loss: 100.937, min_value_loss: 0.000
	weight: 0.439, max_weight: 0.700, min_weight: 0.300
	v: 76.079, max_v: 108.858, min_v: 6.185
	q1: 76.107, max_q1: 108.518, min_q1: 4.648
	q2: 76.048, max_q2: 108.619, min_q2: 5.793
	target_q: 76.344, max_target_q: 109.019, min_target_q: 6.508

2023-03-20 21:22:12 - 
[#Step 510000] eval_reward: 2.533, eval_time: 5.616, time: 22.928
	critic_loss: 1.911, max_critic_loss: 137.902, min_critic_loss: 0.000
	actor_loss: -78.277, max_actor_loss: -30.791, min_actor_loss: -108.500
	value_loss: 0.457, max_value_loss: 54.495, min_value_loss: 0.000
	weight: 0.528, max_weight: 0.700, min_weight: 0.300
	v: 72.315, max_v: 108.213, min_v: 28.464
	q1: 72.284, max_q1: 108.572, min_q1: 28.082
	q2: 72.292, max_q2: 108.496, min_q2: 28.391
	target_q: 72.232, max_target_q: 108.573, min_target_q: 28.781

2023-03-20 21:22:37 - 
[#Step 520000] eval_reward: 1.357, eval_time: 5.751, time: 23.347
	critic_loss: 0.816, max_critic_loss: 19.831, min_critic_loss: 0.001
	actor_loss: -82.509, max_actor_loss: -34.295, min_actor_loss: -108.939
	value_loss: 0.426, max_value_loss: 44.641, min_value_loss: 0.000
	weight: 0.528, max_weight: 0.700, min_weight: 0.300
	v: 77.300, max_v: 108.612, min_v: 30.994
	q1: 77.395, max_q1: 108.949, min_q1: 33.140
	q2: 77.377, max_q2: 108.796, min_q2: 29.631
	target_q: 77.285, max_target_q: 109.028, min_target_q: 30.483

2023-03-20 21:23:03 - 
[#Step 530000] eval_reward: 1.320, eval_time: 6.043, time: 23.790
	critic_loss: 1.640, max_critic_loss: 80.911, min_critic_loss: 0.001
	actor_loss: -77.488, max_actor_loss: -5.293, min_actor_loss: -108.762
	value_loss: 0.167, max_value_loss: 3.690, min_value_loss: 0.000
	weight: 0.450, max_weight: 0.700, min_weight: 0.300
	v: 70.867, max_v: 109.137, min_v: 5.007
	q1: 70.922, max_q1: 109.361, min_q1: 4.869
	q2: 70.979, max_q2: 109.202, min_q2: 5.403
	target_q: 70.648, max_target_q: 108.811, min_target_q: 4.951

2023-03-20 21:23:31 - 
[#Step 540000] eval_reward: 2.472, eval_time: 6.197, time: 24.244
	critic_loss: 1.208, max_critic_loss: 36.665, min_critic_loss: 0.009
	actor_loss: -81.083, max_actor_loss: -4.367, min_actor_loss: -107.377
	value_loss: 0.342, max_value_loss: 17.642, min_value_loss: 0.000
	weight: 0.492, max_weight: 0.700, min_weight: 0.300
	v: 75.854, max_v: 107.684, min_v: 4.498
	q1: 75.763, max_q1: 107.608, min_q1: 4.108
	q2: 75.799, max_q2: 107.951, min_q2: 3.727
	target_q: 75.940, max_target_q: 108.267, min_target_q: 4.872

2023-03-20 21:23:57 - 
[#Step 550000] eval_reward: 6.167, eval_time: 5.669, time: 24.676
	critic_loss: 0.758, max_critic_loss: 12.587, min_critic_loss: 0.001
	actor_loss: -81.009, max_actor_loss: -4.351, min_actor_loss: -108.370
	value_loss: 0.121, max_value_loss: 3.065, min_value_loss: 0.000
	weight: 0.478, max_weight: 0.700, min_weight: 0.300
	v: 75.020, max_v: 107.968, min_v: 3.747
	q1: 75.205, max_q1: 108.674, min_q1: 3.718
	q2: 75.129, max_q2: 108.734, min_q2: 4.352
	target_q: 74.976, max_target_q: 108.231, min_target_q: 4.290

2023-03-20 21:24:22 - 
[#Step 560000] eval_reward: 3.270, eval_time: 5.663, time: 25.102
	critic_loss: 1.614, max_critic_loss: 74.674, min_critic_loss: 0.001
	actor_loss: -79.267, max_actor_loss: -4.045, min_actor_loss: -108.624
	value_loss: 0.455, max_value_loss: 61.409, min_value_loss: 0.000
	weight: 0.448, max_weight: 0.700, min_weight: 0.300
	v: 72.331, max_v: 107.943, min_v: 5.595
	q1: 72.425, max_q1: 107.716, min_q1: 2.680
	q2: 72.352, max_q2: 107.814, min_q2: 3.036
	target_q: 72.091, max_target_q: 107.721, min_target_q: 6.066

2023-03-20 21:24:48 - 
[#Step 570000] eval_reward: 2.493, eval_time: 5.725, time: 25.527
	critic_loss: 0.648, max_critic_loss: 20.240, min_critic_loss: 0.002
	actor_loss: -79.895, max_actor_loss: -4.175, min_actor_loss: -109.016
	value_loss: 0.156, max_value_loss: 3.290, min_value_loss: 0.000
	weight: 0.391, max_weight: 0.700, min_weight: 0.300
	v: 73.945, max_v: 109.653, min_v: 4.449
	q1: 73.776, max_q1: 109.182, min_q1: 3.636
	q2: 73.832, max_q2: 109.210, min_q2: 4.744
	target_q: 73.822, max_target_q: 108.854, min_target_q: 4.134

2023-03-20 21:25:14 - 
[#Step 580000] eval_reward: 1.261, eval_time: 5.663, time: 25.960
	critic_loss: 1.491, max_critic_loss: 49.168, min_critic_loss: 0.001
	actor_loss: -82.226, max_actor_loss: -44.178, min_actor_loss: -108.746
	value_loss: 0.521, max_value_loss: 82.703, min_value_loss: 0.000
	weight: 0.472, max_weight: 0.700, min_weight: 0.300
	v: 77.178, max_v: 108.431, min_v: 42.360
	q1: 77.450, max_q1: 108.874, min_q1: 42.745
	q2: 77.485, max_q2: 108.914, min_q2: 42.969
	target_q: 77.090, max_target_q: 108.249, min_target_q: 41.242

2023-03-20 21:25:39 - 
[#Step 590000] eval_reward: 2.336, eval_time: 5.581, time: 26.385
	critic_loss: 0.788, max_critic_loss: 16.873, min_critic_loss: 0.001
	actor_loss: -79.597, max_actor_loss: -45.547, min_actor_loss: -107.870
	value_loss: 0.568, max_value_loss: 85.197, min_value_loss: 0.000
	weight: 0.411, max_weight: 0.700, min_weight: 0.300
	v: 73.771, max_v: 109.171, min_v: 46.984
	q1: 73.565, max_q1: 109.094, min_q1: 45.550
	q2: 73.608, max_q2: 108.896, min_q2: 44.414
	target_q: 73.611, max_target_q: 110.166, min_target_q: 46.311

2023-03-20 21:25:59 - Saving checkpoint at step: 120
2023-03-20 21:25:59 - Saved checkpoint at saved_models/halfcheetah-medium-expert-v2/riql_s1_20230320_205916/actor_120
2023-03-20 21:25:59 - Saving checkpoint at step: 120
2023-03-20 21:25:59 - Saved checkpoint at saved_models/halfcheetah-medium-expert-v2/riql_s1_20230320_205916/critic_120
2023-03-20 21:25:59 - Saving checkpoint at step: 120
2023-03-20 21:25:59 - Saved checkpoint at saved_models/halfcheetah-medium-expert-v2/riql_s1_20230320_205916/value_120
2023-03-20 21:26:05 - 
[#Step 600000] eval_reward: 2.883, eval_time: 6.040, time: 26.815
	critic_loss: 1.046, max_critic_loss: 16.260, min_critic_loss: 0.000
	actor_loss: -78.525, max_actor_loss: -4.448, min_actor_loss: -108.025
	value_loss: 0.212, max_value_loss: 9.422, min_value_loss: 0.000
	weight: 0.450, max_weight: 0.700, min_weight: 0.300
	v: 73.512, max_v: 108.123, min_v: 6.028
	q1: 73.372, max_q1: 108.210, min_q1: 4.740
	q2: 73.426, max_q2: 108.263, min_q2: 5.042
	target_q: 73.361, max_target_q: 107.524, min_target_q: 6.051

2023-03-20 21:26:32 - 
[#Step 610000] eval_reward: 4.999, eval_time: 6.044, time: 27.260
	critic_loss: 0.887, max_critic_loss: 16.499, min_critic_loss: 0.001
	actor_loss: -80.271, max_actor_loss: -4.158, min_actor_loss: -107.669
	value_loss: 0.211, max_value_loss: 4.383, min_value_loss: 0.000
	weight: 0.516, max_weight: 0.700, min_weight: 0.300
	v: 75.192, max_v: 108.943, min_v: 4.053
	q1: 75.000, max_q1: 108.305, min_q1: 3.561
	q2: 75.044, max_q2: 108.457, min_q2: 4.265
	target_q: 75.251, max_target_q: 108.158, min_target_q: 4.303

2023-03-20 21:26:57 - 
[#Step 620000] eval_reward: 2.617, eval_time: 5.704, time: 27.687
	critic_loss: 1.164, max_critic_loss: 48.920, min_critic_loss: 0.003
	actor_loss: -80.722, max_actor_loss: -6.168, min_actor_loss: -108.594
	value_loss: 0.389, max_value_loss: 23.030, min_value_loss: 0.000
	weight: 0.409, max_weight: 0.700, min_weight: 0.300
	v: 74.916, max_v: 108.863, min_v: 4.743
	q1: 74.891, max_q1: 109.181, min_q1: 6.062
	q2: 74.867, max_q2: 108.985, min_q2: 5.774
	target_q: 74.658, max_target_q: 108.502, min_target_q: 3.754

2023-03-20 21:27:23 - 
[#Step 630000] eval_reward: 7.281, eval_time: 5.619, time: 28.113
	critic_loss: 0.897, max_critic_loss: 26.716, min_critic_loss: 0.000
	actor_loss: -79.789, max_actor_loss: -28.649, min_actor_loss: -107.294
	value_loss: 0.252, max_value_loss: 17.151, min_value_loss: 0.000
	weight: 0.489, max_weight: 0.700, min_weight: 0.300
	v: 73.697, max_v: 107.246, min_v: 30.646
	q1: 73.602, max_q1: 107.410, min_q1: 30.490
	q2: 73.553, max_q2: 107.372, min_q2: 28.056
	target_q: 73.500, max_target_q: 107.581, min_target_q: 27.232

2023-03-20 21:27:48 - 
[#Step 640000] eval_reward: 5.439, eval_time: 5.538, time: 28.536
	critic_loss: 1.347, max_critic_loss: 61.181, min_critic_loss: 0.000
	actor_loss: -82.158, max_actor_loss: -41.550, min_actor_loss: -108.288
	value_loss: 0.244, max_value_loss: 10.752, min_value_loss: 0.000
	weight: 0.391, max_weight: 0.700, min_weight: 0.300
	v: 76.533, max_v: 108.922, min_v: 40.574
	q1: 76.215, max_q1: 108.338, min_q1: 40.551
	q2: 76.162, max_q2: 108.688, min_q2: 40.349
	target_q: 76.246, max_target_q: 108.279, min_target_q: 39.290

2023-03-20 21:28:14 - 
[#Step 650000] eval_reward: 6.547, eval_time: 5.560, time: 28.961
	critic_loss: 1.171, max_critic_loss: 115.224, min_critic_loss: 0.000
	actor_loss: -80.861, max_actor_loss: -35.268, min_actor_loss: -107.977
	value_loss: 0.517, max_value_loss: 73.347, min_value_loss: 0.000
	weight: 0.406, max_weight: 0.700, min_weight: 0.300
	v: 74.914, max_v: 108.439, min_v: 37.833
	q1: 74.792, max_q1: 108.248, min_q1: 38.750
	q2: 74.805, max_q2: 108.028, min_q2: 40.015
	target_q: 74.997, max_target_q: 108.978, min_target_q: 39.902

2023-03-20 21:28:40 - 
[#Step 660000] eval_reward: 5.550, eval_time: 5.935, time: 29.396
	critic_loss: 0.803, max_critic_loss: 28.880, min_critic_loss: 0.000
	actor_loss: -79.840, max_actor_loss: -45.298, min_actor_loss: -108.600
	value_loss: 0.144, max_value_loss: 5.449, min_value_loss: 0.000
	weight: 0.444, max_weight: 0.700, min_weight: 0.300
	v: 73.382, max_v: 108.637, min_v: 45.376
	q1: 73.385, max_q1: 108.784, min_q1: 45.662
	q2: 73.359, max_q2: 108.899, min_q2: 45.387
	target_q: 73.380, max_target_q: 108.556, min_target_q: 44.150

2023-03-20 21:29:06 - 
[#Step 670000] eval_reward: 2.881, eval_time: 5.673, time: 29.828
	critic_loss: 1.632, max_critic_loss: 86.029, min_critic_loss: 0.000
	actor_loss: -80.315, max_actor_loss: -5.084, min_actor_loss: -108.780
	value_loss: 0.336, max_value_loss: 14.758, min_value_loss: 0.000
	weight: 0.387, max_weight: 0.700, min_weight: 0.300
	v: 75.236, max_v: 109.848, min_v: 4.057
	q1: 74.963, max_q1: 109.192, min_q1: 4.770
	q2: 74.920, max_q2: 109.094, min_q2: 4.918
	target_q: 75.354, max_target_q: 109.566, min_target_q: 5.011

2023-03-20 21:29:31 - 
[#Step 680000] eval_reward: 4.902, eval_time: 5.738, time: 30.247
	critic_loss: 0.797, max_critic_loss: 19.619, min_critic_loss: 0.001
	actor_loss: -79.974, max_actor_loss: -6.653, min_actor_loss: -108.384
	value_loss: 0.146, max_value_loss: 6.326, min_value_loss: 0.000
	weight: 0.403, max_weight: 0.700, min_weight: 0.300
	v: 75.181, max_v: 108.981, min_v: 5.432
	q1: 74.829, max_q1: 108.363, min_q1: 6.496
	q2: 74.830, max_q2: 108.386, min_q2: 6.162
	target_q: 74.965, max_target_q: 108.518, min_target_q: 4.262

2023-03-20 21:29:57 - 
[#Step 690000] eval_reward: 5.412, eval_time: 5.756, time: 30.675
	critic_loss: 1.706, max_critic_loss: 169.729, min_critic_loss: 0.000
	actor_loss: -83.963, max_actor_loss: -5.280, min_actor_loss: -107.853
	value_loss: 0.277, max_value_loss: 36.941, min_value_loss: 0.000
	weight: 0.422, max_weight: 0.700, min_weight: 0.300
	v: 79.141, max_v: 108.106, min_v: 5.650
	q1: 79.058, max_q1: 108.040, min_q1: 4.820
	q2: 79.088, max_q2: 107.865, min_q2: 4.826
	target_q: 78.986, max_target_q: 107.790, min_target_q: 5.548

2023-03-20 21:30:16 - Saving checkpoint at step: 140
2023-03-20 21:30:16 - Saved checkpoint at saved_models/halfcheetah-medium-expert-v2/riql_s1_20230320_205916/actor_140
2023-03-20 21:30:16 - Saving checkpoint at step: 140
2023-03-20 21:30:16 - Saved checkpoint at saved_models/halfcheetah-medium-expert-v2/riql_s1_20230320_205916/critic_140
2023-03-20 21:30:16 - Saving checkpoint at step: 140
2023-03-20 21:30:16 - Saved checkpoint at saved_models/halfcheetah-medium-expert-v2/riql_s1_20230320_205916/value_140
2023-03-20 21:30:22 - 
[#Step 700000] eval_reward: 6.018, eval_time: 5.586, time: 31.098
	critic_loss: 0.731, max_critic_loss: 24.241, min_critic_loss: 0.001
	actor_loss: -79.937, max_actor_loss: -31.693, min_actor_loss: -108.027
	value_loss: 0.158, max_value_loss: 9.060, min_value_loss: 0.000
	weight: 0.538, max_weight: 0.700, min_weight: 0.300
	v: 74.136, max_v: 108.632, min_v: 28.929
	q1: 74.251, max_q1: 108.748, min_q1: 29.332
	q2: 74.207, max_q2: 108.736, min_q2: 29.201
	target_q: 74.225, max_target_q: 109.034, min_target_q: 29.232

2023-03-20 21:30:47 - 
[#Step 710000] eval_reward: 2.271, eval_time: 5.584, time: 31.520
	critic_loss: 0.789, max_critic_loss: 8.523, min_critic_loss: 0.000
	actor_loss: -81.735, max_actor_loss: -5.671, min_actor_loss: -107.659
	value_loss: 0.133, max_value_loss: 4.436, min_value_loss: 0.000
	weight: 0.445, max_weight: 0.700, min_weight: 0.300
	v: 75.869, max_v: 108.324, min_v: 5.807
	q1: 75.709, max_q1: 107.877, min_q1: 5.400
	q2: 75.647, max_q2: 107.793, min_q2: 5.908
	target_q: 75.913, max_target_q: 108.074, min_target_q: 5.855

2023-03-20 21:31:13 - 
[#Step 720000] eval_reward: 5.220, eval_time: 5.641, time: 31.946
	critic_loss: 1.038, max_critic_loss: 27.916, min_critic_loss: 0.000
	actor_loss: -80.438, max_actor_loss: -7.204, min_actor_loss: -107.508
	value_loss: 0.469, max_value_loss: 81.424, min_value_loss: 0.000
	weight: 0.458, max_weight: 0.700, min_weight: 0.300
	v: 75.410, max_v: 107.256, min_v: 7.898
	q1: 75.380, max_q1: 107.269, min_q1: 9.573
	q2: 75.358, max_q2: 107.462, min_q2: 7.215
	target_q: 75.429, max_target_q: 107.726, min_target_q: 9.148

2023-03-20 21:31:39 - 
[#Step 730000] eval_reward: 2.377, eval_time: 5.838, time: 32.378
	critic_loss: 1.030, max_critic_loss: 13.426, min_critic_loss: 0.000
	actor_loss: -80.296, max_actor_loss: -7.670, min_actor_loss: -108.535
	value_loss: 0.385, max_value_loss: 64.374, min_value_loss: 0.000
	weight: 0.473, max_weight: 0.700, min_weight: 0.300
	v: 74.554, max_v: 109.002, min_v: 7.551
	q1: 74.581, max_q1: 108.544, min_q1: 6.326
	q2: 74.496, max_q2: 108.703, min_q2: 6.137
	target_q: 74.666, max_target_q: 109.367, min_target_q: 6.741

2023-03-20 21:32:04 - 
[#Step 740000] eval_reward: 5.195, eval_time: 5.604, time: 32.801
	critic_loss: 0.958, max_critic_loss: 28.774, min_critic_loss: 0.001
	actor_loss: -81.973, max_actor_loss: -6.972, min_actor_loss: -108.239
	value_loss: 0.219, max_value_loss: 11.570, min_value_loss: 0.000
	weight: 0.403, max_weight: 0.700, min_weight: 0.300
	v: 75.899, max_v: 108.002, min_v: 6.298
	q1: 75.835, max_q1: 108.187, min_q1: 7.121
	q2: 75.749, max_q2: 108.112, min_q2: 6.802
	target_q: 75.808, max_target_q: 108.388, min_target_q: 7.047

2023-03-20 21:32:29 - 
[#Step 750000] eval_reward: 10.290, eval_time: 5.573, time: 33.221
	critic_loss: 0.652, max_critic_loss: 17.294, min_critic_loss: 0.001
	actor_loss: -80.048, max_actor_loss: -6.023, min_actor_loss: -108.707
	value_loss: 0.358, max_value_loss: 50.452, min_value_loss: 0.000
	weight: 0.448, max_weight: 0.700, min_weight: 0.300
	v: 74.507, max_v: 108.250, min_v: 5.979
	q1: 74.418, max_q1: 108.497, min_q1: 5.592
	q2: 74.484, max_q2: 108.596, min_q2: 5.914
	target_q: 74.332, max_target_q: 107.645, min_target_q: 6.955

2023-03-20 21:32:55 - 
[#Step 760000] eval_reward: 7.611, eval_time: 5.680, time: 33.645
	critic_loss: 0.543, max_critic_loss: 6.166, min_critic_loss: 0.001
	actor_loss: -82.821, max_actor_loss: -5.575, min_actor_loss: -108.051
	value_loss: 0.130, max_value_loss: 4.696, min_value_loss: 0.000
	weight: 0.445, max_weight: 0.700, min_weight: 0.300
	v: 77.736, max_v: 108.230, min_v: 6.439
	q1: 77.692, max_q1: 108.265, min_q1: 5.987
	q2: 77.698, max_q2: 108.374, min_q2: 5.918
	target_q: 77.754, max_target_q: 108.376, min_target_q: 6.165

2023-03-20 21:33:20 - 
[#Step 770000] eval_reward: 4.394, eval_time: 5.645, time: 34.070
	critic_loss: 1.094, max_critic_loss: 97.490, min_critic_loss: 0.000
	actor_loss: -81.083, max_actor_loss: -46.634, min_actor_loss: -107.245
	value_loss: 0.122, max_value_loss: 3.101, min_value_loss: 0.000
	weight: 0.467, max_weight: 0.700, min_weight: 0.300
	v: 74.178, max_v: 107.644, min_v: 42.740
	q1: 74.164, max_q1: 107.737, min_q1: 43.461
	q2: 74.087, max_q2: 107.660, min_q2: 43.664
	target_q: 74.212, max_target_q: 107.841, min_target_q: 42.288

2023-03-20 21:33:46 - 
[#Step 780000] eval_reward: 5.835, eval_time: 5.672, time: 34.496
	critic_loss: 1.039, max_critic_loss: 79.497, min_critic_loss: 0.000
	actor_loss: -81.763, max_actor_loss: -29.486, min_actor_loss: -107.493
	value_loss: 0.293, max_value_loss: 19.276, min_value_loss: 0.000
	weight: 0.506, max_weight: 0.700, min_weight: 0.300
	v: 75.957, max_v: 107.267, min_v: 25.922
	q1: 75.973, max_q1: 107.653, min_q1: 27.971
	q2: 76.049, max_q2: 107.555, min_q2: 29.632
	target_q: 75.904, max_target_q: 107.128, min_target_q: 30.124

2023-03-20 21:34:11 - 
[#Step 790000] eval_reward: 4.507, eval_time: 5.632, time: 34.922
	critic_loss: 1.399, max_critic_loss: 105.636, min_critic_loss: 0.002
	actor_loss: -79.016, max_actor_loss: -4.830, min_actor_loss: -108.987
	value_loss: 0.248, max_value_loss: 12.151, min_value_loss: 0.000
	weight: 0.384, max_weight: 0.700, min_weight: 0.300
	v: 72.968, max_v: 109.664, min_v: 4.516
	q1: 72.655, max_q1: 109.572, min_q1: 5.057
	q2: 72.648, max_q2: 109.645, min_q2: 4.671
	target_q: 72.793, max_target_q: 109.165, min_target_q: 5.124

2023-03-20 21:34:31 - Saving checkpoint at step: 160
2023-03-20 21:34:31 - Saved checkpoint at saved_models/halfcheetah-medium-expert-v2/riql_s1_20230320_205916/actor_160
2023-03-20 21:34:31 - Saving checkpoint at step: 160
2023-03-20 21:34:31 - Saved checkpoint at saved_models/halfcheetah-medium-expert-v2/riql_s1_20230320_205916/critic_160
2023-03-20 21:34:31 - Saving checkpoint at step: 160
2023-03-20 21:34:31 - Saved checkpoint at saved_models/halfcheetah-medium-expert-v2/riql_s1_20230320_205916/value_160
2023-03-20 21:34:37 - 
[#Step 800000] eval_reward: 6.754, eval_time: 5.582, time: 35.345
	critic_loss: 1.131, max_critic_loss: 12.344, min_critic_loss: 0.001
	actor_loss: -83.205, max_actor_loss: -48.143, min_actor_loss: -108.096
	value_loss: 0.128, max_value_loss: 2.810, min_value_loss: 0.000
	weight: 0.377, max_weight: 0.700, min_weight: 0.300
	v: 78.003, max_v: 108.345, min_v: 46.408
	q1: 77.620, max_q1: 108.291, min_q1: 46.567
	q2: 77.637, max_q2: 108.209, min_q2: 46.388
	target_q: 77.996, max_target_q: 108.693, min_target_q: 47.500

2023-03-20 21:35:02 - 
[#Step 810000] eval_reward: 8.998, eval_time: 5.946, time: 35.771
	critic_loss: 1.026, max_critic_loss: 36.097, min_critic_loss: 0.001
	actor_loss: -83.734, max_actor_loss: -40.225, min_actor_loss: -106.821
	value_loss: 0.203, max_value_loss: 11.211, min_value_loss: 0.000
	weight: 0.441, max_weight: 0.700, min_weight: 0.300
	v: 77.939, max_v: 107.254, min_v: 42.343
	q1: 77.984, max_q1: 106.879, min_q1: 41.612
	q2: 77.959, max_q2: 106.924, min_q2: 40.746
	target_q: 77.854, max_target_q: 107.083, min_target_q: 42.969

2023-03-20 21:35:28 - 
[#Step 820000] eval_reward: 7.711, eval_time: 5.651, time: 36.201
	critic_loss: 1.212, max_critic_loss: 58.591, min_critic_loss: 0.001
	actor_loss: -82.268, max_actor_loss: -46.748, min_actor_loss: -108.480
	value_loss: 0.250, max_value_loss: 29.706, min_value_loss: 0.000
	weight: 0.477, max_weight: 0.700, min_weight: 0.300
	v: 77.394, max_v: 108.686, min_v: 46.523
	q1: 77.020, max_q1: 108.521, min_q1: 46.684
	q2: 77.084, max_q2: 108.686, min_q2: 46.656
	target_q: 77.277, max_target_q: 108.735, min_target_q: 45.810

2023-03-20 21:35:54 - 
[#Step 830000] eval_reward: 10.311, eval_time: 5.723, time: 36.626
	critic_loss: 1.294, max_critic_loss: 35.668, min_critic_loss: 0.001
	actor_loss: -79.780, max_actor_loss: -6.867, min_actor_loss: -107.263
	value_loss: 0.475, max_value_loss: 85.941, min_value_loss: 0.000
	weight: 0.425, max_weight: 0.700, min_weight: 0.300
	v: 72.979, max_v: 108.193, min_v: 5.708
	q1: 73.107, max_q1: 107.856, min_q1: 7.089
	q2: 73.097, max_q2: 107.796, min_q2: 6.196
	target_q: 72.826, max_target_q: 107.565, min_target_q: 5.388

2023-03-20 21:36:19 - 
[#Step 840000] eval_reward: 6.623, eval_time: 5.649, time: 37.056
	critic_loss: 1.755, max_critic_loss: 151.725, min_critic_loss: 0.000
	actor_loss: -82.515, max_actor_loss: -39.892, min_actor_loss: -108.496
	value_loss: 0.267, max_value_loss: 32.037, min_value_loss: 0.000
	weight: 0.406, max_weight: 0.700, min_weight: 0.300
	v: 76.050, max_v: 108.189, min_v: 38.291
	q1: 75.956, max_q1: 108.707, min_q1: 40.735
	q2: 75.967, max_q2: 108.836, min_q2: 40.353
	target_q: 75.654, max_target_q: 108.360, min_target_q: 39.533

2023-03-20 21:36:45 - 
[#Step 850000] eval_reward: 8.302, eval_time: 5.634, time: 37.478
	critic_loss: 0.650, max_critic_loss: 11.175, min_critic_loss: 0.000
	actor_loss: -84.852, max_actor_loss: -8.150, min_actor_loss: -108.325
	value_loss: 0.836, max_value_loss: 133.101, min_value_loss: 0.000
	weight: 0.378, max_weight: 0.700, min_weight: 0.300
	v: 79.661, max_v: 108.651, min_v: 8.217
	q1: 79.435, max_q1: 108.433, min_q1: 8.579
	q2: 79.378, max_q2: 108.588, min_q2: 8.255
	target_q: 79.503, max_target_q: 108.827, min_target_q: 6.288

2023-03-20 21:37:10 - 
[#Step 860000] eval_reward: 8.127, eval_time: 5.596, time: 37.898
	critic_loss: 1.242, max_critic_loss: 52.171, min_critic_loss: 0.001
	actor_loss: -81.428, max_actor_loss: -21.214, min_actor_loss: -107.255
	value_loss: 0.715, max_value_loss: 100.251, min_value_loss: 0.000
	weight: 0.455, max_weight: 0.700, min_weight: 0.300
	v: 75.123, max_v: 107.422, min_v: 23.232
	q1: 74.965, max_q1: 107.671, min_q1: 19.409
	q2: 74.945, max_q2: 107.669, min_q2: 19.787
	target_q: 75.023, max_target_q: 107.464, min_target_q: 20.601

2023-03-20 21:37:35 - 
[#Step 870000] eval_reward: 7.682, eval_time: 5.653, time: 38.322
	critic_loss: 0.887, max_critic_loss: 30.647, min_critic_loss: 0.000
	actor_loss: -81.179, max_actor_loss: -6.212, min_actor_loss: -106.621
	value_loss: 0.142, max_value_loss: 5.585, min_value_loss: 0.000
	weight: 0.450, max_weight: 0.700, min_weight: 0.300
	v: 75.468, max_v: 107.142, min_v: 6.492
	q1: 75.428, max_q1: 106.812, min_q1: 5.697
	q2: 75.470, max_q2: 106.908, min_q2: 5.728
	target_q: 75.514, max_target_q: 107.064, min_target_q: 5.753

2023-03-20 21:38:01 - 
[#Step 880000] eval_reward: 8.236, eval_time: 5.674, time: 38.743
	critic_loss: 1.296, max_critic_loss: 35.000, min_critic_loss: 0.000
	actor_loss: -79.479, max_actor_loss: -45.323, min_actor_loss: -107.515
	value_loss: 0.433, max_value_loss: 78.800, min_value_loss: 0.000
	weight: 0.456, max_weight: 0.700, min_weight: 0.300
	v: 73.475, max_v: 107.569, min_v: 44.329
	q1: 73.443, max_q1: 107.649, min_q1: 43.773
	q2: 73.395, max_q2: 107.701, min_q2: 43.877
	target_q: 73.414, max_target_q: 107.645, min_target_q: 42.705

2023-03-20 21:38:27 - 
[#Step 890000] eval_reward: 8.823, eval_time: 5.984, time: 39.179
	critic_loss: 1.378, max_critic_loss: 108.966, min_critic_loss: 0.002
	actor_loss: -83.164, max_actor_loss: -6.860, min_actor_loss: -107.304
	value_loss: 0.244, max_value_loss: 24.482, min_value_loss: 0.000
	weight: 0.391, max_weight: 0.700, min_weight: 0.300
	v: 78.232, max_v: 107.684, min_v: 6.994
	q1: 77.902, max_q1: 107.116, min_q1: 5.682
	q2: 77.952, max_q2: 107.337, min_q2: 6.622
	target_q: 78.218, max_target_q: 107.353, min_target_q: 6.737

2023-03-20 21:38:47 - Saving checkpoint at step: 180
2023-03-20 21:38:47 - Saved checkpoint at saved_models/halfcheetah-medium-expert-v2/riql_s1_20230320_205916/actor_180
2023-03-20 21:38:47 - Saving checkpoint at step: 180
2023-03-20 21:38:47 - Saved checkpoint at saved_models/halfcheetah-medium-expert-v2/riql_s1_20230320_205916/critic_180
2023-03-20 21:38:47 - Saving checkpoint at step: 180
2023-03-20 21:38:47 - Saved checkpoint at saved_models/halfcheetah-medium-expert-v2/riql_s1_20230320_205916/value_180
2023-03-20 21:38:53 - 
[#Step 900000] eval_reward: 10.128, eval_time: 5.942, time: 39.623
	critic_loss: 2.034, max_critic_loss: 113.371, min_critic_loss: 0.000
	actor_loss: -81.436, max_actor_loss: -5.200, min_actor_loss: -106.799
	value_loss: 0.587, max_value_loss: 57.404, min_value_loss: 0.000
	weight: 0.469, max_weight: 0.700, min_weight: 0.300
	v: 75.224, max_v: 106.994, min_v: 4.853
	q1: 75.173, max_q1: 107.011, min_q1: 4.666
	q2: 75.291, max_q2: 107.223, min_q2: 4.660
	target_q: 75.335, max_target_q: 107.197, min_target_q: 4.361

2023-03-20 21:39:19 - 
[#Step 910000] eval_reward: 10.982, eval_time: 5.574, time: 40.050
	critic_loss: 0.925, max_critic_loss: 14.274, min_critic_loss: 0.000
	actor_loss: -81.102, max_actor_loss: -41.390, min_actor_loss: -107.026
	value_loss: 0.118, max_value_loss: 2.514, min_value_loss: 0.000
	weight: 0.417, max_weight: 0.700, min_weight: 0.300
	v: 74.477, max_v: 107.298, min_v: 40.944
	q1: 74.272, max_q1: 106.977, min_q1: 41.413
	q2: 74.249, max_q2: 107.197, min_q2: 40.468
	target_q: 74.472, max_target_q: 107.525, min_target_q: 41.490

2023-03-20 21:39:45 - 
[#Step 920000] eval_reward: 8.236, eval_time: 5.957, time: 40.488
	critic_loss: 0.726, max_critic_loss: 13.044, min_critic_loss: 0.001
	actor_loss: -82.654, max_actor_loss: -32.122, min_actor_loss: -107.799
	value_loss: 0.160, max_value_loss: 8.051, min_value_loss: 0.000
	weight: 0.495, max_weight: 0.700, min_weight: 0.300
	v: 76.640, max_v: 107.427, min_v: 33.047
	q1: 76.835, max_q1: 107.736, min_q1: 32.513
	q2: 76.764, max_q2: 107.451, min_q2: 33.450
	target_q: 76.750, max_target_q: 107.769, min_target_q: 32.059

2023-03-20 21:40:12 - 
[#Step 930000] eval_reward: 9.053, eval_time: 5.720, time: 40.931
	critic_loss: 0.948, max_critic_loss: 59.183, min_critic_loss: 0.000
	actor_loss: -82.713, max_actor_loss: -7.338, min_actor_loss: -107.050
	value_loss: 0.201, max_value_loss: 18.079, min_value_loss: 0.000
	weight: 0.467, max_weight: 0.700, min_weight: 0.300
	v: 76.223, max_v: 106.679, min_v: 6.794
	q1: 76.322, max_q1: 107.247, min_q1: 7.459
	q2: 76.318, max_q2: 107.103, min_q2: 6.841
	target_q: 76.147, max_target_q: 106.977, min_target_q: 6.954

2023-03-20 21:40:38 - 
[#Step 940000] eval_reward: 4.814, eval_time: 5.584, time: 41.366
	critic_loss: 0.784, max_critic_loss: 40.270, min_critic_loss: 0.000
	actor_loss: -80.746, max_actor_loss: -45.977, min_actor_loss: -108.021
	value_loss: 0.591, max_value_loss: 125.293, min_value_loss: 0.000
	weight: 0.406, max_weight: 0.700, min_weight: 0.300
	v: 74.609, max_v: 108.045, min_v: 44.661
	q1: 74.477, max_q1: 108.251, min_q1: 44.849
	q2: 74.484, max_q2: 107.999, min_q2: 44.706
	target_q: 74.575, max_target_q: 107.888, min_target_q: 45.335

2023-03-20 21:41:04 - 
[#Step 950000] eval_reward: 8.601, eval_time: 5.721, time: 41.799
	critic_loss: 0.716, max_critic_loss: 16.045, min_critic_loss: 0.000
	actor_loss: -81.427, max_actor_loss: -5.172, min_actor_loss: -106.615
	value_loss: 0.322, max_value_loss: 37.195, min_value_loss: 0.000
	weight: 0.402, max_weight: 0.700, min_weight: 0.300
	v: 75.755, max_v: 107.766, min_v: 6.477
	q1: 75.481, max_q1: 106.861, min_q1: 5.657
	q2: 75.476, max_q2: 106.676, min_q2: 4.957
	target_q: 75.601, max_target_q: 107.368, min_target_q: 6.008

2023-03-20 21:41:20 - 
[#Step 955000] eval_reward: 12.084, eval_time: 5.807, time: 42.066
	critic_loss: 0.907, max_critic_loss: 46.527, min_critic_loss: 0.002
	actor_loss: -83.182, max_actor_loss: -29.947, min_actor_loss: -106.705
	value_loss: 0.111, max_value_loss: 2.660, min_value_loss: 0.000
	weight: 0.455, max_weight: 0.700, min_weight: 0.300
	v: 78.005, max_v: 107.084, min_v: 32.196
	q1: 77.743, max_q1: 106.861, min_q1: 28.176
	q2: 77.758, max_q2: 107.101, min_q2: 29.519
	target_q: 77.908, max_target_q: 107.392, min_target_q: 31.449

2023-03-20 21:41:36 - 
[#Step 960000] eval_reward: 4.986, eval_time: 5.702, time: 42.328
	critic_loss: 0.697, max_critic_loss: 13.484, min_critic_loss: 0.000
	actor_loss: -81.545, max_actor_loss: -43.241, min_actor_loss: -107.005
	value_loss: 0.179, max_value_loss: 10.721, min_value_loss: 0.000
	weight: 0.541, max_weight: 0.700, min_weight: 0.300
	v: 75.912, max_v: 107.266, min_v: 43.067
	q1: 76.073, max_q1: 107.233, min_q1: 43.160
	q2: 76.023, max_q2: 107.251, min_q2: 43.490
	target_q: 75.904, max_target_q: 107.155, min_target_q: 44.443

2023-03-20 21:41:52 - 
[#Step 965000] eval_reward: 6.136, eval_time: 5.747, time: 42.591
	critic_loss: 0.765, max_critic_loss: 14.415, min_critic_loss: 0.001
	actor_loss: -80.016, max_actor_loss: -35.984, min_actor_loss: -107.737
	value_loss: 0.206, max_value_loss: 11.645, min_value_loss: 0.000
	weight: 0.461, max_weight: 0.700, min_weight: 0.300
	v: 73.399, max_v: 107.328, min_v: 35.016
	q1: 73.320, max_q1: 107.499, min_q1: 34.630
	q2: 73.317, max_q2: 107.690, min_q2: 34.424
	target_q: 73.429, max_target_q: 107.612, min_target_q: 32.626

2023-03-20 21:42:07 - 
[#Step 970000] eval_reward: 8.730, eval_time: 5.610, time: 42.855
	critic_loss: 1.142, max_critic_loss: 19.919, min_critic_loss: 0.001
	actor_loss: -80.638, max_actor_loss: -37.306, min_actor_loss: -106.976
	value_loss: 0.186, max_value_loss: 6.699, min_value_loss: 0.000
	weight: 0.436, max_weight: 0.700, min_weight: 0.300
	v: 73.486, max_v: 106.894, min_v: 37.165
	q1: 73.612, max_q1: 107.108, min_q1: 36.329
	q2: 73.600, max_q2: 107.069, min_q2: 35.103
	target_q: 73.372, max_target_q: 106.937, min_target_q: 36.722

2023-03-20 21:42:23 - 
[#Step 975000] eval_reward: 13.765, eval_time: 6.119, time: 43.123
	critic_loss: 1.892, max_critic_loss: 118.799, min_critic_loss: 0.001
	actor_loss: -82.249, max_actor_loss: -45.063, min_actor_loss: -108.157
	value_loss: 0.427, max_value_loss: 42.187, min_value_loss: 0.000
	weight: 0.452, max_weight: 0.700, min_weight: 0.300
	v: 75.529, max_v: 107.735, min_v: 43.645
	q1: 75.793, max_q1: 108.128, min_q1: 43.901
	q2: 75.817, max_q2: 108.343, min_q2: 43.238
	target_q: 75.378, max_target_q: 106.999, min_target_q: 42.718

2023-03-20 21:42:34 - Saving checkpoint at step: 196
2023-03-20 21:42:34 - Saved checkpoint at saved_models/halfcheetah-medium-expert-v2/riql_s1_20230320_205916/actor_196
2023-03-20 21:42:34 - Saving checkpoint at step: 196
2023-03-20 21:42:34 - Saved checkpoint at saved_models/halfcheetah-medium-expert-v2/riql_s1_20230320_205916/critic_196
2023-03-20 21:42:34 - Saving checkpoint at step: 196
2023-03-20 21:42:34 - Saved checkpoint at saved_models/halfcheetah-medium-expert-v2/riql_s1_20230320_205916/value_196
2023-03-20 21:42:39 - 
[#Step 980000] eval_reward: 10.319, eval_time: 5.699, time: 43.389
	critic_loss: 1.328, max_critic_loss: 49.873, min_critic_loss: 0.001
	actor_loss: -81.028, max_actor_loss: -46.031, min_actor_loss: -107.825
	value_loss: 0.156, max_value_loss: 10.474, min_value_loss: 0.000
	weight: 0.438, max_weight: 0.700, min_weight: 0.300
	v: 74.342, max_v: 108.470, min_v: 46.801
	q1: 74.221, max_q1: 108.365, min_q1: 45.705
	q2: 74.188, max_q2: 108.293, min_q2: 44.738
	target_q: 74.372, max_target_q: 108.493, min_target_q: 45.382

2023-03-20 21:42:50 - Saving checkpoint at step: 197
2023-03-20 21:42:50 - Saved checkpoint at saved_models/halfcheetah-medium-expert-v2/riql_s1_20230320_205916/actor_197
2023-03-20 21:42:50 - Saving checkpoint at step: 197
2023-03-20 21:42:50 - Saved checkpoint at saved_models/halfcheetah-medium-expert-v2/riql_s1_20230320_205916/critic_197
2023-03-20 21:42:50 - Saving checkpoint at step: 197
2023-03-20 21:42:50 - Saved checkpoint at saved_models/halfcheetah-medium-expert-v2/riql_s1_20230320_205916/value_197
2023-03-20 21:42:55 - 
[#Step 985000] eval_reward: 6.971, eval_time: 5.755, time: 43.656
	critic_loss: 0.851, max_critic_loss: 17.093, min_critic_loss: 0.003
	actor_loss: -79.594, max_actor_loss: -4.006, min_actor_loss: -106.261
	value_loss: 0.131, max_value_loss: 9.379, min_value_loss: 0.000
	weight: 0.456, max_weight: 0.700, min_weight: 0.300
	v: 72.732, max_v: 106.971, min_v: 7.054
	q1: 72.699, max_q1: 106.288, min_q1: 3.722
	q2: 72.647, max_q2: 106.453, min_q2: 4.372
	target_q: 72.844, max_target_q: 107.073, min_target_q: 6.952

2023-03-20 21:43:06 - Saving checkpoint at step: 198
2023-03-20 21:43:06 - Saved checkpoint at saved_models/halfcheetah-medium-expert-v2/riql_s1_20230320_205916/actor_198
2023-03-20 21:43:06 - Saving checkpoint at step: 198
2023-03-20 21:43:06 - Saved checkpoint at saved_models/halfcheetah-medium-expert-v2/riql_s1_20230320_205916/critic_198
2023-03-20 21:43:06 - Saving checkpoint at step: 198
2023-03-20 21:43:06 - Saved checkpoint at saved_models/halfcheetah-medium-expert-v2/riql_s1_20230320_205916/value_198
2023-03-20 21:43:12 - 
[#Step 990000] eval_reward: 7.856, eval_time: 5.932, time: 43.927
	critic_loss: 1.474, max_critic_loss: 88.449, min_critic_loss: 0.001
	actor_loss: -81.018, max_actor_loss: -5.532, min_actor_loss: -107.559
	value_loss: 0.169, max_value_loss: 11.798, min_value_loss: 0.000
	weight: 0.500, max_weight: 0.700, min_weight: 0.300
	v: 74.549, max_v: 107.655, min_v: 5.239
	q1: 74.428, max_q1: 107.546, min_q1: 5.405
	q2: 74.496, max_q2: 107.665, min_q2: 5.457
	target_q: 74.640, max_target_q: 107.996, min_target_q: 5.105

2023-03-20 21:43:22 - Saving checkpoint at step: 199
2023-03-20 21:43:22 - Saved checkpoint at saved_models/halfcheetah-medium-expert-v2/riql_s1_20230320_205916/actor_199
2023-03-20 21:43:22 - Saving checkpoint at step: 199
2023-03-20 21:43:22 - Saved checkpoint at saved_models/halfcheetah-medium-expert-v2/riql_s1_20230320_205916/critic_199
2023-03-20 21:43:22 - Saving checkpoint at step: 199
2023-03-20 21:43:22 - Saved checkpoint at saved_models/halfcheetah-medium-expert-v2/riql_s1_20230320_205916/value_199
2023-03-20 21:43:28 - 
[#Step 995000] eval_reward: 7.710, eval_time: 6.314, time: 44.207
	critic_loss: 0.871, max_critic_loss: 40.411, min_critic_loss: 0.001
	actor_loss: -79.585, max_actor_loss: -6.129, min_actor_loss: -107.910
	value_loss: 0.247, max_value_loss: 31.669, min_value_loss: 0.000
	weight: 0.412, max_weight: 0.700, min_weight: 0.300
	v: 72.697, max_v: 107.739, min_v: 4.073
	q1: 72.485, max_q1: 107.967, min_q1: 5.773
	q2: 72.532, max_q2: 108.014, min_q2: 5.362
	target_q: 72.530, max_target_q: 107.531, min_target_q: 5.352

2023-03-20 21:43:38 - Saving checkpoint at step: 200
2023-03-20 21:43:38 - Saved checkpoint at saved_models/halfcheetah-medium-expert-v2/riql_s1_20230320_205916/actor_200
2023-03-20 21:43:38 - Saving checkpoint at step: 200
2023-03-20 21:43:38 - Saved checkpoint at saved_models/halfcheetah-medium-expert-v2/riql_s1_20230320_205916/critic_200
2023-03-20 21:43:38 - Saving checkpoint at step: 200
2023-03-20 21:43:38 - Saved checkpoint at saved_models/halfcheetah-medium-expert-v2/riql_s1_20230320_205916/value_200
2023-03-20 21:43:44 - 
[#Step 1000000] eval_reward: 7.334, eval_time: 6.022, time: 44.474
	critic_loss: 0.738, max_critic_loss: 11.823, min_critic_loss: 0.000
	actor_loss: -82.130, max_actor_loss: -5.024, min_actor_loss: -106.576
	value_loss: 0.193, max_value_loss: 20.077, min_value_loss: 0.000
	weight: 0.466, max_weight: 0.700, min_weight: 0.300
	v: 75.280, max_v: 107.690, min_v: 5.281
	q1: 75.224, max_q1: 107.304, min_q1: 4.783
	q2: 75.262, max_q2: 107.473, min_q2: 5.458
	target_q: 75.251, max_target_q: 107.247, min_target_q: 4.282

2023-03-20 21:43:45 - 
Avg eval reward = 8.59

