2023-02-24 22:23:59 - Exp configurations:
algo: COMFO6
alpha: 5.0
batch_size: 256
env_name: hopper-medium-replay-v2
eval_episodes: 10
eval_freq: 5000
expectile: 0.7
gamma: 0.99
hidden_dims: !!python/tuple
- 256
- 256
initializer: orthogonal
log_dir: 20230225_noise0.01
lr: 0.0003
max_timesteps: 1000000
mle_alpha: 0.25
model_dir: saved_models
num_random: 10
seed: 1
tau: 0.005
temperature: 3.0

2023-02-24 22:25:50 - 
[#Step 10000] eval_reward: 19.047, eval_time: 1.519, time: 1.861
	critic_loss: 1.431, max_critic_loss: 98.419, min_critic_loss: 0.000
	actor_loss: -27.611, max_actor_loss: 6.797, min_actor_loss: -54.663
	value_loss: 0.159, max_value_loss: 5.440, min_value_loss: 0.000
	weight: 0.442, max_weight: 0.700, min_weight: 0.300
	v: 27.138, max_v: 53.580, min_v: -6.489
	q1: 27.300, max_q1: 54.258, min_q1: -5.964
	q2: 27.305, max_q2: 55.256, min_q2: -5.782
	target_q: 27.424, max_target_q: 55.433, min_target_q: -3.461

2023-02-24 22:26:25 - 
[#Step 20000] eval_reward: 19.322, eval_time: 1.697, time: 2.445
	critic_loss: 1.608, max_critic_loss: 46.474, min_critic_loss: 0.002
	actor_loss: -47.343, max_actor_loss: 4.053, min_actor_loss: -77.477
	value_loss: 0.489, max_value_loss: 12.999, min_value_loss: 0.000
	weight: 0.427, max_weight: 0.700, min_weight: 0.300
	v: 46.563, max_v: 76.711, min_v: -5.161
	q1: 46.677, max_q1: 76.774, min_q1: -2.223
	q2: 46.638, max_q2: 77.133, min_q2: -1.076
	target_q: 46.829, max_target_q: 76.910, min_target_q: -2.921

2023-02-24 22:27:01 - 
[#Step 30000] eval_reward: 23.577, eval_time: 1.875, time: 3.033
	critic_loss: 4.645, max_critic_loss: 59.141, min_critic_loss: 0.001
	actor_loss: -57.947, max_actor_loss: -3.700, min_actor_loss: -89.318
	value_loss: 1.087, max_value_loss: 93.132, min_value_loss: 0.000
	weight: 0.419, max_weight: 0.700, min_weight: 0.300
	v: 57.819, max_v: 89.783, min_v: -1.769
	q1: 56.930, max_q1: 88.853, min_q1: -0.715
	q2: 57.000, max_q2: 89.263, min_q2: -1.003
	target_q: 57.796, max_target_q: 90.264, min_target_q: -0.244

2023-02-24 22:27:36 - 
[#Step 40000] eval_reward: 24.401, eval_time: 1.955, time: 3.618
	critic_loss: 2.994, max_critic_loss: 168.550, min_critic_loss: 0.001
	actor_loss: -63.793, max_actor_loss: 1.490, min_actor_loss: -95.548
	value_loss: 1.095, max_value_loss: 117.175, min_value_loss: 0.000
	weight: 0.419, max_weight: 0.700, min_weight: 0.300
	v: 63.022, max_v: 94.865, min_v: -1.672
	q1: 62.604, max_q1: 94.624, min_q1: -0.470
	q2: 62.577, max_q2: 95.107, min_q2: -0.681
	target_q: 62.775, max_target_q: 94.757, min_target_q: -1.225

2023-02-24 22:28:11 - 
[#Step 50000] eval_reward: 33.018, eval_time: 2.407, time: 4.215
	critic_loss: 4.142, max_critic_loss: 145.678, min_critic_loss: 0.001
	actor_loss: -64.273, max_actor_loss: 5.087, min_actor_loss: -99.400
	value_loss: 1.199, max_value_loss: 37.137, min_value_loss: 0.000
	weight: 0.481, max_weight: 0.700, min_weight: 0.300
	v: 63.399, max_v: 99.313, min_v: -3.628
	q1: 63.035, max_q1: 98.455, min_q1: -4.454
	q2: 63.119, max_q2: 98.216, min_q2: -4.172
	target_q: 63.420, max_target_q: 99.742, min_target_q: -2.918

2023-02-24 22:28:48 - 
[#Step 60000] eval_reward: 41.323, eval_time: 3.063, time: 4.824
	critic_loss: 2.847, max_critic_loss: 65.581, min_critic_loss: 0.002
	actor_loss: -65.268, max_actor_loss: -2.633, min_actor_loss: -101.551
	value_loss: 0.948, max_value_loss: 29.911, min_value_loss: 0.000
	weight: 0.464, max_weight: 0.700, min_weight: 0.300
	v: 64.535, max_v: 100.604, min_v: 0.963
	q1: 64.422, max_q1: 100.183, min_q1: 2.849
	q2: 64.513, max_q2: 100.609, min_q2: 2.159
	target_q: 64.592, max_target_q: 100.527, min_target_q: 0.890

2023-02-24 22:29:25 - 
[#Step 70000] eval_reward: 40.697, eval_time: 3.137, time: 5.435
	critic_loss: 4.447, max_critic_loss: 192.506, min_critic_loss: 0.007
	actor_loss: -64.675, max_actor_loss: 3.202, min_actor_loss: -101.904
	value_loss: 0.859, max_value_loss: 32.957, min_value_loss: 0.000
	weight: 0.478, max_weight: 0.700, min_weight: 0.300
	v: 63.879, max_v: 100.716, min_v: -3.993
	q1: 63.917, max_q1: 101.380, min_q1: -5.011
	q2: 63.833, max_q2: 101.368, min_q2: -4.059
	target_q: 63.584, max_target_q: 100.247, min_target_q: -4.273

2023-02-24 22:30:01 - 
[#Step 80000] eval_reward: 43.785, eval_time: 3.535, time: 6.049
	critic_loss: 5.046, max_critic_loss: 277.711, min_critic_loss: 0.006
	actor_loss: -69.310, max_actor_loss: -4.649, min_actor_loss: -101.241
	value_loss: 1.227, max_value_loss: 87.778, min_value_loss: 0.000
	weight: 0.427, max_weight: 0.700, min_weight: 0.300
	v: 68.431, max_v: 100.411, min_v: 3.527
	q1: 68.387, max_q1: 101.069, min_q1: 4.198
	q2: 68.288, max_q2: 100.802, min_q2: 3.790
	target_q: 68.297, max_target_q: 100.765, min_target_q: 1.407

2023-02-24 22:30:42 - 
[#Step 90000] eval_reward: 99.096, eval_time: 7.259, time: 6.727
	critic_loss: 2.799, max_critic_loss: 30.068, min_critic_loss: 0.003
	actor_loss: -67.082, max_actor_loss: 7.900, min_actor_loss: -101.803
	value_loss: 1.215, max_value_loss: 30.822, min_value_loss: 0.000
	weight: 0.444, max_weight: 0.700, min_weight: 0.300
	v: 66.078, max_v: 101.000, min_v: -9.309
	q1: 65.721, max_q1: 101.049, min_q1: -6.337
	q2: 65.692, max_q2: 101.089, min_q2: -7.142
	target_q: 66.154, max_target_q: 101.385, min_target_q: -7.719

2023-02-24 22:31:15 - Saving checkpoint at step: 20
2023-02-24 22:31:15 - Saved checkpoint at saved_models/hopper-medium-replay-v2/COMFO6_s1_20230224_222359/actor_20
2023-02-24 22:31:15 - Saving checkpoint at step: 20
2023-02-24 22:31:15 - Saved checkpoint at saved_models/hopper-medium-replay-v2/COMFO6_s1_20230224_222359/critic_20
2023-02-24 22:31:15 - Saving checkpoint at step: 20
2023-02-24 22:31:15 - Saved checkpoint at saved_models/hopper-medium-replay-v2/COMFO6_s1_20230224_222359/value_20
2023-02-24 22:31:21 - 
[#Step 100000] eval_reward: 85.110, eval_time: 6.105, time: 7.381
	critic_loss: 3.854, max_critic_loss: 164.044, min_critic_loss: 0.006
	actor_loss: -69.187, max_actor_loss: -0.102, min_actor_loss: -101.464
	value_loss: 1.045, max_value_loss: 86.612, min_value_loss: 0.000
	weight: 0.444, max_weight: 0.700, min_weight: 0.300
	v: 68.039, max_v: 100.133, min_v: -0.503
	q1: 67.860, max_q1: 101.777, min_q1: 1.816
	q2: 67.969, max_q2: 101.534, min_q2: -0.815
	target_q: 67.996, max_target_q: 100.917, min_target_q: 2.369

2023-02-24 22:32:01 - 
[#Step 110000] eval_reward: 85.181, eval_time: 6.317, time: 8.046
	critic_loss: 4.959, max_critic_loss: 274.423, min_critic_loss: 0.000
	actor_loss: -64.643, max_actor_loss: 7.091, min_actor_loss: -100.785
	value_loss: 0.974, max_value_loss: 36.793, min_value_loss: 0.000
	weight: 0.416, max_weight: 0.700, min_weight: 0.300
	v: 64.096, max_v: 102.020, min_v: -12.951
	q1: 63.360, max_q1: 100.210, min_q1: -15.892
	q2: 63.224, max_q2: 100.021, min_q2: -17.833
	target_q: 63.533, max_target_q: 101.161, min_target_q: -28.536

2023-02-24 22:32:39 - 
[#Step 120000] eval_reward: 58.385, eval_time: 4.058, time: 8.672
	critic_loss: 3.299, max_critic_loss: 45.727, min_critic_loss: 0.004
	actor_loss: -67.004, max_actor_loss: -0.040, min_actor_loss: -103.276
	value_loss: 0.968, max_value_loss: 24.878, min_value_loss: 0.000
	weight: 0.520, max_weight: 0.700, min_weight: 0.300
	v: 65.192, max_v: 101.300, min_v: -2.132
	q1: 65.799, max_q1: 102.259, min_q1: -3.192
	q2: 65.855, max_q2: 102.767, min_q2: -0.387
	target_q: 65.080, max_target_q: 101.162, min_target_q: -3.937

2023-02-24 22:33:20 - 
[#Step 130000] eval_reward: 100.726, eval_time: 7.265, time: 9.354
	critic_loss: 4.841, max_critic_loss: 139.902, min_critic_loss: 0.002
	actor_loss: -68.867, max_actor_loss: -2.221, min_actor_loss: -101.612
	value_loss: 1.370, max_value_loss: 37.340, min_value_loss: 0.000
	weight: 0.448, max_weight: 0.700, min_weight: 0.300
	v: 67.878, max_v: 101.858, min_v: 3.927
	q1: 67.468, max_q1: 101.396, min_q1: -0.627
	q2: 67.494, max_q2: 101.445, min_q2: 2.583
	target_q: 67.668, max_target_q: 101.762, min_target_q: 4.357

2023-02-24 22:33:59 - 
[#Step 140000] eval_reward: 85.483, eval_time: 6.127, time: 10.014
	critic_loss: 3.839, max_critic_loss: 54.550, min_critic_loss: 0.006
	actor_loss: -66.690, max_actor_loss: -2.944, min_actor_loss: -103.054
	value_loss: 1.371, max_value_loss: 171.881, min_value_loss: 0.000
	weight: 0.477, max_weight: 0.700, min_weight: 0.300
	v: 65.219, max_v: 101.810, min_v: 0.106
	q1: 65.078, max_q1: 102.206, min_q1: -1.816
	q2: 65.120, max_q2: 103.395, min_q2: -0.447
	target_q: 64.942, max_target_q: 102.070, min_target_q: 0.228

2023-02-24 22:34:39 - 
[#Step 150000] eval_reward: 78.732, eval_time: 6.100, time: 10.674
	critic_loss: 2.589, max_critic_loss: 62.743, min_critic_loss: 0.000
	actor_loss: -68.213, max_actor_loss: -1.803, min_actor_loss: -101.857
	value_loss: 1.387, max_value_loss: 183.732, min_value_loss: 0.000
	weight: 0.500, max_weight: 0.700, min_weight: 0.300
	v: 66.899, max_v: 100.695, min_v: 1.027
	q1: 66.903, max_q1: 100.847, min_q1: 0.659
	q2: 66.842, max_q2: 99.930, min_q2: 0.263
	target_q: 67.067, max_target_q: 101.494, min_target_q: 0.901

2023-02-24 22:35:18 - 
[#Step 160000] eval_reward: 71.545, eval_time: 5.732, time: 11.318
	critic_loss: 4.468, max_critic_loss: 173.888, min_critic_loss: 0.004
	actor_loss: -69.765, max_actor_loss: 2.475, min_actor_loss: -103.614
	value_loss: 1.198, max_value_loss: 35.502, min_value_loss: 0.000
	weight: 0.441, max_weight: 0.700, min_weight: 0.300
	v: 68.435, max_v: 102.779, min_v: -0.722
	q1: 68.273, max_q1: 103.411, min_q1: -1.748
	q2: 68.107, max_q2: 103.509, min_q2: -2.069
	target_q: 67.927, max_target_q: 103.200, min_target_q: -0.900

2023-02-24 22:35:54 - 
[#Step 170000] eval_reward: 40.446, eval_time: 3.188, time: 11.928
	critic_loss: 5.651, max_critic_loss: 145.800, min_critic_loss: 0.022
	actor_loss: -69.586, max_actor_loss: 2.050, min_actor_loss: -104.424
	value_loss: 0.972, max_value_loss: 17.048, min_value_loss: 0.000
	weight: 0.481, max_weight: 0.700, min_weight: 0.300
	v: 67.600, max_v: 102.758, min_v: -7.544
	q1: 68.292, max_q1: 103.878, min_q1: -3.400
	q2: 68.236, max_q2: 104.061, min_q2: -3.760
	target_q: 67.522, max_target_q: 102.930, min_target_q: 0.946

2023-02-24 22:36:33 - 
[#Step 180000] eval_reward: 73.550, eval_time: 5.821, time: 12.577
	critic_loss: 3.232, max_critic_loss: 74.380, min_critic_loss: 0.002
	actor_loss: -68.046, max_actor_loss: 3.487, min_actor_loss: -102.976
	value_loss: 1.221, max_value_loss: 41.409, min_value_loss: 0.000
	weight: 0.452, max_weight: 0.700, min_weight: 0.300
	v: 66.647, max_v: 102.887, min_v: -4.963
	q1: 66.615, max_q1: 102.391, min_q1: -4.220
	q2: 66.521, max_q2: 102.329, min_q2: -4.487
	target_q: 66.635, max_target_q: 102.684, min_target_q: -8.731

2023-02-24 22:37:12 - 
[#Step 190000] eval_reward: 72.580, eval_time: 5.585, time: 13.228
	critic_loss: 3.527, max_critic_loss: 65.652, min_critic_loss: 0.020
	actor_loss: -67.432, max_actor_loss: 3.615, min_actor_loss: -101.713
	value_loss: 1.472, max_value_loss: 150.738, min_value_loss: 0.000
	weight: 0.416, max_weight: 0.700, min_weight: 0.300
	v: 66.747, max_v: 102.875, min_v: -4.069
	q1: 65.967, max_q1: 101.571, min_q1: -3.282
	q2: 66.058, max_q2: 102.017, min_q2: -4.825
	target_q: 66.616, max_target_q: 102.522, min_target_q: 0.369

2023-02-24 22:37:45 - Saving checkpoint at step: 40
2023-02-24 22:37:45 - Saved checkpoint at saved_models/hopper-medium-replay-v2/COMFO6_s1_20230224_222359/actor_40
2023-02-24 22:37:45 - Saving checkpoint at step: 40
2023-02-24 22:37:45 - Saved checkpoint at saved_models/hopper-medium-replay-v2/COMFO6_s1_20230224_222359/critic_40
2023-02-24 22:37:45 - Saving checkpoint at step: 40
2023-02-24 22:37:45 - Saved checkpoint at saved_models/hopper-medium-replay-v2/COMFO6_s1_20230224_222359/value_40
2023-02-24 22:37:51 - 
[#Step 200000] eval_reward: 68.152, eval_time: 5.134, time: 13.868
	critic_loss: 6.503, max_critic_loss: 63.493, min_critic_loss: 0.009
	actor_loss: -67.832, max_actor_loss: -1.308, min_actor_loss: -104.299
	value_loss: 0.878, max_value_loss: 18.554, min_value_loss: 0.000
	weight: 0.394, max_weight: 0.700, min_weight: 0.300
	v: 67.506, max_v: 104.625, min_v: 0.116
	q1: 66.491, max_q1: 104.269, min_q1: 0.810
	q2: 66.518, max_q2: 104.373, min_q2: 0.434
	target_q: 67.592, max_target_q: 104.195, min_target_q: -0.263

2023-02-24 22:38:30 - 
[#Step 210000] eval_reward: 78.240, eval_time: 5.944, time: 14.524
	critic_loss: 4.553, max_critic_loss: 133.995, min_critic_loss: 0.006
	actor_loss: -66.709, max_actor_loss: 2.472, min_actor_loss: -104.623
	value_loss: 2.444, max_value_loss: 145.761, min_value_loss: 0.000
	weight: 0.406, max_weight: 0.700, min_weight: 0.300
	v: 65.580, max_v: 104.142, min_v: -4.084
	q1: 64.948, max_q1: 103.637, min_q1: -6.702
	q2: 65.034, max_q2: 103.865, min_q2: -6.237
	target_q: 65.159, max_target_q: 104.139, min_target_q: -8.501

2023-02-24 22:39:07 - 
[#Step 220000] eval_reward: 45.598, eval_time: 3.603, time: 15.141
	critic_loss: 5.903, max_critic_loss: 88.065, min_critic_loss: 0.005
	actor_loss: -67.022, max_actor_loss: -1.570, min_actor_loss: -102.284
	value_loss: 1.369, max_value_loss: 114.841, min_value_loss: 0.000
	weight: 0.430, max_weight: 0.700, min_weight: 0.300
	v: 66.700, max_v: 103.309, min_v: -0.135
	q1: 65.444, max_q1: 102.243, min_q1: -2.297
	q2: 65.467, max_q2: 102.567, min_q2: -0.664
	target_q: 66.518, max_target_q: 103.459, min_target_q: -0.621

2023-02-24 22:39:46 - 
[#Step 230000] eval_reward: 80.278, eval_time: 6.076, time: 15.798
	critic_loss: 3.667, max_critic_loss: 63.753, min_critic_loss: 0.002
	actor_loss: -66.677, max_actor_loss: 0.364, min_actor_loss: -106.228
	value_loss: 1.263, max_value_loss: 50.264, min_value_loss: 0.000
	weight: 0.522, max_weight: 0.700, min_weight: 0.300
	v: 65.038, max_v: 103.029, min_v: -3.645
	q1: 65.209, max_q1: 105.060, min_q1: -1.155
	q2: 65.400, max_q2: 104.751, min_q2: -0.265
	target_q: 64.923, max_target_q: 103.194, min_target_q: -3.467

2023-02-24 22:40:27 - 
[#Step 240000] eval_reward: 88.627, eval_time: 7.002, time: 16.468
	critic_loss: 5.032, max_critic_loss: 153.283, min_critic_loss: 0.003
	actor_loss: -67.781, max_actor_loss: -0.283, min_actor_loss: -103.178
	value_loss: 1.048, max_value_loss: 77.283, min_value_loss: 0.000
	weight: 0.470, max_weight: 0.700, min_weight: 0.300
	v: 66.190, max_v: 103.365, min_v: -6.897
	q1: 66.357, max_q1: 103.142, min_q1: -6.108
	q2: 66.191, max_q2: 101.990, min_q2: -6.686
	target_q: 66.102, max_target_q: 102.861, min_target_q: -0.627

2023-02-24 22:41:06 - 
[#Step 250000] eval_reward: 71.775, eval_time: 5.601, time: 17.118
	critic_loss: 4.646, max_critic_loss: 117.395, min_critic_loss: 0.000
	actor_loss: -66.439, max_actor_loss: 8.746, min_actor_loss: -105.164
	value_loss: 1.204, max_value_loss: 42.171, min_value_loss: 0.000
	weight: 0.528, max_weight: 0.700, min_weight: 0.300
	v: 64.342, max_v: 105.402, min_v: -7.530
	q1: 64.826, max_q1: 104.822, min_q1: -4.027
	q2: 64.794, max_q2: 104.367, min_q2: -3.112
	target_q: 64.008, max_target_q: 104.814, min_target_q: -2.627

2023-02-24 22:41:46 - 
[#Step 260000] eval_reward: 98.782, eval_time: 7.166, time: 17.791
	critic_loss: 5.735, max_critic_loss: 252.057, min_critic_loss: 0.001
	actor_loss: -66.767, max_actor_loss: -2.375, min_actor_loss: -104.363
	value_loss: 0.887, max_value_loss: 19.211, min_value_loss: 0.000
	weight: 0.439, max_weight: 0.700, min_weight: 0.300
	v: 65.686, max_v: 104.043, min_v: -0.167
	q1: 65.347, max_q1: 103.547, min_q1: -0.078
	q2: 65.279, max_q2: 103.616, min_q2: 0.107
	target_q: 65.286, max_target_q: 103.544, min_target_q: 0.626

2023-02-24 22:42:25 - 
[#Step 270000] eval_reward: 69.474, eval_time: 5.094, time: 18.437
	critic_loss: 3.416, max_critic_loss: 81.012, min_critic_loss: 0.013
	actor_loss: -65.852, max_actor_loss: -2.781, min_actor_loss: -103.308
	value_loss: 1.067, max_value_loss: 39.297, min_value_loss: 0.000
	weight: 0.455, max_weight: 0.700, min_weight: 0.300
	v: 64.880, max_v: 103.603, min_v: -0.901
	q1: 64.699, max_q1: 102.669, min_q1: 2.268
	q2: 64.926, max_q2: 102.811, min_q2: 3.484
	target_q: 65.031, max_target_q: 103.867, min_target_q: 0.956

2023-02-24 22:43:06 - 
[#Step 280000] eval_reward: 94.446, eval_time: 7.096, time: 19.117
	critic_loss: 3.453, max_critic_loss: 82.826, min_critic_loss: 0.004
	actor_loss: -66.503, max_actor_loss: 1.448, min_actor_loss: -105.769
	value_loss: 1.617, max_value_loss: 55.894, min_value_loss: 0.000
	weight: 0.467, max_weight: 0.700, min_weight: 0.300
	v: 65.431, max_v: 104.409, min_v: -0.563
	q1: 65.345, max_q1: 103.796, min_q1: -0.605
	q2: 65.425, max_q2: 104.586, min_q2: -1.348
	target_q: 65.297, max_target_q: 104.645, min_target_q: -0.276

2023-02-24 22:43:45 - 
[#Step 290000] eval_reward: 83.850, eval_time: 6.145, time: 19.777
	critic_loss: 3.513, max_critic_loss: 115.239, min_critic_loss: 0.005
	actor_loss: -69.177, max_actor_loss: 0.085, min_actor_loss: -103.419
	value_loss: 2.244, max_value_loss: 239.698, min_value_loss: 0.000
	weight: 0.422, max_weight: 0.700, min_weight: 0.300
	v: 68.057, max_v: 103.776, min_v: 0.126
	q1: 67.434, max_q1: 102.651, min_q1: 0.075
	q2: 67.407, max_q2: 103.089, min_q2: 0.129
	target_q: 67.782, max_target_q: 103.476, min_target_q: 0.960

2023-02-24 22:44:19 - Saving checkpoint at step: 60
2023-02-24 22:44:19 - Saved checkpoint at saved_models/hopper-medium-replay-v2/COMFO6_s1_20230224_222359/actor_60
2023-02-24 22:44:19 - Saving checkpoint at step: 60
2023-02-24 22:44:19 - Saved checkpoint at saved_models/hopper-medium-replay-v2/COMFO6_s1_20230224_222359/critic_60
2023-02-24 22:44:19 - Saving checkpoint at step: 60
2023-02-24 22:44:19 - Saved checkpoint at saved_models/hopper-medium-replay-v2/COMFO6_s1_20230224_222359/value_60
2023-02-24 22:44:23 - 
[#Step 300000] eval_reward: 55.556, eval_time: 3.947, time: 20.401
	critic_loss: 4.638, max_critic_loss: 165.782, min_critic_loss: 0.000
	actor_loss: -65.198, max_actor_loss: -1.867, min_actor_loss: -104.234
	value_loss: 2.439, max_value_loss: 190.620, min_value_loss: 0.000
	weight: 0.473, max_weight: 0.700, min_weight: 0.300
	v: 63.752, max_v: 104.184, min_v: 0.504
	q1: 63.495, max_q1: 103.955, min_q1: 1.242
	q2: 63.583, max_q2: 104.618, min_q2: 1.017
	target_q: 63.328, max_target_q: 103.724, min_target_q: 0.929

2023-02-24 22:45:03 - 
[#Step 310000] eval_reward: 90.492, eval_time: 6.563, time: 21.071
	critic_loss: 2.982, max_critic_loss: 60.004, min_critic_loss: 0.002
	actor_loss: -68.815, max_actor_loss: -2.675, min_actor_loss: -105.166
	value_loss: 1.264, max_value_loss: 44.931, min_value_loss: 0.000
	weight: 0.419, max_weight: 0.700, min_weight: 0.300
	v: 66.930, max_v: 104.305, min_v: -0.233
	q1: 66.781, max_q1: 104.431, min_q1: -2.001
	q2: 66.886, max_q2: 103.694, min_q2: -1.810
	target_q: 66.734, max_target_q: 104.160, min_target_q: -1.734

2023-02-24 22:45:43 - 
[#Step 320000] eval_reward: 87.464, eval_time: 6.411, time: 21.735
	critic_loss: 2.254, max_critic_loss: 29.959, min_critic_loss: 0.001
	actor_loss: -65.233, max_actor_loss: 0.031, min_actor_loss: -104.017
	value_loss: 1.510, max_value_loss: 43.608, min_value_loss: 0.000
	weight: 0.466, max_weight: 0.700, min_weight: 0.300
	v: 63.948, max_v: 103.530, min_v: 1.416
	q1: 64.105, max_q1: 103.639, min_q1: -0.162
	q2: 64.063, max_q2: 103.695, min_q2: -1.355
	target_q: 64.185, max_target_q: 103.540, min_target_q: 1.191

2023-02-24 22:46:22 - 
[#Step 330000] eval_reward: 76.986, eval_time: 5.598, time: 22.385
	critic_loss: 3.017, max_critic_loss: 94.050, min_critic_loss: 0.005
	actor_loss: -67.252, max_actor_loss: 0.422, min_actor_loss: -105.147
	value_loss: 1.375, max_value_loss: 119.853, min_value_loss: 0.000
	weight: 0.452, max_weight: 0.700, min_weight: 0.300
	v: 65.701, max_v: 105.440, min_v: 0.975
	q1: 65.743, max_q1: 104.904, min_q1: -1.334
	q2: 65.774, max_q2: 105.018, min_q2: -1.795
	target_q: 65.656, max_target_q: 105.743, min_target_q: -2.988

2023-02-24 22:47:00 - 
[#Step 340000] eval_reward: 69.588, eval_time: 4.929, time: 23.029
	critic_loss: 3.362, max_critic_loss: 62.020, min_critic_loss: 0.001
	actor_loss: -69.913, max_actor_loss: -1.063, min_actor_loss: -104.323
	value_loss: 1.047, max_value_loss: 48.122, min_value_loss: 0.000
	weight: 0.438, max_weight: 0.700, min_weight: 0.300
	v: 68.207, max_v: 104.114, min_v: 1.145
	q1: 68.058, max_q1: 103.717, min_q1: 0.312
	q2: 68.156, max_q2: 103.970, min_q2: 1.690
	target_q: 67.899, max_target_q: 103.706, min_target_q: 0.600

2023-02-24 22:47:39 - 
[#Step 350000] eval_reward: 63.027, eval_time: 4.728, time: 23.668
	critic_loss: 4.891, max_critic_loss: 104.380, min_critic_loss: 0.004
	actor_loss: -66.079, max_actor_loss: 0.148, min_actor_loss: -102.446
	value_loss: 1.692, max_value_loss: 124.800, min_value_loss: 0.000
	weight: 0.462, max_weight: 0.700, min_weight: 0.300
	v: 64.735, max_v: 103.689, min_v: 2.231
	q1: 64.639, max_q1: 102.878, min_q1: -5.547
	q2: 64.673, max_q2: 102.603, min_q2: -3.852
	target_q: 64.753, max_target_q: 103.159, min_target_q: 1.435

2023-02-24 22:48:16 - 
[#Step 360000] eval_reward: 43.615, eval_time: 3.373, time: 24.285
	critic_loss: 3.869, max_critic_loss: 97.151, min_critic_loss: 0.007
	actor_loss: -67.013, max_actor_loss: 1.195, min_actor_loss: -103.765
	value_loss: 1.486, max_value_loss: 97.637, min_value_loss: 0.000
	weight: 0.439, max_weight: 0.700, min_weight: 0.300
	v: 65.997, max_v: 103.647, min_v: -2.123
	q1: 65.623, max_q1: 103.133, min_q1: -1.111
	q2: 65.756, max_q2: 103.704, min_q2: -0.316
	target_q: 65.974, max_target_q: 103.591, min_target_q: -1.491

2023-02-24 22:48:55 - 
[#Step 370000] eval_reward: 80.455, eval_time: 5.898, time: 24.942
	critic_loss: 3.623, max_critic_loss: 173.428, min_critic_loss: 0.002
	actor_loss: -66.065, max_actor_loss: -1.267, min_actor_loss: -104.744
	value_loss: 1.569, max_value_loss: 137.426, min_value_loss: 0.000
	weight: 0.456, max_weight: 0.700, min_weight: 0.300
	v: 64.663, max_v: 102.998, min_v: 2.536
	q1: 64.652, max_q1: 103.187, min_q1: 2.110
	q2: 64.502, max_q2: 102.967, min_q2: 1.787
	target_q: 64.636, max_target_q: 103.090, min_target_q: 1.101

2023-02-24 22:49:35 - 
[#Step 380000] eval_reward: 92.517, eval_time: 6.725, time: 25.613
	critic_loss: 3.603, max_critic_loss: 173.648, min_critic_loss: 0.002
	actor_loss: -67.135, max_actor_loss: -2.625, min_actor_loss: -103.522
	value_loss: 1.398, max_value_loss: 122.530, min_value_loss: 0.000
	weight: 0.450, max_weight: 0.700, min_weight: 0.300
	v: 65.772, max_v: 102.044, min_v: -1.209
	q1: 65.673, max_q1: 101.715, min_q1: -0.078
	q2: 65.564, max_q2: 101.883, min_q2: -0.388
	target_q: 65.733, max_target_q: 102.325, min_target_q: 0.071

2023-02-24 22:50:15 - 
[#Step 390000] eval_reward: 89.154, eval_time: 6.688, time: 26.280
	critic_loss: 3.411, max_critic_loss: 56.748, min_critic_loss: 0.000
	actor_loss: -69.639, max_actor_loss: 0.035, min_actor_loss: -103.640
	value_loss: 1.199, max_value_loss: 75.619, min_value_loss: 0.000
	weight: 0.445, max_weight: 0.700, min_weight: 0.300
	v: 68.272, max_v: 102.593, min_v: 1.201
	q1: 68.515, max_q1: 103.014, min_q1: 0.301
	q2: 68.623, max_q2: 102.763, min_q2: 0.845
	target_q: 68.192, max_target_q: 102.452, min_target_q: 1.071

2023-02-24 22:50:49 - Saving checkpoint at step: 80
2023-02-24 22:50:49 - Saved checkpoint at saved_models/hopper-medium-replay-v2/COMFO6_s1_20230224_222359/actor_80
2023-02-24 22:50:49 - Saving checkpoint at step: 80
2023-02-24 22:50:49 - Saved checkpoint at saved_models/hopper-medium-replay-v2/COMFO6_s1_20230224_222359/critic_80
2023-02-24 22:50:49 - Saving checkpoint at step: 80
2023-02-24 22:50:49 - Saved checkpoint at saved_models/hopper-medium-replay-v2/COMFO6_s1_20230224_222359/value_80
2023-02-24 22:50:55 - 
[#Step 400000] eval_reward: 84.026, eval_time: 6.294, time: 26.945
	critic_loss: 3.118, max_critic_loss: 69.794, min_critic_loss: 0.006
	actor_loss: -67.649, max_actor_loss: -1.089, min_actor_loss: -102.743
	value_loss: 1.409, max_value_loss: 56.004, min_value_loss: 0.000
	weight: 0.537, max_weight: 0.700, min_weight: 0.300
	v: 65.763, max_v: 103.373, min_v: -2.318
	q1: 66.317, max_q1: 102.473, min_q1: -2.945
	q2: 66.338, max_q2: 102.967, min_q2: -3.980
	target_q: 66.078, max_target_q: 103.201, min_target_q: -0.568

2023-02-24 22:51:35 - 
[#Step 410000] eval_reward: 91.788, eval_time: 6.759, time: 27.612
	critic_loss: 16.087, max_critic_loss: 3330.571, min_critic_loss: 0.006
	actor_loss: -67.444, max_actor_loss: -2.846, min_actor_loss: -105.014
	value_loss: 1.783, max_value_loss: 178.613, min_value_loss: 0.000
	weight: 0.458, max_weight: 0.700, min_weight: 0.300
	v: 65.702, max_v: 102.755, min_v: 2.297
	q1: 65.478, max_q1: 103.169, min_q1: -0.334
	q2: 65.491, max_q2: 103.243, min_q2: -1.450
	target_q: 65.004, max_target_q: 102.725, min_target_q: -0.424

2023-02-24 22:52:15 - 
[#Step 420000] eval_reward: 81.551, eval_time: 6.053, time: 28.274
	critic_loss: 2.841, max_critic_loss: 65.033, min_critic_loss: 0.001
	actor_loss: -68.323, max_actor_loss: -0.343, min_actor_loss: -103.365
	value_loss: 1.020, max_value_loss: 64.792, min_value_loss: 0.000
	weight: 0.473, max_weight: 0.700, min_weight: 0.300
	v: 67.073, max_v: 103.303, min_v: -0.519
	q1: 67.070, max_q1: 104.150, min_q1: 0.789
	q2: 67.177, max_q2: 103.368, min_q2: 0.356
	target_q: 67.181, max_target_q: 103.926, min_target_q: 0.392

2023-02-24 22:52:54 - 
[#Step 430000] eval_reward: 69.152, eval_time: 5.062, time: 28.917
	critic_loss: 3.110, max_critic_loss: 74.701, min_critic_loss: 0.000
	actor_loss: -67.813, max_actor_loss: -4.559, min_actor_loss: -103.823
	value_loss: 1.208, max_value_loss: 31.344, min_value_loss: 0.000
	weight: 0.467, max_weight: 0.700, min_weight: 0.300
	v: 66.545, max_v: 103.947, min_v: 3.400
	q1: 66.529, max_q1: 103.192, min_q1: 4.940
	q2: 66.528, max_q2: 103.280, min_q2: 4.594
	target_q: 66.564, max_target_q: 103.567, min_target_q: 3.201

2023-02-24 22:53:34 - 
[#Step 440000] eval_reward: 90.875, eval_time: 6.953, time: 29.592
	critic_loss: 3.931, max_critic_loss: 77.398, min_critic_loss: 0.003
	actor_loss: -67.809, max_actor_loss: -5.203, min_actor_loss: -103.194
	value_loss: 2.477, max_value_loss: 360.101, min_value_loss: 0.000
	weight: 0.489, max_weight: 0.700, min_weight: 0.300
	v: 66.721, max_v: 102.755, min_v: 4.702
	q1: 66.709, max_q1: 102.847, min_q1: 2.174
	q2: 66.672, max_q2: 103.216, min_q2: 1.020
	target_q: 66.690, max_target_q: 103.882, min_target_q: -2.776

2023-02-24 22:54:14 - 
[#Step 450000] eval_reward: 82.456, eval_time: 5.984, time: 30.251
	critic_loss: 3.756, max_critic_loss: 47.266, min_critic_loss: 0.003
	actor_loss: -66.556, max_actor_loss: 5.696, min_actor_loss: -102.625
	value_loss: 1.280, max_value_loss: 30.976, min_value_loss: 0.000
	weight: 0.477, max_weight: 0.700, min_weight: 0.300
	v: 65.292, max_v: 102.397, min_v: -5.304
	q1: 65.163, max_q1: 102.146, min_q1: -4.374
	q2: 65.346, max_q2: 102.687, min_q2: 0.408
	target_q: 65.428, max_target_q: 102.446, min_target_q: 0.749

2023-02-24 22:54:52 - 
[#Step 460000] eval_reward: 72.296, eval_time: 5.418, time: 30.899
	critic_loss: 3.752, max_critic_loss: 65.997, min_critic_loss: 0.002
	actor_loss: -68.406, max_actor_loss: 2.031, min_actor_loss: -104.683
	value_loss: 1.134, max_value_loss: 22.466, min_value_loss: 0.000
	weight: 0.459, max_weight: 0.700, min_weight: 0.300
	v: 67.361, max_v: 104.267, min_v: -0.641
	q1: 66.797, max_q1: 103.150, min_q1: -3.757
	q2: 66.947, max_q2: 103.325, min_q2: -5.039
	target_q: 67.279, max_target_q: 103.729, min_target_q: -2.058

2023-02-24 22:55:32 - 
[#Step 470000] eval_reward: 85.468, eval_time: 6.414, time: 31.565
	critic_loss: 3.505, max_critic_loss: 108.517, min_critic_loss: 0.002
	actor_loss: -65.295, max_actor_loss: -1.854, min_actor_loss: -102.490
	value_loss: 1.188, max_value_loss: 51.255, min_value_loss: 0.000
	weight: 0.475, max_weight: 0.700, min_weight: 0.300
	v: 63.588, max_v: 102.575, min_v: -13.599
	q1: 63.330, max_q1: 102.421, min_q1: -6.335
	q2: 63.328, max_q2: 102.396, min_q2: -6.894
	target_q: 63.418, max_target_q: 102.523, min_target_q: -4.051

2023-02-24 22:56:12 - 
[#Step 480000] eval_reward: 78.417, eval_time: 5.850, time: 32.222
	critic_loss: 3.925, max_critic_loss: 61.549, min_critic_loss: 0.003
	actor_loss: -64.048, max_actor_loss: 0.906, min_actor_loss: -104.645
	value_loss: 0.909, max_value_loss: 16.149, min_value_loss: 0.000
	weight: 0.386, max_weight: 0.700, min_weight: 0.300
	v: 63.528, max_v: 105.560, min_v: 1.854
	q1: 62.819, max_q1: 104.865, min_q1: 0.452
	q2: 62.791, max_q2: 104.468, min_q2: -0.801
	target_q: 63.166, max_target_q: 104.930, min_target_q: 1.195

2023-02-24 22:56:50 - 
[#Step 490000] eval_reward: 65.527, eval_time: 4.769, time: 32.863
	critic_loss: 3.357, max_critic_loss: 177.545, min_critic_loss: 0.002
	actor_loss: -67.049, max_actor_loss: 4.647, min_actor_loss: -104.072
	value_loss: 1.194, max_value_loss: 29.814, min_value_loss: 0.000
	weight: 0.459, max_weight: 0.700, min_weight: 0.300
	v: 65.907, max_v: 103.706, min_v: -5.855
	q1: 65.528, max_q1: 103.489, min_q1: -5.870
	q2: 65.504, max_q2: 102.929, min_q2: -6.895
	target_q: 65.746, max_target_q: 103.654, min_target_q: -7.317

2023-02-24 22:57:24 - Saving checkpoint at step: 100
2023-02-24 22:57:24 - Saved checkpoint at saved_models/hopper-medium-replay-v2/COMFO6_s1_20230224_222359/actor_100
2023-02-24 22:57:24 - Saving checkpoint at step: 100
2023-02-24 22:57:24 - Saved checkpoint at saved_models/hopper-medium-replay-v2/COMFO6_s1_20230224_222359/critic_100
2023-02-24 22:57:24 - Saving checkpoint at step: 100
2023-02-24 22:57:24 - Saved checkpoint at saved_models/hopper-medium-replay-v2/COMFO6_s1_20230224_222359/value_100
2023-02-24 22:57:30 - 
[#Step 500000] eval_reward: 89.375, eval_time: 6.477, time: 33.526
	critic_loss: 2.755, max_critic_loss: 78.918, min_critic_loss: 0.005
	actor_loss: -67.108, max_actor_loss: -0.264, min_actor_loss: -104.373
	value_loss: 1.674, max_value_loss: 118.795, min_value_loss: 0.000
	weight: 0.408, max_weight: 0.700, min_weight: 0.300
	v: 65.895, max_v: 105.542, min_v: 0.545
	q1: 65.323, max_q1: 104.783, min_q1: -0.021
	q2: 65.439, max_q2: 105.494, min_q2: 0.075
	target_q: 65.245, max_target_q: 105.559, min_target_q: 0.914

2023-02-24 22:58:08 - 
[#Step 510000] eval_reward: 63.988, eval_time: 4.704, time: 34.165
	critic_loss: 5.640, max_critic_loss: 769.650, min_critic_loss: 0.001
	actor_loss: -67.268, max_actor_loss: -2.255, min_actor_loss: -105.398
	value_loss: 1.303, max_value_loss: 46.272, min_value_loss: 0.000
	weight: 0.455, max_weight: 0.700, min_weight: 0.300
	v: 66.026, max_v: 105.809, min_v: 1.663
	q1: 65.894, max_q1: 105.432, min_q1: 1.717
	q2: 65.993, max_q2: 105.687, min_q2: 1.354
	target_q: 65.839, max_target_q: 105.393, min_target_q: 1.117

2023-02-24 22:58:48 - 
[#Step 520000] eval_reward: 74.812, eval_time: 5.476, time: 34.817
	critic_loss: 4.552, max_critic_loss: 145.573, min_critic_loss: 0.006
	actor_loss: -66.714, max_actor_loss: -1.561, min_actor_loss: -105.004
	value_loss: 1.211, max_value_loss: 53.047, min_value_loss: 0.000
	weight: 0.448, max_weight: 0.700, min_weight: 0.300
	v: 65.752, max_v: 105.169, min_v: 3.305
	q1: 65.422, max_q1: 104.483, min_q1: 1.753
	q2: 65.506, max_q2: 104.494, min_q2: 1.857
	target_q: 65.557, max_target_q: 105.010, min_target_q: 1.213

2023-02-24 22:59:26 - 
[#Step 530000] eval_reward: 64.830, eval_time: 4.812, time: 35.458
	critic_loss: 2.945, max_critic_loss: 36.233, min_critic_loss: 0.004
	actor_loss: -66.814, max_actor_loss: -0.530, min_actor_loss: -106.076
	value_loss: 0.870, max_value_loss: 29.843, min_value_loss: 0.000
	weight: 0.452, max_weight: 0.700, min_weight: 0.300
	v: 64.821, max_v: 105.349, min_v: -1.470
	q1: 65.014, max_q1: 106.799, min_q1: -0.907
	q2: 65.011, max_q2: 106.961, min_q2: -0.635
	target_q: 64.410, max_target_q: 106.030, min_target_q: -3.907

2023-02-24 23:00:06 - 
[#Step 540000] eval_reward: 80.468, eval_time: 6.059, time: 36.120
	critic_loss: 3.045, max_critic_loss: 48.860, min_critic_loss: 0.004
	actor_loss: -67.058, max_actor_loss: -6.004, min_actor_loss: -104.623
	value_loss: 1.320, max_value_loss: 50.724, min_value_loss: 0.000
	weight: 0.438, max_weight: 0.700, min_weight: 0.300
	v: 66.099, max_v: 104.508, min_v: 5.880
	q1: 65.818, max_q1: 104.384, min_q1: 6.180
	q2: 65.681, max_q2: 104.021, min_q2: 5.274
	target_q: 66.174, max_target_q: 105.438, min_target_q: 5.364

2023-02-24 23:00:45 - 
[#Step 550000] eval_reward: 74.874, eval_time: 5.485, time: 36.775
	critic_loss: 4.479, max_critic_loss: 213.296, min_critic_loss: 0.008
	actor_loss: -64.239, max_actor_loss: 3.978, min_actor_loss: -105.825
	value_loss: 1.736, max_value_loss: 91.585, min_value_loss: 0.000
	weight: 0.452, max_weight: 0.700, min_weight: 0.300
	v: 62.804, max_v: 104.279, min_v: -11.878
	q1: 62.605, max_q1: 104.509, min_q1: -7.174
	q2: 62.543, max_q2: 104.680, min_q2: -8.825
	target_q: 62.478, max_target_q: 104.034, min_target_q: -0.635

2023-02-24 23:01:24 - 
[#Step 560000] eval_reward: 75.315, eval_time: 5.512, time: 37.423
	critic_loss: 2.725, max_critic_loss: 55.872, min_critic_loss: 0.010
	actor_loss: -69.716, max_actor_loss: 5.073, min_actor_loss: -106.200
	value_loss: 1.054, max_value_loss: 28.366, min_value_loss: 0.000
	weight: 0.442, max_weight: 0.700, min_weight: 0.300
	v: 68.642, max_v: 105.825, min_v: -3.909
	q1: 68.259, max_q1: 105.300, min_q1: 0.776
	q2: 68.285, max_q2: 105.747, min_q2: -1.873
	target_q: 68.495, max_target_q: 107.372, min_target_q: 1.710

2023-02-24 23:02:04 - 
[#Step 570000] eval_reward: 85.956, eval_time: 6.577, time: 38.094
	critic_loss: 4.264, max_critic_loss: 110.335, min_critic_loss: 0.001
	actor_loss: -67.235, max_actor_loss: -0.939, min_actor_loss: -105.974
	value_loss: 1.812, max_value_loss: 128.861, min_value_loss: 0.000
	weight: 0.470, max_weight: 0.700, min_weight: 0.300
	v: 65.573, max_v: 105.087, min_v: -0.954
	q1: 65.339, max_q1: 104.868, min_q1: 0.411
	q2: 65.315, max_q2: 104.335, min_q2: 0.645
	target_q: 65.456, max_target_q: 104.938, min_target_q: -0.516

2023-02-24 23:02:44 - 
[#Step 580000] eval_reward: 81.055, eval_time: 5.905, time: 38.753
	critic_loss: 3.195, max_critic_loss: 60.331, min_critic_loss: 0.000
	actor_loss: -67.908, max_actor_loss: -0.280, min_actor_loss: -103.686
	value_loss: 1.001, max_value_loss: 26.180, min_value_loss: 0.000
	weight: 0.461, max_weight: 0.700, min_weight: 0.300
	v: 66.653, max_v: 103.304, min_v: 1.222
	q1: 66.504, max_q1: 103.956, min_q1: 0.295
	q2: 66.671, max_q2: 104.313, min_q2: 0.452
	target_q: 66.761, max_target_q: 103.678, min_target_q: 0.925

2023-02-24 23:03:21 - 
[#Step 590000] eval_reward: 53.940, eval_time: 3.847, time: 39.375
	critic_loss: 4.815, max_critic_loss: 97.938, min_critic_loss: 0.001
	actor_loss: -67.089, max_actor_loss: -3.340, min_actor_loss: -105.242
	value_loss: 1.805, max_value_loss: 164.699, min_value_loss: 0.000
	weight: 0.423, max_weight: 0.700, min_weight: 0.300
	v: 66.423, max_v: 105.830, min_v: 0.404
	q1: 65.580, max_q1: 105.636, min_q1: 2.593
	q2: 65.625, max_q2: 105.218, min_q2: 2.266
	target_q: 66.095, max_target_q: 106.316, min_target_q: 0.945

2023-02-24 23:03:55 - Saving checkpoint at step: 120
2023-02-24 23:03:55 - Saved checkpoint at saved_models/hopper-medium-replay-v2/COMFO6_s1_20230224_222359/actor_120
2023-02-24 23:03:55 - Removing checkpoint at saved_models/hopper-medium-replay-v2/COMFO6_s1_20230224_222359/actor_20
2023-02-24 23:03:55 - Saving checkpoint at step: 120
2023-02-24 23:03:55 - Saved checkpoint at saved_models/hopper-medium-replay-v2/COMFO6_s1_20230224_222359/critic_120
2023-02-24 23:03:55 - Removing checkpoint at saved_models/hopper-medium-replay-v2/COMFO6_s1_20230224_222359/critic_20
2023-02-24 23:03:55 - Saving checkpoint at step: 120
2023-02-24 23:03:55 - Saved checkpoint at saved_models/hopper-medium-replay-v2/COMFO6_s1_20230224_222359/value_120
2023-02-24 23:03:55 - Removing checkpoint at saved_models/hopper-medium-replay-v2/COMFO6_s1_20230224_222359/value_20
2023-02-24 23:04:02 - 
[#Step 600000] eval_reward: 94.602, eval_time: 7.559, time: 40.064
	critic_loss: 3.127, max_critic_loss: 82.987, min_critic_loss: 0.001
	actor_loss: -63.288, max_actor_loss: -1.559, min_actor_loss: -106.158
	value_loss: 1.346, max_value_loss: 99.438, min_value_loss: 0.000
	weight: 0.452, max_weight: 0.700, min_weight: 0.300
	v: 62.211, max_v: 104.453, min_v: -3.015
	q1: 62.043, max_q1: 104.828, min_q1: -0.945
	q2: 62.041, max_q2: 104.063, min_q2: 0.370
	target_q: 62.003, max_target_q: 104.475, min_target_q: -0.258

2023-02-24 23:04:43 - 
[#Step 610000] eval_reward: 84.717, eval_time: 6.404, time: 40.734
	critic_loss: 2.931, max_critic_loss: 42.886, min_critic_loss: 0.000
	actor_loss: -65.527, max_actor_loss: -3.260, min_actor_loss: -103.383
	value_loss: 1.827, max_value_loss: 234.406, min_value_loss: 0.000
	weight: 0.450, max_weight: 0.700, min_weight: 0.300
	v: 63.954, max_v: 102.615, min_v: -4.806
	q1: 63.702, max_q1: 103.212, min_q1: -6.464
	q2: 63.837, max_q2: 103.423, min_q2: -6.802
	target_q: 63.686, max_target_q: 102.642, min_target_q: -9.395

2023-02-24 23:05:22 - 
[#Step 620000] eval_reward: 83.019, eval_time: 6.185, time: 41.397
	critic_loss: 5.666, max_critic_loss: 53.087, min_critic_loss: 0.002
	actor_loss: -66.800, max_actor_loss: -3.398, min_actor_loss: -106.559
	value_loss: 1.650, max_value_loss: 141.087, min_value_loss: 0.000
	weight: 0.464, max_weight: 0.700, min_weight: 0.300
	v: 65.898, max_v: 104.094, min_v: -17.524
	q1: 65.025, max_q1: 102.864, min_q1: -13.337
	q2: 65.074, max_q2: 103.759, min_q2: -12.453
	target_q: 65.884, max_target_q: 104.434, min_target_q: -12.122

2023-02-24 23:06:01 - 
[#Step 630000] eval_reward: 69.897, eval_time: 5.183, time: 42.042
	critic_loss: 2.409, max_critic_loss: 27.891, min_critic_loss: 0.002
	actor_loss: -67.463, max_actor_loss: 2.217, min_actor_loss: -105.940
	value_loss: 1.897, max_value_loss: 266.719, min_value_loss: 0.000
	weight: 0.422, max_weight: 0.700, min_weight: 0.300
	v: 66.544, max_v: 105.335, min_v: -2.606
	q1: 66.086, max_q1: 104.486, min_q1: -3.711
	q2: 66.221, max_q2: 104.333, min_q2: -1.938
	target_q: 66.003, max_target_q: 105.073, min_target_q: -2.850

2023-02-24 23:06:41 - 
[#Step 640000] eval_reward: 84.903, eval_time: 6.711, time: 42.715
	critic_loss: 3.514, max_critic_loss: 101.894, min_critic_loss: 0.003
	actor_loss: -65.322, max_actor_loss: 0.417, min_actor_loss: -103.325
	value_loss: 1.509, max_value_loss: 80.797, min_value_loss: 0.000
	weight: 0.389, max_weight: 0.700, min_weight: 0.300
	v: 64.344, max_v: 102.922, min_v: -0.227
	q1: 63.512, max_q1: 102.530, min_q1: -2.067
	q2: 63.691, max_q2: 102.730, min_q2: -1.193
	target_q: 64.067, max_target_q: 103.404, min_target_q: -0.127

2023-02-24 23:07:22 - 
[#Step 650000] eval_reward: 91.140, eval_time: 6.760, time: 43.384
	critic_loss: 6.704, max_critic_loss: 666.245, min_critic_loss: 0.000
	actor_loss: -64.602, max_actor_loss: 7.446, min_actor_loss: -105.675
	value_loss: 2.150, max_value_loss: 101.916, min_value_loss: 0.000
	weight: 0.486, max_weight: 0.700, min_weight: 0.300
	v: 62.198, max_v: 105.073, min_v: -6.489
	q1: 62.521, max_q1: 104.740, min_q1: -5.636
	q2: 62.532, max_q2: 104.895, min_q2: -4.834
	target_q: 61.823, max_target_q: 104.559, min_target_q: 0.294

2023-02-24 23:08:01 - 
[#Step 660000] eval_reward: 86.865, eval_time: 6.494, time: 44.048
	critic_loss: 2.917, max_critic_loss: 83.853, min_critic_loss: 0.001
	actor_loss: -67.090, max_actor_loss: 1.149, min_actor_loss: -104.379
	value_loss: 1.184, max_value_loss: 38.216, min_value_loss: 0.000
	weight: 0.505, max_weight: 0.700, min_weight: 0.300
	v: 65.157, max_v: 103.048, min_v: -2.469
	q1: 65.523, max_q1: 103.237, min_q1: -3.663
	q2: 65.548, max_q2: 103.412, min_q2: -3.004
	target_q: 65.245, max_target_q: 103.489, min_target_q: -2.352

2023-02-24 23:08:39 - 
[#Step 670000] eval_reward: 51.291, eval_time: 3.714, time: 44.669
	critic_loss: 2.905, max_critic_loss: 71.463, min_critic_loss: 0.002
	actor_loss: -66.187, max_actor_loss: -0.779, min_actor_loss: -107.509
	value_loss: 0.794, max_value_loss: 62.444, min_value_loss: 0.000
	weight: 0.455, max_weight: 0.700, min_weight: 0.300
	v: 64.904, max_v: 104.370, min_v: 1.526
	q1: 64.932, max_q1: 105.972, min_q1: 1.387
	q2: 64.927, max_q2: 105.334, min_q2: 1.427
	target_q: 64.913, max_target_q: 104.750, min_target_q: 1.291

2023-02-24 23:09:18 - 
[#Step 680000] eval_reward: 86.801, eval_time: 6.623, time: 45.332
	critic_loss: 3.452, max_critic_loss: 99.508, min_critic_loss: 0.004
	actor_loss: -65.306, max_actor_loss: -1.766, min_actor_loss: -105.067
	value_loss: 0.966, max_value_loss: 33.530, min_value_loss: 0.000
	weight: 0.403, max_weight: 0.700, min_weight: 0.300
	v: 64.449, max_v: 105.239, min_v: -2.341
	q1: 64.083, max_q1: 104.398, min_q1: -0.907
	q2: 64.191, max_q2: 105.225, min_q2: 0.924
	target_q: 64.152, max_target_q: 105.230, min_target_q: 0.207

2023-02-24 23:09:59 - 
[#Step 690000] eval_reward: 82.684, eval_time: 6.470, time: 46.002
	critic_loss: 2.920, max_critic_loss: 34.973, min_critic_loss: 0.005
	actor_loss: -63.534, max_actor_loss: -0.507, min_actor_loss: -105.755
	value_loss: 2.137, max_value_loss: 289.668, min_value_loss: 0.000
	weight: 0.475, max_weight: 0.700, min_weight: 0.300
	v: 61.936, max_v: 105.500, min_v: 0.432
	q1: 62.062, max_q1: 106.060, min_q1: -0.392
	q2: 62.124, max_q2: 105.263, min_q2: 1.226
	target_q: 62.285, max_target_q: 105.331, min_target_q: 1.259

2023-02-24 23:10:32 - Saving checkpoint at step: 140
2023-02-24 23:10:32 - Saved checkpoint at saved_models/hopper-medium-replay-v2/COMFO6_s1_20230224_222359/actor_140
2023-02-24 23:10:32 - Removing checkpoint at saved_models/hopper-medium-replay-v2/COMFO6_s1_20230224_222359/actor_40
2023-02-24 23:10:32 - Saving checkpoint at step: 140
2023-02-24 23:10:32 - Saved checkpoint at saved_models/hopper-medium-replay-v2/COMFO6_s1_20230224_222359/critic_140
2023-02-24 23:10:32 - Removing checkpoint at saved_models/hopper-medium-replay-v2/COMFO6_s1_20230224_222359/critic_40
2023-02-24 23:10:32 - Saving checkpoint at step: 140
2023-02-24 23:10:32 - Saved checkpoint at saved_models/hopper-medium-replay-v2/COMFO6_s1_20230224_222359/value_140
2023-02-24 23:10:32 - Removing checkpoint at saved_models/hopper-medium-replay-v2/COMFO6_s1_20230224_222359/value_40
2023-02-24 23:10:39 - 
[#Step 700000] eval_reward: 85.801, eval_time: 6.793, time: 46.669
	critic_loss: 5.456, max_critic_loss: 334.046, min_critic_loss: 0.001
	actor_loss: -65.932, max_actor_loss: -1.338, min_actor_loss: -105.501
	value_loss: 1.765, max_value_loss: 105.054, min_value_loss: 0.000
	weight: 0.439, max_weight: 0.700, min_weight: 0.300
	v: 64.579, max_v: 104.828, min_v: 0.200
	q1: 64.101, max_q1: 105.229, min_q1: -2.050
	q2: 64.144, max_q2: 105.240, min_q2: -3.913
	target_q: 64.525, max_target_q: 104.784, min_target_q: -0.703

2023-02-24 23:11:19 - 
[#Step 710000] eval_reward: 91.329, eval_time: 7.385, time: 47.349
	critic_loss: 3.818, max_critic_loss: 93.660, min_critic_loss: 0.000
	actor_loss: -64.757, max_actor_loss: 6.669, min_actor_loss: -103.878
	value_loss: 1.462, max_value_loss: 121.057, min_value_loss: 0.000
	weight: 0.514, max_weight: 0.700, min_weight: 0.300
	v: 63.170, max_v: 103.940, min_v: -2.785
	q1: 63.301, max_q1: 103.630, min_q1: -2.730
	q2: 63.295, max_q2: 104.043, min_q2: 1.366
	target_q: 63.053, max_target_q: 104.156, min_target_q: -3.054

2023-02-24 23:11:58 - 
[#Step 720000] eval_reward: 68.030, eval_time: 5.080, time: 47.988
	critic_loss: 4.076, max_critic_loss: 139.953, min_critic_loss: 0.010
	actor_loss: -64.322, max_actor_loss: 1.770, min_actor_loss: -105.459
	value_loss: 1.647, max_value_loss: 104.096, min_value_loss: 0.000
	weight: 0.436, max_weight: 0.700, min_weight: 0.300
	v: 62.913, max_v: 104.342, min_v: 0.756
	q1: 62.572, max_q1: 105.021, min_q1: -2.970
	q2: 62.535, max_q2: 104.615, min_q2: -0.291
	target_q: 62.542, max_target_q: 105.018, min_target_q: 0.832

2023-02-24 23:12:38 - 
[#Step 730000] eval_reward: 86.978, eval_time: 6.691, time: 48.655
	critic_loss: 3.766, max_critic_loss: 153.349, min_critic_loss: 0.005
	actor_loss: -64.363, max_actor_loss: 1.039, min_actor_loss: -106.623
	value_loss: 2.404, max_value_loss: 357.147, min_value_loss: 0.000
	weight: 0.486, max_weight: 0.700, min_weight: 0.300
	v: 62.991, max_v: 106.169, min_v: -4.226
	q1: 62.726, max_q1: 105.713, min_q1: -0.294
	q2: 62.556, max_q2: 105.380, min_q2: -1.264
	target_q: 62.228, max_target_q: 105.517, min_target_q: -3.928

2023-02-24 23:13:17 - 
[#Step 740000] eval_reward: 73.110, eval_time: 5.540, time: 49.301
	critic_loss: 3.551, max_critic_loss: 63.531, min_critic_loss: 0.007
	actor_loss: -67.905, max_actor_loss: -2.128, min_actor_loss: -105.164
	value_loss: 1.565, max_value_loss: 81.067, min_value_loss: 0.000
	weight: 0.461, max_weight: 0.700, min_weight: 0.300
	v: 66.805, max_v: 105.360, min_v: -0.507
	q1: 66.345, max_q1: 104.000, min_q1: 2.844
	q2: 66.315, max_q2: 104.124, min_q2: 2.206
	target_q: 66.762, max_target_q: 105.275, min_target_q: -0.005

2023-02-24 23:13:57 - 
[#Step 750000] eval_reward: 86.249, eval_time: 6.659, time: 49.969
	critic_loss: 2.989, max_critic_loss: 79.842, min_critic_loss: 0.009
	actor_loss: -68.193, max_actor_loss: -0.996, min_actor_loss: -105.333
	value_loss: 1.736, max_value_loss: 57.575, min_value_loss: 0.000
	weight: 0.470, max_weight: 0.700, min_weight: 0.300
	v: 66.420, max_v: 105.784, min_v: 1.386
	q1: 66.327, max_q1: 105.321, min_q1: 1.438
	q2: 66.371, max_q2: 105.502, min_q2: 0.709
	target_q: 66.217, max_target_q: 105.632, min_target_q: 0.563

2023-02-24 23:14:35 - 
[#Step 760000] eval_reward: 67.623, eval_time: 5.135, time: 50.611
	critic_loss: 4.311, max_critic_loss: 87.773, min_critic_loss: 0.003
	actor_loss: -69.287, max_actor_loss: -2.361, min_actor_loss: -105.383
	value_loss: 1.651, max_value_loss: 38.448, min_value_loss: 0.000
	weight: 0.464, max_weight: 0.700, min_weight: 0.300
	v: 67.353, max_v: 104.926, min_v: 1.381
	q1: 67.796, max_q1: 105.424, min_q1: 3.195
	q2: 67.754, max_q2: 105.829, min_q2: 2.789
	target_q: 67.162, max_target_q: 104.765, min_target_q: 2.959

2023-02-24 23:15:17 - 
[#Step 770000] eval_reward: 97.486, eval_time: 8.120, time: 51.303
	critic_loss: 4.458, max_critic_loss: 104.063, min_critic_loss: 0.003
	actor_loss: -66.967, max_actor_loss: 0.003, min_actor_loss: -105.312
	value_loss: 1.007, max_value_loss: 29.599, min_value_loss: 0.000
	weight: 0.442, max_weight: 0.700, min_weight: 0.300
	v: 65.942, max_v: 104.983, min_v: -6.025
	q1: 65.505, max_q1: 105.008, min_q1: -9.268
	q2: 65.660, max_q2: 104.557, min_q2: -8.272
	target_q: 66.362, max_target_q: 105.331, min_target_q: -6.134

2023-02-24 23:15:58 - 
[#Step 780000] eval_reward: 99.664, eval_time: 7.436, time: 51.988
	critic_loss: 3.462, max_critic_loss: 40.483, min_critic_loss: 0.011
	actor_loss: -66.805, max_actor_loss: 0.191, min_actor_loss: -106.052
	value_loss: 1.316, max_value_loss: 25.773, min_value_loss: 0.000
	weight: 0.466, max_weight: 0.700, min_weight: 0.300
	v: 64.833, max_v: 106.181, min_v: 1.152
	q1: 65.044, max_q1: 106.436, min_q1: 0.777
	q2: 65.022, max_q2: 106.126, min_q2: 0.859
	target_q: 64.806, max_target_q: 106.389, min_target_q: -0.325

2023-02-24 23:16:37 - 
[#Step 790000] eval_reward: 79.679, eval_time: 5.800, time: 52.641
	critic_loss: 3.568, max_critic_loss: 104.937, min_critic_loss: 0.001
	actor_loss: -68.578, max_actor_loss: 0.303, min_actor_loss: -103.113
	value_loss: 2.207, max_value_loss: 297.725, min_value_loss: 0.000
	weight: 0.478, max_weight: 0.700, min_weight: 0.300
	v: 67.354, max_v: 104.051, min_v: 1.341
	q1: 67.257, max_q1: 103.720, min_q1: 0.874
	q2: 67.221, max_q2: 103.469, min_q2: 0.915
	target_q: 67.040, max_target_q: 104.081, min_target_q: 1.031

2023-02-24 23:17:11 - Saving checkpoint at step: 160
2023-02-24 23:17:11 - Saved checkpoint at saved_models/hopper-medium-replay-v2/COMFO6_s1_20230224_222359/actor_160
2023-02-24 23:17:11 - Removing checkpoint at saved_models/hopper-medium-replay-v2/COMFO6_s1_20230224_222359/actor_60
2023-02-24 23:17:11 - Saving checkpoint at step: 160
2023-02-24 23:17:11 - Saved checkpoint at saved_models/hopper-medium-replay-v2/COMFO6_s1_20230224_222359/critic_160
2023-02-24 23:17:11 - Removing checkpoint at saved_models/hopper-medium-replay-v2/COMFO6_s1_20230224_222359/critic_60
2023-02-24 23:17:11 - Saving checkpoint at step: 160
2023-02-24 23:17:11 - Saved checkpoint at saved_models/hopper-medium-replay-v2/COMFO6_s1_20230224_222359/value_160
2023-02-24 23:17:11 - Removing checkpoint at saved_models/hopper-medium-replay-v2/COMFO6_s1_20230224_222359/value_60
2023-02-24 23:17:17 - 
[#Step 800000] eval_reward: 78.560, eval_time: 6.152, time: 53.305
	critic_loss: 3.667, max_critic_loss: 204.135, min_critic_loss: 0.012
	actor_loss: -66.326, max_actor_loss: 2.147, min_actor_loss: -105.225
	value_loss: 1.972, max_value_loss: 181.245, min_value_loss: 0.000
	weight: 0.455, max_weight: 0.700, min_weight: 0.300
	v: 64.803, max_v: 104.734, min_v: -1.515
	q1: 64.573, max_q1: 104.844, min_q1: -1.560
	q2: 64.820, max_q2: 104.920, min_q2: -0.378
	target_q: 64.350, max_target_q: 103.886, min_target_q: -1.667

2023-02-24 23:17:57 - 
[#Step 810000] eval_reward: 83.609, eval_time: 6.213, time: 53.969
	critic_loss: 2.461, max_critic_loss: 54.064, min_critic_loss: 0.002
	actor_loss: -67.191, max_actor_loss: -0.506, min_actor_loss: -104.976
	value_loss: 1.011, max_value_loss: 26.835, min_value_loss: 0.000
	weight: 0.464, max_weight: 0.700, min_weight: 0.300
	v: 65.934, max_v: 104.006, min_v: -3.298
	q1: 65.881, max_q1: 104.453, min_q1: -2.051
	q2: 65.907, max_q2: 104.076, min_q2: -2.054
	target_q: 65.817, max_target_q: 104.037, min_target_q: -0.260

2023-02-24 23:18:36 - 
[#Step 820000] eval_reward: 86.960, eval_time: 6.498, time: 54.631
	critic_loss: 4.034, max_critic_loss: 114.345, min_critic_loss: 0.005
	actor_loss: -65.871, max_actor_loss: -2.819, min_actor_loss: -105.880
	value_loss: 1.096, max_value_loss: 21.945, min_value_loss: 0.000
	weight: 0.467, max_weight: 0.700, min_weight: 0.300
	v: 64.062, max_v: 105.592, min_v: -3.224
	q1: 64.222, max_q1: 105.663, min_q1: -0.941
	q2: 64.270, max_q2: 105.734, min_q2: -0.260
	target_q: 63.902, max_target_q: 105.660, min_target_q: -0.244

2023-02-24 23:19:16 - 
[#Step 830000] eval_reward: 92.603, eval_time: 6.829, time: 55.300
	critic_loss: 3.595, max_critic_loss: 152.080, min_critic_loss: 0.001
	actor_loss: -65.584, max_actor_loss: -0.037, min_actor_loss: -104.860
	value_loss: 2.022, max_value_loss: 168.112, min_value_loss: 0.000
	weight: 0.472, max_weight: 0.700, min_weight: 0.300
	v: 63.980, max_v: 105.461, min_v: -1.363
	q1: 63.939, max_q1: 105.456, min_q1: -0.949
	q2: 63.996, max_q2: 105.259, min_q2: -1.731
	target_q: 63.954, max_target_q: 105.739, min_target_q: -2.870

2023-02-24 23:19:57 - 
[#Step 840000] eval_reward: 90.002, eval_time: 6.561, time: 55.972
	critic_loss: 3.610, max_critic_loss: 112.515, min_critic_loss: 0.002
	actor_loss: -65.830, max_actor_loss: -1.036, min_actor_loss: -104.601
	value_loss: 1.382, max_value_loss: 104.051, min_value_loss: 0.000
	weight: 0.441, max_weight: 0.700, min_weight: 0.300
	v: 64.853, max_v: 104.573, min_v: -2.703
	q1: 64.251, max_q1: 104.009, min_q1: -4.049
	q2: 64.287, max_q2: 104.401, min_q2: -3.458
	target_q: 64.622, max_target_q: 104.828, min_target_q: -3.388

2023-02-24 23:20:37 - 
[#Step 850000] eval_reward: 92.414, eval_time: 6.893, time: 56.646
	critic_loss: 4.705, max_critic_loss: 164.202, min_critic_loss: 0.011
	actor_loss: -67.657, max_actor_loss: -2.786, min_actor_loss: -105.449
	value_loss: 0.767, max_value_loss: 20.169, min_value_loss: 0.000
	weight: 0.492, max_weight: 0.700, min_weight: 0.300
	v: 65.484, max_v: 104.514, min_v: -0.077
	q1: 65.974, max_q1: 105.172, min_q1: 3.524
	q2: 65.974, max_q2: 105.639, min_q2: 3.288
	target_q: 65.178, max_target_q: 104.325, min_target_q: 0.311

2023-02-24 23:21:16 - 
[#Step 860000] eval_reward: 65.657, eval_time: 4.808, time: 57.285
	critic_loss: 3.037, max_critic_loss: 36.648, min_critic_loss: 0.003
	actor_loss: -67.818, max_actor_loss: -0.902, min_actor_loss: -105.934
	value_loss: 1.230, max_value_loss: 40.224, min_value_loss: 0.000
	weight: 0.469, max_weight: 0.700, min_weight: 0.300
	v: 66.413, max_v: 105.133, min_v: 1.359
	q1: 66.888, max_q1: 106.899, min_q1: -0.720
	q2: 66.870, max_q2: 106.302, min_q2: 0.213
	target_q: 66.346, max_target_q: 105.457, min_target_q: 0.898

2023-02-24 23:21:56 - 
[#Step 870000] eval_reward: 87.225, eval_time: 6.404, time: 57.953
	critic_loss: 4.646, max_critic_loss: 67.850, min_critic_loss: 0.014
	actor_loss: -64.797, max_actor_loss: 7.754, min_actor_loss: -107.209
	value_loss: 1.839, max_value_loss: 160.240, min_value_loss: 0.000
	weight: 0.430, max_weight: 0.700, min_weight: 0.300
	v: 63.223, max_v: 105.463, min_v: -4.185
	q1: 63.456, max_q1: 106.333, min_q1: -3.749
	q2: 63.699, max_q2: 106.174, min_q2: -4.380
	target_q: 63.328, max_target_q: 105.843, min_target_q: -0.808

2023-02-24 23:22:35 - 
[#Step 880000] eval_reward: 85.951, eval_time: 6.262, time: 58.612
	critic_loss: 3.725, max_critic_loss: 33.093, min_critic_loss: 0.011
	actor_loss: -66.342, max_actor_loss: -1.011, min_actor_loss: -106.718
	value_loss: 0.846, max_value_loss: 13.594, min_value_loss: 0.000
	weight: 0.422, max_weight: 0.700, min_weight: 0.300
	v: 64.779, max_v: 104.358, min_v: 0.625
	q1: 64.849, max_q1: 105.396, min_q1: -0.575
	q2: 64.847, max_q2: 105.065, min_q2: 0.275
	target_q: 64.534, max_target_q: 104.151, min_target_q: -0.209

2023-02-24 23:23:15 - 
[#Step 890000] eval_reward: 91.667, eval_time: 6.662, time: 59.280
	critic_loss: 2.477, max_critic_loss: 42.001, min_critic_loss: 0.001
	actor_loss: -67.846, max_actor_loss: -3.320, min_actor_loss: -109.475
	value_loss: 0.799, max_value_loss: 27.919, min_value_loss: 0.000
	weight: 0.448, max_weight: 0.700, min_weight: 0.300
	v: 66.913, max_v: 107.605, min_v: -2.063
	q1: 66.551, max_q1: 108.063, min_q1: -0.726
	q2: 66.455, max_q2: 106.929, min_q2: -2.939
	target_q: 66.772, max_target_q: 107.582, min_target_q: 0.764

2023-02-24 23:23:49 - Saving checkpoint at step: 180
2023-02-24 23:23:49 - Saved checkpoint at saved_models/hopper-medium-replay-v2/COMFO6_s1_20230224_222359/actor_180
2023-02-24 23:23:49 - Removing checkpoint at saved_models/hopper-medium-replay-v2/COMFO6_s1_20230224_222359/actor_80
2023-02-24 23:23:49 - Saving checkpoint at step: 180
2023-02-24 23:23:49 - Saved checkpoint at saved_models/hopper-medium-replay-v2/COMFO6_s1_20230224_222359/critic_180
2023-02-24 23:23:49 - Removing checkpoint at saved_models/hopper-medium-replay-v2/COMFO6_s1_20230224_222359/critic_80
2023-02-24 23:23:49 - Saving checkpoint at step: 180
2023-02-24 23:23:49 - Saved checkpoint at saved_models/hopper-medium-replay-v2/COMFO6_s1_20230224_222359/value_180
2023-02-24 23:23:49 - Removing checkpoint at saved_models/hopper-medium-replay-v2/COMFO6_s1_20230224_222359/value_80
2023-02-24 23:23:55 - 
[#Step 900000] eval_reward: 89.190, eval_time: 6.568, time: 59.945
	critic_loss: 4.049, max_critic_loss: 85.532, min_critic_loss: 0.004
	actor_loss: -66.205, max_actor_loss: 0.358, min_actor_loss: -107.239
	value_loss: 1.246, max_value_loss: 45.896, min_value_loss: 0.000
	weight: 0.464, max_weight: 0.700, min_weight: 0.300
	v: 64.762, max_v: 105.156, min_v: 0.275
	q1: 65.005, max_q1: 106.866, min_q1: 0.677
	q2: 64.942, max_q2: 106.501, min_q2: -0.243
	target_q: 64.335, max_target_q: 105.658, min_target_q: -0.653

2023-02-24 23:24:36 - 
[#Step 910000] eval_reward: 100.978, eval_time: 7.453, time: 60.626
	critic_loss: 3.635, max_critic_loss: 81.020, min_critic_loss: 0.005
	actor_loss: -64.988, max_actor_loss: -0.665, min_actor_loss: -104.928
	value_loss: 1.303, max_value_loss: 28.192, min_value_loss: 0.000
	weight: 0.387, max_weight: 0.700, min_weight: 0.300
	v: 64.058, max_v: 106.293, min_v: -2.259
	q1: 63.216, max_q1: 106.167, min_q1: -1.296
	q2: 63.268, max_q2: 106.131, min_q2: -0.693
	target_q: 63.426, max_target_q: 105.627, min_target_q: -2.801

2023-02-24 23:25:16 - 
[#Step 920000] eval_reward: 77.450, eval_time: 5.669, time: 61.283
	critic_loss: 4.725, max_critic_loss: 198.435, min_critic_loss: 0.004
	actor_loss: -66.397, max_actor_loss: -0.390, min_actor_loss: -106.673
	value_loss: 1.254, max_value_loss: 35.144, min_value_loss: 0.000
	weight: 0.416, max_weight: 0.700, min_weight: 0.300
	v: 65.033, max_v: 105.718, min_v: 1.357
	q1: 64.795, max_q1: 106.199, min_q1: 0.854
	q2: 64.835, max_q2: 106.315, min_q2: 0.456
	target_q: 64.677, max_target_q: 105.148, min_target_q: 0.238

2023-02-24 23:25:56 - 
[#Step 930000] eval_reward: 100.784, eval_time: 7.371, time: 61.965
	critic_loss: 3.500, max_critic_loss: 72.818, min_critic_loss: 0.005
	actor_loss: -68.041, max_actor_loss: 3.855, min_actor_loss: -107.494
	value_loss: 0.928, max_value_loss: 28.201, min_value_loss: 0.000
	weight: 0.420, max_weight: 0.700, min_weight: 0.300
	v: 66.394, max_v: 106.438, min_v: -1.195
	q1: 66.473, max_q1: 107.156, min_q1: 1.201
	q2: 66.398, max_q2: 106.390, min_q2: -0.730
	target_q: 66.001, max_target_q: 106.197, min_target_q: -3.282

2023-02-24 23:26:36 - 
[#Step 940000] eval_reward: 90.179, eval_time: 6.585, time: 62.629
	critic_loss: 2.843, max_critic_loss: 56.501, min_critic_loss: 0.003
	actor_loss: -63.819, max_actor_loss: -1.744, min_actor_loss: -105.645
	value_loss: 1.342, max_value_loss: 44.320, min_value_loss: 0.000
	weight: 0.405, max_weight: 0.700, min_weight: 0.300
	v: 62.439, max_v: 105.335, min_v: -4.598
	q1: 62.144, max_q1: 104.959, min_q1: -7.504
	q2: 62.025, max_q2: 104.989, min_q2: -7.202
	target_q: 62.087, max_target_q: 104.941, min_target_q: -5.046

2023-02-24 23:27:16 - 
[#Step 950000] eval_reward: 89.147, eval_time: 6.425, time: 63.297
	critic_loss: 3.964, max_critic_loss: 59.383, min_critic_loss: 0.008
	actor_loss: -66.819, max_actor_loss: -0.985, min_actor_loss: -107.764
	value_loss: 2.185, max_value_loss: 110.211, min_value_loss: 0.000
	weight: 0.373, max_weight: 0.700, min_weight: 0.300
	v: 66.001, max_v: 108.497, min_v: -2.509
	q1: 65.162, max_q1: 106.036, min_q1: -0.866
	q2: 65.363, max_q2: 107.166, min_q2: 0.066
	target_q: 65.631, max_target_q: 106.549, min_target_q: 0.649

2023-02-24 23:27:40 - 
[#Step 955000] eval_reward: 100.528, eval_time: 7.324, time: 63.697
	critic_loss: 3.910, max_critic_loss: 89.753, min_critic_loss: 0.002
	actor_loss: -64.388, max_actor_loss: 10.890, min_actor_loss: -104.860
	value_loss: 1.735, max_value_loss: 115.570, min_value_loss: 0.000
	weight: 0.420, max_weight: 0.700, min_weight: 0.300
	v: 62.758, max_v: 105.527, min_v: 2.923
	q1: 62.279, max_q1: 105.365, min_q1: -0.858
	q2: 62.197, max_q2: 104.555, min_q2: -1.201
	target_q: 63.049, max_target_q: 105.417, min_target_q: 0.019

2023-02-24 23:28:04 - 
[#Step 960000] eval_reward: 96.930, eval_time: 7.029, time: 64.096
	critic_loss: 3.820, max_critic_loss: 29.002, min_critic_loss: 0.000
	actor_loss: -65.645, max_actor_loss: 0.899, min_actor_loss: -105.603
	value_loss: 2.684, max_value_loss: 399.206, min_value_loss: 0.000
	weight: 0.408, max_weight: 0.700, min_weight: 0.300
	v: 64.860, max_v: 105.998, min_v: 1.856
	q1: 64.081, max_q1: 105.765, min_q1: -0.431
	q2: 64.164, max_q2: 104.754, min_q2: -0.473
	target_q: 64.848, max_target_q: 104.880, min_target_q: 0.939

2023-02-24 23:28:27 - 
[#Step 965000] eval_reward: 90.439, eval_time: 6.601, time: 64.483
	critic_loss: 2.866, max_critic_loss: 35.080, min_critic_loss: 0.008
	actor_loss: -66.105, max_actor_loss: -1.071, min_actor_loss: -108.504
	value_loss: 2.154, max_value_loss: 128.883, min_value_loss: 0.000
	weight: 0.483, max_weight: 0.700, min_weight: 0.300
	v: 64.751, max_v: 107.017, min_v: 0.467
	q1: 64.495, max_q1: 106.385, min_q1: -1.680
	q2: 64.547, max_q2: 106.312, min_q2: -2.609
	target_q: 65.001, max_target_q: 107.080, min_target_q: -0.238

2023-02-24 23:28:51 - 
[#Step 970000] eval_reward: 98.236, eval_time: 7.146, time: 64.882
	critic_loss: 3.083, max_critic_loss: 80.214, min_critic_loss: 0.001
	actor_loss: -64.099, max_actor_loss: 3.644, min_actor_loss: -108.331
	value_loss: 1.177, max_value_loss: 31.675, min_value_loss: 0.000
	weight: 0.498, max_weight: 0.700, min_weight: 0.300
	v: 62.552, max_v: 104.998, min_v: -3.517
	q1: 62.661, max_q1: 104.761, min_q1: -4.561
	q2: 62.615, max_q2: 104.840, min_q2: -3.305
	target_q: 62.492, max_target_q: 105.225, min_target_q: -3.414

2023-02-24 23:29:15 - 
[#Step 975000] eval_reward: 88.235, eval_time: 6.489, time: 65.269
	critic_loss: 3.983, max_critic_loss: 122.464, min_critic_loss: 0.010
	actor_loss: -66.406, max_actor_loss: 6.590, min_actor_loss: -108.103
	value_loss: 1.193, max_value_loss: 35.424, min_value_loss: 0.000
	weight: 0.459, max_weight: 0.700, min_weight: 0.300
	v: 64.935, max_v: 104.739, min_v: -3.365
	q1: 64.773, max_q1: 105.705, min_q1: -6.779
	q2: 64.862, max_q2: 104.665, min_q2: -6.207
	target_q: 64.862, max_target_q: 104.034, min_target_q: -3.116

2023-02-24 23:29:31 - Saving checkpoint at step: 196
2023-02-24 23:29:31 - Saved checkpoint at saved_models/hopper-medium-replay-v2/COMFO6_s1_20230224_222359/actor_196
2023-02-24 23:29:31 - Removing checkpoint at saved_models/hopper-medium-replay-v2/COMFO6_s1_20230224_222359/actor_100
2023-02-24 23:29:31 - Saving checkpoint at step: 196
2023-02-24 23:29:31 - Saved checkpoint at saved_models/hopper-medium-replay-v2/COMFO6_s1_20230224_222359/critic_196
2023-02-24 23:29:31 - Removing checkpoint at saved_models/hopper-medium-replay-v2/COMFO6_s1_20230224_222359/critic_100
2023-02-24 23:29:31 - Saving checkpoint at step: 196
2023-02-24 23:29:31 - Saved checkpoint at saved_models/hopper-medium-replay-v2/COMFO6_s1_20230224_222359/value_196
2023-02-24 23:29:31 - Removing checkpoint at saved_models/hopper-medium-replay-v2/COMFO6_s1_20230224_222359/value_100
2023-02-24 23:29:38 - 
[#Step 980000] eval_reward: 96.732, eval_time: 7.004, time: 65.660
	critic_loss: 5.788, max_critic_loss: 184.715, min_critic_loss: 0.005
	actor_loss: -62.878, max_actor_loss: -0.112, min_actor_loss: -105.079
	value_loss: 1.731, max_value_loss: 94.274, min_value_loss: 0.000
	weight: 0.531, max_weight: 0.700, min_weight: 0.300
	v: 60.604, max_v: 104.429, min_v: -1.766
	q1: 61.242, max_q1: 105.125, min_q1: 0.844
	q2: 61.232, max_q2: 105.479, min_q2: 1.239
	target_q: 60.423, max_target_q: 104.907, min_target_q: -3.524

2023-02-24 23:29:55 - Saving checkpoint at step: 197
2023-02-24 23:29:55 - Saved checkpoint at saved_models/hopper-medium-replay-v2/COMFO6_s1_20230224_222359/actor_197
2023-02-24 23:29:55 - Removing checkpoint at saved_models/hopper-medium-replay-v2/COMFO6_s1_20230224_222359/actor_120
2023-02-24 23:29:55 - Saving checkpoint at step: 197
2023-02-24 23:29:55 - Saved checkpoint at saved_models/hopper-medium-replay-v2/COMFO6_s1_20230224_222359/critic_197
2023-02-24 23:29:55 - Removing checkpoint at saved_models/hopper-medium-replay-v2/COMFO6_s1_20230224_222359/critic_120
2023-02-24 23:29:55 - Saving checkpoint at step: 197
2023-02-24 23:29:55 - Saved checkpoint at saved_models/hopper-medium-replay-v2/COMFO6_s1_20230224_222359/value_197
2023-02-24 23:29:55 - Removing checkpoint at saved_models/hopper-medium-replay-v2/COMFO6_s1_20230224_222359/value_120
2023-02-24 23:30:02 - 
[#Step 985000] eval_reward: 96.392, eval_time: 7.040, time: 66.056
	critic_loss: 5.095, max_critic_loss: 57.137, min_critic_loss: 0.007
	actor_loss: -67.854, max_actor_loss: 3.269, min_actor_loss: -105.350
	value_loss: 1.878, max_value_loss: 162.581, min_value_loss: 0.000
	weight: 0.381, max_weight: 0.700, min_weight: 0.300
	v: 67.060, max_v: 106.300, min_v: 2.326
	q1: 66.269, max_q1: 105.455, min_q1: -0.337
	q2: 66.126, max_q2: 105.060, min_q2: -0.896
	target_q: 66.978, max_target_q: 106.245, min_target_q: 1.364

2023-02-24 23:30:19 - Saving checkpoint at step: 198
2023-02-24 23:30:19 - Saved checkpoint at saved_models/hopper-medium-replay-v2/COMFO6_s1_20230224_222359/actor_198
2023-02-24 23:30:19 - Removing checkpoint at saved_models/hopper-medium-replay-v2/COMFO6_s1_20230224_222359/actor_140
2023-02-24 23:30:19 - Saving checkpoint at step: 198
2023-02-24 23:30:19 - Saved checkpoint at saved_models/hopper-medium-replay-v2/COMFO6_s1_20230224_222359/critic_198
2023-02-24 23:30:19 - Removing checkpoint at saved_models/hopper-medium-replay-v2/COMFO6_s1_20230224_222359/critic_140
2023-02-24 23:30:19 - Saving checkpoint at step: 198
2023-02-24 23:30:19 - Saved checkpoint at saved_models/hopper-medium-replay-v2/COMFO6_s1_20230224_222359/value_198
2023-02-24 23:30:19 - Removing checkpoint at saved_models/hopper-medium-replay-v2/COMFO6_s1_20230224_222359/value_140
2023-02-24 23:30:26 - 
[#Step 990000] eval_reward: 100.910, eval_time: 7.298, time: 66.456
	critic_loss: 5.424, max_critic_loss: 238.821, min_critic_loss: 0.005
	actor_loss: -68.016, max_actor_loss: 8.777, min_actor_loss: -105.340
	value_loss: 1.225, max_value_loss: 36.072, min_value_loss: 0.000
	weight: 0.459, max_weight: 0.700, min_weight: 0.300
	v: 67.262, max_v: 105.093, min_v: -4.800
	q1: 66.604, max_q1: 105.618, min_q1: -4.090
	q2: 66.697, max_q2: 105.021, min_q2: -3.324
	target_q: 66.986, max_target_q: 104.968, min_target_q: 0.172

2023-02-24 23:30:43 - Saving checkpoint at step: 199
2023-02-24 23:30:43 - Saved checkpoint at saved_models/hopper-medium-replay-v2/COMFO6_s1_20230224_222359/actor_199
2023-02-24 23:30:43 - Removing checkpoint at saved_models/hopper-medium-replay-v2/COMFO6_s1_20230224_222359/actor_160
2023-02-24 23:30:43 - Saving checkpoint at step: 199
2023-02-24 23:30:43 - Saved checkpoint at saved_models/hopper-medium-replay-v2/COMFO6_s1_20230224_222359/critic_199
2023-02-24 23:30:43 - Removing checkpoint at saved_models/hopper-medium-replay-v2/COMFO6_s1_20230224_222359/critic_160
2023-02-24 23:30:43 - Saving checkpoint at step: 199
2023-02-24 23:30:43 - Saved checkpoint at saved_models/hopper-medium-replay-v2/COMFO6_s1_20230224_222359/value_199
2023-02-24 23:30:43 - Removing checkpoint at saved_models/hopper-medium-replay-v2/COMFO6_s1_20230224_222359/value_160
2023-02-24 23:30:50 - 
[#Step 995000] eval_reward: 99.979, eval_time: 7.270, time: 66.857
	critic_loss: 2.815, max_critic_loss: 45.781, min_critic_loss: 0.004
	actor_loss: -65.059, max_actor_loss: 13.933, min_actor_loss: -106.760
	value_loss: 1.610, max_value_loss: 151.253, min_value_loss: 0.000
	weight: 0.400, max_weight: 0.700, min_weight: 0.300
	v: 64.170, max_v: 105.411, min_v: -1.298
	q1: 63.557, max_q1: 105.796, min_q1: -3.788
	q2: 63.533, max_q2: 104.998, min_q2: -6.296
	target_q: 63.788, max_target_q: 104.712, min_target_q: -0.874

2023-02-24 23:31:07 - Saving checkpoint at step: 200
2023-02-24 23:31:07 - Saved checkpoint at saved_models/hopper-medium-replay-v2/COMFO6_s1_20230224_222359/actor_200
2023-02-24 23:31:07 - Removing checkpoint at saved_models/hopper-medium-replay-v2/COMFO6_s1_20230224_222359/actor_180
2023-02-24 23:31:07 - Saving checkpoint at step: 200
2023-02-24 23:31:07 - Saved checkpoint at saved_models/hopper-medium-replay-v2/COMFO6_s1_20230224_222359/critic_200
2023-02-24 23:31:07 - Removing checkpoint at saved_models/hopper-medium-replay-v2/COMFO6_s1_20230224_222359/critic_180
2023-02-24 23:31:07 - Saving checkpoint at step: 200
2023-02-24 23:31:07 - Saved checkpoint at saved_models/hopper-medium-replay-v2/COMFO6_s1_20230224_222359/value_200
2023-02-24 23:31:07 - Removing checkpoint at saved_models/hopper-medium-replay-v2/COMFO6_s1_20230224_222359/value_180
2023-02-24 23:31:14 - 
[#Step 1000000] eval_reward: 96.703, eval_time: 6.998, time: 67.256
	critic_loss: 3.404, max_critic_loss: 86.541, min_critic_loss: 0.008
	actor_loss: -64.515, max_actor_loss: 6.055, min_actor_loss: -106.856
	value_loss: 1.362, max_value_loss: 51.037, min_value_loss: 0.000
	weight: 0.459, max_weight: 0.700, min_weight: 0.300
	v: 63.580, max_v: 106.806, min_v: -4.709
	q1: 63.487, max_q1: 107.040, min_q1: -4.453
	q2: 63.448, max_q2: 106.994, min_q2: -5.353
	target_q: 63.627, max_target_q: 106.142, min_target_q: -2.859

2023-02-24 23:31:14 - 
Avg eval reward = 96.51

