2023-02-24 23:31:24 - Exp configurations:
algo: COMFO6
alpha: 5.0
batch_size: 256
env_name: hopper-medium-replay-v2
eval_episodes: 10
eval_freq: 5000
expectile: 0.7
gamma: 0.99
hidden_dims: !!python/tuple
- 256
- 256
initializer: orthogonal
log_dir: 20230225_noise0.01
lr: 0.0003
max_timesteps: 1000000
mle_alpha: 0.25
model_dir: saved_models
num_random: 10
seed: 2
tau: 0.005
temperature: 3.0

2023-02-24 23:33:14 - 
[#Step 10000] eval_reward: 8.249, eval_time: 0.872, time: 1.839
	critic_loss: 0.778, max_critic_loss: 18.055, min_critic_loss: 0.001
	actor_loss: -29.684, max_actor_loss: -3.328, min_actor_loss: -50.408
	value_loss: 0.147, max_value_loss: 1.868, min_value_loss: 0.000
	weight: 0.430, max_weight: 0.700, min_weight: 0.300
	v: 29.274, max_v: 50.323, min_v: 2.875
	q1: 29.521, max_q1: 51.192, min_q1: 3.980
	q2: 29.483, max_q2: 51.388, min_q2: 4.613
	target_q: 29.687, max_target_q: 51.272, min_target_q: 3.228

2023-02-24 23:33:49 - 
[#Step 20000] eval_reward: 16.096, eval_time: 1.397, time: 2.422
	critic_loss: 13.761, max_critic_loss: 2212.111, min_critic_loss: 0.003
	actor_loss: -47.807, max_actor_loss: 3.148, min_actor_loss: -80.496
	value_loss: 0.512, max_value_loss: 19.935, min_value_loss: 0.000
	weight: 0.425, max_weight: 0.700, min_weight: 0.300
	v: 47.125, max_v: 79.949, min_v: -3.274
	q1: 47.031, max_q1: 80.005, min_q1: -2.422
	q2: 47.033, max_q2: 79.908, min_q2: -2.958
	target_q: 46.806, max_target_q: 80.960, min_target_q: -3.528

2023-02-24 23:34:24 - 
[#Step 30000] eval_reward: 21.845, eval_time: 1.867, time: 3.015
	critic_loss: 3.500, max_critic_loss: 248.715, min_critic_loss: 0.004
	actor_loss: -57.391, max_actor_loss: 5.176, min_actor_loss: -89.900
	value_loss: 0.850, max_value_loss: 44.152, min_value_loss: 0.000
	weight: 0.477, max_weight: 0.700, min_weight: 0.300
	v: 56.406, max_v: 89.723, min_v: -5.911
	q1: 56.743, max_q1: 89.131, min_q1: -3.827
	q2: 56.750, max_q2: 89.596, min_q2: -5.908
	target_q: 56.586, max_target_q: 89.767, min_target_q: -5.170

2023-02-24 23:35:00 - 
[#Step 40000] eval_reward: 24.745, eval_time: 2.090, time: 3.606
	critic_loss: 5.497, max_critic_loss: 134.436, min_critic_loss: 0.012
	actor_loss: -62.286, max_actor_loss: 2.596, min_actor_loss: -95.703
	value_loss: 1.755, max_value_loss: 111.083, min_value_loss: 0.000
	weight: 0.412, max_weight: 0.700, min_weight: 0.300
	v: 61.575, max_v: 93.984, min_v: -2.068
	q1: 60.903, max_q1: 95.273, min_q1: -2.771
	q2: 60.789, max_q2: 93.896, min_q2: -3.403
	target_q: 60.632, max_target_q: 93.896, min_target_q: -2.209

2023-02-24 23:35:36 - 
[#Step 50000] eval_reward: 33.711, eval_time: 2.639, time: 4.211
	critic_loss: 3.332, max_critic_loss: 132.189, min_critic_loss: 0.000
	actor_loss: -66.958, max_actor_loss: 8.105, min_actor_loss: -97.414
	value_loss: 0.832, max_value_loss: 13.279, min_value_loss: 0.000
	weight: 0.486, max_weight: 0.700, min_weight: 0.300
	v: 65.667, max_v: 95.183, min_v: -19.441
	q1: 65.916, max_q1: 96.172, min_q1: -17.931
	q2: 65.864, max_q2: 96.198, min_q2: -17.875
	target_q: 65.486, max_target_q: 96.186, min_target_q: -18.803

2023-02-24 23:36:13 - 
[#Step 60000] eval_reward: 39.332, eval_time: 3.042, time: 4.823
	critic_loss: 5.396, max_critic_loss: 606.968, min_critic_loss: 0.001
	actor_loss: -64.513, max_actor_loss: 1.002, min_actor_loss: -101.746
	value_loss: 1.084, max_value_loss: 20.370, min_value_loss: 0.000
	weight: 0.511, max_weight: 0.700, min_weight: 0.300
	v: 62.782, max_v: 101.269, min_v: -4.412
	q1: 63.113, max_q1: 101.440, min_q1: -2.008
	q2: 63.223, max_q2: 101.532, min_q2: -2.110
	target_q: 62.944, max_target_q: 101.576, min_target_q: -4.155

2023-02-24 23:36:51 - 
[#Step 70000] eval_reward: 51.546, eval_time: 3.829, time: 5.449
	critic_loss: 4.518, max_critic_loss: 202.315, min_critic_loss: 0.003
	actor_loss: -62.764, max_actor_loss: -0.754, min_actor_loss: -101.184
	value_loss: 1.076, max_value_loss: 25.837, min_value_loss: 0.000
	weight: 0.477, max_weight: 0.700, min_weight: 0.300
	v: 61.805, max_v: 99.952, min_v: 1.092
	q1: 61.515, max_q1: 100.057, min_q1: 0.956
	q2: 61.517, max_q2: 100.406, min_q2: 0.274
	target_q: 61.627, max_target_q: 100.145, min_target_q: 0.863

2023-02-24 23:37:26 - 
[#Step 80000] eval_reward: 38.458, eval_time: 2.774, time: 6.042
	critic_loss: 3.601, max_critic_loss: 76.804, min_critic_loss: 0.000
	actor_loss: -65.110, max_actor_loss: 1.834, min_actor_loss: -102.885
	value_loss: 1.102, max_value_loss: 70.569, min_value_loss: 0.000
	weight: 0.477, max_weight: 0.700, min_weight: 0.300
	v: 64.302, max_v: 101.875, min_v: -5.176
	q1: 63.923, max_q1: 102.207, min_q1: -2.799
	q2: 63.772, max_q2: 102.113, min_q2: -3.206
	target_q: 64.189, max_target_q: 101.786, min_target_q: -0.267

2023-02-24 23:38:02 - 
[#Step 90000] eval_reward: 41.151, eval_time: 2.789, time: 6.632
	critic_loss: 5.446, max_critic_loss: 541.058, min_critic_loss: 0.003
	actor_loss: -70.445, max_actor_loss: 0.606, min_actor_loss: -101.360
	value_loss: 2.603, max_value_loss: 186.162, min_value_loss: 0.000
	weight: 0.492, max_weight: 0.700, min_weight: 0.300
	v: 69.241, max_v: 101.727, min_v: -0.538
	q1: 69.167, max_q1: 101.695, min_q1: -1.057
	q2: 69.089, max_q2: 101.923, min_q2: -0.886
	target_q: 68.910, max_target_q: 101.598, min_target_q: -1.394

2023-02-24 23:38:34 - Saving checkpoint at step: 20
2023-02-24 23:38:34 - Saved checkpoint at saved_models/hopper-medium-replay-v2/COMFO6_s2_20230224_233124/actor_20
2023-02-24 23:38:34 - Saving checkpoint at step: 20
2023-02-24 23:38:34 - Saved checkpoint at saved_models/hopper-medium-replay-v2/COMFO6_s2_20230224_233124/critic_20
2023-02-24 23:38:34 - Saving checkpoint at step: 20
2023-02-24 23:38:34 - Saved checkpoint at saved_models/hopper-medium-replay-v2/COMFO6_s2_20230224_233124/value_20
2023-02-24 23:38:40 - 
[#Step 100000] eval_reward: 81.967, eval_time: 5.928, time: 7.278
	critic_loss: 3.453, max_critic_loss: 39.122, min_critic_loss: 0.003
	actor_loss: -68.200, max_actor_loss: -0.405, min_actor_loss: -101.355
	value_loss: 0.699, max_value_loss: 41.372, min_value_loss: 0.000
	weight: 0.397, max_weight: 0.700, min_weight: 0.300
	v: 67.712, max_v: 100.814, min_v: -1.662
	q1: 67.123, max_q1: 100.383, min_q1: -3.449
	q2: 66.916, max_q2: 100.066, min_q2: -4.225
	target_q: 67.600, max_target_q: 100.786, min_target_q: -0.274

2023-02-24 23:39:20 - 
[#Step 110000] eval_reward: 83.441, eval_time: 6.783, time: 7.946
	critic_loss: 6.992, max_critic_loss: 84.980, min_critic_loss: 0.006
	actor_loss: -66.479, max_actor_loss: 13.081, min_actor_loss: -106.079
	value_loss: 1.022, max_value_loss: 13.973, min_value_loss: 0.000
	weight: 0.506, max_weight: 0.700, min_weight: 0.300
	v: 63.961, max_v: 102.729, min_v: -15.253
	q1: 64.801, max_q1: 105.083, min_q1: -13.255
	q2: 64.735, max_q2: 104.843, min_q2: -14.175
	target_q: 63.773, max_target_q: 101.911, min_target_q: -13.043

2023-02-24 23:39:58 - 
[#Step 120000] eval_reward: 49.732, eval_time: 3.847, time: 8.572
	critic_loss: 2.709, max_critic_loss: 57.989, min_critic_loss: 0.004
	actor_loss: -66.698, max_actor_loss: 1.779, min_actor_loss: -102.569
	value_loss: 2.485, max_value_loss: 265.609, min_value_loss: 0.000
	weight: 0.467, max_weight: 0.700, min_weight: 0.300
	v: 65.128, max_v: 101.012, min_v: -1.328
	q1: 64.776, max_q1: 101.798, min_q1: -2.532
	q2: 64.739, max_q2: 101.641, min_q2: -2.165
	target_q: 64.784, max_target_q: 100.869, min_target_q: -2.658

2023-02-24 23:40:33 - 
[#Step 130000] eval_reward: 18.639, eval_time: 1.738, time: 9.166
	critic_loss: 3.914, max_critic_loss: 57.399, min_critic_loss: 0.000
	actor_loss: -68.176, max_actor_loss: -0.669, min_actor_loss: -102.842
	value_loss: 0.914, max_value_loss: 38.502, min_value_loss: 0.000
	weight: 0.431, max_weight: 0.700, min_weight: 0.300
	v: 66.392, max_v: 102.402, min_v: -1.182
	q1: 66.616, max_q1: 101.639, min_q1: -2.879
	q2: 66.384, max_q2: 101.449, min_q2: -3.099
	target_q: 65.990, max_target_q: 101.132, min_target_q: -5.003

2023-02-24 23:41:09 - 
[#Step 140000] eval_reward: 16.139, eval_time: 1.567, time: 9.754
	critic_loss: 2.823, max_critic_loss: 169.451, min_critic_loss: 0.002
	actor_loss: -70.064, max_actor_loss: -1.099, min_actor_loss: -103.408
	value_loss: 0.892, max_value_loss: 39.856, min_value_loss: 0.000
	weight: 0.434, max_weight: 0.700, min_weight: 0.300
	v: 68.813, max_v: 103.011, min_v: -9.600
	q1: 68.547, max_q1: 102.735, min_q1: -8.525
	q2: 68.532, max_q2: 102.768, min_q2: -8.596
	target_q: 68.674, max_target_q: 102.759, min_target_q: 0.644

2023-02-24 23:41:48 - 
[#Step 150000] eval_reward: 72.307, eval_time: 5.645, time: 10.410
	critic_loss: 2.795, max_critic_loss: 104.068, min_critic_loss: 0.003
	actor_loss: -67.215, max_actor_loss: 3.643, min_actor_loss: -101.208
	value_loss: 2.107, max_value_loss: 205.108, min_value_loss: 0.000
	weight: 0.467, max_weight: 0.700, min_weight: 0.300
	v: 65.946, max_v: 101.802, min_v: -3.953
	q1: 65.766, max_q1: 100.961, min_q1: -2.749
	q2: 65.650, max_q2: 101.091, min_q2: -2.811
	target_q: 65.700, max_target_q: 102.333, min_target_q: -3.525

2023-02-24 23:42:26 - 
[#Step 160000] eval_reward: 60.495, eval_time: 3.785, time: 11.037
	critic_loss: 2.630, max_critic_loss: 50.969, min_critic_loss: 0.000
	actor_loss: -66.462, max_actor_loss: -0.318, min_actor_loss: -101.902
	value_loss: 1.273, max_value_loss: 47.682, min_value_loss: 0.000
	weight: 0.483, max_weight: 0.700, min_weight: 0.300
	v: 65.169, max_v: 101.523, min_v: -0.779
	q1: 65.077, max_q1: 101.287, min_q1: -1.015
	q2: 65.112, max_q2: 101.392, min_q2: 0.752
	target_q: 64.983, max_target_q: 102.900, min_target_q: -0.125

2023-02-24 23:43:03 - 
[#Step 170000] eval_reward: 41.915, eval_time: 3.205, time: 11.651
	critic_loss: 3.052, max_critic_loss: 76.926, min_critic_loss: 0.005
	actor_loss: -64.638, max_actor_loss: 4.355, min_actor_loss: -101.591
	value_loss: 1.340, max_value_loss: 91.997, min_value_loss: 0.000
	weight: 0.447, max_weight: 0.700, min_weight: 0.300
	v: 64.118, max_v: 101.819, min_v: -3.620
	q1: 63.546, max_q1: 101.492, min_q1: -4.502
	q2: 63.538, max_q2: 101.145, min_q2: -5.159
	target_q: 63.752, max_target_q: 102.450, min_target_q: -0.556

2023-02-24 23:43:41 - 
[#Step 180000] eval_reward: 66.040, eval_time: 5.235, time: 12.299
	critic_loss: 4.099, max_critic_loss: 53.419, min_critic_loss: 0.005
	actor_loss: -67.911, max_actor_loss: -0.737, min_actor_loss: -103.198
	value_loss: 1.249, max_value_loss: 37.936, min_value_loss: 0.000
	weight: 0.492, max_weight: 0.700, min_weight: 0.300
	v: 66.166, max_v: 102.256, min_v: 1.733
	q1: 66.747, max_q1: 102.784, min_q1: 1.031
	q2: 66.635, max_q2: 103.653, min_q2: 0.065
	target_q: 66.011, max_target_q: 102.264, min_target_q: 0.569

2023-02-24 23:44:18 - 
[#Step 190000] eval_reward: 34.188, eval_time: 2.744, time: 12.907
	critic_loss: 2.528, max_critic_loss: 44.917, min_critic_loss: 0.002
	actor_loss: -66.757, max_actor_loss: -1.484, min_actor_loss: -104.414
	value_loss: 1.338, max_value_loss: 72.170, min_value_loss: 0.000
	weight: 0.539, max_weight: 0.700, min_weight: 0.300
	v: 65.534, max_v: 105.694, min_v: -3.927
	q1: 65.753, max_q1: 104.950, min_q1: 2.550
	q2: 65.662, max_q2: 104.580, min_q2: 0.031
	target_q: 65.591, max_target_q: 104.982, min_target_q: 0.079

2023-02-24 23:44:52 - Saving checkpoint at step: 40
2023-02-24 23:44:52 - Saved checkpoint at saved_models/hopper-medium-replay-v2/COMFO6_s2_20230224_233124/actor_40
2023-02-24 23:44:52 - Saving checkpoint at step: 40
2023-02-24 23:44:52 - Saved checkpoint at saved_models/hopper-medium-replay-v2/COMFO6_s2_20230224_233124/critic_40
2023-02-24 23:44:52 - Saving checkpoint at step: 40
2023-02-24 23:44:52 - Saved checkpoint at saved_models/hopper-medium-replay-v2/COMFO6_s2_20230224_233124/value_40
2023-02-24 23:44:58 - 
[#Step 200000] eval_reward: 80.496, eval_time: 6.379, time: 13.576
	critic_loss: 3.868, max_critic_loss: 90.492, min_critic_loss: 0.011
	actor_loss: -67.913, max_actor_loss: 2.401, min_actor_loss: -102.507
	value_loss: 1.219, max_value_loss: 56.046, min_value_loss: 0.000
	weight: 0.417, max_weight: 0.700, min_weight: 0.300
	v: 66.666, max_v: 102.496, min_v: -4.173
	q1: 66.147, max_q1: 101.722, min_q1: -7.940
	q2: 66.298, max_q2: 102.142, min_q2: -4.261
	target_q: 66.410, max_target_q: 102.773, min_target_q: -12.570

2023-02-24 23:45:35 - 
[#Step 210000] eval_reward: 48.664, eval_time: 3.694, time: 14.199
	critic_loss: 2.426, max_critic_loss: 43.832, min_critic_loss: 0.006
	actor_loss: -70.410, max_actor_loss: -3.643, min_actor_loss: -104.474
	value_loss: 1.197, max_value_loss: 25.502, min_value_loss: 0.000
	weight: 0.375, max_weight: 0.700, min_weight: 0.300
	v: 69.543, max_v: 103.749, min_v: -9.343
	q1: 69.030, max_q1: 103.178, min_q1: -6.551
	q2: 68.941, max_q2: 102.996, min_q2: 0.463
	target_q: 68.661, max_target_q: 103.292, min_target_q: -6.145

2023-02-24 23:46:14 - 
[#Step 220000] eval_reward: 66.016, eval_time: 4.978, time: 14.844
	critic_loss: 2.514, max_critic_loss: 25.803, min_critic_loss: 0.010
	actor_loss: -68.100, max_actor_loss: -0.234, min_actor_loss: -102.189
	value_loss: 1.659, max_value_loss: 171.657, min_value_loss: 0.000
	weight: 0.456, max_weight: 0.700, min_weight: 0.300
	v: 66.758, max_v: 101.530, min_v: 1.790
	q1: 66.811, max_q1: 101.770, min_q1: 1.075
	q2: 66.664, max_q2: 101.192, min_q2: 0.756
	target_q: 66.501, max_target_q: 101.579, min_target_q: 0.965

2023-02-24 23:46:54 - 
[#Step 230000] eval_reward: 80.667, eval_time: 6.037, time: 15.506
	critic_loss: 4.387, max_critic_loss: 106.789, min_critic_loss: 0.000
	actor_loss: -66.581, max_actor_loss: 6.068, min_actor_loss: -101.817
	value_loss: 2.276, max_value_loss: 153.392, min_value_loss: 0.000
	weight: 0.495, max_weight: 0.700, min_weight: 0.300
	v: 65.019, max_v: 101.802, min_v: -5.750
	q1: 64.790, max_q1: 101.551, min_q1: -4.492
	q2: 64.760, max_q2: 101.825, min_q2: -3.175
	target_q: 64.805, max_target_q: 102.101, min_target_q: -10.818

2023-02-24 23:47:34 - 
[#Step 240000] eval_reward: 85.292, eval_time: 6.059, time: 16.166
	critic_loss: 2.490, max_critic_loss: 27.932, min_critic_loss: 0.001
	actor_loss: -66.957, max_actor_loss: 5.229, min_actor_loss: -102.216
	value_loss: 1.119, max_value_loss: 77.258, min_value_loss: 0.000
	weight: 0.428, max_weight: 0.700, min_weight: 0.300
	v: 65.950, max_v: 102.905, min_v: -7.964
	q1: 65.688, max_q1: 102.328, min_q1: -7.141
	q2: 65.650, max_q2: 102.552, min_q2: -7.753
	target_q: 65.868, max_target_q: 102.858, min_target_q: -8.616

2023-02-24 23:48:14 - 
[#Step 250000] eval_reward: 91.367, eval_time: 7.000, time: 16.844
	critic_loss: 3.001, max_critic_loss: 77.897, min_critic_loss: 0.004
	actor_loss: -67.702, max_actor_loss: 2.258, min_actor_loss: -107.663
	value_loss: 1.802, max_value_loss: 166.135, min_value_loss: 0.000
	weight: 0.438, max_weight: 0.700, min_weight: 0.300
	v: 66.542, max_v: 103.344, min_v: -4.591
	q1: 66.097, max_q1: 104.022, min_q1: -5.034
	q2: 66.086, max_q2: 103.698, min_q2: -4.566
	target_q: 66.072, max_target_q: 103.645, min_target_q: -6.275

2023-02-24 23:48:54 - 
[#Step 260000] eval_reward: 77.769, eval_time: 5.742, time: 17.500
	critic_loss: 4.010, max_critic_loss: 116.642, min_critic_loss: 0.001
	actor_loss: -66.384, max_actor_loss: -4.553, min_actor_loss: -105.523
	value_loss: 1.932, max_value_loss: 143.575, min_value_loss: 0.000
	weight: 0.394, max_weight: 0.700, min_weight: 0.300
	v: 64.847, max_v: 106.485, min_v: 4.151
	q1: 64.163, max_q1: 105.563, min_q1: 3.819
	q2: 64.236, max_q2: 105.325, min_q2: 4.058
	target_q: 63.978, max_target_q: 106.594, min_target_q: 2.687

2023-02-24 23:49:35 - 
[#Step 270000] eval_reward: 93.730, eval_time: 7.374, time: 18.188
	critic_loss: 4.728, max_critic_loss: 453.056, min_critic_loss: 0.002
	actor_loss: -64.246, max_actor_loss: -0.006, min_actor_loss: -103.837
	value_loss: 0.840, max_value_loss: 54.187, min_value_loss: 0.000
	weight: 0.478, max_weight: 0.700, min_weight: 0.300
	v: 62.519, max_v: 103.124, min_v: -9.661
	q1: 62.919, max_q1: 104.024, min_q1: -15.576
	q2: 62.764, max_q2: 103.529, min_q2: -13.305
	target_q: 62.590, max_target_q: 102.512, min_target_q: -1.441

2023-02-24 23:50:16 - 
[#Step 280000] eval_reward: 103.528, eval_time: 7.340, time: 18.877
	critic_loss: 5.160, max_critic_loss: 158.253, min_critic_loss: 0.001
	actor_loss: -67.972, max_actor_loss: -1.540, min_actor_loss: -105.724
	value_loss: 1.059, max_value_loss: 29.007, min_value_loss: 0.000
	weight: 0.431, max_weight: 0.700, min_weight: 0.300
	v: 66.441, max_v: 104.424, min_v: 1.683
	q1: 66.648, max_q1: 105.569, min_q1: 2.331
	q2: 66.655, max_q2: 104.700, min_q2: 0.336
	target_q: 66.017, max_target_q: 105.752, min_target_q: 0.703

2023-02-24 23:50:56 - 
[#Step 290000] eval_reward: 96.181, eval_time: 6.837, time: 19.548
	critic_loss: 2.684, max_critic_loss: 44.755, min_critic_loss: 0.002
	actor_loss: -67.705, max_actor_loss: 11.733, min_actor_loss: -103.631
	value_loss: 1.053, max_value_loss: 19.922, min_value_loss: 0.000
	weight: 0.462, max_weight: 0.700, min_weight: 0.300
	v: 66.240, max_v: 102.428, min_v: -16.641
	q1: 66.286, max_q1: 103.356, min_q1: -15.359
	q2: 66.417, max_q2: 103.187, min_q2: -13.334
	target_q: 66.134, max_target_q: 104.239, min_target_q: -16.658

2023-02-24 23:51:30 - Saving checkpoint at step: 60
2023-02-24 23:51:30 - Saved checkpoint at saved_models/hopper-medium-replay-v2/COMFO6_s2_20230224_233124/actor_60
2023-02-24 23:51:30 - Saving checkpoint at step: 60
2023-02-24 23:51:30 - Saved checkpoint at saved_models/hopper-medium-replay-v2/COMFO6_s2_20230224_233124/critic_60
2023-02-24 23:51:30 - Saving checkpoint at step: 60
2023-02-24 23:51:30 - Saved checkpoint at saved_models/hopper-medium-replay-v2/COMFO6_s2_20230224_233124/value_60
2023-02-24 23:51:38 - 
[#Step 300000] eval_reward: 98.692, eval_time: 7.448, time: 20.233
	critic_loss: 7.624, max_critic_loss: 625.018, min_critic_loss: 0.001
	actor_loss: -68.651, max_actor_loss: -2.759, min_actor_loss: -106.648
	value_loss: 1.635, max_value_loss: 134.690, min_value_loss: 0.000
	weight: 0.462, max_weight: 0.700, min_weight: 0.300
	v: 67.035, max_v: 102.711, min_v: 2.157
	q1: 67.221, max_q1: 104.774, min_q1: 2.845
	q2: 67.053, max_q2: 104.329, min_q2: 3.019
	target_q: 67.038, max_target_q: 104.475, min_target_q: 1.182

2023-02-24 23:52:17 - 
[#Step 310000] eval_reward: 79.803, eval_time: 5.684, time: 20.886
	critic_loss: 3.859, max_critic_loss: 168.349, min_critic_loss: 0.000
	actor_loss: -68.289, max_actor_loss: -2.017, min_actor_loss: -103.549
	value_loss: 2.276, max_value_loss: 315.678, min_value_loss: 0.000
	weight: 0.488, max_weight: 0.700, min_weight: 0.300
	v: 67.070, max_v: 103.434, min_v: -0.114
	q1: 66.961, max_q1: 103.151, min_q1: 1.871
	q2: 67.132, max_q2: 103.510, min_q2: 1.889
	target_q: 66.883, max_target_q: 103.170, min_target_q: 0.771

2023-02-24 23:52:57 - 
[#Step 320000] eval_reward: 104.005, eval_time: 7.133, time: 21.562
	critic_loss: 4.210, max_critic_loss: 58.413, min_critic_loss: 0.002
	actor_loss: -67.599, max_actor_loss: -1.864, min_actor_loss: -105.558
	value_loss: 1.028, max_value_loss: 33.537, min_value_loss: 0.000
	weight: 0.402, max_weight: 0.700, min_weight: 0.300
	v: 66.805, max_v: 103.457, min_v: 0.229
	q1: 66.155, max_q1: 102.186, min_q1: -8.107
	q2: 65.973, max_q2: 102.341, min_q2: -13.080
	target_q: 66.507, max_target_q: 104.545, min_target_q: -8.061

2023-02-24 23:53:35 - 
[#Step 330000] eval_reward: 66.799, eval_time: 4.610, time: 22.194
	critic_loss: 5.914, max_critic_loss: 217.121, min_critic_loss: 0.004
	actor_loss: -67.840, max_actor_loss: 0.569, min_actor_loss: -105.871
	value_loss: 1.713, max_value_loss: 140.210, min_value_loss: 0.000
	weight: 0.422, max_weight: 0.700, min_weight: 0.300
	v: 66.652, max_v: 104.622, min_v: -0.328
	q1: 66.639, max_q1: 103.858, min_q1: 0.685
	q2: 66.427, max_q2: 103.954, min_q2: 0.948
	target_q: 66.395, max_target_q: 104.991, min_target_q: 0.026

2023-02-24 23:54:16 - 
[#Step 340000] eval_reward: 99.576, eval_time: 7.285, time: 22.872
	critic_loss: 14.841, max_critic_loss: 2962.417, min_critic_loss: 0.006
	actor_loss: -65.020, max_actor_loss: -1.234, min_actor_loss: -108.832
	value_loss: 0.894, max_value_loss: 47.252, min_value_loss: 0.000
	weight: 0.444, max_weight: 0.700, min_weight: 0.300
	v: 63.657, max_v: 106.470, min_v: -1.594
	q1: 63.378, max_q1: 106.892, min_q1: 0.084
	q2: 63.454, max_q2: 106.347, min_q2: 0.331
	target_q: 63.210, max_target_q: 105.938, min_target_q: -1.014

2023-02-24 23:54:56 - 
[#Step 350000] eval_reward: 88.855, eval_time: 6.312, time: 23.534
	critic_loss: 6.826, max_critic_loss: 293.772, min_critic_loss: 0.001
	actor_loss: -67.576, max_actor_loss: -0.294, min_actor_loss: -103.875
	value_loss: 1.793, max_value_loss: 141.629, min_value_loss: 0.000
	weight: 0.422, max_weight: 0.700, min_weight: 0.300
	v: 67.393, max_v: 103.303, min_v: -1.692
	q1: 66.290, max_q1: 101.639, min_q1: -1.474
	q2: 66.285, max_q2: 101.860, min_q2: -3.555
	target_q: 67.347, max_target_q: 102.839, min_target_q: -0.572

2023-02-24 23:55:36 - 
[#Step 360000] eval_reward: 104.548, eval_time: 7.281, time: 24.215
	critic_loss: 11.658, max_critic_loss: 2257.546, min_critic_loss: 0.002
	actor_loss: -67.358, max_actor_loss: -0.935, min_actor_loss: -104.651
	value_loss: 1.391, max_value_loss: 68.721, min_value_loss: 0.000
	weight: 0.430, max_weight: 0.700, min_weight: 0.300
	v: 65.986, max_v: 102.915, min_v: 0.945
	q1: 65.810, max_q1: 103.199, min_q1: 0.631
	q2: 65.775, max_q2: 103.725, min_q2: 0.557
	target_q: 65.517, max_target_q: 103.068, min_target_q: 0.956

2023-02-24 23:56:17 - 
[#Step 370000] eval_reward: 96.008, eval_time: 6.848, time: 24.888
	critic_loss: 4.427, max_critic_loss: 348.587, min_critic_loss: 0.005
	actor_loss: -67.014, max_actor_loss: -2.402, min_actor_loss: -102.637
	value_loss: 0.879, max_value_loss: 22.933, min_value_loss: 0.000
	weight: 0.439, max_weight: 0.700, min_weight: 0.300
	v: 66.067, max_v: 104.048, min_v: -10.836
	q1: 65.594, max_q1: 102.712, min_q1: -12.613
	q2: 65.432, max_q2: 102.828, min_q2: -12.650
	target_q: 66.011, max_target_q: 103.798, min_target_q: 0.568

2023-02-24 23:56:57 - 
[#Step 380000] eval_reward: 100.865, eval_time: 7.187, time: 25.562
	critic_loss: 3.106, max_critic_loss: 83.851, min_critic_loss: 0.000
	actor_loss: -64.232, max_actor_loss: 9.790, min_actor_loss: -104.696
	value_loss: 1.207, max_value_loss: 44.341, min_value_loss: 0.000
	weight: 0.452, max_weight: 0.700, min_weight: 0.300
	v: 63.130, max_v: 103.729, min_v: -9.132
	q1: 62.786, max_q1: 104.210, min_q1: -6.060
	q2: 62.844, max_q2: 104.424, min_q2: -2.403
	target_q: 62.692, max_target_q: 103.556, min_target_q: -0.225

2023-02-24 23:57:35 - 
[#Step 390000] eval_reward: 66.943, eval_time: 4.956, time: 26.199
	critic_loss: 3.757, max_critic_loss: 96.593, min_critic_loss: 0.007
	actor_loss: -67.973, max_actor_loss: -2.741, min_actor_loss: -104.968
	value_loss: 1.035, max_value_loss: 21.660, min_value_loss: 0.000
	weight: 0.444, max_weight: 0.700, min_weight: 0.300
	v: 66.560, max_v: 103.613, min_v: 1.418
	q1: 66.498, max_q1: 103.261, min_q1: 0.938
	q2: 66.503, max_q2: 103.513, min_q2: 2.360
	target_q: 66.528, max_target_q: 103.903, min_target_q: 1.447

2023-02-24 23:58:09 - Saving checkpoint at step: 80
2023-02-24 23:58:09 - Saved checkpoint at saved_models/hopper-medium-replay-v2/COMFO6_s2_20230224_233124/actor_80
2023-02-24 23:58:09 - Saving checkpoint at step: 80
2023-02-24 23:58:09 - Saved checkpoint at saved_models/hopper-medium-replay-v2/COMFO6_s2_20230224_233124/critic_80
2023-02-24 23:58:09 - Saving checkpoint at step: 80
2023-02-24 23:58:09 - Saved checkpoint at saved_models/hopper-medium-replay-v2/COMFO6_s2_20230224_233124/value_80
2023-02-24 23:58:16 - 
[#Step 400000] eval_reward: 93.770, eval_time: 6.927, time: 26.870
	critic_loss: 3.669, max_critic_loss: 68.603, min_critic_loss: 0.002
	actor_loss: -66.580, max_actor_loss: 0.444, min_actor_loss: -107.325
	value_loss: 1.803, max_value_loss: 91.895, min_value_loss: 0.000
	weight: 0.422, max_weight: 0.700, min_weight: 0.300
	v: 65.411, max_v: 106.280, min_v: -4.737
	q1: 64.758, max_q1: 107.452, min_q1: -0.263
	q2: 64.841, max_q2: 106.242, min_q2: 1.429
	target_q: 65.034, max_target_q: 107.146, min_target_q: 0.753

2023-02-24 23:58:56 - 
[#Step 410000] eval_reward: 97.552, eval_time: 7.145, time: 27.545
	critic_loss: 3.362, max_critic_loss: 40.985, min_critic_loss: 0.000
	actor_loss: -66.324, max_actor_loss: 0.073, min_actor_loss: -102.554
	value_loss: 2.248, max_value_loss: 199.060, min_value_loss: 0.000
	weight: 0.505, max_weight: 0.700, min_weight: 0.300
	v: 64.918, max_v: 103.775, min_v: -1.525
	q1: 65.016, max_q1: 103.621, min_q1: 0.453
	q2: 64.838, max_q2: 102.598, min_q2: 0.404
	target_q: 65.093, max_target_q: 103.347, min_target_q: 0.821

2023-02-24 23:59:37 - 
[#Step 420000] eval_reward: 102.542, eval_time: 7.419, time: 28.226
	critic_loss: 3.464, max_critic_loss: 144.223, min_critic_loss: 0.001
	actor_loss: -67.625, max_actor_loss: -1.450, min_actor_loss: -104.567
	value_loss: 1.586, max_value_loss: 184.227, min_value_loss: 0.000
	weight: 0.508, max_weight: 0.700, min_weight: 0.300
	v: 66.109, max_v: 102.089, min_v: 0.731
	q1: 66.129, max_q1: 103.207, min_q1: -0.587
	q2: 66.264, max_q2: 103.961, min_q2: -2.961
	target_q: 65.936, max_target_q: 102.815, min_target_q: 0.869

2023-02-25 00:00:18 - 
[#Step 430000] eval_reward: 101.910, eval_time: 7.253, time: 28.908
	critic_loss: 4.007, max_critic_loss: 152.968, min_critic_loss: 0.002
	actor_loss: -67.720, max_actor_loss: 1.173, min_actor_loss: -105.656
	value_loss: 1.433, max_value_loss: 106.745, min_value_loss: 0.000
	weight: 0.477, max_weight: 0.700, min_weight: 0.300
	v: 66.061, max_v: 103.590, min_v: -0.569
	q1: 66.392, max_q1: 104.186, min_q1: -0.847
	q2: 66.459, max_q2: 105.417, min_q2: -0.696
	target_q: 65.701, max_target_q: 105.480, min_target_q: 0.804

2023-02-25 00:00:59 - 
[#Step 440000] eval_reward: 98.732, eval_time: 7.182, time: 29.586
	critic_loss: 2.839, max_critic_loss: 28.710, min_critic_loss: 0.003
	actor_loss: -66.782, max_actor_loss: -0.545, min_actor_loss: -102.883
	value_loss: 0.924, max_value_loss: 30.637, min_value_loss: 0.000
	weight: 0.431, max_weight: 0.700, min_weight: 0.300
	v: 65.243, max_v: 102.095, min_v: 0.483
	q1: 65.349, max_q1: 102.481, min_q1: 0.776
	q2: 65.244, max_q2: 102.162, min_q2: 0.811
	target_q: 65.095, max_target_q: 102.486, min_target_q: 0.809

2023-02-25 00:01:39 - 
[#Step 450000] eval_reward: 100.195, eval_time: 7.260, time: 30.263
	critic_loss: 3.383, max_critic_loss: 41.942, min_critic_loss: 0.003
	actor_loss: -68.962, max_actor_loss: -1.200, min_actor_loss: -105.405
	value_loss: 1.624, max_value_loss: 218.227, min_value_loss: 0.000
	weight: 0.409, max_weight: 0.700, min_weight: 0.300
	v: 67.484, max_v: 103.173, min_v: 0.627
	q1: 67.411, max_q1: 103.866, min_q1: -2.121
	q2: 67.363, max_q2: 103.509, min_q2: -2.172
	target_q: 66.997, max_target_q: 102.873, min_target_q: 1.027

2023-02-25 00:02:20 - 
[#Step 460000] eval_reward: 105.069, eval_time: 7.200, time: 30.942
	critic_loss: 3.370, max_critic_loss: 27.746, min_critic_loss: 0.001
	actor_loss: -67.699, max_actor_loss: -2.396, min_actor_loss: -106.279
	value_loss: 2.917, max_value_loss: 224.050, min_value_loss: 0.000
	weight: 0.486, max_weight: 0.700, min_weight: 0.300
	v: 66.083, max_v: 103.336, min_v: -4.809
	q1: 66.239, max_q1: 104.974, min_q1: -3.035
	q2: 66.188, max_q2: 105.752, min_q2: -1.013
	target_q: 66.506, max_target_q: 103.691, min_target_q: -3.305

2023-02-25 00:03:01 - 
[#Step 470000] eval_reward: 103.183, eval_time: 7.164, time: 31.623
	critic_loss: 3.060, max_critic_loss: 69.242, min_critic_loss: 0.000
	actor_loss: -66.997, max_actor_loss: 0.077, min_actor_loss: -105.260
	value_loss: 1.056, max_value_loss: 38.129, min_value_loss: 0.000
	weight: 0.477, max_weight: 0.700, min_weight: 0.300
	v: 65.834, max_v: 105.597, min_v: 1.729
	q1: 66.086, max_q1: 105.342, min_q1: 1.337
	q2: 66.009, max_q2: 106.212, min_q2: 2.225
	target_q: 65.722, max_target_q: 106.765, min_target_q: 2.279

2023-02-25 00:03:42 - 
[#Step 480000] eval_reward: 103.415, eval_time: 7.318, time: 32.304
	critic_loss: 4.048, max_critic_loss: 29.589, min_critic_loss: 0.009
	actor_loss: -66.919, max_actor_loss: -1.036, min_actor_loss: -104.602
	value_loss: 1.016, max_value_loss: 21.326, min_value_loss: 0.000
	weight: 0.483, max_weight: 0.700, min_weight: 0.300
	v: 65.344, max_v: 103.042, min_v: -1.939
	q1: 65.506, max_q1: 103.358, min_q1: -10.237
	q2: 65.344, max_q2: 103.420, min_q2: -5.663
	target_q: 64.953, max_target_q: 102.617, min_target_q: -5.847

2023-02-25 00:04:23 - 
[#Step 490000] eval_reward: 103.802, eval_time: 7.352, time: 32.985
	critic_loss: 2.975, max_critic_loss: 59.237, min_critic_loss: 0.004
	actor_loss: -65.764, max_actor_loss: -1.829, min_actor_loss: -105.086
	value_loss: 0.923, max_value_loss: 30.408, min_value_loss: 0.000
	weight: 0.448, max_weight: 0.700, min_weight: 0.300
	v: 64.775, max_v: 105.715, min_v: 2.889
	q1: 64.502, max_q1: 103.326, min_q1: 2.254
	q2: 64.483, max_q2: 104.823, min_q2: 2.381
	target_q: 64.751, max_target_q: 104.249, min_target_q: 2.820

2023-02-25 00:04:56 - Saving checkpoint at step: 100
2023-02-25 00:04:56 - Saved checkpoint at saved_models/hopper-medium-replay-v2/COMFO6_s2_20230224_233124/actor_100
2023-02-25 00:04:56 - Saving checkpoint at step: 100
2023-02-25 00:04:56 - Saved checkpoint at saved_models/hopper-medium-replay-v2/COMFO6_s2_20230224_233124/critic_100
2023-02-25 00:04:56 - Saving checkpoint at step: 100
2023-02-25 00:04:56 - Saved checkpoint at saved_models/hopper-medium-replay-v2/COMFO6_s2_20230224_233124/value_100
2023-02-25 00:05:04 - 
[#Step 500000] eval_reward: 101.140, eval_time: 7.239, time: 33.666
	critic_loss: 3.963, max_critic_loss: 126.203, min_critic_loss: 0.006
	actor_loss: -66.095, max_actor_loss: -2.317, min_actor_loss: -102.530
	value_loss: 2.364, max_value_loss: 223.113, min_value_loss: 0.000
	weight: 0.528, max_weight: 0.700, min_weight: 0.300
	v: 64.482, max_v: 103.608, min_v: -0.116
	q1: 64.934, max_q1: 103.417, min_q1: 2.445
	q2: 64.876, max_q2: 103.277, min_q2: 1.019
	target_q: 65.082, max_target_q: 103.836, min_target_q: 1.589

2023-02-25 00:05:44 - 
[#Step 510000] eval_reward: 98.218, eval_time: 7.246, time: 34.345
	critic_loss: 3.316, max_critic_loss: 81.719, min_critic_loss: 0.009
	actor_loss: -64.959, max_actor_loss: -3.550, min_actor_loss: -106.515
	value_loss: 1.232, max_value_loss: 66.036, min_value_loss: 0.000
	weight: 0.452, max_weight: 0.700, min_weight: 0.300
	v: 63.470, max_v: 106.621, min_v: 0.424
	q1: 63.323, max_q1: 105.625, min_q1: -2.029
	q2: 63.375, max_q2: 106.201, min_q2: -5.696
	target_q: 63.289, max_target_q: 107.320, min_target_q: -7.035

2023-02-25 00:06:25 - 
[#Step 520000] eval_reward: 100.514, eval_time: 7.284, time: 35.021
	critic_loss: 4.445, max_critic_loss: 81.620, min_critic_loss: 0.000
	actor_loss: -67.181, max_actor_loss: 2.609, min_actor_loss: -104.149
	value_loss: 1.323, max_value_loss: 51.207, min_value_loss: 0.001
	weight: 0.445, max_weight: 0.700, min_weight: 0.300
	v: 65.749, max_v: 102.914, min_v: -2.592
	q1: 65.912, max_q1: 103.417, min_q1: -4.071
	q2: 65.779, max_q2: 102.557, min_q2: -5.105
	target_q: 65.501, max_target_q: 102.217, min_target_q: -2.615

2023-02-25 00:07:06 - 
[#Step 530000] eval_reward: 94.868, eval_time: 7.326, time: 35.700
	critic_loss: 2.688, max_critic_loss: 80.486, min_critic_loss: 0.001
	actor_loss: -64.638, max_actor_loss: -2.212, min_actor_loss: -104.994
	value_loss: 1.111, max_value_loss: 25.703, min_value_loss: 0.000
	weight: 0.433, max_weight: 0.700, min_weight: 0.300
	v: 63.602, max_v: 105.628, min_v: -1.107
	q1: 63.402, max_q1: 105.834, min_q1: 1.210
	q2: 63.471, max_q2: 105.761, min_q2: -0.473
	target_q: 63.203, max_target_q: 105.871, min_target_q: -1.420

2023-02-25 00:07:46 - 
[#Step 540000] eval_reward: 101.949, eval_time: 7.425, time: 36.375
	critic_loss: 3.203, max_critic_loss: 63.240, min_critic_loss: 0.003
	actor_loss: -67.837, max_actor_loss: 4.162, min_actor_loss: -107.583
	value_loss: 1.484, max_value_loss: 184.336, min_value_loss: 0.000
	weight: 0.455, max_weight: 0.700, min_weight: 0.300
	v: 66.676, max_v: 106.871, min_v: -5.479
	q1: 66.780, max_q1: 106.254, min_q1: -7.550
	q2: 66.612, max_q2: 106.280, min_q2: -8.812
	target_q: 66.611, max_target_q: 106.614, min_target_q: -4.834

2023-02-25 00:08:27 - 
[#Step 550000] eval_reward: 99.703, eval_time: 7.741, time: 37.058
	critic_loss: 5.624, max_critic_loss: 106.662, min_critic_loss: 0.006
	actor_loss: -64.695, max_actor_loss: -1.970, min_actor_loss: -103.722
	value_loss: 1.577, max_value_loss: 51.162, min_value_loss: 0.000
	weight: 0.397, max_weight: 0.700, min_weight: 0.300
	v: 64.350, max_v: 106.283, min_v: -0.524
	q1: 63.561, max_q1: 104.519, min_q1: -0.696
	q2: 63.640, max_q2: 104.249, min_q2: 0.363
	target_q: 64.126, max_target_q: 106.301, min_target_q: -0.165

2023-02-25 00:09:08 - 
[#Step 560000] eval_reward: 100.729, eval_time: 7.395, time: 37.735
	critic_loss: 3.738, max_critic_loss: 87.345, min_critic_loss: 0.016
	actor_loss: -66.431, max_actor_loss: 0.417, min_actor_loss: -103.600
	value_loss: 1.926, max_value_loss: 165.693, min_value_loss: 0.000
	weight: 0.436, max_weight: 0.700, min_weight: 0.300
	v: 65.555, max_v: 103.008, min_v: -3.581
	q1: 64.776, max_q1: 104.025, min_q1: -2.589
	q2: 64.708, max_q2: 103.841, min_q2: -3.212
	target_q: 65.085, max_target_q: 102.521, min_target_q: -2.783

2023-02-25 00:09:48 - 
[#Step 570000] eval_reward: 104.947, eval_time: 7.435, time: 38.409
	critic_loss: 2.596, max_critic_loss: 45.585, min_critic_loss: 0.002
	actor_loss: -65.997, max_actor_loss: -1.481, min_actor_loss: -103.668
	value_loss: 1.053, max_value_loss: 43.583, min_value_loss: 0.000
	weight: 0.450, max_weight: 0.700, min_weight: 0.300
	v: 65.032, max_v: 102.846, min_v: -0.843
	q1: 64.739, max_q1: 102.871, min_q1: 1.487
	q2: 64.791, max_q2: 102.635, min_q2: 1.832
	target_q: 64.953, max_target_q: 103.080, min_target_q: -1.776

2023-02-25 00:10:29 - 
[#Step 580000] eval_reward: 100.612, eval_time: 7.586, time: 39.088
	critic_loss: 2.754, max_critic_loss: 33.507, min_critic_loss: 0.005
	actor_loss: -68.236, max_actor_loss: -2.170, min_actor_loss: -104.596
	value_loss: 0.899, max_value_loss: 25.761, min_value_loss: 0.000
	weight: 0.445, max_weight: 0.700, min_weight: 0.300
	v: 67.376, max_v: 104.726, min_v: 1.229
	q1: 66.992, max_q1: 104.696, min_q1: -0.674
	q2: 66.937, max_q2: 104.904, min_q2: -0.799
	target_q: 67.066, max_target_q: 104.776, min_target_q: 1.274

2023-02-25 00:11:10 - 
[#Step 590000] eval_reward: 102.083, eval_time: 7.593, time: 39.773
	critic_loss: 6.106, max_critic_loss: 553.543, min_critic_loss: 0.001
	actor_loss: -65.680, max_actor_loss: -1.619, min_actor_loss: -105.709
	value_loss: 2.359, max_value_loss: 284.750, min_value_loss: 0.000
	weight: 0.447, max_weight: 0.700, min_weight: 0.300
	v: 63.947, max_v: 104.786, min_v: -5.401
	q1: 63.881, max_q1: 104.764, min_q1: -5.667
	q2: 63.948, max_q2: 104.732, min_q2: -4.792
	target_q: 63.714, max_target_q: 104.835, min_target_q: -5.875

2023-02-25 00:11:43 - Saving checkpoint at step: 120
2023-02-25 00:11:43 - Saved checkpoint at saved_models/hopper-medium-replay-v2/COMFO6_s2_20230224_233124/actor_120
2023-02-25 00:11:43 - Removing checkpoint at saved_models/hopper-medium-replay-v2/COMFO6_s2_20230224_233124/actor_20
2023-02-25 00:11:43 - Saving checkpoint at step: 120
2023-02-25 00:11:43 - Saved checkpoint at saved_models/hopper-medium-replay-v2/COMFO6_s2_20230224_233124/critic_120
2023-02-25 00:11:43 - Removing checkpoint at saved_models/hopper-medium-replay-v2/COMFO6_s2_20230224_233124/critic_20
2023-02-25 00:11:43 - Saving checkpoint at step: 120
2023-02-25 00:11:43 - Saved checkpoint at saved_models/hopper-medium-replay-v2/COMFO6_s2_20230224_233124/value_120
2023-02-25 00:11:43 - Removing checkpoint at saved_models/hopper-medium-replay-v2/COMFO6_s2_20230224_233124/value_20
2023-02-25 00:11:51 - 
[#Step 600000] eval_reward: 102.373, eval_time: 7.976, time: 40.461
	critic_loss: 3.916, max_critic_loss: 78.905, min_critic_loss: 0.003
	actor_loss: -65.449, max_actor_loss: 0.334, min_actor_loss: -103.211
	value_loss: 1.297, max_value_loss: 28.671, min_value_loss: 0.000
	weight: 0.489, max_weight: 0.700, min_weight: 0.300
	v: 64.122, max_v: 102.557, min_v: -6.082
	q1: 63.922, max_q1: 102.934, min_q1: -7.375
	q2: 63.908, max_q2: 102.663, min_q2: -7.928
	target_q: 64.203, max_target_q: 104.072, min_target_q: -6.036

2023-02-25 00:12:32 - 
[#Step 610000] eval_reward: 99.067, eval_time: 7.513, time: 41.141
	critic_loss: 3.720, max_critic_loss: 68.875, min_critic_loss: 0.005
	actor_loss: -68.223, max_actor_loss: 0.010, min_actor_loss: -105.706
	value_loss: 1.020, max_value_loss: 65.791, min_value_loss: 0.000
	weight: 0.428, max_weight: 0.700, min_weight: 0.300
	v: 66.455, max_v: 104.255, min_v: -7.295
	q1: 66.709, max_q1: 105.230, min_q1: -3.119
	q2: 66.575, max_q2: 105.283, min_q2: -4.708
	target_q: 66.286, max_target_q: 104.365, min_target_q: -5.304

2023-02-25 00:13:13 - 
[#Step 620000] eval_reward: 104.119, eval_time: 7.747, time: 41.824
	critic_loss: 5.975, max_critic_loss: 358.916, min_critic_loss: 0.014
	actor_loss: -67.737, max_actor_loss: -2.051, min_actor_loss: -104.841
	value_loss: 1.043, max_value_loss: 46.824, min_value_loss: 0.000
	weight: 0.464, max_weight: 0.700, min_weight: 0.300
	v: 66.325, max_v: 103.784, min_v: 0.343
	q1: 66.816, max_q1: 104.605, min_q1: 2.552
	q2: 66.733, max_q2: 104.495, min_q2: 2.095
	target_q: 66.180, max_target_q: 103.753, min_target_q: 0.061

2023-02-25 00:13:54 - 
[#Step 630000] eval_reward: 98.579, eval_time: 7.349, time: 42.504
	critic_loss: 2.699, max_critic_loss: 70.840, min_critic_loss: 0.000
	actor_loss: -64.984, max_actor_loss: 9.362, min_actor_loss: -103.250
	value_loss: 1.133, max_value_loss: 33.011, min_value_loss: 0.000
	weight: 0.383, max_weight: 0.700, min_weight: 0.300
	v: 63.838, max_v: 103.705, min_v: -1.991
	q1: 63.232, max_q1: 102.722, min_q1: 0.152
	q2: 63.074, max_q2: 102.156, min_q2: -1.548
	target_q: 63.402, max_target_q: 102.845, min_target_q: -2.141

2023-02-25 00:14:35 - 
[#Step 640000] eval_reward: 99.669, eval_time: 7.270, time: 43.182
	critic_loss: 3.324, max_critic_loss: 95.405, min_critic_loss: 0.006
	actor_loss: -65.976, max_actor_loss: -2.529, min_actor_loss: -104.433
	value_loss: 1.608, max_value_loss: 124.700, min_value_loss: 0.000
	weight: 0.430, max_weight: 0.700, min_weight: 0.300
	v: 64.463, max_v: 104.557, min_v: -2.983
	q1: 63.871, max_q1: 103.992, min_q1: 0.413
	q2: 63.914, max_q2: 103.361, min_q2: -0.931
	target_q: 63.917, max_target_q: 103.319, min_target_q: -0.778

2023-02-25 00:15:15 - 
[#Step 650000] eval_reward: 100.504, eval_time: 7.179, time: 43.856
	critic_loss: 3.338, max_critic_loss: 58.552, min_critic_loss: 0.001
	actor_loss: -67.758, max_actor_loss: 0.908, min_actor_loss: -105.784
	value_loss: 1.511, max_value_loss: 118.897, min_value_loss: 0.000
	weight: 0.434, max_weight: 0.700, min_weight: 0.300
	v: 66.401, max_v: 105.388, min_v: -5.578
	q1: 66.162, max_q1: 104.773, min_q1: -5.331
	q2: 66.271, max_q2: 104.779, min_q2: -5.738
	target_q: 66.056, max_target_q: 105.135, min_target_q: -3.828

2023-02-25 00:15:55 - 
[#Step 660000] eval_reward: 103.977, eval_time: 7.272, time: 44.528
	critic_loss: 3.614, max_critic_loss: 144.668, min_critic_loss: 0.003
	actor_loss: -66.706, max_actor_loss: 5.692, min_actor_loss: -103.464
	value_loss: 1.452, max_value_loss: 85.853, min_value_loss: 0.000
	weight: 0.444, max_weight: 0.700, min_weight: 0.300
	v: 65.438, max_v: 104.173, min_v: -1.655
	q1: 65.006, max_q1: 103.077, min_q1: 0.730
	q2: 65.064, max_q2: 103.862, min_q2: 0.570
	target_q: 65.028, max_target_q: 104.288, min_target_q: -1.169

2023-02-25 00:16:36 - 
[#Step 670000] eval_reward: 99.059, eval_time: 7.268, time: 45.205
	critic_loss: 3.592, max_critic_loss: 50.205, min_critic_loss: 0.001
	actor_loss: -66.372, max_actor_loss: 7.577, min_actor_loss: -107.718
	value_loss: 2.284, max_value_loss: 244.331, min_value_loss: 0.000
	weight: 0.455, max_weight: 0.700, min_weight: 0.300
	v: 65.035, max_v: 104.913, min_v: -4.025
	q1: 64.663, max_q1: 104.525, min_q1: -1.711
	q2: 64.721, max_q2: 104.624, min_q2: -2.296
	target_q: 64.627, max_target_q: 104.487, min_target_q: 0.049

2023-02-25 00:17:17 - 
[#Step 680000] eval_reward: 103.811, eval_time: 7.631, time: 45.887
	critic_loss: 3.024, max_critic_loss: 136.421, min_critic_loss: 0.008
	actor_loss: -67.222, max_actor_loss: -0.293, min_actor_loss: -104.206
	value_loss: 2.447, max_value_loss: 270.023, min_value_loss: 0.000
	weight: 0.519, max_weight: 0.700, min_weight: 0.300
	v: 65.670, max_v: 103.136, min_v: -0.050
	q1: 65.784, max_q1: 103.725, min_q1: 1.234
	q2: 65.700, max_q2: 103.868, min_q2: 0.819
	target_q: 65.538, max_target_q: 103.334, min_target_q: 1.071

2023-02-25 00:17:58 - 
[#Step 690000] eval_reward: 103.957, eval_time: 7.234, time: 46.567
	critic_loss: 4.197, max_critic_loss: 179.518, min_critic_loss: 0.000
	actor_loss: -66.213, max_actor_loss: -3.954, min_actor_loss: -104.813
	value_loss: 1.299, max_value_loss: 66.323, min_value_loss: 0.000
	weight: 0.461, max_weight: 0.700, min_weight: 0.300
	v: 64.692, max_v: 103.386, min_v: -0.075
	q1: 64.848, max_q1: 104.200, min_q1: -2.942
	q2: 64.841, max_q2: 104.204, min_q2: -2.880
	target_q: 64.819, max_target_q: 103.799, min_target_q: -2.105

2023-02-25 00:18:31 - Saving checkpoint at step: 140
2023-02-25 00:18:31 - Saved checkpoint at saved_models/hopper-medium-replay-v2/COMFO6_s2_20230224_233124/actor_140
2023-02-25 00:18:31 - Removing checkpoint at saved_models/hopper-medium-replay-v2/COMFO6_s2_20230224_233124/actor_40
2023-02-25 00:18:31 - Saving checkpoint at step: 140
2023-02-25 00:18:31 - Saved checkpoint at saved_models/hopper-medium-replay-v2/COMFO6_s2_20230224_233124/critic_140
2023-02-25 00:18:31 - Removing checkpoint at saved_models/hopper-medium-replay-v2/COMFO6_s2_20230224_233124/critic_40
2023-02-25 00:18:31 - Saving checkpoint at step: 140
2023-02-25 00:18:31 - Saved checkpoint at saved_models/hopper-medium-replay-v2/COMFO6_s2_20230224_233124/value_140
2023-02-25 00:18:31 - Removing checkpoint at saved_models/hopper-medium-replay-v2/COMFO6_s2_20230224_233124/value_40
2023-02-25 00:18:38 - 
[#Step 700000] eval_reward: 98.565, eval_time: 7.520, time: 47.244
	critic_loss: 2.730, max_critic_loss: 117.870, min_critic_loss: 0.000
	actor_loss: -67.997, max_actor_loss: 2.104, min_actor_loss: -104.997
	value_loss: 0.959, max_value_loss: 54.940, min_value_loss: 0.000
	weight: 0.422, max_weight: 0.700, min_weight: 0.300
	v: 66.772, max_v: 104.322, min_v: -1.404
	q1: 66.664, max_q1: 104.275, min_q1: -1.803
	q2: 66.631, max_q2: 103.916, min_q2: -1.658
	target_q: 66.659, max_target_q: 104.752, min_target_q: -7.230

2023-02-25 00:19:19 - 
[#Step 710000] eval_reward: 102.063, eval_time: 7.191, time: 47.920
	critic_loss: 4.038, max_critic_loss: 95.119, min_critic_loss: 0.000
	actor_loss: -65.638, max_actor_loss: 1.307, min_actor_loss: -107.794
	value_loss: 1.297, max_value_loss: 29.181, min_value_loss: 0.000
	weight: 0.488, max_weight: 0.700, min_weight: 0.300
	v: 63.886, max_v: 105.522, min_v: -2.097
	q1: 64.106, max_q1: 107.241, min_q1: -3.276
	q2: 64.100, max_q2: 106.482, min_q2: -2.168
	target_q: 63.778, max_target_q: 105.421, min_target_q: -1.468

2023-02-25 00:19:59 - 
[#Step 720000] eval_reward: 100.254, eval_time: 7.278, time: 48.598
	critic_loss: 3.718, max_critic_loss: 247.432, min_critic_loss: 0.003
	actor_loss: -66.773, max_actor_loss: -0.760, min_actor_loss: -104.702
	value_loss: 1.648, max_value_loss: 109.818, min_value_loss: 0.000
	weight: 0.409, max_weight: 0.700, min_weight: 0.300
	v: 65.720, max_v: 104.645, min_v: -0.305
	q1: 65.434, max_q1: 104.222, min_q1: 1.881
	q2: 65.357, max_q2: 104.470, min_q2: 1.176
	target_q: 65.272, max_target_q: 103.942, min_target_q: -0.267

2023-02-25 00:20:40 - 
[#Step 730000] eval_reward: 100.091, eval_time: 7.244, time: 49.272
	critic_loss: 5.179, max_critic_loss: 103.052, min_critic_loss: 0.000
	actor_loss: -65.751, max_actor_loss: -2.156, min_actor_loss: -104.131
	value_loss: 1.815, max_value_loss: 114.348, min_value_loss: 0.000
	weight: 0.470, max_weight: 0.700, min_weight: 0.300
	v: 63.762, max_v: 103.215, min_v: -1.484
	q1: 63.783, max_q1: 104.395, min_q1: 0.743
	q2: 63.681, max_q2: 104.516, min_q2: 0.869
	target_q: 63.251, max_target_q: 103.239, min_target_q: -1.388

2023-02-25 00:21:20 - 
[#Step 740000] eval_reward: 103.493, eval_time: 7.155, time: 49.947
	critic_loss: 5.713, max_critic_loss: 287.444, min_critic_loss: 0.010
	actor_loss: -63.726, max_actor_loss: 3.737, min_actor_loss: -106.230
	value_loss: 1.385, max_value_loss: 56.009, min_value_loss: 0.000
	weight: 0.477, max_weight: 0.700, min_weight: 0.300
	v: 62.210, max_v: 105.725, min_v: -3.844
	q1: 62.517, max_q1: 105.368, min_q1: -2.837
	q2: 62.598, max_q2: 105.748, min_q2: -1.131
	target_q: 62.240, max_target_q: 105.595, min_target_q: -1.715

2023-02-25 00:22:01 - 
[#Step 750000] eval_reward: 102.234, eval_time: 7.299, time: 50.623
	critic_loss: 2.764, max_critic_loss: 62.344, min_critic_loss: 0.003
	actor_loss: -66.216, max_actor_loss: -0.293, min_actor_loss: -106.904
	value_loss: 1.212, max_value_loss: 49.676, min_value_loss: 0.000
	weight: 0.416, max_weight: 0.700, min_weight: 0.300
	v: 65.315, max_v: 106.210, min_v: 0.907
	q1: 64.989, max_q1: 106.151, min_q1: -1.383
	q2: 64.876, max_q2: 106.452, min_q2: -1.795
	target_q: 65.112, max_target_q: 106.075, min_target_q: -1.273

2023-02-25 00:22:42 - 
[#Step 760000] eval_reward: 102.117, eval_time: 7.282, time: 51.302
	critic_loss: 3.683, max_critic_loss: 72.906, min_critic_loss: 0.002
	actor_loss: -67.366, max_actor_loss: 10.815, min_actor_loss: -104.848
	value_loss: 1.184, max_value_loss: 32.162, min_value_loss: 0.000
	weight: 0.466, max_weight: 0.700, min_weight: 0.300
	v: 66.187, max_v: 103.927, min_v: -4.743
	q1: 65.903, max_q1: 103.137, min_q1: -5.066
	q2: 65.942, max_q2: 103.213, min_q2: -2.878
	target_q: 66.177, max_target_q: 104.232, min_target_q: 0.751

2023-02-25 00:23:22 - 
[#Step 770000] eval_reward: 102.987, eval_time: 7.278, time: 51.975
	critic_loss: 3.359, max_critic_loss: 105.828, min_critic_loss: 0.001
	actor_loss: -65.340, max_actor_loss: -1.177, min_actor_loss: -106.113
	value_loss: 0.832, max_value_loss: 21.564, min_value_loss: 0.000
	weight: 0.453, max_weight: 0.700, min_weight: 0.300
	v: 63.894, max_v: 105.258, min_v: 0.358
	q1: 63.903, max_q1: 104.976, min_q1: -1.939
	q2: 63.852, max_q2: 105.119, min_q2: -2.952
	target_q: 63.873, max_target_q: 105.113, min_target_q: 0.970

2023-02-25 00:24:03 - 
[#Step 780000] eval_reward: 101.048, eval_time: 7.237, time: 52.657
	critic_loss: 2.852, max_critic_loss: 35.166, min_critic_loss: 0.001
	actor_loss: -68.423, max_actor_loss: -5.270, min_actor_loss: -104.268
	value_loss: 0.806, max_value_loss: 42.089, min_value_loss: 0.000
	weight: 0.439, max_weight: 0.700, min_weight: 0.300
	v: 67.252, max_v: 104.404, min_v: 6.756
	q1: 67.258, max_q1: 104.736, min_q1: 1.721
	q2: 67.365, max_q2: 104.195, min_q2: 0.019
	target_q: 67.140, max_target_q: 104.005, min_target_q: 3.467

2023-02-25 00:24:43 - 
[#Step 790000] eval_reward: 102.228, eval_time: 7.187, time: 53.329
	critic_loss: 2.801, max_critic_loss: 36.004, min_critic_loss: 0.011
	actor_loss: -67.992, max_actor_loss: 0.878, min_actor_loss: -104.757
	value_loss: 0.861, max_value_loss: 23.648, min_value_loss: 0.000
	weight: 0.458, max_weight: 0.700, min_weight: 0.300
	v: 66.856, max_v: 104.814, min_v: 0.397
	q1: 66.605, max_q1: 104.447, min_q1: -3.867
	q2: 66.534, max_q2: 104.739, min_q2: -4.206
	target_q: 66.842, max_target_q: 104.278, min_target_q: -5.626

2023-02-25 00:25:17 - Saving checkpoint at step: 160
2023-02-25 00:25:17 - Saved checkpoint at saved_models/hopper-medium-replay-v2/COMFO6_s2_20230224_233124/actor_160
2023-02-25 00:25:17 - Removing checkpoint at saved_models/hopper-medium-replay-v2/COMFO6_s2_20230224_233124/actor_60
2023-02-25 00:25:17 - Saving checkpoint at step: 160
2023-02-25 00:25:17 - Saved checkpoint at saved_models/hopper-medium-replay-v2/COMFO6_s2_20230224_233124/critic_160
2023-02-25 00:25:17 - Removing checkpoint at saved_models/hopper-medium-replay-v2/COMFO6_s2_20230224_233124/critic_60
2023-02-25 00:25:17 - Saving checkpoint at step: 160
2023-02-25 00:25:17 - Saved checkpoint at saved_models/hopper-medium-replay-v2/COMFO6_s2_20230224_233124/value_160
2023-02-25 00:25:17 - Removing checkpoint at saved_models/hopper-medium-replay-v2/COMFO6_s2_20230224_233124/value_60
2023-02-25 00:25:24 - 
[#Step 800000] eval_reward: 100.791, eval_time: 7.310, time: 54.006
	critic_loss: 3.873, max_critic_loss: 63.325, min_critic_loss: 0.001
	actor_loss: -66.650, max_actor_loss: -2.155, min_actor_loss: -103.663
	value_loss: 1.374, max_value_loss: 55.334, min_value_loss: 0.000
	weight: 0.486, max_weight: 0.700, min_weight: 0.300
	v: 64.774, max_v: 104.697, min_v: 0.476
	q1: 64.903, max_q1: 104.027, min_q1: 1.598
	q2: 64.951, max_q2: 103.152, min_q2: 1.325
	target_q: 64.515, max_target_q: 104.462, min_target_q: 0.865

2023-02-25 00:26:04 - 
[#Step 810000] eval_reward: 102.015, eval_time: 7.163, time: 54.682
	critic_loss: 4.784, max_critic_loss: 253.411, min_critic_loss: 0.009
	actor_loss: -67.735, max_actor_loss: -1.324, min_actor_loss: -104.763
	value_loss: 2.411, max_value_loss: 280.497, min_value_loss: 0.000
	weight: 0.480, max_weight: 0.700, min_weight: 0.300
	v: 66.220, max_v: 102.882, min_v: -2.492
	q1: 66.256, max_q1: 104.364, min_q1: 0.552
	q2: 66.321, max_q2: 104.396, min_q2: 0.072
	target_q: 65.782, max_target_q: 102.998, min_target_q: -0.234

2023-02-25 00:26:45 - 
[#Step 820000] eval_reward: 101.406, eval_time: 7.233, time: 55.358
	critic_loss: 2.909, max_critic_loss: 110.048, min_critic_loss: 0.001
	actor_loss: -66.257, max_actor_loss: 0.621, min_actor_loss: -105.629
	value_loss: 1.628, max_value_loss: 147.182, min_value_loss: 0.000
	weight: 0.389, max_weight: 0.700, min_weight: 0.300
	v: 65.237, max_v: 106.810, min_v: 1.478
	q1: 64.780, max_q1: 106.152, min_q1: -0.245
	q2: 64.731, max_q2: 105.503, min_q2: -0.044
	target_q: 65.046, max_target_q: 105.548, min_target_q: 0.770

2023-02-25 00:27:25 - 
[#Step 830000] eval_reward: 102.507, eval_time: 7.217, time: 56.031
	critic_loss: 3.545, max_critic_loss: 67.021, min_critic_loss: 0.003
	actor_loss: -65.017, max_actor_loss: -1.295, min_actor_loss: -103.975
	value_loss: 1.941, max_value_loss: 214.531, min_value_loss: 0.000
	weight: 0.445, max_weight: 0.700, min_weight: 0.300
	v: 64.045, max_v: 103.929, min_v: 2.314
	q1: 63.351, max_q1: 103.178, min_q1: 1.825
	q2: 63.505, max_q2: 102.930, min_q2: 1.595
	target_q: 63.957, max_target_q: 103.535, min_target_q: 1.286

2023-02-25 00:28:06 - 
[#Step 840000] eval_reward: 101.939, eval_time: 7.175, time: 56.707
	critic_loss: 3.303, max_critic_loss: 135.691, min_critic_loss: 0.014
	actor_loss: -67.525, max_actor_loss: 7.702, min_actor_loss: -106.848
	value_loss: 2.406, max_value_loss: 363.859, min_value_loss: 0.000
	weight: 0.423, max_weight: 0.700, min_weight: 0.300
	v: 66.487, max_v: 104.543, min_v: -5.981
	q1: 66.148, max_q1: 105.423, min_q1: -7.225
	q2: 66.030, max_q2: 104.882, min_q2: -9.164
	target_q: 66.219, max_target_q: 104.943, min_target_q: -0.764

2023-02-25 00:28:47 - 
[#Step 850000] eval_reward: 101.459, eval_time: 7.276, time: 57.383
	critic_loss: 2.853, max_critic_loss: 119.644, min_critic_loss: 0.008
	actor_loss: -68.756, max_actor_loss: -0.634, min_actor_loss: -103.784
	value_loss: 1.119, max_value_loss: 32.520, min_value_loss: 0.000
	weight: 0.470, max_weight: 0.700, min_weight: 0.300
	v: 67.605, max_v: 103.122, min_v: 1.958
	q1: 67.404, max_q1: 102.738, min_q1: 0.711
	q2: 67.387, max_q2: 102.939, min_q2: 1.003
	target_q: 67.686, max_target_q: 104.167, min_target_q: 1.885

2023-02-25 00:29:27 - 
[#Step 860000] eval_reward: 103.049, eval_time: 7.397, time: 58.061
	critic_loss: 3.994, max_critic_loss: 76.433, min_critic_loss: 0.000
	actor_loss: -70.410, max_actor_loss: 3.843, min_actor_loss: -106.223
	value_loss: 0.976, max_value_loss: 21.066, min_value_loss: 0.000
	weight: 0.430, max_weight: 0.700, min_weight: 0.300
	v: 69.719, max_v: 104.427, min_v: -0.143
	q1: 69.406, max_q1: 105.645, min_q1: -0.350
	q2: 69.190, max_q2: 105.297, min_q2: -0.871
	target_q: 69.536, max_target_q: 104.326, min_target_q: -0.114

2023-02-25 00:30:08 - 
[#Step 870000] eval_reward: 103.352, eval_time: 7.402, time: 58.742
	critic_loss: 3.962, max_critic_loss: 61.934, min_critic_loss: 0.001
	actor_loss: -66.362, max_actor_loss: 0.339, min_actor_loss: -103.924
	value_loss: 0.991, max_value_loss: 33.605, min_value_loss: 0.000
	weight: 0.441, max_weight: 0.700, min_weight: 0.300
	v: 65.237, max_v: 104.345, min_v: -5.458
	q1: 64.916, max_q1: 103.048, min_q1: -1.484
	q2: 64.924, max_q2: 102.906, min_q2: -1.153
	target_q: 65.301, max_target_q: 103.826, min_target_q: 0.574

2023-02-25 00:30:48 - 
[#Step 880000] eval_reward: 100.801, eval_time: 7.279, time: 59.415
	critic_loss: 3.397, max_critic_loss: 78.797, min_critic_loss: 0.005
	actor_loss: -66.519, max_actor_loss: -1.696, min_actor_loss: -106.436
	value_loss: 0.912, max_value_loss: 26.288, min_value_loss: 0.000
	weight: 0.417, max_weight: 0.700, min_weight: 0.300
	v: 65.229, max_v: 104.500, min_v: 0.566
	q1: 64.956, max_q1: 104.374, min_q1: -1.911
	q2: 64.956, max_q2: 103.926, min_q2: -3.542
	target_q: 64.926, max_target_q: 103.489, min_target_q: -2.995

2023-02-25 00:31:29 - 
[#Step 890000] eval_reward: 100.708, eval_time: 7.267, time: 60.092
	critic_loss: 2.965, max_critic_loss: 45.919, min_critic_loss: 0.001
	actor_loss: -67.966, max_actor_loss: 0.856, min_actor_loss: -103.674
	value_loss: 0.980, max_value_loss: 18.209, min_value_loss: 0.000
	weight: 0.483, max_weight: 0.700, min_weight: 0.300
	v: 66.654, max_v: 103.222, min_v: 0.521
	q1: 66.512, max_q1: 104.234, min_q1: -3.919
	q2: 66.457, max_q2: 104.097, min_q2: -0.773
	target_q: 66.343, max_target_q: 103.628, min_target_q: -2.364

2023-02-25 00:32:03 - Saving checkpoint at step: 180
2023-02-25 00:32:03 - Saved checkpoint at saved_models/hopper-medium-replay-v2/COMFO6_s2_20230224_233124/actor_180
2023-02-25 00:32:03 - Removing checkpoint at saved_models/hopper-medium-replay-v2/COMFO6_s2_20230224_233124/actor_80
2023-02-25 00:32:03 - Saving checkpoint at step: 180
2023-02-25 00:32:03 - Saved checkpoint at saved_models/hopper-medium-replay-v2/COMFO6_s2_20230224_233124/critic_180
2023-02-25 00:32:03 - Removing checkpoint at saved_models/hopper-medium-replay-v2/COMFO6_s2_20230224_233124/critic_80
2023-02-25 00:32:03 - Saving checkpoint at step: 180
2023-02-25 00:32:03 - Saved checkpoint at saved_models/hopper-medium-replay-v2/COMFO6_s2_20230224_233124/value_180
2023-02-25 00:32:03 - Removing checkpoint at saved_models/hopper-medium-replay-v2/COMFO6_s2_20230224_233124/value_80
2023-02-25 00:32:10 - 
[#Step 900000] eval_reward: 102.445, eval_time: 7.651, time: 60.782
	critic_loss: 3.733, max_critic_loss: 47.752, min_critic_loss: 0.003
	actor_loss: -65.245, max_actor_loss: -1.873, min_actor_loss: -104.035
	value_loss: 3.017, max_value_loss: 469.137, min_value_loss: 0.000
	weight: 0.481, max_weight: 0.700, min_weight: 0.300
	v: 63.187, max_v: 105.606, min_v: -1.792
	q1: 63.691, max_q1: 104.620, min_q1: 1.653
	q2: 63.551, max_q2: 103.916, min_q2: 2.980
	target_q: 63.019, max_target_q: 105.363, min_target_q: -0.085

2023-02-25 00:32:51 - 
[#Step 910000] eval_reward: 101.233, eval_time: 7.814, time: 61.465
	critic_loss: 2.792, max_critic_loss: 60.202, min_critic_loss: 0.000
	actor_loss: -64.812, max_actor_loss: -7.413, min_actor_loss: -105.235
	value_loss: 0.819, max_value_loss: 16.652, min_value_loss: 0.000
	weight: 0.455, max_weight: 0.700, min_weight: 0.300
	v: 63.352, max_v: 104.703, min_v: -4.345
	q1: 63.096, max_q1: 104.284, min_q1: 1.012
	q2: 63.018, max_q2: 103.976, min_q2: -0.993
	target_q: 63.269, max_target_q: 104.618, min_target_q: -5.385

2023-02-25 00:33:32 - 
[#Step 920000] eval_reward: 101.182, eval_time: 7.422, time: 62.141
	critic_loss: 3.871, max_critic_loss: 70.617, min_critic_loss: 0.015
	actor_loss: -67.956, max_actor_loss: -5.514, min_actor_loss: -106.804
	value_loss: 1.093, max_value_loss: 38.113, min_value_loss: 0.000
	weight: 0.409, max_weight: 0.700, min_weight: 0.300
	v: 66.289, max_v: 105.517, min_v: -10.219
	q1: 65.937, max_q1: 106.841, min_q1: -14.905
	q2: 66.145, max_q2: 106.516, min_q2: -17.170
	target_q: 66.181, max_target_q: 105.783, min_target_q: -15.349

2023-02-25 00:34:13 - 
[#Step 930000] eval_reward: 101.460, eval_time: 7.778, time: 62.825
	critic_loss: 3.428, max_critic_loss: 43.394, min_critic_loss: 0.004
	actor_loss: -66.291, max_actor_loss: 0.061, min_actor_loss: -106.803
	value_loss: 1.230, max_value_loss: 51.604, min_value_loss: 0.000
	weight: 0.431, max_weight: 0.700, min_weight: 0.300
	v: 64.998, max_v: 104.689, min_v: -3.267
	q1: 64.470, max_q1: 104.023, min_q1: -0.802
	q2: 64.443, max_q2: 104.386, min_q2: -1.555
	target_q: 65.011, max_target_q: 104.888, min_target_q: -2.568

2023-02-25 00:34:54 - 
[#Step 940000] eval_reward: 101.474, eval_time: 7.857, time: 63.509
	critic_loss: 3.496, max_critic_loss: 81.787, min_critic_loss: 0.004
	actor_loss: -67.924, max_actor_loss: -0.514, min_actor_loss: -105.376
	value_loss: 1.149, max_value_loss: 45.877, min_value_loss: 0.000
	weight: 0.434, max_weight: 0.700, min_weight: 0.300
	v: 66.661, max_v: 105.685, min_v: 0.031
	q1: 66.394, max_q1: 105.171, min_q1: -3.878
	q2: 66.421, max_q2: 104.642, min_q2: -3.095
	target_q: 66.685, max_target_q: 104.933, min_target_q: -0.226

2023-02-25 00:35:35 - 
[#Step 950000] eval_reward: 100.793, eval_time: 7.770, time: 64.190
	critic_loss: 3.891, max_critic_loss: 82.846, min_critic_loss: 0.001
	actor_loss: -66.892, max_actor_loss: 1.900, min_actor_loss: -103.551
	value_loss: 1.244, max_value_loss: 17.058, min_value_loss: 0.000
	weight: 0.462, max_weight: 0.700, min_weight: 0.300
	v: 65.709, max_v: 103.862, min_v: -1.810
	q1: 65.444, max_q1: 103.095, min_q1: -3.036
	q2: 65.448, max_q2: 103.371, min_q2: -1.784
	target_q: 65.283, max_target_q: 104.466, min_target_q: -0.713

2023-02-25 00:35:59 - 
[#Step 955000] eval_reward: 100.661, eval_time: 7.560, time: 64.594
	critic_loss: 5.886, max_critic_loss: 409.185, min_critic_loss: 0.001
	actor_loss: -66.188, max_actor_loss: -5.037, min_actor_loss: -108.755
	value_loss: 3.134, max_value_loss: 341.267, min_value_loss: 0.000
	weight: 0.433, max_weight: 0.700, min_weight: 0.300
	v: 65.278, max_v: 108.630, min_v: -7.872
	q1: 64.443, max_q1: 107.687, min_q1: -2.599
	q2: 64.336, max_q2: 106.732, min_q2: -1.859
	target_q: 64.824, max_target_q: 109.284, min_target_q: -8.060

2023-02-25 00:36:23 - 
[#Step 960000] eval_reward: 103.147, eval_time: 7.526, time: 64.996
	critic_loss: 2.684, max_critic_loss: 39.698, min_critic_loss: 0.001
	actor_loss: -64.908, max_actor_loss: -2.642, min_actor_loss: -103.406
	value_loss: 2.157, max_value_loss: 317.428, min_value_loss: 0.000
	weight: 0.489, max_weight: 0.700, min_weight: 0.300
	v: 63.150, max_v: 102.857, min_v: 0.979
	q1: 63.436, max_q1: 103.012, min_q1: 2.327
	q2: 63.386, max_q2: 102.855, min_q2: 0.417
	target_q: 63.105, max_target_q: 102.710, min_target_q: 1.311

2023-02-25 00:36:48 - 
[#Step 965000] eval_reward: 102.422, eval_time: 8.051, time: 65.408
	critic_loss: 4.595, max_critic_loss: 125.117, min_critic_loss: 0.026
	actor_loss: -67.673, max_actor_loss: -1.460, min_actor_loss: -108.007
	value_loss: 2.417, max_value_loss: 329.937, min_value_loss: 0.000
	weight: 0.466, max_weight: 0.700, min_weight: 0.300
	v: 66.151, max_v: 106.532, min_v: 0.058
	q1: 66.387, max_q1: 104.928, min_q1: 2.003
	q2: 66.103, max_q2: 104.937, min_q2: 0.340
	target_q: 65.725, max_target_q: 105.091, min_target_q: -3.916

2023-02-25 00:37:12 - 
[#Step 970000] eval_reward: 101.679, eval_time: 7.558, time: 65.812
	critic_loss: 4.284, max_critic_loss: 87.419, min_critic_loss: 0.001
	actor_loss: -67.854, max_actor_loss: 10.928, min_actor_loss: -106.280
	value_loss: 1.170, max_value_loss: 51.619, min_value_loss: 0.000
	weight: 0.428, max_weight: 0.700, min_weight: 0.300
	v: 67.380, max_v: 107.138, min_v: -3.411
	q1: 67.033, max_q1: 105.514, min_q1: -3.256
	q2: 66.946, max_q2: 106.153, min_q2: -8.118
	target_q: 67.354, max_target_q: 107.386, min_target_q: -1.910

2023-02-25 00:37:36 - 
[#Step 975000] eval_reward: 100.903, eval_time: 7.485, time: 66.212
	critic_loss: 3.382, max_critic_loss: 141.892, min_critic_loss: 0.000
	actor_loss: -67.465, max_actor_loss: 1.679, min_actor_loss: -106.482
	value_loss: 0.938, max_value_loss: 34.450, min_value_loss: 0.000
	weight: 0.416, max_weight: 0.700, min_weight: 0.300
	v: 66.409, max_v: 105.298, min_v: -1.795
	q1: 66.249, max_q1: 104.915, min_q1: -3.115
	q2: 66.192, max_q2: 105.415, min_q2: -1.580
	target_q: 66.311, max_target_q: 105.087, min_target_q: -1.326

2023-02-25 00:37:53 - Saving checkpoint at step: 196
2023-02-25 00:37:53 - Saved checkpoint at saved_models/hopper-medium-replay-v2/COMFO6_s2_20230224_233124/actor_196
2023-02-25 00:37:53 - Removing checkpoint at saved_models/hopper-medium-replay-v2/COMFO6_s2_20230224_233124/actor_100
2023-02-25 00:37:53 - Saving checkpoint at step: 196
2023-02-25 00:37:53 - Saved checkpoint at saved_models/hopper-medium-replay-v2/COMFO6_s2_20230224_233124/critic_196
2023-02-25 00:37:53 - Removing checkpoint at saved_models/hopper-medium-replay-v2/COMFO6_s2_20230224_233124/critic_100
2023-02-25 00:37:53 - Saving checkpoint at step: 196
2023-02-25 00:37:53 - Saved checkpoint at saved_models/hopper-medium-replay-v2/COMFO6_s2_20230224_233124/value_196
2023-02-25 00:37:53 - Removing checkpoint at saved_models/hopper-medium-replay-v2/COMFO6_s2_20230224_233124/value_100
2023-02-25 00:38:01 - 
[#Step 980000] eval_reward: 101.137, eval_time: 7.874, time: 66.620
	critic_loss: 2.944, max_critic_loss: 27.967, min_critic_loss: 0.002
	actor_loss: -65.391, max_actor_loss: 0.464, min_actor_loss: -105.677
	value_loss: 1.300, max_value_loss: 64.003, min_value_loss: 0.000
	weight: 0.441, max_weight: 0.700, min_weight: 0.300
	v: 63.433, max_v: 103.764, min_v: -4.699
	q1: 63.445, max_q1: 104.926, min_q1: -2.820
	q2: 63.486, max_q2: 104.104, min_q2: -2.610
	target_q: 63.154, max_target_q: 103.625, min_target_q: -0.183

2023-02-25 00:38:17 - Saving checkpoint at step: 197
2023-02-25 00:38:17 - Saved checkpoint at saved_models/hopper-medium-replay-v2/COMFO6_s2_20230224_233124/actor_197
2023-02-25 00:38:17 - Removing checkpoint at saved_models/hopper-medium-replay-v2/COMFO6_s2_20230224_233124/actor_120
2023-02-25 00:38:17 - Saving checkpoint at step: 197
2023-02-25 00:38:17 - Saved checkpoint at saved_models/hopper-medium-replay-v2/COMFO6_s2_20230224_233124/critic_197
2023-02-25 00:38:17 - Removing checkpoint at saved_models/hopper-medium-replay-v2/COMFO6_s2_20230224_233124/critic_120
2023-02-25 00:38:17 - Saving checkpoint at step: 197
2023-02-25 00:38:17 - Saved checkpoint at saved_models/hopper-medium-replay-v2/COMFO6_s2_20230224_233124/value_197
2023-02-25 00:38:17 - Removing checkpoint at saved_models/hopper-medium-replay-v2/COMFO6_s2_20230224_233124/value_120
2023-02-25 00:38:25 - 
[#Step 985000] eval_reward: 101.927, eval_time: 7.838, time: 67.028
	critic_loss: 3.566, max_critic_loss: 83.719, min_critic_loss: 0.003
	actor_loss: -67.397, max_actor_loss: -1.453, min_actor_loss: -104.777
	value_loss: 0.866, max_value_loss: 13.744, min_value_loss: 0.000
	weight: 0.473, max_weight: 0.700, min_weight: 0.300
	v: 66.224, max_v: 104.914, min_v: -1.743
	q1: 66.034, max_q1: 104.399, min_q1: -1.309
	q2: 65.829, max_q2: 103.816, min_q2: -0.959
	target_q: 66.056, max_target_q: 104.814, min_target_q: -2.903

2023-02-25 00:38:42 - Saving checkpoint at step: 198
2023-02-25 00:38:42 - Saved checkpoint at saved_models/hopper-medium-replay-v2/COMFO6_s2_20230224_233124/actor_198
2023-02-25 00:38:42 - Removing checkpoint at saved_models/hopper-medium-replay-v2/COMFO6_s2_20230224_233124/actor_140
2023-02-25 00:38:42 - Saving checkpoint at step: 198
2023-02-25 00:38:42 - Saved checkpoint at saved_models/hopper-medium-replay-v2/COMFO6_s2_20230224_233124/critic_198
2023-02-25 00:38:42 - Removing checkpoint at saved_models/hopper-medium-replay-v2/COMFO6_s2_20230224_233124/critic_140
2023-02-25 00:38:42 - Saving checkpoint at step: 198
2023-02-25 00:38:42 - Saved checkpoint at saved_models/hopper-medium-replay-v2/COMFO6_s2_20230224_233124/value_198
2023-02-25 00:38:42 - Removing checkpoint at saved_models/hopper-medium-replay-v2/COMFO6_s2_20230224_233124/value_140
2023-02-25 00:38:50 - 
[#Step 990000] eval_reward: 100.732, eval_time: 8.111, time: 67.440
	critic_loss: 4.130, max_critic_loss: 106.412, min_critic_loss: 0.000
	actor_loss: -65.122, max_actor_loss: -5.038, min_actor_loss: -106.452
	value_loss: 1.218, max_value_loss: 65.778, min_value_loss: 0.000
	weight: 0.441, max_weight: 0.700, min_weight: 0.300
	v: 63.664, max_v: 105.762, min_v: 0.810
	q1: 63.951, max_q1: 105.521, min_q1: -0.897
	q2: 63.660, max_q2: 105.310, min_q2: -3.342
	target_q: 63.187, max_target_q: 104.894, min_target_q: 0.700

2023-02-25 00:39:07 - Saving checkpoint at step: 199
2023-02-25 00:39:07 - Saved checkpoint at saved_models/hopper-medium-replay-v2/COMFO6_s2_20230224_233124/actor_199
2023-02-25 00:39:07 - Removing checkpoint at saved_models/hopper-medium-replay-v2/COMFO6_s2_20230224_233124/actor_160
2023-02-25 00:39:07 - Saving checkpoint at step: 199
2023-02-25 00:39:07 - Saved checkpoint at saved_models/hopper-medium-replay-v2/COMFO6_s2_20230224_233124/critic_199
2023-02-25 00:39:07 - Removing checkpoint at saved_models/hopper-medium-replay-v2/COMFO6_s2_20230224_233124/critic_160
2023-02-25 00:39:07 - Saving checkpoint at step: 199
2023-02-25 00:39:07 - Saved checkpoint at saved_models/hopper-medium-replay-v2/COMFO6_s2_20230224_233124/value_199
2023-02-25 00:39:07 - Removing checkpoint at saved_models/hopper-medium-replay-v2/COMFO6_s2_20230224_233124/value_160
2023-02-25 00:39:14 - 
[#Step 995000] eval_reward: 101.445, eval_time: 7.786, time: 67.848
	critic_loss: 3.389, max_critic_loss: 49.823, min_critic_loss: 0.016
	actor_loss: -66.596, max_actor_loss: 2.972, min_actor_loss: -104.488
	value_loss: 1.181, max_value_loss: 86.899, min_value_loss: 0.000
	weight: 0.428, max_weight: 0.700, min_weight: 0.300
	v: 65.883, max_v: 105.182, min_v: 2.031
	q1: 65.379, max_q1: 104.183, min_q1: -1.131
	q2: 65.404, max_q2: 104.574, min_q2: -0.581
	target_q: 65.720, max_target_q: 106.411, min_target_q: 0.458

2023-02-25 00:39:31 - Saving checkpoint at step: 200
2023-02-25 00:39:31 - Saved checkpoint at saved_models/hopper-medium-replay-v2/COMFO6_s2_20230224_233124/actor_200
2023-02-25 00:39:31 - Removing checkpoint at saved_models/hopper-medium-replay-v2/COMFO6_s2_20230224_233124/actor_180
2023-02-25 00:39:31 - Saving checkpoint at step: 200
2023-02-25 00:39:31 - Saved checkpoint at saved_models/hopper-medium-replay-v2/COMFO6_s2_20230224_233124/critic_200
2023-02-25 00:39:31 - Removing checkpoint at saved_models/hopper-medium-replay-v2/COMFO6_s2_20230224_233124/critic_180
2023-02-25 00:39:31 - Saving checkpoint at step: 200
2023-02-25 00:39:31 - Saved checkpoint at saved_models/hopper-medium-replay-v2/COMFO6_s2_20230224_233124/value_200
2023-02-25 00:39:31 - Removing checkpoint at saved_models/hopper-medium-replay-v2/COMFO6_s2_20230224_233124/value_180
2023-02-25 00:39:38 - 
[#Step 1000000] eval_reward: 101.347, eval_time: 7.323, time: 68.244
	critic_loss: 2.650, max_critic_loss: 52.757, min_critic_loss: 0.003
	actor_loss: -65.491, max_actor_loss: -0.854, min_actor_loss: -104.719
	value_loss: 1.072, max_value_loss: 47.220, min_value_loss: 0.000
	weight: 0.481, max_weight: 0.700, min_weight: 0.300
	v: 64.277, max_v: 105.380, min_v: -1.052
	q1: 64.243, max_q1: 104.493, min_q1: 1.072
	q2: 64.085, max_q2: 104.557, min_q2: 1.103
	target_q: 64.099, max_target_q: 105.792, min_target_q: -0.179

2023-02-25 00:39:38 - 
Avg eval reward = 101.54

