2023-02-22 08:35:30 - Exp configurations:
algo: COMFO6
alpha: 5.0
batch_size: 256
env_name: halfcheetah-medium-v2
eval_episodes: 10
eval_freq: 5000
expectile: 0.7
gamma: 0.99
hidden_dims: !!python/tuple
- 256
- 256
initializer: orthogonal
log_dir: 20230222_actor_perterbation
lr: 0.0003
max_timesteps: 1000000
mle_alpha: 0.1
model_dir: saved_models
num_random: 10
seed: 1
tau: 0.005
temperature: 3.0

2023-02-22 08:37:35 - 
[#Step 10000] eval_reward: -2.071, eval_time: 5.471, time: 2.086
	critic_loss: 1.106, max_critic_loss: 14.597, min_critic_loss: 0.000
	actor_loss: -36.602, max_actor_loss: -0.465, min_actor_loss: -45.874
	value_loss: 0.102, max_value_loss: 2.878, min_value_loss: 0.000
	weight: 0.459, max_weight: 0.700, min_weight: 0.300
	v: 35.319, max_v: 44.622, min_v: 0.456
	q1: 36.008, max_q1: 45.848, min_q1: -0.323
	q2: 35.979, max_q2: 45.719, min_q2: 1.018
	target_q: 35.783, max_target_q: 45.420, min_target_q: -0.005

2023-02-22 08:38:15 - 
[#Step 20000] eval_reward: -0.835, eval_time: 5.457, time: 2.751
	critic_loss: 1.981, max_critic_loss: 65.736, min_critic_loss: 0.002
	actor_loss: -59.190, max_actor_loss: -20.542, min_actor_loss: -68.653
	value_loss: 0.203, max_value_loss: 3.480, min_value_loss: 0.000
	weight: 0.527, max_weight: 0.700, min_weight: 0.300
	v: 57.908, max_v: 68.188, min_v: 21.194
	q1: 58.364, max_q1: 68.136, min_q1: 19.387
	q2: 58.505, max_q2: 68.367, min_q2: 19.696
	target_q: 58.200, max_target_q: 68.138, min_target_q: 19.164

2023-02-22 08:38:55 - 
[#Step 30000] eval_reward: -1.496, eval_time: 5.433, time: 3.417
	critic_loss: 2.056, max_critic_loss: 37.940, min_critic_loss: 0.000
	actor_loss: -72.681, max_actor_loss: 0.355, min_actor_loss: -83.113
	value_loss: 0.190, max_value_loss: 8.995, min_value_loss: 0.000
	weight: 0.470, max_weight: 0.700, min_weight: 0.300
	v: 72.091, max_v: 81.817, min_v: -0.637
	q1: 72.110, max_q1: 81.198, min_q1: -1.978
	q2: 72.079, max_q2: 80.960, min_q2: -2.281
	target_q: 72.427, max_target_q: 81.884, min_target_q: -1.489

2023-02-22 08:39:35 - 
[#Step 40000] eval_reward: -1.328, eval_time: 5.399, time: 4.080
	critic_loss: 1.843, max_critic_loss: 61.872, min_critic_loss: 0.002
	actor_loss: -79.852, max_actor_loss: 2.070, min_actor_loss: -89.417
	value_loss: 0.154, max_value_loss: 2.785, min_value_loss: 0.000
	weight: 0.495, max_weight: 0.700, min_weight: 0.300
	v: 78.938, max_v: 88.175, min_v: -2.833
	q1: 79.235, max_q1: 89.340, min_q1: -2.452
	q2: 79.163, max_q2: 89.195, min_q2: -2.696
	target_q: 79.164, max_target_q: 87.910, min_target_q: -0.773

2023-02-22 08:40:15 - 
[#Step 50000] eval_reward: 0.010, eval_time: 5.381, time: 4.744
	critic_loss: 2.022, max_critic_loss: 63.046, min_critic_loss: 0.005
	actor_loss: -84.135, max_actor_loss: 4.989, min_actor_loss: -93.274
	value_loss: 0.102, max_value_loss: 1.521, min_value_loss: 0.000
	weight: 0.444, max_weight: 0.700, min_weight: 0.300
	v: 83.836, max_v: 93.501, min_v: -3.547
	q1: 83.544, max_q1: 92.446, min_q1: -5.251
	q2: 83.578, max_q2: 93.194, min_q2: -5.054
	target_q: 83.902, max_target_q: 95.101, min_target_q: -2.804

2023-02-22 08:40:55 - 
[#Step 60000] eval_reward: 0.995, eval_time: 5.484, time: 5.410
	critic_loss: 1.154, max_critic_loss: 38.258, min_critic_loss: 0.001
	actor_loss: -86.347, max_actor_loss: 2.071, min_actor_loss: -95.704
	value_loss: 0.123, max_value_loss: 2.389, min_value_loss: 0.000
	weight: 0.408, max_weight: 0.700, min_weight: 0.300
	v: 85.900, max_v: 95.300, min_v: -2.165
	q1: 85.955, max_q1: 95.281, min_q1: -2.047
	q2: 85.971, max_q2: 95.242, min_q2: -2.124
	target_q: 86.000, max_target_q: 96.381, min_target_q: -3.530

2023-02-22 08:41:35 - 
[#Step 70000] eval_reward: 1.321, eval_time: 5.457, time: 6.074
	critic_loss: 2.123, max_critic_loss: 27.014, min_critic_loss: 0.004
	actor_loss: -87.864, max_actor_loss: 3.454, min_actor_loss: -95.530
	value_loss: 0.110, max_value_loss: 2.433, min_value_loss: 0.000
	weight: 0.423, max_weight: 0.700, min_weight: 0.300
	v: 87.081, max_v: 95.085, min_v: -3.224
	q1: 87.342, max_q1: 94.725, min_q1: -3.725
	q2: 87.387, max_q2: 95.053, min_q2: -2.414
	target_q: 86.795, max_target_q: 94.739, min_target_q: -3.168

2023-02-22 08:42:15 - 
[#Step 80000] eval_reward: 3.775, eval_time: 5.961, time: 6.743
	critic_loss: 2.026, max_critic_loss: 179.904, min_critic_loss: 0.001
	actor_loss: -87.901, max_actor_loss: 6.623, min_actor_loss: -96.845
	value_loss: 0.123, max_value_loss: 2.479, min_value_loss: 0.000
	weight: 0.400, max_weight: 0.700, min_weight: 0.300
	v: 87.876, max_v: 96.922, min_v: -4.616
	q1: 87.450, max_q1: 96.469, min_q1: -6.125
	q2: 87.437, max_q2: 96.914, min_q2: -5.479
	target_q: 87.655, max_target_q: 97.012, min_target_q: -4.330

2023-02-22 08:42:55 - 
[#Step 90000] eval_reward: 4.694, eval_time: 5.546, time: 7.405
	critic_loss: 1.118, max_critic_loss: 19.441, min_critic_loss: 0.001
	actor_loss: -89.057, max_actor_loss: 4.614, min_actor_loss: -95.685
	value_loss: 0.074, max_value_loss: 0.955, min_value_loss: 0.000
	weight: 0.394, max_weight: 0.700, min_weight: 0.300
	v: 88.604, max_v: 95.302, min_v: -4.846
	q1: 88.613, max_q1: 95.835, min_q1: -3.904
	q2: 88.542, max_q2: 95.194, min_q2: -4.944
	target_q: 88.620, max_target_q: 95.905, min_target_q: -3.913

2023-02-22 08:43:29 - Saving checkpoint at step: 20
2023-02-22 08:43:29 - Saved checkpoint at saved_models/halfcheetah-medium-v2/COMFO6_s1_20230222_083530/actor_20
2023-02-22 08:43:29 - Saving checkpoint at step: 20
2023-02-22 08:43:29 - Saved checkpoint at saved_models/halfcheetah-medium-v2/COMFO6_s1_20230222_083530/critic_20
2023-02-22 08:43:29 - Saving checkpoint at step: 20
2023-02-22 08:43:29 - Saved checkpoint at saved_models/halfcheetah-medium-v2/COMFO6_s1_20230222_083530/value_20
2023-02-22 08:43:35 - 
[#Step 100000] eval_reward: 26.758, eval_time: 5.824, time: 8.073
	critic_loss: 0.991, max_critic_loss: 13.676, min_critic_loss: 0.000
	actor_loss: -88.408, max_actor_loss: 4.707, min_actor_loss: -96.385
	value_loss: 0.112, max_value_loss: 4.342, min_value_loss: 0.000
	weight: 0.458, max_weight: 0.700, min_weight: 0.300
	v: 87.810, max_v: 95.345, min_v: -2.990
	q1: 87.914, max_q1: 95.793, min_q1: -3.900
	q2: 87.983, max_q2: 95.919, min_q2: -3.389
	target_q: 87.769, max_target_q: 95.564, min_target_q: -3.614

2023-02-22 08:44:14 - 
[#Step 110000] eval_reward: 42.232, eval_time: 5.450, time: 8.735
	critic_loss: 1.054, max_critic_loss: 27.537, min_critic_loss: 0.001
	actor_loss: -88.679, max_actor_loss: 3.824, min_actor_loss: -96.966
	value_loss: 0.077, max_value_loss: 1.839, min_value_loss: 0.000
	weight: 0.402, max_weight: 0.700, min_weight: 0.300
	v: 88.303, max_v: 96.191, min_v: 0.031
	q1: 88.210, max_q1: 96.382, min_q1: -3.381
	q2: 88.185, max_q2: 96.490, min_q2: -3.805
	target_q: 88.205, max_target_q: 96.751, min_target_q: -0.295

2023-02-22 08:44:54 - 
[#Step 120000] eval_reward: 47.013, eval_time: 5.627, time: 9.399
	critic_loss: 1.144, max_critic_loss: 58.737, min_critic_loss: 0.001
	actor_loss: -89.204, max_actor_loss: 2.032, min_actor_loss: -96.447
	value_loss: 0.072, max_value_loss: 1.105, min_value_loss: 0.000
	weight: 0.477, max_weight: 0.700, min_weight: 0.300
	v: 88.684, max_v: 95.822, min_v: -1.253
	q1: 88.644, max_q1: 96.182, min_q1: -1.548
	q2: 88.729, max_q2: 96.313, min_q2: -0.604
	target_q: 88.840, max_target_q: 96.752, min_target_q: -4.431

2023-02-22 08:45:34 - 
[#Step 130000] eval_reward: 51.418, eval_time: 5.674, time: 10.065
	critic_loss: 1.591, max_critic_loss: 64.911, min_critic_loss: 0.001
	actor_loss: -88.525, max_actor_loss: 1.458, min_actor_loss: -97.291
	value_loss: 0.083, max_value_loss: 1.403, min_value_loss: 0.000
	weight: 0.495, max_weight: 0.700, min_weight: 0.300
	v: 87.830, max_v: 96.401, min_v: -1.404
	q1: 88.063, max_q1: 96.704, min_q1: -1.078
	q2: 88.052, max_q2: 96.880, min_q2: -1.782
	target_q: 87.717, max_target_q: 96.796, min_target_q: -0.762

2023-02-22 08:46:14 - 
[#Step 140000] eval_reward: 48.166, eval_time: 5.597, time: 10.731
	critic_loss: 1.170, max_critic_loss: 31.685, min_critic_loss: 0.001
	actor_loss: -89.438, max_actor_loss: -0.570, min_actor_loss: -96.123
	value_loss: 0.094, max_value_loss: 2.027, min_value_loss: 0.000
	weight: 0.445, max_weight: 0.700, min_weight: 0.300
	v: 88.897, max_v: 95.494, min_v: -0.544
	q1: 88.957, max_q1: 95.809, min_q1: 0.629
	q2: 88.907, max_q2: 95.555, min_q2: 1.481
	target_q: 88.863, max_target_q: 95.844, min_target_q: 0.150

2023-02-22 08:46:54 - 
[#Step 150000] eval_reward: 51.502, eval_time: 5.678, time: 11.396
	critic_loss: 1.386, max_critic_loss: 37.380, min_critic_loss: 0.002
	actor_loss: -88.663, max_actor_loss: 2.616, min_actor_loss: -97.895
	value_loss: 0.092, max_value_loss: 1.905, min_value_loss: 0.000
	weight: 0.442, max_weight: 0.700, min_weight: 0.300
	v: 88.327, max_v: 98.022, min_v: -1.198
	q1: 88.165, max_q1: 97.108, min_q1: -2.430
	q2: 88.099, max_q2: 97.477, min_q2: -1.784
	target_q: 88.339, max_target_q: 98.509, min_target_q: -1.686

2023-02-22 08:47:34 - 
[#Step 160000] eval_reward: 53.098, eval_time: 5.568, time: 12.062
	critic_loss: 1.142, max_critic_loss: 13.890, min_critic_loss: 0.001
	actor_loss: -89.642, max_actor_loss: 2.642, min_actor_loss: -97.017
	value_loss: 0.082, max_value_loss: 1.823, min_value_loss: 0.000
	weight: 0.464, max_weight: 0.700, min_weight: 0.300
	v: 88.954, max_v: 96.003, min_v: -0.732
	q1: 89.049, max_q1: 96.171, min_q1: -1.797
	q2: 89.114, max_q2: 96.202, min_q2: -0.246
	target_q: 88.853, max_target_q: 95.976, min_target_q: -1.184

2023-02-22 08:48:14 - 
[#Step 170000] eval_reward: 50.811, eval_time: 5.645, time: 12.726
	critic_loss: 1.230, max_critic_loss: 44.167, min_critic_loss: 0.001
	actor_loss: -89.964, max_actor_loss: -0.089, min_actor_loss: -98.489
	value_loss: 0.071, max_value_loss: 1.080, min_value_loss: 0.000
	weight: 0.408, max_weight: 0.700, min_weight: 0.300
	v: 89.674, max_v: 97.867, min_v: -0.284
	q1: 89.434, max_q1: 97.809, min_q1: -0.801
	q2: 89.487, max_q2: 98.043, min_q2: 0.187
	target_q: 89.737, max_target_q: 97.754, min_target_q: -1.206

2023-02-22 08:48:54 - 
[#Step 180000] eval_reward: 54.300, eval_time: 5.503, time: 13.391
	critic_loss: 1.084, max_critic_loss: 28.817, min_critic_loss: 0.001
	actor_loss: -89.463, max_actor_loss: 2.211, min_actor_loss: -96.885
	value_loss: 0.100, max_value_loss: 8.168, min_value_loss: 0.000
	weight: 0.397, max_weight: 0.700, min_weight: 0.300
	v: 89.041, max_v: 95.826, min_v: -0.318
	q1: 88.880, max_q1: 96.168, min_q1: -1.032
	q2: 88.834, max_q2: 96.292, min_q2: -1.269
	target_q: 89.084, max_target_q: 96.280, min_target_q: -0.015

2023-02-22 08:49:33 - 
[#Step 190000] eval_reward: 52.770, eval_time: 5.410, time: 14.054
	critic_loss: 1.235, max_critic_loss: 70.996, min_critic_loss: 0.001
	actor_loss: -89.561, max_actor_loss: 1.366, min_actor_loss: -97.772
	value_loss: 0.083, max_value_loss: 2.604, min_value_loss: 0.000
	weight: 0.475, max_weight: 0.700, min_weight: 0.300
	v: 89.200, max_v: 96.400, min_v: 0.525
	q1: 89.072, max_q1: 96.267, min_q1: 0.216
	q2: 89.062, max_q2: 96.361, min_q2: -1.062
	target_q: 89.303, max_target_q: 96.769, min_target_q: 1.268

2023-02-22 08:50:08 - Saving checkpoint at step: 40
2023-02-22 08:50:08 - Saved checkpoint at saved_models/halfcheetah-medium-v2/COMFO6_s1_20230222_083530/actor_40
2023-02-22 08:50:08 - Saving checkpoint at step: 40
2023-02-22 08:50:08 - Saved checkpoint at saved_models/halfcheetah-medium-v2/COMFO6_s1_20230222_083530/critic_40
2023-02-22 08:50:08 - Saving checkpoint at step: 40
2023-02-22 08:50:08 - Saved checkpoint at saved_models/halfcheetah-medium-v2/COMFO6_s1_20230222_083530/value_40
2023-02-22 08:50:13 - 
[#Step 200000] eval_reward: 54.239, eval_time: 5.409, time: 14.720
	critic_loss: 0.673, max_critic_loss: 14.276, min_critic_loss: 0.003
	actor_loss: -90.437, max_actor_loss: -68.693, min_actor_loss: -97.516
	value_loss: 0.096, max_value_loss: 1.739, min_value_loss: 0.000
	weight: 0.431, max_weight: 0.700, min_weight: 0.300
	v: 89.994, max_v: 97.270, min_v: 68.450
	q1: 89.921, max_q1: 97.284, min_q1: 67.735
	q2: 89.986, max_q2: 96.969, min_q2: 67.667
	target_q: 89.961, max_target_q: 97.459, min_target_q: 68.025

2023-02-22 08:50:53 - 
[#Step 210000] eval_reward: 53.808, eval_time: 5.434, time: 15.386
	critic_loss: 1.154, max_critic_loss: 80.939, min_critic_loss: 0.000
	actor_loss: -90.585, max_actor_loss: -1.051, min_actor_loss: -98.156
	value_loss: 0.077, max_value_loss: 1.315, min_value_loss: 0.000
	weight: 0.430, max_weight: 0.700, min_weight: 0.300
	v: 89.899, max_v: 97.106, min_v: 1.395
	q1: 89.922, max_q1: 97.136, min_q1: 0.917
	q2: 90.006, max_q2: 97.152, min_q2: 1.731
	target_q: 89.798, max_target_q: 97.144, min_target_q: 1.141

2023-02-22 08:51:33 - 
[#Step 220000] eval_reward: 53.609, eval_time: 5.427, time: 16.051
	critic_loss: 0.905, max_critic_loss: 13.144, min_critic_loss: 0.003
	actor_loss: -90.723, max_actor_loss: -71.654, min_actor_loss: -97.747
	value_loss: 0.078, max_value_loss: 1.474, min_value_loss: 0.000
	weight: 0.519, max_weight: 0.700, min_weight: 0.300
	v: 89.904, max_v: 96.752, min_v: 70.527
	q1: 90.287, max_q1: 97.623, min_q1: 71.201
	q2: 90.216, max_q2: 97.224, min_q2: 71.167
	target_q: 89.928, max_target_q: 96.787, min_target_q: 70.782

2023-02-22 08:52:13 - 
[#Step 230000] eval_reward: 54.608, eval_time: 5.475, time: 16.717
	critic_loss: 0.845, max_critic_loss: 27.110, min_critic_loss: 0.001
	actor_loss: -90.342, max_actor_loss: -1.406, min_actor_loss: -98.209
	value_loss: 0.116, max_value_loss: 9.314, min_value_loss: 0.000
	weight: 0.467, max_weight: 0.700, min_weight: 0.300
	v: 89.683, max_v: 97.380, min_v: 2.768
	q1: 89.708, max_q1: 97.607, min_q1: 2.312
	q2: 89.746, max_q2: 97.858, min_q2: 2.004
	target_q: 89.646, max_target_q: 97.022, min_target_q: 2.354

2023-02-22 08:52:53 - 
[#Step 240000] eval_reward: 53.460, eval_time: 5.359, time: 17.379
	critic_loss: 0.833, max_critic_loss: 9.476, min_critic_loss: 0.001
	actor_loss: -90.631, max_actor_loss: -10.584, min_actor_loss: -98.135
	value_loss: 0.089, max_value_loss: 3.628, min_value_loss: 0.000
	weight: 0.441, max_weight: 0.700, min_weight: 0.300
	v: 89.908, max_v: 96.499, min_v: 9.180
	q1: 90.003, max_q1: 97.190, min_q1: 9.910
	q2: 90.105, max_q2: 97.300, min_q2: 9.955
	target_q: 89.890, max_target_q: 96.651, min_target_q: 8.181

2023-02-22 08:53:33 - 
[#Step 250000] eval_reward: 55.745, eval_time: 5.415, time: 18.040
	critic_loss: 1.259, max_critic_loss: 41.421, min_critic_loss: 0.001
	actor_loss: -89.824, max_actor_loss: -0.304, min_actor_loss: -97.144
	value_loss: 0.113, max_value_loss: 6.907, min_value_loss: 0.000
	weight: 0.398, max_weight: 0.700, min_weight: 0.300
	v: 89.354, max_v: 96.727, min_v: -0.176
	q1: 89.167, max_q1: 96.151, min_q1: 0.238
	q2: 89.188, max_q2: 96.410, min_q2: -0.741
	target_q: 89.429, max_target_q: 96.668, min_target_q: 0.873

2023-02-22 08:54:12 - 
[#Step 260000] eval_reward: 56.005, eval_time: 5.366, time: 18.702
	critic_loss: 1.446, max_critic_loss: 22.742, min_critic_loss: 0.000
	actor_loss: -90.235, max_actor_loss: -0.342, min_actor_loss: -98.334
	value_loss: 0.106, max_value_loss: 2.196, min_value_loss: 0.000
	weight: 0.491, max_weight: 0.700, min_weight: 0.300
	v: 89.485, max_v: 97.594, min_v: 0.936
	q1: 89.729, max_q1: 98.260, min_q1: 0.169
	q2: 89.702, max_q2: 98.115, min_q2: 0.279
	target_q: 89.357, max_target_q: 97.730, min_target_q: 1.138

2023-02-22 08:54:52 - 
[#Step 270000] eval_reward: 54.666, eval_time: 5.535, time: 19.367
	critic_loss: 0.775, max_critic_loss: 18.850, min_critic_loss: 0.000
	actor_loss: -89.893, max_actor_loss: 0.158, min_actor_loss: -97.632
	value_loss: 0.079, max_value_loss: 2.245, min_value_loss: 0.000
	weight: 0.403, max_weight: 0.700, min_weight: 0.300
	v: 89.622, max_v: 97.688, min_v: 1.058
	q1: 89.268, max_q1: 96.705, min_q1: 0.441
	q2: 89.354, max_q2: 97.093, min_q2: 0.688
	target_q: 89.434, max_target_q: 96.584, min_target_q: 0.700

2023-02-22 08:55:32 - 
[#Step 280000] eval_reward: 55.601, eval_time: 5.303, time: 20.031
	critic_loss: 1.240, max_critic_loss: 85.006, min_critic_loss: 0.000
	actor_loss: -89.819, max_actor_loss: 1.365, min_actor_loss: -99.461
	value_loss: 0.080, max_value_loss: 2.934, min_value_loss: 0.000
	weight: 0.445, max_weight: 0.700, min_weight: 0.300
	v: 89.176, max_v: 98.118, min_v: 2.238
	q1: 89.250, max_q1: 98.744, min_q1: 0.075
	q2: 89.301, max_q2: 98.527, min_q2: -0.926
	target_q: 89.120, max_target_q: 97.776, min_target_q: 1.100

2023-02-22 08:56:12 - 
[#Step 290000] eval_reward: 55.354, eval_time: 5.456, time: 20.698
	critic_loss: 1.345, max_critic_loss: 66.878, min_critic_loss: 0.004
	actor_loss: -90.182, max_actor_loss: -67.636, min_actor_loss: -96.827
	value_loss: 0.062, max_value_loss: 1.070, min_value_loss: 0.000
	weight: 0.450, max_weight: 0.700, min_weight: 0.300
	v: 89.991, max_v: 96.865, min_v: 68.457
	q1: 89.560, max_q1: 96.650, min_q1: 66.790
	q2: 89.598, max_q2: 96.453, min_q2: 66.770
	target_q: 89.993, max_target_q: 96.569, min_target_q: 66.954

2023-02-22 08:56:47 - Saving checkpoint at step: 60
2023-02-22 08:56:47 - Saved checkpoint at saved_models/halfcheetah-medium-v2/COMFO6_s1_20230222_083530/actor_60
2023-02-22 08:56:47 - Saving checkpoint at step: 60
2023-02-22 08:56:47 - Saved checkpoint at saved_models/halfcheetah-medium-v2/COMFO6_s1_20230222_083530/critic_60
2023-02-22 08:56:47 - Saving checkpoint at step: 60
2023-02-22 08:56:47 - Saved checkpoint at saved_models/halfcheetah-medium-v2/COMFO6_s1_20230222_083530/value_60
2023-02-22 08:56:52 - 
[#Step 300000] eval_reward: 55.560, eval_time: 5.398, time: 21.365
	critic_loss: 1.199, max_critic_loss: 46.446, min_critic_loss: 0.000
	actor_loss: -89.587, max_actor_loss: -0.431, min_actor_loss: -96.906
	value_loss: 0.063, max_value_loss: 1.454, min_value_loss: 0.000
	weight: 0.422, max_weight: 0.700, min_weight: 0.300
	v: 89.199, max_v: 96.098, min_v: 2.312
	q1: 88.985, max_q1: 96.211, min_q1: 1.411
	q2: 89.042, max_q2: 96.068, min_q2: 1.463
	target_q: 89.062, max_target_q: 96.200, min_target_q: 1.276

2023-02-22 08:57:32 - 
[#Step 310000] eval_reward: 55.195, eval_time: 5.317, time: 22.028
	critic_loss: 1.131, max_critic_loss: 72.199, min_critic_loss: 0.000
	actor_loss: -89.809, max_actor_loss: -3.569, min_actor_loss: -97.214
	value_loss: 0.071, max_value_loss: 1.781, min_value_loss: 0.000
	weight: 0.417, max_weight: 0.700, min_weight: 0.300
	v: 89.490, max_v: 97.025, min_v: 2.898
	q1: 89.280, max_q1: 96.632, min_q1: 3.628
	q2: 89.225, max_q2: 96.797, min_q2: 4.022
	target_q: 89.409, max_target_q: 96.741, min_target_q: 3.082

2023-02-22 08:58:12 - 
[#Step 320000] eval_reward: 54.528, eval_time: 5.412, time: 22.697
	critic_loss: 0.993, max_critic_loss: 47.286, min_critic_loss: 0.000
	actor_loss: -90.584, max_actor_loss: -64.122, min_actor_loss: -97.485
	value_loss: 0.093, max_value_loss: 1.279, min_value_loss: 0.000
	weight: 0.431, max_weight: 0.700, min_weight: 0.300
	v: 90.102, max_v: 96.651, min_v: 64.186
	q1: 90.037, max_q1: 96.730, min_q1: 64.762
	q2: 90.024, max_q2: 96.610, min_q2: 63.586
	target_q: 90.055, max_target_q: 96.805, min_target_q: 61.612

2023-02-22 08:58:52 - 
[#Step 330000] eval_reward: 54.807, eval_time: 5.381, time: 23.361
	critic_loss: 1.185, max_critic_loss: 105.117, min_critic_loss: 0.001
	actor_loss: -90.193, max_actor_loss: -1.736, min_actor_loss: -97.300
	value_loss: 0.057, max_value_loss: 1.062, min_value_loss: 0.000
	weight: 0.442, max_weight: 0.700, min_weight: 0.300
	v: 89.834, max_v: 96.890, min_v: 3.682
	q1: 89.632, max_q1: 96.817, min_q1: 1.784
	q2: 89.621, max_q2: 97.135, min_q2: 2.438
	target_q: 89.777, max_target_q: 96.986, min_target_q: 3.779

2023-02-22 08:59:32 - 
[#Step 340000] eval_reward: 55.136, eval_time: 5.380, time: 24.028
	critic_loss: 1.211, max_critic_loss: 62.214, min_critic_loss: 0.001
	actor_loss: -89.949, max_actor_loss: -3.840, min_actor_loss: -96.459
	value_loss: 0.087, max_value_loss: 2.253, min_value_loss: 0.000
	weight: 0.466, max_weight: 0.700, min_weight: 0.300
	v: 89.576, max_v: 96.226, min_v: 3.565
	q1: 89.489, max_q1: 96.074, min_q1: 3.867
	q2: 89.382, max_q2: 95.943, min_q2: 3.733
	target_q: 89.636, max_target_q: 96.467, min_target_q: 3.133

2023-02-22 09:00:12 - 
[#Step 350000] eval_reward: 55.508, eval_time: 5.330, time: 24.695
	critic_loss: 1.097, max_critic_loss: 22.666, min_critic_loss: 0.002
	actor_loss: -90.342, max_actor_loss: -68.829, min_actor_loss: -97.872
	value_loss: 0.076, max_value_loss: 2.364, min_value_loss: 0.000
	weight: 0.448, max_weight: 0.700, min_weight: 0.300
	v: 90.018, max_v: 97.770, min_v: 69.916
	q1: 89.741, max_q1: 98.028, min_q1: 70.222
	q2: 89.757, max_q2: 98.289, min_q2: 69.661
	target_q: 90.090, max_target_q: 98.374, min_target_q: 70.338

2023-02-22 09:00:52 - 
[#Step 360000] eval_reward: 55.551, eval_time: 5.389, time: 25.360
	critic_loss: 0.561, max_critic_loss: 6.447, min_critic_loss: 0.000
	actor_loss: -90.835, max_actor_loss: -69.962, min_actor_loss: -98.710
	value_loss: 0.110, max_value_loss: 2.487, min_value_loss: 0.000
	weight: 0.403, max_weight: 0.700, min_weight: 0.300
	v: 90.315, max_v: 98.131, min_v: 69.908
	q1: 90.273, max_q1: 98.179, min_q1: 69.591
	q2: 90.296, max_q2: 98.054, min_q2: 70.330
	target_q: 90.298, max_target_q: 98.080, min_target_q: 70.283

2023-02-22 09:01:32 - 
[#Step 370000] eval_reward: 55.645, eval_time: 5.414, time: 26.030
	critic_loss: 1.048, max_critic_loss: 58.888, min_critic_loss: 0.001
	actor_loss: -90.499, max_actor_loss: -3.727, min_actor_loss: -98.842
	value_loss: 0.080, max_value_loss: 1.474, min_value_loss: 0.000
	weight: 0.470, max_weight: 0.700, min_weight: 0.300
	v: 89.747, max_v: 97.628, min_v: 4.643
	q1: 89.939, max_q1: 97.969, min_q1: 6.249
	q2: 89.906, max_q2: 98.181, min_q2: 6.037
	target_q: 89.797, max_target_q: 98.051, min_target_q: 3.921

2023-02-22 09:02:12 - 
[#Step 380000] eval_reward: 54.933, eval_time: 5.366, time: 26.694
	critic_loss: 0.824, max_critic_loss: 9.821, min_critic_loss: 0.000
	actor_loss: -89.822, max_actor_loss: -4.313, min_actor_loss: -96.073
	value_loss: 0.086, max_value_loss: 2.530, min_value_loss: 0.000
	weight: 0.448, max_weight: 0.700, min_weight: 0.300
	v: 89.447, max_v: 95.909, min_v: 4.227
	q1: 89.244, max_q1: 95.590, min_q1: 4.605
	q2: 89.191, max_q2: 95.812, min_q2: 5.118
	target_q: 89.468, max_target_q: 95.769, min_target_q: 4.270

2023-02-22 09:02:52 - 
[#Step 390000] eval_reward: 55.270, eval_time: 5.458, time: 27.362
	critic_loss: 0.931, max_critic_loss: 19.868, min_critic_loss: 0.001
	actor_loss: -90.252, max_actor_loss: -51.799, min_actor_loss: -97.061
	value_loss: 0.098, max_value_loss: 1.557, min_value_loss: 0.000
	weight: 0.441, max_weight: 0.700, min_weight: 0.300
	v: 89.545, max_v: 96.448, min_v: 50.124
	q1: 89.616, max_q1: 96.646, min_q1: 51.246
	q2: 89.634, max_q2: 96.267, min_q2: 48.636
	target_q: 89.528, max_target_q: 96.878, min_target_q: 47.072

2023-02-22 09:03:26 - Saving checkpoint at step: 80
2023-02-22 09:03:26 - Saved checkpoint at saved_models/halfcheetah-medium-v2/COMFO6_s1_20230222_083530/actor_80
2023-02-22 09:03:26 - Saving checkpoint at step: 80
2023-02-22 09:03:26 - Saved checkpoint at saved_models/halfcheetah-medium-v2/COMFO6_s1_20230222_083530/critic_80
2023-02-22 09:03:26 - Saving checkpoint at step: 80
2023-02-22 09:03:26 - Saved checkpoint at saved_models/halfcheetah-medium-v2/COMFO6_s1_20230222_083530/value_80
2023-02-22 09:03:32 - 
[#Step 400000] eval_reward: 55.523, eval_time: 5.814, time: 28.028
	critic_loss: 1.125, max_critic_loss: 119.116, min_critic_loss: 0.001
	actor_loss: -90.026, max_actor_loss: -2.689, min_actor_loss: -98.919
	value_loss: 0.131, max_value_loss: 9.993, min_value_loss: 0.000
	weight: 0.486, max_weight: 0.700, min_weight: 0.300
	v: 89.366, max_v: 98.322, min_v: 3.667
	q1: 89.394, max_q1: 98.506, min_q1: 3.317
	q2: 89.399, max_q2: 97.765, min_q2: 3.219
	target_q: 89.345, max_target_q: 97.744, min_target_q: 3.683

2023-02-22 09:04:12 - 
[#Step 410000] eval_reward: 55.972, eval_time: 5.483, time: 28.692
	critic_loss: 0.682, max_critic_loss: 9.876, min_critic_loss: 0.000
	actor_loss: -90.486, max_actor_loss: -3.153, min_actor_loss: -97.290
	value_loss: 0.083, max_value_loss: 1.241, min_value_loss: 0.000
	weight: 0.419, max_weight: 0.700, min_weight: 0.300
	v: 89.783, max_v: 97.257, min_v: 5.438
	q1: 89.827, max_q1: 97.129, min_q1: 3.733
	q2: 89.801, max_q2: 96.771, min_q2: 2.672
	target_q: 89.662, max_target_q: 96.586, min_target_q: 5.361

2023-02-22 09:04:52 - 
[#Step 420000] eval_reward: 54.620, eval_time: 5.896, time: 29.359
	critic_loss: 0.999, max_critic_loss: 21.552, min_critic_loss: 0.000
	actor_loss: -89.566, max_actor_loss: -4.109, min_actor_loss: -97.841
	value_loss: 0.141, max_value_loss: 17.034, min_value_loss: 0.000
	weight: 0.406, max_weight: 0.700, min_weight: 0.300
	v: 89.110, max_v: 97.531, min_v: 2.444
	q1: 89.011, max_q1: 97.800, min_q1: 4.118
	q2: 88.978, max_q2: 97.785, min_q2: 4.359
	target_q: 88.932, max_target_q: 97.213, min_target_q: 2.416

2023-02-22 09:05:32 - 
[#Step 430000] eval_reward: 55.904, eval_time: 5.515, time: 30.023
	critic_loss: 0.944, max_critic_loss: 16.352, min_critic_loss: 0.001
	actor_loss: -90.436, max_actor_loss: -48.203, min_actor_loss: -97.328
	value_loss: 0.093, max_value_loss: 1.969, min_value_loss: 0.000
	weight: 0.484, max_weight: 0.700, min_weight: 0.300
	v: 89.994, max_v: 96.516, min_v: 47.402
	q1: 89.925, max_q1: 96.722, min_q1: 46.162
	q2: 89.880, max_q2: 96.550, min_q2: 47.562
	target_q: 89.961, max_target_q: 96.443, min_target_q: 47.365

2023-02-22 09:06:11 - 
[#Step 440000] eval_reward: 54.862, eval_time: 5.464, time: 30.684
	critic_loss: 0.848, max_critic_loss: 45.126, min_critic_loss: 0.003
	actor_loss: -89.435, max_actor_loss: -5.212, min_actor_loss: -97.940
	value_loss: 0.068, max_value_loss: 1.049, min_value_loss: 0.000
	weight: 0.417, max_weight: 0.700, min_weight: 0.300
	v: 88.996, max_v: 96.651, min_v: 5.297
	q1: 88.842, max_q1: 96.758, min_q1: 5.253
	q2: 88.845, max_q2: 96.886, min_q2: 5.796
	target_q: 88.961, max_target_q: 97.235, min_target_q: 4.343

2023-02-22 09:06:51 - 
[#Step 450000] eval_reward: 55.180, eval_time: 5.651, time: 31.347
	critic_loss: 0.605, max_critic_loss: 8.868, min_critic_loss: 0.003
	actor_loss: -89.939, max_actor_loss: -3.365, min_actor_loss: -97.364
	value_loss: 0.081, max_value_loss: 2.012, min_value_loss: 0.000
	weight: 0.466, max_weight: 0.700, min_weight: 0.300
	v: 89.353, max_v: 96.642, min_v: 4.408
	q1: 89.318, max_q1: 96.984, min_q1: 3.790
	q2: 89.390, max_q2: 96.929, min_q2: 3.954
	target_q: 89.340, max_target_q: 97.008, min_target_q: 4.824

2023-02-22 09:07:31 - 
[#Step 460000] eval_reward: 55.986, eval_time: 5.680, time: 32.013
	critic_loss: 0.905, max_critic_loss: 20.634, min_critic_loss: 0.001
	actor_loss: -89.919, max_actor_loss: -3.216, min_actor_loss: -96.334
	value_loss: 0.198, max_value_loss: 25.260, min_value_loss: 0.000
	weight: 0.458, max_weight: 0.700, min_weight: 0.300
	v: 89.418, max_v: 95.718, min_v: 3.128
	q1: 89.286, max_q1: 95.869, min_q1: 3.479
	q2: 89.324, max_q2: 95.969, min_q2: 3.476
	target_q: 89.354, max_target_q: 96.567, min_target_q: 2.867

2023-02-22 09:08:11 - 
[#Step 470000] eval_reward: 54.729, eval_time: 5.680, time: 32.679
	critic_loss: 1.003, max_critic_loss: 31.545, min_critic_loss: 0.002
	actor_loss: -90.077, max_actor_loss: -3.742, min_actor_loss: -96.966
	value_loss: 0.092, max_value_loss: 2.695, min_value_loss: 0.000
	weight: 0.469, max_weight: 0.700, min_weight: 0.300
	v: 89.245, max_v: 96.593, min_v: 4.299
	q1: 89.453, max_q1: 96.796, min_q1: 4.424
	q2: 89.462, max_q2: 96.861, min_q2: 4.603
	target_q: 89.191, max_target_q: 96.355, min_target_q: 4.884

2023-02-22 09:08:51 - 
[#Step 480000] eval_reward: 56.076, eval_time: 5.651, time: 33.345
	critic_loss: 0.935, max_critic_loss: 15.702, min_critic_loss: 0.001
	actor_loss: -90.251, max_actor_loss: -6.844, min_actor_loss: -96.803
	value_loss: 0.066, max_value_loss: 1.252, min_value_loss: 0.000
	weight: 0.439, max_weight: 0.700, min_weight: 0.300
	v: 89.929, max_v: 97.000, min_v: 7.025
	q1: 89.704, max_q1: 96.507, min_q1: 7.454
	q2: 89.631, max_q2: 96.553, min_q2: 7.456
	target_q: 90.010, max_target_q: 97.070, min_target_q: 7.353

2023-02-22 09:09:31 - 
[#Step 490000] eval_reward: 55.225, eval_time: 5.484, time: 34.004
	critic_loss: 1.217, max_critic_loss: 26.380, min_critic_loss: 0.000
	actor_loss: -89.277, max_actor_loss: -5.499, min_actor_loss: -96.763
	value_loss: 0.139, max_value_loss: 2.437, min_value_loss: 0.000
	weight: 0.567, max_weight: 0.700, min_weight: 0.300
	v: 88.577, max_v: 97.075, min_v: 4.495
	q1: 88.596, max_q1: 96.658, min_q1: 6.150
	q2: 88.658, max_q2: 96.477, min_q2: 6.247
	target_q: 88.950, max_target_q: 97.042, min_target_q: 5.626

2023-02-22 09:10:05 - Saving checkpoint at step: 100
2023-02-22 09:10:05 - Saved checkpoint at saved_models/halfcheetah-medium-v2/COMFO6_s1_20230222_083530/actor_100
2023-02-22 09:10:05 - Saving checkpoint at step: 100
2023-02-22 09:10:05 - Saved checkpoint at saved_models/halfcheetah-medium-v2/COMFO6_s1_20230222_083530/critic_100
2023-02-22 09:10:05 - Saving checkpoint at step: 100
2023-02-22 09:10:05 - Saved checkpoint at saved_models/halfcheetah-medium-v2/COMFO6_s1_20230222_083530/value_100
2023-02-22 09:10:10 - 
[#Step 500000] eval_reward: 56.243, eval_time: 5.445, time: 34.667
	critic_loss: 0.573, max_critic_loss: 8.422, min_critic_loss: 0.000
	actor_loss: -89.395, max_actor_loss: -3.368, min_actor_loss: -97.440
	value_loss: 0.268, max_value_loss: 45.417, min_value_loss: 0.000
	weight: 0.484, max_weight: 0.700, min_weight: 0.300
	v: 88.759, max_v: 97.065, min_v: 4.008
	q1: 88.777, max_q1: 97.236, min_q1: 4.598
	q2: 88.752, max_q2: 96.842, min_q2: 3.988
	target_q: 88.697, max_target_q: 96.924, min_target_q: 2.978

2023-02-22 09:10:50 - 
[#Step 510000] eval_reward: 56.734, eval_time: 5.512, time: 35.333
	critic_loss: 0.753, max_critic_loss: 24.372, min_critic_loss: 0.007
	actor_loss: -90.924, max_actor_loss: -72.834, min_actor_loss: -96.905
	value_loss: 0.063, max_value_loss: 1.641, min_value_loss: 0.000
	weight: 0.489, max_weight: 0.700, min_weight: 0.300
	v: 90.322, max_v: 96.429, min_v: 73.299
	q1: 90.279, max_q1: 96.434, min_q1: 72.526
	q2: 90.324, max_q2: 96.063, min_q2: 72.771
	target_q: 90.403, max_target_q: 97.514, min_target_q: 73.586

2023-02-22 09:11:30 - 
[#Step 520000] eval_reward: 56.361, eval_time: 5.438, time: 35.995
	critic_loss: 1.299, max_critic_loss: 145.663, min_critic_loss: 0.000
	actor_loss: -90.194, max_actor_loss: -3.566, min_actor_loss: -97.931
	value_loss: 0.127, max_value_loss: 5.863, min_value_loss: 0.000
	weight: 0.448, max_weight: 0.700, min_weight: 0.300
	v: 89.544, max_v: 97.444, min_v: 4.395
	q1: 89.491, max_q1: 97.300, min_q1: 4.808
	q2: 89.438, max_q2: 97.406, min_q2: 3.508
	target_q: 89.433, max_target_q: 97.062, min_target_q: 4.369

2023-02-22 09:12:10 - 
[#Step 530000] eval_reward: 55.898, eval_time: 5.403, time: 36.661
	critic_loss: 1.067, max_critic_loss: 45.303, min_critic_loss: 0.001
	actor_loss: -90.509, max_actor_loss: -66.802, min_actor_loss: -97.377
	value_loss: 0.112, max_value_loss: 5.077, min_value_loss: 0.000
	weight: 0.500, max_weight: 0.700, min_weight: 0.300
	v: 89.652, max_v: 96.488, min_v: 67.219
	q1: 89.810, max_q1: 97.022, min_q1: 66.750
	q2: 89.786, max_q2: 97.129, min_q2: 66.461
	target_q: 89.668, max_target_q: 96.830, min_target_q: 66.261

2023-02-22 09:12:50 - 
[#Step 540000] eval_reward: 56.147, eval_time: 5.350, time: 37.327
	critic_loss: 0.943, max_critic_loss: 26.203, min_critic_loss: 0.000
	actor_loss: -89.612, max_actor_loss: -4.574, min_actor_loss: -97.463
	value_loss: 0.137, max_value_loss: 8.342, min_value_loss: 0.000
	weight: 0.497, max_weight: 0.700, min_weight: 0.300
	v: 89.073, max_v: 96.716, min_v: 6.608
	q1: 88.989, max_q1: 96.644, min_q1: 4.318
	q2: 89.019, max_q2: 96.710, min_q2: 4.887
	target_q: 89.070, max_target_q: 97.075, min_target_q: 7.280

2023-02-22 09:13:30 - 
[#Step 550000] eval_reward: 55.001, eval_time: 5.347, time: 37.991
	critic_loss: 1.852, max_critic_loss: 159.493, min_critic_loss: 0.001
	actor_loss: -89.946, max_actor_loss: -5.240, min_actor_loss: -98.292
	value_loss: 0.085, max_value_loss: 1.307, min_value_loss: 0.000
	weight: 0.464, max_weight: 0.700, min_weight: 0.300
	v: 89.252, max_v: 97.307, min_v: 4.962
	q1: 89.248, max_q1: 97.369, min_q1: 5.610
	q2: 89.237, max_q2: 97.365, min_q2: 5.489
	target_q: 89.125, max_target_q: 97.109, min_target_q: 4.569

2023-02-22 09:14:09 - 
[#Step 560000] eval_reward: 56.970, eval_time: 5.416, time: 38.654
	critic_loss: 0.809, max_critic_loss: 15.365, min_critic_loss: 0.000
	actor_loss: -90.405, max_actor_loss: -69.830, min_actor_loss: -96.717
	value_loss: 0.097, max_value_loss: 1.357, min_value_loss: 0.000
	weight: 0.456, max_weight: 0.700, min_weight: 0.300
	v: 89.647, max_v: 96.883, min_v: 71.011
	q1: 89.810, max_q1: 96.354, min_q1: 70.983
	q2: 89.730, max_q2: 96.460, min_q2: 70.039
	target_q: 89.581, max_target_q: 95.574, min_target_q: 72.043

2023-02-22 09:14:49 - 
[#Step 570000] eval_reward: 55.243, eval_time: 5.407, time: 39.316
	critic_loss: 0.782, max_critic_loss: 18.036, min_critic_loss: 0.002
	actor_loss: -89.811, max_actor_loss: -3.936, min_actor_loss: -96.483
	value_loss: 0.095, max_value_loss: 2.184, min_value_loss: 0.000
	weight: 0.411, max_weight: 0.700, min_weight: 0.300
	v: 89.102, max_v: 95.532, min_v: 5.960
	q1: 89.203, max_q1: 96.044, min_q1: 4.006
	q2: 89.283, max_q2: 96.088, min_q2: 4.398
	target_q: 88.973, max_target_q: 95.702, min_target_q: 6.569

2023-02-22 09:15:29 - 
[#Step 580000] eval_reward: 56.111, eval_time: 5.343, time: 39.977
	critic_loss: 1.009, max_critic_loss: 25.185, min_critic_loss: 0.001
	actor_loss: -89.776, max_actor_loss: -4.220, min_actor_loss: -98.019
	value_loss: 0.079, max_value_loss: 2.638, min_value_loss: 0.000
	weight: 0.464, max_weight: 0.700, min_weight: 0.300
	v: 89.274, max_v: 97.144, min_v: 4.650
	q1: 89.092, max_q1: 96.351, min_q1: 4.594
	q2: 89.209, max_q2: 97.472, min_q2: 4.626
	target_q: 89.368, max_target_q: 96.382, min_target_q: 5.696

2023-02-22 09:16:09 - 
[#Step 590000] eval_reward: 56.938, eval_time: 5.383, time: 40.638
	critic_loss: 1.072, max_critic_loss: 21.464, min_critic_loss: 0.000
	actor_loss: -89.213, max_actor_loss: -2.955, min_actor_loss: -96.826
	value_loss: 0.096, max_value_loss: 2.771, min_value_loss: 0.000
	weight: 0.444, max_weight: 0.700, min_weight: 0.300
	v: 88.873, max_v: 96.774, min_v: 3.798
	q1: 88.630, max_q1: 96.359, min_q1: 3.500
	q2: 88.623, max_q2: 96.631, min_q2: 2.828
	target_q: 89.002, max_target_q: 96.795, min_target_q: 3.584

2023-02-22 09:16:43 - Saving checkpoint at step: 120
2023-02-22 09:16:43 - Saved checkpoint at saved_models/halfcheetah-medium-v2/COMFO6_s1_20230222_083530/actor_120
2023-02-22 09:16:43 - Removing checkpoint at saved_models/halfcheetah-medium-v2/COMFO6_s1_20230222_083530/actor_20
2023-02-22 09:16:43 - Saving checkpoint at step: 120
2023-02-22 09:16:43 - Saved checkpoint at saved_models/halfcheetah-medium-v2/COMFO6_s1_20230222_083530/critic_120
2023-02-22 09:16:43 - Removing checkpoint at saved_models/halfcheetah-medium-v2/COMFO6_s1_20230222_083530/critic_20
2023-02-22 09:16:43 - Saving checkpoint at step: 120
2023-02-22 09:16:43 - Saved checkpoint at saved_models/halfcheetah-medium-v2/COMFO6_s1_20230222_083530/value_120
2023-02-22 09:16:43 - Removing checkpoint at saved_models/halfcheetah-medium-v2/COMFO6_s1_20230222_083530/value_20
2023-02-22 09:16:48 - 
[#Step 600000] eval_reward: 56.480, eval_time: 5.515, time: 41.302
	critic_loss: 0.729, max_critic_loss: 13.210, min_critic_loss: 0.000
	actor_loss: -89.290, max_actor_loss: -4.683, min_actor_loss: -97.529
	value_loss: 0.081, max_value_loss: 1.893, min_value_loss: 0.000
	weight: 0.445, max_weight: 0.700, min_weight: 0.300
	v: 88.793, max_v: 96.885, min_v: 4.916
	q1: 88.672, max_q1: 96.903, min_q1: 4.497
	q2: 88.703, max_q2: 96.993, min_q2: 4.945
	target_q: 88.885, max_target_q: 96.523, min_target_q: 4.895

2023-02-22 09:17:28 - 
[#Step 610000] eval_reward: 55.852, eval_time: 5.391, time: 41.963
	critic_loss: 1.022, max_critic_loss: 32.640, min_critic_loss: 0.001
	actor_loss: -88.571, max_actor_loss: -4.467, min_actor_loss: -97.021
	value_loss: 0.202, max_value_loss: 24.599, min_value_loss: 0.000
	weight: 0.419, max_weight: 0.700, min_weight: 0.300
	v: 88.031, max_v: 96.094, min_v: 4.194
	q1: 87.898, max_q1: 96.251, min_q1: 4.918
	q2: 87.865, max_q2: 96.303, min_q2: 4.161
	target_q: 87.835, max_target_q: 96.149, min_target_q: 3.969

2023-02-22 09:18:08 - 
[#Step 620000] eval_reward: 56.574, eval_time: 5.389, time: 42.627
	critic_loss: 0.736, max_critic_loss: 20.343, min_critic_loss: 0.001
	actor_loss: -90.100, max_actor_loss: -3.458, min_actor_loss: -96.166
	value_loss: 0.185, max_value_loss: 18.095, min_value_loss: 0.000
	weight: 0.447, max_weight: 0.700, min_weight: 0.300
	v: 89.583, max_v: 95.672, min_v: 5.045
	q1: 89.538, max_q1: 95.454, min_q1: 3.464
	q2: 89.483, max_q2: 95.599, min_q2: 3.625
	target_q: 89.654, max_target_q: 96.032, min_target_q: 5.336

2023-02-22 09:18:47 - 
[#Step 630000] eval_reward: 57.085, eval_time: 5.432, time: 43.284
	critic_loss: 1.102, max_critic_loss: 49.592, min_critic_loss: 0.000
	actor_loss: -90.588, max_actor_loss: -53.174, min_actor_loss: -96.809
	value_loss: 0.072, max_value_loss: 2.631, min_value_loss: 0.000
	weight: 0.473, max_weight: 0.700, min_weight: 0.300
	v: 89.740, max_v: 96.195, min_v: 52.578
	q1: 89.984, max_q1: 96.230, min_q1: 51.632
	q2: 89.948, max_q2: 96.269, min_q2: 50.163
	target_q: 89.696, max_target_q: 96.085, min_target_q: 55.822

2023-02-22 09:19:27 - 
[#Step 640000] eval_reward: 55.811, eval_time: 5.450, time: 43.946
	critic_loss: 1.642, max_critic_loss: 120.157, min_critic_loss: 0.003
	actor_loss: -90.388, max_actor_loss: -54.927, min_actor_loss: -96.573
	value_loss: 0.105, max_value_loss: 1.546, min_value_loss: 0.000
	weight: 0.522, max_weight: 0.700, min_weight: 0.300
	v: 89.412, max_v: 96.524, min_v: 49.194
	q1: 89.763, max_q1: 96.209, min_q1: 49.591
	q2: 89.759, max_q2: 95.981, min_q2: 49.281
	target_q: 89.470, max_target_q: 96.274, min_target_q: 49.628

2023-02-22 09:20:07 - 
[#Step 650000] eval_reward: 56.204, eval_time: 5.408, time: 44.612
	critic_loss: 0.927, max_critic_loss: 24.791, min_critic_loss: 0.000
	actor_loss: -90.803, max_actor_loss: -64.899, min_actor_loss: -96.996
	value_loss: 0.095, max_value_loss: 1.801, min_value_loss: 0.000
	weight: 0.452, max_weight: 0.700, min_weight: 0.300
	v: 90.042, max_v: 95.631, min_v: 66.136
	q1: 90.189, max_q1: 96.190, min_q1: 66.327
	q2: 90.170, max_q2: 96.428, min_q2: 66.230
	target_q: 90.061, max_target_q: 96.097, min_target_q: 66.108

2023-02-22 09:20:47 - 
[#Step 660000] eval_reward: 56.719, eval_time: 5.365, time: 45.276
	critic_loss: 0.788, max_critic_loss: 14.578, min_critic_loss: 0.001
	actor_loss: -89.357, max_actor_loss: -3.059, min_actor_loss: -97.582
	value_loss: 0.082, max_value_loss: 1.923, min_value_loss: 0.000
	weight: 0.462, max_weight: 0.700, min_weight: 0.300
	v: 88.756, max_v: 97.175, min_v: 4.616
	q1: 88.823, max_q1: 96.985, min_q1: 4.135
	q2: 88.798, max_q2: 96.959, min_q2: 4.405
	target_q: 88.840, max_target_q: 97.277, min_target_q: 4.863

2023-02-22 09:21:27 - 
[#Step 670000] eval_reward: 56.813, eval_time: 5.408, time: 45.941
	critic_loss: 1.466, max_critic_loss: 130.406, min_critic_loss: 0.000
	actor_loss: -89.363, max_actor_loss: -6.294, min_actor_loss: -95.996
	value_loss: 0.207, max_value_loss: 14.560, min_value_loss: 0.000
	weight: 0.491, max_weight: 0.700, min_weight: 0.300
	v: 88.738, max_v: 95.541, min_v: 5.332
	q1: 88.714, max_q1: 95.386, min_q1: 7.104
	q2: 88.752, max_q2: 95.654, min_q2: 6.434
	target_q: 88.845, max_target_q: 95.589, min_target_q: 4.982

2023-02-22 09:22:07 - 
[#Step 680000] eval_reward: 55.762, eval_time: 5.460, time: 46.607
	critic_loss: 1.056, max_critic_loss: 60.999, min_critic_loss: 0.000
	actor_loss: -89.474, max_actor_loss: -3.562, min_actor_loss: -97.414
	value_loss: 0.110, max_value_loss: 3.319, min_value_loss: 0.000
	weight: 0.377, max_weight: 0.700, min_weight: 0.300
	v: 89.074, max_v: 97.522, min_v: 4.939
	q1: 88.856, max_q1: 96.433, min_q1: 3.216
	q2: 88.901, max_q2: 96.618, min_q2: 4.717
	target_q: 89.013, max_target_q: 96.837, min_target_q: 4.816

2023-02-22 09:22:47 - 
[#Step 690000] eval_reward: 55.624, eval_time: 5.400, time: 47.272
	critic_loss: 0.799, max_critic_loss: 48.594, min_critic_loss: 0.002
	actor_loss: -90.417, max_actor_loss: -68.104, min_actor_loss: -96.829
	value_loss: 0.126, max_value_loss: 6.897, min_value_loss: 0.000
	weight: 0.444, max_weight: 0.700, min_weight: 0.300
	v: 89.810, max_v: 96.205, min_v: 67.561
	q1: 89.822, max_q1: 96.277, min_q1: 69.576
	q2: 89.800, max_q2: 96.280, min_q2: 69.506
	target_q: 89.760, max_target_q: 96.157, min_target_q: 69.952

2023-02-22 09:23:21 - Saving checkpoint at step: 140
2023-02-22 09:23:21 - Saved checkpoint at saved_models/halfcheetah-medium-v2/COMFO6_s1_20230222_083530/actor_140
2023-02-22 09:23:21 - Removing checkpoint at saved_models/halfcheetah-medium-v2/COMFO6_s1_20230222_083530/actor_40
2023-02-22 09:23:21 - Saving checkpoint at step: 140
2023-02-22 09:23:21 - Saved checkpoint at saved_models/halfcheetah-medium-v2/COMFO6_s1_20230222_083530/critic_140
2023-02-22 09:23:21 - Removing checkpoint at saved_models/halfcheetah-medium-v2/COMFO6_s1_20230222_083530/critic_40
2023-02-22 09:23:21 - Saving checkpoint at step: 140
2023-02-22 09:23:21 - Saved checkpoint at saved_models/halfcheetah-medium-v2/COMFO6_s1_20230222_083530/value_140
2023-02-22 09:23:21 - Removing checkpoint at saved_models/halfcheetah-medium-v2/COMFO6_s1_20230222_083530/value_40
2023-02-22 09:23:26 - 
[#Step 700000] eval_reward: 56.552, eval_time: 5.326, time: 47.931
	critic_loss: 0.932, max_critic_loss: 36.286, min_critic_loss: 0.000
	actor_loss: -89.672, max_actor_loss: -6.120, min_actor_loss: -97.659
	value_loss: 0.113, max_value_loss: 2.546, min_value_loss: 0.000
	weight: 0.419, max_weight: 0.700, min_weight: 0.300
	v: 89.130, max_v: 97.175, min_v: 6.857
	q1: 88.991, max_q1: 96.479, min_q1: 6.514
	q2: 89.046, max_q2: 96.456, min_q2: 6.188
	target_q: 88.901, max_target_q: 96.565, min_target_q: 6.252

2023-02-22 09:24:06 - 
[#Step 710000] eval_reward: 57.085, eval_time: 5.460, time: 48.595
	critic_loss: 0.710, max_critic_loss: 13.663, min_critic_loss: 0.001
	actor_loss: -89.257, max_actor_loss: -5.557, min_actor_loss: -97.250
	value_loss: 0.077, max_value_loss: 0.777, min_value_loss: 0.000
	weight: 0.495, max_weight: 0.700, min_weight: 0.300
	v: 88.434, max_v: 96.963, min_v: 4.694
	q1: 88.674, max_q1: 97.038, min_q1: 6.291
	q2: 88.646, max_q2: 96.555, min_q2: 6.898
	target_q: 88.483, max_target_q: 96.458, min_target_q: 3.999

2023-02-22 09:24:46 - 
[#Step 720000] eval_reward: 56.356, eval_time: 5.436, time: 49.256
	critic_loss: 0.599, max_critic_loss: 18.599, min_critic_loss: 0.000
	actor_loss: -90.012, max_actor_loss: -5.570, min_actor_loss: -97.313
	value_loss: 0.069, max_value_loss: 0.769, min_value_loss: 0.000
	weight: 0.502, max_weight: 0.700, min_weight: 0.300
	v: 89.395, max_v: 96.697, min_v: 6.081
	q1: 89.427, max_q1: 97.073, min_q1: 6.319
	q2: 89.386, max_q2: 96.654, min_q2: 6.384
	target_q: 89.367, max_target_q: 96.738, min_target_q: 6.215

2023-02-22 09:25:25 - 
[#Step 730000] eval_reward: 56.216, eval_time: 5.020, time: 49.908
	critic_loss: 0.873, max_critic_loss: 13.693, min_critic_loss: 0.001
	actor_loss: -90.004, max_actor_loss: -5.314, min_actor_loss: -96.649
	value_loss: 0.073, max_value_loss: 1.588, min_value_loss: 0.000
	weight: 0.448, max_weight: 0.700, min_weight: 0.300
	v: 89.555, max_v: 96.046, min_v: 4.886
	q1: 89.348, max_q1: 96.321, min_q1: 5.259
	q2: 89.402, max_q2: 96.126, min_q2: 5.011
	target_q: 89.514, max_target_q: 96.439, min_target_q: 4.538

2023-02-22 09:26:05 - 
[#Step 740000] eval_reward: 56.380, eval_time: 5.402, time: 50.572
	critic_loss: 0.857, max_critic_loss: 20.743, min_critic_loss: 0.000
	actor_loss: -90.063, max_actor_loss: -49.089, min_actor_loss: -97.396
	value_loss: 0.088, max_value_loss: 1.477, min_value_loss: 0.000
	weight: 0.456, max_weight: 0.700, min_weight: 0.300
	v: 89.424, max_v: 96.458, min_v: 48.212
	q1: 89.467, max_q1: 96.340, min_q1: 49.186
	q2: 89.352, max_q2: 96.584, min_q2: 50.083
	target_q: 89.359, max_target_q: 96.354, min_target_q: 48.669

2023-02-22 09:26:44 - 
[#Step 750000] eval_reward: 56.428, eval_time: 5.508, time: 51.232
	critic_loss: 0.734, max_critic_loss: 11.562, min_critic_loss: 0.001
	actor_loss: -90.661, max_actor_loss: -67.932, min_actor_loss: -96.123
	value_loss: 0.082, max_value_loss: 1.522, min_value_loss: 0.000
	weight: 0.458, max_weight: 0.700, min_weight: 0.300
	v: 89.961, max_v: 96.124, min_v: 68.061
	q1: 89.938, max_q1: 95.890, min_q1: 67.201
	q2: 90.009, max_q2: 95.898, min_q2: 67.556
	target_q: 89.895, max_target_q: 95.552, min_target_q: 66.952

2023-02-22 09:27:24 - 
[#Step 760000] eval_reward: 56.383, eval_time: 5.565, time: 51.897
	critic_loss: 1.148, max_critic_loss: 50.295, min_critic_loss: 0.001
	actor_loss: -89.299, max_actor_loss: -3.912, min_actor_loss: -96.516
	value_loss: 0.139, max_value_loss: 5.499, min_value_loss: 0.000
	weight: 0.470, max_weight: 0.700, min_weight: 0.300
	v: 88.602, max_v: 96.028, min_v: 4.925
	q1: 88.698, max_q1: 96.294, min_q1: 4.291
	q2: 88.594, max_q2: 95.956, min_q2: 4.596
	target_q: 88.531, max_target_q: 96.245, min_target_q: 5.431

2023-02-22 09:28:04 - 
[#Step 770000] eval_reward: 55.725, eval_time: 5.421, time: 52.563
	critic_loss: 0.708, max_critic_loss: 8.629, min_critic_loss: 0.004
	actor_loss: -89.651, max_actor_loss: -9.597, min_actor_loss: -97.350
	value_loss: 0.111, max_value_loss: 3.060, min_value_loss: 0.000
	weight: 0.417, max_weight: 0.700, min_weight: 0.300
	v: 89.168, max_v: 97.306, min_v: 8.451
	q1: 89.010, max_q1: 96.637, min_q1: 9.728
	q2: 88.995, max_q2: 96.804, min_q2: 11.624
	target_q: 89.240, max_target_q: 96.641, min_target_q: 9.373

2023-02-22 09:28:44 - 
[#Step 780000] eval_reward: 55.873, eval_time: 5.443, time: 53.222
	critic_loss: 0.867, max_critic_loss: 24.467, min_critic_loss: 0.000
	actor_loss: -90.654, max_actor_loss: -66.810, min_actor_loss: -98.354
	value_loss: 0.139, max_value_loss: 12.019, min_value_loss: 0.000
	weight: 0.462, max_weight: 0.700, min_weight: 0.300
	v: 89.708, max_v: 97.534, min_v: 66.379
	q1: 89.858, max_q1: 97.909, min_q1: 65.761
	q2: 89.860, max_q2: 97.621, min_q2: 65.616
	target_q: 89.656, max_target_q: 97.838, min_target_q: 65.747

2023-02-22 09:29:23 - 
[#Step 790000] eval_reward: 55.969, eval_time: 5.407, time: 53.887
	critic_loss: 0.809, max_critic_loss: 44.105, min_critic_loss: 0.002
	actor_loss: -89.656, max_actor_loss: -3.874, min_actor_loss: -96.873
	value_loss: 0.066, max_value_loss: 0.883, min_value_loss: 0.000
	weight: 0.436, max_weight: 0.700, min_weight: 0.300
	v: 89.118, max_v: 96.241, min_v: 4.920
	q1: 89.055, max_q1: 96.192, min_q1: 4.696
	q2: 89.058, max_q2: 96.168, min_q2: 4.766
	target_q: 89.045, max_target_q: 97.148, min_target_q: 5.799

2023-02-22 09:29:57 - Saving checkpoint at step: 160
2023-02-22 09:29:57 - Saved checkpoint at saved_models/halfcheetah-medium-v2/COMFO6_s1_20230222_083530/actor_160
2023-02-22 09:29:57 - Removing checkpoint at saved_models/halfcheetah-medium-v2/COMFO6_s1_20230222_083530/actor_60
2023-02-22 09:29:57 - Saving checkpoint at step: 160
2023-02-22 09:29:57 - Saved checkpoint at saved_models/halfcheetah-medium-v2/COMFO6_s1_20230222_083530/critic_160
2023-02-22 09:29:57 - Removing checkpoint at saved_models/halfcheetah-medium-v2/COMFO6_s1_20230222_083530/critic_60
2023-02-22 09:29:57 - Saving checkpoint at step: 160
2023-02-22 09:29:57 - Saved checkpoint at saved_models/halfcheetah-medium-v2/COMFO6_s1_20230222_083530/value_160
2023-02-22 09:29:57 - Removing checkpoint at saved_models/halfcheetah-medium-v2/COMFO6_s1_20230222_083530/value_60
2023-02-22 09:30:03 - 
[#Step 800000] eval_reward: 55.776, eval_time: 5.573, time: 54.546
	critic_loss: 1.543, max_critic_loss: 70.869, min_critic_loss: 0.001
	actor_loss: -89.511, max_actor_loss: -3.670, min_actor_loss: -97.725
	value_loss: 0.101, max_value_loss: 2.696, min_value_loss: 0.000
	weight: 0.417, max_weight: 0.700, min_weight: 0.300
	v: 89.072, max_v: 97.803, min_v: 6.358
	q1: 88.872, max_q1: 97.686, min_q1: 4.041
	q2: 88.856, max_q2: 97.242, min_q2: 4.431
	target_q: 88.883, max_target_q: 97.741, min_target_q: 5.974

2023-02-22 09:30:43 - 
[#Step 810000] eval_reward: 57.198, eval_time: 5.374, time: 55.209
	critic_loss: 1.119, max_critic_loss: 59.568, min_critic_loss: 0.002
	actor_loss: -89.724, max_actor_loss: -3.945, min_actor_loss: -95.518
	value_loss: 0.084, max_value_loss: 2.249, min_value_loss: 0.000
	weight: 0.467, max_weight: 0.700, min_weight: 0.300
	v: 89.254, max_v: 95.139, min_v: 4.537
	q1: 89.142, max_q1: 94.999, min_q1: 3.963
	q2: 89.146, max_q2: 94.974, min_q2: 4.087
	target_q: 89.382, max_target_q: 95.795, min_target_q: 4.594

2023-02-22 09:31:23 - 
[#Step 820000] eval_reward: 56.963, eval_time: 5.399, time: 55.874
	critic_loss: 0.718, max_critic_loss: 14.801, min_critic_loss: 0.000
	actor_loss: -90.036, max_actor_loss: -66.884, min_actor_loss: -97.230
	value_loss: 0.074, max_value_loss: 1.420, min_value_loss: 0.000
	weight: 0.477, max_weight: 0.700, min_weight: 0.300
	v: 89.415, max_v: 96.747, min_v: 66.906
	q1: 89.315, max_q1: 96.274, min_q1: 65.700
	q2: 89.346, max_q2: 96.498, min_q2: 65.829
	target_q: 89.452, max_target_q: 96.542, min_target_q: 65.115

2023-02-22 09:32:03 - 
[#Step 830000] eval_reward: 56.286, eval_time: 5.362, time: 56.541
	critic_loss: 0.898, max_critic_loss: 30.998, min_critic_loss: 0.002
	actor_loss: -89.575, max_actor_loss: -5.798, min_actor_loss: -96.792
	value_loss: 0.094, max_value_loss: 1.321, min_value_loss: 0.000
	weight: 0.464, max_weight: 0.700, min_weight: 0.300
	v: 88.786, max_v: 96.332, min_v: 6.259
	q1: 88.991, max_q1: 96.469, min_q1: 6.496
	q2: 89.007, max_q2: 96.448, min_q2: 6.530
	target_q: 88.779, max_target_q: 97.378, min_target_q: 6.326

2023-02-22 09:32:43 - 
[#Step 840000] eval_reward: 56.436, eval_time: 5.352, time: 57.207
	critic_loss: 0.830, max_critic_loss: 11.930, min_critic_loss: 0.000
	actor_loss: -90.146, max_actor_loss: -66.498, min_actor_loss: -96.417
	value_loss: 0.128, max_value_loss: 7.793, min_value_loss: 0.000
	weight: 0.461, max_weight: 0.700, min_weight: 0.300
	v: 89.663, max_v: 95.897, min_v: 66.997
	q1: 89.405, max_q1: 95.281, min_q1: 67.959
	q2: 89.453, max_q2: 95.835, min_q2: 67.132
	target_q: 89.664, max_target_q: 96.308, min_target_q: 67.239

2023-02-22 09:33:23 - 
[#Step 850000] eval_reward: 56.470, eval_time: 5.668, time: 57.873
	critic_loss: 1.162, max_critic_loss: 94.446, min_critic_loss: 0.000
	actor_loss: -90.275, max_actor_loss: -67.028, min_actor_loss: -96.539
	value_loss: 0.126, max_value_loss: 7.905, min_value_loss: 0.000
	weight: 0.467, max_weight: 0.700, min_weight: 0.300
	v: 89.725, max_v: 95.588, min_v: 66.843
	q1: 89.613, max_q1: 95.874, min_q1: 65.962
	q2: 89.671, max_q2: 95.961, min_q2: 66.030
	target_q: 89.828, max_target_q: 96.035, min_target_q: 66.094

2023-02-22 09:34:03 - 
[#Step 860000] eval_reward: 56.502, eval_time: 5.882, time: 58.539
	critic_loss: 0.690, max_critic_loss: 15.796, min_critic_loss: 0.000
	actor_loss: -89.865, max_actor_loss: -10.785, min_actor_loss: -96.151
	value_loss: 0.155, max_value_loss: 15.306, min_value_loss: 0.000
	weight: 0.513, max_weight: 0.700, min_weight: 0.300
	v: 89.201, max_v: 95.032, min_v: 9.527
	q1: 89.204, max_q1: 95.380, min_q1: 11.403
	q2: 89.296, max_q2: 95.477, min_q2: 11.360
	target_q: 89.235, max_target_q: 96.183, min_target_q: 10.001

2023-02-22 09:34:43 - 
[#Step 870000] eval_reward: 55.281, eval_time: 5.926, time: 59.208
	critic_loss: 0.838, max_critic_loss: 13.714, min_critic_loss: 0.000
	actor_loss: -90.099, max_actor_loss: -5.144, min_actor_loss: -96.283
	value_loss: 0.079, max_value_loss: 2.964, min_value_loss: 0.000
	weight: 0.422, max_weight: 0.700, min_weight: 0.300
	v: 89.696, max_v: 95.682, min_v: 5.651
	q1: 89.542, max_q1: 95.383, min_q1: 5.477
	q2: 89.528, max_q2: 95.668, min_q2: 5.650
	target_q: 89.817, max_target_q: 95.462, min_target_q: 5.519

2023-02-22 09:35:22 - 
[#Step 880000] eval_reward: 56.627, eval_time: 5.561, time: 59.866
	critic_loss: 0.886, max_critic_loss: 19.793, min_critic_loss: 0.000
	actor_loss: -89.356, max_actor_loss: -54.545, min_actor_loss: -95.778
	value_loss: 0.072, max_value_loss: 2.116, min_value_loss: 0.000
	weight: 0.436, max_weight: 0.700, min_weight: 0.300
	v: 88.861, max_v: 95.519, min_v: 54.034
	q1: 88.815, max_q1: 95.274, min_q1: 53.570
	q2: 88.770, max_q2: 95.057, min_q2: 53.093
	target_q: 88.939, max_target_q: 96.319, min_target_q: 55.960

2023-02-22 09:36:02 - 
[#Step 890000] eval_reward: 56.117, eval_time: 5.966, time: 60.536
	critic_loss: 0.684, max_critic_loss: 14.264, min_critic_loss: 0.002
	actor_loss: -89.840, max_actor_loss: -65.886, min_actor_loss: -96.575
	value_loss: 0.128, max_value_loss: 4.330, min_value_loss: 0.000
	weight: 0.420, max_weight: 0.700, min_weight: 0.300
	v: 89.341, max_v: 95.676, min_v: 64.762
	q1: 89.213, max_q1: 95.791, min_q1: 66.670
	q2: 89.237, max_q2: 95.712, min_q2: 66.523
	target_q: 89.410, max_target_q: 95.631, min_target_q: 66.836

2023-02-22 09:36:37 - Saving checkpoint at step: 180
2023-02-22 09:36:37 - Saved checkpoint at saved_models/halfcheetah-medium-v2/COMFO6_s1_20230222_083530/actor_180
2023-02-22 09:36:37 - Removing checkpoint at saved_models/halfcheetah-medium-v2/COMFO6_s1_20230222_083530/actor_80
2023-02-22 09:36:37 - Saving checkpoint at step: 180
2023-02-22 09:36:37 - Saved checkpoint at saved_models/halfcheetah-medium-v2/COMFO6_s1_20230222_083530/critic_180
2023-02-22 09:36:37 - Removing checkpoint at saved_models/halfcheetah-medium-v2/COMFO6_s1_20230222_083530/critic_80
2023-02-22 09:36:37 - Saving checkpoint at step: 180
2023-02-22 09:36:37 - Saved checkpoint at saved_models/halfcheetah-medium-v2/COMFO6_s1_20230222_083530/value_180
2023-02-22 09:36:37 - Removing checkpoint at saved_models/halfcheetah-medium-v2/COMFO6_s1_20230222_083530/value_80
2023-02-22 09:36:42 - 
[#Step 900000] eval_reward: 56.236, eval_time: 5.736, time: 61.201
	critic_loss: 0.512, max_critic_loss: 8.254, min_critic_loss: 0.000
	actor_loss: -90.110, max_actor_loss: -6.280, min_actor_loss: -97.265
	value_loss: 0.079, max_value_loss: 2.957, min_value_loss: 0.000
	weight: 0.484, max_weight: 0.700, min_weight: 0.300
	v: 89.416, max_v: 96.366, min_v: 6.011
	q1: 89.433, max_q1: 96.847, min_q1: 6.388
	q2: 89.419, max_q2: 96.655, min_q2: 6.859
	target_q: 89.433, max_target_q: 96.369, min_target_q: 6.592

2023-02-22 09:37:22 - 
[#Step 910000] eval_reward: 56.684, eval_time: 5.719, time: 61.867
	critic_loss: 0.727, max_critic_loss: 9.869, min_critic_loss: 0.002
	actor_loss: -89.186, max_actor_loss: -7.551, min_actor_loss: -96.773
	value_loss: 0.106, max_value_loss: 2.273, min_value_loss: 0.000
	weight: 0.505, max_weight: 0.700, min_weight: 0.300
	v: 88.567, max_v: 96.409, min_v: 6.395
	q1: 88.513, max_q1: 96.379, min_q1: 7.564
	q2: 88.591, max_q2: 96.224, min_q2: 7.690
	target_q: 88.638, max_target_q: 96.539, min_target_q: 6.480

2023-02-22 09:38:02 - 
[#Step 920000] eval_reward: 56.279, eval_time: 5.640, time: 62.533
	critic_loss: 0.733, max_critic_loss: 11.915, min_critic_loss: 0.001
	actor_loss: -89.808, max_actor_loss: -6.621, min_actor_loss: -97.903
	value_loss: 0.077, max_value_loss: 1.493, min_value_loss: 0.000
	weight: 0.398, max_weight: 0.700, min_weight: 0.300
	v: 89.412, max_v: 97.140, min_v: 5.784
	q1: 89.190, max_q1: 97.553, min_q1: 6.422
	q2: 89.113, max_q2: 97.130, min_q2: 7.063
	target_q: 89.360, max_target_q: 96.996, min_target_q: 5.092

2023-02-22 09:38:42 - 
[#Step 930000] eval_reward: 55.988, eval_time: 5.639, time: 63.201
	critic_loss: 0.609, max_critic_loss: 8.913, min_critic_loss: 0.000
	actor_loss: -89.253, max_actor_loss: -5.794, min_actor_loss: -96.679
	value_loss: 0.104, max_value_loss: 3.416, min_value_loss: 0.000
	weight: 0.517, max_weight: 0.700, min_weight: 0.300
	v: 88.332, max_v: 95.699, min_v: 4.572
	q1: 88.590, max_q1: 96.103, min_q1: 5.754
	q2: 88.629, max_q2: 96.478, min_q2: 6.084
	target_q: 88.550, max_target_q: 96.434, min_target_q: 4.296

2023-02-22 09:39:22 - 
[#Step 940000] eval_reward: 56.096, eval_time: 5.986, time: 63.870
	critic_loss: 0.825, max_critic_loss: 16.118, min_critic_loss: 0.001
	actor_loss: -90.308, max_actor_loss: -66.500, min_actor_loss: -96.711
	value_loss: 0.069, max_value_loss: 1.098, min_value_loss: 0.000
	weight: 0.406, max_weight: 0.700, min_weight: 0.300
	v: 89.869, max_v: 96.206, min_v: 63.747
	q1: 89.751, max_q1: 96.548, min_q1: 63.133
	q2: 89.721, max_q2: 96.224, min_q2: 65.792
	target_q: 89.880, max_target_q: 97.234, min_target_q: 66.717

2023-02-22 09:40:02 - 
[#Step 950000] eval_reward: 56.190, eval_time: 5.817, time: 64.532
	critic_loss: 0.944, max_critic_loss: 19.527, min_critic_loss: 0.001
	actor_loss: -89.906, max_actor_loss: -5.950, min_actor_loss: -96.870
	value_loss: 0.110, max_value_loss: 4.187, min_value_loss: 0.000
	weight: 0.519, max_weight: 0.700, min_weight: 0.300
	v: 89.040, max_v: 95.620, min_v: 5.145
	q1: 89.310, max_q1: 96.305, min_q1: 6.103
	q2: 89.256, max_q2: 96.242, min_q2: 6.291
	target_q: 89.006, max_target_q: 95.654, min_target_q: 4.684

2023-02-22 09:40:25 - 
[#Step 955000] eval_reward: 56.398, eval_time: 5.527, time: 64.911
	critic_loss: 0.733, max_critic_loss: 10.193, min_critic_loss: 0.000
	actor_loss: -89.807, max_actor_loss: -5.447, min_actor_loss: -96.411
	value_loss: 0.071, max_value_loss: 1.217, min_value_loss: 0.000
	weight: 0.403, max_weight: 0.700, min_weight: 0.300
	v: 89.268, max_v: 96.264, min_v: 5.940
	q1: 89.096, max_q1: 95.765, min_q1: 5.754
	q2: 89.105, max_q2: 95.789, min_q2: 5.804
	target_q: 89.255, max_target_q: 96.819, min_target_q: 6.076

2023-02-22 09:40:47 - 
[#Step 960000] eval_reward: 55.903, eval_time: 5.342, time: 65.285
	critic_loss: 1.071, max_critic_loss: 31.998, min_critic_loss: 0.002
	actor_loss: -90.461, max_actor_loss: -68.079, min_actor_loss: -95.915
	value_loss: 0.089, max_value_loss: 1.016, min_value_loss: 0.000
	weight: 0.512, max_weight: 0.700, min_weight: 0.300
	v: 89.767, max_v: 95.371, min_v: 64.727
	q1: 89.811, max_q1: 95.857, min_q1: 64.831
	q2: 89.847, max_q2: 95.645, min_q2: 66.605
	target_q: 89.887, max_target_q: 96.029, min_target_q: 65.255

2023-02-22 09:41:10 - 
[#Step 965000] eval_reward: 56.382, eval_time: 5.332, time: 65.659
	critic_loss: 0.794, max_critic_loss: 29.731, min_critic_loss: 0.001
	actor_loss: -89.970, max_actor_loss: -69.231, min_actor_loss: -97.374
	value_loss: 0.084, max_value_loss: 2.212, min_value_loss: 0.000
	weight: 0.445, max_weight: 0.700, min_weight: 0.300
	v: 89.402, max_v: 96.531, min_v: 69.883
	q1: 89.379, max_q1: 97.477, min_q1: 69.379
	q2: 89.367, max_q2: 97.007, min_q2: 69.153
	target_q: 89.297, max_target_q: 97.471, min_target_q: 68.570

2023-02-22 09:41:32 - 
[#Step 970000] eval_reward: 56.269, eval_time: 5.394, time: 66.032
	critic_loss: 0.908, max_critic_loss: 41.178, min_critic_loss: 0.003
	actor_loss: -88.391, max_actor_loss: -5.068, min_actor_loss: -96.103
	value_loss: 0.112, max_value_loss: 2.258, min_value_loss: 0.000
	weight: 0.414, max_weight: 0.700, min_weight: 0.300
	v: 87.884, max_v: 96.540, min_v: 4.313
	q1: 87.756, max_q1: 95.651, min_q1: 6.072
	q2: 87.780, max_q2: 95.889, min_q2: 5.440
	target_q: 87.766, max_target_q: 96.529, min_target_q: 3.635

2023-02-22 09:41:55 - 
[#Step 975000] eval_reward: 56.899, eval_time: 5.458, time: 66.409
	critic_loss: 1.045, max_critic_loss: 20.914, min_critic_loss: 0.001
	actor_loss: -89.682, max_actor_loss: -4.251, min_actor_loss: -96.196
	value_loss: 0.083, max_value_loss: 2.116, min_value_loss: 0.000
	weight: 0.442, max_weight: 0.700, min_weight: 0.300
	v: 89.240, max_v: 96.005, min_v: 4.571
	q1: 89.067, max_q1: 95.935, min_q1: 5.263
	q2: 89.135, max_q2: 95.922, min_q2: 4.944
	target_q: 89.340, max_target_q: 96.283, min_target_q: 4.749

2023-02-22 09:42:12 - Saving checkpoint at step: 196
2023-02-22 09:42:12 - Saved checkpoint at saved_models/halfcheetah-medium-v2/COMFO6_s1_20230222_083530/actor_196
2023-02-22 09:42:12 - Removing checkpoint at saved_models/halfcheetah-medium-v2/COMFO6_s1_20230222_083530/actor_100
2023-02-22 09:42:12 - Saving checkpoint at step: 196
2023-02-22 09:42:12 - Saved checkpoint at saved_models/halfcheetah-medium-v2/COMFO6_s1_20230222_083530/critic_196
2023-02-22 09:42:12 - Removing checkpoint at saved_models/halfcheetah-medium-v2/COMFO6_s1_20230222_083530/critic_100
2023-02-22 09:42:12 - Saving checkpoint at step: 196
2023-02-22 09:42:12 - Saved checkpoint at saved_models/halfcheetah-medium-v2/COMFO6_s1_20230222_083530/value_196
2023-02-22 09:42:12 - Removing checkpoint at saved_models/halfcheetah-medium-v2/COMFO6_s1_20230222_083530/value_100
2023-02-22 09:42:17 - 
[#Step 980000] eval_reward: 56.307, eval_time: 5.436, time: 66.779
	critic_loss: 0.879, max_critic_loss: 19.048, min_critic_loss: 0.001
	actor_loss: -89.090, max_actor_loss: -1.786, min_actor_loss: -97.591
	value_loss: 0.108, max_value_loss: 2.237, min_value_loss: 0.000
	weight: 0.489, max_weight: 0.700, min_weight: 0.300
	v: 88.213, max_v: 96.406, min_v: 3.823
	q1: 88.447, max_q1: 96.518, min_q1: 3.670
	q2: 88.397, max_q2: 96.585, min_q2: 2.670
	target_q: 88.233, max_target_q: 96.496, min_target_q: 5.450

2023-02-22 09:42:34 - Saving checkpoint at step: 197
2023-02-22 09:42:34 - Saved checkpoint at saved_models/halfcheetah-medium-v2/COMFO6_s1_20230222_083530/actor_197
2023-02-22 09:42:34 - Removing checkpoint at saved_models/halfcheetah-medium-v2/COMFO6_s1_20230222_083530/actor_120
2023-02-22 09:42:34 - Saving checkpoint at step: 197
2023-02-22 09:42:34 - Saved checkpoint at saved_models/halfcheetah-medium-v2/COMFO6_s1_20230222_083530/critic_197
2023-02-22 09:42:34 - Removing checkpoint at saved_models/halfcheetah-medium-v2/COMFO6_s1_20230222_083530/critic_120
2023-02-22 09:42:34 - Saving checkpoint at step: 197
2023-02-22 09:42:34 - Saved checkpoint at saved_models/halfcheetah-medium-v2/COMFO6_s1_20230222_083530/value_197
2023-02-22 09:42:34 - Removing checkpoint at saved_models/halfcheetah-medium-v2/COMFO6_s1_20230222_083530/value_120
2023-02-22 09:42:39 - 
[#Step 985000] eval_reward: 56.209, eval_time: 5.694, time: 67.153
	critic_loss: 1.065, max_critic_loss: 16.333, min_critic_loss: 0.001
	actor_loss: -89.113, max_actor_loss: -3.871, min_actor_loss: -96.361
	value_loss: 0.111, max_value_loss: 3.007, min_value_loss: 0.000
	weight: 0.505, max_weight: 0.700, min_weight: 0.300
	v: 88.183, max_v: 95.309, min_v: 5.093
	q1: 88.610, max_q1: 96.558, min_q1: 4.041
	q2: 88.554, max_q2: 96.053, min_q2: 4.458
	target_q: 88.176, max_target_q: 96.077, min_target_q: 4.848

2023-02-22 09:42:56 - Saving checkpoint at step: 198
2023-02-22 09:42:56 - Saved checkpoint at saved_models/halfcheetah-medium-v2/COMFO6_s1_20230222_083530/actor_198
2023-02-22 09:42:56 - Removing checkpoint at saved_models/halfcheetah-medium-v2/COMFO6_s1_20230222_083530/actor_140
2023-02-22 09:42:56 - Saving checkpoint at step: 198
2023-02-22 09:42:56 - Saved checkpoint at saved_models/halfcheetah-medium-v2/COMFO6_s1_20230222_083530/critic_198
2023-02-22 09:42:56 - Removing checkpoint at saved_models/halfcheetah-medium-v2/COMFO6_s1_20230222_083530/critic_140
2023-02-22 09:42:56 - Saving checkpoint at step: 198
2023-02-22 09:42:56 - Saved checkpoint at saved_models/halfcheetah-medium-v2/COMFO6_s1_20230222_083530/value_198
2023-02-22 09:42:56 - Removing checkpoint at saved_models/halfcheetah-medium-v2/COMFO6_s1_20230222_083530/value_140
2023-02-22 09:43:02 - 
[#Step 990000] eval_reward: 56.126, eval_time: 5.477, time: 67.524
	critic_loss: 1.052, max_critic_loss: 25.763, min_critic_loss: 0.000
	actor_loss: -90.340, max_actor_loss: -56.267, min_actor_loss: -97.377
	value_loss: 0.091, max_value_loss: 3.691, min_value_loss: 0.000
	weight: 0.439, max_weight: 0.700, min_weight: 0.300
	v: 89.588, max_v: 96.114, min_v: 54.917
	q1: 89.739, max_q1: 96.442, min_q1: 56.205
	q2: 89.663, max_q2: 96.246, min_q2: 54.829
	target_q: 89.452, max_target_q: 96.105, min_target_q: 52.183

2023-02-22 09:43:19 - Saving checkpoint at step: 199
2023-02-22 09:43:19 - Saved checkpoint at saved_models/halfcheetah-medium-v2/COMFO6_s1_20230222_083530/actor_199
2023-02-22 09:43:19 - Removing checkpoint at saved_models/halfcheetah-medium-v2/COMFO6_s1_20230222_083530/actor_160
2023-02-22 09:43:19 - Saving checkpoint at step: 199
2023-02-22 09:43:19 - Saved checkpoint at saved_models/halfcheetah-medium-v2/COMFO6_s1_20230222_083530/critic_199
2023-02-22 09:43:19 - Removing checkpoint at saved_models/halfcheetah-medium-v2/COMFO6_s1_20230222_083530/critic_160
2023-02-22 09:43:19 - Saving checkpoint at step: 199
2023-02-22 09:43:19 - Saved checkpoint at saved_models/halfcheetah-medium-v2/COMFO6_s1_20230222_083530/value_199
2023-02-22 09:43:19 - Removing checkpoint at saved_models/halfcheetah-medium-v2/COMFO6_s1_20230222_083530/value_160
2023-02-22 09:43:24 - 
[#Step 995000] eval_reward: 56.478, eval_time: 5.131, time: 67.892
	critic_loss: 0.683, max_critic_loss: 25.520, min_critic_loss: 0.003
	actor_loss: -89.418, max_actor_loss: -3.583, min_actor_loss: -96.238
	value_loss: 0.095, max_value_loss: 3.896, min_value_loss: 0.000
	weight: 0.461, max_weight: 0.700, min_weight: 0.300
	v: 88.965, max_v: 95.665, min_v: 4.866
	q1: 88.806, max_q1: 96.004, min_q1: 3.651
	q2: 88.783, max_q2: 95.782, min_q2: 4.526
	target_q: 88.988, max_target_q: 96.016, min_target_q: 4.300

2023-02-22 09:43:41 - Saving checkpoint at step: 200
2023-02-22 09:43:41 - Saved checkpoint at saved_models/halfcheetah-medium-v2/COMFO6_s1_20230222_083530/actor_200
2023-02-22 09:43:41 - Removing checkpoint at saved_models/halfcheetah-medium-v2/COMFO6_s1_20230222_083530/actor_180
2023-02-22 09:43:41 - Saving checkpoint at step: 200
2023-02-22 09:43:41 - Saved checkpoint at saved_models/halfcheetah-medium-v2/COMFO6_s1_20230222_083530/critic_200
2023-02-22 09:43:41 - Removing checkpoint at saved_models/halfcheetah-medium-v2/COMFO6_s1_20230222_083530/critic_180
2023-02-22 09:43:41 - Saving checkpoint at step: 200
2023-02-22 09:43:41 - Saved checkpoint at saved_models/halfcheetah-medium-v2/COMFO6_s1_20230222_083530/value_200
2023-02-22 09:43:41 - Removing checkpoint at saved_models/halfcheetah-medium-v2/COMFO6_s1_20230222_083530/value_180
2023-02-22 09:43:46 - 
[#Step 1000000] eval_reward: 56.362, eval_time: 5.385, time: 68.270
	critic_loss: 1.243, max_critic_loss: 63.588, min_critic_loss: 0.002
	actor_loss: -90.097, max_actor_loss: -54.792, min_actor_loss: -97.010
	value_loss: 0.095, max_value_loss: 2.437, min_value_loss: 0.000
	weight: 0.422, max_weight: 0.700, min_weight: 0.300
	v: 89.653, max_v: 95.903, min_v: 54.846
	q1: 89.475, max_q1: 96.065, min_q1: 53.135
	q2: 89.418, max_q2: 96.121, min_q2: 55.048
	target_q: 89.500, max_target_q: 95.604, min_target_q: 53.424

2023-02-22 09:43:47 - 
Avg eval reward = 56.33

