2023-02-23 18:57:52 - Exp configurations:
algo: COMFO7
alpha: 5.0
batch_size: 256
env_name: hopper-medium-v2
eval_episodes: 10
eval_freq: 5000
expectile: 0.7
gamma: 0.99
hidden_dims: !!python/tuple
- 256
- 256
initializer: orthogonal
log_dir: 20230223_cw0
lr: 0.0003
max_timesteps: 1000000
mle_alpha: 1.0
model_dir: saved_models
num_random: 10
seed: 0
tau: 0.005
temperature: 3.0

2023-02-23 19:00:39 - 
[#Step 10000] eval_reward: 49.857, eval_time: 3.822, time: 2.779
	critic_loss: 0.407, max_critic_loss: 7.414, min_critic_loss: 0.000
	actor_loss: -41.615, max_actor_loss: -1.342, min_actor_loss: -63.729
	value_loss: 0.066, max_value_loss: 2.704, min_value_loss: 0.000
	weight: 0.458, max_weight: 0.700, min_weight: 0.300
	v: 39.517, max_v: 56.841, min_v: 2.604
	q1: 40.009, max_q1: 57.564, min_q1: 2.941
	q2: 40.154, max_q2: 58.239, min_q2: 2.743
	target_q: 40.225, max_target_q: 58.291, min_target_q: 1.367
	avg_conservative_loss:  0.001, conservative_weight:  0.000
	avg_smooth_loss:  1.216

2023-02-23 19:01:37 - 
[#Step 20000] eval_reward: 49.916, eval_time: 3.813, time: 3.750
	critic_loss: 0.875, max_critic_loss: 45.503, min_critic_loss: 0.004
	actor_loss: -64.502, max_actor_loss: 1.513, min_actor_loss: -88.438
	value_loss: 0.111, max_value_loss: 4.195, min_value_loss: 0.000
	weight: 0.416, max_weight: 0.700, min_weight: 0.300
	v: 62.804, max_v: 82.192, min_v: -0.112
	q1: 62.768, max_q1: 82.149, min_q1: -1.451
	q2: 63.289, max_q2: 82.636, min_q2: 0.198
	target_q: 63.193, max_target_q: 82.675, min_target_q: 1.213
	avg_conservative_loss:  0.001, conservative_weight:  0.000
	avg_smooth_loss:  1.674

2023-02-23 19:02:36 - 
[#Step 30000] eval_reward: 57.674, eval_time: 4.360, time: 4.734
	critic_loss: 2.585, max_critic_loss: 241.680, min_critic_loss: 0.003
	actor_loss: -79.668, max_actor_loss: -0.229, min_actor_loss: -103.136
	value_loss: 0.125, max_value_loss: 3.449, min_value_loss: 0.000
	weight: 0.452, max_weight: 0.700, min_weight: 0.300
	v: 77.572, max_v: 96.665, min_v: 1.798
	q1: 77.537, max_q1: 96.872, min_q1: 1.287
	q2: 77.669, max_q2: 95.759, min_q2: 1.336
	target_q: 77.983, max_target_q: 98.312, min_target_q: 2.181
	avg_conservative_loss: -0.002, conservative_weight:  0.000
	avg_smooth_loss:  2.006

2023-02-23 19:03:34 - 
[#Step 40000] eval_reward: 56.308, eval_time: 4.107, time: 5.707
	critic_loss: 1.590, max_critic_loss: 50.965, min_critic_loss: 0.001
	actor_loss: -86.882, max_actor_loss: 1.179, min_actor_loss: -107.778
	value_loss: 0.146, max_value_loss: 5.605, min_value_loss: 0.000
	weight: 0.461, max_weight: 0.700, min_weight: 0.300
	v: 84.658, max_v: 103.002, min_v: 1.725
	q1: 85.020, max_q1: 102.695, min_q1: 1.081
	q2: 84.824, max_q2: 103.617, min_q2: 0.698
	target_q: 84.727, max_target_q: 103.118, min_target_q: 1.372
	avg_conservative_loss: -0.002, conservative_weight:  0.000
	avg_smooth_loss:  2.376

2023-02-23 19:04:33 - 
[#Step 50000] eval_reward: 59.562, eval_time: 4.340, time: 6.687
	critic_loss: 1.539, max_critic_loss: 94.117, min_critic_loss: 0.001
	actor_loss: -87.348, max_actor_loss: -0.715, min_actor_loss: -109.348
	value_loss: 0.212, max_value_loss: 17.079, min_value_loss: 0.000
	weight: 0.436, max_weight: 0.700, min_weight: 0.300
	v: 85.834, max_v: 104.434, min_v: 3.129
	q1: 85.344, max_q1: 104.139, min_q1: 0.677
	q2: 85.749, max_q2: 104.940, min_q2: 1.943
	target_q: 85.824, max_target_q: 104.465, min_target_q: 2.713
	avg_conservative_loss: -0.004, conservative_weight:  0.000
	avg_smooth_loss:  2.475

2023-02-23 19:05:32 - 
[#Step 60000] eval_reward: 59.363, eval_time: 4.294, time: 7.665
	critic_loss: 1.460, max_critic_loss: 36.726, min_critic_loss: 0.012
	actor_loss: -90.654, max_actor_loss: -0.714, min_actor_loss: -109.695
	value_loss: 0.130, max_value_loss: 4.237, min_value_loss: 0.000
	weight: 0.508, max_weight: 0.700, min_weight: 0.300
	v: 89.033, max_v: 104.792, min_v: -6.149
	q1: 89.306, max_q1: 105.667, min_q1: -2.640
	q2: 88.873, max_q2: 104.451, min_q2: -6.436
	target_q: 89.220, max_target_q: 105.066, min_target_q: -5.729
	avg_conservative_loss:  0.001, conservative_weight:  0.000
	avg_smooth_loss:  2.406

2023-02-23 19:06:31 - 
[#Step 70000] eval_reward: 63.045, eval_time: 4.528, time: 8.649
	critic_loss: 1.473, max_critic_loss: 26.787, min_critic_loss: 0.002
	actor_loss: -88.708, max_actor_loss: -1.642, min_actor_loss: -113.588
	value_loss: 0.115, max_value_loss: 8.125, min_value_loss: 0.000
	weight: 0.383, max_weight: 0.700, min_weight: 0.300
	v: 87.224, max_v: 105.214, min_v: 3.236
	q1: 86.958, max_q1: 104.918, min_q1: 3.049
	q2: 87.091, max_q2: 105.801, min_q2: 3.492
	target_q: 87.256, max_target_q: 105.080, min_target_q: 1.311
	avg_conservative_loss:  0.005, conservative_weight:  0.000
	avg_smooth_loss:  2.306

2023-02-23 19:07:30 - 
[#Step 80000] eval_reward: 63.402, eval_time: 4.514, time: 9.634
	critic_loss: 0.875, max_critic_loss: 27.086, min_critic_loss: 0.001
	actor_loss: -89.047, max_actor_loss: -4.074, min_actor_loss: -110.099
	value_loss: 0.098, max_value_loss: 4.300, min_value_loss: 0.000
	weight: 0.538, max_weight: 0.700, min_weight: 0.300
	v: 87.133, max_v: 104.898, min_v: 5.514
	q1: 87.057, max_q1: 104.684, min_q1: 6.195
	q2: 87.307, max_q2: 105.472, min_q2: 4.271
	target_q: 87.190, max_target_q: 104.708, min_target_q: 4.709
	avg_conservative_loss: -0.001, conservative_weight:  0.000
	avg_smooth_loss:  1.971

2023-02-23 19:08:29 - 
[#Step 90000] eval_reward: 57.737, eval_time: 4.227, time: 10.613
	critic_loss: 0.741, max_critic_loss: 11.016, min_critic_loss: 0.001
	actor_loss: -91.773, max_actor_loss: -2.532, min_actor_loss: -110.745
	value_loss: 0.124, max_value_loss: 8.572, min_value_loss: 0.000
	weight: 0.444, max_weight: 0.700, min_weight: 0.300
	v: 89.857, max_v: 104.389, min_v: 6.760
	q1: 89.955, max_q1: 104.237, min_q1: 5.643
	q2: 89.752, max_q2: 104.548, min_q2: 6.400
	target_q: 89.716, max_target_q: 104.008, min_target_q: 6.808
	avg_conservative_loss:  0.008, conservative_weight:  0.000
	avg_smooth_loss:  1.944

2023-02-23 19:09:28 - 
[#Step 100000] eval_reward: 57.790, eval_time: 4.381, time: 11.591
	critic_loss: 2.011, max_critic_loss: 70.818, min_critic_loss: 0.010
	actor_loss: -89.278, max_actor_loss: 0.667, min_actor_loss: -110.568
	value_loss: 0.220, max_value_loss: 9.773, min_value_loss: 0.000
	weight: 0.395, max_weight: 0.700, min_weight: 0.300
	v: 87.653, max_v: 105.310, min_v: 0.913
	q1: 87.663, max_q1: 105.720, min_q1: 0.674
	q2: 86.828, max_q2: 103.934, min_q2: -0.057
	target_q: 87.687, max_target_q: 105.508, min_target_q: 1.280
	avg_conservative_loss: -0.004, conservative_weight:  0.000
	avg_smooth_loss:  2.326

2023-02-23 19:10:26 - 
[#Step 110000] eval_reward: 55.161, eval_time: 4.086, time: 12.566
	critic_loss: 0.834, max_critic_loss: 12.061, min_critic_loss: 0.003
	actor_loss: -91.415, max_actor_loss: -2.665, min_actor_loss: -115.929
	value_loss: 0.106, max_value_loss: 2.616, min_value_loss: 0.000
	weight: 0.470, max_weight: 0.700, min_weight: 0.300
	v: 89.439, max_v: 105.488, min_v: 4.624
	q1: 89.493, max_q1: 105.735, min_q1: 5.477
	q2: 89.544, max_q2: 105.166, min_q2: 4.294
	target_q: 89.502, max_target_q: 105.464, min_target_q: 4.820
	avg_conservative_loss:  0.001, conservative_weight:  0.000
	avg_smooth_loss:  1.775

2023-02-23 19:11:24 - 
[#Step 120000] eval_reward: 48.395, eval_time: 3.635, time: 13.534
	critic_loss: 0.965, max_critic_loss: 16.407, min_critic_loss: 0.000
	actor_loss: -91.051, max_actor_loss: -6.493, min_actor_loss: -110.358
	value_loss: 0.143, max_value_loss: 4.439, min_value_loss: 0.000
	weight: 0.514, max_weight: 0.700, min_weight: 0.300
	v: 88.759, max_v: 104.713, min_v: 7.443
	q1: 88.955, max_q1: 105.602, min_q1: 6.983
	q2: 88.763, max_q2: 104.514, min_q2: 7.165
	target_q: 88.911, max_target_q: 104.896, min_target_q: 6.832
	avg_conservative_loss: -0.003, conservative_weight:  0.000
	avg_smooth_loss:  2.032

2023-02-23 19:12:23 - 
[#Step 130000] eval_reward: 53.855, eval_time: 4.248, time: 14.510
	critic_loss: 0.869, max_critic_loss: 9.130, min_critic_loss: 0.002
	actor_loss: -89.575, max_actor_loss: 0.069, min_actor_loss: -113.033
	value_loss: 0.146, max_value_loss: 6.979, min_value_loss: 0.000
	weight: 0.397, max_weight: 0.700, min_weight: 0.300
	v: 87.800, max_v: 105.725, min_v: 1.527
	q1: 87.451, max_q1: 105.235, min_q1: 1.632
	q2: 87.435, max_q2: 105.100, min_q2: 1.348
	target_q: 87.596, max_target_q: 105.693, min_target_q: 1.395
	avg_conservative_loss: -0.002, conservative_weight:  0.000
	avg_smooth_loss:  2.321

2023-02-23 19:13:21 - 
[#Step 140000] eval_reward: 59.198, eval_time: 4.441, time: 15.487
	critic_loss: 0.799, max_critic_loss: 16.242, min_critic_loss: 0.002
	actor_loss: -90.141, max_actor_loss: -1.325, min_actor_loss: -111.298
	value_loss: 0.077, max_value_loss: 2.930, min_value_loss: 0.000
	weight: 0.431, max_weight: 0.700, min_weight: 0.300
	v: 88.353, max_v: 105.216, min_v: 2.325
	q1: 88.176, max_q1: 104.541, min_q1: 2.977
	q2: 88.501, max_q2: 104.796, min_q2: 2.842
	target_q: 88.479, max_target_q: 105.266, min_target_q: 1.346
	avg_conservative_loss:  0.003, conservative_weight:  0.000
	avg_smooth_loss:  1.975

2023-02-23 19:14:20 - 
[#Step 150000] eval_reward: 58.622, eval_time: 4.389, time: 16.467
	critic_loss: 0.733, max_critic_loss: 20.126, min_critic_loss: 0.001
	actor_loss: -90.905, max_actor_loss: -6.594, min_actor_loss: -110.386
	value_loss: 0.108, max_value_loss: 2.069, min_value_loss: 0.000
	weight: 0.409, max_weight: 0.700, min_weight: 0.300
	v: 88.901, max_v: 104.144, min_v: 8.461
	q1: 88.798, max_q1: 105.099, min_q1: 8.223
	q2: 88.879, max_q2: 104.577, min_q2: 8.414
	target_q: 88.853, max_target_q: 105.000, min_target_q: 8.426
	avg_conservative_loss: -0.002, conservative_weight:  0.000
	avg_smooth_loss:  1.933

2023-02-23 19:15:19 - 
[#Step 160000] eval_reward: 59.268, eval_time: 4.477, time: 17.446
	critic_loss: 1.258, max_critic_loss: 24.873, min_critic_loss: 0.001
	actor_loss: -87.030, max_actor_loss: -0.549, min_actor_loss: -111.783
	value_loss: 0.111, max_value_loss: 4.794, min_value_loss: 0.000
	weight: 0.508, max_weight: 0.700, min_weight: 0.300
	v: 85.333, max_v: 105.359, min_v: 2.116
	q1: 84.943, max_q1: 103.792, min_q1: 2.118
	q2: 85.804, max_q2: 105.989, min_q2: 3.350
	target_q: 85.302, max_target_q: 105.723, min_target_q: 2.702
	avg_conservative_loss: -0.001, conservative_weight:  0.000
	avg_smooth_loss:  2.083

2023-02-23 19:16:17 - 
[#Step 170000] eval_reward: 55.843, eval_time: 4.170, time: 18.420
	critic_loss: 1.138, max_critic_loss: 20.214, min_critic_loss: 0.000
	actor_loss: -89.356, max_actor_loss: -7.333, min_actor_loss: -112.184
	value_loss: 0.165, max_value_loss: 10.348, min_value_loss: 0.000
	weight: 0.480, max_weight: 0.700, min_weight: 0.300
	v: 87.617, max_v: 105.666, min_v: 7.248
	q1: 87.607, max_q1: 105.621, min_q1: 7.029
	q2: 87.405, max_q2: 106.080, min_q2: 7.309
	target_q: 87.888, max_target_q: 106.069, min_target_q: 7.958
	avg_conservative_loss: -0.002, conservative_weight:  0.000
	avg_smooth_loss:  2.077

2023-02-23 19:17:15 - 
[#Step 180000] eval_reward: 52.140, eval_time: 3.766, time: 19.384
	critic_loss: 1.309, max_critic_loss: 115.919, min_critic_loss: 0.003
	actor_loss: -89.320, max_actor_loss: -0.877, min_actor_loss: -116.433
	value_loss: 0.086, max_value_loss: 2.080, min_value_loss: 0.000
	weight: 0.367, max_weight: 0.700, min_weight: 0.300
	v: 87.521, max_v: 105.796, min_v: 1.518
	q1: 87.643, max_q1: 106.454, min_q1: 2.104
	q2: 87.213, max_q2: 105.871, min_q2: 0.523
	target_q: 87.436, max_target_q: 106.329, min_target_q: 1.356
	avg_conservative_loss:  0.003, conservative_weight:  0.000
	avg_smooth_loss:  1.941

2023-02-23 19:18:13 - 
[#Step 190000] eval_reward: 52.113, eval_time: 3.836, time: 20.354
	critic_loss: 1.741, max_critic_loss: 61.400, min_critic_loss: 0.001
	actor_loss: -89.713, max_actor_loss: -3.323, min_actor_loss: -112.910
	value_loss: 0.144, max_value_loss: 6.777, min_value_loss: 0.000
	weight: 0.466, max_weight: 0.700, min_weight: 0.300
	v: 87.762, max_v: 105.640, min_v: 5.382
	q1: 87.450, max_q1: 105.244, min_q1: 5.464
	q2: 88.025, max_q2: 105.662, min_q2: 5.092
	target_q: 87.804, max_target_q: 106.114, min_target_q: 5.388
	avg_conservative_loss: -0.003, conservative_weight:  0.000
	avg_smooth_loss:  2.150

2023-02-23 19:19:11 - 
[#Step 200000] eval_reward: 51.556, eval_time: 3.749, time: 21.323
	critic_loss: 1.340, max_critic_loss: 25.119, min_critic_loss: 0.001
	actor_loss: -90.855, max_actor_loss: 0.697, min_actor_loss: -112.098
	value_loss: 0.098, max_value_loss: 3.407, min_value_loss: 0.000
	weight: 0.434, max_weight: 0.700, min_weight: 0.300
	v: 88.985, max_v: 105.001, min_v: 1.544
	q1: 88.988, max_q1: 104.508, min_q1: 1.014
	q2: 88.761, max_q2: 105.384, min_q2: 1.127
	target_q: 89.067, max_target_q: 105.454, min_target_q: 1.289
	avg_conservative_loss:  0.005, conservative_weight:  0.000
	avg_smooth_loss:  1.849

2023-02-23 19:20:10 - 
[#Step 210000] eval_reward: 56.429, eval_time: 4.138, time: 22.297
	critic_loss: 1.833, max_critic_loss: 49.512, min_critic_loss: 0.002
	actor_loss: -86.664, max_actor_loss: -1.779, min_actor_loss: -110.333
	value_loss: 0.199, max_value_loss: 19.772, min_value_loss: 0.000
	weight: 0.378, max_weight: 0.700, min_weight: 0.300
	v: 85.352, max_v: 105.474, min_v: 4.474
	q1: 85.387, max_q1: 105.258, min_q1: 3.520
	q2: 84.688, max_q2: 105.008, min_q2: 3.988
	target_q: 85.337, max_target_q: 105.635, min_target_q: 4.402
	avg_conservative_loss:  0.002, conservative_weight:  0.000
	avg_smooth_loss:  2.352

2023-02-23 19:21:08 - 
[#Step 220000] eval_reward: 58.410, eval_time: 4.280, time: 23.274
	critic_loss: 0.973, max_critic_loss: 23.773, min_critic_loss: 0.000
	actor_loss: -91.790, max_actor_loss: -9.701, min_actor_loss: -110.570
	value_loss: 0.133, max_value_loss: 5.026, min_value_loss: 0.000
	weight: 0.455, max_weight: 0.700, min_weight: 0.300
	v: 89.569, max_v: 104.091, min_v: 11.836
	q1: 89.678, max_q1: 104.324, min_q1: 8.411
	q2: 89.492, max_q2: 104.025, min_q2: 8.327
	target_q: 89.456, max_target_q: 103.967, min_target_q: 11.429
	avg_conservative_loss: -0.002, conservative_weight:  0.000
	avg_smooth_loss:  1.817

2023-02-23 19:22:07 - 
[#Step 230000] eval_reward: 51.160, eval_time: 3.761, time: 24.242
	critic_loss: 1.119, max_critic_loss: 80.486, min_critic_loss: 0.002
	actor_loss: -93.362, max_actor_loss: 0.187, min_actor_loss: -110.936
	value_loss: 0.132, max_value_loss: 3.468, min_value_loss: 0.000
	weight: 0.344, max_weight: 0.700, min_weight: 0.300
	v: 91.256, max_v: 104.694, min_v: 3.456
	q1: 91.055, max_q1: 104.557, min_q1: 4.243
	q2: 91.274, max_q2: 105.008, min_q2: 3.112
	target_q: 90.969, max_target_q: 104.884, min_target_q: 1.329
	avg_conservative_loss: -0.000, conservative_weight:  0.000
	avg_smooth_loss:  1.730

2023-02-23 19:23:05 - 
[#Step 240000] eval_reward: 52.023, eval_time: 3.742, time: 25.210
	critic_loss: 0.883, max_critic_loss: 11.722, min_critic_loss: 0.008
	actor_loss: -87.639, max_actor_loss: 1.655, min_actor_loss: -111.189
	value_loss: 0.086, max_value_loss: 2.193, min_value_loss: 0.000
	weight: 0.480, max_weight: 0.700, min_weight: 0.300
	v: 86.094, max_v: 104.447, min_v: 1.510
	q1: 85.862, max_q1: 104.650, min_q1: 0.963
	q2: 85.796, max_q2: 103.551, min_q2: 0.440
	target_q: 86.253, max_target_q: 104.621, min_target_q: 1.413
	avg_conservative_loss: -0.003, conservative_weight:  0.000
	avg_smooth_loss:  1.853

2023-02-23 19:24:03 - 
[#Step 250000] eval_reward: 52.585, eval_time: 3.819, time: 26.180
	critic_loss: 0.660, max_critic_loss: 10.226, min_critic_loss: 0.000
	actor_loss: -90.143, max_actor_loss: -2.278, min_actor_loss: -110.981
	value_loss: 0.119, max_value_loss: 4.228, min_value_loss: 0.000
	weight: 0.431, max_weight: 0.700, min_weight: 0.300
	v: 88.192, max_v: 104.406, min_v: 3.479
	q1: 88.090, max_q1: 105.031, min_q1: 3.097
	q2: 88.236, max_q2: 105.300, min_q2: 4.353
	target_q: 88.249, max_target_q: 105.382, min_target_q: 3.391
	avg_conservative_loss:  0.006, conservative_weight:  0.000
	avg_smooth_loss:  2.135

2023-02-23 19:25:01 - 
[#Step 260000] eval_reward: 56.552, eval_time: 4.151, time: 27.155
	critic_loss: 0.812, max_critic_loss: 10.879, min_critic_loss: 0.001
	actor_loss: -88.110, max_actor_loss: -2.473, min_actor_loss: -111.051
	value_loss: 0.074, max_value_loss: 2.136, min_value_loss: 0.000
	weight: 0.498, max_weight: 0.700, min_weight: 0.300
	v: 85.685, max_v: 104.543, min_v: 4.917
	q1: 86.073, max_q1: 105.213, min_q1: 5.464
	q2: 85.849, max_q2: 105.035, min_q2: 5.016
	target_q: 85.680, max_target_q: 104.775, min_target_q: 4.924
	avg_conservative_loss: -0.006, conservative_weight:  0.000
	avg_smooth_loss:  2.089

2023-02-23 19:26:00 - 
[#Step 270000] eval_reward: 52.557, eval_time: 3.816, time: 28.127
	critic_loss: 0.844, max_critic_loss: 16.538, min_critic_loss: 0.000
	actor_loss: -89.639, max_actor_loss: -5.258, min_actor_loss: -114.449
	value_loss: 0.142, max_value_loss: 10.162, min_value_loss: 0.000
	weight: 0.522, max_weight: 0.700, min_weight: 0.300
	v: 87.489, max_v: 105.005, min_v: 6.267
	q1: 87.904, max_q1: 106.116, min_q1: 6.969
	q2: 87.595, max_q2: 104.972, min_q2: 6.268
	target_q: 87.784, max_target_q: 105.299, min_target_q: 6.941
	avg_conservative_loss:  0.004, conservative_weight:  0.000
	avg_smooth_loss:  1.980

2023-02-23 19:26:58 - 
[#Step 280000] eval_reward: 55.819, eval_time: 4.153, time: 29.099
	critic_loss: 1.261, max_critic_loss: 29.447, min_critic_loss: 0.001
	actor_loss: -87.282, max_actor_loss: -0.311, min_actor_loss: -109.847
	value_loss: 0.115, max_value_loss: 3.099, min_value_loss: 0.000
	weight: 0.481, max_weight: 0.700, min_weight: 0.300
	v: 85.265, max_v: 104.673, min_v: 1.908
	q1: 85.549, max_q1: 104.998, min_q1: 1.214
	q2: 85.434, max_q2: 103.605, min_q2: 4.435
	target_q: 85.248, max_target_q: 104.295, min_target_q: 1.362
	avg_conservative_loss:  0.001, conservative_weight:  0.000
	avg_smooth_loss:  2.350

2023-02-23 19:27:55 - 
[#Step 290000] eval_reward: 52.196, eval_time: 3.789, time: 30.041
	critic_loss: 0.814, max_critic_loss: 24.945, min_critic_loss: 0.007
	actor_loss: -89.488, max_actor_loss: -1.066, min_actor_loss: -111.088
	value_loss: 0.088, max_value_loss: 7.795, min_value_loss: 0.000
	weight: 0.387, max_weight: 0.700, min_weight: 0.300
	v: 87.727, max_v: 104.608, min_v: 4.154
	q1: 87.353, max_q1: 104.617, min_q1: 4.827
	q2: 87.737, max_q2: 104.565, min_q2: 2.954
	target_q: 87.672, max_target_q: 105.111, min_target_q: 4.151
	avg_conservative_loss: -0.002, conservative_weight:  0.000
	avg_smooth_loss:  1.730

2023-02-23 19:28:52 - 
[#Step 300000] eval_reward: 56.997, eval_time: 4.193, time: 30.994
	critic_loss: 0.801, max_critic_loss: 10.091, min_critic_loss: 0.011
	actor_loss: -87.794, max_actor_loss: -0.437, min_actor_loss: -111.516
	value_loss: 0.076, max_value_loss: 2.544, min_value_loss: 0.000
	weight: 0.488, max_weight: 0.700, min_weight: 0.300
	v: 85.847, max_v: 105.301, min_v: 2.757
	q1: 86.174, max_q1: 106.083, min_q1: 3.051
	q2: 85.653, max_q2: 104.367, min_q2: 1.917
	target_q: 85.847, max_target_q: 105.221, min_target_q: 2.267
	avg_conservative_loss:  0.000, conservative_weight:  0.000
	avg_smooth_loss:  1.603

2023-02-23 19:29:50 - 
[#Step 310000] eval_reward: 52.033, eval_time: 3.702, time: 31.963
	critic_loss: 1.178, max_critic_loss: 81.804, min_critic_loss: 0.000
	actor_loss: -89.381, max_actor_loss: 0.889, min_actor_loss: -110.867
	value_loss: 0.162, max_value_loss: 17.323, min_value_loss: 0.000
	weight: 0.414, max_weight: 0.700, min_weight: 0.300
	v: 87.588, max_v: 105.247, min_v: 2.039
	q1: 87.289, max_q1: 105.008, min_q1: 1.294
	q2: 87.581, max_q2: 104.844, min_q2: 1.138
	target_q: 87.571, max_target_q: 104.828, min_target_q: 1.158
	avg_conservative_loss:  0.003, conservative_weight:  0.000
	avg_smooth_loss:  1.847

2023-02-23 19:30:48 - 
[#Step 320000] eval_reward: 55.648, eval_time: 4.023, time: 32.936
	critic_loss: 1.017, max_critic_loss: 33.266, min_critic_loss: 0.003
	actor_loss: -89.282, max_actor_loss: -1.671, min_actor_loss: -109.354
	value_loss: 0.160, max_value_loss: 12.618, min_value_loss: 0.000
	weight: 0.606, max_weight: 0.700, min_weight: 0.300
	v: 86.774, max_v: 103.697, min_v: 2.148
	q1: 87.104, max_q1: 103.837, min_q1: 3.238
	q2: 87.092, max_q2: 104.475, min_q2: 2.619
	target_q: 86.830, max_target_q: 104.368, min_target_q: 1.971
	avg_conservative_loss: -0.002, conservative_weight:  0.000
	avg_smooth_loss:  1.753

2023-02-23 19:31:46 - 
[#Step 330000] eval_reward: 45.884, eval_time: 3.369, time: 33.895
	critic_loss: 0.855, max_critic_loss: 15.181, min_critic_loss: 0.006
	actor_loss: -88.062, max_actor_loss: -1.232, min_actor_loss: -111.779
	value_loss: 0.070, max_value_loss: 2.731, min_value_loss: 0.000
	weight: 0.431, max_weight: 0.700, min_weight: 0.300
	v: 85.807, max_v: 104.490, min_v: 3.063
	q1: 86.041, max_q1: 105.678, min_q1: 2.648
	q2: 85.957, max_q2: 104.766, min_q2: 3.990
	target_q: 85.747, max_target_q: 104.985, min_target_q: 2.827
	avg_conservative_loss:  0.001, conservative_weight:  0.000
	avg_smooth_loss:  1.915

2023-02-23 19:32:43 - 
[#Step 340000] eval_reward: 45.795, eval_time: 3.274, time: 34.856
	critic_loss: 0.854, max_critic_loss: 21.952, min_critic_loss: 0.002
	actor_loss: -89.720, max_actor_loss: -1.692, min_actor_loss: -110.624
	value_loss: 0.092, max_value_loss: 1.929, min_value_loss: 0.000
	weight: 0.480, max_weight: 0.700, min_weight: 0.300
	v: 87.267, max_v: 103.941, min_v: 2.655
	q1: 87.495, max_q1: 104.894, min_q1: 2.776
	q2: 87.265, max_q2: 104.788, min_q2: 4.207
	target_q: 87.455, max_target_q: 104.450, min_target_q: 3.004
	avg_conservative_loss: -0.008, conservative_weight:  0.000
	avg_smooth_loss:  2.223

2023-02-23 19:33:41 - 
[#Step 350000] eval_reward: 49.356, eval_time: 3.588, time: 35.823
	critic_loss: 0.651, max_critic_loss: 7.718, min_critic_loss: 0.001
	actor_loss: -87.357, max_actor_loss: -7.510, min_actor_loss: -109.550
	value_loss: 0.097, max_value_loss: 2.508, min_value_loss: 0.000
	weight: 0.481, max_weight: 0.700, min_weight: 0.300
	v: 85.323, max_v: 103.895, min_v: 7.199
	q1: 85.455, max_q1: 104.058, min_q1: 7.675
	q2: 85.300, max_q2: 104.010, min_q2: 7.022
	target_q: 85.466, max_target_q: 104.483, min_target_q: 7.091
	avg_conservative_loss: -0.002, conservative_weight:  0.000
	avg_smooth_loss:  1.804

2023-02-23 19:34:40 - 
[#Step 360000] eval_reward: 60.024, eval_time: 4.293, time: 36.798
	critic_loss: 1.240, max_critic_loss: 25.649, min_critic_loss: 0.001
	actor_loss: -87.002, max_actor_loss: 0.913, min_actor_loss: -109.912
	value_loss: 0.114, max_value_loss: 2.862, min_value_loss: 0.000
	weight: 0.469, max_weight: 0.700, min_weight: 0.300
	v: 85.404, max_v: 104.756, min_v: 0.968
	q1: 85.160, max_q1: 104.132, min_q1: 1.034
	q2: 85.554, max_q2: 104.095, min_q2: 1.697
	target_q: 85.601, max_target_q: 104.544, min_target_q: 1.408
	avg_conservative_loss:  0.004, conservative_weight:  0.000
	avg_smooth_loss:  1.758

2023-02-23 19:35:38 - 
[#Step 370000] eval_reward: 47.114, eval_time: 3.498, time: 37.763
	critic_loss: 1.254, max_critic_loss: 56.368, min_critic_loss: 0.001
	actor_loss: -90.000, max_actor_loss: -4.332, min_actor_loss: -111.487
	value_loss: 0.120, max_value_loss: 2.767, min_value_loss: 0.000
	weight: 0.527, max_weight: 0.700, min_weight: 0.300
	v: 87.617, max_v: 103.338, min_v: 4.221
	q1: 87.790, max_q1: 103.672, min_q1: 5.002
	q2: 87.769, max_q2: 103.498, min_q2: 4.933
	target_q: 87.557, max_target_q: 104.353, min_target_q: 4.266
	avg_conservative_loss: -0.004, conservative_weight:  0.000
	avg_smooth_loss:  1.832

2023-02-23 19:36:36 - 
[#Step 380000] eval_reward: 52.251, eval_time: 3.766, time: 38.735
	critic_loss: 1.704, max_critic_loss: 27.794, min_critic_loss: 0.002
	actor_loss: -89.728, max_actor_loss: 0.526, min_actor_loss: -109.372
	value_loss: 0.083, max_value_loss: 1.286, min_value_loss: 0.000
	weight: 0.528, max_weight: 0.700, min_weight: 0.300
	v: 87.307, max_v: 104.201, min_v: 0.982
	q1: 87.713, max_q1: 104.400, min_q1: 1.509
	q2: 87.642, max_q2: 104.539, min_q2: 0.932
	target_q: 87.162, max_target_q: 104.553, min_target_q: 1.282
	avg_conservative_loss: -0.005, conservative_weight:  0.000
	avg_smooth_loss:  1.919

2023-02-23 19:37:35 - 
[#Step 390000] eval_reward: 52.183, eval_time: 3.818, time: 39.708
	critic_loss: 1.013, max_critic_loss: 28.528, min_critic_loss: 0.001
	actor_loss: -88.148, max_actor_loss: -1.834, min_actor_loss: -109.298
	value_loss: 0.116, max_value_loss: 5.100, min_value_loss: 0.000
	weight: 0.369, max_weight: 0.700, min_weight: 0.300
	v: 86.435, max_v: 103.312, min_v: 3.537
	q1: 86.229, max_q1: 102.872, min_q1: 2.106
	q2: 86.164, max_q2: 102.791, min_q2: 3.161
	target_q: 86.387, max_target_q: 104.353, min_target_q: 1.457
	avg_conservative_loss: -0.002, conservative_weight:  0.000
	avg_smooth_loss:  1.802

2023-02-23 19:38:33 - 
[#Step 400000] eval_reward: 53.752, eval_time: 3.873, time: 40.681
	critic_loss: 0.980, max_critic_loss: 80.582, min_critic_loss: 0.002
	actor_loss: -86.849, max_actor_loss: -1.846, min_actor_loss: -110.938
	value_loss: 0.077, max_value_loss: 3.980, min_value_loss: 0.000
	weight: 0.444, max_weight: 0.700, min_weight: 0.300
	v: 84.940, max_v: 104.413, min_v: 2.692
	q1: 85.097, max_q1: 104.153, min_q1: 3.626
	q2: 84.728, max_q2: 104.584, min_q2: 2.561
	target_q: 84.846, max_target_q: 104.631, min_target_q: 2.539
	avg_conservative_loss: -0.001, conservative_weight:  0.000
	avg_smooth_loss:  1.701

2023-02-23 19:39:31 - 
[#Step 410000] eval_reward: 53.023, eval_time: 3.879, time: 41.653
	critic_loss: 0.833, max_critic_loss: 15.923, min_critic_loss: 0.000
	actor_loss: -87.156, max_actor_loss: 0.243, min_actor_loss: -111.998
	value_loss: 0.127, max_value_loss: 4.289, min_value_loss: 0.000
	weight: 0.448, max_weight: 0.700, min_weight: 0.300
	v: 85.401, max_v: 104.535, min_v: 0.073
	q1: 85.193, max_q1: 103.628, min_q1: 1.088
	q2: 85.484, max_q2: 104.127, min_q2: 0.033
	target_q: 85.304, max_target_q: 104.228, min_target_q: 1.041
	avg_conservative_loss: -0.004, conservative_weight:  0.000
	avg_smooth_loss:  2.092

2023-02-23 19:40:30 - 
[#Step 420000] eval_reward: 52.687, eval_time: 4.282, time: 42.634
	critic_loss: 1.218, max_critic_loss: 15.449, min_critic_loss: 0.005
	actor_loss: -88.250, max_actor_loss: -2.892, min_actor_loss: -109.645
	value_loss: 0.123, max_value_loss: 3.299, min_value_loss: 0.000
	weight: 0.514, max_weight: 0.700, min_weight: 0.300
	v: 86.254, max_v: 104.181, min_v: 4.320
	q1: 86.745, max_q1: 105.128, min_q1: 4.871
	q2: 85.996, max_q2: 103.858, min_q2: 3.604
	target_q: 86.582, max_target_q: 105.063, min_target_q: 4.784
	avg_conservative_loss: -0.005, conservative_weight:  0.000
	avg_smooth_loss:  2.250

2023-02-23 19:41:28 - 
[#Step 430000] eval_reward: 50.686, eval_time: 3.802, time: 43.607
	critic_loss: 0.937, max_critic_loss: 63.799, min_critic_loss: 0.000
	actor_loss: -89.575, max_actor_loss: -2.949, min_actor_loss: -112.557
	value_loss: 0.088, max_value_loss: 1.899, min_value_loss: 0.000
	weight: 0.505, max_weight: 0.700, min_weight: 0.300
	v: 87.291, max_v: 104.415, min_v: 3.724
	q1: 87.312, max_q1: 104.188, min_q1: 5.624
	q2: 87.408, max_q2: 105.004, min_q2: 4.155
	target_q: 87.310, max_target_q: 104.253, min_target_q: 3.928
	avg_conservative_loss:  0.005, conservative_weight:  0.000
	avg_smooth_loss:  1.545

2023-02-23 19:42:27 - 
[#Step 440000] eval_reward: 56.102, eval_time: 4.268, time: 44.584
	critic_loss: 1.286, max_critic_loss: 27.114, min_critic_loss: 0.002
	actor_loss: -88.130, max_actor_loss: 1.046, min_actor_loss: -110.143
	value_loss: 0.127, max_value_loss: 6.618, min_value_loss: 0.000
	weight: 0.419, max_weight: 0.700, min_weight: 0.300
	v: 86.395, max_v: 104.489, min_v: 2.946
	q1: 86.616, max_q1: 105.160, min_q1: 4.694
	q2: 85.917, max_q2: 104.671, min_q2: 3.219
	target_q: 86.409, max_target_q: 104.391, min_target_q: 2.876
	avg_conservative_loss:  0.005, conservative_weight:  0.000
	avg_smooth_loss:  1.966

2023-02-23 19:43:26 - 
[#Step 450000] eval_reward: 54.724, eval_time: 4.499, time: 45.567
	critic_loss: 1.419, max_critic_loss: 25.927, min_critic_loss: 0.010
	actor_loss: -88.276, max_actor_loss: -5.320, min_actor_loss: -110.814
	value_loss: 0.116, max_value_loss: 4.740, min_value_loss: 0.000
	weight: 0.472, max_weight: 0.700, min_weight: 0.300
	v: 86.351, max_v: 104.027, min_v: 6.248
	q1: 86.807, max_q1: 104.560, min_q1: 6.981
	q2: 86.297, max_q2: 103.604, min_q2: 6.405
	target_q: 86.210, max_target_q: 104.245, min_target_q: 6.380
	avg_conservative_loss: -0.000, conservative_weight:  0.000
	avg_smooth_loss:  2.011

2023-02-23 19:44:24 - 
[#Step 460000] eval_reward: 48.584, eval_time: 3.667, time: 46.538
	critic_loss: 0.766, max_critic_loss: 15.872, min_critic_loss: 0.000
	actor_loss: -86.709, max_actor_loss: 0.042, min_actor_loss: -109.887
	value_loss: 0.145, max_value_loss: 15.428, min_value_loss: 0.000
	weight: 0.444, max_weight: 0.700, min_weight: 0.300
	v: 84.699, max_v: 103.614, min_v: 0.757
	q1: 84.632, max_q1: 103.582, min_q1: 0.693
	q2: 84.467, max_q2: 103.474, min_q2: 0.783
	target_q: 84.791, max_target_q: 104.071, min_target_q: 1.312
	avg_conservative_loss:  0.000, conservative_weight:  0.000
	avg_smooth_loss:  2.150

2023-02-23 19:45:23 - 
[#Step 470000] eval_reward: 55.979, eval_time: 4.263, time: 47.513
	critic_loss: 1.217, max_critic_loss: 98.740, min_critic_loss: 0.000
	actor_loss: -88.342, max_actor_loss: 1.890, min_actor_loss: -110.488
	value_loss: 0.185, max_value_loss: 11.823, min_value_loss: 0.000
	weight: 0.355, max_weight: 0.700, min_weight: 0.300
	v: 86.064, max_v: 103.934, min_v: 3.986
	q1: 86.130, max_q1: 103.582, min_q1: 3.253
	q2: 85.748, max_q2: 103.958, min_q2: 3.846
	target_q: 86.092, max_target_q: 104.018, min_target_q: 4.549
	avg_conservative_loss: -0.006, conservative_weight:  0.000
	avg_smooth_loss:  1.882

2023-02-23 19:46:21 - 
[#Step 480000] eval_reward: 52.536, eval_time: 4.273, time: 48.486
	critic_loss: 0.992, max_critic_loss: 20.132, min_critic_loss: 0.000
	actor_loss: -89.529, max_actor_loss: -1.340, min_actor_loss: -110.079
	value_loss: 0.123, max_value_loss: 5.646, min_value_loss: 0.000
	weight: 0.483, max_weight: 0.700, min_weight: 0.300
	v: 86.823, max_v: 103.750, min_v: 3.504
	q1: 87.150, max_q1: 104.447, min_q1: 5.218
	q2: 87.032, max_q2: 103.683, min_q2: 4.396
	target_q: 86.799, max_target_q: 103.364, min_target_q: 2.944
	avg_conservative_loss: -0.003, conservative_weight:  0.000
	avg_smooth_loss:  2.182

2023-02-23 19:47:19 - 
[#Step 490000] eval_reward: 50.159, eval_time: 3.663, time: 49.453
	critic_loss: 0.893, max_critic_loss: 24.545, min_critic_loss: 0.003
	actor_loss: -87.467, max_actor_loss: -0.570, min_actor_loss: -112.761
	value_loss: 0.077, max_value_loss: 4.421, min_value_loss: 0.000
	weight: 0.491, max_weight: 0.700, min_weight: 0.300
	v: 85.502, max_v: 104.063, min_v: 2.878
	q1: 85.641, max_q1: 104.216, min_q1: 2.600
	q2: 85.596, max_q2: 104.456, min_q2: 2.728
	target_q: 85.696, max_target_q: 104.330, min_target_q: 3.205
	avg_conservative_loss: -0.003, conservative_weight:  0.000
	avg_smooth_loss:  1.497

2023-02-23 19:48:17 - 
[#Step 500000] eval_reward: 49.969, eval_time: 3.687, time: 50.422
	critic_loss: 0.540, max_critic_loss: 10.275, min_critic_loss: 0.000
	actor_loss: -86.863, max_actor_loss: -9.007, min_actor_loss: -112.827
	value_loss: 0.087, max_value_loss: 3.794, min_value_loss: 0.000
	weight: 0.375, max_weight: 0.700, min_weight: 0.300
	v: 85.133, max_v: 104.205, min_v: 8.935
	q1: 85.169, max_q1: 103.569, min_q1: 8.793
	q2: 85.101, max_q2: 104.362, min_q2: 9.406
	target_q: 85.062, max_target_q: 104.404, min_target_q: 9.268
	avg_conservative_loss: -0.003, conservative_weight:  0.000
	avg_smooth_loss:  1.944

2023-02-23 19:49:16 - 
[#Step 510000] eval_reward: 52.728, eval_time: 4.047, time: 51.398
	critic_loss: 1.007, max_critic_loss: 46.936, min_critic_loss: 0.000
	actor_loss: -88.441, max_actor_loss: 1.824, min_actor_loss: -110.945
	value_loss: 0.089, max_value_loss: 3.358, min_value_loss: 0.000
	weight: 0.475, max_weight: 0.700, min_weight: 0.300
	v: 86.226, max_v: 103.789, min_v: -0.490
	q1: 86.329, max_q1: 104.427, min_q1: -1.227
	q2: 86.142, max_q2: 103.793, min_q2: -1.026
	target_q: 86.217, max_target_q: 103.854, min_target_q: 1.260
	avg_conservative_loss: -0.002, conservative_weight:  0.000
	avg_smooth_loss:  1.981

2023-02-23 19:50:14 - 
[#Step 520000] eval_reward: 47.957, eval_time: 3.550, time: 52.362
	critic_loss: 1.370, max_critic_loss: 79.158, min_critic_loss: 0.003
	actor_loss: -87.323, max_actor_loss: -0.275, min_actor_loss: -113.088
	value_loss: 0.299, max_value_loss: 18.925, min_value_loss: 0.000
	weight: 0.394, max_weight: 0.700, min_weight: 0.300
	v: 85.704, max_v: 102.722, min_v: 1.748
	q1: 85.599, max_q1: 102.627, min_q1: 2.295
	q2: 85.171, max_q2: 103.233, min_q2: 1.536
	target_q: 85.712, max_target_q: 103.479, min_target_q: 1.365
	avg_conservative_loss: -0.006, conservative_weight:  0.000
	avg_smooth_loss:  2.096

2023-02-23 19:51:12 - 
[#Step 530000] eval_reward: 52.729, eval_time: 3.878, time: 53.337
	critic_loss: 1.250, max_critic_loss: 39.750, min_critic_loss: 0.006
	actor_loss: -88.176, max_actor_loss: -5.550, min_actor_loss: -111.415
	value_loss: 0.095, max_value_loss: 2.367, min_value_loss: 0.000
	weight: 0.466, max_weight: 0.700, min_weight: 0.300
	v: 86.155, max_v: 103.691, min_v: 7.502
	q1: 85.849, max_q1: 103.132, min_q1: 6.341
	q2: 86.634, max_q2: 104.604, min_q2: 8.255
	target_q: 86.050, max_target_q: 103.770, min_target_q: 7.101
	avg_conservative_loss: -0.004, conservative_weight:  0.000
	avg_smooth_loss:  1.896

2023-02-23 19:52:11 - 
[#Step 540000] eval_reward: 53.309, eval_time: 3.863, time: 54.310
	critic_loss: 0.769, max_critic_loss: 21.296, min_critic_loss: 0.000
	actor_loss: -88.716, max_actor_loss: 0.244, min_actor_loss: -109.695
	value_loss: 0.059, max_value_loss: 1.121, min_value_loss: 0.000
	weight: 0.405, max_weight: 0.700, min_weight: 0.300
	v: 86.866, max_v: 103.833, min_v: 2.240
	q1: 86.925, max_q1: 104.539, min_q1: 1.441
	q2: 86.720, max_q2: 102.785, min_q2: 0.346
	target_q: 86.853, max_target_q: 103.988, min_target_q: 1.390
	avg_conservative_loss: -0.000, conservative_weight:  0.000
	avg_smooth_loss:  1.920

2023-02-23 19:53:09 - 
[#Step 550000] eval_reward: 50.360, eval_time: 3.663, time: 55.278
	critic_loss: 1.008, max_critic_loss: 37.629, min_critic_loss: 0.001
	actor_loss: -88.386, max_actor_loss: 2.470, min_actor_loss: -109.492
	value_loss: 0.122, max_value_loss: 7.912, min_value_loss: 0.000
	weight: 0.500, max_weight: 0.700, min_weight: 0.300
	v: 86.102, max_v: 103.477, min_v: 0.014
	q1: 86.399, max_q1: 102.895, min_q1: 0.658
	q2: 85.921, max_q2: 103.252, min_q2: 1.080
	target_q: 86.133, max_target_q: 103.829, min_target_q: 1.219
	avg_conservative_loss: -0.005, conservative_weight:  0.000
	avg_smooth_loss:  2.152

2023-02-23 19:54:08 - 
[#Step 560000] eval_reward: 59.395, eval_time: 4.338, time: 56.258
	critic_loss: 1.099, max_critic_loss: 13.667, min_critic_loss: 0.010
	actor_loss: -86.187, max_actor_loss: -2.923, min_actor_loss: -110.728
	value_loss: 0.067, max_value_loss: 2.423, min_value_loss: 0.000
	weight: 0.497, max_weight: 0.700, min_weight: 0.300
	v: 84.502, max_v: 103.959, min_v: 3.626
	q1: 84.033, max_q1: 103.566, min_q1: 3.886
	q2: 84.982, max_q2: 104.708, min_q2: 3.631
	target_q: 84.596, max_target_q: 103.859, min_target_q: 3.950
	avg_conservative_loss:  0.003, conservative_weight:  0.000
	avg_smooth_loss:  1.728

2023-02-23 19:55:06 - 
[#Step 570000] eval_reward: 48.093, eval_time: 3.579, time: 57.230
	critic_loss: 0.940, max_critic_loss: 25.094, min_critic_loss: 0.003
	actor_loss: -87.996, max_actor_loss: 0.856, min_actor_loss: -111.754
	value_loss: 0.201, max_value_loss: 23.476, min_value_loss: 0.000
	weight: 0.475, max_weight: 0.700, min_weight: 0.300
	v: 86.155, max_v: 104.171, min_v: 2.926
	q1: 85.999, max_q1: 103.729, min_q1: 3.016
	q2: 86.027, max_q2: 104.286, min_q2: 2.378
	target_q: 86.176, max_target_q: 104.157, min_target_q: 2.917
	avg_conservative_loss: -0.000, conservative_weight:  0.000
	avg_smooth_loss:  2.193

2023-02-23 19:56:04 - 
[#Step 580000] eval_reward: 51.457, eval_time: 3.789, time: 58.205
	critic_loss: 1.366, max_critic_loss: 66.600, min_critic_loss: 0.000
	actor_loss: -87.217, max_actor_loss: -3.317, min_actor_loss: -110.487
	value_loss: 0.168, max_value_loss: 11.095, min_value_loss: 0.000
	weight: 0.344, max_weight: 0.700, min_weight: 0.300
	v: 85.535, max_v: 104.324, min_v: 6.795
	q1: 85.428, max_q1: 104.305, min_q1: 6.664
	q2: 85.099, max_q2: 103.657, min_q2: 6.765
	target_q: 85.237, max_target_q: 103.801, min_target_q: 6.439
	avg_conservative_loss:  0.009, conservative_weight:  0.000
	avg_smooth_loss:  2.167

2023-02-23 19:57:03 - 
[#Step 590000] eval_reward: 52.601, eval_time: 3.870, time: 59.178
	critic_loss: 0.840, max_critic_loss: 14.446, min_critic_loss: 0.000
	actor_loss: -86.504, max_actor_loss: -0.378, min_actor_loss: -109.995
	value_loss: 0.084, max_value_loss: 3.476, min_value_loss: 0.000
	weight: 0.450, max_weight: 0.700, min_weight: 0.300
	v: 84.744, max_v: 103.692, min_v: 2.533
	q1: 84.696, max_q1: 104.094, min_q1: 2.403
	q2: 84.854, max_q2: 103.587, min_q2: 2.737
	target_q: 84.699, max_target_q: 103.871, min_target_q: 2.566
	avg_conservative_loss: -0.003, conservative_weight:  0.000
	avg_smooth_loss:  1.904

2023-02-23 19:58:01 - 
[#Step 600000] eval_reward: 50.296, eval_time: 3.694, time: 60.148
	critic_loss: 0.774, max_critic_loss: 31.274, min_critic_loss: 0.002
	actor_loss: -87.451, max_actor_loss: -0.191, min_actor_loss: -113.216
	value_loss: 0.077, max_value_loss: 3.453, min_value_loss: 0.000
	weight: 0.431, max_weight: 0.700, min_weight: 0.300
	v: 85.626, max_v: 103.751, min_v: 4.059
	q1: 85.536, max_q1: 104.217, min_q1: 4.152
	q2: 85.534, max_q2: 104.042, min_q2: 3.295
	target_q: 85.650, max_target_q: 104.194, min_target_q: 4.063
	avg_conservative_loss:  0.002, conservative_weight:  0.000
	avg_smooth_loss:  1.931

2023-02-23 19:58:59 - 
[#Step 610000] eval_reward: 54.084, eval_time: 3.943, time: 61.123
	critic_loss: 1.111, max_critic_loss: 35.482, min_critic_loss: 0.003
	actor_loss: -87.451, max_actor_loss: -2.126, min_actor_loss: -110.777
	value_loss: 0.163, max_value_loss: 4.884, min_value_loss: 0.000
	weight: 0.400, max_weight: 0.700, min_weight: 0.300
	v: 85.704, max_v: 104.681, min_v: 2.893
	q1: 85.470, max_q1: 104.227, min_q1: 3.040
	q2: 85.584, max_q2: 103.784, min_q2: 2.762
	target_q: 85.637, max_target_q: 104.624, min_target_q: 2.550
	avg_conservative_loss:  0.000, conservative_weight:  0.000
	avg_smooth_loss:  2.304

2023-02-23 19:59:58 - 
[#Step 620000] eval_reward: 55.830, eval_time: 4.132, time: 62.099
	critic_loss: 0.887, max_critic_loss: 16.035, min_critic_loss: 0.001
	actor_loss: -88.354, max_actor_loss: 1.669, min_actor_loss: -112.240
	value_loss: 0.171, max_value_loss: 7.391, min_value_loss: 0.000
	weight: 0.472, max_weight: 0.700, min_weight: 0.300
	v: 85.814, max_v: 103.575, min_v: 0.909
	q1: 85.950, max_q1: 104.560, min_q1: 0.770
	q2: 85.995, max_q2: 104.095, min_q2: 0.989
	target_q: 85.879, max_target_q: 104.103, min_target_q: 1.303
	avg_conservative_loss:  0.000, conservative_weight:  0.000
	avg_smooth_loss:  2.046

2023-02-23 20:00:56 - 
[#Step 630000] eval_reward: 49.341, eval_time: 3.625, time: 63.064
	critic_loss: 0.680, max_critic_loss: 15.174, min_critic_loss: 0.002
	actor_loss: -86.906, max_actor_loss: -4.328, min_actor_loss: -109.438
	value_loss: 0.061, max_value_loss: 1.237, min_value_loss: 0.000
	weight: 0.434, max_weight: 0.700, min_weight: 0.300
	v: 84.852, max_v: 104.293, min_v: 5.237
	q1: 84.967, max_q1: 103.916, min_q1: 6.362
	q2: 84.889, max_q2: 104.238, min_q2: 4.911
	target_q: 84.712, max_target_q: 104.190, min_target_q: 4.957
	avg_conservative_loss:  0.002, conservative_weight:  0.000
	avg_smooth_loss:  1.756

2023-02-23 20:01:54 - 
[#Step 640000] eval_reward: 51.775, eval_time: 3.920, time: 64.031
	critic_loss: 1.118, max_critic_loss: 13.899, min_critic_loss: 0.002
	actor_loss: -88.517, max_actor_loss: -1.658, min_actor_loss: -110.521
	value_loss: 0.084, max_value_loss: 3.077, min_value_loss: 0.000
	weight: 0.445, max_weight: 0.700, min_weight: 0.300
	v: 86.446, max_v: 103.730, min_v: 3.878
	q1: 86.776, max_q1: 104.414, min_q1: 4.863
	q2: 86.004, max_q2: 103.122, min_q2: 3.143
	target_q: 86.654, max_target_q: 103.978, min_target_q: 4.274
	avg_conservative_loss: -0.007, conservative_weight:  0.000
	avg_smooth_loss:  2.176

2023-02-23 20:02:52 - 
[#Step 650000] eval_reward: 53.621, eval_time: 3.961, time: 64.997
	critic_loss: 0.688, max_critic_loss: 17.880, min_critic_loss: 0.000
	actor_loss: -87.289, max_actor_loss: 0.648, min_actor_loss: -110.943
	value_loss: 0.100, max_value_loss: 6.907, min_value_loss: 0.000
	weight: 0.466, max_weight: 0.700, min_weight: 0.300
	v: 84.941, max_v: 103.672, min_v: 1.591
	q1: 84.993, max_q1: 103.189, min_q1: 0.654
	q2: 85.187, max_q2: 103.843, min_q2: 0.708
	target_q: 85.000, max_target_q: 103.442, min_target_q: 1.224
	avg_conservative_loss: -0.002, conservative_weight:  0.000
	avg_smooth_loss:  1.803

2023-02-23 20:03:50 - 
[#Step 660000] eval_reward: 55.383, eval_time: 4.298, time: 65.971
	critic_loss: 1.456, max_critic_loss: 64.785, min_critic_loss: 0.002
	actor_loss: -87.671, max_actor_loss: -2.943, min_actor_loss: -111.571
	value_loss: 0.121, max_value_loss: 2.969, min_value_loss: 0.000
	weight: 0.464, max_weight: 0.700, min_weight: 0.300
	v: 86.063, max_v: 103.905, min_v: 5.143
	q1: 85.997, max_q1: 103.774, min_q1: 6.304
	q2: 86.373, max_q2: 104.829, min_q2: 4.876
	target_q: 86.063, max_target_q: 103.931, min_target_q: 5.056
	avg_conservative_loss:  0.003, conservative_weight:  0.000
	avg_smooth_loss:  1.911

2023-02-23 20:04:48 - 
[#Step 670000] eval_reward: 50.311, eval_time: 4.126, time: 66.940
	critic_loss: 1.125, max_critic_loss: 36.357, min_critic_loss: 0.001
	actor_loss: -89.836, max_actor_loss: -10.671, min_actor_loss: -109.826
	value_loss: 0.119, max_value_loss: 4.376, min_value_loss: 0.000
	weight: 0.523, max_weight: 0.700, min_weight: 0.300
	v: 87.568, max_v: 103.383, min_v: 12.774
	q1: 87.605, max_q1: 103.561, min_q1: 12.456
	q2: 87.807, max_q2: 104.815, min_q2: 12.528
	target_q: 87.697, max_target_q: 104.084, min_target_q: 13.273
	avg_conservative_loss:  0.001, conservative_weight:  0.000
	avg_smooth_loss:  1.856

2023-02-23 20:05:47 - 
[#Step 680000] eval_reward: 49.563, eval_time: 3.845, time: 67.909
	critic_loss: 0.803, max_critic_loss: 13.221, min_critic_loss: 0.000
	actor_loss: -87.938, max_actor_loss: -3.581, min_actor_loss: -110.696
	value_loss: 0.104, max_value_loss: 3.880, min_value_loss: 0.000
	weight: 0.477, max_weight: 0.700, min_weight: 0.300
	v: 85.953, max_v: 103.666, min_v: 3.085
	q1: 86.220, max_q1: 104.289, min_q1: 4.055
	q2: 85.792, max_q2: 103.351, min_q2: 2.720
	target_q: 85.913, max_target_q: 103.601, min_target_q: 3.447
	avg_conservative_loss: -0.002, conservative_weight:  0.000
	avg_smooth_loss:  1.803

2023-02-23 20:06:45 - 
[#Step 690000] eval_reward: 52.706, eval_time: 3.917, time: 68.881
	critic_loss: 0.742, max_critic_loss: 10.294, min_critic_loss: 0.003
	actor_loss: -88.201, max_actor_loss: -0.225, min_actor_loss: -113.223
	value_loss: 0.134, max_value_loss: 15.393, min_value_loss: 0.000
	weight: 0.402, max_weight: 0.700, min_weight: 0.300
	v: 86.416, max_v: 104.249, min_v: 3.480
	q1: 86.609, max_q1: 104.543, min_q1: 3.297
	q2: 86.189, max_q2: 104.157, min_q2: 1.935
	target_q: 86.360, max_target_q: 104.496, min_target_q: 3.069
	avg_conservative_loss:  0.003, conservative_weight:  0.000
	avg_smooth_loss:  1.675

2023-02-23 20:07:43 - 
[#Step 700000] eval_reward: 49.613, eval_time: 3.802, time: 69.849
	critic_loss: 0.592, max_critic_loss: 8.976, min_critic_loss: 0.001
	actor_loss: -87.086, max_actor_loss: 0.276, min_actor_loss: -109.425
	value_loss: 0.082, max_value_loss: 4.022, min_value_loss: 0.000
	weight: 0.427, max_weight: 0.700, min_weight: 0.300
	v: 85.271, max_v: 103.806, min_v: 0.641
	q1: 85.049, max_q1: 103.265, min_q1: 0.636
	q2: 85.203, max_q2: 103.848, min_q2: -0.211
	target_q: 85.332, max_target_q: 103.980, min_target_q: 1.136
	avg_conservative_loss: -0.000, conservative_weight:  0.000
	avg_smooth_loss:  1.635

2023-02-23 20:08:41 - 
[#Step 710000] eval_reward: 48.532, eval_time: 3.688, time: 70.815
	critic_loss: 1.011, max_critic_loss: 11.890, min_critic_loss: 0.001
	actor_loss: -88.501, max_actor_loss: 0.492, min_actor_loss: -111.056
	value_loss: 0.077, max_value_loss: 1.376, min_value_loss: 0.000
	weight: 0.462, max_weight: 0.700, min_weight: 0.300
	v: 86.432, max_v: 104.390, min_v: 3.652
	q1: 86.754, max_q1: 104.709, min_q1: 6.062
	q2: 86.377, max_q2: 104.692, min_q2: 3.098
	target_q: 86.374, max_target_q: 104.379, min_target_q: 3.498
	avg_conservative_loss: -0.004, conservative_weight:  0.000
	avg_smooth_loss:  1.990

2023-02-23 20:09:39 - 
[#Step 720000] eval_reward: 48.444, eval_time: 3.668, time: 71.785
	critic_loss: 1.377, max_critic_loss: 34.678, min_critic_loss: 0.015
	actor_loss: -85.067, max_actor_loss: -4.215, min_actor_loss: -111.192
	value_loss: 0.200, max_value_loss: 19.357, min_value_loss: 0.000
	weight: 0.403, max_weight: 0.700, min_weight: 0.300
	v: 83.242, max_v: 104.248, min_v: 2.902
	q1: 82.588, max_q1: 103.671, min_q1: 1.789
	q2: 83.573, max_q2: 104.676, min_q2: 3.541
	target_q: 83.175, max_target_q: 104.261, min_target_q: 2.156
	avg_conservative_loss:  0.003, conservative_weight:  0.000
	avg_smooth_loss:  2.310

2023-02-23 20:10:38 - 
[#Step 730000] eval_reward: 51.963, eval_time: 3.811, time: 72.758
	critic_loss: 0.948, max_critic_loss: 25.834, min_critic_loss: 0.001
	actor_loss: -90.085, max_actor_loss: -2.478, min_actor_loss: -108.970
	value_loss: 0.133, max_value_loss: 10.371, min_value_loss: 0.000
	weight: 0.428, max_weight: 0.700, min_weight: 0.300
	v: 87.879, max_v: 103.490, min_v: 4.321
	q1: 87.606, max_q1: 103.127, min_q1: 4.159
	q2: 88.020, max_q2: 104.014, min_q2: 5.329
	target_q: 87.743, max_target_q: 104.030, min_target_q: 4.680
	avg_conservative_loss:  0.001, conservative_weight:  0.000
	avg_smooth_loss:  2.019

2023-02-23 20:11:36 - 
[#Step 740000] eval_reward: 52.817, eval_time: 3.886, time: 73.730
	critic_loss: 0.630, max_critic_loss: 26.794, min_critic_loss: 0.000
	actor_loss: -86.372, max_actor_loss: 1.840, min_actor_loss: -112.663
	value_loss: 0.084, max_value_loss: 3.411, min_value_loss: 0.000
	weight: 0.438, max_weight: 0.700, min_weight: 0.300
	v: 84.416, max_v: 104.086, min_v: 0.792
	q1: 84.378, max_q1: 104.225, min_q1: 1.324
	q2: 84.542, max_q2: 104.460, min_q2: 0.953
	target_q: 84.338, max_target_q: 103.999, min_target_q: 1.330
	avg_conservative_loss: -0.000, conservative_weight:  0.000
	avg_smooth_loss:  1.714

2023-02-23 20:12:34 - 
[#Step 750000] eval_reward: 55.834, eval_time: 4.103, time: 74.707
	critic_loss: 0.657, max_critic_loss: 48.017, min_critic_loss: 0.000
	actor_loss: -87.180, max_actor_loss: -3.672, min_actor_loss: -109.778
	value_loss: 0.120, max_value_loss: 8.076, min_value_loss: 0.000
	weight: 0.414, max_weight: 0.700, min_weight: 0.300
	v: 85.268, max_v: 102.719, min_v: 5.783
	q1: 85.116, max_q1: 103.185, min_q1: 6.145
	q2: 85.106, max_q2: 103.183, min_q2: 6.119
	target_q: 85.221, max_target_q: 102.861, min_target_q: 5.951
	avg_conservative_loss: -0.003, conservative_weight:  0.000
	avg_smooth_loss:  1.914

2023-02-23 20:13:33 - 
[#Step 760000] eval_reward: 55.453, eval_time: 4.119, time: 75.680
	critic_loss: 1.148, max_critic_loss: 14.430, min_critic_loss: 0.003
	actor_loss: -91.515, max_actor_loss: -3.507, min_actor_loss: -112.228
	value_loss: 0.081, max_value_loss: 3.517, min_value_loss: 0.000
	weight: 0.458, max_weight: 0.700, min_weight: 0.300
	v: 89.493, max_v: 104.279, min_v: 3.762
	q1: 89.063, max_q1: 103.526, min_q1: 3.144
	q2: 89.901, max_q2: 104.502, min_q2: 4.388
	target_q: 89.474, max_target_q: 104.179, min_target_q: 3.747
	avg_conservative_loss: -0.005, conservative_weight:  0.000
	avg_smooth_loss:  1.800

2023-02-23 20:14:31 - 
[#Step 770000] eval_reward: 49.568, eval_time: 3.628, time: 76.647
	critic_loss: 0.507, max_critic_loss: 8.507, min_critic_loss: 0.001
	actor_loss: -89.348, max_actor_loss: -0.100, min_actor_loss: -109.843
	value_loss: 0.078, max_value_loss: 2.477, min_value_loss: 0.000
	weight: 0.531, max_weight: 0.700, min_weight: 0.300
	v: 86.974, max_v: 103.494, min_v: 2.391
	q1: 87.138, max_q1: 103.469, min_q1: 1.950
	q2: 87.090, max_q2: 103.455, min_q2: 2.165
	target_q: 87.051, max_target_q: 103.382, min_target_q: 1.325
	avg_conservative_loss: -0.007, conservative_weight:  0.000
	avg_smooth_loss:  1.821

2023-02-23 20:15:29 - 
[#Step 780000] eval_reward: 51.070, eval_time: 3.670, time: 77.614
	critic_loss: 1.113, max_critic_loss: 112.351, min_critic_loss: 0.003
	actor_loss: -89.607, max_actor_loss: 1.008, min_actor_loss: -112.303
	value_loss: 0.055, max_value_loss: 1.345, min_value_loss: 0.000
	weight: 0.425, max_weight: 0.700, min_weight: 0.300
	v: 87.434, max_v: 104.197, min_v: 1.224
	q1: 87.420, max_q1: 104.128, min_q1: 0.546
	q2: 87.451, max_q2: 103.996, min_q2: 1.497
	target_q: 87.501, max_target_q: 104.458, min_target_q: 1.305
	avg_conservative_loss:  0.001, conservative_weight:  0.000
	avg_smooth_loss:  1.657

2023-02-23 20:16:27 - 
[#Step 790000] eval_reward: 50.994, eval_time: 3.675, time: 78.582
	critic_loss: 0.710, max_critic_loss: 33.183, min_critic_loss: 0.001
	actor_loss: -87.241, max_actor_loss: -4.583, min_actor_loss: -111.079
	value_loss: 0.082, max_value_loss: 3.221, min_value_loss: 0.000
	weight: 0.481, max_weight: 0.700, min_weight: 0.300
	v: 85.168, max_v: 103.599, min_v: 5.963
	q1: 84.941, max_q1: 104.004, min_q1: 6.021
	q2: 85.202, max_q2: 103.495, min_q2: 6.065
	target_q: 85.101, max_target_q: 104.165, min_target_q: 5.843
	avg_conservative_loss: -0.002, conservative_weight:  0.000
	avg_smooth_loss:  1.760

2023-02-23 20:17:25 - 
[#Step 800000] eval_reward: 56.225, eval_time: 4.130, time: 79.557
	critic_loss: 0.900, max_critic_loss: 21.060, min_critic_loss: 0.001
	actor_loss: -88.298, max_actor_loss: -0.965, min_actor_loss: -109.907
	value_loss: 0.122, max_value_loss: 6.153, min_value_loss: 0.000
	weight: 0.414, max_weight: 0.700, min_weight: 0.300
	v: 86.331, max_v: 103.643, min_v: 1.545
	q1: 86.084, max_q1: 104.591, min_q1: 0.791
	q2: 86.325, max_q2: 103.728, min_q2: 0.612
	target_q: 86.272, max_target_q: 103.828, min_target_q: 1.458
	avg_conservative_loss: -0.002, conservative_weight:  0.000
	avg_smooth_loss:  1.841

2023-02-23 20:18:24 - 
[#Step 810000] eval_reward: 49.773, eval_time: 3.720, time: 80.524
	critic_loss: 0.803, max_critic_loss: 38.198, min_critic_loss: 0.000
	actor_loss: -87.845, max_actor_loss: 0.317, min_actor_loss: -110.772
	value_loss: 0.062, max_value_loss: 2.195, min_value_loss: 0.000
	weight: 0.495, max_weight: 0.700, min_weight: 0.300
	v: 85.783, max_v: 103.028, min_v: 1.445
	q1: 85.778, max_q1: 103.257, min_q1: 1.188
	q2: 85.956, max_q2: 103.203, min_q2: 1.473
	target_q: 85.918, max_target_q: 103.915, min_target_q: 1.418
	avg_conservative_loss:  0.000, conservative_weight:  0.000
	avg_smooth_loss:  2.178

2023-02-23 20:19:22 - 
[#Step 820000] eval_reward: 52.896, eval_time: 3.854, time: 81.492
	critic_loss: 0.917, max_critic_loss: 27.295, min_critic_loss: 0.004
	actor_loss: -87.924, max_actor_loss: -0.776, min_actor_loss: -110.701
	value_loss: 0.147, max_value_loss: 6.745, min_value_loss: 0.000
	weight: 0.459, max_weight: 0.700, min_weight: 0.300
	v: 85.891, max_v: 104.090, min_v: 1.502
	q1: 85.779, max_q1: 104.181, min_q1: 2.023
	q2: 85.854, max_q2: 103.895, min_q2: 1.410
	target_q: 85.970, max_target_q: 104.346, min_target_q: 2.158
	avg_conservative_loss: -0.005, conservative_weight:  0.000
	avg_smooth_loss:  1.874

2023-02-23 20:20:20 - 
[#Step 830000] eval_reward: 53.057, eval_time: 3.900, time: 82.458
	critic_loss: 0.740, max_critic_loss: 13.416, min_critic_loss: 0.001
	actor_loss: -88.185, max_actor_loss: -5.430, min_actor_loss: -109.038
	value_loss: 0.136, max_value_loss: 4.840, min_value_loss: 0.000
	weight: 0.631, max_weight: 0.700, min_weight: 0.300
	v: 85.764, max_v: 103.671, min_v: 4.768
	q1: 86.056, max_q1: 103.665, min_q1: 5.304
	q2: 86.069, max_q2: 103.681, min_q2: 5.177
	target_q: 86.119, max_target_q: 103.971, min_target_q: 5.333
	avg_conservative_loss: -0.001, conservative_weight:  0.000
	avg_smooth_loss:  1.776

2023-02-23 20:21:18 - 
[#Step 840000] eval_reward: 50.125, eval_time: 3.670, time: 83.427
	critic_loss: 0.931, max_critic_loss: 33.865, min_critic_loss: 0.002
	actor_loss: -88.422, max_actor_loss: -0.690, min_actor_loss: -108.686
	value_loss: 0.056, max_value_loss: 1.409, min_value_loss: 0.000
	weight: 0.430, max_weight: 0.700, min_weight: 0.300
	v: 86.375, max_v: 103.722, min_v: 2.244
	q1: 86.124, max_q1: 103.276, min_q1: 1.786
	q2: 86.609, max_q2: 104.105, min_q2: 3.528
	target_q: 86.348, max_target_q: 103.607, min_target_q: 1.694
	avg_conservative_loss:  0.007, conservative_weight:  0.000
	avg_smooth_loss:  1.927

2023-02-23 20:22:16 - 
[#Step 850000] eval_reward: 50.461, eval_time: 3.718, time: 84.393
	critic_loss: 1.319, max_critic_loss: 77.381, min_critic_loss: 0.001
	actor_loss: -89.101, max_actor_loss: 1.458, min_actor_loss: -111.807
	value_loss: 0.157, max_value_loss: 7.913, min_value_loss: 0.000
	weight: 0.416, max_weight: 0.700, min_weight: 0.300
	v: 86.984, max_v: 103.907, min_v: 2.113
	q1: 86.985, max_q1: 104.486, min_q1: 2.419
	q2: 86.915, max_q2: 103.640, min_q2: 0.818
	target_q: 87.109, max_target_q: 104.677, min_target_q: 1.364
	avg_conservative_loss:  0.003, conservative_weight:  0.000
	avg_smooth_loss:  2.142

2023-02-23 20:23:13 - 
[#Step 860000] eval_reward: 49.875, eval_time: 3.704, time: 85.356
	critic_loss: 0.731, max_critic_loss: 24.095, min_critic_loss: 0.001
	actor_loss: -90.134, max_actor_loss: -0.279, min_actor_loss: -112.505
	value_loss: 0.065, max_value_loss: 3.078, min_value_loss: 0.000
	weight: 0.416, max_weight: 0.700, min_weight: 0.300
	v: 87.911, max_v: 104.042, min_v: 1.177
	q1: 87.788, max_q1: 104.035, min_q1: 1.453
	q2: 88.017, max_q2: 103.822, min_q2: 1.381
	target_q: 87.885, max_target_q: 104.468, min_target_q: 1.373
	avg_conservative_loss: -0.001, conservative_weight:  0.000
	avg_smooth_loss:  1.617

2023-02-23 20:24:11 - 
[#Step 870000] eval_reward: 49.628, eval_time: 3.671, time: 86.324
	critic_loss: 0.836, max_critic_loss: 18.482, min_critic_loss: 0.002
	actor_loss: -88.767, max_actor_loss: -2.658, min_actor_loss: -109.884
	value_loss: 0.103, max_value_loss: 5.237, min_value_loss: 0.000
	weight: 0.409, max_weight: 0.700, min_weight: 0.300
	v: 86.895, max_v: 103.966, min_v: 3.167
	q1: 87.069, max_q1: 104.679, min_q1: 2.506
	q2: 86.673, max_q2: 104.084, min_q2: 2.678
	target_q: 86.705, max_target_q: 103.898, min_target_q: 2.487
	avg_conservative_loss: -0.004, conservative_weight:  0.000
	avg_smooth_loss:  1.870

2023-02-23 20:25:10 - 
[#Step 880000] eval_reward: 51.417, eval_time: 3.787, time: 87.295
	critic_loss: 0.902, max_critic_loss: 23.547, min_critic_loss: 0.000
	actor_loss: -88.084, max_actor_loss: -7.818, min_actor_loss: -111.221
	value_loss: 0.114, max_value_loss: 5.042, min_value_loss: 0.000
	weight: 0.398, max_weight: 0.700, min_weight: 0.300
	v: 85.949, max_v: 103.764, min_v: 9.292
	q1: 85.856, max_q1: 103.392, min_q1: 9.318
	q2: 85.771, max_q2: 103.917, min_q2: 8.537
	target_q: 85.808, max_target_q: 103.845, min_target_q: 9.062
	avg_conservative_loss: -0.007, conservative_weight:  0.000
	avg_smooth_loss:  2.143

2023-02-23 20:26:08 - 
[#Step 890000] eval_reward: 59.036, eval_time: 4.258, time: 88.274
	critic_loss: 1.075, max_critic_loss: 18.109, min_critic_loss: 0.000
	actor_loss: -85.880, max_actor_loss: 1.144, min_actor_loss: -110.815
	value_loss: 0.090, max_value_loss: 2.592, min_value_loss: 0.000
	weight: 0.431, max_weight: 0.700, min_weight: 0.300
	v: 83.821, max_v: 104.651, min_v: 0.285
	q1: 83.791, max_q1: 104.449, min_q1: -0.018
	q2: 83.607, max_q2: 103.873, min_q2: -0.082
	target_q: 83.925, max_target_q: 104.909, min_target_q: 1.451
	avg_conservative_loss:  0.001, conservative_weight:  0.000
	avg_smooth_loss:  1.789

2023-02-23 20:27:07 - 
[#Step 900000] eval_reward: 52.277, eval_time: 3.915, time: 89.243
	critic_loss: 1.049, max_critic_loss: 53.074, min_critic_loss: 0.002
	actor_loss: -89.118, max_actor_loss: -7.784, min_actor_loss: -110.953
	value_loss: 0.157, max_value_loss: 14.538, min_value_loss: 0.000
	weight: 0.425, max_weight: 0.700, min_weight: 0.300
	v: 87.486, max_v: 103.639, min_v: 8.385
	q1: 87.309, max_q1: 103.947, min_q1: 8.603
	q2: 87.320, max_q2: 103.479, min_q2: 9.267
	target_q: 87.438, max_target_q: 103.954, min_target_q: 8.455
	avg_conservative_loss: -0.006, conservative_weight:  0.000
	avg_smooth_loss:  1.672

2023-02-23 20:28:05 - 
[#Step 910000] eval_reward: 49.880, eval_time: 3.734, time: 90.213
	critic_loss: 0.686, max_critic_loss: 18.546, min_critic_loss: 0.001
	actor_loss: -89.889, max_actor_loss: -1.074, min_actor_loss: -113.824
	value_loss: 0.107, max_value_loss: 5.001, min_value_loss: 0.000
	weight: 0.403, max_weight: 0.700, min_weight: 0.300
	v: 87.660, max_v: 104.725, min_v: 2.484
	q1: 87.572, max_q1: 104.675, min_q1: 2.356
	q2: 87.718, max_q2: 104.560, min_q2: 2.372
	target_q: 87.558, max_target_q: 104.848, min_target_q: 2.549
	avg_conservative_loss: -0.001, conservative_weight:  0.000
	avg_smooth_loss:  1.751

2023-02-23 20:29:03 - 
[#Step 920000] eval_reward: 51.466, eval_time: 3.780, time: 91.177
	critic_loss: 0.935, max_critic_loss: 22.156, min_critic_loss: 0.001
	actor_loss: -85.864, max_actor_loss: -3.496, min_actor_loss: -109.383
	value_loss: 0.109, max_value_loss: 4.725, min_value_loss: 0.000
	weight: 0.392, max_weight: 0.700, min_weight: 0.300
	v: 83.917, max_v: 103.597, min_v: 4.900
	q1: 83.897, max_q1: 104.027, min_q1: 4.354
	q2: 83.833, max_q2: 102.953, min_q2: 4.926
	target_q: 83.690, max_target_q: 103.598, min_target_q: 4.766
	avg_conservative_loss: -0.001, conservative_weight:  0.000
	avg_smooth_loss:  1.966

2023-02-23 20:30:01 - 
[#Step 930000] eval_reward: 48.783, eval_time: 3.638, time: 92.143
	critic_loss: 1.252, max_critic_loss: 94.743, min_critic_loss: 0.002
	actor_loss: -88.512, max_actor_loss: -1.280, min_actor_loss: -110.835
	value_loss: 0.201, max_value_loss: 23.041, min_value_loss: 0.000
	weight: 0.497, max_weight: 0.700, min_weight: 0.300
	v: 86.094, max_v: 103.764, min_v: 2.184
	q1: 86.257, max_q1: 104.244, min_q1: 2.013
	q2: 86.217, max_q2: 103.996, min_q2: 3.076
	target_q: 85.917, max_target_q: 103.619, min_target_q: 0.083
	avg_conservative_loss: -0.000, conservative_weight:  0.000
	avg_smooth_loss:  2.039

2023-02-23 20:30:59 - 
[#Step 940000] eval_reward: 53.447, eval_time: 3.895, time: 93.111
	critic_loss: 0.788, max_critic_loss: 30.196, min_critic_loss: 0.001
	actor_loss: -88.150, max_actor_loss: -3.509, min_actor_loss: -113.098
	value_loss: 0.089, max_value_loss: 2.260, min_value_loss: 0.000
	weight: 0.488, max_weight: 0.700, min_weight: 0.300
	v: 85.948, max_v: 104.284, min_v: 4.732
	q1: 86.118, max_q1: 104.445, min_q1: 4.919
	q2: 86.051, max_q2: 104.638, min_q2: 4.534
	target_q: 85.885, max_target_q: 104.246, min_target_q: 4.493
	avg_conservative_loss:  0.000, conservative_weight:  0.000
	avg_smooth_loss:  1.676

2023-02-23 20:31:57 - 
[#Step 950000] eval_reward: 55.502, eval_time: 4.086, time: 94.084
	critic_loss: 0.701, max_critic_loss: 12.211, min_critic_loss: 0.001
	actor_loss: -89.494, max_actor_loss: -5.225, min_actor_loss: -111.365
	value_loss: 0.096, max_value_loss: 3.266, min_value_loss: 0.000
	weight: 0.494, max_weight: 0.700, min_weight: 0.300
	v: 87.291, max_v: 104.180, min_v: 7.120
	q1: 87.415, max_q1: 105.110, min_q1: 7.549
	q2: 87.408, max_q2: 104.031, min_q2: 7.188
	target_q: 87.339, max_target_q: 104.377, min_target_q: 7.095
	avg_conservative_loss: -0.001, conservative_weight:  0.000
	avg_smooth_loss:  1.789

2023-02-23 20:32:28 - 
[#Step 955000] eval_reward: 54.596, eval_time: 4.035, time: 94.603
	critic_loss: 0.775, max_critic_loss: 13.603, min_critic_loss: 0.003
	actor_loss: -90.466, max_actor_loss: -2.000, min_actor_loss: -108.796
	value_loss: 0.069, max_value_loss: 5.479, min_value_loss: 0.000
	weight: 0.455, max_weight: 0.700, min_weight: 0.300
	v: 88.229, max_v: 104.252, min_v: 2.865
	q1: 88.273, max_q1: 104.457, min_q1: 2.506
	q2: 88.260, max_q2: 103.404, min_q2: 2.530
	target_q: 88.370, max_target_q: 104.624, min_target_q: 3.217
	avg_conservative_loss:  0.001, conservative_weight:  0.000
	avg_smooth_loss:  1.619

2023-02-23 20:32:59 - 
[#Step 960000] eval_reward: 56.419, eval_time: 4.027, time: 95.122
	critic_loss: 0.917, max_critic_loss: 19.235, min_critic_loss: 0.000
	actor_loss: -87.539, max_actor_loss: -1.964, min_actor_loss: -111.692
	value_loss: 0.087, max_value_loss: 2.759, min_value_loss: 0.000
	weight: 0.539, max_weight: 0.700, min_weight: 0.300
	v: 85.180, max_v: 104.139, min_v: 3.039
	q1: 85.495, max_q1: 104.070, min_q1: 3.873
	q2: 85.233, max_q2: 104.225, min_q2: 4.268
	target_q: 85.371, max_target_q: 104.282, min_target_q: 3.468
	avg_conservative_loss:  0.003, conservative_weight:  0.000
	avg_smooth_loss:  1.981

2023-02-23 20:33:31 - 
[#Step 965000] eval_reward: 52.348, eval_time: 4.090, time: 95.642
	critic_loss: 0.650, max_critic_loss: 13.205, min_critic_loss: 0.002
	actor_loss: -89.740, max_actor_loss: -0.862, min_actor_loss: -112.583
	value_loss: 0.070, max_value_loss: 3.572, min_value_loss: 0.000
	weight: 0.459, max_weight: 0.700, min_weight: 0.300
	v: 87.676, max_v: 103.665, min_v: 1.971
	q1: 87.560, max_q1: 103.943, min_q1: 2.322
	q2: 87.720, max_q2: 104.192, min_q2: 2.274
	target_q: 87.690, max_target_q: 103.440, min_target_q: 2.187
	avg_conservative_loss: -0.004, conservative_weight:  0.000
	avg_smooth_loss:  1.930

2023-02-23 20:34:02 - 
[#Step 970000] eval_reward: 58.019, eval_time: 4.443, time: 96.169
	critic_loss: 0.681, max_critic_loss: 9.044, min_critic_loss: 0.001
	actor_loss: -88.515, max_actor_loss: 1.876, min_actor_loss: -112.094
	value_loss: 0.085, max_value_loss: 7.620, min_value_loss: 0.000
	weight: 0.491, max_weight: 0.700, min_weight: 0.300
	v: 86.230, max_v: 104.794, min_v: 0.271
	q1: 86.343, max_q1: 104.540, min_q1: 0.780
	q2: 86.335, max_q2: 104.836, min_q2: 0.640
	target_q: 86.283, max_target_q: 104.857, min_target_q: 1.267
	avg_conservative_loss:  0.002, conservative_weight:  0.000
	avg_smooth_loss:  2.133

2023-02-23 20:34:33 - 
[#Step 975000] eval_reward: 54.294, eval_time: 4.185, time: 96.690
	critic_loss: 0.840, max_critic_loss: 16.478, min_critic_loss: 0.001
	actor_loss: -89.358, max_actor_loss: -1.445, min_actor_loss: -112.148
	value_loss: 0.076, max_value_loss: 1.625, min_value_loss: 0.000
	weight: 0.456, max_weight: 0.700, min_weight: 0.300
	v: 87.531, max_v: 103.979, min_v: 2.412
	q1: 87.603, max_q1: 104.260, min_q1: 1.992
	q2: 87.632, max_q2: 103.625, min_q2: 3.558
	target_q: 87.561, max_target_q: 104.398, min_target_q: 2.620
	avg_conservative_loss: -0.000, conservative_weight:  0.000
	avg_smooth_loss:  2.160

2023-02-23 20:35:01 - Saving checkpoint at step: 196
2023-02-23 20:35:01 - Saved checkpoint at saved_models/hopper-medium-v2/COMFO7_s0_20230223_185752/actor_196
2023-02-23 20:35:01 - Saving checkpoint at step: 196
2023-02-23 20:35:01 - Saved checkpoint at saved_models/hopper-medium-v2/COMFO7_s0_20230223_185752/critic_196
2023-02-23 20:35:01 - Saving checkpoint at step: 196
2023-02-23 20:35:01 - Saved checkpoint at saved_models/hopper-medium-v2/COMFO7_s0_20230223_185752/value_196
2023-02-23 20:35:05 - 
[#Step 980000] eval_reward: 52.721, eval_time: 3.868, time: 97.210
	critic_loss: 0.756, max_critic_loss: 10.869, min_critic_loss: 0.002
	actor_loss: -84.340, max_actor_loss: -0.702, min_actor_loss: -111.680
	value_loss: 0.076, max_value_loss: 2.614, min_value_loss: 0.000
	weight: 0.430, max_weight: 0.700, min_weight: 0.300
	v: 82.511, max_v: 102.727, min_v: 2.490
	q1: 82.541, max_q1: 103.191, min_q1: 1.205
	q2: 82.418, max_q2: 102.474, min_q2: 3.571
	target_q: 82.459, max_target_q: 102.904, min_target_q: 2.394
	avg_conservative_loss: -0.000, conservative_weight:  0.000
	avg_smooth_loss:  1.738

2023-02-23 20:35:32 - Saving checkpoint at step: 197
2023-02-23 20:35:32 - Saved checkpoint at saved_models/hopper-medium-v2/COMFO7_s0_20230223_185752/actor_197
2023-02-23 20:35:32 - Saving checkpoint at step: 197
2023-02-23 20:35:32 - Saved checkpoint at saved_models/hopper-medium-v2/COMFO7_s0_20230223_185752/critic_197
2023-02-23 20:35:32 - Saving checkpoint at step: 197
2023-02-23 20:35:32 - Saved checkpoint at saved_models/hopper-medium-v2/COMFO7_s0_20230223_185752/value_197
2023-02-23 20:35:36 - 
[#Step 985000] eval_reward: 56.817, eval_time: 4.125, time: 97.731
	critic_loss: 0.970, max_critic_loss: 16.437, min_critic_loss: 0.002
	actor_loss: -85.376, max_actor_loss: 1.223, min_actor_loss: -111.251
	value_loss: 0.113, max_value_loss: 4.492, min_value_loss: 0.000
	weight: 0.412, max_weight: 0.700, min_weight: 0.300
	v: 83.647, max_v: 104.031, min_v: 1.086
	q1: 83.637, max_q1: 104.037, min_q1: 2.232
	q2: 83.347, max_q2: 104.074, min_q2: -0.168
	target_q: 83.579, max_target_q: 104.572, min_target_q: 1.356
	avg_conservative_loss: -0.001, conservative_weight:  0.000
	avg_smooth_loss:  1.821

2023-02-23 20:36:03 - Saving checkpoint at step: 198
2023-02-23 20:36:03 - Saved checkpoint at saved_models/hopper-medium-v2/COMFO7_s0_20230223_185752/actor_198
2023-02-23 20:36:03 - Saving checkpoint at step: 198
2023-02-23 20:36:03 - Saved checkpoint at saved_models/hopper-medium-v2/COMFO7_s0_20230223_185752/critic_198
2023-02-23 20:36:03 - Saving checkpoint at step: 198
2023-02-23 20:36:03 - Saved checkpoint at saved_models/hopper-medium-v2/COMFO7_s0_20230223_185752/value_198
2023-02-23 20:36:07 - 
[#Step 990000] eval_reward: 54.651, eval_time: 4.266, time: 98.257
	critic_loss: 0.903, max_critic_loss: 27.498, min_critic_loss: 0.003
	actor_loss: -87.680, max_actor_loss: -3.664, min_actor_loss: -109.610
	value_loss: 0.152, max_value_loss: 24.035, min_value_loss: 0.000
	weight: 0.422, max_weight: 0.700, min_weight: 0.300
	v: 85.934, max_v: 103.737, min_v: 4.892
	q1: 85.901, max_q1: 103.772, min_q1: 4.390
	q2: 85.465, max_q2: 103.136, min_q2: 5.152
	target_q: 85.998, max_target_q: 103.845, min_target_q: 4.863
	avg_conservative_loss: -0.001, conservative_weight:  0.000
	avg_smooth_loss:  1.759

2023-02-23 20:36:35 - Saving checkpoint at step: 199
2023-02-23 20:36:35 - Saved checkpoint at saved_models/hopper-medium-v2/COMFO7_s0_20230223_185752/actor_199
2023-02-23 20:36:35 - Saving checkpoint at step: 199
2023-02-23 20:36:35 - Saved checkpoint at saved_models/hopper-medium-v2/COMFO7_s0_20230223_185752/critic_199
2023-02-23 20:36:35 - Saving checkpoint at step: 199
2023-02-23 20:36:35 - Saved checkpoint at saved_models/hopper-medium-v2/COMFO7_s0_20230223_185752/value_199
2023-02-23 20:36:39 - 
[#Step 995000] eval_reward: 54.530, eval_time: 4.123, time: 98.779
	critic_loss: 0.788, max_critic_loss: 35.346, min_critic_loss: 0.002
	actor_loss: -88.928, max_actor_loss: -1.705, min_actor_loss: -109.105
	value_loss: 0.070, max_value_loss: 1.754, min_value_loss: 0.000
	weight: 0.367, max_weight: 0.700, min_weight: 0.300
	v: 86.819, max_v: 104.216, min_v: 3.106
	q1: 86.718, max_q1: 103.774, min_q1: 2.861
	q2: 86.699, max_q2: 103.875, min_q2: 3.558
	target_q: 86.699, max_target_q: 104.239, min_target_q: 1.408
	avg_conservative_loss:  0.001, conservative_weight:  0.000
	avg_smooth_loss:  1.731

2023-02-23 20:37:06 - Saving checkpoint at step: 200
2023-02-23 20:37:06 - Saved checkpoint at saved_models/hopper-medium-v2/COMFO7_s0_20230223_185752/actor_200
2023-02-23 20:37:06 - Saving checkpoint at step: 200
2023-02-23 20:37:06 - Saved checkpoint at saved_models/hopper-medium-v2/COMFO7_s0_20230223_185752/critic_200
2023-02-23 20:37:06 - Saving checkpoint at step: 200
2023-02-23 20:37:06 - Saved checkpoint at saved_models/hopper-medium-v2/COMFO7_s0_20230223_185752/value_200
2023-02-23 20:37:10 - 
[#Step 1000000] eval_reward: 49.216, eval_time: 3.766, time: 99.297
	critic_loss: 0.776, max_critic_loss: 10.824, min_critic_loss: 0.000
	actor_loss: -89.300, max_actor_loss: -4.769, min_actor_loss: -112.914
	value_loss: 0.109, max_value_loss: 5.251, min_value_loss: 0.000
	weight: 0.434, max_weight: 0.700, min_weight: 0.300
	v: 87.022, max_v: 104.190, min_v: 6.172
	q1: 87.036, max_q1: 105.498, min_q1: 5.282
	q2: 87.109, max_q2: 103.589, min_q2: 5.699
	target_q: 86.903, max_target_q: 104.047, min_target_q: 6.273
	avg_conservative_loss: -0.000, conservative_weight:  0.000
	avg_smooth_loss:  2.174

2023-02-23 20:37:10 - 
Avg eval reward = 54.36

